PRT1
209
368
4 0 2 (2048 4096 -152 ) (2048 4096 -128 ) (2048 4112 -128 ) (2048 4112 -152 ) 
4 0 1 (3040 4096 -128 ) (2048 4096 -128 ) (2048 4096 -152 ) (3040 4096 -152 ) 
4 1 8 (3040 3072 -128 ) (2048 3072 -128 ) (2048 3072 -152 ) (3040 3072 -152 ) 
4 1 5 (2048 3072 -152 ) (2048 3072 -128 ) (2048 4096 -128 ) (2048 4096 -152 ) 
4 2 5 (2048 4096 -152 ) (2048 4096 -128 ) (1504 4096 -128 ) (1504 4096 -152 ) 
4 2 3 (1504 4112 -152 ) (1504 4096 -152 ) (1504 4096 -128 ) (1504 4112 -128 ) 
4 3 6 (1504 4096 -128 ) (1024 4096 -128 ) (1024 4096 -152 ) (1504 4096 -152 ) 
4 3 4 (1024 4096 -152 ) (1024 4096 -128 ) (1024 4112 -128 ) (1024 4112 -152 ) 
4 4 135 (0 4096 -152 ) (0 4096 -128 ) (0 4112 -128 ) (0 4112 -152 ) 
4 4 7 (0 4096 -128 ) (0 4096 -152 ) (1024 4096 -152 ) (1024 4096 -128 ) 
4 5 9 (2048 3072 -152 ) (2048 3072 -128 ) (1504 3072 -128 ) (1504 3072 -152 ) 
4 5 6 (1504 4096 -152 ) (1504 3072 -152 ) (1504 3072 -128 ) (1504 4096 -128 ) 
4 6 18 (1504 3072 -128 ) (1024 3072 -128 ) (1024 3072 -152 ) (1504 3072 -152 ) 
4 6 7 (1024 4096 -128 ) (1024 4096 -152 ) (1024 3072 -152 ) (1024 3072 -128 ) 
4 7 137 (0 3072 -152 ) (0 3072 -128 ) (0 4096 -128 ) (0 4096 -152 ) 
4 7 27 (544 3072 -128 ) (0 3072 -128 ) (0 3072 -152 ) (544 3072 -152 ) 
4 7 26 (1024 3072 -152 ) (1024 3072 -128 ) (544 3072 -128 ) (544 3072 -152 ) 
4 8 47 (2128 2048 -128 ) (2048 2048 -128 ) (2048 2048 -152 ) (2128 2048 -152 ) 
4 8 45 (2176 2048 -128 ) (2128 2048 -128 ) (2128 2048 -152 ) (2176 2048 -152 ) 
4 8 44 (2184 2048 -128 ) (2176 2048 -128 ) (2176 2048 -152 ) (2184 2048 -152 ) 
4 8 43 (2232 2048 -128 ) (2184 2048 -128 ) (2184 2048 -152 ) (2232 2048 -152 ) 
4 8 42 (3040 2048 -128 ) (2232 2048 -128 ) (2232 2048 -152 ) (3040 2048 -152 ) 
4 8 17 (2048 2616 -152 ) (2048 2048 -152 ) (2048 2048 -128 ) (2048 2616 -128 ) 
4 8 12 (2048 2680 -152 ) (2048 2616 -152 ) (2048 2616 -128 ) (2048 2680 -128 ) 
4 8 10 (2048 2688 -152 ) (2048 2680 -152 ) (2048 2680 -128 ) (2048 2688 -128 ) 
4 8 9 (2048 3072 -128 ) (2048 3072 -152 ) (2048 2688 -152 ) (2048 2688 -128 ) 
4 9 18 (1504 2688 -152 ) (1504 2688 -128 ) (1504 3072 -128 ) (1504 3072 -152 ) 
4 9 14 (1504 2688 -128 ) (1504 2688 -152 ) (1848 2688 -152 ) (1848 2688 -128 ) 
4 9 13 (1848 2688 -152 ) (1904 2688 -152 ) (1904 2688 -128 ) (1848 2688 -128 ) 
4 9 10 (1912 2688 -152 ) (2048 2688 -152 ) (2048 2688 -128 ) (1912 2688 -128 ) 
4 9 11 (1904 2688 -152 ) (1912 2688 -152 ) (1912 2688 -128 ) (1904 2688 -128 ) 
4 10 12 (2048 2680 -152 ) (2048 2680 -128 ) (1912 2680 -128 ) (1912 2680 -152 ) 
4 10 11 (1912 2688 -128 ) (1912 2688 -152 ) (1912 2680 -152 ) (1912 2680 -128 ) 
4 11 13 (1904 2688 -128 ) (1904 2688 -160 ) (1904 2680 -160 ) (1904 2680 -128 ) 
4 12 17 (2048 2616 -152 ) (2048 2616 -128 ) (1912 2616 -128 ) (1912 2616 -152 ) 
4 13 14 (1848 2688 -128 ) (1848 2688 -152 ) (1848 2680 -152 ) (1848 2680 -128 ) 
4 14 18 (1504 2680 -152 ) (1504 2680 -128 ) (1504 2688 -128 ) (1504 2688 -152 ) 
4 14 16 (1504 2680 -128 ) (1504 2680 -152 ) (1848 2680 -152 ) (1848 2680 -128 ) 
4 15 19 (1856 2672 -160 ) (1904 2672 -160 ) (1904 2624 -160 ) (1856 2624 -160 ) 
4 16 18 (1504 2616 -152 ) (1504 2616 -128 ) (1504 2680 -128 ) (1504 2680 -152 ) 
4 16 17 (1504 2616 -128 ) (1504 2616 -152 ) (1848 2616 -152 ) (1848 2616 -128 ) 
4 17 61 (2048 2048 -152 ) (2048 2048 -128 ) (1504 2048 -128 ) (1504 2048 -152 ) 
4 17 18 (1504 2048 -152 ) (1504 2048 -128 ) (1504 2616 -128 ) (1504 2616 -152 ) 
4 18 26 (1024 2048 -152 ) (1024 2048 -128 ) (1024 3072 -128 ) (1024 3072 -152 ) 
4 19 20 (1856 2624 -176 ) (1856 2672 -176 ) (1904 2672 -176 ) (1904 2624 -176 ) 
4 20 28 (1024 2560 -176 ) (1024 2816 -176 ) (1024 2816 -323 ) (1024 2560 -323 ) 
4 20 21 (1024 2656 -323 ) (1024 2720 -323 ) (1960 2720 -323 ) (1960 2656 -323 ) 
4 21 30 (1024 2720 -330 ) (1024 2656 -330 ) (1024 2656 -323 ) (1024 2720 -323 ) 
4 21 25 (1024 2656 -330 ) (1024 2720 -330 ) (1240 2720 -330 ) (1240 2656 -330 ) 
4 21 24 (1240 2720 -330 ) (1720 2720 -330 ) (1720 2656 -330 ) (1240 2656 -330 ) 
4 21 22 (1720 2720 -330 ) (1960 2720 -330 ) (1960 2656 -330 ) (1720 2656 -330 ) 
4 22 24 (1720 2656 -330 ) (1720 2720 -330 ) (1720 2720 -336 ) (1720 2656 -336 ) 
4 22 23 (1960 2656 -336 ) (1720 2656 -336 ) (1720 2720 -336 ) (1960 2720 -336 ) 
4 23 24 (1720 2720 -336 ) (1720 2720 -360 ) (1720 2656 -360 ) (1720 2656 -336 ) 
4 24 25 (1240 2720 -330 ) (1240 2720 -360 ) (1240 2656 -360 ) (1240 2656 -330 ) 
4 25 37 (1024 2656 -330 ) (1024 2720 -330 ) (1024 2720 -360 ) (1024 2656 -360 ) 
4 26 27 (544 3072 -152 ) (544 2736 -152 ) (544 2736 -128 ) (544 3072 -128 ) 
4 27 139 (0 2736 -128 ) (0 3072 -128 ) (0 3072 -152 ) (0 2736 -152 ) 
4 28 31 (456 2560 -323 ) (392 2560 -323 ) (392 2656 -323 ) (456 2656 -323 ) 
4 28 30 (392 2720 -323 ) (1024 2720 -323 ) (1024 2656 -323 ) (392 2656 -323 ) 
4 28 29 (296 2560 -176 ) (296 2560 -323 ) (552 2560 -323 ) (552 2560 -176 ) 
4 29 73 (552 2048 -176 ) (520 2048 -176 ) (520 2048 -323 ) (552 2048 -323 ) 
4 29 77 (520 2048 -176 ) (296 2048 -176 ) (296 2048 -323 ) (520 2048 -323 ) 
4 29 32 (392 2560 -323 ) (456 2560 -323 ) (456 2048 -323 ) (392 2048 -323 ) 
4 30 39 (760 2656 -330 ) (456 2656 -330 ) (392 2720 -330 ) (760 2720 -330 ) 
3 30 38 (456 2656 -330 ) (392 2656 -330 ) (392 2720 -330 ) 
4 30 37 (1024 2720 -330 ) (1024 2656 -330 ) (760 2656 -330 ) (760 2720 -330 ) 
4 30 31 (392 2656 -323 ) (392 2656 -330 ) (456 2656 -330 ) (456 2656 -323 ) 
4 31 40 (456 2560 -330 ) (392 2560 -330 ) (392 2656 -330 ) (456 2656 -330 ) 
4 31 32 (456 2560 -323 ) (392 2560 -323 ) (392 2560 -330 ) (456 2560 -330 ) 
4 32 79 (456 2048 -323 ) (392 2048 -323 ) (392 2048 -330 ) (456 2048 -330 ) 
4 32 41 (456 2048 -330 ) (392 2048 -330 ) (392 2352 -330 ) (456 2352 -330 ) 
4 32 40 (392 2352 -330 ) (392 2560 -330 ) (456 2560 -330 ) (456 2352 -330 ) 
4 33 87 (272 2048 -176 ) (64 2048 -176 ) (64 2048 -304 ) (272 2048 -304 ) 
4 33 35 (64 2080 -304 ) (64 2048 -304 ) (64 2048 -192 ) (64 2080 -192 ) 
4 34 143 (0 2080 -176 ) (0 2144 -176 ) (0 2144 -304 ) (0 2080 -304 ) 
4 34 36 (0 2080 -304 ) (56 2080 -304 ) (56 2080 -176 ) (0 2080 -176 ) 
4 35 88 (56 2048 -192 ) (56 2048 -304 ) (64 2048 -304 ) (64 2048 -192 ) 
4 35 36 (56 2080 -192 ) (56 2080 -304 ) (56 2048 -304 ) (56 2048 -192 ) 
4 36 144 (0 2048 -304 ) (0 2048 -176 ) (0 2080 -176 ) (0 2080 -304 ) 
4 36 89 (56 2048 -176 ) (0 2048 -176 ) (0 2048 -304 ) (56 2048 -304 ) 
4 37 39 (760 2720 -330 ) (760 2720 -360 ) (760 2656 -360 ) (760 2656 -330 ) 
4 38 40 (392 2656 -330 ) (392 2656 -360 ) (456 2656 -360 ) (456 2656 -330 ) 
4 38 39 (455.998047 2656 -330 ) (455.998047 2656 -360 ) (392 2719.998047 -360 ) (392 2719.998047 -330 ) 
4 40 41 (392 2352 -330 ) (392 2352 -360 ) (456 2352 -360 ) (456 2352 -330 ) 
4 41 98 (456 2048 -330 ) (392 2048 -330 ) (392 2048 -360 ) (456 2048 -360 ) 
4 42 53 (3040 1024 -128 ) (2232 1024 -128 ) (2232 1024 -152 ) (3040 1024 -152 ) 
4 42 43 (2232 1024 -152 ) (2232 1024 -128 ) (2232 2048 -128 ) (2232 2048 -152 ) 
4 43 54 (2232 1024 -128 ) (2184 1024 -128 ) (2184 1024 -152 ) (2232 1024 -152 ) 
4 43 44 (2184 1048 -128 ) (2184 2048 -128 ) (2184 2048 -152 ) (2184 1048 -152 ) 
4 44 45 (2176 1048 -152 ) (2176 1048 -128 ) (2176 2048 -128 ) (2176 2048 -152 ) 
4 45 47 (2128 1048 -152 ) (2128 1048 -128 ) (2128 2048 -128 ) (2128 2048 -152 ) 
4 46 55 (2176 1024 -128 ) (2128 1024 -128 ) (2128 1024 -176 ) (2176 1024 -176 ) 
4 46 50 (2176 1024 -176 ) (2128 1024 -176 ) (2128 1040 -176 ) (2176 1040 -176 ) 
4 47 61 (2048 2048 -128 ) (2048 2048 -152 ) (2048 1048 -152 ) (2048 1048 -128 ) 
4 47 48 (2120 1048 -128 ) (2048 1048 -128 ) (2048 1048 -152 ) (2120 1048 -152 ) 
4 48 61 (2048 1024 -152 ) (2048 1024 -128 ) (2048 1048 -128 ) (2048 1048 -152 ) 
4 48 57 (2120 1024 -128 ) (2048 1024 -128 ) (2048 1024 -152 ) (2120 1024 -152 ) 
4 49 62 (2048 1088 -323 ) (2048 1088 -176 ) (2048 1184 -176 ) (2048 1184 -323 ) 
4 49 50 (2232 1088 -323 ) (2232 1088 -176 ) (2048 1088 -176 ) (2048 1088 -323 ) 
4 50 63 (2048 1088 -330 ) (2048 1024 -330 ) (2048 1024 -176 ) (2048 1088 -176 ) 
4 50 59 (2232 1024 -176 ) (2048 1024 -176 ) (2048 1024 -323 ) (2232 1024 -323 ) 
4 50 51 (2048 1024 -330 ) (2048 1088 -330 ) (2232 1088 -330 ) (2232 1024 -330 ) 
4 51 64 (2048 1024 -336 ) (2048 1024 -330 ) (2048 1088 -330 ) (2048 1088 -336 ) 
4 51 52 (2048 1088 -336 ) (2232 1088 -336 ) (2232 1024 -336 ) (2048 1024 -336 ) 
4 52 65 (2048 1024 -360 ) (2048 1024 -336 ) (2048 1088 -336 ) (2048 1088 -360 ) 
4 53 60 (3040 592 -152 ) (3040 592 -128 ) (2232 592 -128 ) (2232 592 -152 ) 
4 53 54 (2232 592 -152 ) (2232 592 -128 ) (2232 1024 -128 ) (2232 1024 -152 ) 
4 54 60 (2232 592 -128 ) (2184 592 -128 ) (2184 592 -152 ) (2232 592 -152 ) 
4 54 56 (2184 592 -152 ) (2184 592 -128 ) (2184 984 -128 ) (2184 984 -152 ) 
4 55 59 (2128 1024 -176 ) (2176 1024 -176 ) (2176 992 -176 ) (2128 992 -176 ) 
4 56 60 (2184 592 -128 ) (2128 592 -128 ) (2128 592 -152 ) (2184 592 -152 ) 
4 56 58 (2128 592 -152 ) (2128 592 -128 ) (2128 984 -128 ) (2128 984 -152 ) 
4 57 107 (2048 984 -128 ) (2048 1024 -128 ) (2048 1024 -152 ) (2048 984 -152 ) 
4 57 58 (2120 984 -152 ) (2120 984 -128 ) (2048 984 -128 ) (2048 984 -152 ) 
4 58 111 (2048 592 -152 ) (2048 592 -128 ) (2048 744 -128 ) (2048 744 -152 ) 
4 58 109 (2048 744 -128 ) (2048 800 -128 ) (2048 800 -152 ) (2048 744 -152 ) 
4 58 108 (2048 800 -128 ) (2048 808 -128 ) (2048 808 -152 ) (2048 800 -152 ) 
4 58 107 (2048 808 -128 ) (2048 984 -128 ) (2048 984 -152 ) (2048 808 -152 ) 
4 58 60 (2128 592 -128 ) (2048 592 -128 ) (2048 592 -152 ) (2128 592 -152 ) 
4 59 113 (2048 928 -323 ) (2048 928 -176 ) (2048 1024 -176 ) (2048 1024 -323 ) 
4 60 201 (2256 0 -128 ) (2048 0 -128 ) (2048 0 -152 ) (2256 0 -152 ) 
4 60 200 (3040 0 -152 ) (3040 0 -128 ) (2256 0 -128 ) (2256 0 -152 ) 
4 60 112 (2048 0 -152 ) (2048 0 -128 ) (2048 592 -128 ) (2048 592 -152 ) 
4 61 107 (2048 1024 -152 ) (2048 1024 -128 ) (1504 1024 -128 ) (1504 1024 -152 ) 
4 62 71 (1024 1088 -323 ) (1024 1088 -176 ) (1024 1184 -176 ) (1024 1184 -323 ) 
4 62 63 (2048 1088 -323 ) (2048 1088 -176 ) (1024 1088 -176 ) (1024 1088 -323 ) 
4 63 113 (2048 1024 -323 ) (2048 1024 -176 ) (1024 1024 -176 ) (1024 1024 -323 ) 
4 63 72 (1024 1088 -330 ) (1024 1024 -330 ) (1024 1024 -176 ) (1024 1088 -176 ) 
4 63 68 (1144 1024 -330 ) (1024 1024 -330 ) (1024 1088 -330 ) (1144 1088 -330 ) 
4 63 67 (1624 1024 -330 ) (1144 1024 -330 ) (1144 1088 -330 ) (1624 1088 -330 ) 
4 63 66 (1992 1024 -330 ) (1624 1024 -330 ) (1624 1088 -330 ) (1992 1088 -330 ) 
4 63 64 (2048 1024 -330 ) (1992 1024 -330 ) (1992 1088 -330 ) (2048 1088 -330 ) 
4 64 66 (1992 1088 -330 ) (1992 1088 -336 ) (1992 1024 -336 ) (1992 1024 -330 ) 
4 64 65 (1992 1024 -336 ) (1992 1088 -336 ) (2048 1088 -336 ) (2048 1024 -336 ) 
4 65 66 (1992 1088 -336 ) (1992 1088 -360 ) (1992 1024 -360 ) (1992 1024 -336 ) 
4 66 67 (1624 1088 -330 ) (1624 1088 -360 ) (1624 1024 -360 ) (1624 1024 -330 ) 
4 67 68 (1144 1088 -330 ) (1144 1088 -360 ) (1144 1024 -360 ) (1144 1024 -330 ) 
4 68 101 (1024 1024 -360 ) (1024 1024 -330 ) (1024 1088 -330 ) (1024 1088 -360 ) 
4 69 70 (560 1536 -304 ) (560 1480 -304 ) (560 1480 -192 ) (560 1536 -192 ) 
4 70 75 (552 1480 -304 ) (552 1480 -192 ) (552 1536 -192 ) (552 1536 -304 ) 
4 71 76 (552 1088 -323 ) (552 1088 -176 ) (552 1184 -176 ) (552 1184 -323 ) 
4 71 72 (552 1088 -176 ) (552 1088 -323 ) (1024 1088 -323 ) (1024 1088 -176 ) 
4 72 119 (680 1024 -176 ) (624 1024 -176 ) (624 1024 -323 ) (680 1024 -323 ) 
4 72 118 (1024 1024 -323 ) (1024 1024 -176 ) (680 1024 -176 ) (680 1024 -323 ) 
4 72 122 (624 1024 -176 ) (552 1024 -176 ) (552 1024 -323 ) (624 1024 -323 ) 
4 72 102 (664 1024 -330 ) (552 1024 -330 ) (552 1088 -330 ) (664 1088 -330 ) 
4 72 101 (1024 1088 -330 ) (1024 1024 -330 ) (664 1024 -330 ) (664 1088 -330 ) 
4 72 78 (552 1088 -330 ) (552 1024 -330 ) (552 1024 -323 ) (552 1088 -323 ) 
4 72 76 (552 1024 -323 ) (552 1024 -176 ) (552 1088 -176 ) (552 1088 -323 ) 
3 73 74 (520 1536 -185 ) (520 1536 -192 ) (529.096008 1536 -192 ) 
4 73 75 (520 1536 -192 ) (520 1536 -323 ) (552 1536 -323 ) (552 1536 -192 ) 
4 73 77 (520 2048 -323 ) (520 1536 -323 ) (520 1536 -176 ) (520 2048 -176 ) 
4 74 75 (529.096008 1480 -192 ) (520 1480 -192 ) (520 1536 -192 ) (529.096008 1536 -192 ) 
3 74 76 (520 1480 -185 ) (520 1480 -192 ) (529.096008 1480 -192 ) 
4 74 77 (520 1480 -192 ) (520 1480 -185 ) (520 1536 -185 ) (520 1536 -192 ) 
4 75 77 (520 1536 -323 ) (520 1480 -323 ) (520 1480 -192 ) (520 1536 -192 ) 
4 75 76 (520 1480 -192 ) (520 1480 -323 ) (552 1480 -323 ) (552 1480 -192 ) 
4 76 122 (552 1024 -176 ) (520 1024 -176 ) (520 1024 -323 ) (552 1024 -323 ) 
4 76 78 (552 1088 -323 ) (552 1024 -323 ) (520 1024 -323 ) (520 1088 -323 ) 
4 76 77 (520 1480 -323 ) (520 1024 -323 ) (520 1024 -176 ) (520 1480 -176 ) 
4 77 122 (520 1024 -176 ) (296 1024 -176 ) (296 1024 -323 ) (520 1024 -323 ) 
4 77 83 (296 1088 -176 ) (296 1184 -176 ) (296 1184 -323 ) (296 1088 -323 ) 
4 77 84 (296 1024 -323 ) (296 1024 -176 ) (296 1088 -176 ) (296 1088 -323 ) 
4 77 81 (296 1664 -192 ) (296 1664 -304 ) (296 1608 -304 ) (296 1608 -192 ) 
4 77 80 (296 1024 -323 ) (296 1088 -323 ) (392 1088 -323 ) (392 1024 -323 ) 
4 77 78 (520 1088 -323 ) (520 1024 -323 ) (456 1024 -323 ) (456 1088 -323 ) 
4 77 79 (392 2048 -323 ) (456 2048 -323 ) (456 1024 -323 ) (392 1024 -323 ) 
4 78 102 (552 1024 -330 ) (456 1024 -330 ) (456 1088 -330 ) (552 1088 -330 ) 
4 78 79 (456 1088 -330 ) (456 1024 -330 ) (456 1024 -323 ) (456 1088 -323 ) 
4 79 104 (456 1024 -330 ) (392 1024 -330 ) (392 1088 -330 ) (456 1088 -330 ) 
4 79 103 (392 1088 -330 ) (392 1184 -330 ) (456 1184 -330 ) (456 1088 -330 ) 
4 79 100 (392 1184 -330 ) (392 1392 -330 ) (456 1392 -330 ) (456 1184 -330 ) 
4 79 99 (392 1392 -330 ) (392 1872 -330 ) (456 1872 -330 ) (456 1392 -330 ) 
4 79 98 (392 1872 -330 ) (392 2048 -330 ) (456 2048 -330 ) (456 1872 -330 ) 
4 79 80 (392 1088 -330 ) (392 1024 -330 ) (392 1024 -323 ) (392 1088 -323 ) 
4 80 105 (392 1024 -330 ) (296 1024 -330 ) (296 1088 -330 ) (392 1088 -330 ) 
4 80 84 (296 1088 -330 ) (296 1024 -330 ) (296 1024 -323 ) (296 1088 -323 ) 
4 81 82 (288 1664 -304 ) (288 1608 -304 ) (288 1608 -192 ) (288 1664 -192 ) 
4 82 85 (280 1608 -304 ) (280 1608 -192 ) (280 1664 -192 ) (280 1664 -304 ) 
4 83 96 (280 1088 -323 ) (280 1088 -304 ) (280 1184 -304 ) (280 1184 -323 ) 
4 83 86 (280 1088 -304 ) (280 1088 -176 ) (280 1184 -176 ) (280 1184 -304 ) 
4 83 84 (280 1088 -176 ) (280 1088 -323 ) (296 1088 -323 ) (296 1088 -176 ) 
4 84 122 (296 1024 -176 ) (280 1024 -176 ) (280 1024 -323 ) (296 1024 -323 ) 
4 84 105 (296 1024 -330 ) (280 1024 -330 ) (280 1088 -330 ) (296 1088 -330 ) 
4 84 97 (280 1088 -330 ) (280 1024 -330 ) (280 1024 -304 ) (280 1088 -304 ) 
4 84 86 (280 1024 -304 ) (280 1024 -176 ) (280 1088 -176 ) (280 1088 -304 ) 
4 85 92 (272 1664 -304 ) (272 1608 -304 ) (272 1608 -192 ) (272 1664 -192 ) 
4 86 122 (280 1024 -176 ) (272 1024 -176 ) (272 1024 -304 ) (280 1024 -304 ) 
4 86 96 (280 1184 -304 ) (280 1088 -304 ) (272 1088 -304 ) (272 1184 -304 ) 
4 86 97 (280 1088 -304 ) (280 1024 -304 ) (272 1024 -304 ) (272 1088 -304 ) 
4 86 95 (272 1184 -304 ) (272 1024 -304 ) (272 1024 -176 ) (272 1184 -176 ) 
4 87 88 (64 2048 -304 ) (64 2024 -304 ) (64 2024 -192 ) (64 2048 -192 ) 
4 88 89 (56 2048 -304 ) (56 2024 -304 ) (56 2024 -192 ) (56 2048 -192 ) 
4 89 147 (0 2024 -176 ) (0 2048 -176 ) (0 2048 -304 ) (0 2024 -304 ) 
4 89 90 (0 2024 -304 ) (56 2024 -304 ) (56 2024 -176 ) (0 2024 -176 ) 
4 90 147 (0 2000 -176 ) (0 2024 -176 ) (0 2024 -304 ) (0 2000 -304 ) 
4 91 149 (0 1704 -176 ) (0 1992 -176 ) (0 1992 -304 ) (0 1704 -304 ) 
4 92 150 (0 1528 -176 ) (0 1696 -176 ) (0 1696 -304 ) (0 1528 -304 ) 
4 92 93 (72 1528 -304 ) (128 1528 -304 ) (128 1528 -192 ) (72 1528 -192 ) 
4 93 94 (72 1520 -304 ) (128 1520 -304 ) (128 1520 -192 ) (72 1520 -192 ) 
4 94 151 (0 1208 -176 ) (0 1520 -176 ) (0 1520 -304 ) (0 1208 -304 ) 
4 95 164 (0 1024 -304 ) (0 1024 -176 ) (0 1184 -176 ) (0 1184 -304 ) 
4 95 122 (272 1024 -176 ) (0 1024 -176 ) (0 1024 -304 ) (272 1024 -304 ) 
4 95 96 (0 1088 -304 ) (0 1184 -304 ) (272 1184 -304 ) (272 1088 -304 ) 
4 95 97 (0 1024 -304 ) (0 1088 -304 ) (272 1088 -304 ) (272 1024 -304 ) 
4 96 169 (0 1088 -304 ) (0 1184 -304 ) (0 1184 -323 ) (0 1088 -323 ) 
4 96 97 (280 1088 -323 ) (280 1088 -304 ) (0 1088 -304 ) (0 1088 -323 ) 
4 97 170 (0 1024 -330 ) (0 1024 -304 ) (0 1088 -304 ) (0 1088 -330 ) 
4 97 122 (0 1024 -304 ) (0 1024 -323 ) (280 1024 -323 ) (280 1024 -304 ) 
4 97 106 (184 1024 -330 ) (0 1024 -330 ) (0 1088 -330 ) (184 1088 -330 ) 
4 97 105 (280 1024 -330 ) (184 1024 -330 ) (184 1088 -330 ) (280 1088 -330 ) 
4 98 99 (392 1872 -330 ) (392 1872 -360 ) (456 1872 -360 ) (456 1872 -330 ) 
4 99 100 (392 1392 -330 ) (392 1392 -360 ) (456 1392 -360 ) (456 1392 -330 ) 
4 100 103 (456 1184 -330 ) (392 1184 -330 ) (392 1184 -360 ) (456 1184 -360 ) 
4 101 102 (664 1088 -330 ) (664 1088 -360 ) (664 1024 -360 ) (664 1024 -330 ) 
4 102 104 (456 1088 -360 ) (456 1024 -360 ) (456 1024 -330 ) (456 1088 -330 ) 
4 103 104 (392 1088 -330 ) (392 1088 -360 ) (456 1088 -360 ) (456 1088 -330 ) 
4 104 105 (392 1088 -360 ) (392 1024 -360 ) (392 1024 -330 ) (392 1088 -330 ) 
4 105 106 (184 1088 -330 ) (184 1088 -360 ) (184 1024 -360 ) (184 1024 -330 ) 
4 106 171 (0 1024 -360 ) (0 1024 -330 ) (0 1088 -330 ) (0 1088 -360 ) 
4 107 108 (1504 808 -152 ) (2048 808 -152 ) (2048 808 -128 ) (1504 808 -128 ) 
4 108 110 (1272 800 -152 ) (1504 800 -152 ) (1504 800 -128 ) (1272 800 -128 ) 
4 108 109 (1504 800 -152 ) (2048 800 -152 ) (2048 800 -128 ) (1504 800 -128 ) 
4 109 111 (1504 744 -152 ) (2048 744 -152 ) (2048 744 -128 ) (1504 744 -128 ) 
4 109 110 (1504 800 -128 ) (1504 800 -152 ) (1504 744 -152 ) (1504 744 -128 ) 
4 110 114 (1024 800 -152 ) (1024 744 -152 ) (1024 744 -128 ) (1024 800 -128 ) 
4 110 111 (1024 744 -152 ) (1504 744 -152 ) (1504 744 -128 ) (1024 744 -128 ) 
4 111 115 (1024 744 -152 ) (1024 592 -152 ) (1024 592 -128 ) (1024 744 -128 ) 
4 111 112 (1024 592 -152 ) (2048 592 -152 ) (2048 592 -128 ) (1024 592 -128 ) 
4 112 202 (2048 0 -152 ) (2048 0 -128 ) (1384 0 -128 ) (1384 0 -152 ) 
4 112 203 (1384 0 -128 ) (1024 0 -128 ) (1024 0 -152 ) (1384 0 -152 ) 
4 112 116 (1024 592 -152 ) (1024 0 -152 ) (1024 0 -128 ) (1024 592 -128 ) 
4 113 118 (1024 1024 -176 ) (1024 1024 -323 ) (1024 928 -323 ) (1024 928 -176 ) 
4 114 115 (736 744 -128 ) (736 744 -152 ) (1024 744 -152 ) (1024 744 -128 ) 
4 115 116 (736 592 -128 ) (736 592 -152 ) (1024 592 -152 ) (1024 592 -128 ) 
4 116 204 (1024 0 -152 ) (1024 0 -128 ) (736 0 -128 ) (736 0 -152 ) 
4 116 117 (736 0 -152 ) (736 0 -128 ) (736 592 -128 ) (736 592 -152 ) 
4 117 205 (736 0 -128 ) (0 0 -128 ) (0 0 -152 ) (736 0 -152 ) 
4 117 180 (0 0 -152 ) (0 0 -128 ) (0 208 -128 ) (0 208 -152 ) 
4 117 179 (0 208 -128 ) (0 224 -128 ) (0 224 -152 ) (0 208 -152 ) 
4 117 177 (0 224 -128 ) (0 320 -128 ) (0 320 -152 ) (0 224 -152 ) 
4 117 176 (0 320 -128 ) (0 520 -128 ) (0 520 -152 ) (0 320 -152 ) 
4 117 175 (0 520 -128 ) (0 592 -128 ) (0 592 -152 ) (0 520 -152 ) 
3 118 120 (680 960 -185 ) (680 960 -192 ) (680 950.903931 -192 ) 
4 118 121 (680 960 -323 ) (680 928 -323 ) (680 928 -192 ) (680 960 -192 ) 
4 118 119 (680 1024 -323 ) (680 960 -323 ) (680 960 -176 ) (680 1024 -176 ) 
4 119 120 (624 960 -185 ) (624 960 -192 ) (680 960 -192 ) (680 960 -185 ) 
4 119 121 (624 960 -192 ) (624 960 -323 ) (680 960 -323 ) (680 960 -192 ) 
4 119 122 (624 1024 -323 ) (624 960 -323 ) (624 960 -176 ) (624 1024 -176 ) 
4 120 121 (624 950.903931 -192 ) (624 960 -192 ) (680 960 -192 ) (680 950.903931 -192 ) 
3 120 122 (624 960 -185 ) (624 960 -192 ) (624 950.903931 -192 ) 
4 121 123 (624 928 -192 ) (624 928 -304 ) (680 928 -304 ) (680 928 -192 ) 
4 121 122 (624 960 -323 ) (624 928 -323 ) (624 928 -192 ) (624 960 -192 ) 
4 122 198 (0 928 -323 ) (0 928 -304 ) (0 1024 -304 ) (0 1024 -323 ) 
4 122 182 (0 928 -304 ) (0 928 -176 ) (0 1024 -176 ) (0 1024 -304 ) 
4 123 124 (624 920 -304 ) (680 920 -304 ) (680 920 -192 ) (624 920 -192 ) 
4 124 125 (624 912 -192 ) (624 912 -304 ) (680 912 -304 ) (680 912 -192 ) 
4 125 126 (624 904 -304 ) (680 904 -304 ) (680 904 -192 ) (624 904 -192 ) 
4 126 130 (592 728 -304 ) (700 728 -304 ) (700 728 -176 ) (592 728 -176 ) 
4 126 129 (700 728 -304 ) (720 728 -304 ) (720 728 -176 ) (700 728 -176 ) 
4 127 185 (0 736 -176 ) (0 904 -176 ) (0 904 -304 ) (0 736 -304 ) 
4 127 128 (360 736 -304 ) (416 736 -304 ) (416 736 -192 ) (360 736 -192 ) 
4 128 130 (360 728 -304 ) (416 728 -304 ) (416 728 -192 ) (360 728 -192 ) 
4 129 130 (700 728 -176 ) (700 728 -304 ) (700 600 -304 ) (700 600 -176 ) 
4 130 186 (0 600 -176 ) (0 728 -176 ) (0 728 -304 ) (0 600 -304 ) 
4 130 131 (320 600 -304 ) (700 600 -304 ) (700 600 -176 ) (320 600 -176 ) 
4 130 132 (0 600 -304 ) (248 600 -304 ) (248 600 -176 ) (0 600 -176 ) 
4 131 133 (700 552 -296 ) (700 552 -208 ) (320 552 -208 ) (320 552 -296 ) 
4 132 186 (0 552 -176 ) (0 600 -176 ) (0 600 -304 ) (0 552 -304 ) 
4 132 134 (248 552 -296 ) (248 552 -208 ) (0 552 -208 ) (0 552 -296 ) 
4 134 187 (0 552 -208 ) (0 552 -296 ) (0 520 -296 ) (0 520 -208 ) 
4 135 137 (0 4096 -152 ) (0 4096 -128 ) (-128 4096 -128 ) (-128 4096 -152 ) 
4 135 136 (-128 4112 -152 ) (-128 4096 -152 ) (-128 4096 -128 ) (-128 4112 -128 ) 
4 136 138 (-128 4096 -128 ) (-272 4096 -128 ) (-272 4096 -152 ) (-128 4096 -152 ) 
4 137 139 (0 3072 -152 ) (0 3072 -128 ) (-128 3072 -128 ) (-128 3072 -152 ) 
4 137 138 (-128 4096 -152 ) (-128 3072 -152 ) (-128 3072 -128 ) (-128 4096 -128 ) 
4 138 140 (-128 3072 -128 ) (-272 3072 -128 ) (-272 3072 -152 ) (-128 3072 -152 ) 
4 139 140 (-128 3072 -152 ) (-128 2736 -152 ) (-128 2736 -128 ) (-128 3072 -128 ) 
4 141 142 (-528 2144 -152 ) (-528 2376 -152 ) (-448 2376 -152 ) (-448 2144 -152 ) 
4 142 146 (-528 2144 -176 ) (-528 2144 -304 ) (-448 2144 -304 ) (-448 2144 -176 ) 
4 143 144 (-288 2080 -304 ) (0 2080 -304 ) (0 2080 -176 ) (-288 2080 -176 ) 
4 144 147 (0 2048 -304 ) (0 2048 -176 ) (-288 2048 -176 ) (-288 2048 -304 ) 
4 144 145 (-288 2080 -192 ) (-288 2080 -304 ) (-288 2048 -304 ) (-288 2048 -192 ) 
4 145 155 (-296 2048 -192 ) (-296 2048 -304 ) (-288 2048 -304 ) (-288 2048 -192 ) 
4 145 146 (-296 2080 -304 ) (-296 2048 -304 ) (-296 2048 -192 ) (-296 2080 -192 ) 
4 146 160 (-304 2048 -176 ) (-528 2048 -176 ) (-528 2048 -304 ) (-304 2048 -304 ) 
4 146 159 (-296 2048 -304 ) (-296 2048 -176 ) (-304 2048 -176 ) (-304 2048 -304 ) 
4 147 155 (-288 2048 -304 ) (-288 2024 -304 ) (-288 2024 -192 ) (-288 2048 -192 ) 
4 147 148 (-176 2000 -304 ) (-120 2000 -304 ) (-120 2000 -192 ) (-176 2000 -192 ) 
4 148 149 (-176 1992 -304 ) (-120 1992 -304 ) (-120 1992 -192 ) (-176 1992 -192 ) 
4 149 156 (-288 1846 -273 ) (-288 1846 -191 ) (-288 1976 -191 ) (-288 1976 -273 ) 
4 150 157 (-288 1696 -304 ) (-288 1528 -304 ) (-288 1528 -176 ) (-288 1696 -176 ) 
4 150 153 (-288 1528 -176 ) (-288 1528 -304 ) (-88 1528 -304 ) (-88 1528 -176 ) 
4 152 154 (-88 1464 -304 ) (-88 1208 -304 ) (-88 1208 -176 ) (-88 1464 -176 ) 
4 153 157 (-288 1528 -304 ) (-288 1512 -304 ) (-288 1512 -176 ) (-288 1528 -176 ) 
4 154 158 (-288 1504 -304 ) (-288 1216 -304 ) (-288 1216 -176 ) (-288 1504 -176 ) 
4 155 159 (-296 2048 -304 ) (-296 2024 -304 ) (-296 2024 -192 ) (-296 2048 -192 ) 
4 156 159 (-296 1846 -273 ) (-296 1846 -191 ) (-296 1976 -191 ) (-296 1976 -273 ) 
4 157 159 (-296 1696 -304 ) (-296 1512 -304 ) (-296 1512 -176 ) (-296 1696 -176 ) 
4 158 159 (-296 1504 -304 ) (-296 1216 -304 ) (-296 1216 -176 ) (-296 1504 -176 ) 
4 159 160 (-304 2048 -304 ) (-304 1216 -304 ) (-304 1216 -176 ) (-304 2048 -176 ) 
4 160 161 (-440 1208 -304 ) (-384 1208 -304 ) (-384 1208 -192 ) (-440 1208 -192 ) 
4 161 162 (-440 1200 -304 ) (-384 1200 -304 ) (-384 1200 -192 ) (-440 1200 -192 ) 
4 162 163 (-384 1192 -304 ) (-384 1192 -192 ) (-440 1192 -192 ) (-440 1192 -304 ) 
4 163 166 (-440 1184 -304 ) (-384 1184 -304 ) (-384 1184 -192 ) (-440 1184 -192 ) 
4 164 182 (0 1024 -304 ) (0 1024 -176 ) (-384 1024 -176 ) (-384 1024 -304 ) 
4 164 169 (-384 1088 -304 ) (-384 1184 -304 ) (0 1184 -304 ) (0 1088 -304 ) 
4 164 170 (0 1024 -304 ) (-384 1024 -304 ) (-384 1088 -304 ) (0 1088 -304 ) 
3 164 165 (-384 1161.099976 -192 ) (-384 1152 -192 ) (-384 1152 -185 ) 
4 164 166 (-384 1184 -192 ) (-384 1184 -304 ) (-384 1152 -304 ) (-384 1152 -192 ) 
4 164 167 (-384 1152 -304 ) (-384 1024 -304 ) (-384 1024 -176 ) (-384 1152 -176 ) 
4 165 166 (-384 1152 -192 ) (-440 1152 -192 ) (-440 1161.099976 -192 ) (-384 1161.099976 -192 ) 
3 165 168 (-440 1161.099976 -192 ) (-440 1152 -192 ) (-440 1152 -185 ) 
4 165 167 (-440 1152 -185 ) (-440 1152 -192 ) (-384 1152 -192 ) (-384 1152 -185 ) 
4 166 169 (-440 1152 -304 ) (-440 1184 -304 ) (-384 1184 -304 ) (-384 1152 -304 ) 
4 166 167 (-440 1152 -192 ) (-440 1152 -304 ) (-384 1152 -304 ) (-384 1152 -192 ) 
4 166 168 (-440 1184 -192 ) (-440 1184 -304 ) (-440 1152 -304 ) (-440 1152 -192 ) 
4 167 182 (-384 1024 -176 ) (-440 1024 -176 ) (-440 1024 -304 ) (-384 1024 -304 ) 
4 167 169 (-440 1088 -304 ) (-440 1152 -304 ) (-384 1152 -304 ) (-384 1088 -304 ) 
4 167 170 (-384 1024 -304 ) (-440 1024 -304 ) (-440 1088 -304 ) (-384 1088 -304 ) 
4 167 168 (-440 1152 -304 ) (-440 1024 -304 ) (-440 1024 -176 ) (-440 1152 -176 ) 
4 168 182 (-440 1024 -176 ) (-1016 1024 -176 ) (-1016 1024 -304 ) (-440 1024 -304 ) 
4 168 169 (-1016 1088 -304 ) (-1016 1184 -304 ) (-440 1184 -304 ) (-440 1088 -304 ) 
4 168 170 (-440 1024 -304 ) (-1016 1024 -304 ) (-1016 1088 -304 ) (-440 1088 -304 ) 
4 169 170 (-1016 1088 -304 ) (-1016 1088 -323 ) (0 1088 -323 ) (0 1088 -304 ) 
4 170 198 (0 1024 -323 ) (0 1024 -304 ) (-1016 1024 -304 ) (-1016 1024 -323 ) 
4 170 173 (-776 1024 -330 ) (-1016 1024 -330 ) (-1016 1088 -330 ) (-776 1088 -330 ) 
4 170 172 (-296 1024 -330 ) (-776 1024 -330 ) (-776 1088 -330 ) (-296 1088 -330 ) 
4 170 171 (0 1024 -330 ) (-296 1024 -330 ) (-296 1088 -330 ) (0 1088 -330 ) 
4 171 172 (-296 1088 -330 ) (-296 1088 -360 ) (-296 1024 -360 ) (-296 1024 -330 ) 
4 172 174 (-776 1088 -336 ) (-776 1088 -360 ) (-776 1024 -360 ) (-776 1024 -336 ) 
4 172 173 (-776 1088 -330 ) (-776 1088 -336 ) (-776 1024 -336 ) (-776 1024 -330 ) 
4 173 174 (-1016 1024 -336 ) (-1016 1088 -336 ) (-776 1088 -336 ) (-776 1024 -336 ) 
4 175 176 (-128 520 -128 ) (-128 520 -152 ) (0 520 -152 ) (0 520 -128 ) 
4 176 177 (0 320 -152 ) (0 320 -128 ) (-128 320 -128 ) (-128 320 -152 ) 
4 177 179 (0 224 -152 ) (0 224 -128 ) (-128 224 -128 ) (-128 224 -152 ) 
4 178 193 (-584 320 -176 ) (-340 320 -176 ) (-340 224 -176 ) (-584 224 -176 ) 
4 179 180 (0 208 -152 ) (0 208 -128 ) (-128 208 -128 ) (-128 208 -152 ) 
4 180 206 (0 0 -152 ) (0 0 -128 ) (-128 0 -128 ) (-128 0 -152 ) 
4 180 181 (-128 208 -128 ) (-128 208 -152 ) (-128 0 -152 ) (-128 0 -128 ) 
4 181 207 (-128 0 -128 ) (-1024 0 -128 ) (-1024 0 -152 ) (-128 0 -152 ) 
4 181 199 (-1024 0 -152 ) (-1024 0 -128 ) (-1024 208 -128 ) (-1024 208 -152 ) 
4 182 198 (-1016 1024 -304 ) (0 1024 -304 ) (0 928 -304 ) (-1016 928 -304 ) 
4 182 183 (-568 928 -304 ) (-512 928 -304 ) (-512 928 -192 ) (-568 928 -192 ) 
4 183 184 (-512 920 -304 ) (-512 920 -192 ) (-568 920 -192 ) (-568 920 -304 ) 
4 184 189 (-568 912 -304 ) (-512 912 -304 ) (-512 912 -192 ) (-568 912 -192 ) 
4 186 188 (-128 728 -176 ) (-128 728 -304 ) (-128 600 -304 ) (-128 600 -176 ) 
4 186 187 (-128 552 -208 ) (-128 552 -296 ) (0 552 -296 ) (0 552 -208 ) 
4 188 190 (-152 728 -304 ) (-152 600 -304 ) (-152 600 -176 ) (-152 728 -176 ) 
4 189 190 (-568 904 -304 ) (-512 904 -304 ) (-512 904 -192 ) (-568 904 -192 ) 
4 190 196 (-776 600 -304 ) (-584 600 -304 ) (-584 600 -176 ) (-776 600 -176 ) 
4 190 194 (-520 600 -304 ) (-408 600 -304 ) (-408 600 -184 ) (-520 600 -184 ) 
4 190 191 (-776 904 -176 ) (-776 904 -304 ) (-776 632 -304 ) (-776 632 -176 ) 
4 191 192 (-792 904 -176 ) (-792 904 -304 ) (-792 632 -304 ) (-792 632 -176 ) 
4 192 197 (-1024 600 -304 ) (-792 600 -304 ) (-792 600 -176 ) (-1024 600 -176 ) 
4 193 196 (-584 320 -184 ) (-584 224 -184 ) (-584 224 -176 ) (-584 320 -176 ) 
4 193 195 (-352 224 -184 ) (-584 224 -184 ) (-584 320 -184 ) (-352 320 -184 ) 
4 195 196 (-584 320 -304 ) (-584 224 -304 ) (-584 224 -184 ) (-584 320 -184 ) 
4 199 208 (-1024 0 -152 ) (-1024 0 -128 ) (-1040 0 -128 ) (-1040 0 -152 ) 
4 200 201 (2256 0 -152 ) (2256 -296 -152 ) (2256 -296 -128 ) (2256 0 -128 ) 
4 201 202 (2048 -296 -128 ) (2048 0 -128 ) (2048 0 -152 ) (2048 -296 -152 ) 
4 202 203 (1384 0 -152 ) (1384 -296 -152 ) (1384 -296 -128 ) (1384 0 -128 ) 
4 203 204 (1024 -312 -152 ) (1024 -312 -128 ) (1024 0 -128 ) (1024 0 -152 ) 
4 204 205 (736 0 -152 ) (736 -312 -152 ) (736 -312 -128 ) (736 0 -128 ) 
4 205 206 (0 0 -128 ) (0 0 -152 ) (0 -312 -152 ) (0 -312 -128 ) 
4 206 207 (-128 0 -152 ) (-128 -312 -152 ) (-128 -312 -128 ) (-128 0 -128 ) 
4 207 208 (-1024 0 -128 ) (-1024 0 -152 ) (-1024 -312 -152 ) (-1024 -312 -128 ) 
