PRT1
418
932
4 0 4 (2144 3072 -120 ) (2144 3072 720 ) (2048 3072 720 ) (2048 3072 -120 ) 
4 0 1 (2048 3072 -120 ) (2048 3072 720 ) (2048 3824 720 ) (2048 3824 -120 ) 
4 1 6 (2048 3072 -120 ) (2048 3072 -58 ) (1504 3072 -58 ) (1504 3072 -120 ) 
4 1 5 (2048 3072 -58 ) (2048 3072 720 ) (1504 3072 720 ) (1504 3072 -58 ) 
4 1 2 (1504 3072 -58 ) (1504 3072 720 ) (1504 3824 720 ) (1504 3824 -58 ) 
4 2 5 (1504 3072 720 ) (1488 3072 720 ) (1488 3072 -58 ) (1504 3072 -58 ) 
4 2 3 (1488 3072 -58 ) (1488 3072 720 ) (1488 3824 720 ) (1488 3824 -58 ) 
4 3 24 (1024 3072 -120 ) (1024 3072 720 ) (1024 3824 720 ) (1024 3824 -120 ) 
4 3 8 (1024 3072 -58 ) (1024 3072 -120 ) (1488 3072 -120 ) (1488 3072 -58 ) 
4 3 5 (1488 3072 720 ) (1024 3072 720 ) (1024 3072 -58 ) (1488 3072 -58 ) 
4 4 9 (2144 2048 -120 ) (2144 2048 720 ) (2048 2048 720 ) (2048 2048 -120 ) 
4 4 6 (2048 3072 -58 ) (2048 3072 -120 ) (2048 2048 -120 ) (2048 2048 -58 ) 
4 4 5 (2048 3072 720 ) (2048 3072 -58 ) (2048 2048 -58 ) (2048 2048 720 ) 
4 5 62 (1024 2048 -58 ) (1024 2048 8 ) (1024 2424 8 ) (1024 2424 -58 ) 
4 5 48 (1024 2424 8 ) (1024 3072 8 ) (1024 3072 -58 ) (1024 2424 -58 ) 
4 5 45 (1024 2048 8 ) (1024 2048 720 ) (1024 2464 720 ) (1024 2464 8 ) 
4 5 41 (1024 2528 200 ) (1024 2528 8 ) (1024 2464 8 ) (1024 2464 200 ) 
4 5 40 (1024 2528 336 ) (1024 2528 200 ) (1024 2464 200 ) (1024 2464 336 ) 
4 5 39 (1024 2464 720 ) (1024 2528 720 ) (1024 2528 336 ) (1024 2464 336 ) 
4 5 38 (1024 2624 200 ) (1024 2624 8 ) (1024 2528 8 ) (1024 2528 200 ) 
4 5 37 (1024 2624 336 ) (1024 2624 200 ) (1024 2528 200 ) (1024 2528 336 ) 
4 5 36 (1024 2528 720 ) (1024 2624 720 ) (1024 2624 336 ) (1024 2528 336 ) 
4 5 32 (1024 2688 200 ) (1024 2688 8 ) (1024 2624 8 ) (1024 2624 200 ) 
4 5 30 (1024 2624 720 ) (1024 2688 720 ) (1024 2688 200 ) (1024 2624 200 ) 
4 5 29 (1024 2736 200 ) (1024 2736 8 ) (1024 2688 8 ) (1024 2688 200 ) 
4 5 28 (1024 2736 336 ) (1024 2736 200 ) (1024 2688 200 ) (1024 2688 336 ) 
4 5 27 (1024 2688 720 ) (1024 2736 720 ) (1024 2736 336 ) (1024 2688 336 ) 
4 5 26 (1024 2736 720 ) (1024 3072 720 ) (1024 3072 8 ) (1024 2736 8 ) 
4 5 22 (1024 2048 36 ) (1024 2048 -58 ) (1120 2048 -58 ) (1120 2048 36 ) 
4 5 20 (1184 2048 -58 ) (1280 2048 -58 ) (1280 2048 36 ) (1184 2048 36 ) 
4 5 18 (1280 2048 -58 ) (1376 2048 -58 ) (1376 2048 36 ) (1280 2048 36 ) 
4 5 12 (1280 2048 720 ) (1024 2048 720 ) (1024 2048 200 ) (1280 2048 200 ) 
4 5 11 (1504 2048 720 ) (1280 2048 720 ) (1280 2048 200 ) (1504 2048 200 ) 
4 5 10 (2048 2048 -58 ) (2048 2048 720 ) (1504 2048 720 ) (1504 2048 -58 ) 
4 5 7 (1504 2048 -58 ) (1488 2048 -58 ) (1488 2736 -58 ) (1504 2736 -58 ) 
4 5 6 (2048 2048 -58 ) (1504 2048 -58 ) (1504 3072 -58 ) (2048 3072 -58 ) 
4 5 8 (1488 2048 -58 ) (1024 2048 -58 ) (1024 3072 -58 ) (1488 3072 -58 ) 
4 6 10 (2048 2048 -120 ) (2048 2048 -58 ) (1504 2048 -58 ) (1504 2048 -120 ) 
4 6 7 (1504 2736 -120 ) (1504 2048 -120 ) (1504 2048 -58 ) (1504 2736 -58 ) 
4 7 8 (1488 2736 -120 ) (1488 2048 -120 ) (1488 2048 -58 ) (1488 2736 -58 ) 
4 8 62 (1024 2048 -120 ) (1024 2048 -58 ) (1024 2424 -58 ) (1024 2424 -120 ) 
4 8 48 (1024 2424 -58 ) (1024 3072 -58 ) (1024 3072 -120 ) (1024 2424 -120 ) 
4 8 22 (1120 2048 -58 ) (1024 2048 -58 ) (1024 2048 -120 ) (1120 2048 -120 ) 
4 8 20 (1280 2048 -58 ) (1184 2048 -58 ) (1184 2048 -120 ) (1280 2048 -120 ) 
4 8 18 (1376 2048 -58 ) (1280 2048 -58 ) (1280 2048 -120 ) (1376 2048 -120 ) 
4 9 257 (2144 1024 -120 ) (2144 1024 720 ) (2048 1024 720 ) (2048 1024 -120 ) 
4 9 10 (2048 2048 720 ) (2048 2048 -120 ) (2048 1024 -120 ) (2048 1024 720 ) 
4 10 267 (2048 1024 -120 ) (2048 1024 88 ) (1504 1024 88 ) (1504 1024 -120 ) 
4 10 261 (2048 1024 88 ) (2048 1024 184 ) (1504 1024 184 ) (1504 1024 88 ) 
4 10 258 (2048 1024 184 ) (2048 1024 720 ) (1504 1024 720 ) (1504 1024 184 ) 
4 10 11 (1504 2048 720 ) (1504 2048 200 ) (1504 1024 200 ) (1504 1024 720 ) 
4 11 259 (1280 1024 200 ) (1504 1024 200 ) (1504 1024 720 ) (1280 1024 720 ) 
4 11 13 (1280 1144 320 ) (1280 1144 720 ) (1280 1920 720 ) (1280 1920 320 ) 
4 11 12 (1280 2048 200 ) (1280 1920 200 ) (1280 1920 720 ) (1280 2048 720 ) 
4 11 14 (1280 1144 200 ) (1280 1024 200 ) (1280 1024 720 ) (1280 1144 720 ) 
4 12 108 (1024 2040 320 ) (1024 2040 200 ) (1024 1920 200 ) (1024 1920 320 ) 
4 12 107 (1024 1920 720 ) (1024 2040 720 ) (1024 2040 320 ) (1024 1920 320 ) 
4 12 103 (1024 2040 720 ) (1024 2048 720 ) (1024 2048 200 ) (1024 2040 200 ) 
4 12 13 (1280 1920 320 ) (1280 1920 720 ) (1024 1920 720 ) (1024 1920 320 ) 
4 13 107 (1024 1144 720 ) (1024 1920 720 ) (1024 1920 320 ) (1024 1144 320 ) 
4 13 14 (1280 1144 320 ) (1280 1144 720 ) (1024 1144 720 ) (1024 1144 320 ) 
4 14 259 (1024 1024 720 ) (1024 1024 200 ) (1280 1024 200 ) (1280 1024 720 ) 
4 14 109 (1024 1024 200 ) (1024 1024 320 ) (1024 1144 320 ) (1024 1144 200 ) 
4 14 107 (1024 1024 320 ) (1024 1024 720 ) (1024 1144 720 ) (1024 1144 320 ) 
4 15 104 (1024 2042 104 ) (1024 2040 104 ) (1024 2040 168 ) (1024 2042 168 ) 
4 15 16 (1448 2040 104 ) (1448 2040 168 ) (1024 2040 168 ) (1024 2040 104 ) 
4 16 268 (1280 1024 36 ) (1496 1024 36 ) (1496 1024 88 ) (1280 1024 88 ) 
4 16 269 (1024 1024 88 ) (1024 1024 36 ) (1280 1024 36 ) (1280 1024 88 ) 
4 16 262 (1024 1024 184 ) (1024 1024 88 ) (1496 1024 88 ) (1496 1024 184 ) 
4 16 110 (1024 1024 36 ) (1024 1024 184 ) (1024 2040 184 ) (1024 2040 36 ) 
4 16 23 (1120 1024 36 ) (1024 1024 36 ) (1024 2040 36 ) (1120 2040 36 ) 
4 16 21 (1184 1024 36 ) (1120 1024 36 ) (1120 2040 36 ) (1184 2040 36 ) 
4 16 20 (1280 1024 36 ) (1184 1024 36 ) (1184 2040 36 ) (1280 2040 36 ) 
4 16 19 (1496 1024 36 ) (1280 1024 36 ) (1280 1280 36 ) (1496 1280 36 ) 
4 16 17 (1376 2040 36 ) (1496 2040 36 ) (1496 1280 36 ) (1376 1280 36 ) 
4 16 18 (1280 1280 36 ) (1280 2040 36 ) (1376 2040 36 ) (1376 1280 36 ) 
4 17 19 (1496 1280 16 ) (1496 1280 36 ) (1376 1280 36 ) (1376 1280 16 ) 
4 17 18 (1376 2040 -120 ) (1376 1280 -120 ) (1376 1280 36 ) (1376 2040 36 ) 
4 18 20 (1280 2048 -120 ) (1280 1280 -120 ) (1280 1280 36 ) (1280 2048 36 ) 
4 18 19 (1280 1280 36 ) (1280 1280 16 ) (1376 1280 16 ) (1376 1280 36 ) 
4 19 268 (1496 1024 16 ) (1496 1024 36 ) (1280 1024 36 ) (1280 1024 16 ) 
4 19 20 (1280 1024 16 ) (1280 1024 36 ) (1280 1280 36 ) (1280 1280 16 ) 
4 20 269 (1184 1024 -120 ) (1280 1024 -120 ) (1280 1024 36 ) (1184 1024 36 ) 
4 20 21 (1184 2040 -120 ) (1184 1024 -120 ) (1184 1024 36 ) (1184 2040 36 ) 
4 21 269 (1120 1024 -120 ) (1184 1024 -120 ) (1184 1024 36 ) (1120 1024 36 ) 
4 21 23 (1120 2040 -120 ) (1120 1024 -120 ) (1120 1024 36 ) (1120 2040 36 ) 
4 22 168 (1024 2048 8 ) (1024 2048 -120 ) (1024 2046 -120 ) (1024 2046 8 ) 
4 22 105 (1024 2046 36 ) (1024 2048 36 ) (1024 2048 8 ) (1024 2046 8 ) 
4 23 269 (1024 1024 36 ) (1024 1024 -120 ) (1120 1024 -120 ) (1120 1024 36 ) 
4 23 169 (1024 2040 8 ) (1024 2042 8 ) (1024 2042 -120 ) (1024 2040 -120 ) 
4 23 170 (1024 1024 -120 ) (1024 1024 8 ) (1024 2040 8 ) (1024 2040 -120 ) 
4 23 110 (1024 1024 8 ) (1024 1024 36 ) (1024 2040 36 ) (1024 2040 8 ) 
4 23 106 (1024 2040 36 ) (1024 2042 36 ) (1024 2042 8 ) (1024 2040 8 ) 
4 24 57 (536 3072 8 ) (0 3072 8 ) (0 3072 -120 ) (536 3072 -120 ) 
4 24 49 (544 3072 8 ) (536 3072 8 ) (536 3072 -120 ) (544 3072 -120 ) 
4 24 48 (1024 3072 -120 ) (1024 3072 8 ) (544 3072 8 ) (544 3072 -120 ) 
4 24 26 (1024 3072 8 ) (1024 3072 720 ) (0 3072 720 ) (0 3072 8 ) 
4 24 25 (0 3072 -120 ) (0 3072 720 ) (0 3824 720 ) (0 3824 -120 ) 
4 25 93 (-80 3072 8 ) (-272 3072 8 ) (-272 3072 -120 ) (-80 3072 -120 ) 
4 25 90 (0 3072 -120 ) (0 3072 8 ) (-80 3072 8 ) (-80 3072 -120 ) 
4 25 68 (0 3072 8 ) (0 3072 720 ) (-272 3072 720 ) (-272 3072 8 ) 
4 26 68 (0 3072 720 ) (0 3072 8 ) (0 2736 8 ) (0 2736 720 ) 
4 26 59 (0 2736 8 ) (0 2744 8 ) (32 2744 8 ) (32 2736 8 ) 
4 26 58 (32 2744 8 ) (536 2744 8 ) (536 2736 8 ) (32 2736 8 ) 
4 26 57 (0 2744 8 ) (0 3072 8 ) (536 3072 8 ) (536 2744 8 ) 
4 26 49 (536 3072 8 ) (544 3072 8 ) (544 2736 8 ) (536 2736 8 ) 
4 26 48 (544 3072 8 ) (1024 3072 8 ) (1024 2736 8 ) (544 2736 8 ) 
4 26 29 (544 2736 8 ) (1024 2736 8 ) (1024 2736 200 ) (544 2736 200 ) 
4 26 28 (1024 2736 200 ) (1024 2736 336 ) (416 2736 336 ) (416 2736 200 ) 
4 26 27 (1024 2736 336 ) (1024 2736 720 ) (0 2736 720 ) (0 2736 336 ) 
4 27 69 (0 2688 336 ) (0 2688 720 ) (0 2736 720 ) (0 2736 336 ) 
4 27 31 (0 2688 720 ) (0 2688 336 ) (416 2688 336 ) (416 2688 720 ) 
4 27 30 (416 2688 336 ) (1024 2688 336 ) (1024 2688 720 ) (416 2688 720 ) 
4 27 28 (1024 2688 336 ) (416 2688 336 ) (416 2736 336 ) (1024 2736 336 ) 
4 28 30 (416 2688 200 ) (1024 2688 200 ) (1024 2688 336 ) (416 2688 336 ) 
4 28 29 (1024 2688 200 ) (544 2688 200 ) (544 2736 200 ) (1024 2736 200 ) 
4 29 48 (544 2736 8 ) (1024 2736 8 ) (1024 2688 8 ) (544 2688 8 ) 
4 29 32 (544 2688 8 ) (1024 2688 8 ) (1024 2688 200 ) (544 2688 200 ) 
4 30 37 (1024 2624 200 ) (1024 2624 336 ) (416 2624 336 ) (416 2624 200 ) 
4 30 36 (1024 2624 336 ) (1024 2624 720 ) (416 2624 720 ) (416 2624 336 ) 
4 30 32 (1024 2624 200 ) (544 2624 200 ) (544 2688 200 ) (1024 2688 200 ) 
4 30 31 (416 2624 336 ) (416 2624 720 ) (416 2688 720 ) (416 2688 336 ) 
4 31 70 (0 2624 336 ) (0 2624 720 ) (0 2688 720 ) (0 2688 336 ) 
4 31 36 (416 2624 720 ) (0 2624 720 ) (0 2624 336 ) (416 2624 336 ) 
4 32 48 (544 2688 8 ) (1024 2688 8 ) (1024 2624 8 ) (544 2624 8 ) 
4 32 38 (544 2624 8 ) (1024 2624 8 ) (1024 2624 200 ) (544 2624 200 ) 
4 33 61 (400 2688 8 ) (432 2688 8 ) (432 2624 8 ) (400 2624 8 ) 
4 34 61 (208 2688 8 ) (240 2688 8 ) (240 2624 8 ) (208 2624 8 ) 
4 35 61 (16 2688 8 ) (48 2688 8 ) (48 2624 8 ) (16 2624 8 ) 
4 36 72 (0 2528 336 ) (0 2528 720 ) (0 2624 720 ) (0 2624 336 ) 
4 36 39 (0 2528 720 ) (0 2528 336 ) (1024 2528 336 ) (1024 2528 720 ) 
4 36 37 (1024 2528 336 ) (416 2528 336 ) (416 2624 336 ) (1024 2624 336 ) 
4 37 40 (416 2528 200 ) (1024 2528 200 ) (1024 2528 336 ) (416 2528 336 ) 
4 37 38 (1024 2528 200 ) (544 2528 200 ) (544 2624 200 ) (1024 2624 200 ) 
4 38 48 (544 2624 8 ) (1024 2624 8 ) (1024 2528 8 ) (544 2528 8 ) 
4 38 41 (544 2528 8 ) (1024 2528 8 ) (1024 2528 200 ) (544 2528 200 ) 
4 39 74 (0 2464 336 ) (0 2464 720 ) (0 2528 720 ) (0 2528 336 ) 
4 39 47 (416 2464 720 ) (0 2464 720 ) (0 2464 336 ) (416 2464 336 ) 
4 39 46 (544 2464 720 ) (416 2464 720 ) (416 2464 336 ) (544 2464 336 ) 
4 39 45 (1024 2464 336 ) (1024 2464 720 ) (544 2464 720 ) (544 2464 336 ) 
4 39 40 (1024 2464 336 ) (416 2464 336 ) (416 2528 336 ) (1024 2528 336 ) 
4 40 46 (544 2464 336 ) (416 2464 336 ) (416 2464 200 ) (544 2464 200 ) 
4 40 45 (1024 2464 200 ) (1024 2464 336 ) (544 2464 336 ) (544 2464 200 ) 
4 40 41 (1024 2464 200 ) (544 2464 200 ) (544 2528 200 ) (1024 2528 200 ) 
4 41 48 (544 2528 8 ) (1024 2528 8 ) (1024 2464 8 ) (544 2464 8 ) 
4 41 45 (544 2464 8 ) (1024 2464 8 ) (1024 2464 200 ) (544 2464 200 ) 
4 42 61 (400 2528 8 ) (432 2528 8 ) (432 2464 8 ) (400 2464 8 ) 
4 43 61 (208 2528 8 ) (240 2528 8 ) (240 2464 8 ) (208 2464 8 ) 
4 44 61 (16 2528 8 ) (48 2528 8 ) (48 2464 8 ) (16 2464 8 ) 
4 45 111 (720 2048 720 ) (544 2048 720 ) (544 2048 200 ) (720 2048 200 ) 
4 45 105 (1024 2048 8 ) (1024 2048 36 ) (928 2048 36 ) (928 2048 8 ) 
4 45 103 (1024 2048 200 ) (1024 2048 720 ) (720 2048 720 ) (720 2048 200 ) 
4 45 62 (1024 2048 8 ) (544 2048 8 ) (544 2424 8 ) (1024 2424 8 ) 
4 45 48 (544 2424 8 ) (544 2464 8 ) (1024 2464 8 ) (1024 2424 8 ) 
4 45 46 (544 2464 720 ) (544 2464 200 ) (544 2048 200 ) (544 2048 720 ) 
4 46 113 (416 2048 200 ) (544 2048 200 ) (544 2048 336 ) (416 2048 336 ) 
4 46 112 (544 2048 336 ) (544 2048 720 ) (416 2048 720 ) (416 2048 336 ) 
4 46 47 (416 2048 336 ) (416 2048 720 ) (416 2464 720 ) (416 2464 336 ) 
4 47 141 (0 2048 720 ) (0 2048 336 ) (208 2048 336 ) (208 2048 720 ) 
4 47 112 (208 2048 336 ) (416 2048 336 ) (416 2048 720 ) (208 2048 720 ) 
4 47 78 (0 2048 336 ) (0 2048 720 ) (0 2464 720 ) (0 2464 336 ) 
4 48 62 (544 2424 -120 ) (1024 2424 -120 ) (1024 2424 8 ) (544 2424 8 ) 
4 48 56 (544 2552 -120 ) (544 2448 -120 ) (544 2448 -10 ) (544 2552 -10 ) 
4 48 55 (544 2598 -120 ) (544 2584 -120 ) (544 2584 8 ) (544 2598 8 ) 
4 48 50 (544 2718 -120 ) (544 2598 -120 ) (544 2598 8 ) (544 2718 8 ) 
4 48 49 (544 3072 -120 ) (544 2736 -120 ) (544 2736 8 ) (544 3072 8 ) 
4 49 58 (536 2744 -120 ) (536 2736 -120 ) (536 2736 8 ) (536 2744 8 ) 
4 49 57 (536 3072 -120 ) (536 2744 -120 ) (536 2744 8 ) (536 3072 8 ) 
4 50 55 (542 2598 -120 ) (544 2598 -120 ) (544 2598 8 ) (542 2598 8 ) 
4 50 52 (542 2598 -8 ) (542 2598 8 ) (542 2623 8 ) (542 2623 -8 ) 
4 50 53 (542 2623 -120 ) (542 2598 -120 ) (542 2598 -118 ) (542 2623 -118 ) 
4 50 51 (542 2718 8 ) (542 2718 -120 ) (542 2623 -120 ) (542 2623 8 ) 
4 51 52 (538 2623 8 ) (538 2623 -8 ) (542 2623 -8 ) (542 2623 8 ) 
4 51 53 (538 2623 -118 ) (538 2623 -120 ) (542 2623 -120 ) (542 2623 -118 ) 
4 51 54 (538 2718 8 ) (538 2718 -120 ) (538 2623 -120 ) (538 2623 8 ) 
4 52 55 (542 2598 -8 ) (542 2598 8 ) (538 2598 8 ) (538 2598 -8 ) 
4 52 54 (538 2598 -8 ) (538 2598 8 ) (538 2623 8 ) (538 2623 -8 ) 
4 53 55 (538 2598 -120 ) (542 2598 -120 ) (542 2598 -118 ) (538 2598 -118 ) 
4 53 54 (538 2623 -120 ) (538 2598 -120 ) (538 2598 -118 ) (538 2623 -118 ) 
4 54 61 (536 2718 -120 ) (536 2598 -120 ) (536 2598 8 ) (536 2718 8 ) 
4 54 55 (536 2598 8 ) (536 2598 -120 ) (538 2598 -120 ) (538 2598 8 ) 
4 55 61 (536 2598 -120 ) (536 2584 -120 ) (536 2584 8 ) (536 2598 8 ) 
4 56 61 (536 2552 -120 ) (536 2448 -120 ) (536 2448 -10 ) (536 2552 -10 ) 
4 57 90 (0 3072 8 ) (0 3072 -120 ) (0 2744 -120 ) (0 2744 8 ) 
4 57 59 (32 2744 0 ) (32 2744 8 ) (0 2744 8 ) (0 2744 0 ) 
4 57 58 (32 2744 -120 ) (536 2744 -120 ) (536 2744 8 ) (32 2744 8 ) 
4 58 59 (32 2744 8 ) (32 2744 0 ) (32 2736 0 ) (32 2736 8 ) 
4 59 91 (0 2736 8 ) (0 2744 8 ) (0 2744 0 ) (0 2736 0 ) 
4 60 92 (0 2728 -80 ) (0 2728 -4 ) (0 2732 -4 ) (0 2732 -80 ) 
4 60 61 (28 2728 -80 ) (28 2728 -4 ) (0 2728 -4 ) (0 2728 -80 ) 
4 61 97 (0 2560 -120 ) (0 2424 -120 ) (0 2424 8 ) (0 2560 8 ) 
4 61 95 (0 2728 -120 ) (0 2560 -120 ) (0 2560 -8 ) (0 2728 -8 ) 
4 61 94 (0 2560 -8 ) (0 2560 8 ) (0 2728 8 ) (0 2728 -8 ) 
4 61 65 (24 2424 -120 ) (304 2424 -120 ) (304 2424 8 ) (24 2424 8 ) 
4 62 168 (1024 2048 -120 ) (1024 2048 8 ) (928 2048 8 ) (928 2048 -120 ) 
4 63 64 (312 2168 -120 ) (312 2112 -120 ) (312 2112 -8 ) (312 2168 -8 ) 
4 64 66 (304 2168 -120 ) (304 2112 -120 ) (304 2112 -8 ) (304 2168 -8 ) 
4 65 66 (24 2416 -120 ) (304 2416 -120 ) (304 2416 8 ) (24 2416 8 ) 
4 66 184 (128 2048 -8 ) (128 2048 -120 ) (216 2048 -120 ) (216 2048 -8 ) 
4 67 100 (0 2416 -120 ) (0 2048 -120 ) (0 2048 8 ) (0 2416 8 ) 
4 68 93 (-272 3072 8 ) (-80 3072 8 ) (-80 2736 8 ) (-272 2736 8 ) 
4 68 91 (0 2744 8 ) (0 2736 8 ) (-80 2736 8 ) (-80 2744 8 ) 
4 68 90 (-80 3072 8 ) (0 3072 8 ) (0 2744 8 ) (-80 2744 8 ) 
4 68 69 (0 2736 336 ) (0 2736 720 ) (-272 2736 720 ) (-272 2736 336 ) 
4 69 73 (-648 2736 720 ) (-648 2736 336 ) (-648 2688 336 ) (-648 2688 720 ) 
4 69 70 (-648 2688 720 ) (-648 2688 336 ) (0 2688 336 ) (0 2688 720 ) 
4 70 73 (-648 2624 336 ) (-648 2624 720 ) (-648 2688 720 ) (-648 2688 336 ) 
4 70 72 (-648 2624 720 ) (-648 2624 336 ) (0 2624 336 ) (0 2624 720 ) 
4 71 94 (-144 2624 8 ) (-176 2624 8 ) (-176 2688 8 ) (-144 2688 8 ) 
4 72 74 (0 2528 336 ) (0 2528 720 ) (-648 2528 720 ) (-648 2528 336 ) 
4 72 73 (-648 2528 336 ) (-648 2528 720 ) (-648 2624 720 ) (-648 2624 336 ) 
4 73 77 (-648 2528 336 ) (-648 2528 720 ) (-656 2528 720 ) (-656 2528 336 ) 
4 74 88 (-496 2464 720 ) (-648 2464 720 ) (-648 2464 336 ) (-496 2464 336 ) 
4 74 85 (-432 2464 720 ) (-496 2464 720 ) (-496 2464 336 ) (-432 2464 336 ) 
4 74 84 (-304 2464 720 ) (-432 2464 720 ) (-432 2464 336 ) (-304 2464 336 ) 
4 74 82 (-240 2464 720 ) (-304 2464 720 ) (-304 2464 336 ) (-240 2464 336 ) 
4 74 81 (-80 2464 720 ) (-240 2464 720 ) (-240 2464 336 ) (-80 2464 336 ) 
4 74 79 (-16 2464 720 ) (-80 2464 720 ) (-80 2464 336 ) (-16 2464 336 ) 
4 74 78 (0 2464 336 ) (0 2464 720 ) (-16 2464 720 ) (-16 2464 336 ) 
4 74 77 (-648 2528 720 ) (-648 2528 336 ) (-648 2464 336 ) (-648 2464 720 ) 
4 75 97 (-144 2464 8 ) (-176 2464 8 ) (-176 2528 8 ) (-144 2528 8 ) 
4 76 97 (-336 2464 8 ) (-368 2464 8 ) (-368 2528 8 ) (-336 2528 8 ) 
4 77 89 (-648 2464 336 ) (-648 2464 720 ) (-656 2464 720 ) (-656 2464 336 ) 
4 78 195 (0 2048 336 ) (0 2048 720 ) (-16 2048 720 ) (-16 2048 336 ) 
4 78 79 (-16 2464 720 ) (-16 2464 336 ) (-16 2048 336 ) (-16 2048 720 ) 
4 79 195 (-80 2048 720 ) (-80 2048 336 ) (-16 2048 336 ) (-16 2048 720 ) 
4 79 81 (-80 2464 720 ) (-80 2464 336 ) (-80 2048 336 ) (-80 2048 720 ) 
4 80 100 (-80 2176 8 ) (-80 2208 8 ) (-16 2208 8 ) (-16 2176 8 ) 
4 81 217 (-240 2048 720 ) (-240 2048 336 ) (-208 2048 336 ) (-208 2048 720 ) 
4 81 195 (-208 2048 336 ) (-80 2048 336 ) (-80 2048 720 ) (-208 2048 720 ) 
4 81 82 (-240 2464 720 ) (-240 2464 336 ) (-240 2048 336 ) (-240 2048 720 ) 
4 82 217 (-304 2048 720 ) (-304 2048 336 ) (-240 2048 336 ) (-240 2048 720 ) 
4 82 84 (-304 2464 720 ) (-304 2464 336 ) (-304 2048 336 ) (-304 2048 720 ) 
4 83 100 (-304 2176 8 ) (-304 2208 8 ) (-240 2208 8 ) (-240 2176 8 ) 
4 84 217 (-432 2048 720 ) (-432 2048 336 ) (-304 2048 336 ) (-304 2048 720 ) 
4 84 85 (-432 2464 720 ) (-432 2464 336 ) (-432 2048 336 ) (-432 2048 720 ) 
4 85 228 (-496 2048 720 ) (-496 2048 336 ) (-432 2048 336 ) (-432 2048 720 ) 
4 85 88 (-496 2464 720 ) (-496 2464 336 ) (-496 2048 336 ) (-496 2048 720 ) 
4 86 101 (-496 2272 8 ) (-496 2304 8 ) (-432 2304 8 ) (-432 2272 8 ) 
4 87 101 (-432 2048 8 ) (-496 2048 8 ) (-496 2080 8 ) (-432 2080 8 ) 
4 88 235 (-648 2048 720 ) (-648 2048 336 ) (-496 2048 336 ) (-496 2048 720 ) 
4 88 89 (-648 2464 720 ) (-648 2464 336 ) (-648 2048 336 ) (-648 2048 720 ) 
4 89 238 (-656 2048 720 ) (-656 2048 336 ) (-648 2048 336 ) (-648 2048 720 ) 
4 90 93 (-80 3072 -120 ) (-80 2744 -120 ) (-80 2744 8 ) (-80 3072 8 ) 
4 90 91 (-80 2744 8 ) (-80 2744 0 ) (0 2744 0 ) (0 2744 8 ) 
4 91 93 (-80 2736 8 ) (-80 2744 8 ) (-80 2744 0 ) (-80 2736 0 ) 
4 92 95 (0 2728 -80 ) (0 2728 -8 ) (-76 2728 -8 ) (-76 2728 -80 ) 
4 92 94 (0 2728 -8 ) (0 2728 -4 ) (-76 2728 -4 ) (-76 2728 -8 ) 
4 94 97 (-288 2560 -8 ) (0 2560 -8 ) (0 2560 8 ) (-288 2560 8 ) 
4 94 95 (0 2560 -8 ) (-288 2560 -8 ) (-288 2728 -8 ) (0 2728 -8 ) 
4 95 97 (-288 2560 -120 ) (0 2560 -120 ) (0 2560 -8 ) (-288 2560 -8 ) 
4 96 97 (-410 2560 -120 ) (-322 2560 -120 ) (-322 2560 -8 ) (-410 2560 -8 ) 
4 97 99 (-528 2424 8 ) (-528 2424 -120 ) (-368 2424 -120 ) (-368 2424 8 ) 
4 97 98 (-224 2424 -120 ) (-136 2424 -120 ) (-136 2424 -8 ) (-224 2424 -8 ) 
4 98 100 (-224 2416 -120 ) (-136 2416 -120 ) (-136 2416 -8 ) (-224 2416 -8 ) 
4 99 101 (-528 2416 8 ) (-528 2416 -120 ) (-368 2416 -120 ) (-368 2416 8 ) 
4 101 251 (-416 2048 8 ) (-528 2048 8 ) (-528 2048 -120 ) (-416 2048 -120 ) 
4 101 250 (-368 2048 8 ) (-416 2048 8 ) (-416 2048 -120 ) (-368 2048 -120 ) 
4 101 102 (-528 2394 -120 ) (-528 2306 -120 ) (-528 2306 -8 ) (-528 2394 -8 ) 
4 103 111 (720 2040 200 ) (720 2040 720 ) (720 2048 720 ) (720 2048 200 ) 
4 103 108 (720 2040 320 ) (720 2040 200 ) (1024 2040 200 ) (1024 2040 320 ) 
4 103 107 (720 2040 720 ) (720 2040 320 ) (1024 2040 320 ) (1024 2040 720 ) 
4 104 110 (1024 2040 104 ) (1024 2040 168 ) (840 2040 168 ) (840 2040 104 ) 
4 105 168 (928 2048 8 ) (1024 2048 8 ) (1024 2046 8 ) (928 2046 8 ) 
4 106 169 (1024 2042 8 ) (1024 2040 8 ) (928 2040 8 ) (928 2042 8 ) 
4 106 110 (928 2040 8 ) (1024 2040 8 ) (1024 2040 36 ) (928 2040 36 ) 
4 107 277 (1024 1024 320 ) (1024 1024 720 ) (720 1024 720 ) (720 1024 320 ) 
4 107 129 (720 1024 320 ) (720 1024 720 ) (720 1056 720 ) (720 1056 320 ) 
4 107 128 (720 1056 720 ) (720 1144 720 ) (720 1144 320 ) (720 1056 320 ) 
4 107 127 (720 1144 720 ) (720 1152 720 ) (720 1152 320 ) (720 1144 320 ) 
4 107 119 (720 1152 720 ) (720 1824 720 ) (720 1824 320 ) (720 1152 320 ) 
4 107 116 (720 1824 720 ) (720 1920 720 ) (720 1920 320 ) (720 1824 320 ) 
4 107 114 (720 1920 720 ) (720 2040 720 ) (720 2040 320 ) (720 1920 320 ) 
4 107 108 (720 1920 320 ) (720 2040 320 ) (1024 2040 320 ) (1024 1920 320 ) 
4 107 109 (720 1024 320 ) (720 1144 320 ) (1024 1144 320 ) (1024 1024 320 ) 
4 108 114 (720 1920 320 ) (720 2040 320 ) (720 2040 200 ) (720 1920 200 ) 
4 109 277 (1024 1024 200 ) (1024 1024 320 ) (720 1024 320 ) (720 1024 200 ) 
4 109 129 (720 1024 200 ) (720 1024 320 ) (720 1056 320 ) (720 1056 200 ) 
4 109 128 (720 1056 320 ) (720 1144 320 ) (720 1144 200 ) (720 1056 200 ) 
4 110 286 (1024 1024 8 ) (1024 1024 88 ) (736 1024 88 ) (736 1024 8 ) 
4 110 283 (832 1024 184 ) (736 1024 184 ) (736 1024 88 ) (832 1024 88 ) 
4 110 281 (1024 1024 88 ) (1024 1024 104 ) (832 1024 104 ) (832 1024 88 ) 
4 110 280 (1024 1024 104 ) (1024 1024 168 ) (832 1024 168 ) (832 1024 104 ) 
4 110 279 (1024 1024 168 ) (1024 1024 184 ) (832 1024 184 ) (832 1024 168 ) 
4 110 170 (1024 2040 8 ) (1024 1024 8 ) (736 1024 8 ) (736 2040 8 ) 
4 111 114 (720 2040 200 ) (720 2040 720 ) (544 2040 720 ) (544 2040 200 ) 
4 111 113 (544 2040 200 ) (544 2040 336 ) (544 2048 336 ) (544 2048 200 ) 
4 111 112 (544 2040 336 ) (544 2040 720 ) (544 2048 720 ) (544 2048 336 ) 
4 112 141 (208 2048 720 ) (208 2048 336 ) (208 2040 336 ) (208 2040 720 ) 
4 112 115 (208 2040 720 ) (208 2040 336 ) (416 2040 336 ) (416 2040 720 ) 
4 112 114 (416 2040 336 ) (544 2040 336 ) (544 2040 720 ) (416 2040 720 ) 
4 112 113 (544 2048 336 ) (544 2040 336 ) (416 2040 336 ) (416 2048 336 ) 
4 113 114 (416 2040 200 ) (544 2040 200 ) (544 2040 336 ) (416 2040 336 ) 
4 114 116 (720 1920 320 ) (720 1920 720 ) (416 1920 720 ) (416 1920 320 ) 
4 114 115 (416 1920 336 ) (416 1920 720 ) (416 2040 720 ) (416 2040 336 ) 
4 115 142 (208 2040 720 ) (208 2040 336 ) (208 1920 336 ) (208 1920 720 ) 
4 115 116 (208 1920 720 ) (208 1920 336 ) (416 1920 336 ) (416 1920 720 ) 
4 116 143 (208 1824 320 ) (208 1824 720 ) (208 1920 720 ) (208 1920 320 ) 
4 116 126 (208 1824 720 ) (208 1824 320 ) (528 1824 320 ) (528 1824 720 ) 
4 116 122 (528 1824 320 ) (592 1824 320 ) (592 1824 720 ) (528 1824 720 ) 
4 116 121 (592 1824 320 ) (624 1824 320 ) (624 1824 720 ) (592 1824 720 ) 
4 116 119 (624 1824 320 ) (720 1824 320 ) (720 1824 720 ) (624 1824 720 ) 
4 117 175 (720 2040 8 ) (720 1824 8 ) (624 1824 8 ) (624 2040 8 ) 
4 117 118 (624 1944 160 ) (624 2040 160 ) (624 2040 8 ) (624 1944 8 ) 
4 118 176 (504 1944 8 ) (504 2040 8 ) (624 2040 8 ) (624 1944 8 ) 
4 119 127 (720 1152 320 ) (720 1152 720 ) (624 1152 720 ) (624 1152 320 ) 
4 119 121 (624 1824 720 ) (624 1824 320 ) (624 1152 320 ) (624 1152 720 ) 
4 120 183 (656 1152 8 ) (624 1152 8 ) (624 1216 8 ) (656 1216 8 ) 
4 121 127 (624 1152 320 ) (624 1152 720 ) (592 1152 720 ) (592 1152 320 ) 
4 121 122 (592 1824 720 ) (592 1824 320 ) (592 1152 320 ) (592 1152 720 ) 
4 122 127 (592 1152 320 ) (592 1152 720 ) (528 1152 720 ) (528 1152 320 ) 
4 122 126 (528 1824 720 ) (528 1824 320 ) (528 1152 320 ) (528 1152 720 ) 
4 123 180 (528 1696 8 ) (528 1728 8 ) (592 1728 8 ) (592 1696 8 ) 
4 124 180 (528 1536 8 ) (528 1568 8 ) (592 1568 8 ) (592 1536 8 ) 
4 125 180 (528 1376 8 ) (528 1408 8 ) (592 1408 8 ) (592 1376 8 ) 
4 126 145 (208 1152 320 ) (208 1152 720 ) (208 1824 720 ) (208 1824 320 ) 
4 126 127 (208 1152 720 ) (208 1152 320 ) (528 1152 320 ) (528 1152 720 ) 
4 127 150 (208 1144 320 ) (208 1144 720 ) (208 1152 720 ) (208 1152 320 ) 
4 127 128 (208 1144 720 ) (208 1144 320 ) (720 1144 320 ) (720 1144 720 ) 
4 128 151 (208 1056 88 ) (208 1056 720 ) (208 1144 720 ) (208 1144 88 ) 
4 128 139 (208 1056 720 ) (208 1056 88 ) (272 1056 88 ) (272 1056 720 ) 
4 128 138 (272 1056 88 ) (368 1056 88 ) (368 1056 720 ) (272 1056 720 ) 
4 128 136 (368 1056 88 ) (400 1056 88 ) (400 1056 720 ) (368 1056 720 ) 
4 128 135 (400 1056 88 ) (496 1056 88 ) (496 1056 720 ) (400 1056 720 ) 
4 128 133 (496 1056 88 ) (528 1056 88 ) (528 1056 720 ) (496 1056 720 ) 
4 128 132 (528 1056 88 ) (624 1056 88 ) (624 1056 720 ) (528 1056 720 ) 
4 128 130 (624 1056 88 ) (656 1056 88 ) (656 1056 720 ) (624 1056 720 ) 
4 128 129 (656 1056 88 ) (720 1056 88 ) (720 1056 720 ) (656 1056 720 ) 
4 129 293 (720 1024 88 ) (720 1024 720 ) (656 1024 720 ) (656 1024 88 ) 
4 129 130 (656 1024 720 ) (656 1056 720 ) (656 1056 88 ) (656 1024 88 ) 
4 130 293 (624 1024 720 ) (624 1024 88 ) (656 1024 88 ) (656 1024 720 ) 
4 130 132 (624 1056 720 ) (624 1056 88 ) (624 1024 88 ) (624 1024 720 ) 
4 131 294 (624 1024 16 ) (624 1024 8 ) (656 1024 8 ) (656 1024 16 ) 
4 131 183 (656 1024 8 ) (624 1024 8 ) (624 1056 8 ) (656 1056 8 ) 
4 132 295 (624 1024 88 ) (624 1024 720 ) (528 1024 720 ) (528 1024 88 ) 
4 132 133 (528 1024 720 ) (528 1056 720 ) (528 1056 88 ) (528 1024 88 ) 
4 133 296 (496 1024 720 ) (496 1024 88 ) (528 1024 88 ) (528 1024 720 ) 
4 133 135 (496 1056 720 ) (496 1056 88 ) (496 1024 88 ) (496 1024 720 ) 
4 134 297 (496 1024 16 ) (496 1024 8 ) (528 1024 8 ) (528 1024 16 ) 
4 134 183 (528 1024 8 ) (496 1024 8 ) (496 1056 8 ) (528 1056 8 ) 
4 135 298 (496 1024 88 ) (496 1024 720 ) (400 1024 720 ) (400 1024 88 ) 
4 135 136 (400 1024 720 ) (400 1056 720 ) (400 1056 88 ) (400 1024 88 ) 
4 136 299 (368 1024 720 ) (368 1024 88 ) (400 1024 88 ) (400 1024 720 ) 
4 136 138 (368 1056 720 ) (368 1056 88 ) (368 1024 88 ) (368 1024 720 ) 
4 137 300 (368 1024 16 ) (368 1024 8 ) (400 1024 8 ) (400 1024 16 ) 
4 137 183 (400 1024 8 ) (368 1024 8 ) (368 1056 8 ) (400 1056 8 ) 
4 138 301 (272 1024 720 ) (272 1024 88 ) (368 1024 88 ) (368 1024 720 ) 
4 138 139 (272 1056 720 ) (272 1056 88 ) (272 1024 88 ) (272 1024 720 ) 
4 139 301 (208 1024 720 ) (208 1024 88 ) (272 1024 88 ) (272 1024 720 ) 
4 139 152 (208 1024 88 ) (208 1024 720 ) (208 1056 720 ) (208 1056 88 ) 
4 140 302 (240 1024 8 ) (272 1024 8 ) (272 1024 16 ) (240 1024 16 ) 
4 140 187 (272 1024 8 ) (264 1024 8 ) (264 1056 8 ) (272 1056 8 ) 
4 140 188 (264 1024 8 ) (240 1024 8 ) (240 1056 8 ) (264 1056 8 ) 
4 141 195 (0 2048 720 ) (0 2048 336 ) (0 2040 336 ) (0 2040 720 ) 
4 141 142 (0 2040 720 ) (0 2040 336 ) (208 2040 336 ) (208 2040 720 ) 
4 142 195 (0 2040 720 ) (0 2040 336 ) (0 1920 336 ) (0 1920 720 ) 
4 142 143 (0 1920 720 ) (0 1920 336 ) (208 1920 336 ) (208 1920 720 ) 
4 143 197 (0 1824 320 ) (0 1824 336 ) (0 1920 336 ) (0 1920 320 ) 
4 143 196 (0 1824 336 ) (0 1824 720 ) (0 1920 720 ) (0 1920 336 ) 
4 143 155 (144 1824 720 ) (0 1824 720 ) (0 1824 320 ) (144 1824 320 ) 
4 143 145 (208 1824 320 ) (208 1824 720 ) (144 1824 720 ) (144 1824 320 ) 
4 144 188 (208 1952 8 ) (208 1920 8 ) (144 1920 8 ) (144 1952 8 ) 
4 145 155 (144 1824 720 ) (144 1824 320 ) (144 1152 320 ) (144 1152 720 ) 
4 145 150 (144 1152 720 ) (144 1152 320 ) (208 1152 320 ) (208 1152 720 ) 
4 146 188 (208 1792 8 ) (208 1760 8 ) (144 1760 8 ) (144 1792 8 ) 
4 147 188 (208 1632 8 ) (208 1600 8 ) (144 1600 8 ) (144 1632 8 ) 
4 148 188 (208 1472 8 ) (208 1440 8 ) (144 1440 8 ) (144 1472 8 ) 
4 149 188 (208 1312 8 ) (208 1280 8 ) (144 1280 8 ) (144 1312 8 ) 
4 150 156 (144 1144 320 ) (144 1144 720 ) (144 1152 720 ) (144 1152 320 ) 
4 150 153 (144 1144 720 ) (144 1144 320 ) (168 1144 320 ) (168 1144 720 ) 
4 150 151 (168 1144 320 ) (208 1144 320 ) (208 1144 720 ) (168 1144 720 ) 
4 151 153 (168 1144 720 ) (168 1144 200 ) (168 1056 200 ) (168 1056 720 ) 
4 151 152 (208 1056 88 ) (208 1056 720 ) (168 1056 720 ) (168 1056 88 ) 
4 152 301 (168 1024 720 ) (168 1024 88 ) (208 1024 88 ) (208 1024 720 ) 
4 152 154 (168 1024 88 ) (168 1024 720 ) (168 1032 720 ) (168 1032 88 ) 
4 152 153 (168 1032 720 ) (168 1056 720 ) (168 1056 200 ) (168 1032 200 ) 
4 153 159 (144 1032 200 ) (144 1032 720 ) (144 1056 720 ) (144 1056 200 ) 
4 153 157 (144 1056 720 ) (144 1144 720 ) (144 1144 200 ) (144 1056 200 ) 
4 153 154 (144 1032 720 ) (144 1032 200 ) (168 1032 200 ) (168 1032 720 ) 
4 154 301 (144 1024 720 ) (144 1024 88 ) (168 1024 88 ) (168 1024 720 ) 
4 154 162 (144 1024 88 ) (144 1024 720 ) (144 1032 720 ) (144 1032 88 ) 
4 155 210 (0 1152 320 ) (0 1152 720 ) (0 1376 720 ) (0 1376 320 ) 
4 155 206 (0 1376 720 ) (0 1440 720 ) (0 1440 320 ) (0 1376 320 ) 
4 155 205 (0 1440 720 ) (0 1600 720 ) (0 1600 320 ) (0 1440 320 ) 
4 155 201 (0 1600 720 ) (0 1664 720 ) (0 1664 320 ) (0 1600 320 ) 
4 155 200 (0 1664 720 ) (0 1824 720 ) (0 1824 320 ) (0 1664 320 ) 
4 155 156 (144 1152 320 ) (144 1152 720 ) (0 1152 720 ) (0 1152 320 ) 
4 156 211 (0 1144 320 ) (0 1144 720 ) (0 1152 720 ) (0 1152 320 ) 
4 156 158 (80 1144 720 ) (0 1144 720 ) (0 1144 320 ) (80 1144 320 ) 
4 156 157 (144 1144 320 ) (144 1144 720 ) (80 1144 720 ) (80 1144 320 ) 
4 157 161 (112 1056 720 ) (80 1056 720 ) (80 1056 200 ) (112 1056 200 ) 
4 157 159 (144 1056 200 ) (144 1056 720 ) (112 1056 720 ) (112 1056 200 ) 
4 157 158 (80 1144 720 ) (80 1144 200 ) (80 1056 200 ) (80 1056 720 ) 
4 158 212 (0 1056 200 ) (0 1056 720 ) (0 1144 720 ) (0 1144 200 ) 
4 158 166 (0 1056 720 ) (0 1056 200 ) (16 1056 200 ) (16 1056 720 ) 
4 158 165 (16 1056 200 ) (80 1056 200 ) (80 1056 720 ) (16 1056 720 ) 
4 159 162 (144 1032 200 ) (144 1032 720 ) (112 1032 720 ) (112 1032 200 ) 
4 159 161 (112 1032 200 ) (112 1032 720 ) (112 1056 720 ) (112 1056 200 ) 
4 160 188 (112 1056 8 ) (144 1056 8 ) (144 1032 8 ) (112 1032 8 ) 
4 160 163 (144 1032 8 ) (144 1032 16 ) (112 1032 16 ) (112 1032 8 ) 
4 161 165 (80 1056 720 ) (80 1056 200 ) (80 1032 200 ) (80 1032 720 ) 
4 161 164 (112 1032 720 ) (80 1032 720 ) (80 1032 200 ) (112 1032 200 ) 
4 162 301 (144 1024 88 ) (144 1024 720 ) (112 1024 720 ) (112 1024 88 ) 
4 162 164 (112 1032 720 ) (112 1032 88 ) (112 1024 88 ) (112 1024 720 ) 
4 163 303 (112 1024 8 ) (144 1024 8 ) (144 1024 16 ) (112 1024 16 ) 
4 163 188 (144 1024 8 ) (112 1024 8 ) (112 1032 8 ) (144 1032 8 ) 
4 164 301 (80 1024 720 ) (80 1024 88 ) (112 1024 88 ) (112 1024 720 ) 
4 164 165 (80 1024 200 ) (80 1024 720 ) (80 1032 720 ) (80 1032 200 ) 
4 165 304 (80 1024 200 ) (80 1024 720 ) (16 1024 720 ) (16 1024 200 ) 
4 165 166 (16 1024 720 ) (16 1056 720 ) (16 1056 200 ) (16 1024 200 ) 
4 166 305 (0 1024 720 ) (0 1024 200 ) (16 1024 200 ) (16 1024 720 ) 
4 166 213 (0 1024 200 ) (0 1024 720 ) (0 1056 720 ) (0 1056 200 ) 
4 167 306 (0 1024 16 ) (0 1024 8 ) (16 1024 8 ) (16 1024 16 ) 
4 167 214 (0 1056 8 ) (0 1024 8 ) (0 1024 16 ) (0 1056 16 ) 
4 167 194 (16 1024 8 ) (0 1024 8 ) (0 1056 8 ) (16 1056 8 ) 
4 169 170 (928 2040 -120 ) (1024 2040 -120 ) (1024 2040 8 ) (928 2040 8 ) 
4 170 331 (964 1024 8 ) (736 1024 8 ) (736 1024 -120 ) (964 1024 -120 ) 
4 170 330 (1024 1024 -120 ) (1024 1024 8 ) (964 1024 8 ) (964 1024 -120 ) 
4 170 173 (736 1068 -120 ) (736 1024 -120 ) (736 1024 -12 ) (736 1068 -12 ) 
4 170 171 (736 1380 -12 ) (736 1720 -12 ) (736 1720 -116 ) (736 1380 -116 ) 
4 172 180 (720 1380 -12 ) (720 1720 -12 ) (720 1720 -116 ) (720 1380 -116 ) 
4 173 333 (728 1024 -120 ) (736 1024 -120 ) (736 1024 -12 ) (728 1024 -12 ) 
4 173 174 (728 1068 -120 ) (728 1024 -120 ) (728 1024 -12 ) (728 1068 -12 ) 
4 174 334 (720 1024 -8 ) (720 1024 -120 ) (728 1024 -120 ) (728 1024 -8 ) 
4 174 183 (720 1072 -120 ) (720 1024 -120 ) (720 1024 -8 ) (720 1072 -8 ) 
4 175 176 (624 2040 8 ) (624 2040 -120 ) (624 1944 -120 ) (624 1944 8 ) 
4 176 177 (504 2040 8 ) (504 2040 -120 ) (504 1944 -120 ) (504 1944 8 ) 
4 177 185 (304 2040 -120 ) (304 1824 -120 ) (304 1824 8 ) (304 2040 8 ) 
4 177 178 (392 1824 -120 ) (480 1824 -120 ) (480 1824 -8 ) (392 1824 -8 ) 
4 178 180 (392 1816 -120 ) (480 1816 -120 ) (480 1816 -8 ) (392 1816 -8 ) 
4 179 182 (312 1288 -120 ) (384 1288 -120 ) (384 1288 8 ) (312 1288 8 ) 
4 179 181 (312 1360 -120 ) (312 1288 -120 ) (312 1288 8 ) (312 1360 8 ) 
4 181 187 (304 1368 -120 ) (304 1288 -120 ) (304 1288 8 ) (304 1368 8 ) 
4 181 182 (304 1288 8 ) (304 1288 -120 ) (312 1288 -120 ) (312 1288 8 ) 
4 182 187 (304 1288 -120 ) (304 1280 -120 ) (304 1280 8 ) (304 1288 8 ) 
4 182 183 (304 1280 8 ) (304 1280 -120 ) (392 1280 -120 ) (392 1280 8 ) 
4 183 335 (720 1024 8 ) (304 1024 8 ) (304 1024 -120 ) (720 1024 -120 ) 
4 183 187 (304 1280 -120 ) (304 1024 -120 ) (304 1024 8 ) (304 1280 8 ) 
4 184 188 (128 2040 -120 ) (216 2040 -120 ) (216 2040 -8 ) (128 2040 -8 ) 
4 185 188 (264 2040 8 ) (264 2040 -120 ) (264 1536 -120 ) (264 1536 8 ) 
4 186 188 (264 1512 -120 ) (264 1416 -120 ) (264 1416 -36 ) (264 1512 -36 ) 
4 187 335 (304 1024 8 ) (264 1024 8 ) (264 1024 -120 ) (304 1024 -120 ) 
4 187 188 (264 1408 -120 ) (264 1024 -120 ) (264 1024 8 ) (264 1408 8 ) 
4 188 335 (264 1024 8 ) (24 1024 8 ) (24 1024 -120 ) (264 1024 -120 ) 
4 188 190 (24 1280 -120 ) (24 1024 -120 ) (24 1024 8 ) (24 1280 8 ) 
4 188 189 (24 1392 -120 ) (24 1336 -120 ) (24 1336 -8 ) (24 1392 -8 ) 
4 189 193 (16 1392 -120 ) (16 1336 -120 ) (16 1336 -8 ) (16 1392 -8 ) 
4 190 335 (24 1024 8 ) (16 1024 8 ) (16 1024 -120 ) (24 1024 -120 ) 
4 190 194 (16 1280 -120 ) (16 1024 -120 ) (16 1024 8 ) (16 1280 8 ) 
4 191 240 (0 2016 -120 ) (0 1792 -120 ) (0 1792 8 ) (0 2016 8 ) 
4 192 241 (0 1760 -120 ) (0 1536 -120 ) (0 1536 8 ) (0 1760 8 ) 
4 193 242 (0 1504 -120 ) (0 1288 -120 ) (0 1288 8 ) (0 1504 8 ) 
4 194 335 (16 1024 8 ) (0 1024 8 ) (0 1024 -120 ) (16 1024 -120 ) 
4 194 243 (0 1280 -120 ) (0 1024 -120 ) (0 1024 8 ) (0 1280 8 ) 
4 195 217 (-208 2048 720 ) (-208 2048 336 ) (-208 1920 336 ) (-208 1920 720 ) 
4 195 196 (-208 1920 720 ) (-208 1920 336 ) (0 1920 336 ) (0 1920 720 ) 
4 196 217 (-208 1824 336 ) (-208 1824 720 ) (-208 1920 720 ) (-208 1920 336 ) 
4 196 215 (-208 1824 720 ) (-208 1824 336 ) (-128 1824 336 ) (-128 1824 720 ) 
4 196 200 (-128 1824 336 ) (0 1824 336 ) (0 1824 720 ) (-128 1824 720 ) 
4 196 198 (-208 1848 336 ) (-208 1920 336 ) (-128 1920 336 ) (-128 1848 336 ) 
4 196 197 (0 1824 336 ) (-128 1824 336 ) (-128 1920 336 ) (0 1920 336 ) 
4 197 200 (-128 1824 320 ) (0 1824 320 ) (0 1824 336 ) (-128 1824 336 ) 
4 197 198 (-128 1920 320 ) (-128 1848 320 ) (-128 1848 336 ) (-128 1920 336 ) 
4 198 218 (-208 1848 336 ) (-208 1920 336 ) (-208 1920 320 ) (-208 1848 320 ) 
4 199 240 (-80 1856 8 ) (-112 1856 8 ) (-112 1920 8 ) (-80 1920 8 ) 
4 200 215 (-128 1824 720 ) (-128 1824 336 ) (-128 1664 336 ) (-128 1664 720 ) 
4 200 204 (-128 1664 720 ) (-128 1664 320 ) (-112 1664 320 ) (-112 1664 720 ) 
4 200 202 (-112 1664 320 ) (-80 1664 320 ) (-80 1664 720 ) (-112 1664 720 ) 
4 200 201 (-80 1664 320 ) (0 1664 320 ) (0 1664 720 ) (-80 1664 720 ) 
4 201 205 (0 1600 320 ) (0 1600 720 ) (-80 1600 720 ) (-80 1600 320 ) 
4 201 202 (-80 1664 720 ) (-80 1664 320 ) (-80 1600 320 ) (-80 1600 720 ) 
4 202 205 (-80 1600 320 ) (-80 1600 720 ) (-112 1600 720 ) (-112 1600 320 ) 
4 202 204 (-112 1664 720 ) (-112 1664 320 ) (-112 1600 320 ) (-112 1600 720 ) 
4 203 241 (-80 1600 8 ) (-112 1600 8 ) (-112 1664 8 ) (-80 1664 8 ) 
4 204 215 (-128 1600 336 ) (-128 1600 720 ) (-128 1664 720 ) (-128 1664 336 ) 
4 204 205 (-128 1600 720 ) (-128 1600 320 ) (-112 1600 320 ) (-112 1600 720 ) 
4 205 215 (-128 1440 336 ) (-128 1440 720 ) (-128 1600 720 ) (-128 1600 336 ) 
4 205 209 (-128 1440 720 ) (-128 1440 320 ) (-112 1440 320 ) (-112 1440 720 ) 
4 205 207 (-112 1440 320 ) (-80 1440 320 ) (-80 1440 720 ) (-112 1440 720 ) 
4 205 206 (-80 1440 320 ) (0 1440 320 ) (0 1440 720 ) (-80 1440 720 ) 
4 206 210 (0 1376 320 ) (0 1376 720 ) (-80 1376 720 ) (-80 1376 320 ) 
4 206 207 (-80 1440 720 ) (-80 1440 320 ) (-80 1376 320 ) (-80 1376 720 ) 
4 207 210 (-80 1376 320 ) (-80 1376 720 ) (-112 1376 720 ) (-112 1376 320 ) 
4 207 209 (-112 1376 320 ) (-112 1376 720 ) (-112 1440 720 ) (-112 1440 320 ) 
4 208 242 (-80 1376 8 ) (-112 1376 8 ) (-112 1440 8 ) (-80 1440 8 ) 
4 209 215 (-128 1376 336 ) (-128 1376 720 ) (-128 1440 720 ) (-128 1440 336 ) 
4 209 210 (-128 1376 720 ) (-128 1376 320 ) (-112 1376 320 ) (-112 1376 720 ) 
4 210 215 (-128 1152 336 ) (-128 1152 720 ) (-128 1376 720 ) (-128 1376 336 ) 
4 210 211 (-128 1152 720 ) (-128 1152 320 ) (0 1152 320 ) (0 1152 720 ) 
4 211 215 (-128 1144 336 ) (-128 1144 720 ) (-128 1152 720 ) (-128 1152 336 ) 
4 211 212 (-128 1144 720 ) (-128 1144 320 ) (0 1144 320 ) (0 1144 720 ) 
4 212 215 (-128 1056 336 ) (-128 1056 720 ) (-128 1144 720 ) (-128 1144 336 ) 
4 212 213 (-128 1056 720 ) (-128 1056 200 ) (0 1056 200 ) (0 1056 720 ) 
4 213 358 (0 1024 200 ) (0 1024 720 ) (-128 1024 720 ) (-128 1024 200 ) 
4 213 215 (-128 1024 336 ) (-128 1024 720 ) (-128 1056 720 ) (-128 1056 336 ) 
4 214 359 (0 1024 8 ) (0 1024 16 ) (-16 1024 16 ) (-16 1024 8 ) 
4 214 243 (0 1056 8 ) (0 1024 8 ) (-16 1024 8 ) (-16 1056 8 ) 
4 215 362 (-208 1024 720 ) (-208 1024 336 ) (-128 1024 336 ) (-128 1024 720 ) 
4 215 222 (-208 1024 336 ) (-208 1024 720 ) (-208 1440 720 ) (-208 1440 336 ) 
4 215 220 (-208 1440 720 ) (-208 1664 720 ) (-208 1664 336 ) (-208 1440 336 ) 
4 215 217 (-208 1664 720 ) (-208 1824 720 ) (-208 1824 336 ) (-208 1664 336 ) 
4 216 363 (-208 1024 160 ) (-208 1024 32 ) (-128 1024 32 ) (-128 1024 160 ) 
4 216 225 (-208 1024 32 ) (-208 1024 160 ) (-208 1152 160 ) (-208 1152 32 ) 
4 217 228 (-432 1664 336 ) (-432 1664 720 ) (-432 2048 720 ) (-432 2048 336 ) 
4 217 220 (-432 1664 720 ) (-432 1664 336 ) (-208 1664 336 ) (-208 1664 720 ) 
4 217 218 (-432 1848 336 ) (-432 1920 336 ) (-208 1920 336 ) (-208 1848 336 ) 
4 218 229 (-432 1848 336 ) (-432 1920 336 ) (-432 1920 320 ) (-432 1848 320 ) 
4 219 240 (-272 1920 8 ) (-240 1920 8 ) (-240 1856 8 ) (-272 1856 8 ) 
4 220 228 (-432 1440 336 ) (-432 1440 720 ) (-432 1664 720 ) (-432 1664 336 ) 
4 220 222 (-432 1440 720 ) (-432 1440 336 ) (-208 1440 336 ) (-208 1440 720 ) 
4 221 241 (-272 1664 8 ) (-240 1664 8 ) (-240 1600 8 ) (-272 1600 8 ) 
4 222 372 (-432 1024 720 ) (-432 1024 336 ) (-272 1024 336 ) (-272 1024 720 ) 
4 222 364 (-272 1024 336 ) (-208 1024 336 ) (-208 1024 720 ) (-272 1024 720 ) 
4 222 228 (-432 1024 336 ) (-432 1024 720 ) (-432 1440 720 ) (-432 1440 336 ) 
4 223 242 (-272 1376 8 ) (-272 1440 8 ) (-240 1440 8 ) (-240 1376 8 ) 
4 224 245 (-272 1152 8 ) (-272 1184 8 ) (-208 1184 8 ) (-208 1152 8 ) 
4 225 365 (-208 1024 32 ) (-208 1024 160 ) (-272 1024 160 ) (-272 1024 32 ) 
4 225 226 (-272 1024 160 ) (-272 1152 160 ) (-272 1152 32 ) (-272 1024 32 ) 
4 226 373 (-272 1024 32 ) (-272 1024 160 ) (-328 1024 160 ) (-328 1024 32 ) 
4 226 227 (-328 1024 160 ) (-328 1152 160 ) (-328 1152 32 ) (-328 1024 32 ) 
4 227 374 (-432 1024 160 ) (-432 1024 32 ) (-328 1024 32 ) (-328 1024 160 ) 
4 227 230 (-432 1024 32 ) (-432 1024 160 ) (-432 1152 160 ) (-432 1152 32 ) 
4 228 372 (-496 1024 720 ) (-496 1024 336 ) (-432 1024 336 ) (-432 1024 720 ) 
4 228 235 (-496 2048 720 ) (-496 2048 336 ) (-496 1024 336 ) (-496 1024 720 ) 
4 228 229 (-496 1848 336 ) (-496 1920 336 ) (-432 1920 336 ) (-432 1848 336 ) 
4 229 236 (-496 1920 320 ) (-496 1848 320 ) (-496 1848 336 ) (-496 1920 336 ) 
4 230 374 (-496 1024 160 ) (-496 1024 32 ) (-432 1024 32 ) (-432 1024 160 ) 
4 230 237 (-496 1152 32 ) (-496 1024 32 ) (-496 1024 160 ) (-496 1152 160 ) 
4 231 251 (-496 1824 8 ) (-496 1856 8 ) (-432 1856 8 ) (-432 1824 8 ) 
4 232 251 (-496 1600 8 ) (-496 1632 8 ) (-432 1632 8 ) (-432 1600 8 ) 
4 233 251 (-496 1376 8 ) (-496 1408 8 ) (-432 1408 8 ) (-432 1376 8 ) 
4 234 251 (-496 1152 8 ) (-496 1184 8 ) (-432 1184 8 ) (-432 1152 8 ) 
4 235 372 (-648 1024 720 ) (-648 1024 336 ) (-496 1024 336 ) (-496 1024 720 ) 
4 235 238 (-648 1024 336 ) (-648 1024 720 ) (-648 2048 720 ) (-648 2048 336 ) 
4 235 236 (-648 1848 336 ) (-648 1920 336 ) (-496 1920 336 ) (-496 1848 336 ) 
4 236 239 (-648 1848 336 ) (-648 1920 336 ) (-648 1920 320 ) (-648 1848 320 ) 
4 237 374 (-648 1024 160 ) (-648 1024 32 ) (-496 1024 32 ) (-496 1024 160 ) 
4 238 375 (-656 1024 720 ) (-656 1024 336 ) (-648 1024 336 ) (-648 1024 720 ) 
4 238 239 (-656 1848 336 ) (-656 1920 336 ) (-648 1920 336 ) (-648 1848 336 ) 
4 240 247 (-360 1888 -120 ) (-360 1832 -120 ) (-360 1832 -8 ) (-360 1888 -8 ) 
4 241 248 (-360 1640 -120 ) (-360 1584 -120 ) (-360 1584 -8 ) (-360 1640 -8 ) 
4 243 393 (0 1024 -120 ) (0 1024 8 ) (-144 1024 8 ) (-144 1024 -120 ) 
4 243 244 (-144 1068 -120 ) (-144 1024 -120 ) (-144 1024 -12 ) (-144 1068 -12 ) 
4 244 394 (-152 1024 -12 ) (-152 1024 -120 ) (-144 1024 -120 ) (-144 1024 -12 ) 
4 244 245 (-152 1068 -120 ) (-152 1024 -120 ) (-152 1024 -12 ) (-152 1068 -12 ) 
4 245 401 (-152 1024 8 ) (-320 1024 8 ) (-320 1024 -120 ) (-152 1024 -120 ) 
4 245 246 (-320 1216 8 ) (-320 1216 -120 ) (-320 1088 -120 ) (-320 1088 8 ) 
4 246 249 (-360 1216 -120 ) (-360 1088 -120 ) (-360 1088 8 ) (-360 1216 8 ) 
4 247 250 (-368 1888 -120 ) (-368 1832 -120 ) (-368 1832 -8 ) (-368 1888 -8 ) 
4 248 250 (-368 1640 -120 ) (-368 1584 -120 ) (-368 1584 -8 ) (-368 1640 -8 ) 
4 249 250 (-368 1216 -120 ) (-368 1088 -120 ) (-368 1088 8 ) (-368 1216 8 ) 
4 250 251 (-416 2048 -120 ) (-416 1088 -120 ) (-416 1088 8 ) (-416 2048 8 ) 
4 251 255 (-528 1378 -120 ) (-528 1290 -120 ) (-528 1290 -8 ) (-528 1378 -8 ) 
4 251 254 (-528 1914 -120 ) (-528 1826 -120 ) (-528 1826 -8 ) (-528 1914 -8 ) 
4 252 405 (-416 1024 8 ) (-528 1024 8 ) (-528 1024 -120 ) (-416 1024 -120 ) 
4 252 256 (-528 1080 -120 ) (-528 1024 -120 ) (-528 1024 -8 ) (-528 1080 -8 ) 
4 252 253 (-528 1024 -8 ) (-528 1024 8 ) (-528 1080 8 ) (-528 1080 -8 ) 
4 253 405 (-528 1024 8 ) (-648 1024 8 ) (-648 1024 -8 ) (-528 1024 -8 ) 
4 253 256 (-528 1080 -8 ) (-528 1024 -8 ) (-648 1024 -8 ) (-648 1080 -8 ) 
4 256 405 (-648 1024 -120 ) (-528 1024 -120 ) (-528 1024 -8 ) (-648 1024 -8 ) 
4 257 275 (2144 0 720 ) (2048 0 720 ) (2048 0 -120 ) (2144 0 -120 ) 
4 257 270 (2048 808 -120 ) (2048 0 -120 ) (2048 0 88 ) (2048 808 88 ) 
4 257 267 (2048 1024 88 ) (2048 1024 -120 ) (2048 808 -120 ) (2048 808 88 ) 
4 257 263 (2048 752 88 ) (2048 0 88 ) (2048 0 184 ) (2048 752 184 ) 
4 257 261 (2048 1024 184 ) (2048 1024 88 ) (2048 752 88 ) (2048 752 184 ) 
4 257 258 (2048 1024 720 ) (2048 1024 184 ) (2048 0 184 ) (2048 0 720 ) 
4 258 276 (2048 0 184 ) (2048 0 720 ) (1504 0 720 ) (1504 0 184 ) 
4 258 263 (2048 752 184 ) (2048 0 184 ) (1504 0 184 ) (1504 752 184 ) 
4 258 261 (1504 1024 184 ) (2048 1024 184 ) (2048 752 184 ) (1504 752 184 ) 
4 258 259 (1504 744 200 ) (1504 744 720 ) (1504 1024 720 ) (1504 1024 200 ) 
4 258 260 (1504 744 184 ) (1504 0 184 ) (1504 0 720 ) (1504 744 720 ) 
4 259 277 (1024 1024 720 ) (1024 1024 200 ) (1024 744 200 ) (1024 744 720 ) 
4 259 260 (1504 744 200 ) (1504 744 720 ) (1024 744 720 ) (1024 744 200 ) 
4 260 278 (1024 744 184 ) (1024 0 184 ) (1024 0 200 ) (1024 744 200 ) 
4 260 277 (1024 0 200 ) (1024 0 720 ) (1024 744 720 ) (1024 744 200 ) 
4 260 276 (1504 0 720 ) (1024 0 720 ) (1024 0 184 ) (1504 0 184 ) 
4 260 266 (1448 0 184 ) (1024 0 184 ) (1024 744 184 ) (1448 744 184 ) 
4 260 264 (1504 744 184 ) (1504 0 184 ) (1448 0 184 ) (1448 744 184 ) 
4 261 270 (2048 808 88 ) (2048 752 88 ) (1504 752 88 ) (1504 808 88 ) 
4 261 267 (1504 1024 88 ) (2048 1024 88 ) (2048 808 88 ) (1504 808 88 ) 
4 261 263 (1504 752 88 ) (2048 752 88 ) (2048 752 184 ) (1504 752 184 ) 
4 262 281 (1024 1024 104 ) (1024 1024 88 ) (1024 752 88 ) (1024 752 104 ) 
4 262 280 (1024 1024 168 ) (1024 1024 104 ) (1024 752 104 ) (1024 752 168 ) 
4 262 279 (1024 1024 184 ) (1024 1024 168 ) (1024 752 168 ) (1024 752 184 ) 
4 262 268 (1280 1024 88 ) (1496 1024 88 ) (1496 808 88 ) (1280 808 88 ) 
4 262 269 (1024 808 88 ) (1024 1024 88 ) (1280 1024 88 ) (1280 808 88 ) 
4 262 265 (1448 752 104 ) (1448 752 168 ) (1024 752 168 ) (1024 752 104 ) 
4 263 276 (2048 0 88 ) (2048 0 184 ) (1504 0 184 ) (1504 0 88 ) 
4 263 270 (2048 0 88 ) (1504 0 88 ) (1504 752 88 ) (2048 752 88 ) 
4 263 264 (1504 744 88 ) (1504 0 88 ) (1504 0 184 ) (1504 744 184 ) 
4 264 276 (1504 0 184 ) (1448 0 184 ) (1448 0 88 ) (1504 0 88 ) 
4 264 271 (1504 0 88 ) (1448 0 88 ) (1448 744 88 ) (1504 744 88 ) 
4 264 266 (1448 744 88 ) (1448 0 88 ) (1448 0 184 ) (1448 744 184 ) 
4 265 280 (1024 750 168 ) (1024 752 168 ) (1024 752 104 ) (1024 750 104 ) 
4 266 282 (1024 744 88 ) (1024 0 88 ) (1024 0 184 ) (1024 744 184 ) 
4 266 276 (1448 0 184 ) (1024 0 184 ) (1024 0 88 ) (1448 0 88 ) 
4 266 271 (1448 0 88 ) (1024 0 88 ) (1024 744 88 ) (1448 744 88 ) 
4 267 270 (1504 808 -120 ) (2048 808 -120 ) (2048 808 88 ) (1504 808 88 ) 
4 268 269 (1280 808 16 ) (1280 808 88 ) (1280 1024 88 ) (1280 1024 16 ) 
4 269 330 (1024 1024 8 ) (1024 1024 -120 ) (1024 808 -120 ) (1024 808 8 ) 
4 269 286 (1024 1024 88 ) (1024 1024 8 ) (1024 808 8 ) (1024 808 88 ) 
4 269 273 (1024 808 -120 ) (1156 808 -120 ) (1156 808 36 ) (1024 808 36 ) 
4 270 276 (2048 0 -120 ) (2048 0 88 ) (1504 0 88 ) (1504 0 -120 ) 
4 270 274 (1504 800 -120 ) (1504 0 -120 ) (1504 0 36 ) (1504 800 36 ) 
4 270 272 (1504 800 36 ) (1504 0 36 ) (1504 0 80 ) (1504 800 80 ) 
4 270 271 (1504 744 80 ) (1504 0 80 ) (1504 0 88 ) (1504 744 88 ) 
4 271 287 (1024 0 80 ) (1024 0 88 ) (1024 744 88 ) (1024 744 80 ) 
4 271 276 (1504 0 88 ) (1024 0 88 ) (1024 0 80 ) (1504 0 80 ) 
4 271 272 (1024 0 80 ) (1024 744 80 ) (1504 744 80 ) (1504 0 80 ) 
4 272 289 (1024 0 36 ) (1024 0 80 ) (1024 800 80 ) (1024 800 36 ) 
4 272 276 (1024 0 80 ) (1024 0 36 ) (1504 0 36 ) (1504 0 80 ) 
4 272 274 (1504 800 36 ) (1504 0 36 ) (1024 0 36 ) (1024 800 36 ) 
4 273 330 (1024 808 -120 ) (1024 800 -120 ) (1024 800 8 ) (1024 808 8 ) 
4 273 290 (1024 800 8 ) (1024 800 36 ) (1024 808 36 ) (1024 808 8 ) 
4 273 274 (1024 800 -120 ) (1156 800 -120 ) (1156 800 36 ) (1024 800 36 ) 
4 274 339 (1024 600 -120 ) (1024 592 -120 ) (1024 592 8 ) (1024 600 8 ) 
4 274 356 (1024 592 -120 ) (1024 0 -120 ) (1024 0 8 ) (1024 592 8 ) 
4 274 332 (1024 800 -120 ) (1024 600 -120 ) (1024 600 8 ) (1024 800 8 ) 
4 274 290 (1024 0 8 ) (1024 0 36 ) (1024 800 36 ) (1024 800 8 ) 
4 274 276 (1024 0 36 ) (1024 0 -120 ) (1504 0 -120 ) (1504 0 36 ) 
4 275 276 (2048 0 720 ) (2048 0 -120 ) (2048 -256 -120 ) (2048 -256 720 ) 
4 276 414 (1024 -256 720 ) (1024 0 720 ) (1024 0 -120 ) (1024 -256 -120 ) 
4 277 414 (1024 0 200 ) (1024 0 720 ) (720 0 720 ) (720 0 200 ) 
4 277 329 (720 592 200 ) (720 0 200 ) (720 0 720 ) (720 592 720 ) 
4 277 327 (720 696 200 ) (720 592 200 ) (720 592 720 ) (720 696 720 ) 
4 277 320 (720 760 200 ) (720 696 200 ) (720 696 720 ) (720 760 720 ) 
4 277 318 (720 824 200 ) (720 760 200 ) (720 760 720 ) (720 824 720 ) 
4 277 309 (720 888 200 ) (720 824 200 ) (720 824 720 ) (720 888 720 ) 
4 277 307 (720 992 200 ) (720 888 200 ) (720 888 720 ) (720 992 720 ) 
4 277 293 (720 1024 720 ) (720 1024 200 ) (720 992 200 ) (720 992 720 ) 
4 277 278 (1024 0 200 ) (720 0 200 ) (720 744 200 ) (1024 744 200 ) 
4 278 414 (1024 0 184 ) (1024 0 200 ) (720 0 200 ) (720 0 184 ) 
4 278 329 (720 592 184 ) (720 0 184 ) (720 0 200 ) (720 592 200 ) 
4 278 327 (720 696 184 ) (720 592 184 ) (720 592 200 ) (720 696 200 ) 
4 278 320 (720 744 184 ) (720 696 184 ) (720 696 200 ) (720 744 200 ) 
4 278 285 (720 0 184 ) (720 744 184 ) (736 744 184 ) (736 0 184 ) 
4 278 284 (736 744 184 ) (832 744 184 ) (832 0 184 ) (736 0 184 ) 
4 278 282 (832 744 184 ) (1024 744 184 ) (1024 0 184 ) (832 0 184 ) 
4 279 283 (832 752 184 ) (832 1024 184 ) (832 1024 168 ) (832 752 168 ) 
4 279 280 (832 752 168 ) (832 1024 168 ) (1024 1024 168 ) (1024 752 168 ) 
4 280 283 (832 752 168 ) (832 1024 168 ) (832 1024 104 ) (832 752 104 ) 
4 280 281 (832 752 104 ) (832 1024 104 ) (1024 1024 104 ) (1024 752 104 ) 
4 281 286 (832 808 88 ) (832 1024 88 ) (1024 1024 88 ) (1024 808 88 ) 
4 281 283 (832 1024 88 ) (832 752 88 ) (832 752 104 ) (832 1024 104 ) 
4 282 414 (1024 0 88 ) (1024 0 184 ) (832 0 184 ) (832 0 88 ) 
4 282 287 (1024 0 88 ) (832 0 88 ) (832 744 88 ) (1024 744 88 ) 
4 282 284 (832 744 88 ) (832 0 88 ) (832 0 184 ) (832 744 184 ) 
4 283 286 (736 808 88 ) (736 1024 88 ) (832 1024 88 ) (832 808 88 ) 
4 284 414 (832 0 184 ) (736 0 184 ) (736 0 88 ) (832 0 88 ) 
4 284 287 (832 0 88 ) (736 0 88 ) (736 744 88 ) (832 744 88 ) 
4 284 285 (736 744 88 ) (736 0 88 ) (736 0 184 ) (736 744 184 ) 
4 285 414 (736 0 184 ) (720 0 184 ) (720 0 88 ) (736 0 88 ) 
4 285 329 (720 592 88 ) (720 0 88 ) (720 0 184 ) (720 592 184 ) 
4 285 327 (720 696 88 ) (720 592 88 ) (720 592 184 ) (720 696 184 ) 
4 285 320 (720 744 88 ) (720 696 88 ) (720 696 184 ) (720 744 184 ) 
4 285 288 (736 0 88 ) (720 0 88 ) (720 592 88 ) (736 592 88 ) 
4 286 331 (736 1024 8 ) (964 1024 8 ) (964 808 8 ) (736 808 8 ) 
4 286 330 (964 1024 8 ) (1024 1024 8 ) (1024 808 8 ) (964 808 8 ) 
4 286 290 (964 808 8 ) (1024 808 8 ) (1024 808 36 ) (964 808 36 ) 
4 287 414 (1024 0 80 ) (1024 0 88 ) (736 0 88 ) (736 0 80 ) 
4 287 289 (1024 0 80 ) (736 0 80 ) (736 744 80 ) (1024 744 80 ) 
4 287 288 (736 592 80 ) (736 0 80 ) (736 0 88 ) (736 592 88 ) 
4 288 414 (736 0 88 ) (720 0 88 ) (720 0 80 ) (736 0 80 ) 
4 288 329 (720 0 80 ) (720 0 88 ) (720 592 88 ) (720 592 80 ) 
4 288 292 (736 0 80 ) (720 0 80 ) (720 592 80 ) (736 592 80 ) 
4 289 414 (1024 0 36 ) (1024 0 80 ) (736 0 80 ) (736 0 36 ) 
4 289 292 (736 0 80 ) (736 592 80 ) (736 592 36 ) (736 0 36 ) 
4 289 291 (964 0 36 ) (736 0 36 ) (736 800 36 ) (964 800 36 ) 
4 289 290 (1024 0 36 ) (964 0 36 ) (964 800 36 ) (1024 800 36 ) 
4 290 414 (1024 0 8 ) (1024 0 36 ) (964 0 36 ) (964 0 8 ) 
4 290 339 (964 592 8 ) (964 600 8 ) (1024 600 8 ) (1024 592 8 ) 
4 290 356 (1024 0 8 ) (964 0 8 ) (964 592 8 ) (1024 592 8 ) 
4 290 330 (964 800 8 ) (964 808 8 ) (1024 808 8 ) (1024 800 8 ) 
4 290 332 (964 600 8 ) (964 800 8 ) (1024 800 8 ) (1024 600 8 ) 
4 290 291 (964 0 36 ) (964 800 36 ) (964 800 8 ) (964 0 8 ) 
4 291 414 (964 0 36 ) (736 0 36 ) (736 0 8 ) (964 0 8 ) 
4 291 339 (736 592 8 ) (736 600 8 ) (964 600 8 ) (964 592 8 ) 
4 291 356 (964 0 8 ) (736 0 8 ) (736 592 8 ) (964 592 8 ) 
4 291 332 (736 600 8 ) (736 800 8 ) (964 800 8 ) (964 600 8 ) 
4 291 292 (736 592 8 ) (736 0 8 ) (736 0 36 ) (736 592 36 ) 
4 292 414 (736 0 80 ) (720 0 80 ) (720 0 8 ) (736 0 8 ) 
4 292 356 (736 0 8 ) (720 0 8 ) (720 592 8 ) (736 592 8 ) 
4 292 329 (720 592 8 ) (720 0 8 ) (720 0 80 ) (720 592 80 ) 
4 293 307 (720 992 88 ) (720 992 720 ) (624 992 720 ) (624 992 88 ) 
4 293 295 (624 1024 720 ) (624 1024 88 ) (624 992 88 ) (624 992 720 ) 
4 294 335 (624 1024 8 ) (656 1024 8 ) (656 992 8 ) (624 992 8 ) 
4 295 307 (624 992 88 ) (624 992 720 ) (528 992 720 ) (528 992 88 ) 
4 295 296 (528 992 88 ) (528 992 720 ) (528 1024 720 ) (528 1024 88 ) 
4 296 307 (528 992 88 ) (528 992 720 ) (496 992 720 ) (496 992 88 ) 
4 296 298 (496 992 88 ) (496 992 720 ) (496 1024 720 ) (496 1024 88 ) 
4 297 335 (496 1024 8 ) (528 1024 8 ) (528 992 8 ) (496 992 8 ) 
4 298 307 (496 992 88 ) (496 992 720 ) (400 992 720 ) (400 992 88 ) 
4 298 299 (400 992 88 ) (400 992 720 ) (400 1024 720 ) (400 1024 88 ) 
4 299 307 (400 992 88 ) (400 992 720 ) (368 992 720 ) (368 992 88 ) 
4 299 301 (368 1024 720 ) (368 1024 88 ) (368 992 88 ) (368 992 720 ) 
4 300 335 (368 1024 8 ) (400 1024 8 ) (400 992 8 ) (368 992 8 ) 
4 301 307 (368 992 88 ) (368 992 720 ) (80 992 720 ) (80 992 88 ) 
4 301 304 (80 992 200 ) (80 992 720 ) (80 1024 720 ) (80 1024 200 ) 
4 302 335 (240 1024 8 ) (272 1024 8 ) (272 992 8 ) (240 992 8 ) 
4 303 335 (112 1024 8 ) (144 1024 8 ) (144 992 8 ) (112 992 8 ) 
4 304 308 (80 992 200 ) (80 992 720 ) (16 992 720 ) (16 992 200 ) 
4 304 305 (16 992 200 ) (16 992 720 ) (16 1024 720 ) (16 1024 200 ) 
4 305 358 (0 1024 720 ) (0 1024 200 ) (0 992 200 ) (0 992 720 ) 
4 305 308 (16 992 200 ) (16 992 720 ) (0 992 720 ) (0 992 200 ) 
4 306 359 (0 1024 16 ) (0 1024 8 ) (0 992 8 ) (0 992 16 ) 
4 306 335 (0 992 8 ) (0 1024 8 ) (16 1024 8 ) (16 992 8 ) 
4 307 315 (240 888 720 ) (80 888 720 ) (80 888 88 ) (240 888 88 ) 
4 307 314 (400 888 720 ) (240 888 720 ) (240 888 88 ) (400 888 88 ) 
4 307 312 (432 888 720 ) (400 888 720 ) (400 888 88 ) (432 888 88 ) 
4 307 311 (592 888 720 ) (432 888 720 ) (432 888 88 ) (592 888 88 ) 
4 307 309 (720 888 88 ) (720 888 720 ) (592 888 720 ) (592 888 88 ) 
4 307 308 (80 992 720 ) (80 992 200 ) (80 888 200 ) (80 888 720 ) 
4 308 360 (0 888 200 ) (0 888 720 ) (0 992 720 ) (0 992 200 ) 
4 308 317 (80 888 200 ) (80 888 720 ) (0 888 720 ) (0 888 200 ) 
4 309 318 (720 824 88 ) (720 824 720 ) (592 824 720 ) (592 824 88 ) 
4 309 311 (592 888 720 ) (592 888 88 ) (592 824 88 ) (592 824 720 ) 
4 310 337 (592 888 8 ) (624 888 8 ) (624 824 8 ) (592 824 8 ) 
4 311 318 (592 824 88 ) (592 824 720 ) (432 824 720 ) (432 824 88 ) 
4 311 312 (432 888 720 ) (432 888 88 ) (432 824 88 ) (432 824 720 ) 
4 312 318 (432 824 88 ) (432 824 720 ) (400 824 720 ) (400 824 88 ) 
4 312 314 (400 824 88 ) (400 824 720 ) (400 888 720 ) (400 888 88 ) 
4 313 337 (400 888 8 ) (432 888 8 ) (432 824 8 ) (400 824 8 ) 
4 314 318 (400 824 88 ) (400 824 720 ) (240 824 720 ) (240 824 88 ) 
4 314 315 (240 888 720 ) (240 888 88 ) (240 824 88 ) (240 824 720 ) 
4 315 318 (240 824 88 ) (240 824 720 ) (80 824 720 ) (80 824 88 ) 
4 315 317 (80 888 720 ) (80 888 200 ) (80 824 200 ) (80 824 720 ) 
4 316 337 (208 888 8 ) (240 888 8 ) (240 824 8 ) (208 824 8 ) 
4 317 360 (0 824 200 ) (0 824 720 ) (0 888 720 ) (0 888 200 ) 
4 317 319 (0 824 720 ) (0 824 200 ) (80 824 200 ) (80 824 720 ) 
4 318 324 (400 760 720 ) (80 760 720 ) (80 760 88 ) (400 760 88 ) 
4 318 322 (592 760 720 ) (400 760 720 ) (400 760 88 ) (592 760 88 ) 
4 318 320 (720 760 88 ) (720 760 720 ) (592 760 720 ) (592 760 88 ) 
4 318 319 (80 824 720 ) (80 824 200 ) (80 760 200 ) (80 760 720 ) 
4 319 360 (0 760 200 ) (0 760 720 ) (0 824 720 ) (0 824 200 ) 
4 319 326 (80 760 200 ) (80 760 720 ) (0 760 720 ) (0 760 200 ) 
4 320 327 (720 696 88 ) (720 696 720 ) (592 696 720 ) (592 696 88 ) 
4 320 322 (592 760 720 ) (592 760 88 ) (592 696 88 ) (592 696 720 ) 
4 321 337 (592 760 8 ) (624 760 8 ) (624 696 8 ) (592 696 8 ) 
4 322 327 (592 696 88 ) (592 696 720 ) (400 696 720 ) (400 696 88 ) 
4 322 324 (400 760 720 ) (400 760 88 ) (400 696 88 ) (400 696 720 ) 
4 323 337 (400 760 8 ) (432 760 8 ) (432 696 8 ) (400 696 8 ) 
4 324 327 (400 696 88 ) (400 696 720 ) (80 696 720 ) (80 696 88 ) 
4 324 326 (80 760 720 ) (80 760 200 ) (80 696 200 ) (80 696 720 ) 
4 325 337 (208 760 8 ) (240 760 8 ) (240 696 8 ) (208 696 8 ) 
4 326 360 (0 696 200 ) (0 696 720 ) (0 760 720 ) (0 760 200 ) 
4 326 328 (0 696 720 ) (0 696 200 ) (80 696 200 ) (80 696 720 ) 
4 327 329 (720 592 88 ) (720 592 720 ) (80 592 720 ) (80 592 88 ) 
4 327 328 (80 696 720 ) (80 696 200 ) (80 592 200 ) (80 592 720 ) 
4 328 360 (0 592 200 ) (0 592 720 ) (0 696 720 ) (0 696 200 ) 
4 328 329 (80 592 200 ) (80 592 720 ) (0 592 720 ) (0 592 200 ) 
4 329 414 (0 0 720 ) (0 0 8 ) (720 0 8 ) (720 0 720 ) 
4 329 361 (0 592 8 ) (0 0 8 ) (0 0 200 ) (0 592 200 ) 
4 329 360 (0 0 200 ) (0 0 720 ) (0 592 720 ) (0 592 200 ) 
4 329 356 (720 0 8 ) (0 0 8 ) (0 592 8 ) (720 592 8 ) 
4 330 331 (964 1024 -120 ) (964 808 -120 ) (964 808 8 ) (964 1024 8 ) 
4 330 332 (964 800 -120 ) (1024 800 -120 ) (1024 800 8 ) (964 800 8 ) 
4 331 333 (736 1024 -120 ) (736 972 -120 ) (736 972 -12 ) (736 1024 -12 ) 
4 332 339 (736 600 -120 ) (1024 600 -120 ) (1024 600 8 ) (736 600 8 ) 
4 333 334 (728 1024 -120 ) (728 972 -120 ) (728 972 -12 ) (728 1024 -12 ) 
4 334 335 (720 1024 -120 ) (720 968 -120 ) (720 968 -8 ) (720 1024 -8 ) 
4 335 393 (0 1024 8 ) (0 1024 -120 ) (0 960 -120 ) (0 960 8 ) 
4 335 336 (560 960 -120 ) (648 960 -120 ) (648 960 -8 ) (560 960 -8 ) 
4 336 337 (560 952 -120 ) (648 952 -120 ) (648 952 -8 ) (560 952 -8 ) 
4 337 355 (284 600 -76 ) (284 600 -74 ) (168 600 -74 ) (168 600 -76 ) 
4 337 349 (284 600 -74 ) (284 600 -16 ) (168 600 -16 ) (168 600 -74 ) 
4 337 348 (284 600 -16 ) (284 600 -14 ) (168 600 -14 ) (168 600 -16 ) 
4 337 347 (640 600 -76 ) (640 600 -74 ) (524 600 -74 ) (524 600 -76 ) 
4 337 341 (640 600 -74 ) (640 600 -16 ) (524 600 -16 ) (524 600 -74 ) 
4 337 340 (640 600 -16 ) (640 600 -14 ) (524 600 -14 ) (524 600 -16 ) 
4 338 396 (0 952 -120 ) (0 600 -120 ) (0 600 8 ) (0 952 8 ) 
4 339 356 (736 592 -120 ) (1024 592 -120 ) (1024 592 8 ) (736 592 8 ) 
4 340 345 (524 595 -16 ) (524 597 -16 ) (526 597 -16 ) (526 595 -16 ) 
4 340 343 (600 597 -16 ) (602 597 -16 ) (602 595 -16 ) (600 595 -16 ) 
4 340 344 (562 597 -16 ) (564 597 -16 ) (564 595 -16 ) (562 595 -16 ) 
4 340 342 (638 597 -16 ) (640 597 -16 ) (640 595 -16 ) (638 595 -16 ) 
4 340 341 (524 597 -16 ) (524 600 -16 ) (640 600 -16 ) (640 597 -16 ) 
4 340 346 (524 592 -16 ) (524 595 -16 ) (640 595 -16 ) (640 592 -16 ) 
4 340 356 (640 592 -16 ) (640 592 -14 ) (524 592 -14 ) (524 592 -16 ) 
4 341 347 (524 597 -74 ) (524 600 -74 ) (640 600 -74 ) (640 597 -74 ) 
4 341 345 (524 597 -74 ) (526 597 -74 ) (526 597 -16 ) (524 597 -16 ) 
4 341 343 (600 597 -74 ) (602 597 -74 ) (602 597 -16 ) (600 597 -16 ) 
4 341 344 (562 597 -74 ) (564 597 -74 ) (564 597 -16 ) (562 597 -16 ) 
4 341 342 (638 597 -74 ) (640 597 -74 ) (640 597 -16 ) (638 597 -16 ) 
4 342 347 (638 597 -74 ) (640 597 -74 ) (640 595 -74 ) (638 595 -74 ) 
4 342 346 (638 595 -74 ) (640 595 -74 ) (640 595 -16 ) (638 595 -16 ) 
4 343 347 (600 597 -74 ) (602 597 -74 ) (602 595 -74 ) (600 595 -74 ) 
4 343 346 (600 595 -74 ) (602 595 -74 ) (602 595 -16 ) (600 595 -16 ) 
4 344 347 (562 597 -74 ) (564 597 -74 ) (564 595 -74 ) (562 595 -74 ) 
4 344 346 (562 595 -74 ) (564 595 -74 ) (564 595 -16 ) (562 595 -16 ) 
4 345 347 (524 595 -74 ) (524 597 -74 ) (526 597 -74 ) (526 595 -74 ) 
4 345 346 (524 595 -74 ) (526 595 -74 ) (526 595 -16 ) (524 595 -16 ) 
4 346 347 (524 592 -74 ) (524 595 -74 ) (640 595 -74 ) (640 592 -74 ) 
4 346 356 (640 592 -74 ) (640 592 -16 ) (524 592 -16 ) (524 592 -74 ) 
4 347 356 (640 592 -76 ) (640 592 -74 ) (524 592 -74 ) (524 592 -76 ) 
4 348 352 (206 597 -16 ) (208 597 -16 ) (208 595 -16 ) (206 595 -16 ) 
4 348 353 (168 595 -16 ) (168 597 -16 ) (170 597 -16 ) (170 595 -16 ) 
4 348 351 (244 597 -16 ) (246 597 -16 ) (246 595 -16 ) (244 595 -16 ) 
4 348 350 (282 597 -16 ) (284 597 -16 ) (284 595 -16 ) (282 595 -16 ) 
4 348 349 (168 597 -16 ) (168 600 -16 ) (284 600 -16 ) (284 597 -16 ) 
4 348 354 (168 592 -16 ) (168 595 -16 ) (284 595 -16 ) (284 592 -16 ) 
4 348 356 (284 592 -16 ) (284 592 -14 ) (168 592 -14 ) (168 592 -16 ) 
4 349 355 (168 597 -74 ) (168 600 -74 ) (284 600 -74 ) (284 597 -74 ) 
4 349 352 (206 597 -74 ) (208 597 -74 ) (208 597 -16 ) (206 597 -16 ) 
4 349 353 (168 597 -74 ) (170 597 -74 ) (170 597 -16 ) (168 597 -16 ) 
4 349 351 (244 597 -74 ) (246 597 -74 ) (246 597 -16 ) (244 597 -16 ) 
4 349 350 (282 597 -74 ) (284 597 -74 ) (284 597 -16 ) (282 597 -16 ) 
4 350 355 (282 597 -74 ) (284 597 -74 ) (284 595 -74 ) (282 595 -74 ) 
4 350 354 (282 595 -74 ) (284 595 -74 ) (284 595 -16 ) (282 595 -16 ) 
4 351 355 (244 597 -74 ) (246 597 -74 ) (246 595 -74 ) (244 595 -74 ) 
4 351 354 (244 595 -74 ) (246 595 -74 ) (246 595 -16 ) (244 595 -16 ) 
4 352 355 (206 597 -74 ) (208 597 -74 ) (208 595 -74 ) (206 595 -74 ) 
4 352 354 (206 595 -74 ) (208 595 -74 ) (208 595 -16 ) (206 595 -16 ) 
4 353 355 (168 595 -74 ) (168 597 -74 ) (170 597 -74 ) (170 595 -74 ) 
4 353 354 (168 595 -74 ) (170 595 -74 ) (170 595 -16 ) (168 595 -16 ) 
4 354 355 (168 592 -74 ) (168 595 -74 ) (284 595 -74 ) (284 592 -74 ) 
4 354 356 (284 592 -74 ) (284 592 -16 ) (168 592 -16 ) (168 592 -74 ) 
4 355 356 (284 592 -76 ) (284 592 -74 ) (168 592 -74 ) (168 592 -76 ) 
4 356 414 (1024 0 -120 ) (1024 0 8 ) (0 0 8 ) (0 0 -120 ) 
4 356 397 (0 592 -120 ) (0 0 -120 ) (0 0 8 ) (0 592 8 ) 
4 356 357 (0 208 -120 ) (0 592 -120 ) (736 592 -120 ) (736 208 -120 ) 
4 357 413 (0 208 -152 ) (0 208 -120 ) (0 592 -120 ) (0 592 -152 ) 
4 358 362 (-128 1024 720 ) (-128 1024 336 ) (-128 992 336 ) (-128 992 720 ) 
4 358 360 (-128 992 720 ) (-128 992 200 ) (0 992 200 ) (0 992 720 ) 
4 359 393 (-16 1024 8 ) (0 1024 8 ) (0 992 8 ) (-16 992 8 ) 
4 360 415 (0 0 200 ) (0 0 720 ) (-128 0 720 ) (-128 0 200 ) 
4 360 381 (-128 208 720 ) (-128 600 720 ) (-128 600 336 ) (-128 208 336 ) 
4 360 383 (-128 0 200 ) (-128 0 720 ) (-128 208 720 ) (-128 208 200 ) 
4 360 376 (-128 600 720 ) (-128 704 720 ) (-128 704 336 ) (-128 600 336 ) 
4 360 362 (-128 704 720 ) (-128 992 720 ) (-128 992 336 ) (-128 704 336 ) 
4 360 361 (0 0 200 ) (-128 0 200 ) (-128 592 200 ) (0 592 200 ) 
4 361 415 (0 0 8 ) (0 0 200 ) (-128 0 200 ) (-128 0 8 ) 
4 361 397 (0 592 8 ) (0 0 8 ) (-128 0 8 ) (-128 592 8 ) 
4 361 385 (-128 208 8 ) (-128 0 8 ) (-128 0 108 ) (-128 208 108 ) 
4 361 383 (-128 0 108 ) (-128 0 200 ) (-128 208 200 ) (-128 208 108 ) 
4 362 376 (-128 704 336 ) (-128 704 720 ) (-208 704 720 ) (-208 704 336 ) 
4 362 364 (-208 704 336 ) (-208 704 720 ) (-208 1024 720 ) (-208 1024 336 ) 
4 363 371 (-208 704 32 ) (-208 704 160 ) (-208 736 160 ) (-208 736 32 ) 
4 363 369 (-208 736 160 ) (-208 768 160 ) (-208 768 32 ) (-208 736 32 ) 
4 363 368 (-208 768 160 ) (-208 960 160 ) (-208 960 32 ) (-208 768 32 ) 
4 363 366 (-208 960 160 ) (-208 992 160 ) (-208 992 32 ) (-208 960 32 ) 
4 363 365 (-208 992 160 ) (-208 1024 160 ) (-208 1024 32 ) (-208 992 32 ) 
4 364 376 (-208 704 336 ) (-208 704 720 ) (-272 704 720 ) (-272 704 336 ) 
4 364 372 (-272 1024 720 ) (-272 1024 336 ) (-272 704 336 ) (-272 704 720 ) 
4 365 373 (-272 1024 160 ) (-272 1024 32 ) (-272 992 32 ) (-272 992 160 ) 
4 365 366 (-208 992 32 ) (-208 992 160 ) (-272 992 160 ) (-272 992 32 ) 
4 366 373 (-272 960 32 ) (-272 960 160 ) (-272 992 160 ) (-272 992 32 ) 
4 366 368 (-208 960 32 ) (-208 960 160 ) (-272 960 160 ) (-272 960 32 ) 
4 367 401 (-208 992 8 ) (-208 960 8 ) (-272 960 8 ) (-272 992 8 ) 
4 368 373 (-272 768 32 ) (-272 768 160 ) (-272 960 160 ) (-272 960 32 ) 
4 368 369 (-208 768 32 ) (-208 768 160 ) (-272 768 160 ) (-272 768 32 ) 
4 369 373 (-272 736 32 ) (-272 736 160 ) (-272 768 160 ) (-272 768 32 ) 
4 369 371 (-208 736 32 ) (-208 736 160 ) (-272 736 160 ) (-272 736 32 ) 
4 370 401 (-208 768 8 ) (-208 736 8 ) (-272 736 8 ) (-272 768 8 ) 
4 371 373 (-272 704 32 ) (-272 704 160 ) (-272 736 160 ) (-272 736 32 ) 
4 372 379 (-408 704 720 ) (-648 704 720 ) (-648 704 336 ) (-408 704 336 ) 
4 372 377 (-328 704 720 ) (-408 704 720 ) (-408 704 336 ) (-328 704 336 ) 
4 372 376 (-272 704 336 ) (-272 704 720 ) (-328 704 720 ) (-328 704 336 ) 
4 372 375 (-648 704 336 ) (-648 704 720 ) (-648 1024 720 ) (-648 1024 336 ) 
4 373 374 (-328 704 32 ) (-328 704 160 ) (-328 1024 160 ) (-328 1024 32 ) 
4 374 389 (-328 704 32 ) (-328 704 108 ) (-408 704 108 ) (-408 704 32 ) 
4 374 378 (-328 704 108 ) (-328 704 160 ) (-408 704 160 ) (-408 704 108 ) 
4 375 380 (-648 704 336 ) (-648 704 720 ) (-656 704 720 ) (-656 704 336 ) 
4 376 381 (-128 600 336 ) (-128 600 720 ) (-328 600 720 ) (-328 600 336 ) 
4 376 377 (-328 600 336 ) (-328 600 720 ) (-328 704 720 ) (-328 704 336 ) 
4 377 381 (-328 600 336 ) (-328 600 720 ) (-408 600 720 ) (-408 600 336 ) 
4 377 379 (-408 600 336 ) (-408 600 720 ) (-408 704 720 ) (-408 704 336 ) 
4 378 389 (-408 704 108 ) (-328 704 108 ) (-328 600 108 ) (-408 600 108 ) 
4 379 381 (-408 600 336 ) (-408 600 720 ) (-648 600 720 ) (-648 600 336 ) 
4 379 380 (-648 600 336 ) (-648 600 720 ) (-648 704 720 ) (-648 704 336 ) 
4 380 382 (-656 600 720 ) (-656 600 336 ) (-648 600 336 ) (-648 600 720 ) 
4 381 382 (-648 208 336 ) (-648 208 720 ) (-648 600 720 ) (-648 600 336 ) 
4 381 383 (-128 208 720 ) (-648 208 720 ) (-648 208 336 ) (-128 208 336 ) 
4 382 383 (-648 208 720 ) (-656 208 720 ) (-656 208 336 ) (-648 208 336 ) 
4 383 415 (-656 0 720 ) (-656 0 108 ) (-128 0 108 ) (-128 0 720 ) 
4 383 392 (-648 0 108 ) (-656 0 108 ) (-656 208 108 ) (-648 208 108 ) 
4 383 391 (-408 0 108 ) (-648 0 108 ) (-648 208 108 ) (-408 208 108 ) 
4 383 390 (-328 0 108 ) (-408 0 108 ) (-408 208 108 ) (-328 208 108 ) 
4 383 388 (-272 0 108 ) (-328 0 108 ) (-328 208 108 ) (-272 208 108 ) 
4 383 387 (-208 0 108 ) (-272 0 108 ) (-272 208 108 ) (-208 208 108 ) 
4 383 385 (-128 208 108 ) (-128 0 108 ) (-208 0 108 ) (-208 208 108 ) 
4 383 384 (-656 208 108 ) (-656 0 108 ) (-656 0 720 ) (-656 208 720 ) 
4 384 416 (-1024 0 108 ) (-1024 0 720 ) (-1024 208 720 ) (-1024 208 108 ) 
4 384 415 (-1024 0 720 ) (-1024 0 108 ) (-656 0 108 ) (-656 0 720 ) 
4 384 392 (-1024 0 108 ) (-1024 208 108 ) (-656 208 108 ) (-656 0 108 ) 
4 385 415 (-208 0 8 ) (-128 0 8 ) (-128 0 108 ) (-208 0 108 ) 
4 385 412 (-152 0 8 ) (-208 0 8 ) (-208 208 8 ) (-152 208 8 ) 
4 385 400 (-128 208 8 ) (-128 0 8 ) (-152 0 8 ) (-152 208 8 ) 
4 385 387 (-208 0 108 ) (-208 208 108 ) (-208 208 8 ) (-208 0 8 ) 
4 386 408 (-272 512 8 ) (-272 544 8 ) (-208 544 8 ) (-208 512 8 ) 
4 387 415 (-272 0 8 ) (-208 0 8 ) (-208 0 108 ) (-272 0 108 ) 
4 387 412 (-208 0 8 ) (-272 0 8 ) (-272 208 8 ) (-208 208 8 ) 
4 387 388 (-272 0 108 ) (-272 208 108 ) (-272 208 8 ) (-272 0 8 ) 
4 388 415 (-328 0 8 ) (-272 0 8 ) (-272 0 108 ) (-328 0 108 ) 
4 388 412 (-272 0 8 ) (-328 0 8 ) (-328 208 8 ) (-272 208 8 ) 
4 388 390 (-328 0 108 ) (-328 208 108 ) (-328 208 8 ) (-328 0 8 ) 
4 389 410 (-408 472 8 ) (-408 704 8 ) (-328 704 8 ) (-328 472 8 ) 
4 390 415 (-408 0 8 ) (-328 0 8 ) (-328 0 108 ) (-408 0 108 ) 
4 390 412 (-328 0 8 ) (-408 0 8 ) (-408 208 8 ) (-328 208 8 ) 
4 390 391 (-408 0 108 ) (-408 208 108 ) (-408 208 8 ) (-408 0 8 ) 
4 391 415 (-648 0 8 ) (-408 0 8 ) (-408 0 108 ) (-648 0 108 ) 
4 391 412 (-408 0 8 ) (-648 0 8 ) (-648 208 8 ) (-408 208 8 ) 
4 391 392 (-648 0 108 ) (-648 208 108 ) (-648 208 8 ) (-648 0 8 ) 
4 392 416 (-1024 208 8 ) (-1024 0 8 ) (-1024 0 108 ) (-1024 208 108 ) 
4 392 415 (-1024 0 108 ) (-1024 0 8 ) (-648 0 8 ) (-648 0 108 ) 
4 392 412 (-648 0 8 ) (-1024 0 8 ) (-1024 208 8 ) (-648 208 8 ) 
4 393 395 (-72 960 -120 ) (-16 960 -120 ) (-16 960 -8 ) (-72 960 -8 ) 
4 393 394 (-144 1024 -120 ) (-144 972 -120 ) (-144 972 -12 ) (-144 1024 -12 ) 
4 394 401 (-152 1024 -120 ) (-152 972 -120 ) (-152 972 -12 ) (-152 1024 -12 ) 
4 395 396 (-72 952 -120 ) (-16 952 -120 ) (-16 952 -8 ) (-72 952 -8 ) 
4 396 398 (-128 952 -120 ) (-128 600 -120 ) (-128 600 8 ) (-128 952 8 ) 
4 397 415 (0 0 -120 ) (0 0 8 ) (-128 0 8 ) (-128 0 -120 ) 
4 397 413 (-128 208 -120 ) (-128 592 -120 ) (0 592 -120 ) (0 208 -120 ) 
4 397 400 (-128 208 -120 ) (-128 0 -120 ) (-128 0 8 ) (-128 208 8 ) 
4 397 399 (-128 448 -120 ) (-128 344 -120 ) (-128 344 -10 ) (-128 448 -10 ) 
4 399 408 (-152 448 -120 ) (-152 344 -120 ) (-152 344 -10 ) (-152 448 -10 ) 
4 400 415 (-128 0 8 ) (-152 0 8 ) (-152 0 -120 ) (-128 0 -120 ) 
4 400 412 (-152 208 -120 ) (-152 0 -120 ) (-152 0 8 ) (-152 208 8 ) 
4 401 408 (-320 704 -120 ) (-152 704 -120 ) (-152 704 8 ) (-320 704 8 ) 
4 401 402 (-320 952 -120 ) (-320 848 -120 ) (-320 848 8 ) (-320 952 8 ) 
4 402 403 (-360 948 -120 ) (-360 852 -120 ) (-360 852 -12 ) (-360 948 -12 ) 
4 403 404 (-368 948 -120 ) (-368 852 -120 ) (-368 852 -12 ) (-368 948 -12 ) 
4 404 405 (-416 952 -120 ) (-416 848 -120 ) (-416 848 8 ) (-416 952 8 ) 
4 405 406 (-648 848 -120 ) (-416 848 -120 ) (-416 848 8 ) (-648 848 8 ) 
4 406 407 (-564 712 -120 ) (-516 712 -120 ) (-516 712 -12 ) (-564 712 -12 ) 
4 407 411 (-564 704 -120 ) (-516 704 -120 ) (-516 704 -12 ) (-564 704 -12 ) 
4 408 409 (-320 472 -120 ) (-320 224 -120 ) (-320 224 8 ) (-320 472 8 ) 
4 409 410 (-328 472 -120 ) (-328 224 -120 ) (-328 224 8 ) (-328 472 8 ) 
4 412 416 (-1024 208 -120 ) (-1024 0 -120 ) (-1024 0 8 ) (-1024 208 8 ) 
4 412 415 (-152 0 8 ) (-1024 0 8 ) (-1024 0 -120 ) (-152 0 -120 ) 
4 414 415 (0 0 720 ) (0 0 -120 ) (0 -256 -120 ) (0 -256 720 ) 
4 415 417 (-1024 -256 720 ) (-1024 0 720 ) (-1024 0 -120 ) (-1024 -256 -120 ) 
4 416 417 (-1024 0 -120 ) (-1024 0 720 ) (-1040 0 720 ) (-1040 0 -120 ) 
