PRT1
585
1303
4 0 3 (3040 4096 -152 ) (3040 4096 720 ) (2048 4096 720 ) (2048 4096 -152 ) 
4 0 1 (2048 4096 -152 ) (2048 4096 720 ) (2048 4112 720 ) (2048 4112 -152 ) 
4 1 4 (2048 4096 -152 ) (2048 4096 720 ) (1504 4096 720 ) (1504 4096 -152 ) 
4 1 2 (1504 4112 -152 ) (1504 4096 -152 ) (1504 4096 720 ) (1504 4112 720 ) 
4 2 9 (1024 4096 -152 ) (1024 4096 720 ) (1024 4112 720 ) (1024 4112 -152 ) 
4 2 5 (1504 4096 720 ) (1024 4096 720 ) (1024 4096 -152 ) (1504 4096 -152 ) 
4 3 6 (3040 3072 -152 ) (3040 3072 720 ) (2048 3072 720 ) (2048 3072 -152 ) 
4 3 4 (2048 4096 720 ) (2048 4096 -152 ) (2048 3072 -152 ) (2048 3072 720 ) 
4 4 7 (2048 3072 -152 ) (2048 3072 720 ) (1504 3072 720 ) (1504 3072 -152 ) 
4 4 5 (1504 4096 -152 ) (1504 3072 -152 ) (1504 3072 720 ) (1504 4096 720 ) 
4 5 16 (1024 3072 -152 ) (1024 3072 720 ) (1024 4096 720 ) (1024 4096 -152 ) 
4 5 8 (1504 3072 720 ) (1024 3072 720 ) (1024 3072 -152 ) (1504 3072 -152 ) 
4 6 108 (3040 2048 -152 ) (3040 2048 720 ) (2048 2048 720 ) (2048 2048 -152 ) 
4 6 7 (2048 3072 720 ) (2048 3072 -152 ) (2048 2048 -152 ) (2048 2048 720 ) 
4 7 126 (2048 2048 -152 ) (2048 2048 -120 ) (1504 2048 -120 ) (1504 2048 -152 ) 
4 7 117 (2048 2048 -120 ) (2048 2048 36 ) (1504 2048 36 ) (1504 2048 -120 ) 
4 7 114 (2048 2048 36 ) (2048 2048 184 ) (1504 2048 184 ) (1504 2048 36 ) 
4 7 113 (2048 2048 184 ) (2048 2048 200 ) (1504 2048 200 ) (1504 2048 184 ) 
4 7 109 (2048 2048 200 ) (2048 2048 720 ) (1504 2048 720 ) (1504 2048 200 ) 
4 7 8 (1504 3072 -152 ) (1504 2048 -152 ) (1504 2048 720 ) (1504 3072 720 ) 
4 8 124 (1024 2048 36 ) (1024 2048 -120 ) (1120 2048 -120 ) (1120 2048 36 ) 
4 8 121 (1184 2048 -120 ) (1280 2048 -120 ) (1280 2048 36 ) (1184 2048 36 ) 
4 8 118 (1280 2048 -120 ) (1376 2048 -120 ) (1376 2048 36 ) (1280 2048 36 ) 
4 8 110 (1280 2048 720 ) (1024 2048 720 ) (1024 2048 200 ) (1280 2048 200 ) 
4 8 109 (1504 2048 720 ) (1280 2048 720 ) (1280 2048 200 ) (1504 2048 200 ) 
4 8 64 (1024 2048 -152 ) (1024 2048 -120 ) (1024 3072 -120 ) (1024 3072 -152 ) 
4 8 44 (1024 2048 -120 ) (1024 2048 8 ) (1024 3072 8 ) (1024 3072 -120 ) 
4 8 41 (1024 2048 8 ) (1024 2048 720 ) (1024 2464 720 ) (1024 2464 8 ) 
4 8 37 (1024 2528 200 ) (1024 2528 8 ) (1024 2464 8 ) (1024 2464 200 ) 
4 8 35 (1024 2464 720 ) (1024 2528 720 ) (1024 2528 200 ) (1024 2464 200 ) 
4 8 34 (1024 2624 200 ) (1024 2624 8 ) (1024 2528 8 ) (1024 2528 200 ) 
4 8 32 (1024 2528 720 ) (1024 2624 720 ) (1024 2624 200 ) (1024 2528 200 ) 
4 8 28 (1024 2688 200 ) (1024 2688 8 ) (1024 2624 8 ) (1024 2624 200 ) 
4 8 27 (1024 2688 320 ) (1024 2688 200 ) (1024 2624 200 ) (1024 2624 320 ) 
4 8 26 (1024 2624 720 ) (1024 2688 720 ) (1024 2688 320 ) (1024 2624 320 ) 
4 8 25 (1024 2736 200 ) (1024 2736 8 ) (1024 2688 8 ) (1024 2688 200 ) 
4 8 23 (1024 2688 720 ) (1024 2736 720 ) (1024 2736 200 ) (1024 2688 200 ) 
4 8 22 (1024 2736 720 ) (1024 3072 720 ) (1024 3072 8 ) (1024 2736 8 ) 
4 9 16 (1024 4096 -152 ) (1024 4096 720 ) (0 4096 720 ) (0 4096 -152 ) 
4 9 10 (0 4096 -152 ) (0 4096 720 ) (0 4112 720 ) (0 4112 -152 ) 
4 10 17 (0 4096 -152 ) (0 4096 720 ) (-128 4096 720 ) (-128 4096 -152 ) 
4 10 11 (-128 4112 -152 ) (-128 4096 -152 ) (-128 4096 720 ) (-128 4112 720 ) 
4 11 18 (-128 4096 720 ) (-264 4096 720 ) (-264 4096 -152 ) (-128 4096 -152 ) 
4 11 14 (-264 4096 -120 ) (-264 4096 570.533081 ) (-264 4104 570.533081 ) (-264 4104 -120 ) 
4 11 13 (-264 4096 570.533081 ) (-264 4096 720 ) (-264 4104 720 ) (-264 4104 570.533081 ) 
4 11 15 (-264 4104 -152 ) (-264 4096 -152 ) (-264 4096 -120 ) (-264 4104 -120 ) 
4 11 12 (-264 4112 -152 ) (-264 4104 -152 ) (-264 4104 720 ) (-264 4112 720 ) 
4 12 14 (-272 4104 570.533081 ) (-272 4104 -120 ) (-264 4104 -120 ) (-264 4104 570.533081 ) 
4 12 13 (-272 4104 720 ) (-272 4104 570.533081 ) (-264 4104 570.533081 ) (-264 4104 720 ) 
4 12 15 (-272 4104 -120 ) (-272 4104 -152 ) (-264 4104 -152 ) (-264 4104 -120 ) 
4 13 19 (-264 4096 720 ) (-272 4096 720 ) (-272 4096 570.533081 ) (-264 4096 570.533081 ) 
4 13 14 (-272 4096 570.533081 ) (-272 4104 570.533081 ) (-264 4104 570.533081 ) (-264 4096 570.533081 ) 
4 14 20 (-272 4096 570.533081 ) (-272 4096 -120 ) (-264 4096 -120 ) (-264 4096 570.533081 ) 
4 14 15 (-272 4096 -120 ) (-272 4104 -120 ) (-264 4104 -120 ) (-264 4096 -120 ) 
4 15 21 (-272 4096 -120 ) (-272 4096 -152 ) (-264 4096 -152 ) (-264 4096 -120 ) 
4 16 65 (544 3072 -120 ) (0 3072 -120 ) (0 3072 -152 ) (544 3072 -152 ) 
4 16 64 (1024 3072 -152 ) (1024 3072 -120 ) (544 3072 -120 ) (544 3072 -152 ) 
4 16 51 (536 3072 8 ) (0 3072 8 ) (0 3072 -120 ) (536 3072 -120 ) 
4 16 45 (544 3072 8 ) (536 3072 8 ) (536 3072 -120 ) (544 3072 -120 ) 
4 16 44 (1024 3072 -120 ) (1024 3072 8 ) (544 3072 8 ) (544 3072 -120 ) 
4 16 22 (1024 3072 8 ) (1024 3072 720 ) (0 3072 720 ) (0 3072 8 ) 
4 16 17 (0 4096 720 ) (0 4096 -152 ) (0 3072 -152 ) (0 3072 720 ) 
4 17 106 (0 3072 -152 ) (0 3072 -120 ) (-128 3072 -120 ) (-128 3072 -152 ) 
4 17 92 (-80 3072 8 ) (-128 3072 8 ) (-128 3072 -120 ) (-80 3072 -120 ) 
4 17 89 (0 3072 -120 ) (0 3072 8 ) (-80 3072 8 ) (-80 3072 -120 ) 
4 17 66 (0 3072 8 ) (0 3072 720 ) (-128 3072 720 ) (-128 3072 8 ) 
4 17 18 (-128 4096 -152 ) (-128 3072 -152 ) (-128 3072 720 ) (-128 4096 720 ) 
4 18 107 (-264 3072 -120 ) (-264 3072 -152 ) (-128 3072 -152 ) (-128 3072 -120 ) 
4 18 93 (-264 3072 8 ) (-264 3072 -120 ) (-128 3072 -120 ) (-128 3072 8 ) 
4 18 67 (-128 3072 720 ) (-264 3072 720 ) (-264 3072 8 ) (-128 3072 8 ) 
4 18 20 (-264 3072 -120 ) (-264 3072 570.533081 ) (-264 4096 570.533081 ) (-264 4096 -120 ) 
4 18 19 (-264 3072 570.533081 ) (-264 3072 720 ) (-264 4096 720 ) (-264 4096 570.533081 ) 
4 18 21 (-264 4096 -152 ) (-264 3072 -152 ) (-264 3072 -120 ) (-264 4096 -120 ) 
4 19 68 (-264 3072 720 ) (-272 3072 720 ) (-272 3072 570.533081 ) (-264 3072 570.533081 ) 
4 19 20 (-272 3072 570.533081 ) (-272 4096 570.533081 ) (-264 4096 570.533081 ) (-264 3072 570.533081 ) 
4 20 94 (-272 3072 8 ) (-272 3072 -120 ) (-264 3072 -120 ) (-264 3072 8 ) 
4 20 69 (-272 3072 570.533081 ) (-272 3072 8 ) (-264 3072 8 ) (-264 3072 570.533081 ) 
4 20 21 (-272 3072 -120 ) (-272 4096 -120 ) (-264 4096 -120 ) (-264 3072 -120 ) 
4 21 107 (-272 3072 -120 ) (-272 3072 -152 ) (-264 3072 -152 ) (-264 3072 -120 ) 
4 22 66 (0 3072 720 ) (0 3072 8 ) (0 2736 8 ) (0 2736 720 ) 
4 22 53 (32 2736 8 ) (0 2736 8 ) (0 2744 8 ) (32 2744 8 ) 
4 22 52 (536 2744 8 ) (536 2736 8 ) (32 2736 8 ) (32 2744 8 ) 
4 22 51 (0 3072 8 ) (536 3072 8 ) (536 2744 8 ) (0 2744 8 ) 
4 22 45 (536 3072 8 ) (544 3072 8 ) (544 2736 8 ) (536 2736 8 ) 
4 22 44 (544 3072 8 ) (1024 3072 8 ) (1024 2736 8 ) (544 2736 8 ) 
4 22 25 (544 2736 8 ) (1024 2736 8 ) (1024 2736 200 ) (544 2736 200 ) 
4 22 24 (416 2736 720 ) (0 2736 720 ) (0 2736 320 ) (416 2736 320 ) 
4 22 23 (1024 2736 200 ) (1024 2736 720 ) (416 2736 720 ) (416 2736 200 ) 
4 23 27 (416 2688 200 ) (1024 2688 200 ) (1024 2688 320 ) (416 2688 320 ) 
4 23 26 (1024 2688 320 ) (1024 2688 720 ) (416 2688 720 ) (416 2688 320 ) 
4 23 25 (1024 2688 200 ) (544 2688 200 ) (544 2736 200 ) (1024 2736 200 ) 
4 23 24 (416 2688 320 ) (416 2688 720 ) (416 2736 720 ) (416 2736 320 ) 
4 24 70 (0 2688 320 ) (0 2688 720 ) (0 2736 720 ) (0 2736 320 ) 
4 24 26 (0 2688 720 ) (0 2688 320 ) (416 2688 320 ) (416 2688 720 ) 
4 25 44 (1024 2736 8 ) (1024 2688 8 ) (544 2688 8 ) (544 2736 8 ) 
4 25 28 (544 2688 8 ) (1024 2688 8 ) (1024 2688 200 ) (544 2688 200 ) 
4 26 70 (0 2624 320 ) (0 2624 720 ) (0 2688 720 ) (0 2688 320 ) 
4 26 33 (416 2624 720 ) (0 2624 720 ) (0 2624 320 ) (416 2624 320 ) 
4 26 32 (1024 2624 320 ) (1024 2624 720 ) (416 2624 720 ) (416 2624 320 ) 
4 26 27 (1024 2624 320 ) (416 2624 320 ) (416 2688 320 ) (1024 2688 320 ) 
4 27 32 (1024 2624 200 ) (1024 2624 320 ) (416 2624 320 ) (416 2624 200 ) 
4 27 28 (1024 2624 200 ) (544 2624 200 ) (544 2688 200 ) (1024 2688 200 ) 
4 28 44 (1024 2688 8 ) (1024 2624 8 ) (544 2624 8 ) (544 2688 8 ) 
4 28 34 (544 2624 8 ) (1024 2624 8 ) (1024 2624 200 ) (544 2624 200 ) 
4 29 55 (432 2624 8 ) (400 2624 8 ) (400 2688 8 ) (432 2688 8 ) 
4 30 59 (240 2624 8 ) (208 2624 8 ) (208 2688 8 ) (240 2688 8 ) 
4 31 62 (24 2624 8 ) (16 2624 8 ) (16 2688 8 ) (24 2688 8 ) 
4 31 59 (48 2624 8 ) (24 2624 8 ) (24 2688 8 ) (48 2688 8 ) 
4 32 35 (416 2528 200 ) (1024 2528 200 ) (1024 2528 720 ) (416 2528 720 ) 
4 32 34 (1024 2528 200 ) (544 2528 200 ) (544 2624 200 ) (1024 2624 200 ) 
4 32 33 (416 2528 320 ) (416 2528 720 ) (416 2624 720 ) (416 2624 320 ) 
4 33 70 (0 2528 320 ) (0 2528 720 ) (0 2624 720 ) (0 2624 320 ) 
4 33 36 (0 2528 720 ) (0 2528 320 ) (416 2528 320 ) (416 2528 720 ) 
4 34 44 (1024 2624 8 ) (1024 2528 8 ) (544 2528 8 ) (544 2624 8 ) 
4 34 37 (544 2528 8 ) (1024 2528 8 ) (1024 2528 200 ) (544 2528 200 ) 
4 35 43 (416 2464 320 ) (416 2464 200 ) (544 2464 200 ) (544 2464 320 ) 
4 35 42 (544 2464 720 ) (416 2464 720 ) (416 2464 320 ) (544 2464 320 ) 
4 35 41 (1024 2464 200 ) (1024 2464 720 ) (544 2464 720 ) (544 2464 200 ) 
4 35 37 (1024 2464 200 ) (544 2464 200 ) (544 2528 200 ) (1024 2528 200 ) 
4 35 36 (416 2464 320 ) (416 2464 720 ) (416 2528 720 ) (416 2528 320 ) 
4 36 73 (0 2464 320 ) (0 2464 720 ) (0 2528 720 ) (0 2528 320 ) 
4 36 42 (416 2464 720 ) (0 2464 720 ) (0 2464 320 ) (416 2464 320 ) 
4 37 44 (1024 2528 8 ) (1024 2464 8 ) (544 2464 8 ) (544 2528 8 ) 
4 37 41 (544 2464 8 ) (1024 2464 8 ) (1024 2464 200 ) (544 2464 200 ) 
4 38 55 (432 2464 8 ) (400 2464 8 ) (400 2528 8 ) (432 2528 8 ) 
4 39 59 (240 2464 8 ) (208 2464 8 ) (208 2528 8 ) (240 2528 8 ) 
4 40 62 (24 2464 8 ) (16 2464 8 ) (16 2528 8 ) (24 2528 8 ) 
4 40 59 (48 2464 8 ) (24 2464 8 ) (24 2528 8 ) (48 2528 8 ) 
4 41 279 (592 2048 720 ) (544 2048 720 ) (544 2048 200 ) (592 2048 200 ) 
4 41 274 (624 2048 720 ) (592 2048 720 ) (592 2048 200 ) (624 2048 200 ) 
4 41 265 (720 2048 720 ) (624 2048 720 ) (624 2048 200 ) (720 2048 200 ) 
4 41 259 (1024 2048 8 ) (1024 2048 36 ) (928 2048 36 ) (928 2048 8 ) 
4 41 257 (1024 2048 200 ) (1024 2048 720 ) (720 2048 720 ) (720 2048 200 ) 
4 41 44 (1024 2464 8 ) (1024 2048 8 ) (544 2048 8 ) (544 2464 8 ) 
4 41 43 (544 2464 320 ) (544 2464 200 ) (544 2048 200 ) (544 2048 320 ) 
4 41 42 (544 2464 720 ) (544 2464 320 ) (544 2048 320 ) (544 2048 720 ) 
4 42 342 (0 2048 720 ) (0 2048 320 ) (16 2048 320 ) (16 2048 720 ) 
4 42 336 (16 2048 320 ) (112 2048 320 ) (112 2048 720 ) (16 2048 720 ) 
4 42 330 (112 2048 320 ) (144 2048 320 ) (144 2048 720 ) (112 2048 720 ) 
4 42 312 (144 2048 320 ) (208 2048 320 ) (208 2048 720 ) (144 2048 720 ) 
4 42 309 (208 2048 320 ) (240 2048 320 ) (240 2048 720 ) (208 2048 720 ) 
4 42 298 (240 2048 320 ) (416 2048 320 ) (416 2048 720 ) (240 2048 720 ) 
4 42 297 (416 2048 320 ) (432 2048 320 ) (432 2048 720 ) (416 2048 720 ) 
4 42 296 (432 2048 320 ) (504 2048 320 ) (504 2048 720 ) (432 2048 720 ) 
4 42 295 (504 2048 320 ) (528 2048 320 ) (528 2048 720 ) (504 2048 720 ) 
4 42 283 (528 2048 320 ) (544 2048 320 ) (544 2048 720 ) (528 2048 720 ) 
4 42 77 (0 2048 320 ) (0 2048 720 ) (0 2464 720 ) (0 2464 320 ) 
4 42 43 (416 2464 320 ) (544 2464 320 ) (544 2048 320 ) (416 2048 320 ) 
4 43 297 (416 2048 200 ) (432 2048 200 ) (432 2048 320 ) (416 2048 320 ) 
4 43 296 (432 2048 200 ) (504 2048 200 ) (504 2048 320 ) (432 2048 320 ) 
4 43 295 (504 2048 200 ) (528 2048 200 ) (528 2048 320 ) (504 2048 320 ) 
4 43 283 (528 2048 200 ) (544 2048 200 ) (544 2048 320 ) (528 2048 320 ) 
4 44 347 (1024 2048 -120 ) (1024 2048 8 ) (928 2048 8 ) (928 2048 -120 ) 
4 44 64 (1024 2048 -120 ) (544 2048 -120 ) (544 3072 -120 ) (1024 3072 -120 ) 
4 44 50 (544 2552 -120 ) (544 2448 -120 ) (544 2448 -10 ) (544 2552 -10 ) 
4 44 48 (544 2598 -118 ) (544 2598 -8 ) (544 2623 -8 ) (544 2623 -118 ) 
4 44 47 (544 2639 -118 ) (544 2639 -8 ) (544 2663 -8 ) (544 2663 -118 ) 
4 44 46 (544 2679 -118 ) (544 2679 -8 ) (544 2704 -8 ) (544 2704 -118 ) 
4 44 45 (544 3072 -120 ) (544 2736 -120 ) (544 2736 8 ) (544 3072 8 ) 
4 45 65 (536 2736 -120 ) (536 3072 -120 ) (544 3072 -120 ) (544 2736 -120 ) 
4 45 52 (536 2744 -120 ) (536 2736 -120 ) (536 2736 8 ) (536 2744 8 ) 
4 45 51 (536 3072 -120 ) (536 2744 -120 ) (536 2744 8 ) (536 3072 8 ) 
4 46 55 (536 2679 -118 ) (536 2679 -8 ) (536 2704 -8 ) (536 2704 -118 ) 
4 47 55 (536 2639 -118 ) (536 2639 -8 ) (536 2663 -8 ) (536 2663 -118 ) 
4 49 55 (536 2598 -118 ) (536 2598 -8 ) (536 2623 -8 ) (536 2623 -118 ) 
4 50 55 (536 2552 -120 ) (536 2448 -120 ) (536 2448 -10 ) (536 2552 -10 ) 
4 51 89 (0 3072 8 ) (0 3072 -120 ) (0 2744 -120 ) (0 2744 8 ) 
4 51 65 (0 2744 -120 ) (0 3072 -120 ) (536 3072 -120 ) (536 2744 -120 ) 
4 51 53 (32 2744 0 ) (32 2744 8 ) (0 2744 8 ) (0 2744 0 ) 
4 51 52 (32 2744 -120 ) (536 2744 -120 ) (536 2744 8 ) (32 2744 8 ) 
4 52 65 (32 2744 -120 ) (536 2744 -120 ) (536 2736 -120 ) (32 2736 -120 ) 
4 52 53 (32 2744 8 ) (32 2744 0 ) (32 2736 0 ) (32 2736 8 ) 
4 53 90 (0 2736 8 ) (0 2744 8 ) (0 2744 0 ) (0 2736 0 ) 
4 54 91 (0 2728 -80 ) (0 2728 -4 ) (0 2732 -4 ) (0 2732 -80 ) 
4 54 62 (24 2728 -4 ) (0 2728 -4 ) (0 2728 -80 ) (24 2728 -80 ) 
4 54 59 (28 2728 -80 ) (28 2728 -4 ) (24 2728 -4 ) (24 2728 -80 ) 
4 55 57 (312 2728 8 ) (312 2728 -120 ) (312 2424 -120 ) (312 2424 8 ) 
4 56 58 (312 2168 -120 ) (312 2112 -120 ) (312 2112 -8 ) (312 2168 -8 ) 
4 57 59 (304 2728 8 ) (304 2728 -120 ) (304 2424 -120 ) (304 2424 8 ) 
4 58 61 (304 2168 -120 ) (304 2112 -120 ) (304 2112 -8 ) (304 2168 -8 ) 
4 59 62 (24 2728 8 ) (24 2728 -120 ) (24 2424 -120 ) (24 2424 8 ) 
4 59 60 (24 2424 8 ) (24 2424 -120 ) (304 2424 -120 ) (304 2424 8 ) 
4 60 61 (24 2168 8 ) (24 2168 -120 ) (304 2168 -120 ) (304 2168 8 ) 
4 61 361 (128 2048 -8 ) (128 2048 -120 ) (216 2048 -120 ) (216 2048 -8 ) 
4 62 98 (0 2560 -120 ) (0 2424 -120 ) (0 2424 8 ) (0 2560 8 ) 
4 62 96 (0 2728 -120 ) (0 2560 -120 ) (0 2560 -8 ) (0 2728 -8 ) 
4 62 95 (0 2560 -8 ) (0 2560 8 ) (0 2728 8 ) (0 2728 -8 ) 
4 63 103 (0 2416 -120 ) (0 2048 -120 ) (0 2048 8 ) (0 2416 8 ) 
4 64 65 (544 3072 -152 ) (544 2736 -152 ) (544 2736 -120 ) (544 3072 -120 ) 
4 65 106 (0 3072 -120 ) (0 3072 -152 ) (0 2736 -152 ) (0 2736 -120 ) 
4 66 92 (-80 2736 8 ) (-128 2736 8 ) (-128 3072 8 ) (-80 3072 8 ) 
4 66 90 (0 2744 8 ) (0 2736 8 ) (-80 2736 8 ) (-80 2744 8 ) 
4 66 89 (0 3072 8 ) (0 2744 8 ) (-80 2744 8 ) (-80 3072 8 ) 
4 66 70 (0 2736 320 ) (0 2736 720 ) (-128 2736 720 ) (-128 2736 320 ) 
4 66 67 (-128 3072 8 ) (-128 2736 8 ) (-128 2736 720 ) (-128 3072 720 ) 
4 67 93 (-128 2736 8 ) (-264 2736 8 ) (-264 3072 8 ) (-128 3072 8 ) 
4 67 71 (-128 2736 320 ) (-128 2736 720 ) (-264 2736 720 ) (-264 2736 320 ) 
4 67 69 (-264 3072 8 ) (-264 2736 8 ) (-264 2736 570.533081 ) (-264 3072 570.533081 ) 
4 67 68 (-264 2736 570.533081 ) (-264 2736 720 ) (-264 3072 720 ) (-264 3072 570.533081 ) 
4 68 71 (-264 2736 570.533081 ) (-264 2736 720 ) (-272 2736 720 ) (-272 2736 570.533081 ) 
4 68 69 (-272 2736 570.533081 ) (-272 3072 570.533081 ) (-264 3072 570.533081 ) (-264 2736 570.533081 ) 
4 69 94 (-264 2736 8 ) (-272 2736 8 ) (-272 3072 8 ) (-264 3072 8 ) 
4 69 71 (-264 2736 320 ) (-264 2736 570.533081 ) (-272 2736 570.533081 ) (-272 2736 320 ) 
4 70 73 (-128 2528 320 ) (0 2528 320 ) (0 2528 720 ) (-128 2528 720 ) 
4 70 71 (-128 2736 320 ) (-128 2528 320 ) (-128 2528 720 ) (-128 2736 720 ) 
4 71 74 (-656 2528 320 ) (-128 2528 320 ) (-128 2528 720 ) (-656 2528 720 ) 
4 72 95 (-144 2624 8 ) (-176 2624 8 ) (-176 2688 8 ) (-144 2688 8 ) 
4 73 80 (-128 2464 320 ) (-80 2464 320 ) (-80 2464 720 ) (-128 2464 720 ) 
4 73 78 (-80 2464 320 ) (-16 2464 320 ) (-16 2464 720 ) (-80 2464 720 ) 
4 73 77 (-16 2464 320 ) (0 2464 320 ) (0 2464 720 ) (-16 2464 720 ) 
4 73 74 (-128 2528 320 ) (-128 2464 320 ) (-128 2464 720 ) (-128 2528 720 ) 
4 74 88 (-656 2464 320 ) (-496 2464 320 ) (-496 2464 720 ) (-656 2464 720 ) 
4 74 85 (-496 2464 320 ) (-432 2464 320 ) (-432 2464 720 ) (-496 2464 720 ) 
4 74 84 (-432 2464 320 ) (-304 2464 320 ) (-304 2464 720 ) (-432 2464 720 ) 
4 74 82 (-304 2464 320 ) (-240 2464 320 ) (-240 2464 720 ) (-304 2464 720 ) 
4 74 81 (-240 2464 320 ) (-128 2464 320 ) (-128 2464 720 ) (-240 2464 720 ) 
4 75 98 (-144 2464 8 ) (-176 2464 8 ) (-176 2528 8 ) (-144 2528 8 ) 
4 76 99 (-336 2464 8 ) (-368 2464 8 ) (-368 2528 8 ) (-336 2528 8 ) 
4 77 371 (0 2048 320 ) (0 2048 720 ) (-16 2048 720 ) (-16 2048 320 ) 
4 77 78 (-16 2464 720 ) (-16 2464 320 ) (-16 2048 320 ) (-16 2048 720 ) 
4 78 371 (-80 2048 720 ) (-80 2048 320 ) (-16 2048 320 ) (-16 2048 720 ) 
4 78 80 (-80 2464 720 ) (-80 2464 320 ) (-80 2048 320 ) (-80 2048 720 ) 
4 79 103 (-80 2176 8 ) (-80 2208 8 ) (-16 2208 8 ) (-16 2176 8 ) 
4 80 371 (-128 2048 320 ) (-80 2048 320 ) (-80 2048 720 ) (-128 2048 720 ) 
4 80 81 (-128 2464 320 ) (-128 2048 320 ) (-128 2048 720 ) (-128 2464 720 ) 
4 81 395 (-240 2048 720 ) (-240 2048 320 ) (-208 2048 320 ) (-208 2048 720 ) 
4 81 390 (-208 2048 320 ) (-128 2048 320 ) (-128 2048 720 ) (-208 2048 720 ) 
4 81 82 (-240 2464 720 ) (-240 2464 320 ) (-240 2048 320 ) (-240 2048 720 ) 
4 82 395 (-304 2048 720 ) (-304 2048 320 ) (-240 2048 320 ) (-240 2048 720 ) 
4 82 84 (-304 2464 720 ) (-304 2464 320 ) (-304 2048 320 ) (-304 2048 720 ) 
4 83 103 (-304 2176 8 ) (-304 2208 8 ) (-240 2208 8 ) (-240 2176 8 ) 
4 84 395 (-432 2048 720 ) (-432 2048 320 ) (-304 2048 320 ) (-304 2048 720 ) 
4 84 85 (-432 2464 720 ) (-432 2464 320 ) (-432 2048 320 ) (-432 2048 720 ) 
4 85 416 (-496 2048 720 ) (-496 2048 320 ) (-432 2048 320 ) (-432 2048 720 ) 
4 85 88 (-496 2464 720 ) (-496 2464 320 ) (-496 2048 320 ) (-496 2048 720 ) 
4 86 104 (-496 2272 8 ) (-496 2304 8 ) (-432 2304 8 ) (-432 2272 8 ) 
4 87 104 (-432 2048 8 ) (-496 2048 8 ) (-496 2080 8 ) (-432 2080 8 ) 
4 88 424 (-656 2048 720 ) (-656 2048 320 ) (-496 2048 320 ) (-496 2048 720 ) 
4 89 106 (-80 3072 -120 ) (0 3072 -120 ) (0 2744 -120 ) (-80 2744 -120 ) 
4 89 92 (-80 3072 -120 ) (-80 2744 -120 ) (-80 2744 8 ) (-80 3072 8 ) 
4 89 90 (-80 2744 8 ) (-80 2744 0 ) (0 2744 0 ) (0 2744 8 ) 
4 90 92 (-80 2736 8 ) (-80 2744 8 ) (-80 2744 0 ) (-80 2736 0 ) 
4 91 96 (0 2728 -80 ) (0 2728 -8 ) (-76 2728 -8 ) (-76 2728 -80 ) 
4 91 95 (0 2728 -8 ) (0 2728 -4 ) (-76 2728 -4 ) (-76 2728 -8 ) 
4 92 106 (-128 3072 -120 ) (-80 3072 -120 ) (-80 2736 -120 ) (-128 2736 -120 ) 
4 92 93 (-128 3072 -120 ) (-128 2736 -120 ) (-128 2736 8 ) (-128 3072 8 ) 
4 93 107 (-264 3072 -120 ) (-128 3072 -120 ) (-128 2736 -120 ) (-264 2736 -120 ) 
4 93 94 (-264 3072 -120 ) (-264 2736 -120 ) (-264 2736 8 ) (-264 3072 8 ) 
4 94 107 (-272 3072 -120 ) (-264 3072 -120 ) (-264 2736 -120 ) (-272 2736 -120 ) 
4 95 98 (-288 2560 -8 ) (0 2560 -8 ) (0 2560 8 ) (-288 2560 8 ) 
4 95 96 (0 2560 -8 ) (-288 2560 -8 ) (-288 2728 -8 ) (0 2728 -8 ) 
4 96 98 (-288 2560 -120 ) (0 2560 -120 ) (0 2560 -8 ) (-288 2560 -8 ) 
4 97 100 (-410 2560 -120 ) (-368 2560 -120 ) (-368 2560 -8 ) (-410 2560 -8 ) 
4 97 99 (-368 2560 -120 ) (-322 2560 -120 ) (-322 2560 -8 ) (-368 2560 -8 ) 
4 98 101 (-224 2424 -120 ) (-136 2424 -120 ) (-136 2424 -8 ) (-224 2424 -8 ) 
4 98 99 (-288 2560 8 ) (-288 2560 -120 ) (-288 2424 -120 ) (-288 2424 8 ) 
4 99 100 (-368 2560 8 ) (-368 2560 -120 ) (-368 2424 -120 ) (-368 2424 8 ) 
4 100 102 (-528 2424 8 ) (-528 2424 -120 ) (-368 2424 -120 ) (-368 2424 8 ) 
4 101 103 (-224 2416 -120 ) (-136 2416 -120 ) (-136 2416 -8 ) (-224 2416 -8 ) 
4 102 104 (-528 2416 8 ) (-528 2416 -120 ) (-368 2416 -120 ) (-368 2416 8 ) 
4 104 438 (-368 2048 8 ) (-528 2048 8 ) (-528 2048 -120 ) (-368 2048 -120 ) 
4 104 105 (-528 2394 -120 ) (-528 2306 -120 ) (-528 2306 -8 ) (-528 2394 -8 ) 
4 106 107 (-128 3072 -152 ) (-128 2736 -152 ) (-128 2736 -120 ) (-128 3072 -120 ) 
4 108 127 (3040 1024 -152 ) (3040 1024 720 ) (2048 1024 720 ) (2048 1024 -152 ) 
4 108 126 (2048 2048 -120 ) (2048 2048 -152 ) (2048 1024 -152 ) (2048 1024 -120 ) 
4 108 117 (2048 2048 36 ) (2048 2048 -120 ) (2048 1024 -120 ) (2048 1024 36 ) 
4 108 114 (2048 2048 184 ) (2048 2048 36 ) (2048 1024 36 ) (2048 1024 184 ) 
4 108 113 (2048 2048 200 ) (2048 2048 184 ) (2048 1024 184 ) (2048 1024 200 ) 
4 108 109 (2048 2048 720 ) (2048 2048 200 ) (2048 1024 200 ) (2048 1024 720 ) 
4 109 129 (2048 1024 200 ) (2048 1024 720 ) (1280 1024 720 ) (1280 1024 200 ) 
4 109 113 (2048 1024 200 ) (1504 1024 200 ) (1504 2048 200 ) (2048 2048 200 ) 
4 109 111 (1280 1144 320 ) (1280 1144 720 ) (1280 1920 720 ) (1280 1920 320 ) 
4 109 110 (1280 2048 200 ) (1280 1920 200 ) (1280 1920 720 ) (1280 2048 720 ) 
4 109 112 (1280 1144 200 ) (1280 1024 200 ) (1280 1024 720 ) (1280 1144 720 ) 
4 110 262 (1024 2040 200 ) (1024 1920 200 ) (1024 1920 320 ) (1024 2040 320 ) 
4 110 261 (1024 1920 320 ) (1024 1920 720 ) (1024 2040 720 ) (1024 2040 320 ) 
4 110 257 (1024 2048 720 ) (1024 2048 200 ) (1024 2040 200 ) (1024 2040 720 ) 
4 110 111 (1280 1920 320 ) (1280 1920 720 ) (1024 1920 720 ) (1024 1920 320 ) 
4 111 261 (1024 1144 320 ) (1024 1144 720 ) (1024 1920 720 ) (1024 1920 320 ) 
4 111 112 (1280 1144 320 ) (1280 1144 720 ) (1024 1144 720 ) (1024 1144 320 ) 
4 112 263 (1024 1144 200 ) (1024 1024 200 ) (1024 1024 320 ) (1024 1144 320 ) 
4 112 261 (1024 1024 320 ) (1024 1024 720 ) (1024 1144 720 ) (1024 1144 320 ) 
4 112 129 (1280 1024 720 ) (1024 1024 720 ) (1024 1024 200 ) (1280 1024 200 ) 
4 113 130 (2048 1024 184 ) (2048 1024 200 ) (1504 1024 200 ) (1504 1024 184 ) 
4 113 114 (1504 2048 184 ) (2048 2048 184 ) (2048 1024 184 ) (1504 1024 184 ) 
4 114 139 (2048 1024 36 ) (2048 1024 88 ) (1504 1024 88 ) (1504 1024 36 ) 
4 114 131 (2048 1024 88 ) (2048 1024 184 ) (1504 1024 184 ) (1504 1024 88 ) 
4 114 117 (2048 1024 36 ) (1504 1024 36 ) (1504 2048 36 ) (2048 2048 36 ) 
4 115 258 (1024 2042 104 ) (1024 2040 104 ) (1024 2040 168 ) (1024 2042 168 ) 
4 115 116 (1448 2040 104 ) (1448 2040 168 ) (1024 2040 168 ) (1024 2040 104 ) 
4 116 264 (1024 2040 36 ) (1024 1024 36 ) (1024 1024 184 ) (1024 2040 184 ) 
4 116 140 (1280 1024 36 ) (1496 1024 36 ) (1496 1024 88 ) (1280 1024 88 ) 
4 116 141 (1024 1024 88 ) (1024 1024 36 ) (1280 1024 36 ) (1280 1024 88 ) 
4 116 136 (1024 1024 104 ) (1024 1024 88 ) (1448 1024 88 ) (1448 1024 104 ) 
4 116 135 (1024 1024 168 ) (1024 1024 104 ) (1448 1024 104 ) (1448 1024 168 ) 
4 116 134 (1448 1024 184 ) (1024 1024 184 ) (1024 1024 168 ) (1448 1024 168 ) 
4 116 132 (1496 1024 184 ) (1448 1024 184 ) (1448 1024 88 ) (1496 1024 88 ) 
4 116 125 (1120 1024 36 ) (1024 1024 36 ) (1024 2040 36 ) (1120 2040 36 ) 
4 116 123 (1184 1024 36 ) (1120 1024 36 ) (1120 2040 36 ) (1184 2040 36 ) 
4 116 122 (1280 1024 36 ) (1184 1024 36 ) (1184 2040 36 ) (1280 2040 36 ) 
4 116 120 (1496 1024 36 ) (1280 1024 36 ) (1280 1280 36 ) (1496 1280 36 ) 
4 116 119 (1280 1280 36 ) (1280 2040 36 ) (1496 2040 36 ) (1496 1280 36 ) 
4 117 139 (2048 1024 -120 ) (2048 1024 36 ) (1504 1024 36 ) (1504 1024 -120 ) 
4 117 126 (1504 2048 -120 ) (2048 2048 -120 ) (2048 1024 -120 ) (1504 1024 -120 ) 
4 118 121 (1280 2048 -120 ) (1280 2040 -120 ) (1280 2040 36 ) (1280 2048 36 ) 
4 118 119 (1280 2040 36 ) (1280 2040 -120 ) (1376 2040 -120 ) (1376 2040 36 ) 
4 119 122 (1280 2040 -120 ) (1280 1280 -120 ) (1280 1280 36 ) (1280 2040 36 ) 
4 119 120 (1280 1280 36 ) (1280 1280 16 ) (1496 1280 16 ) (1496 1280 36 ) 
4 120 140 (1496 1024 36 ) (1280 1024 36 ) (1280 1024 16 ) (1496 1024 16 ) 
4 120 122 (1280 1024 16 ) (1280 1024 36 ) (1280 1280 36 ) (1280 1280 16 ) 
4 121 122 (1184 2040 36 ) (1184 2040 -120 ) (1280 2040 -120 ) (1280 2040 36 ) 
4 122 141 (1280 1024 36 ) (1184 1024 36 ) (1184 1024 -120 ) (1280 1024 -120 ) 
4 122 123 (1184 2040 -120 ) (1184 1024 -120 ) (1184 1024 36 ) (1184 2040 36 ) 
4 123 141 (1184 1024 36 ) (1120 1024 36 ) (1120 1024 -120 ) (1184 1024 -120 ) 
4 123 125 (1120 2040 -120 ) (1120 1024 -120 ) (1120 1024 36 ) (1120 2040 36 ) 
4 124 347 (1024 2048 8 ) (1024 2048 -120 ) (1024 2046 -120 ) (1024 2046 8 ) 
4 124 259 (1024 2048 36 ) (1024 2048 8 ) (1024 2046 8 ) (1024 2046 36 ) 
4 125 348 (1024 2042 -120 ) (1024 1024 -120 ) (1024 1024 8 ) (1024 2042 8 ) 
4 125 264 (1024 1024 8 ) (1024 1024 36 ) (1024 2040 36 ) (1024 2040 8 ) 
4 125 260 (1024 2040 36 ) (1024 2042 36 ) (1024 2042 8 ) (1024 2040 8 ) 
4 125 141 (1120 1024 36 ) (1024 1024 36 ) (1024 1024 -120 ) (1120 1024 -120 ) 
4 126 139 (2048 1024 -152 ) (2048 1024 -120 ) (1504 1024 -120 ) (1504 1024 -152 ) 
4 127 150 (2048 744 -152 ) (2048 592 -152 ) (2048 592 88 ) (2048 744 88 ) 
4 127 148 (2048 800 -152 ) (2048 744 -152 ) (2048 744 80 ) (2048 800 80 ) 
4 127 147 (2048 744 80 ) (2048 744 88 ) (2048 800 88 ) (2048 800 80 ) 
4 127 146 (2048 808 -152 ) (2048 800 -152 ) (2048 800 -120 ) (2048 808 -120 ) 
4 127 144 (2048 800 -120 ) (2048 800 36 ) (2048 808 36 ) (2048 808 -120 ) 
4 127 143 (2048 800 36 ) (2048 800 80 ) (2048 808 80 ) (2048 808 36 ) 
4 127 142 (2048 800 80 ) (2048 800 88 ) (2048 808 88 ) (2048 808 80 ) 
4 127 139 (2048 1024 88 ) (2048 1024 -152 ) (2048 808 -152 ) (2048 808 88 ) 
4 127 137 (2048 744 88 ) (2048 592 88 ) (2048 592 720 ) (2048 744 720 ) 
4 127 133 (2048 752 88 ) (2048 744 88 ) (2048 744 184 ) (2048 752 184 ) 
4 127 131 (2048 1024 184 ) (2048 1024 88 ) (2048 752 88 ) (2048 752 184 ) 
4 127 130 (2048 1024 200 ) (2048 1024 184 ) (2048 744 184 ) (2048 744 200 ) 
4 127 129 (2048 1024 720 ) (2048 1024 200 ) (2048 744 200 ) (2048 744 720 ) 
4 127 128 (2048 592 720 ) (2048 592 -152 ) (3040 592 -152 ) (3040 592 720 ) 
4 128 185 (2256 0 -112 ) (2048 0 -112 ) (2048 0 -152 ) (2256 0 -152 ) 
4 128 184 (3040 0 -152 ) (3040 0 -112 ) (2256 0 -112 ) (2256 0 -152 ) 
4 128 173 (2096 0 24 ) (2048 0 24 ) (2048 0 -112 ) (2096 0 -112 ) 
4 128 170 (2096 0 -2 ) (2096 0 -112 ) (2200 0 -112 ) (2200 0 -2 ) 
4 128 169 (2200 0 24 ) (2096 0 24 ) (2096 0 -2 ) (2200 0 -2 ) 
4 128 168 (2256 0 24 ) (2200 0 24 ) (2200 0 -112 ) (2256 0 -112 ) 
4 128 167 (3040 0 -112 ) (3040 0 24 ) (2256 0 24 ) (2256 0 -112 ) 
4 128 162 (2248 0 152 ) (2048 0 152 ) (2048 0 24 ) (2248 0 24 ) 
4 128 157 (2256 0 152 ) (2248 0 152 ) (2248 0 24 ) (2256 0 24 ) 
4 128 156 (3040 0 24 ) (3040 0 152 ) (2256 0 152 ) (2256 0 24 ) 
4 128 153 (2256 0 720 ) (2048 0 720 ) (2048 0 152 ) (2256 0 152 ) 
4 128 152 (3040 0 152 ) (3040 0 720 ) (2256 0 720 ) (2256 0 152 ) 
4 128 151 (2048 0 -152 ) (2048 0 88 ) (2048 592 88 ) (2048 592 -152 ) 
4 128 138 (2048 0 88 ) (2048 0 720 ) (2048 592 720 ) (2048 592 88 ) 
4 129 461 (1024 992 200 ) (1024 744 200 ) (1024 744 720 ) (1024 992 720 ) 
4 129 445 (1024 1024 720 ) (1024 1024 200 ) (1024 992 200 ) (1024 992 720 ) 
4 129 137 (1024 744 720 ) (1024 744 200 ) (2048 744 200 ) (2048 744 720 ) 
4 129 130 (2048 744 200 ) (1504 744 200 ) (1504 1024 200 ) (2048 1024 200 ) 
4 130 137 (1504 744 184 ) (2048 744 184 ) (2048 744 200 ) (1504 744 200 ) 
4 130 133 (2048 744 184 ) (1504 744 184 ) (1504 752 184 ) (2048 752 184 ) 
4 130 131 (1504 752 184 ) (1504 1024 184 ) (2048 1024 184 ) (2048 752 184 ) 
4 131 147 (2048 800 88 ) (2048 752 88 ) (1504 752 88 ) (1504 800 88 ) 
4 131 142 (2048 808 88 ) (2048 800 88 ) (1504 800 88 ) (1504 808 88 ) 
4 131 139 (2048 1024 88 ) (2048 808 88 ) (1504 808 88 ) (1504 1024 88 ) 
4 131 133 (1504 752 88 ) (2048 752 88 ) (2048 752 184 ) (1504 752 184 ) 
4 132 140 (1448 808 88 ) (1448 1024 88 ) (1496 1024 88 ) (1496 808 88 ) 
4 132 136 (1448 1024 88 ) (1448 752 88 ) (1448 752 104 ) (1448 1024 104 ) 
4 132 135 (1448 752 104 ) (1448 752 168 ) (1448 1024 168 ) (1448 1024 104 ) 
4 132 134 (1448 752 168 ) (1448 752 184 ) (1448 1024 184 ) (1448 1024 168 ) 
4 133 147 (2048 752 88 ) (2048 744 88 ) (1504 744 88 ) (1504 752 88 ) 
4 133 137 (1504 744 88 ) (2048 744 88 ) (2048 744 184 ) (1504 744 184 ) 
4 134 463 (1024 992 168 ) (1024 752 168 ) (1024 752 184 ) (1024 992 184 ) 
4 134 446 (1024 1024 184 ) (1024 1024 168 ) (1024 992 168 ) (1024 992 184 ) 
4 134 135 (1448 1024 168 ) (1448 752 168 ) (1024 752 168 ) (1024 1024 168 ) 
4 135 464 (1024 992 104 ) (1024 750 104 ) (1024 750 168 ) (1024 992 168 ) 
4 135 446 (1024 1024 168 ) (1024 1024 104 ) (1024 992 104 ) (1024 992 168 ) 
4 135 136 (1024 1024 104 ) (1448 1024 104 ) (1448 752 104 ) (1024 752 104 ) 
4 136 465 (1024 992 88 ) (1024 752 88 ) (1024 752 104 ) (1024 992 104 ) 
4 136 446 (1024 1024 104 ) (1024 1024 88 ) (1024 992 88 ) (1024 992 104 ) 
4 136 140 (1280 1024 88 ) (1448 1024 88 ) (1448 808 88 ) (1280 808 88 ) 
4 136 141 (1024 808 88 ) (1024 1024 88 ) (1280 1024 88 ) (1280 808 88 ) 
4 137 469 (1024 744 200 ) (1024 744 88 ) (1024 592 88 ) (1024 592 200 ) 
4 137 468 (1024 592 720 ) (1024 744 720 ) (1024 744 200 ) (1024 592 200 ) 
4 137 150 (2048 744 88 ) (2048 592 88 ) (1024 592 88 ) (1024 744 88 ) 
4 137 138 (1024 592 88 ) (2048 592 88 ) (2048 592 720 ) (1024 592 720 ) 
4 138 470 (1024 0 88 ) (1024 0 720 ) (1024 592 720 ) (1024 592 88 ) 
4 138 187 (2048 0 88 ) (2048 0 720 ) (1024 0 720 ) (1024 0 88 ) 
4 138 151 (2048 592 88 ) (2048 0 88 ) (1024 0 88 ) (1024 592 88 ) 
4 139 146 (1504 808 -120 ) (1504 808 -152 ) (2048 808 -152 ) (2048 808 -120 ) 
4 139 144 (1504 808 36 ) (1504 808 -120 ) (2048 808 -120 ) (2048 808 36 ) 
4 139 143 (1504 808 80 ) (1504 808 36 ) (2048 808 36 ) (2048 808 80 ) 
4 139 142 (2048 808 88 ) (1504 808 88 ) (1504 808 80 ) (2048 808 80 ) 
4 140 141 (1280 808 16 ) (1280 808 88 ) (1280 1024 88 ) (1280 1024 16 ) 
4 141 492 (1024 808 -120 ) (1024 808 8 ) (1024 1024 8 ) (1024 1024 -120 ) 
4 141 481 (1024 808 8 ) (1024 808 80 ) (1024 824 80 ) (1024 824 8 ) 
4 141 477 (1024 824 80 ) (1024 888 80 ) (1024 888 8 ) (1024 824 8 ) 
4 141 476 (1024 888 80 ) (1024 992 80 ) (1024 992 8 ) (1024 888 8 ) 
4 141 472 (1024 808 80 ) (1024 808 88 ) (1024 992 88 ) (1024 992 80 ) 
4 141 446 (1024 992 88 ) (1024 1024 88 ) (1024 1024 8 ) (1024 992 8 ) 
4 141 145 (1024 808 36 ) (1024 808 -120 ) (1156 808 -120 ) (1156 808 36 ) 
4 142 147 (2048 800 80 ) (2048 800 88 ) (1504 800 88 ) (1504 800 80 ) 
4 142 143 (2048 800 80 ) (1504 800 80 ) (1504 808 80 ) (2048 808 80 ) 
4 143 148 (2048 800 36 ) (2048 800 80 ) (1504 800 80 ) (1504 800 36 ) 
4 143 144 (2048 800 36 ) (1504 800 36 ) (1504 808 36 ) (2048 808 36 ) 
4 144 148 (2048 800 -120 ) (2048 800 36 ) (1504 800 36 ) (1504 800 -120 ) 
4 144 146 (2048 800 -120 ) (1504 800 -120 ) (1504 808 -120 ) (2048 808 -120 ) 
4 145 493 (1024 808 8 ) (1024 808 -120 ) (1024 800 -120 ) (1024 800 8 ) 
4 145 482 (1024 808 36 ) (1024 808 8 ) (1024 800 8 ) (1024 800 36 ) 
4 145 149 (1156 800 36 ) (1024 800 36 ) (1024 800 -120 ) (1156 800 -120 ) 
4 146 149 (1272 800 -152 ) (1504 800 -152 ) (1504 800 -120 ) (1272 800 -120 ) 
4 146 148 (1504 800 -152 ) (2048 800 -152 ) (2048 800 -120 ) (1504 800 -120 ) 
4 147 150 (2048 744 80 ) (2048 744 88 ) (1504 744 88 ) (1504 744 80 ) 
4 147 148 (2048 744 80 ) (1504 744 80 ) (1504 800 80 ) (2048 800 80 ) 
4 148 150 (1504 744 -152 ) (2048 744 -152 ) (2048 744 80 ) (1504 744 80 ) 
4 148 149 (1504 744 -152 ) (1504 744 80 ) (1504 800 80 ) (1504 800 -152 ) 
4 149 506 (1024 800 -120 ) (1024 800 -152 ) (1024 744 -152 ) (1024 744 -120 ) 
4 149 495 (1024 800 8 ) (1024 800 -120 ) (1024 744 -120 ) (1024 744 8 ) 
4 149 484 (1024 760 8 ) (1024 744 8 ) (1024 744 80 ) (1024 760 80 ) 
4 149 483 (1024 800 80 ) (1024 800 8 ) (1024 760 8 ) (1024 760 80 ) 
4 149 150 (1024 744 -152 ) (1504 744 -152 ) (1504 744 80 ) (1024 744 80 ) 
4 150 521 (1024 600 -152 ) (1024 592 -152 ) (1024 592 -120 ) (1024 600 -120 ) 
4 150 508 (1024 592 -120 ) (1024 592 8 ) (1024 600 8 ) (1024 600 -120 ) 
4 150 507 (1024 744 -120 ) (1024 744 -152 ) (1024 600 -152 ) (1024 600 -120 ) 
4 150 496 (1024 744 8 ) (1024 744 -120 ) (1024 600 -120 ) (1024 600 8 ) 
4 150 489 (1024 696 8 ) (1024 592 8 ) (1024 592 80 ) (1024 696 80 ) 
4 150 485 (1024 744 80 ) (1024 744 8 ) (1024 696 8 ) (1024 696 80 ) 
4 150 473 (1024 592 88 ) (1024 744 88 ) (1024 744 80 ) (1024 592 80 ) 
4 150 151 (1024 592 -152 ) (2048 592 -152 ) (2048 592 88 ) (1024 592 88 ) 
4 151 522 (1024 0 -152 ) (1024 0 8 ) (1024 592 8 ) (1024 592 -152 ) 
4 151 490 (1024 0 8 ) (1024 0 80 ) (1024 592 80 ) (1024 592 8 ) 
4 151 474 (1024 0 80 ) (1024 0 88 ) (1024 592 88 ) (1024 592 80 ) 
4 151 252 (2048 0 -152 ) (2048 0 -112 ) (1024 0 -112 ) (1024 0 -152 ) 
4 151 227 (2048 0 -112 ) (2048 0 24 ) (1024 0 24 ) (1024 0 -112 ) 
4 151 187 (2048 0 24 ) (2048 0 88 ) (1024 0 88 ) (1024 0 24 ) 
4 152 255 (2256 -1024 152 ) (3040 -1024 152 ) (3040 -1024 720 ) (2256 -1024 720 ) 
4 152 156 (2256 0 152 ) (3040 0 152 ) (3040 -1024 152 ) (2256 -1024 152 ) 
4 152 154 (2256 -808 160 ) (2256 -808 720 ) (2256 -296 720 ) (2256 -296 160 ) 
4 152 153 (2256 0 152 ) (2256 -296 152 ) (2256 -296 720 ) (2256 0 720 ) 
4 152 155 (2256 -808 152 ) (2256 -1024 152 ) (2256 -1024 720 ) (2256 -808 720 ) 
4 153 187 (2048 0 720 ) (2048 0 152 ) (2048 -296 152 ) (2048 -296 720 ) 
4 153 162 (2048 -296 152 ) (2048 0 152 ) (2248 0 152 ) (2248 -296 152 ) 
4 153 157 (2248 0 152 ) (2256 0 152 ) (2256 -296 152 ) (2248 -296 152 ) 
4 153 154 (2256 -296 160 ) (2256 -296 720 ) (2048 -296 720 ) (2048 -296 160 ) 
4 154 204 (2048 -808 160 ) (2048 -808 720 ) (2048 -304 720 ) (2048 -304 160 ) 
4 154 188 (2048 -304 720 ) (2048 -296 720 ) (2048 -296 160 ) (2048 -304 160 ) 
4 154 155 (2256 -808 160 ) (2256 -808 720 ) (2048 -808 720 ) (2048 -808 160 ) 
4 155 255 (2048 -1024 720 ) (2048 -1024 152 ) (2256 -1024 152 ) (2256 -1024 720 ) 
4 155 205 (2048 -808 152 ) (2048 -1024 152 ) (2048 -1024 720 ) (2048 -808 720 ) 
4 155 166 (2048 -1024 152 ) (2048 -808 152 ) (2248 -808 152 ) (2248 -1024 152 ) 
4 155 161 (2248 -808 152 ) (2256 -808 152 ) (2256 -1024 152 ) (2248 -1024 152 ) 
4 156 255 (3040 -1024 152 ) (2256 -1024 152 ) (2256 -1024 24 ) (3040 -1024 24 ) 
4 156 176 (3040 -1024 24 ) (2256 -1024 24 ) (2256 -480 24 ) (3040 -480 24 ) 
4 156 174 (2256 -480 24 ) (2256 -304 24 ) (3040 -304 24 ) (3040 -480 24 ) 
4 156 167 (2256 -304 24 ) (2256 0 24 ) (3040 0 24 ) (3040 -304 24 ) 
4 156 161 (2256 -808 24 ) (2256 -1024 24 ) (2256 -1024 152 ) (2256 -808 152 ) 
4 156 158 (2256 -546 48 ) (2256 -546 124 ) (2256 -506 124 ) (2256 -506 48 ) 
4 156 157 (2256 0 24 ) (2256 -296 24 ) (2256 -296 152 ) (2256 0 152 ) 
4 157 168 (2248 -296 24 ) (2248 0 24 ) (2256 0 24 ) (2256 -296 24 ) 
4 157 162 (2248 0 24 ) (2248 -296 24 ) (2248 -296 152 ) (2248 0 152 ) 
4 158 159 (2253 -506 48 ) (2253 -546 48 ) (2253 -546 124 ) (2253 -506 124 ) 
4 159 160 (2251 -506 48 ) (2251 -546 48 ) (2251 -546 124 ) (2251 -506 124 ) 
4 160 163 (2248 -546 48 ) (2248 -546 124 ) (2248 -506 124 ) (2248 -506 48 ) 
4 161 255 (2256 -1024 152 ) (2248 -1024 152 ) (2248 -1024 24 ) (2256 -1024 24 ) 
4 161 177 (2256 -1024 24 ) (2248 -1024 24 ) (2248 -808 24 ) (2256 -808 24 ) 
4 161 166 (2248 -808 24 ) (2248 -1024 24 ) (2248 -1024 152 ) (2248 -808 152 ) 
4 162 187 (2048 0 152 ) (2048 0 24 ) (2048 -296 24 ) (2048 -296 152 ) 
4 162 173 (2048 -296 24 ) (2048 0 24 ) (2096 0 24 ) (2096 -296 24 ) 
4 162 169 (2096 0 24 ) (2200 0 24 ) (2200 -296 24 ) (2096 -296 24 ) 
4 162 168 (2200 0 24 ) (2248 0 24 ) (2248 -296 24 ) (2200 -296 24 ) 
4 163 208 (2048 -480 24 ) (2048 -552 24 ) (2048 -552 152 ) (2048 -480 152 ) 
4 163 207 (2048 -304 24 ) (2048 -480 24 ) (2048 -480 152 ) (2048 -304 152 ) 
4 163 178 (2048 -552 24 ) (2048 -480 24 ) (2080 -480 24 ) (2080 -552 24 ) 
4 163 164 (2160 -552 24 ) (2216 -552 24 ) (2216 -552 136 ) (2160 -552 136 ) 
4 164 165 (2160 -560 24 ) (2216 -560 24 ) (2216 -560 136 ) (2160 -560 136 ) 
4 165 216 (2048 -672 24 ) (2048 -800 24 ) (2048 -800 152 ) (2048 -672 152 ) 
4 165 213 (2048 -560 24 ) (2048 -672 24 ) (2048 -672 152 ) (2048 -560 152 ) 
4 166 255 (2248 -1024 152 ) (2048 -1024 152 ) (2048 -1024 24 ) (2248 -1024 24 ) 
4 166 218 (2048 -808 24 ) (2048 -1024 24 ) (2048 -1024 152 ) (2048 -808 152 ) 
4 166 183 (2248 -1024 24 ) (2048 -1024 24 ) (2048 -808 24 ) (2248 -808 24 ) 
4 167 184 (2256 0 -112 ) (3040 0 -112 ) (3040 -304 -112 ) (2256 -304 -112 ) 
4 167 174 (2256 -304 -112 ) (3040 -304 -112 ) (3040 -304 24 ) (2256 -304 24 ) 
4 167 168 (2256 0 -112 ) (2256 -296 -112 ) (2256 -296 24 ) (2256 0 24 ) 
4 168 185 (2200 0 -112 ) (2256 0 -112 ) (2256 -296 -112 ) (2200 -296 -112 ) 
4 168 170 (2200 0 -112 ) (2200 -296 -112 ) (2200 -296 -2 ) (2200 0 -2 ) 
4 168 169 (2200 -296 -2 ) (2200 -296 24 ) (2200 0 24 ) (2200 0 -2 ) 
4 169 173 (2096 -296 24 ) (2096 0 24 ) (2096 0 -2 ) (2096 -296 -2 ) 
4 169 170 (2096 -296 -2 ) (2096 0 -2 ) (2200 0 -2 ) (2200 -296 -2 ) 
4 170 185 (2096 0 -112 ) (2200 0 -112 ) (2200 -296 -112 ) (2096 -296 -112 ) 
4 170 173 (2096 0 -112 ) (2096 -296 -112 ) (2096 -296 -2 ) (2096 0 -2 ) 
4 170 171 (2200 -297 -112 ) (2200 -297 -2 ) (2096 -297 -2 ) (2096 -297 -112 ) 
4 171 172 (2200 -303 -112 ) (2200 -303 -2 ) (2096 -303 -2 ) (2096 -303 -112 ) 
4 172 175 (2096 -304 -112 ) (2200 -304 -112 ) (2200 -304 -2 ) (2096 -304 -2 ) 
4 173 227 (2048 0 24 ) (2048 0 -112 ) (2048 -296 -112 ) (2048 -296 24 ) 
4 173 185 (2048 -296 -112 ) (2048 0 -112 ) (2096 0 -112 ) (2096 -296 -112 ) 
4 174 184 (2256 -304 -112 ) (3040 -304 -112 ) (3040 -480 -112 ) (2256 -480 -112 ) 
4 174 176 (2256 -480 -112 ) (3040 -480 -112 ) (3040 -480 24 ) (2256 -480 24 ) 
4 175 235 (2048 -392 -112 ) (2048 -480 -112 ) (2048 -480 16 ) (2048 -392 16 ) 
4 175 232 (2048 -304 -112 ) (2048 -392 -112 ) (2048 -392 16 ) (2048 -304 16 ) 
4 175 181 (2048 -480 -112 ) (2080 -480 -112 ) (2080 -480 16 ) (2048 -480 16 ) 
4 175 179 (2160 -480 -112 ) (2216 -480 -112 ) (2216 -480 0 ) (2160 -480 0 ) 
4 176 255 (3040 -1024 24 ) (2256 -1024 24 ) (2256 -1024 -112 ) (3040 -1024 -112 ) 
4 176 184 (2256 -480 -112 ) (3040 -480 -112 ) (3040 -1024 -112 ) (2256 -1024 -112 ) 
4 176 177 (2256 -808 -112 ) (2256 -1024 -112 ) (2256 -1024 24 ) (2256 -808 24 ) 
4 177 255 (2256 -1024 24 ) (2248 -1024 24 ) (2248 -1024 -112 ) (2256 -1024 -112 ) 
4 177 186 (2256 -808 -112 ) (2256 -1024 -112 ) (2248 -1024 -112 ) (2248 -808 -112 ) 
4 177 183 (2248 -808 -112 ) (2248 -1024 -112 ) (2248 -1024 24 ) (2248 -808 24 ) 
4 178 239 (2048 -552 24 ) (2048 -480 24 ) (2048 -480 16 ) (2048 -552 16 ) 
4 178 181 (2048 -552 16 ) (2048 -480 16 ) (2080 -480 16 ) (2080 -552 16 ) 
4 179 180 (2160 -488 -112 ) (2216 -488 -112 ) (2216 -488 0 ) (2160 -488 0 ) 
4 180 182 (2088 -560 -112 ) (2248 -560 -112 ) (2248 -560 16 ) (2088 -560 16 ) 
4 181 239 (2048 -480 -112 ) (2048 -552 -112 ) (2048 -552 16 ) (2048 -480 16 ) 
4 182 246 (2048 -560 -112 ) (2048 -800 -112 ) (2048 -800 16 ) (2048 -560 16 ) 
4 183 255 (2248 -1024 24 ) (2048 -1024 24 ) (2048 -1024 -112 ) (2248 -1024 -112 ) 
4 183 249 (2048 -808 -112 ) (2048 -1024 -112 ) (2048 -1024 24 ) (2048 -808 24 ) 
4 183 186 (2048 -1024 -112 ) (2048 -808 -112 ) (2248 -808 -112 ) (2248 -1024 -112 ) 
4 184 255 (3040 -1024 -152 ) (3040 -1024 -112 ) (2256 -1024 -112 ) (2256 -1024 -152 ) 
4 184 185 (2256 0 -152 ) (2256 -296 -152 ) (2256 -296 -112 ) (2256 0 -112 ) 
4 184 186 (2256 -808 -152 ) (2256 -1024 -152 ) (2256 -1024 -112 ) (2256 -808 -112 ) 
4 185 252 (2048 0 -112 ) (2048 0 -152 ) (2048 -296 -152 ) (2048 -296 -112 ) 
4 186 255 (2256 -1024 -112 ) (2048 -1024 -112 ) (2048 -1024 -152 ) (2256 -1024 -152 ) 
4 186 253 (2048 -808 -152 ) (2048 -1024 -152 ) (2048 -1024 -112 ) (2048 -808 -112 ) 
4 187 575 (1024 0 720 ) (1024 0 24 ) (1024 -296 24 ) (1024 -296 720 ) 
4 187 227 (2048 0 24 ) (2048 -296 24 ) (1024 -296 24 ) (1024 0 24 ) 
4 187 201 (1522 -296 70 ) (1522 -296 128 ) (1486 -296 128 ) (1486 -296 70 ) 
4 187 203 (1024 -296 24 ) (1384 -296 24 ) (1384 -296 128 ) (1024 -296 128 ) 
4 187 199 (1560 -296 128 ) (1524 -296 128 ) (1524 -296 70 ) (1560 -296 70 ) 
4 187 197 (1598 -296 70 ) (1598 -296 128 ) (1562 -296 128 ) (1562 -296 70 ) 
4 187 195 (1826 -296 70 ) (1826 -296 128 ) (1790 -296 128 ) (1790 -296 70 ) 
4 187 193 (1864 -296 128 ) (1828 -296 128 ) (1828 -296 70 ) (1864 -296 70 ) 
4 187 191 (1902 -296 70 ) (1902 -296 128 ) (1866 -296 128 ) (1866 -296 70 ) 
4 187 190 (1384 -296 152 ) (1024 -296 152 ) (1024 -296 128 ) (1384 -296 128 ) 
4 187 188 (2048 -296 160 ) (2048 -296 720 ) (1384 -296 720 ) (1384 -296 160 ) 
4 187 189 (1384 -296 720 ) (1024 -296 720 ) (1024 -296 152 ) (1384 -296 152 ) 
4 188 204 (2048 -304 160 ) (2048 -304 720 ) (1384 -304 720 ) (1384 -304 160 ) 
4 188 189 (1384 -304 160 ) (1384 -304 720 ) (1384 -296 720 ) (1384 -296 160 ) 
4 189 575 (1024 -296 720 ) (1024 -296 152 ) (1024 -304 152 ) (1024 -304 720 ) 
4 189 206 (1024 -304 720 ) (1024 -304 152 ) (1384 -304 152 ) (1384 -304 720 ) 
4 189 190 (1384 -304 152 ) (1024 -304 152 ) (1024 -296 152 ) (1384 -296 152 ) 
4 190 575 (1024 -296 152 ) (1024 -296 128 ) (1024 -304 128 ) (1024 -304 152 ) 
4 190 219 (1024 -304 152 ) (1024 -304 128 ) (1384 -304 128 ) (1384 -304 152 ) 
4 190 203 (1384 -304 128 ) (1024 -304 128 ) (1024 -296 128 ) (1384 -296 128 ) 
4 192 207 (1902 -304 70 ) (1902 -304 128 ) (1866 -304 128 ) (1866 -304 70 ) 
4 194 207 (1864 -304 128 ) (1828 -304 128 ) (1828 -304 70 ) (1864 -304 70 ) 
4 196 207 (1826 -304 70 ) (1826 -304 128 ) (1790 -304 128 ) (1790 -304 70 ) 
4 198 207 (1598 -304 70 ) (1598 -304 128 ) (1562 -304 128 ) (1562 -304 70 ) 
4 200 207 (1560 -304 128 ) (1524 -304 128 ) (1524 -304 70 ) (1560 -304 70 ) 
4 202 207 (1522 -304 70 ) (1522 -304 128 ) (1486 -304 128 ) (1486 -304 70 ) 
4 203 575 (1024 -296 128 ) (1024 -296 24 ) (1024 -304 24 ) (1024 -304 128 ) 
4 203 231 (1384 -304 24 ) (1024 -304 24 ) (1024 -296 24 ) (1384 -296 24 ) 
4 203 219 (1024 -304 128 ) (1024 -304 24 ) (1384 -304 24 ) (1384 -304 128 ) 
4 204 205 (1384 -808 720 ) (1384 -808 160 ) (2048 -808 160 ) (2048 -808 720 ) 
4 204 206 (1384 -808 160 ) (1384 -808 720 ) (1384 -304 720 ) (1384 -304 160 ) 
4 205 256 (2048 -1024 152 ) (2048 -1024 720 ) (1384 -1024 720 ) (1384 -1024 152 ) 
4 205 225 (1392 -1024 152 ) (1384 -1024 152 ) (1384 -808 152 ) (1392 -808 152 ) 
4 205 218 (2048 -808 152 ) (2048 -1024 152 ) (1392 -1024 152 ) (1392 -808 152 ) 
4 205 206 (1384 -808 152 ) (1384 -1024 152 ) (1384 -1024 720 ) (1384 -808 720 ) 
4 206 575 (1024 -1024 152 ) (1024 -1024 720 ) (1024 -304 720 ) (1024 -304 152 ) 
4 206 256 (1384 -1024 720 ) (1024 -1024 720 ) (1024 -1024 152 ) (1384 -1024 152 ) 
4 206 226 (1384 -472 152 ) (1384 -1024 152 ) (1024 -1024 152 ) (1024 -472 152 ) 
4 206 220 (1384 -356 152 ) (1384 -472 152 ) (1024 -472 152 ) (1024 -356 152 ) 
4 206 219 (1024 -304 152 ) (1384 -304 152 ) (1384 -356 152 ) (1024 -356 152 ) 
4 207 221 (1392 -356 130 ) (1392 -356 68 ) (1392 -472 68 ) (1392 -472 130 ) 
4 207 210 (1576 -480 24 ) (1632 -480 24 ) (1632 -480 136 ) (1576 -480 136 ) 
4 207 208 (1736 -480 24 ) (2048 -480 24 ) (2048 -480 152 ) (1736 -480 152 ) 
4 208 239 (2048 -480 24 ) (2048 -552 24 ) (1736 -552 24 ) (1736 -480 24 ) 
4 209 215 (1632 -560 24 ) (1728 -560 24 ) (1728 -560 152 ) (1632 -560 152 ) 
4 209 211 (1632 -488 24 ) (1632 -560 24 ) (1632 -560 152 ) (1632 -488 152 ) 
4 210 211 (1576 -488 136 ) (1576 -488 24 ) (1632 -488 24 ) (1632 -488 136 ) 
4 211 215 (1576 -560 24 ) (1632 -560 24 ) (1632 -560 152 ) (1576 -560 152 ) 
4 211 212 (1576 -488 24 ) (1576 -560 24 ) (1576 -560 152 ) (1576 -488 152 ) 
4 212 215 (1392 -560 152 ) (1392 -560 24 ) (1576 -560 24 ) (1576 -560 152 ) 
4 213 216 (1736 -672 24 ) (2048 -672 24 ) (2048 -672 152 ) (1736 -672 152 ) 
4 213 214 (1736 -616 24 ) (1736 -672 24 ) (1736 -672 136 ) (1736 -616 136 ) 
4 214 215 (1728 -616 24 ) (1728 -672 24 ) (1728 -672 136 ) (1728 -616 136 ) 
4 215 217 (1392 -672 152 ) (1392 -672 24 ) (1728 -672 24 ) (1728 -672 152 ) 
4 218 256 (2048 -1024 24 ) (2048 -1024 152 ) (1392 -1024 152 ) (1392 -1024 24 ) 
4 218 249 (2048 -808 24 ) (2048 -1024 24 ) (1392 -1024 24 ) (1392 -808 24 ) 
4 218 225 (1392 -1024 152 ) (1392 -808 152 ) (1392 -808 24 ) (1392 -1024 24 ) 
4 219 575 (1024 -356 152 ) (1024 -304 152 ) (1024 -304 24 ) (1024 -356 24 ) 
4 219 234 (1024 -356 24 ) (1024 -304 24 ) (1384 -304 24 ) (1384 -356 24 ) 
4 219 224 (1024 -356 24 ) (1384 -356 24 ) (1384 -356 68 ) (1024 -356 68 ) 
4 219 223 (1384 -356 68 ) (1384 -356 130 ) (1024 -356 130 ) (1024 -356 68 ) 
4 219 220 (1384 -356 130 ) (1384 -356 152 ) (1024 -356 152 ) (1024 -356 130 ) 
4 220 575 (1024 -472 152 ) (1024 -356 152 ) (1024 -356 130 ) (1024 -472 130 ) 
4 220 226 (1384 -472 152 ) (1024 -472 152 ) (1024 -472 130 ) (1384 -472 130 ) 
4 220 223 (1384 -472 130 ) (1024 -472 130 ) (1024 -356 130 ) (1384 -356 130 ) 
4 221 222 (1391 -356 68 ) (1391 -472 68 ) (1391 -472 130 ) (1391 -356 130 ) 
4 222 223 (1385 -356 68 ) (1385 -472 68 ) (1385 -472 130 ) (1385 -356 130 ) 
4 223 575 (1024 -356 130 ) (1024 -356 68 ) (1024 -472 68 ) (1024 -472 130 ) 
4 223 226 (1384 -472 130 ) (1024 -472 130 ) (1024 -472 68 ) (1384 -472 68 ) 
4 223 224 (1384 -472 68 ) (1024 -472 68 ) (1024 -356 68 ) (1384 -356 68 ) 
4 224 575 (1024 -356 68 ) (1024 -356 24 ) (1024 -472 24 ) (1024 -472 68 ) 
4 224 238 (1024 -472 24 ) (1024 -392 24 ) (1384 -392 24 ) (1384 -472 24 ) 
4 224 234 (1024 -392 24 ) (1024 -356 24 ) (1384 -356 24 ) (1384 -392 24 ) 
4 224 226 (1024 -472 24 ) (1384 -472 24 ) (1384 -472 68 ) (1024 -472 68 ) 
4 225 256 (1392 -1024 152 ) (1384 -1024 152 ) (1384 -1024 24 ) (1392 -1024 24 ) 
4 225 250 (1392 -1024 24 ) (1384 -1024 24 ) (1384 -808 24 ) (1392 -808 24 ) 
4 225 226 (1384 -808 24 ) (1384 -1024 24 ) (1384 -1024 152 ) (1384 -808 152 ) 
4 226 575 (1024 -1024 24 ) (1024 -1024 152 ) (1024 -472 152 ) (1024 -472 24 ) 
4 226 256 (1384 -1024 152 ) (1024 -1024 152 ) (1024 -1024 24 ) (1384 -1024 24 ) 
4 226 251 (1384 -1024 24 ) (1024 -1024 24 ) (1024 -560 24 ) (1384 -560 24 ) 
4 226 240 (1024 -560 24 ) (1024 -480 24 ) (1384 -480 24 ) (1384 -560 24 ) 
4 226 238 (1024 -480 24 ) (1024 -472 24 ) (1384 -472 24 ) (1384 -480 24 ) 
4 227 575 (1024 -296 24 ) (1024 0 24 ) (1024 0 -112 ) (1024 -296 -112 ) 
4 227 252 (1024 -296 -112 ) (1024 0 -112 ) (2048 0 -112 ) (2048 -296 -112 ) 
4 227 231 (1024 -296 -112 ) (1384 -296 -112 ) (1384 -296 24 ) (1024 -296 24 ) 
4 227 228 (1904 -296 -68 ) (1904 -296 -6 ) (1788 -296 -6 ) (1788 -296 -68 ) 
4 228 229 (1788 -297 -68 ) (1904 -297 -68 ) (1904 -297 -6 ) (1788 -297 -6 ) 
4 229 230 (1788 -303 -68 ) (1904 -303 -68 ) (1904 -303 -6 ) (1788 -303 -6 ) 
4 230 232 (1904 -304 -68 ) (1904 -304 -6 ) (1788 -304 -6 ) (1788 -304 -68 ) 
4 231 575 (1024 -304 24 ) (1024 -296 24 ) (1024 -296 -112 ) (1024 -304 -112 ) 
4 231 254 (1024 -304 -112 ) (1024 -296 -112 ) (1384 -296 -112 ) (1384 -304 -112 ) 
4 231 234 (1024 -304 -112 ) (1384 -304 -112 ) (1384 -304 24 ) (1024 -304 24 ) 
4 232 235 (1736 -392 -112 ) (2048 -392 -112 ) (2048 -392 16 ) (1736 -392 16 ) 
4 233 237 (1392 -392 -112 ) (1728 -392 -112 ) (1728 -392 16 ) (1392 -392 16 ) 
4 234 575 (1024 -392 24 ) (1024 -304 24 ) (1024 -304 -112 ) (1024 -392 -112 ) 
4 234 254 (1024 -392 -112 ) (1024 -304 -112 ) (1384 -304 -112 ) (1384 -392 -112 ) 
4 234 238 (1024 -392 -112 ) (1384 -392 -112 ) (1384 -392 24 ) (1024 -392 24 ) 
4 235 239 (1736 -480 -112 ) (2048 -480 -112 ) (2048 -480 16 ) (1736 -480 16 ) 
4 235 236 (1736 -392 0 ) (1736 -392 -112 ) (1736 -448 -112 ) (1736 -448 0 ) 
4 236 237 (1728 -392 0 ) (1728 -392 -112 ) (1728 -448 -112 ) (1728 -448 0 ) 
4 237 242 (1536 -480 -112 ) (1592 -480 -112 ) (1592 -480 0 ) (1536 -480 0 ) 
4 238 575 (1024 -480 24 ) (1024 -392 24 ) (1024 -392 -112 ) (1024 -480 -112 ) 
4 238 254 (1024 -480 -112 ) (1024 -392 -112 ) (1384 -392 -112 ) (1384 -480 -112 ) 
4 238 245 (1024 -480 -112 ) (1384 -480 -112 ) (1384 -480 16 ) (1024 -480 16 ) 
4 238 240 (1384 -480 16 ) (1384 -480 24 ) (1024 -480 24 ) (1024 -480 16 ) 
4 240 575 (1024 -560 24 ) (1024 -480 24 ) (1024 -480 16 ) (1024 -560 16 ) 
4 240 251 (1384 -560 24 ) (1024 -560 24 ) (1024 -560 16 ) (1384 -560 16 ) 
4 240 245 (1024 -480 16 ) (1384 -480 16 ) (1384 -560 16 ) (1024 -560 16 ) 
4 241 248 (1592 -560 -112 ) (1728 -560 -112 ) (1728 -560 16 ) (1592 -560 16 ) 
4 241 243 (1592 -560 -112 ) (1592 -560 16 ) (1592 -488 16 ) (1592 -488 -112 ) 
4 242 243 (1536 -488 0 ) (1536 -488 -112 ) (1592 -488 -112 ) (1592 -488 0 ) 
4 243 248 (1536 -560 -112 ) (1592 -560 -112 ) (1592 -560 16 ) (1536 -560 16 ) 
4 243 244 (1536 -560 -112 ) (1536 -560 16 ) (1536 -488 16 ) (1536 -488 -112 ) 
4 244 248 (1392 -560 -112 ) (1536 -560 -112 ) (1536 -560 16 ) (1392 -560 16 ) 
4 245 575 (1024 -480 16 ) (1024 -480 -112 ) (1024 -560 -112 ) (1024 -560 16 ) 
4 245 254 (1024 -560 -112 ) (1024 -480 -112 ) (1384 -480 -112 ) (1384 -560 -112 ) 
4 245 251 (1024 -560 -112 ) (1384 -560 -112 ) (1384 -560 16 ) (1024 -560 16 ) 
4 246 247 (1848 -616 0 ) (1848 -616 -112 ) (1848 -672 -112 ) (1848 -672 0 ) 
4 247 248 (1840 -616 0 ) (1840 -616 -112 ) (1840 -672 -112 ) (1840 -672 0 ) 
4 249 256 (2048 -1024 -112 ) (2048 -1024 24 ) (1392 -1024 24 ) (1392 -1024 -112 ) 
4 249 253 (2048 -1024 -112 ) (1392 -1024 -112 ) (1392 -808 -112 ) (2048 -808 -112 ) 
4 249 250 (1392 -808 -112 ) (1392 -1024 -112 ) (1392 -1024 24 ) (1392 -808 24 ) 
4 250 256 (1392 -1024 24 ) (1384 -1024 24 ) (1384 -1024 -112 ) (1392 -1024 -112 ) 
4 250 253 (1392 -1024 -112 ) (1384 -1024 -112 ) (1384 -808 -112 ) (1392 -808 -112 ) 
4 250 251 (1384 -808 -112 ) (1384 -1024 -112 ) (1384 -1024 24 ) (1384 -808 24 ) 
4 251 575 (1024 -1024 -112 ) (1024 -1024 24 ) (1024 -560 24 ) (1024 -560 -112 ) 
4 251 256 (1384 -1024 24 ) (1024 -1024 24 ) (1024 -1024 -112 ) (1384 -1024 -112 ) 
4 251 254 (1384 -1024 -112 ) (1024 -1024 -112 ) (1024 -560 -112 ) (1384 -560 -112 ) 
4 252 575 (1024 -296 -112 ) (1024 0 -112 ) (1024 0 -152 ) (1024 -296 -152 ) 
4 252 254 (1024 -296 -152 ) (1384 -296 -152 ) (1384 -296 -112 ) (1024 -296 -112 ) 
4 253 256 (2048 -1024 -152 ) (2048 -1024 -112 ) (1384 -1024 -112 ) (1384 -1024 -152 ) 
4 253 254 (1384 -808 -152 ) (1384 -1024 -152 ) (1384 -1024 -112 ) (1384 -808 -112 ) 
4 254 575 (1024 -1024 -152 ) (1024 -1024 -112 ) (1024 -296 -112 ) (1024 -296 -152 ) 
4 254 256 (1384 -1024 -112 ) (1024 -1024 -112 ) (1024 -1024 -152 ) (1384 -1024 -152 ) 
4 255 256 (2048 -1520 -152 ) (2048 -1520 720 ) (2048 -1024 720 ) (2048 -1024 -152 ) 
4 256 579 (1024 -1520 -152 ) (1024 -1520 720 ) (1024 -1024 720 ) (1024 -1024 -152 ) 
4 257 265 (720 2040 200 ) (720 2040 720 ) (720 2048 720 ) (720 2048 200 ) 
4 257 262 (720 2040 320 ) (720 2040 200 ) (1024 2040 200 ) (1024 2040 320 ) 
4 257 261 (720 2040 720 ) (720 2040 320 ) (1024 2040 320 ) (1024 2040 720 ) 
4 258 264 (1024 2040 104 ) (1024 2040 168 ) (840 2040 168 ) (840 2040 104 ) 
4 259 347 (928 2048 8 ) (1024 2048 8 ) (1024 2046 8 ) (928 2046 8 ) 
4 260 348 (1024 2042 8 ) (1024 2040 8 ) (928 2040 8 ) (928 2042 8 ) 
4 260 264 (928 2040 8 ) (1024 2040 8 ) (1024 2040 36 ) (928 2040 36 ) 
4 261 445 (1024 1024 320 ) (1024 1024 720 ) (720 1024 720 ) (720 1024 320 ) 
4 261 272 (720 1024 320 ) (720 1024 720 ) (720 1056 720 ) (720 1056 320 ) 
4 261 271 (720 1056 720 ) (720 1144 720 ) (720 1144 320 ) (720 1056 320 ) 
4 261 270 (720 1144 720 ) (720 1152 720 ) (720 1152 320 ) (720 1144 320 ) 
4 261 267 (720 1152 720 ) (720 1216 720 ) (720 1216 320 ) (720 1152 320 ) 
4 261 266 (720 1216 720 ) (720 1920 720 ) (720 1920 320 ) (720 1216 320 ) 
4 261 265 (720 1920 720 ) (720 2040 720 ) (720 2040 320 ) (720 1920 320 ) 
4 261 262 (720 1920 320 ) (720 2040 320 ) (1024 2040 320 ) (1024 1920 320 ) 
4 261 263 (1024 1024 320 ) (720 1024 320 ) (720 1144 320 ) (1024 1144 320 ) 
4 262 265 (720 1920 320 ) (720 2040 320 ) (720 2040 200 ) (720 1920 200 ) 
4 263 445 (1024 1024 200 ) (1024 1024 320 ) (720 1024 320 ) (720 1024 200 ) 
4 263 272 (720 1024 200 ) (720 1024 320 ) (720 1056 320 ) (720 1056 200 ) 
4 263 271 (720 1056 320 ) (720 1144 320 ) (720 1144 200 ) (720 1056 200 ) 
4 264 446 (1024 1024 8 ) (1024 1024 184 ) (736 1024 184 ) (736 1024 8 ) 
4 264 349 (928 1024 8 ) (736 1024 8 ) (736 2040 8 ) (928 2040 8 ) 
4 264 348 (1024 1024 8 ) (928 1024 8 ) (928 2040 8 ) (1024 2040 8 ) 
4 265 274 (624 1920 200 ) (624 1920 720 ) (624 2048 720 ) (624 2048 200 ) 
4 265 266 (624 1920 720 ) (624 1920 320 ) (720 1920 320 ) (720 1920 720 ) 
4 266 275 (624 1216 320 ) (624 1216 720 ) (624 1920 720 ) (624 1920 320 ) 
4 266 268 (624 1216 720 ) (624 1216 320 ) (656 1216 320 ) (656 1216 720 ) 
4 266 267 (656 1216 320 ) (720 1216 320 ) (720 1216 720 ) (656 1216 720 ) 
4 267 270 (720 1152 320 ) (720 1152 720 ) (656 1152 720 ) (656 1152 320 ) 
4 267 268 (656 1152 320 ) (656 1152 720 ) (656 1216 720 ) (656 1216 320 ) 
4 268 275 (624 1152 320 ) (624 1152 720 ) (624 1216 720 ) (624 1216 320 ) 
4 268 270 (624 1152 720 ) (624 1152 320 ) (656 1152 320 ) (656 1152 720 ) 
4 269 359 (624 1152 8 ) (624 1216 8 ) (656 1216 8 ) (656 1152 8 ) 
4 270 276 (624 1144 320 ) (624 1144 720 ) (624 1152 720 ) (624 1152 320 ) 
4 270 271 (624 1144 720 ) (624 1144 320 ) (720 1144 320 ) (720 1144 720 ) 
4 271 277 (624 1056 88 ) (624 1056 720 ) (624 1144 720 ) (624 1144 88 ) 
4 271 272 (624 1056 720 ) (624 1056 88 ) (720 1056 88 ) (720 1056 720 ) 
4 272 447 (624 1024 720 ) (624 1024 88 ) (720 1024 88 ) (720 1024 720 ) 
4 272 278 (624 1024 88 ) (624 1024 720 ) (624 1056 720 ) (624 1056 88 ) 
4 273 448 (624 1024 16 ) (624 1024 8 ) (656 1024 8 ) (656 1024 16 ) 
4 273 359 (656 1024 8 ) (624 1024 8 ) (624 1056 8 ) (656 1056 8 ) 
4 274 279 (592 2048 720 ) (592 2048 200 ) (592 1920 200 ) (592 1920 720 ) 
4 274 275 (592 1920 720 ) (592 1920 320 ) (624 1920 320 ) (624 1920 720 ) 
4 275 293 (592 1152 320 ) (592 1152 720 ) (592 1376 720 ) (592 1376 320 ) 
4 275 291 (592 1376 720 ) (592 1408 720 ) (592 1408 320 ) (592 1376 320 ) 
4 275 290 (592 1408 720 ) (592 1536 720 ) (592 1536 320 ) (592 1408 320 ) 
4 275 288 (592 1536 720 ) (592 1568 720 ) (592 1568 320 ) (592 1536 320 ) 
4 275 287 (592 1568 720 ) (592 1696 720 ) (592 1696 320 ) (592 1568 320 ) 
4 275 281 (592 1696 720 ) (592 1728 720 ) (592 1728 320 ) (592 1696 320 ) 
4 275 280 (592 1728 720 ) (592 1920 720 ) (592 1920 320 ) (592 1728 320 ) 
4 275 276 (592 1152 720 ) (592 1152 320 ) (624 1152 320 ) (624 1152 720 ) 
4 276 293 (592 1144 320 ) (592 1144 720 ) (592 1152 720 ) (592 1152 320 ) 
4 276 277 (592 1144 720 ) (592 1144 320 ) (624 1144 320 ) (624 1144 720 ) 
4 277 294 (592 1056 88 ) (592 1056 720 ) (592 1144 720 ) (592 1144 88 ) 
4 277 278 (624 1056 88 ) (624 1056 720 ) (592 1056 720 ) (592 1056 88 ) 
4 278 449 (592 1024 720 ) (592 1024 88 ) (624 1024 88 ) (624 1024 720 ) 
4 278 294 (592 1024 88 ) (592 1024 720 ) (592 1056 720 ) (592 1056 88 ) 
4 279 283 (544 1920 200 ) (544 1920 720 ) (544 2048 720 ) (544 2048 200 ) 
4 279 280 (544 1920 720 ) (544 1920 320 ) (592 1920 320 ) (592 1920 720 ) 
4 280 284 (544 1728 320 ) (544 1728 720 ) (544 1920 720 ) (544 1920 320 ) 
4 280 281 (592 1728 320 ) (592 1728 720 ) (544 1728 720 ) (544 1728 320 ) 
4 281 287 (592 1696 320 ) (592 1696 720 ) (544 1696 720 ) (544 1696 320 ) 
4 281 285 (544 1696 320 ) (544 1696 720 ) (544 1728 720 ) (544 1728 320 ) 
4 282 356 (592 1728 8 ) (592 1696 8 ) (544 1696 8 ) (544 1728 8 ) 
4 282 286 (544 1728 8 ) (544 1696 8 ) (544 1696 16 ) (544 1728 16 ) 
4 283 295 (528 1920 200 ) (528 1920 720 ) (528 2048 720 ) (528 2048 200 ) 
4 283 284 (528 1920 720 ) (528 1920 320 ) (544 1920 320 ) (544 1920 720 ) 
4 284 300 (528 1728 320 ) (528 1728 720 ) (528 1920 720 ) (528 1920 320 ) 
4 284 285 (544 1728 320 ) (544 1728 720 ) (528 1728 720 ) (528 1728 320 ) 
4 285 300 (528 1696 320 ) (528 1696 720 ) (528 1728 720 ) (528 1728 320 ) 
4 285 287 (528 1696 720 ) (528 1696 320 ) (544 1696 320 ) (544 1696 720 ) 
4 286 356 (528 1696 8 ) (528 1728 8 ) (544 1728 8 ) (544 1696 8 ) 
4 287 300 (528 1568 320 ) (528 1568 720 ) (528 1696 720 ) (528 1696 320 ) 
4 287 288 (592 1568 320 ) (592 1568 720 ) (528 1568 720 ) (528 1568 320 ) 
4 288 300 (528 1536 320 ) (528 1536 720 ) (528 1568 720 ) (528 1568 320 ) 
4 288 290 (528 1536 720 ) (528 1536 320 ) (592 1536 320 ) (592 1536 720 ) 
4 289 356 (528 1536 8 ) (528 1568 8 ) (592 1568 8 ) (592 1536 8 ) 
4 290 300 (528 1408 320 ) (528 1408 720 ) (528 1536 720 ) (528 1536 320 ) 
4 290 291 (592 1408 320 ) (592 1408 720 ) (528 1408 720 ) (528 1408 320 ) 
4 291 300 (528 1376 320 ) (528 1376 720 ) (528 1408 720 ) (528 1408 320 ) 
4 291 293 (528 1376 720 ) (528 1376 320 ) (592 1376 320 ) (592 1376 720 ) 
4 292 356 (528 1376 8 ) (528 1408 8 ) (592 1408 8 ) (592 1376 8 ) 
4 293 300 (528 1144 320 ) (528 1144 720 ) (528 1376 720 ) (528 1376 320 ) 
4 293 294 (528 1144 720 ) (528 1144 320 ) (592 1144 320 ) (592 1144 720 ) 
4 294 449 (528 1024 720 ) (528 1024 88 ) (592 1024 88 ) (592 1024 720 ) 
4 294 304 (528 1024 88 ) (528 1024 720 ) (528 1056 720 ) (528 1056 88 ) 
4 294 303 (528 1056 720 ) (528 1144 720 ) (528 1144 88 ) (528 1056 88 ) 
4 295 300 (528 1920 320 ) (528 1920 720 ) (504 1920 720 ) (504 1920 320 ) 
4 295 296 (504 1920 200 ) (504 1920 720 ) (504 2048 720 ) (504 2048 200 ) 
4 296 300 (504 1920 320 ) (504 1920 720 ) (432 1920 720 ) (432 1920 320 ) 
4 296 297 (432 2048 720 ) (432 2048 200 ) (432 1920 200 ) (432 1920 720 ) 
4 297 301 (432 1920 320 ) (432 1920 720 ) (416 1920 720 ) (416 1920 320 ) 
4 297 298 (416 1920 320 ) (416 1920 720 ) (416 2048 720 ) (416 2048 320 ) 
4 298 309 (240 2048 720 ) (240 2048 320 ) (240 1920 320 ) (240 1920 720 ) 
4 298 302 (240 1920 720 ) (240 1920 320 ) (368 1920 320 ) (368 1920 720 ) 
4 298 301 (368 1920 320 ) (416 1920 320 ) (416 1920 720 ) (368 1920 720 ) 
4 299 354 (432 1952 8 ) (432 1920 8 ) (368 1920 8 ) (368 1952 8 ) 
4 300 303 (528 1144 320 ) (528 1144 720 ) (432 1144 720 ) (432 1144 320 ) 
4 300 301 (432 1920 720 ) (432 1920 320 ) (432 1144 320 ) (432 1144 720 ) 
4 301 303 (432 1144 320 ) (432 1144 720 ) (368 1144 720 ) (368 1144 320 ) 
4 301 302 (368 1920 720 ) (368 1920 320 ) (368 1144 320 ) (368 1144 720 ) 
4 302 310 (240 1144 320 ) (240 1144 720 ) (240 1920 720 ) (240 1920 320 ) 
4 302 303 (240 1144 720 ) (240 1144 320 ) (368 1144 320 ) (368 1144 720 ) 
4 303 311 (240 1056 88 ) (240 1056 720 ) (240 1144 720 ) (240 1144 88 ) 
4 303 307 (240 1056 720 ) (240 1056 88 ) (368 1056 88 ) (368 1056 720 ) 
4 303 304 (368 1056 88 ) (528 1056 88 ) (528 1056 720 ) (368 1056 720 ) 
4 304 453 (368 1024 720 ) (368 1024 88 ) (400 1024 88 ) (400 1024 720 ) 
4 304 452 (400 1024 88 ) (496 1024 88 ) (496 1024 720 ) (400 1024 720 ) 
4 304 450 (496 1024 88 ) (528 1024 88 ) (528 1024 720 ) (496 1024 720 ) 
4 304 307 (368 1056 720 ) (368 1056 88 ) (368 1024 88 ) (368 1024 720 ) 
4 305 451 (496 1024 8 ) (528 1024 8 ) (528 1024 16 ) (496 1024 16 ) 
4 305 359 (528 1024 8 ) (496 1024 8 ) (496 1056 8 ) (528 1056 8 ) 
4 306 454 (368 1024 16 ) (368 1024 8 ) (400 1024 8 ) (400 1024 16 ) 
4 306 360 (392 1024 8 ) (368 1024 8 ) (368 1056 8 ) (392 1056 8 ) 
4 306 359 (400 1024 8 ) (392 1024 8 ) (392 1056 8 ) (400 1056 8 ) 
4 307 455 (240 1024 720 ) (240 1024 88 ) (368 1024 88 ) (368 1024 720 ) 
4 307 311 (240 1024 88 ) (240 1024 720 ) (240 1056 720 ) (240 1056 88 ) 
4 308 456 (240 1024 16 ) (240 1024 8 ) (272 1024 8 ) (272 1024 16 ) 
4 308 364 (272 1024 8 ) (240 1024 8 ) (240 1056 8 ) (272 1056 8 ) 
4 309 312 (208 2048 720 ) (208 2048 320 ) (208 1920 320 ) (208 1920 720 ) 
4 309 310 (208 1920 720 ) (208 1920 320 ) (240 1920 320 ) (240 1920 720 ) 
4 310 325 (208 1144 320 ) (208 1144 720 ) (208 1280 720 ) (208 1280 320 ) 
4 310 323 (208 1280 720 ) (208 1312 720 ) (208 1312 320 ) (208 1280 320 ) 
4 310 321 (208 1312 720 ) (208 1472 720 ) (208 1472 320 ) (208 1312 320 ) 
4 310 320 (208 1472 720 ) (208 1600 720 ) (208 1600 320 ) (208 1472 320 ) 
4 310 318 (208 1600 720 ) (208 1632 720 ) (208 1632 320 ) (208 1600 320 ) 
4 310 317 (208 1632 720 ) (208 1760 720 ) (208 1760 320 ) (208 1632 320 ) 
4 310 315 (208 1760 720 ) (208 1792 720 ) (208 1792 320 ) (208 1760 320 ) 
4 310 314 (208 1792 720 ) (208 1920 720 ) (208 1920 320 ) (208 1792 320 ) 
4 310 311 (208 1144 720 ) (208 1144 320 ) (240 1144 320 ) (240 1144 720 ) 
4 311 455 (208 1024 720 ) (208 1024 88 ) (240 1024 88 ) (240 1024 720 ) 
4 311 326 (208 1024 88 ) (208 1024 720 ) (208 1144 720 ) (208 1144 88 ) 
4 312 330 (144 1920 320 ) (144 1920 720 ) (144 2048 720 ) (144 2048 320 ) 
4 312 314 (144 1920 720 ) (144 1920 320 ) (208 1920 320 ) (208 1920 720 ) 
4 313 362 (144 1920 8 ) (144 1952 8 ) (208 1952 8 ) (208 1920 8 ) 
4 314 331 (144 1792 320 ) (144 1792 720 ) (144 1920 720 ) (144 1920 320 ) 
4 314 315 (144 1792 720 ) (144 1792 320 ) (208 1792 320 ) (208 1792 720 ) 
4 315 331 (144 1760 320 ) (144 1760 720 ) (144 1792 720 ) (144 1792 320 ) 
4 315 317 (208 1760 320 ) (208 1760 720 ) (144 1760 720 ) (144 1760 320 ) 
4 316 363 (144 1760 8 ) (144 1792 8 ) (208 1792 8 ) (208 1760 8 ) 
4 317 331 (144 1632 320 ) (144 1632 720 ) (144 1760 720 ) (144 1760 320 ) 
4 317 318 (208 1632 320 ) (208 1632 720 ) (144 1632 720 ) (144 1632 320 ) 
4 318 331 (144 1600 320 ) (144 1600 720 ) (144 1632 720 ) (144 1632 320 ) 
4 318 320 (144 1600 720 ) (144 1600 320 ) (208 1600 320 ) (208 1600 720 ) 
4 319 363 (144 1600 8 ) (144 1632 8 ) (208 1632 8 ) (208 1600 8 ) 
4 320 331 (144 1472 320 ) (144 1472 720 ) (144 1600 720 ) (144 1600 320 ) 
4 320 321 (144 1472 720 ) (144 1472 320 ) (208 1472 320 ) (208 1472 720 ) 
4 321 331 (144 1312 320 ) (144 1312 720 ) (144 1472 720 ) (144 1472 320 ) 
4 321 323 (144 1312 720 ) (144 1312 320 ) (208 1312 320 ) (208 1312 720 ) 
4 322 363 (144 1440 8 ) (144 1472 8 ) (208 1472 8 ) (208 1440 8 ) 
4 323 331 (144 1280 320 ) (144 1280 720 ) (144 1312 720 ) (144 1312 320 ) 
4 323 325 (208 1280 320 ) (208 1280 720 ) (144 1280 720 ) (144 1280 320 ) 
4 324 364 (144 1280 8 ) (144 1312 8 ) (208 1312 8 ) (208 1280 8 ) 
4 325 331 (144 1144 320 ) (144 1144 720 ) (144 1280 720 ) (144 1280 320 ) 
4 325 327 (144 1144 720 ) (144 1144 320 ) (168 1144 320 ) (168 1144 720 ) 
4 325 326 (168 1144 320 ) (208 1144 320 ) (208 1144 720 ) (168 1144 720 ) 
4 326 455 (168 1024 720 ) (168 1024 88 ) (208 1024 88 ) (208 1024 720 ) 
4 326 329 (168 1032 88 ) (168 1024 88 ) (168 1024 720 ) (168 1032 720 ) 
4 326 328 (168 1032 200 ) (168 1032 720 ) (168 1056 720 ) (168 1056 200 ) 
4 326 327 (168 1144 720 ) (168 1144 200 ) (168 1056 200 ) (168 1056 720 ) 
4 327 332 (144 1056 200 ) (144 1056 720 ) (144 1144 720 ) (144 1144 200 ) 
4 327 328 (168 1056 200 ) (168 1056 720 ) (144 1056 720 ) (144 1056 200 ) 
4 328 332 (144 1032 200 ) (144 1032 720 ) (144 1056 720 ) (144 1056 200 ) 
4 328 329 (144 1032 720 ) (144 1032 200 ) (168 1032 200 ) (168 1032 720 ) 
4 329 455 (144 1024 720 ) (144 1024 88 ) (168 1024 88 ) (168 1024 720 ) 
4 329 334 (144 1024 88 ) (144 1024 200 ) (144 1032 200 ) (144 1032 88 ) 
4 329 332 (144 1024 200 ) (144 1024 720 ) (144 1032 720 ) (144 1032 200 ) 
4 330 336 (112 2048 720 ) (112 2048 320 ) (112 1920 320 ) (112 1920 720 ) 
4 330 331 (112 1920 720 ) (112 1920 320 ) (144 1920 320 ) (144 1920 720 ) 
4 331 337 (112 1144 320 ) (112 1144 720 ) (112 1920 720 ) (112 1920 320 ) 
4 331 332 (112 1144 720 ) (112 1144 320 ) (144 1144 320 ) (144 1144 720 ) 
4 332 455 (112 1024 720 ) (112 1024 200 ) (144 1024 200 ) (144 1024 720 ) 
4 332 339 (112 1024 200 ) (112 1024 720 ) (112 1032 720 ) (112 1032 200 ) 
4 332 338 (112 1032 720 ) (112 1144 720 ) (112 1144 200 ) (112 1032 200 ) 
4 332 334 (112 1024 200 ) (112 1032 200 ) (144 1032 200 ) (144 1024 200 ) 
4 333 364 (112 1032 8 ) (112 1056 8 ) (144 1056 8 ) (144 1032 8 ) 
4 333 335 (144 1032 8 ) (144 1032 16 ) (112 1032 16 ) (112 1032 8 ) 
4 334 455 (112 1024 200 ) (112 1024 88 ) (144 1024 88 ) (144 1024 200 ) 
4 334 339 (112 1024 88 ) (112 1024 200 ) (112 1032 200 ) (112 1032 88 ) 
4 335 457 (112 1024 16 ) (112 1024 8 ) (144 1024 8 ) (144 1024 16 ) 
4 335 364 (144 1024 8 ) (112 1024 8 ) (112 1032 8 ) (144 1032 8 ) 
4 336 342 (16 1920 320 ) (16 1920 720 ) (16 2048 720 ) (16 2048 320 ) 
4 336 337 (16 1920 720 ) (16 1920 320 ) (112 1920 320 ) (112 1920 720 ) 
4 337 343 (16 1144 320 ) (16 1144 720 ) (16 1920 720 ) (16 1920 320 ) 
4 337 340 (16 1144 720 ) (16 1144 320 ) (80 1144 320 ) (80 1144 720 ) 
4 337 338 (80 1144 320 ) (112 1144 320 ) (112 1144 720 ) (80 1144 720 ) 
4 338 341 (80 1056 200 ) (80 1032 200 ) (80 1032 720 ) (80 1056 720 ) 
4 338 340 (80 1144 720 ) (80 1144 200 ) (80 1056 200 ) (80 1056 720 ) 
4 338 339 (80 1032 720 ) (80 1032 200 ) (112 1032 200 ) (112 1032 720 ) 
4 339 455 (80 1024 720 ) (80 1024 88 ) (112 1024 88 ) (112 1024 720 ) 
4 339 341 (80 1024 200 ) (80 1024 720 ) (80 1032 720 ) (80 1032 200 ) 
4 340 344 (16 1056 200 ) (16 1056 720 ) (16 1144 720 ) (16 1144 200 ) 
4 340 341 (80 1056 200 ) (80 1056 720 ) (16 1056 720 ) (16 1056 200 ) 
4 341 458 (16 1024 720 ) (16 1024 200 ) (80 1024 200 ) (80 1024 720 ) 
4 341 345 (16 1024 200 ) (16 1024 720 ) (16 1056 720 ) (16 1056 200 ) 
4 342 371 (0 2048 720 ) (0 2048 320 ) (0 1920 320 ) (0 1920 720 ) 
4 342 343 (0 1920 720 ) (0 1920 320 ) (16 1920 320 ) (16 1920 720 ) 
4 343 386 (0 1144 320 ) (0 1144 720 ) (0 1376 720 ) (0 1376 320 ) 
4 343 382 (0 1376 720 ) (0 1440 720 ) (0 1440 320 ) (0 1376 320 ) 
4 343 381 (0 1440 720 ) (0 1600 720 ) (0 1600 320 ) (0 1440 320 ) 
4 343 377 (0 1600 720 ) (0 1664 720 ) (0 1664 320 ) (0 1600 320 ) 
4 343 376 (0 1664 720 ) (0 1856 720 ) (0 1856 320 ) (0 1664 320 ) 
4 343 372 (0 1856 720 ) (0 1920 720 ) (0 1920 320 ) (0 1856 320 ) 
4 343 344 (16 1144 320 ) (16 1144 720 ) (0 1144 720 ) (0 1144 320 ) 
4 344 387 (0 1056 200 ) (0 1056 720 ) (0 1144 720 ) (0 1144 200 ) 
4 344 345 (16 1056 200 ) (16 1056 720 ) (0 1056 720 ) (0 1056 200 ) 
4 345 459 (0 1024 720 ) (0 1024 200 ) (16 1024 200 ) (16 1024 720 ) 
4 345 388 (0 1024 200 ) (0 1024 720 ) (0 1056 720 ) (0 1056 200 ) 
4 346 460 (0 1024 16 ) (0 1024 8 ) (16 1024 8 ) (16 1024 16 ) 
4 346 389 (0 1056 8 ) (0 1024 8 ) (0 1024 16 ) (0 1056 16 ) 
4 346 370 (16 1024 8 ) (0 1024 8 ) (0 1056 8 ) (16 1056 8 ) 
4 348 494 (964 1024 8 ) (928 1024 8 ) (928 1024 -120 ) (964 1024 -120 ) 
4 348 492 (1024 1024 -120 ) (1024 1024 8 ) (964 1024 8 ) (964 1024 -120 ) 
4 348 349 (928 2040 -120 ) (928 1024 -120 ) (928 1024 8 ) (928 2040 8 ) 
4 349 494 (928 1024 8 ) (736 1024 8 ) (736 1024 -120 ) (928 1024 -120 ) 
4 349 352 (736 1068 -120 ) (736 1024 -120 ) (736 1024 -12 ) (736 1068 -12 ) 
4 349 350 (736 1380 -12 ) (736 1720 -12 ) (736 1720 -116 ) (736 1380 -116 ) 
4 351 356 (720 1380 -12 ) (720 1720 -12 ) (720 1720 -116 ) (720 1380 -116 ) 
4 352 497 (728 1024 -120 ) (736 1024 -120 ) (736 1024 -12 ) (728 1024 -12 ) 
4 352 353 (728 1068 -120 ) (728 1024 -120 ) (728 1024 -12 ) (728 1068 -12 ) 
4 353 498 (720 1024 -8 ) (720 1024 -120 ) (728 1024 -120 ) (728 1024 -8 ) 
4 353 359 (720 1072 -120 ) (720 1024 -120 ) (720 1024 -8 ) (720 1072 -8 ) 
4 354 362 (304 2040 -120 ) (304 1824 -120 ) (304 1824 8 ) (304 2040 8 ) 
4 354 355 (392 1824 -120 ) (480 1824 -120 ) (480 1824 -8 ) (392 1824 -8 ) 
4 355 356 (392 1816 -120 ) (480 1816 -120 ) (480 1816 -8 ) (392 1816 -8 ) 
4 357 364 (304 1368 -120 ) (304 1288 -120 ) (304 1288 8 ) (304 1368 8 ) 
4 357 358 (304 1288 8 ) (304 1288 -120 ) (384 1288 -120 ) (384 1288 8 ) 
4 358 364 (304 1288 -120 ) (304 1280 -120 ) (304 1280 8 ) (304 1288 8 ) 
4 358 360 (304 1280 8 ) (304 1280 -120 ) (392 1280 -120 ) (392 1280 8 ) 
4 359 499 (720 1024 8 ) (392 1024 8 ) (392 1024 -120 ) (720 1024 -120 ) 
4 359 360 (392 1280 8 ) (392 1280 -120 ) (392 1024 -120 ) (392 1024 8 ) 
4 360 500 (392 1024 8 ) (304 1024 8 ) (304 1024 -120 ) (392 1024 -120 ) 
4 360 364 (304 1280 -120 ) (304 1024 -120 ) (304 1024 8 ) (304 1280 8 ) 
4 361 362 (128 2040 -120 ) (216 2040 -120 ) (216 2040 -8 ) (128 2040 -8 ) 
4 362 363 (24 1824 8 ) (24 1824 -120 ) (304 1824 -120 ) (304 1824 8 ) 
4 363 365 (24 1472 -120 ) (24 1416 -120 ) (24 1416 -8 ) (24 1472 -8 ) 
4 363 364 (24 1368 8 ) (24 1368 -120 ) (304 1368 -120 ) (304 1368 8 ) 
4 364 500 (304 1024 8 ) (24 1024 8 ) (24 1024 -120 ) (304 1024 -120 ) 
4 364 366 (24 1280 -120 ) (24 1024 -120 ) (24 1024 8 ) (24 1280 8 ) 
4 365 369 (16 1472 -120 ) (16 1416 -120 ) (16 1416 -8 ) (16 1472 -8 ) 
4 366 501 (24 1024 8 ) (16 1024 8 ) (16 1024 -120 ) (24 1024 -120 ) 
4 366 370 (16 1280 -120 ) (16 1024 -120 ) (16 1024 8 ) (16 1280 8 ) 
4 367 426 (0 2016 -120 ) (0 1792 -120 ) (0 1792 8 ) (0 2016 8 ) 
4 368 427 (0 1760 -120 ) (0 1536 -120 ) (0 1536 8 ) (0 1760 8 ) 
4 369 428 (0 1504 -120 ) (0 1288 -120 ) (0 1288 8 ) (0 1504 8 ) 
4 370 501 (16 1024 8 ) (0 1024 8 ) (0 1024 -120 ) (16 1024 -120 ) 
4 370 430 (0 1072 -120 ) (0 1024 -120 ) (0 1024 8 ) (0 1072 8 ) 
4 370 429 (0 1280 -120 ) (0 1072 -120 ) (0 1072 8 ) (0 1280 8 ) 
4 371 390 (-128 1920 320 ) (-128 1920 720 ) (-128 2048 720 ) (-128 2048 320 ) 
4 371 375 (-128 1920 720 ) (-128 1920 320 ) (-112 1920 320 ) (-112 1920 720 ) 
4 371 373 (-112 1920 320 ) (-80 1920 320 ) (-80 1920 720 ) (-112 1920 720 ) 
4 371 372 (-80 1920 320 ) (0 1920 320 ) (0 1920 720 ) (-80 1920 720 ) 
4 372 376 (0 1856 320 ) (0 1856 720 ) (-80 1856 720 ) (-80 1856 320 ) 
4 372 373 (-80 1920 720 ) (-80 1920 320 ) (-80 1856 320 ) (-80 1856 720 ) 
4 373 376 (-80 1856 320 ) (-80 1856 720 ) (-112 1856 720 ) (-112 1856 320 ) 
4 373 375 (-112 1856 320 ) (-112 1856 720 ) (-112 1920 720 ) (-112 1920 320 ) 
4 374 426 (-80 1856 8 ) (-112 1856 8 ) (-112 1920 8 ) (-80 1920 8 ) 
4 375 391 (-128 1856 320 ) (-128 1856 720 ) (-128 1920 720 ) (-128 1920 320 ) 
4 375 376 (-128 1856 720 ) (-128 1856 320 ) (-112 1856 320 ) (-112 1856 720 ) 
4 376 392 (-128 1664 336 ) (-128 1664 720 ) (-128 1848 720 ) (-128 1848 336 ) 
4 376 391 (-128 1848 720 ) (-128 1856 720 ) (-128 1856 320 ) (-128 1848 320 ) 
4 376 380 (-128 1664 720 ) (-128 1664 320 ) (-112 1664 320 ) (-112 1664 720 ) 
4 376 378 (-112 1664 320 ) (-80 1664 320 ) (-80 1664 720 ) (-112 1664 720 ) 
4 376 377 (-80 1664 320 ) (0 1664 320 ) (0 1664 720 ) (-80 1664 720 ) 
4 377 381 (0 1600 320 ) (0 1600 720 ) (-80 1600 720 ) (-80 1600 320 ) 
4 377 378 (-80 1664 720 ) (-80 1664 320 ) (-80 1600 320 ) (-80 1600 720 ) 
4 378 381 (-80 1600 320 ) (-80 1600 720 ) (-112 1600 720 ) (-112 1600 320 ) 
4 378 380 (-112 1664 720 ) (-112 1664 320 ) (-112 1600 320 ) (-112 1600 720 ) 
4 379 427 (-80 1600 8 ) (-112 1600 8 ) (-112 1664 8 ) (-80 1664 8 ) 
4 380 393 (-128 1600 336 ) (-128 1600 720 ) (-128 1664 720 ) (-128 1664 336 ) 
4 380 381 (-128 1600 720 ) (-128 1600 320 ) (-112 1600 320 ) (-112 1600 720 ) 
4 381 393 (-128 1440 336 ) (-128 1440 720 ) (-128 1600 720 ) (-128 1600 336 ) 
4 381 385 (-128 1440 720 ) (-128 1440 320 ) (-112 1440 320 ) (-112 1440 720 ) 
4 381 383 (-112 1440 320 ) (-80 1440 320 ) (-80 1440 720 ) (-112 1440 720 ) 
4 381 382 (-80 1440 320 ) (0 1440 320 ) (0 1440 720 ) (-80 1440 720 ) 
4 382 386 (0 1376 320 ) (0 1376 720 ) (-80 1376 720 ) (-80 1376 320 ) 
4 382 383 (-80 1440 720 ) (-80 1440 320 ) (-80 1376 320 ) (-80 1376 720 ) 
4 383 386 (-80 1376 320 ) (-80 1376 720 ) (-112 1376 720 ) (-112 1376 320 ) 
4 383 385 (-112 1440 720 ) (-112 1440 320 ) (-112 1376 320 ) (-112 1376 720 ) 
4 384 428 (-80 1376 8 ) (-112 1376 8 ) (-112 1440 8 ) (-80 1440 8 ) 
4 385 393 (-128 1376 336 ) (-128 1376 720 ) (-128 1440 720 ) (-128 1440 336 ) 
4 385 386 (-128 1376 720 ) (-128 1376 320 ) (-112 1376 320 ) (-112 1376 720 ) 
4 386 394 (-128 1144 336 ) (-128 1144 720 ) (-128 1376 720 ) (-128 1376 336 ) 
4 386 387 (-128 1144 720 ) (-128 1144 320 ) (0 1144 320 ) (0 1144 720 ) 
4 387 394 (-128 1056 336 ) (-128 1056 720 ) (-128 1144 720 ) (-128 1144 336 ) 
4 387 388 (-128 1056 720 ) (-128 1056 200 ) (0 1056 200 ) (0 1056 720 ) 
4 388 524 (0 1024 200 ) (0 1024 720 ) (-128 1024 720 ) (-128 1024 200 ) 
4 388 394 (-128 1024 336 ) (-128 1024 720 ) (-128 1056 720 ) (-128 1056 336 ) 
4 389 525 (0 1024 8 ) (0 1024 16 ) (-16 1024 16 ) (-16 1024 8 ) 
4 389 430 (0 1056 8 ) (0 1024 8 ) (-16 1024 8 ) (-16 1056 8 ) 
4 390 395 (-208 2048 720 ) (-208 2048 320 ) (-208 1920 320 ) (-208 1920 720 ) 
4 390 391 (-208 1920 720 ) (-208 1920 320 ) (-128 1920 320 ) (-128 1920 720 ) 
4 391 400 (-208 1848 720 ) (-208 1856 720 ) (-208 1856 320 ) (-208 1848 320 ) 
4 391 396 (-208 1856 720 ) (-208 1920 720 ) (-208 1920 320 ) (-208 1856 320 ) 
4 391 392 (-128 1848 336 ) (-128 1848 720 ) (-208 1848 720 ) (-208 1848 336 ) 
4 392 401 (-208 1664 336 ) (-208 1664 720 ) (-208 1848 720 ) (-208 1848 336 ) 
4 392 393 (-208 1664 720 ) (-208 1664 336 ) (-128 1664 336 ) (-128 1664 720 ) 
4 393 407 (-208 1376 336 ) (-208 1376 720 ) (-208 1440 720 ) (-208 1440 336 ) 
4 393 406 (-208 1440 720 ) (-208 1600 720 ) (-208 1600 336 ) (-208 1440 336 ) 
4 393 402 (-208 1600 720 ) (-208 1664 720 ) (-208 1664 336 ) (-208 1600 336 ) 
4 393 394 (-208 1376 720 ) (-208 1376 336 ) (-128 1376 336 ) (-128 1376 720 ) 
4 394 527 (-208 1024 720 ) (-208 1024 336 ) (-128 1024 336 ) (-128 1024 720 ) 
4 394 413 (-208 1024 336 ) (-208 1024 720 ) (-208 1152 720 ) (-208 1152 336 ) 
4 394 411 (-208 1152 720 ) (-208 1184 720 ) (-208 1184 336 ) (-208 1152 336 ) 
4 394 410 (-208 1184 720 ) (-208 1376 720 ) (-208 1376 336 ) (-208 1184 336 ) 
4 395 416 (-432 1920 320 ) (-432 1920 720 ) (-432 2048 720 ) (-432 2048 320 ) 
4 395 399 (-432 1920 720 ) (-432 1920 320 ) (-272 1920 320 ) (-272 1920 720 ) 
4 395 397 (-272 1920 320 ) (-240 1920 320 ) (-240 1920 720 ) (-272 1920 720 ) 
4 395 396 (-240 1920 320 ) (-208 1920 320 ) (-208 1920 720 ) (-240 1920 720 ) 
4 396 400 (-208 1856 320 ) (-208 1856 720 ) (-240 1856 720 ) (-240 1856 320 ) 
4 396 397 (-240 1856 320 ) (-240 1856 720 ) (-240 1920 720 ) (-240 1920 320 ) 
4 397 400 (-240 1856 320 ) (-240 1856 720 ) (-272 1856 720 ) (-272 1856 320 ) 
4 397 399 (-272 1856 320 ) (-272 1856 720 ) (-272 1920 720 ) (-272 1920 320 ) 
4 398 426 (-240 1856 8 ) (-272 1856 8 ) (-272 1920 8 ) (-240 1920 8 ) 
4 399 416 (-432 1856 320 ) (-432 1856 720 ) (-432 1920 720 ) (-432 1920 320 ) 
4 399 400 (-432 1856 720 ) (-432 1856 320 ) (-272 1856 320 ) (-272 1856 720 ) 
4 400 416 (-432 1848 720 ) (-432 1856 720 ) (-432 1856 320 ) (-432 1848 320 ) 
4 400 401 (-208 1848 336 ) (-208 1848 720 ) (-432 1848 720 ) (-432 1848 336 ) 
4 401 419 (-432 1664 336 ) (-432 1664 720 ) (-432 1824 720 ) (-432 1824 336 ) 
4 401 417 (-432 1824 720 ) (-432 1848 720 ) (-432 1848 336 ) (-432 1824 336 ) 
4 401 405 (-432 1664 720 ) (-432 1664 336 ) (-272 1664 336 ) (-272 1664 720 ) 
4 401 403 (-272 1664 336 ) (-240 1664 336 ) (-240 1664 720 ) (-272 1664 720 ) 
4 401 402 (-240 1664 336 ) (-208 1664 336 ) (-208 1664 720 ) (-240 1664 720 ) 
4 402 406 (-208 1600 336 ) (-208 1600 720 ) (-240 1600 720 ) (-240 1600 336 ) 
4 402 403 (-240 1600 336 ) (-240 1600 720 ) (-240 1664 720 ) (-240 1664 336 ) 
4 403 406 (-240 1600 336 ) (-240 1600 720 ) (-272 1600 720 ) (-272 1600 336 ) 
4 403 405 (-272 1600 336 ) (-272 1600 720 ) (-272 1664 720 ) (-272 1664 336 ) 
4 404 427 (-240 1600 8 ) (-272 1600 8 ) (-272 1664 8 ) (-240 1664 8 ) 
4 405 419 (-432 1600 336 ) (-432 1600 720 ) (-432 1664 720 ) (-432 1664 336 ) 
4 405 406 (-432 1600 720 ) (-432 1600 336 ) (-272 1600 336 ) (-272 1600 720 ) 
4 406 419 (-432 1440 336 ) (-432 1440 720 ) (-432 1600 720 ) (-432 1600 336 ) 
4 406 414 (-432 1440 720 ) (-432 1440 336 ) (-272 1440 336 ) (-272 1440 720 ) 
4 406 408 (-272 1440 336 ) (-240 1440 336 ) (-240 1440 720 ) (-272 1440 720 ) 
4 406 407 (-240 1440 336 ) (-208 1440 336 ) (-208 1440 720 ) (-240 1440 720 ) 
4 407 410 (-208 1376 336 ) (-208 1376 720 ) (-240 1376 720 ) (-240 1376 336 ) 
4 407 408 (-240 1440 720 ) (-240 1440 336 ) (-240 1376 336 ) (-240 1376 720 ) 
4 408 414 (-272 1440 720 ) (-272 1440 336 ) (-272 1376 336 ) (-272 1376 720 ) 
4 408 410 (-272 1376 720 ) (-272 1376 336 ) (-240 1376 336 ) (-240 1376 720 ) 
4 409 428 (-240 1376 8 ) (-272 1376 8 ) (-272 1440 8 ) (-240 1440 8 ) 
4 410 415 (-272 1184 336 ) (-272 1184 720 ) (-272 1376 720 ) (-272 1376 336 ) 
4 410 411 (-272 1184 720 ) (-272 1184 336 ) (-208 1184 336 ) (-208 1184 720 ) 
4 411 415 (-272 1152 336 ) (-272 1152 720 ) (-272 1184 720 ) (-272 1184 336 ) 
4 411 413 (-272 1152 720 ) (-272 1152 336 ) (-208 1152 336 ) (-208 1152 720 ) 
4 412 432 (-208 1184 8 ) (-208 1152 8 ) (-272 1152 8 ) (-272 1184 8 ) 
4 413 530 (-272 1024 720 ) (-272 1024 336 ) (-208 1024 336 ) (-208 1024 720 ) 
4 413 415 (-272 1024 336 ) (-272 1024 720 ) (-272 1152 720 ) (-272 1152 336 ) 
4 414 419 (-432 1376 336 ) (-432 1376 720 ) (-432 1440 720 ) (-432 1440 336 ) 
4 414 415 (-272 1376 336 ) (-272 1376 720 ) (-432 1376 720 ) (-432 1376 336 ) 
4 415 544 (-432 1024 720 ) (-432 1024 336 ) (-272 1024 336 ) (-272 1024 720 ) 
4 415 423 (-432 1024 336 ) (-432 1024 720 ) (-432 1152 720 ) (-432 1152 336 ) 
4 415 419 (-432 1152 720 ) (-432 1376 720 ) (-432 1376 336 ) (-432 1152 336 ) 
4 416 424 (-496 2048 720 ) (-496 2048 320 ) (-496 1848 320 ) (-496 1848 720 ) 
4 416 417 (-432 1848 336 ) (-432 1848 720 ) (-496 1848 720 ) (-496 1848 336 ) 
4 417 425 (-496 1824 336 ) (-496 1824 720 ) (-496 1848 720 ) (-496 1848 336 ) 
4 417 419 (-496 1824 720 ) (-496 1824 336 ) (-432 1824 336 ) (-432 1824 720 ) 
4 418 438 (-432 1856 8 ) (-432 1824 8 ) (-496 1824 8 ) (-496 1856 8 ) 
4 419 425 (-496 1152 336 ) (-496 1152 720 ) (-496 1824 720 ) (-496 1824 336 ) 
4 419 423 (-496 1152 720 ) (-496 1152 336 ) (-432 1152 336 ) (-432 1152 720 ) 
4 420 438 (-432 1632 8 ) (-432 1600 8 ) (-496 1600 8 ) (-496 1632 8 ) 
4 421 438 (-432 1408 8 ) (-432 1376 8 ) (-496 1376 8 ) (-496 1408 8 ) 
4 422 439 (-432 1184 8 ) (-432 1152 8 ) (-496 1152 8 ) (-496 1184 8 ) 
4 423 544 (-496 1024 720 ) (-496 1024 336 ) (-432 1024 336 ) (-432 1024 720 ) 
4 423 425 (-496 1024 336 ) (-496 1024 720 ) (-496 1152 720 ) (-496 1152 336 ) 
4 424 425 (-496 1848 336 ) (-496 1848 720 ) (-656 1848 720 ) (-656 1848 336 ) 
4 425 544 (-656 1024 720 ) (-656 1024 336 ) (-496 1024 336 ) (-496 1024 720 ) 
4 426 435 (-360 1888 -120 ) (-360 1832 -120 ) (-360 1832 -8 ) (-360 1888 -8 ) 
4 427 436 (-360 1640 -120 ) (-360 1584 -120 ) (-360 1584 -8 ) (-360 1640 -8 ) 
4 429 430 (-144 1072 -120 ) (0 1072 -120 ) (0 1072 8 ) (-144 1072 8 ) 
4 430 552 (-128 1024 8 ) (-144 1024 8 ) (-144 1024 -120 ) (-128 1024 -120 ) 
4 430 548 (0 1024 -120 ) (0 1024 8 ) (-128 1024 8 ) (-128 1024 -120 ) 
4 430 431 (-144 1072 -8 ) (-144 1072 -120 ) (-144 1024 -120 ) (-144 1024 -8 ) 
4 431 553 (-152 1024 -8 ) (-152 1024 -120 ) (-144 1024 -120 ) (-144 1024 -8 ) 
4 431 434 (-152 1072 -120 ) (-152 1024 -120 ) (-152 1024 -8 ) (-152 1072 -8 ) 
4 432 434 (-320 1088 -120 ) (-152 1088 -120 ) (-152 1088 8 ) (-320 1088 8 ) 
4 432 433 (-320 1216 8 ) (-320 1216 -120 ) (-320 1088 -120 ) (-320 1088 8 ) 
4 433 437 (-360 1216 -120 ) (-360 1088 -120 ) (-360 1088 8 ) (-360 1216 8 ) 
4 434 558 (-152 1024 8 ) (-320 1024 8 ) (-320 1024 -120 ) (-152 1024 -120 ) 
4 435 438 (-368 1888 -120 ) (-368 1832 -120 ) (-368 1832 -8 ) (-368 1888 -8 ) 
4 436 438 (-368 1640 -120 ) (-368 1584 -120 ) (-368 1584 -8 ) (-368 1640 -8 ) 
4 437 439 (-368 1216 -120 ) (-368 1088 -120 ) (-368 1088 8 ) (-368 1216 8 ) 
4 438 443 (-528 1378 -120 ) (-528 1290 -120 ) (-528 1290 -8 ) (-528 1378 -8 ) 
4 438 442 (-528 1914 -120 ) (-528 1826 -120 ) (-528 1826 -8 ) (-528 1914 -8 ) 
4 438 439 (-528 1216 8 ) (-528 1216 -120 ) (-368 1216 -120 ) (-368 1216 8 ) 
4 440 564 (-416 1024 8 ) (-528 1024 8 ) (-528 1024 -120 ) (-416 1024 -120 ) 
4 440 444 (-528 1080 -120 ) (-528 1024 -120 ) (-528 1024 -8 ) (-528 1080 -8 ) 
4 440 441 (-528 1024 -8 ) (-528 1024 8 ) (-528 1080 8 ) (-528 1080 -8 ) 
4 441 564 (-528 1024 8 ) (-648 1024 8 ) (-648 1024 -8 ) (-528 1024 -8 ) 
4 441 444 (-528 1080 -8 ) (-528 1024 -8 ) (-648 1024 -8 ) (-648 1080 -8 ) 
4 444 564 (-648 1024 -120 ) (-528 1024 -120 ) (-528 1024 -8 ) (-648 1024 -8 ) 
4 445 461 (1024 992 200 ) (1024 992 720 ) (720 992 720 ) (720 992 200 ) 
4 445 447 (720 992 200 ) (720 992 720 ) (720 1024 720 ) (720 1024 200 ) 
4 446 494 (736 1024 8 ) (964 1024 8 ) (964 992 8 ) (736 992 8 ) 
4 446 492 (964 1024 8 ) (1024 1024 8 ) (1024 992 8 ) (964 992 8 ) 
4 446 476 (736 992 8 ) (1024 992 8 ) (1024 992 80 ) (736 992 80 ) 
4 446 472 (1024 992 80 ) (1024 992 88 ) (736 992 88 ) (736 992 80 ) 
4 446 466 (832 992 184 ) (736 992 184 ) (736 992 88 ) (832 992 88 ) 
4 446 465 (1024 992 88 ) (1024 992 104 ) (832 992 104 ) (832 992 88 ) 
4 446 464 (1024 992 104 ) (1024 992 168 ) (832 992 168 ) (832 992 104 ) 
4 446 463 (1024 992 168 ) (1024 992 184 ) (832 992 184 ) (832 992 168 ) 
4 447 467 (720 992 88 ) (720 992 184 ) (624 992 184 ) (624 992 88 ) 
4 447 462 (720 992 184 ) (720 992 200 ) (624 992 200 ) (624 992 184 ) 
4 447 461 (720 992 200 ) (720 992 720 ) (624 992 720 ) (624 992 200 ) 
4 447 449 (624 992 88 ) (624 992 720 ) (624 1024 720 ) (624 1024 88 ) 
4 448 499 (624 1024 8 ) (656 1024 8 ) (656 992 8 ) (624 992 8 ) 
4 449 467 (624 992 88 ) (624 992 184 ) (528 992 184 ) (528 992 88 ) 
4 449 462 (624 992 184 ) (624 992 200 ) (528 992 200 ) (528 992 184 ) 
4 449 461 (624 992 200 ) (624 992 720 ) (528 992 720 ) (528 992 200 ) 
4 449 450 (528 1024 720 ) (528 1024 88 ) (528 992 88 ) (528 992 720 ) 
4 450 467 (528 992 88 ) (528 992 184 ) (496 992 184 ) (496 992 88 ) 
4 450 462 (528 992 184 ) (528 992 200 ) (496 992 200 ) (496 992 184 ) 
4 450 461 (528 992 200 ) (528 992 720 ) (496 992 720 ) (496 992 200 ) 
4 450 452 (496 992 88 ) (496 992 720 ) (496 1024 720 ) (496 1024 88 ) 
4 451 499 (496 1024 8 ) (528 1024 8 ) (528 992 8 ) (496 992 8 ) 
4 452 467 (496 992 88 ) (496 992 184 ) (400 992 184 ) (400 992 88 ) 
4 452 462 (496 992 184 ) (496 992 200 ) (400 992 200 ) (400 992 184 ) 
4 452 461 (496 992 200 ) (496 992 720 ) (400 992 720 ) (400 992 200 ) 
4 452 453 (400 992 88 ) (400 992 720 ) (400 1024 720 ) (400 1024 88 ) 
4 453 467 (400 992 88 ) (400 992 184 ) (368 992 184 ) (368 992 88 ) 
4 453 462 (400 992 184 ) (400 992 200 ) (368 992 200 ) (368 992 184 ) 
4 453 461 (400 992 200 ) (400 992 720 ) (368 992 720 ) (368 992 200 ) 
4 453 455 (368 992 88 ) (368 992 720 ) (368 1024 720 ) (368 1024 88 ) 
4 454 500 (368 1024 8 ) (392 1024 8 ) (392 992 8 ) (368 992 8 ) 
4 454 499 (392 1024 8 ) (400 1024 8 ) (400 992 8 ) (392 992 8 ) 
4 455 467 (368 992 88 ) (368 992 184 ) (80 992 184 ) (80 992 88 ) 
4 455 462 (368 992 184 ) (368 992 200 ) (80 992 200 ) (80 992 184 ) 
4 455 461 (368 992 200 ) (368 992 720 ) (80 992 720 ) (80 992 200 ) 
4 455 458 (80 1024 720 ) (80 1024 200 ) (80 992 200 ) (80 992 720 ) 
4 456 500 (240 1024 8 ) (272 1024 8 ) (272 992 8 ) (240 992 8 ) 
4 457 500 (112 1024 8 ) (144 1024 8 ) (144 992 8 ) (112 992 8 ) 
4 458 461 (80 992 200 ) (80 992 720 ) (16 992 720 ) (16 992 200 ) 
4 458 459 (16 992 200 ) (16 992 720 ) (16 1024 720 ) (16 1024 200 ) 
4 459 524 (0 1024 720 ) (0 1024 200 ) (0 992 200 ) (0 992 720 ) 
4 459 461 (0 992 720 ) (0 992 200 ) (16 992 200 ) (16 992 720 ) 
4 460 525 (0 1024 16 ) (0 1024 8 ) (0 992 8 ) (0 992 16 ) 
4 460 501 (0 992 8 ) (0 1024 8 ) (16 1024 8 ) (16 992 8 ) 
4 461 524 (0 992 720 ) (0 992 200 ) (0 744 200 ) (0 744 720 ) 
4 461 468 (1024 744 200 ) (1024 744 720 ) (0 744 720 ) (0 744 200 ) 
4 461 462 (720 744 200 ) (80 744 200 ) (80 992 200 ) (720 992 200 ) 
4 462 469 (720 744 200 ) (80 744 200 ) (80 744 184 ) (720 744 184 ) 
4 462 467 (720 744 184 ) (80 744 184 ) (80 992 184 ) (720 992 184 ) 
4 463 466 (832 752 184 ) (832 992 184 ) (832 992 168 ) (832 752 168 ) 
4 463 464 (832 752 168 ) (832 992 168 ) (1024 992 168 ) (1024 752 168 ) 
4 464 466 (832 752 168 ) (832 992 168 ) (832 992 104 ) (832 752 104 ) 
4 464 465 (832 752 104 ) (832 992 104 ) (1024 992 104 ) (1024 752 104 ) 
4 465 472 (832 992 88 ) (1024 992 88 ) (1024 808 88 ) (832 808 88 ) 
4 465 466 (832 992 88 ) (832 752 88 ) (832 752 104 ) (832 992 104 ) 
4 466 472 (736 992 88 ) (832 992 88 ) (832 808 88 ) (736 808 88 ) 
4 467 469 (80 744 88 ) (720 744 88 ) (720 744 184 ) (80 744 184 ) 
4 468 524 (0 744 720 ) (0 744 200 ) (0 592 200 ) (0 592 720 ) 
4 468 471 (0 592 720 ) (0 592 200 ) (736 592 200 ) (736 592 720 ) 
4 468 470 (736 592 200 ) (1024 592 200 ) (1024 592 720 ) (736 592 720 ) 
4 468 469 (1024 592 200 ) (80 592 200 ) (80 744 200 ) (1024 744 200 ) 
4 469 473 (736 744 88 ) (1024 744 88 ) (1024 592 88 ) (736 592 88 ) 
4 469 471 (80 592 88 ) (736 592 88 ) (736 592 200 ) (80 592 200 ) 
4 469 470 (736 592 88 ) (1024 592 88 ) (1024 592 200 ) (736 592 200 ) 
4 470 575 (1024 0 88 ) (1024 0 720 ) (736 0 720 ) (736 0 88 ) 
4 470 474 (736 592 88 ) (1024 592 88 ) (1024 0 88 ) (736 0 88 ) 
4 470 471 (736 0 720 ) (736 592 720 ) (736 592 88 ) (736 0 88 ) 
4 471 576 (736 0 720 ) (0 0 720 ) (0 0 88 ) (736 0 88 ) 
4 471 526 (0 0 88 ) (0 0 720 ) (0 592 720 ) (0 592 88 ) 
4 471 475 (0 0 88 ) (0 592 88 ) (736 592 88 ) (736 0 88 ) 
4 472 481 (1024 824 80 ) (1024 808 80 ) (736 808 80 ) (736 824 80 ) 
4 472 477 (1024 888 80 ) (1024 824 80 ) (736 824 80 ) (736 888 80 ) 
4 472 476 (736 992 80 ) (1024 992 80 ) (1024 888 80 ) (736 888 80 ) 
4 473 489 (1024 696 80 ) (1024 592 80 ) (736 592 80 ) (736 696 80 ) 
4 473 485 (736 744 80 ) (1024 744 80 ) (1024 696 80 ) (736 696 80 ) 
4 473 474 (736 592 80 ) (1024 592 80 ) (1024 592 88 ) (736 592 88 ) 
4 474 575 (1024 0 80 ) (1024 0 88 ) (736 0 88 ) (736 0 80 ) 
4 474 490 (1024 0 80 ) (736 0 80 ) (736 592 80 ) (1024 592 80 ) 
4 474 475 (736 592 88 ) (736 592 80 ) (736 0 80 ) (736 0 88 ) 
4 475 576 (736 0 88 ) (0 0 88 ) (0 0 80 ) (736 0 80 ) 
4 475 526 (0 0 80 ) (0 0 88 ) (0 592 88 ) (0 592 80 ) 
4 475 491 (736 0 80 ) (0 0 80 ) (0 592 80 ) (736 592 80 ) 
4 476 494 (736 992 8 ) (964 992 8 ) (964 888 8 ) (736 888 8 ) 
4 476 492 (964 992 8 ) (1024 992 8 ) (1024 888 8 ) (964 888 8 ) 
4 476 477 (736 888 8 ) (1024 888 8 ) (1024 888 80 ) (736 888 80 ) 
4 477 494 (736 888 8 ) (964 888 8 ) (964 824 8 ) (736 824 8 ) 
4 477 492 (964 888 8 ) (1024 888 8 ) (1024 824 8 ) (964 824 8 ) 
4 477 481 (736 824 8 ) (1024 824 8 ) (1024 824 80 ) (736 824 80 ) 
4 478 503 (592 888 8 ) (624 888 8 ) (624 824 8 ) (592 824 8 ) 
4 479 503 (400 888 8 ) (432 888 8 ) (432 824 8 ) (400 824 8 ) 
4 480 504 (208 888 8 ) (240 888 8 ) (240 824 8 ) (208 824 8 ) 
4 481 494 (736 824 8 ) (964 824 8 ) (964 808 8 ) (736 808 8 ) 
4 481 492 (964 824 8 ) (1024 824 8 ) (1024 808 8 ) (964 808 8 ) 
4 481 482 (964 808 8 ) (1024 808 8 ) (1024 808 36 ) (964 808 36 ) 
4 482 493 (964 808 8 ) (1024 808 8 ) (1024 800 8 ) (964 800 8 ) 
4 482 483 (964 800 8 ) (1024 800 8 ) (1024 800 36 ) (964 800 36 ) 
4 483 495 (736 800 8 ) (1024 800 8 ) (1024 760 8 ) (736 760 8 ) 
4 483 484 (736 760 8 ) (1024 760 8 ) (1024 760 80 ) (736 760 80 ) 
4 484 495 (736 760 8 ) (1024 760 8 ) (1024 744 8 ) (736 744 8 ) 
4 484 485 (736 744 80 ) (736 744 8 ) (1024 744 8 ) (1024 744 80 ) 
4 485 496 (1024 744 8 ) (1024 696 8 ) (736 696 8 ) (736 744 8 ) 
4 485 489 (736 696 8 ) (1024 696 8 ) (1024 696 80 ) (736 696 80 ) 
4 486 503 (592 760 8 ) (624 760 8 ) (624 696 8 ) (592 696 8 ) 
4 487 503 (400 760 8 ) (432 760 8 ) (432 696 8 ) (400 696 8 ) 
4 488 504 (208 760 8 ) (240 760 8 ) (240 696 8 ) (208 696 8 ) 
4 489 508 (736 592 8 ) (736 600 8 ) (1024 600 8 ) (1024 592 8 ) 
4 489 496 (736 600 8 ) (736 696 8 ) (1024 696 8 ) (1024 600 8 ) 
4 489 490 (736 592 80 ) (736 592 8 ) (1024 592 8 ) (1024 592 80 ) 
4 490 575 (1024 0 8 ) (1024 0 80 ) (736 0 80 ) (736 0 8 ) 
4 490 522 (1024 0 8 ) (736 0 8 ) (736 592 8 ) (1024 592 8 ) 
4 490 491 (736 592 8 ) (736 0 8 ) (736 0 80 ) (736 592 80 ) 
4 491 576 (736 0 80 ) (0 0 80 ) (0 0 8 ) (736 0 8 ) 
4 491 526 (0 592 8 ) (0 0 8 ) (0 0 80 ) (0 592 80 ) 
4 491 523 (736 0 8 ) (0 0 8 ) (0 592 8 ) (736 592 8 ) 
4 492 494 (964 1024 -120 ) (964 808 -120 ) (964 808 8 ) (964 1024 8 ) 
4 492 493 (964 808 8 ) (964 808 -120 ) (1024 808 -120 ) (1024 808 8 ) 
4 493 495 (964 800 -120 ) (1024 800 -120 ) (1024 800 8 ) (964 800 8 ) 
4 494 497 (736 1024 -120 ) (736 972 -120 ) (736 972 -12 ) (736 1024 -12 ) 
4 495 506 (736 744 -120 ) (736 800 -120 ) (1024 800 -120 ) (1024 744 -120 ) 
4 495 496 (736 744 8 ) (736 744 -120 ) (1024 744 -120 ) (1024 744 8 ) 
4 496 508 (1024 600 8 ) (736 600 8 ) (736 600 -120 ) (1024 600 -120 ) 
4 496 507 (1024 600 -120 ) (736 600 -120 ) (736 744 -120 ) (1024 744 -120 ) 
4 497 498 (728 1024 -120 ) (728 972 -120 ) (728 972 -12 ) (728 1024 -12 ) 
4 498 499 (720 1024 -120 ) (720 968 -120 ) (720 968 -8 ) (720 1024 -8 ) 
4 499 502 (560 960 -120 ) (648 960 -120 ) (648 960 -8 ) (560 960 -8 ) 
4 499 500 (392 1024 -120 ) (392 960 -120 ) (392 960 8 ) (392 1024 8 ) 
4 500 501 (24 1024 -120 ) (24 960 -120 ) (24 960 8 ) (24 1024 8 ) 
4 501 548 (0 1024 8 ) (0 1024 -120 ) (0 960 -120 ) (0 960 8 ) 
4 502 503 (560 952 -120 ) (648 952 -120 ) (648 952 -8 ) (560 952 -8 ) 
4 503 513 (526 600 -74 ) (562 600 -74 ) (562 600 -16 ) (526 600 -16 ) 
4 503 511 (564 600 -74 ) (600 600 -74 ) (600 600 -16 ) (564 600 -16 ) 
4 503 509 (602 600 -74 ) (638 600 -74 ) (638 600 -16 ) (602 600 -16 ) 
4 503 504 (392 952 8 ) (392 952 -120 ) (392 600 -120 ) (392 600 8 ) 
4 504 519 (206 600 -74 ) (206 600 -16 ) (170 600 -16 ) (170 600 -74 ) 
4 504 517 (208 600 -74 ) (244 600 -74 ) (244 600 -16 ) (208 600 -16 ) 
4 504 514 (246 600 -16 ) (246 600 -74 ) (282 600 -74 ) (282 600 -16 ) 
4 505 550 (0 952 -120 ) (0 600 -120 ) (0 600 8 ) (0 952 8 ) 
4 506 507 (736 744 -120 ) (736 744 -152 ) (1024 744 -152 ) (1024 744 -120 ) 
4 507 521 (736 600 -152 ) (1024 600 -152 ) (1024 600 -120 ) (736 600 -120 ) 
4 508 522 (1024 592 -120 ) (1024 592 8 ) (736 592 8 ) (736 592 -120 ) 
4 508 521 (1024 592 -120 ) (736 592 -120 ) (736 600 -120 ) (1024 600 -120 ) 
4 510 523 (602 592 -74 ) (638 592 -74 ) (638 592 -16 ) (602 592 -16 ) 
4 512 523 (564 592 -74 ) (600 592 -74 ) (600 592 -16 ) (564 592 -16 ) 
4 515 523 (562 592 -74 ) (562 592 -16 ) (526 592 -16 ) (526 592 -74 ) 
4 516 523 (246 592 -16 ) (246 592 -74 ) (282 592 -74 ) (282 592 -16 ) 
4 518 523 (208 592 -74 ) (244 592 -74 ) (244 592 -16 ) (208 592 -16 ) 
4 520 523 (170 592 -74 ) (206 592 -74 ) (206 592 -16 ) (170 592 -16 ) 
4 521 522 (1024 592 -152 ) (1024 592 -120 ) (736 592 -120 ) (736 592 -152 ) 
4 522 575 (1024 0 -152 ) (1024 0 8 ) (736 0 8 ) (736 0 -152 ) 
4 522 523 (736 592 8 ) (736 592 -152 ) (736 0 -152 ) (736 0 8 ) 
4 523 576 (736 0 8 ) (0 0 8 ) (0 0 -152 ) (736 0 -152 ) 
4 523 572 (0 0 -152 ) (0 0 -120 ) (0 208 -120 ) (0 208 -152 ) 
4 523 571 (0 208 -120 ) (0 592 -120 ) (0 592 -152 ) (0 208 -152 ) 
4 523 551 (0 0 -120 ) (0 0 8 ) (0 592 8 ) (0 592 -120 ) 
4 524 527 (-128 592 336 ) (-128 592 720 ) (-128 1024 720 ) (-128 1024 336 ) 
4 524 526 (-128 592 720 ) (-128 592 200 ) (0 592 200 ) (0 592 720 ) 
4 525 548 (0 1024 8 ) (0 992 8 ) (-16 992 8 ) (-16 1024 8 ) 
4 526 577 (0 0 8 ) (0 0 720 ) (-128 0 720 ) (-128 0 8 ) 
4 526 551 (0 592 8 ) (0 0 8 ) (-128 0 8 ) (-128 592 8 ) 
4 526 529 (-128 208 8 ) (-128 0 8 ) (-128 0 720 ) (-128 208 720 ) 
4 526 528 (-128 208 336 ) (-128 208 720 ) (-128 592 720 ) (-128 592 336 ) 
4 527 536 (-208 736 336 ) (-208 592 336 ) (-208 592 720 ) (-208 736 720 ) 
4 527 534 (-208 768 336 ) (-208 736 336 ) (-208 736 720 ) (-208 768 720 ) 
4 527 533 (-208 960 336 ) (-208 768 336 ) (-208 768 720 ) (-208 960 720 ) 
4 527 531 (-208 992 336 ) (-208 960 336 ) (-208 960 720 ) (-208 992 720 ) 
4 527 530 (-208 1024 720 ) (-208 1024 336 ) (-208 992 336 ) (-208 992 720 ) 
4 527 528 (-208 592 720 ) (-208 592 336 ) (-128 592 336 ) (-128 592 720 ) 
4 528 541 (-208 208 336 ) (-208 208 720 ) (-208 352 720 ) (-208 352 336 ) 
4 528 540 (-208 352 720 ) (-208 512 720 ) (-208 512 336 ) (-208 352 336 ) 
4 528 538 (-208 512 720 ) (-208 544 720 ) (-208 544 336 ) (-208 512 336 ) 
4 528 537 (-208 544 720 ) (-208 592 720 ) (-208 592 336 ) (-208 544 336 ) 
4 528 529 (-208 208 720 ) (-208 208 336 ) (-128 208 336 ) (-128 208 720 ) 
4 529 578 (-208 0 720 ) (-208 0 8 ) (-128 0 8 ) (-128 0 720 ) 
4 529 570 (-152 0 8 ) (-208 0 8 ) (-208 208 8 ) (-152 208 8 ) 
4 529 557 (-128 0 8 ) (-152 0 8 ) (-152 208 8 ) (-128 208 8 ) 
4 529 543 (-208 208 8 ) (-208 0 8 ) (-208 0 720 ) (-208 208 720 ) 
4 530 544 (-272 1024 720 ) (-272 1024 336 ) (-272 992 336 ) (-272 992 720 ) 
4 530 531 (-272 992 720 ) (-272 992 336 ) (-208 992 336 ) (-208 992 720 ) 
4 531 544 (-272 960 336 ) (-272 960 720 ) (-272 992 720 ) (-272 992 336 ) 
4 531 533 (-272 960 720 ) (-272 960 336 ) (-208 960 336 ) (-208 960 720 ) 
4 532 558 (-272 960 8 ) (-272 992 8 ) (-208 992 8 ) (-208 960 8 ) 
4 533 544 (-272 768 336 ) (-272 768 720 ) (-272 960 720 ) (-272 960 336 ) 
4 533 534 (-272 768 720 ) (-272 768 336 ) (-208 768 336 ) (-208 768 720 ) 
4 534 544 (-272 736 336 ) (-272 736 720 ) (-272 768 720 ) (-272 768 336 ) 
4 534 536 (-272 736 720 ) (-272 736 336 ) (-208 736 336 ) (-208 736 720 ) 
4 535 560 (-272 736 8 ) (-272 768 8 ) (-208 768 8 ) (-208 736 8 ) 
4 536 544 (-272 592 336 ) (-272 592 720 ) (-272 736 720 ) (-272 736 336 ) 
4 536 537 (-272 592 720 ) (-272 592 336 ) (-208 592 336 ) (-208 592 720 ) 
4 537 545 (-272 544 336 ) (-272 544 720 ) (-272 592 720 ) (-272 592 336 ) 
4 537 538 (-208 544 336 ) (-208 544 720 ) (-272 544 720 ) (-272 544 336 ) 
4 538 545 (-272 512 336 ) (-272 512 720 ) (-272 544 720 ) (-272 544 336 ) 
4 538 540 (-272 512 720 ) (-272 512 336 ) (-208 512 336 ) (-208 512 720 ) 
4 539 567 (-272 512 8 ) (-272 544 8 ) (-208 544 8 ) (-208 512 8 ) 
4 540 545 (-272 352 336 ) (-272 352 720 ) (-272 512 720 ) (-272 512 336 ) 
4 540 541 (-272 352 720 ) (-272 352 336 ) (-208 352 336 ) (-208 352 720 ) 
4 541 545 (-272 208 336 ) (-272 208 720 ) (-272 352 720 ) (-272 352 336 ) 
4 541 543 (-272 208 720 ) (-272 208 336 ) (-208 208 336 ) (-208 208 720 ) 
4 542 568 (-272 320 8 ) (-272 352 8 ) (-208 352 8 ) (-208 320 8 ) 
4 543 578 (-272 0 720 ) (-272 0 8 ) (-208 0 8 ) (-208 0 720 ) 
4 543 570 (-208 0 8 ) (-272 0 8 ) (-272 208 8 ) (-208 208 8 ) 
4 543 546 (-272 208 8 ) (-272 0 8 ) (-272 0 720 ) (-272 208 720 ) 
4 544 545 (-656 592 720 ) (-656 592 336 ) (-272 592 336 ) (-272 592 720 ) 
4 545 546 (-272 208 336 ) (-272 208 720 ) (-656 208 720 ) (-656 208 336 ) 
4 546 578 (-656 0 720 ) (-656 0 8 ) (-272 0 8 ) (-272 0 720 ) 
4 546 570 (-272 0 8 ) (-656 0 8 ) (-656 208 8 ) (-272 208 8 ) 
4 546 547 (-656 208 8 ) (-656 0 8 ) (-656 0 720 ) (-656 208 720 ) 
4 547 578 (-1024 0 720 ) (-1024 0 8 ) (-656 0 8 ) (-656 0 720 ) 
4 547 574 (-1024 0 8 ) (-1024 0 720 ) (-1024 208 720 ) (-1024 208 8 ) 
4 547 570 (-656 0 8 ) (-1024 0 8 ) (-1024 208 8 ) (-656 208 8 ) 
4 548 554 (-128 968 -120 ) (-128 960 -120 ) (-128 960 8 ) (-128 968 8 ) 
4 548 552 (-128 1024 -120 ) (-128 968 -120 ) (-128 968 8 ) (-128 1024 8 ) 
4 548 549 (-72 960 -120 ) (-16 960 -120 ) (-16 960 -8 ) (-72 960 -8 ) 
4 549 550 (-72 952 -120 ) (-16 952 -120 ) (-16 952 -8 ) (-72 952 -8 ) 
4 550 555 (-128 952 -120 ) (-128 600 -120 ) (-128 600 8 ) (-128 952 8 ) 
4 551 577 (0 0 -120 ) (0 0 8 ) (-128 0 8 ) (-128 0 -120 ) 
4 551 572 (0 0 -120 ) (-128 0 -120 ) (-128 208 -120 ) (0 208 -120 ) 
4 551 571 (-128 208 -120 ) (-128 592 -120 ) (0 592 -120 ) (0 208 -120 ) 
4 551 557 (-128 208 -120 ) (-128 0 -120 ) (-128 0 8 ) (-128 208 8 ) 
4 551 556 (-128 448 -120 ) (-128 344 -120 ) (-128 344 -10 ) (-128 448 -10 ) 
4 552 554 (-144 968 -120 ) (-128 968 -120 ) (-128 968 8 ) (-144 968 8 ) 
4 552 553 (-144 1024 -120 ) (-144 968 -120 ) (-144 968 -8 ) (-144 1024 -8 ) 
4 553 558 (-152 1024 -120 ) (-152 968 -120 ) (-152 968 -8 ) (-152 1024 -8 ) 
4 556 568 (-152 448 -120 ) (-152 344 -120 ) (-152 344 -10 ) (-152 448 -10 ) 
4 557 578 (-128 0 8 ) (-152 0 8 ) (-152 0 -120 ) (-128 0 -120 ) 
4 557 573 (-128 0 -120 ) (-152 0 -120 ) (-152 208 -120 ) (-128 208 -120 ) 
4 557 570 (-152 208 -120 ) (-152 0 -120 ) (-152 0 8 ) (-152 208 8 ) 
4 558 559 (-320 952 8 ) (-320 952 -120 ) (-152 952 -120 ) (-152 952 8 ) 
4 559 561 (-320 952 -120 ) (-320 848 -120 ) (-320 848 8 ) (-320 952 8 ) 
4 559 560 (-320 848 8 ) (-320 848 -120 ) (-152 848 -120 ) (-152 848 8 ) 
4 560 567 (-320 704 -120 ) (-152 704 -120 ) (-152 704 8 ) (-320 704 8 ) 
4 561 562 (-360 952 -120 ) (-360 848 -120 ) (-360 848 -8 ) (-360 952 -8 ) 
4 562 563 (-368 952 -8 ) (-368 952 -120 ) (-368 848 -120 ) (-368 848 -8 ) 
4 563 565 (-416 952 -120 ) (-416 848 -120 ) (-416 848 8 ) (-416 952 8 ) 
4 564 565 (-648 952 8 ) (-648 952 -120 ) (-416 952 -120 ) (-416 952 8 ) 
4 565 566 (-568 712 -120 ) (-512 712 -120 ) (-512 712 -8 ) (-568 712 -8 ) 
4 566 569 (-568 704 -120 ) (-512 704 -120 ) (-512 704 -8 ) (-568 704 -8 ) 
4 567 568 (-320 472 -120 ) (-152 472 -120 ) (-152 472 8 ) (-320 472 8 ) 
4 570 578 (-152 0 8 ) (-1024 0 8 ) (-1024 0 -120 ) (-152 0 -120 ) 
4 570 574 (-1024 0 -120 ) (-1024 0 8 ) (-1024 208 8 ) (-1024 208 -120 ) 
4 570 573 (-152 0 -120 ) (-1024 0 -120 ) (-1024 208 -120 ) (-152 208 -120 ) 
4 571 572 (-128 208 -152 ) (0 208 -152 ) (0 208 -120 ) (-128 208 -120 ) 
4 572 577 (0 0 -152 ) (0 0 -120 ) (-128 0 -120 ) (-128 0 -152 ) 
4 572 573 (-128 208 -120 ) (-128 208 -152 ) (-128 0 -152 ) (-128 0 -120 ) 
4 573 578 (-128 0 -120 ) (-1024 0 -120 ) (-1024 0 -152 ) (-128 0 -152 ) 
4 573 574 (-1024 0 -152 ) (-1024 0 -120 ) (-1024 208 -120 ) (-1024 208 -152 ) 
4 574 583 (-1024 0 -152 ) (-1024 0 720 ) (-1040 0 720 ) (-1040 0 -152 ) 
4 575 579 (1024 -1024 -152 ) (1024 -1024 720 ) (736 -1024 720 ) (736 -1024 -152 ) 
4 575 576 (736 0 -152 ) (736 -1024 -152 ) (736 -1024 720 ) (736 0 720 ) 
4 576 580 (736 -1024 720 ) (0 -1024 720 ) (0 -1024 -152 ) (736 -1024 -152 ) 
4 576 577 (0 0 720 ) (0 0 -152 ) (0 -1024 -152 ) (0 -1024 720 ) 
4 577 581 (0 -1024 -152 ) (0 -1024 720 ) (-128 -1024 720 ) (-128 -1024 -152 ) 
4 577 578 (-128 0 -152 ) (-128 -1024 -152 ) (-128 -1024 720 ) (-128 0 720 ) 
4 578 583 (-1024 0 720 ) (-1024 0 -152 ) (-1024 -1024 -152 ) (-1024 -1024 720 ) 
4 578 582 (-128 -1024 720 ) (-1024 -1024 720 ) (-1024 -1024 -152 ) (-128 -1024 -152 ) 
4 579 580 (736 -1024 -152 ) (736 -1520 -152 ) (736 -1520 720 ) (736 -1024 720 ) 
4 580 581 (0 -1520 -152 ) (0 -1520 720 ) (0 -1024 720 ) (0 -1024 -152 ) 
4 581 582 (-128 -1024 -152 ) (-128 -1520 -152 ) (-128 -1520 720 ) (-128 -1024 720 ) 
4 582 584 (-1024 -1520 -152 ) (-1024 -1520 720 ) (-1024 -1024 720 ) (-1024 -1024 -152 ) 
4 583 584 (-1024 -1024 -152 ) (-1024 -1024 720 ) (-1040 -1024 720 ) (-1040 -1024 -152 ) 
