PRT1
533
1139
4 1 59 (1088 2048 1792 ) (1024 2048 1792 ) (1024 2048 704 ) (1088 2048 704 ) 
4 1 2 (1024 2048 704 ) (1024 2048 1792 ) (1024 2240 1792 ) (1024 2240 704 ) 
4 2 61 (1024 2048 704 ) (1024 2048 1792 ) (212 2048 1792 ) (212 2048 704 ) 
4 2 3 (212 2240 1792 ) (212 2240 704 ) (212 2048 704 ) (212 2048 1792 ) 
4 3 62 (0 2048 1792 ) (0 2048 704 ) (212 2048 704 ) (212 2048 1792 ) 
4 3 8 (0 2048 704 ) (0 2048 1792 ) (0 2240 1792 ) (0 2240 704 ) 
4 4 10 (0 2304 -832 ) (0 3008 -832 ) (0 3008 -1024 ) (0 2304 -1024 ) 
5 4 5 (0 2304 -1024 ) (212 2304 -1024 ) (212 2304 -895.998047 ) (148 2304 -832 ) (0 2304 -832 ) 
4 5 11 (0 2228 -1024 ) (0 2228 -832 ) (0 2304 -832 ) (0 2304 -1024 ) 
5 5 6 (212 2228 -1024 ) (212 2228 -895.998047 ) (148 2228 -832 ) (0 2228 -832 ) (0 2228 -1024 ) 
4 6 12 (0 2228 -832 ) (0 2228 -1024 ) (0 2096 -1024 ) (0 2096 -832 ) 
4 6 7 (0 2096 -1024 ) (212 2096 -1024 ) (212 2096 -832 ) (0 2096 -832 ) 
4 7 94 (212 2048 -1024 ) (212 2048 -768 ) (0 2048 -768 ) (0 2048 -1024 ) 
4 7 13 (0 2048 -1024 ) (0 2048 -768 ) (0 2096 -768 ) (0 2096 -1024 ) 
4 8 322 (0 2048 704 ) (0 2048 1792 ) (-832 2048 1792 ) (-832 2048 704 ) 
4 8 9 (-832 2140 704 ) (-832 2048 704 ) (-832 2048 1792 ) (-832 2140 1792 ) 
4 9 322 (-832 2048 1792 ) (-1024 2048 1792 ) (-1024 2048 704 ) (-832 2048 704 ) 
4 9 14 (-1024 2048 704 ) (-1024 2048 1792 ) (-1024 2140 1792 ) (-1024 2140 704 ) 
5 10 11 (-172 2304 -1024 ) (0 2304 -1024 ) (0 2304 -832 ) (-108 2304 -832 ) (-172 2304 -896 ) 
5 11 12 (-172 2228 -896 ) (-172 2228 -1024 ) (0 2228 -1024 ) (0 2228 -832 ) (-108 2228 -832 ) 
4 12 13 (-172 2096 -832 ) (-172 2096 -1024 ) (0 2096 -1024 ) (0 2096 -832 ) 
4 13 338 (0 2048 -1024 ) (0 2048 -768 ) (-172 2048 -768 ) (-172 2048 -1024 ) 
4 14 345 (-1024 2048 704 ) (-1024 2048 1792 ) (-1280 2048 1792 ) (-1280 2048 704 ) 
4 15 60 (2048 1264 -576 ) (2048 1024 -576 ) (2048 1024 -384 ) (2048 1264 -384 ) 
4 15 33 (2136 1024 -448 ) (2048 1024 -448 ) (2048 1024 -576 ) (2136 1024 -576 ) 
4 15 22 (2392 1024 -448 ) (2136 1024 -448 ) (2136 1024 -576 ) (2392 1024 -576 ) 
4 15 20 (2900 1024 -576 ) (2900 1024 -448 ) (2392 1024 -448 ) (2392 1024 -576 ) 
4 15 16 (2900 1024 -448 ) (2900 1024 -384 ) (2048 1024 -384 ) (2048 1024 -448 ) 
4 16 97 (2048 1024 -384 ) (2048 1024 -448 ) (2048 880 -448 ) (2048 880 -384 ) 
4 16 33 (2048 880 -448 ) (2048 1024 -448 ) (2136 1024 -448 ) (2136 880 -448 ) 
4 16 22 (2136 1024 -448 ) (2392 1024 -448 ) (2392 880 -448 ) (2136 880 -448 ) 
4 16 20 (2392 1024 -448 ) (2900 1024 -448 ) (2900 880 -448 ) (2392 880 -448 ) 
4 17 45 (2392 0 -432 ) (2392 0 -448 ) (2616 0 -448 ) (2616 0 -432 ) 
4 17 21 (2616 0 -448 ) (2392 0 -448 ) (2392 572.800110 -448 ) (2616 304 -448 ) 
4 17 19 (2392 572.800110 -448 ) (2392 304 -448 ) (2392 304 -432 ) (2392 572.800110 -432 ) 
4 18 24 (2152 860.800171 -448 ) (2152 872 -448 ) (2376 872 -448 ) (2376 592 -448 ) 
4 18 19 (2376 591.996887 -432 ) (2152 860.796875 -432 ) (2152 860.796875 -448 ) (2376 591.996887 -448 ) 
4 19 25 (2152 592 -448 ) (2152 860.800171 -448 ) (2392 572.800171 -448 ) (2392 304 -448 ) 
4 20 22 (2392 1024 -576 ) (2392 880 -576 ) (2392 880 -448 ) (2392 1024 -448 ) 
4 21 47 (2616 0 -448 ) (2392 0 -448 ) (2392 0 -576 ) (2616 0 -576 ) 
4 21 26 (2392 172 -576 ) (2392 116 -576 ) (2392 116 -464 ) (2392 172 -464 ) 
4 21 25 (2392 572.800110 -576 ) (2392 304 -576 ) (2392 304 -448 ) (2392 572.800110 -448 ) 
4 22 33 (2136 1024 -576 ) (2136 880 -576 ) (2136 880 -448 ) (2136 1024 -448 ) 
4 22 24 (2152 880 -576 ) (2376 880 -576 ) (2376 880 -448 ) (2152 880 -448 ) 
4 23 42 (2136 288 -576 ) (2136 172 -576 ) (2136 172 -448 ) (2136 288 -448 ) 
4 23 28 (2136 172 -448 ) (2136 172 -576 ) (2376 172 -576 ) (2376 172 -448 ) 
4 24 25 (2152 860.798828 -448 ) (2152 860.798828 -576 ) (2376 591.998718 -576 ) (2376 591.998718 -448 ) 
4 26 27 (2384 116 -576 ) (2384 116 -464 ) (2384 172 -464 ) (2384 172 -576 ) 
4 27 28 (2376 172 -464 ) (2376 172 -576 ) (2376 116 -576 ) (2376 116 -464 ) 
4 28 42 (2136 172 -576 ) (2136 80 -576 ) (2136 80 -448 ) (2136 172 -448 ) 
4 28 30 (2200 80 -576 ) (2256 80 -576 ) (2256 80 -464 ) (2200 80 -464 ) 
4 29 48 (2304 0 -448 ) (2256 0 -448 ) (2256 0 -576 ) (2304 0 -576 ) 
4 29 31 (2256 72 -576 ) (2256 0 -576 ) (2256 0 -448 ) (2256 72 -448 ) 
4 30 31 (2200 72 -464 ) (2200 72 -576 ) (2256 72 -576 ) (2256 72 -464 ) 
4 31 48 (2256 0 -448 ) (2200 0 -448 ) (2200 0 -576 ) (2256 0 -576 ) 
4 31 32 (2200 72 -576 ) (2200 0 -576 ) (2200 0 -448 ) (2200 72 -448 ) 
4 32 48 (2200 0 -448 ) (2136 0 -448 ) (2136 0 -576 ) (2200 0 -576 ) 
4 32 43 (2136 72 -576 ) (2136 0 -576 ) (2136 0 -448 ) (2136 72 -448 ) 
4 33 104 (2048 880 -448 ) (2048 1024 -448 ) (2048 1024 -576 ) (2048 880 -576 ) 
4 34 37 (2126 832 -568 ) (2136 832 -568 ) (2136 794 -568 ) (2126 794 -568 ) 
4 34 38 (2124 794 -568 ) (2124 832 -568 ) (2126 832 -568 ) (2126 794 -568 ) 
4 34 35 (2124 794 -448 ) (2124 794 -544 ) (2136 794 -544 ) (2136 794 -448 ) 
4 34 36 (2124 832 -448 ) (2124 832 -568 ) (2124 794 -568 ) (2124 794 -448 ) 
4 35 39 (2136 696 -544 ) (2136 696 -448 ) (2124 696 -448 ) (2124 696 -544 ) 
4 35 36 (2124 696 -544 ) (2124 696 -448 ) (2124 794 -448 ) (2124 794 -544 ) 
4 36 109 (2048 696 -448 ) (2048 832 -448 ) (2048 832 -568 ) (2048 696 -568 ) 
4 36 40 (2120 696 -448 ) (2048 696 -448 ) (2048 696 -568 ) (2120 696 -568 ) 
4 36 39 (2124 696 -448 ) (2120 696 -448 ) (2120 696 -568 ) (2124 696 -568 ) 
4 36 38 (2124 696 -568 ) (2048 696 -568 ) (2048 832 -568 ) (2124 832 -568 ) 
4 37 38 (2126 792 -568 ) (2126 832 -568 ) (2126 832 -576 ) (2126 792 -576 ) 
4 38 109 (2048 832 -568 ) (2048 832 -576 ) (2048 696 -576 ) (2048 696 -568 ) 
4 38 40 (2048 696 -576 ) (2120 696 -576 ) (2120 696 -568 ) (2048 696 -568 ) 
4 38 39 (2120 696 -576 ) (2126 696 -576 ) (2126 696 -568 ) (2120 696 -568 ) 
4 39 40 (2120 696 -448 ) (2120 696 -576 ) (2120 496 -576 ) (2120 496 -448 ) 
4 40 109 (2048 496 -448 ) (2048 696 -448 ) (2048 696 -576 ) (2048 496 -576 ) 
4 40 41 (2048 496 -576 ) (2120 496 -576 ) (2120 496 -464 ) (2048 496 -464 ) 
4 41 112 (2048 496 -464 ) (2048 496 -576 ) (2048 488 -576 ) (2048 488 -464 ) 
4 41 42 (2048 488 -576 ) (2120 488 -576 ) (2120 488 -464 ) (2048 488 -464 ) 
4 42 121 (2048 80 -448 ) (2048 352 -448 ) (2048 352 -576 ) (2048 80 -576 ) 
4 42 117 (2048 352 -448 ) (2048 488 -448 ) (2048 488 -576 ) (2048 352 -576 ) 
4 43 122 (2048 0 -576 ) (2048 0 -448 ) (2048 72 -448 ) (2048 72 -576 ) 
4 43 48 (2136 0 -448 ) (2048 0 -448 ) (2048 0 -576 ) (2136 0 -576 ) 
4 44 54 (3616 -1024 -560 ) (3616 -1024 -432 ) (3072 -1024 -432 ) (3072 -1024 -560 ) 
4 44 51 (3072 -1000 -560 ) (3072 -1024 -560 ) (3072 -1024 -432 ) (3072 -1000 -432 ) 
4 45 49 (2616 -144 -448 ) (2616 -368 -448 ) (2392 -368 -448 ) (2392 -144 -448 ) 
4 45 47 (2392 0 -448 ) (2616 0 -448 ) (2616 -144 -448 ) (2392 -144 -448 ) 
4 45 46 (2392 -144 -448 ) (2392 -368 -448 ) (2392 -368 -432 ) (2392 -144 -432 ) 
4 46 49 (2160 -368 -448 ) (2160 -144 -448 ) (2392 -144 -448 ) (2392 -368 -448 ) 
4 47 49 (2616 -144 -576 ) (2616 -144 -448 ) (2392 -144 -448 ) (2392 -144 -576 ) 
4 48 200 (2048 -128 -576 ) (2048 -128 -448 ) (2048 0 -448 ) (2048 0 -576 ) 
4 49 50 (2160 -144 -448 ) (2160 -144 -576 ) (2160 -368 -576 ) (2160 -368 -448 ) 
4 50 201 (2048 -432 -576 ) (2048 -432 -448 ) (2048 -144 -448 ) (2048 -144 -576 ) 
4 50 53 (2160 -432 -576 ) (2160 -432 -448 ) (2048 -432 -448 ) (2048 -432 -576 ) 
4 51 56 (3072 -1024 -560 ) (3072 -1024 -432 ) (2624 -1024 -432 ) (2624 -1024 -560 ) 
4 51 53 (2624 -1024 -560 ) (2624 -1024 -432 ) (2624 -1000 -432 ) (2624 -1000 -560 ) 
4 51 52 (2624 -1024 -560 ) (2624 -1000 -560 ) (2640 -1000 -560 ) (2640 -1024 -560 ) 
4 52 57 (2640 -1024 -576 ) (2640 -1024 -560 ) (2624 -1024 -560 ) (2624 -1024 -576 ) 
4 52 53 (2624 -1024 -576 ) (2624 -1024 -560 ) (2624 -984 -560 ) (2624 -984 -576 ) 
4 53 201 (2048 -1024 -576 ) (2048 -1024 -448 ) (2048 -432 -448 ) (2048 -432 -576 ) 
4 53 192 (2048 -1024 -448 ) (2048 -1024 192 ) (2048 -432 192 ) (2048 -432 -448 ) 
4 53 58 (2624 -1024 -576 ) (2624 -1024 192 ) (2048 -1024 192 ) (2048 -1024 -576 ) 
4 54 56 (3072 -1192 -432 ) (3072 -1024 -432 ) (3072 -1024 -560 ) (3072 -1192 -560 ) 
4 55 58 (2256 -1744 192 ) (2080 -1744 192 ) (2080 -1648 192 ) (2256 -1648 192 ) 
4 56 58 (2624 -1024 -432 ) (2624 -1024 -560 ) (2624 -1192 -560 ) (2624 -1192 -432 ) 
4 56 57 (2624 -1192 -560 ) (2624 -1024 -560 ) (2640 -1024 -560 ) (2640 -1192 -560 ) 
4 57 58 (2624 -1024 -560 ) (2624 -1024 -576 ) (2624 -1208 -576 ) (2624 -1208 -560 ) 
4 58 492 (2048 -1744 -576 ) (2048 -1744 192 ) (2048 -1024 192 ) (2048 -1024 -576 ) 
4 59 98 (1088 1024 1792 ) (1024 1024 1792 ) (1024 1024 704 ) (1088 1024 704 ) 
4 59 88 (1024 1360 704 ) (1024 1024 704 ) (1024 1024 1792 ) (1024 1360 1792 ) 
4 59 68 (1024 1840 704 ) (1024 1360 704 ) (1024 1360 1792 ) (1024 1840 1792 ) 
4 59 63 (1024 1848 704 ) (1024 1840 704 ) (1024 1840 1792 ) (1024 1848 1792 ) 
4 59 61 (1024 2048 1792 ) (1024 2048 704 ) (1024 1848 704 ) (1024 1848 1792 ) 
4 60 104 (2048 1024 -576 ) (2048 1024 -448 ) (1024 1024 -448 ) (1024 1024 -576 ) 
4 60 99 (1368 1024 -384 ) (1024 1024 -384 ) (1024 1024 -448 ) (1368 1024 -448 ) 
4 60 97 (2048 1024 -448 ) (2048 1024 -384 ) (1368 1024 -384 ) (1368 1024 -448 ) 
4 60 89 (1024 1264 -576 ) (1024 1024 -576 ) (1024 1024 -384 ) (1024 1264 -384 ) 
4 61 63 (1024 1848 704 ) (1024 1848 1792 ) (212 1848 1792 ) (212 1848 704 ) 
4 61 62 (212 2048 1792 ) (212 2048 704 ) (212 1848 704 ) (212 1848 1792 ) 
4 62 322 (0 2048 1792 ) (0 2048 704 ) (0 1848 704 ) (0 1848 1792 ) 
4 62 63 (212 1848 704 ) (212 1848 1792 ) (0 1848 1792 ) (0 1848 704 ) 
4 63 322 (0 1840 704 ) (0 1840 1792 ) (0 1848 1792 ) (0 1848 704 ) 
4 63 87 (0 1840 1792 ) (0 1840 704 ) (436 1840 704 ) (436 1840 1792 ) 
4 63 76 (436 1840 704 ) (480 1840 704 ) (480 1840 1792 ) (436 1840 1792 ) 
4 63 72 (480 1840 704 ) (608 1840 704 ) (608 1840 1792 ) (480 1840 1792 ) 
4 63 71 (608 1840 704 ) (672 1840 704 ) (672 1840 1792 ) (608 1840 1792 ) 
4 63 70 (672 1840 704 ) (800 1840 704 ) (800 1840 1792 ) (672 1840 1792 ) 
4 63 69 (800 1840 704 ) (1008 1840 704 ) (1008 1840 1792 ) (800 1840 1792 ) 
4 63 68 (1008 1840 704 ) (1024 1840 704 ) (1024 1840 1792 ) (1008 1840 1792 ) 
4 63 66 (28 1840 704 ) (0 1840 704 ) (0 1846 704 ) (28 1846 704 ) 
4 63 64 (300 1840 704 ) (164 1840 704 ) (164 1846 704 ) (300 1846 704 ) 
4 64 87 (300 1840 440 ) (300 1840 704 ) (164 1840 704 ) (164 1840 440 ) 
4 65 87 (164 1840 240 ) (300 1840 240 ) (300 1840 440 ) (164 1840 440 ) 
3 66 323 (0 1840 440 ) (0 1840 704 ) (0 1846 704 ) 
4 66 87 (0 1840 704 ) (0 1840 440 ) (28 1840 440 ) (28 1840 704 ) 
4 67 324 (0 1840 240 ) (0 1840 440 ) (0 1848 440 ) (0 1848 240 ) 
4 67 87 (0 1840 440 ) (0 1840 240 ) (28 1840 240 ) (28 1840 440 ) 
4 68 88 (1024 1360 704 ) (1024 1360 1792 ) (1008 1360 1792 ) (1008 1360 704 ) 
4 68 69 (1008 1840 1792 ) (1008 1840 704 ) (1008 1360 704 ) (1008 1360 1792 ) 
4 69 91 (848 1360 1792 ) (800 1360 1792 ) (800 1360 -316 ) (848 1360 -316 ) 
4 69 88 (1008 1360 704 ) (1008 1360 1792 ) (848 1360 1792 ) (848 1360 704 ) 
4 69 70 (800 1360 -316 ) (800 1360 1792 ) (800 1840 1792 ) (800 1840 -316 ) 
4 70 91 (800 1360 -316 ) (800 1360 1792 ) (672 1360 1792 ) (672 1360 -316 ) 
4 70 71 (672 1360 -316 ) (672 1360 1792 ) (672 1840 1792 ) (672 1840 -316 ) 
4 71 91 (672 1360 -316 ) (672 1360 1792 ) (608 1360 1792 ) (608 1360 -316 ) 
4 71 72 (608 1360 -316 ) (608 1360 1792 ) (608 1840 1792 ) (608 1840 -316 ) 
4 72 91 (544 1360 -316 ) (608 1360 -316 ) (608 1360 1792 ) (544 1360 1792 ) 
4 72 92 (480 1360 1792 ) (480 1360 -316 ) (544 1360 -316 ) (544 1360 1792 ) 
4 72 83 (480 1514 -316 ) (480 1360 -316 ) (480 1360 1792 ) (480 1514 1792 ) 
4 72 81 (480 1576 -316 ) (480 1514 -316 ) (480 1514 1792 ) (480 1576 1792 ) 
4 72 77 (480 1704 -316 ) (480 1576 -316 ) (480 1576 1792 ) (480 1704 1792 ) 
4 72 76 (480 1840 1792 ) (480 1840 -316 ) (480 1704 -316 ) (480 1704 1792 ) 
4 73 91 (672 1360 -412 ) (800 1360 -412 ) (800 1360 -348 ) (672 1360 -348 ) 
4 74 91 (544 1360 -412 ) (608 1360 -412 ) (608 1360 -348 ) (544 1360 -348 ) 
4 74 92 (480 1360 -348 ) (480 1360 -412 ) (544 1360 -412 ) (544 1360 -348 ) 
4 75 91 (740 1360 -464 ) (652 1360 -464 ) (652 1360 -576 ) (740 1360 -576 ) 
4 76 87 (436 1840 1792 ) (436 1840 -316 ) (436 1704 -316 ) (436 1704 1792 ) 
4 76 77 (436 1704 1792 ) (436 1704 -316 ) (480 1704 -316 ) (480 1704 1792 ) 
4 77 87 (436 1576 -316 ) (436 1576 1792 ) (436 1704 1792 ) (436 1704 -316 ) 
4 77 81 (436 1576 1792 ) (436 1576 -316 ) (480 1576 -316 ) (480 1576 1792 ) 
4 78 87 (436 1704 -423 ) (436 1576 -423 ) (436 1576 -341 ) (436 1704 -341 ) 
4 79 95 (436 1704 -672 ) (436 1840 -672 ) (468 1840 -672 ) (468 1704 -672 ) 
4 79 87 (436 1840 -640 ) (436 1840 -672 ) (436 1704 -672 ) (436 1704 -640 ) 
3 79 80 (436 1704 -640 ) (436 1704 -672 ) (468 1704 -672 ) 
4 80 95 (436 1576 -672 ) (436 1704 -672 ) (468 1704 -672 ) (468 1576 -672 ) 
4 80 87 (436 1704 -672 ) (436 1576 -672 ) (436 1576 -640 ) (436 1704 -640 ) 
3 80 82 (436 1576 -640 ) (436 1576 -672 ) (468 1576 -672 ) 
4 81 87 (436 1514 -316 ) (436 1514 1792 ) (436 1576 1792 ) (436 1576 -316 ) 
4 81 83 (436 1514 1792 ) (436 1514 -316 ) (480 1514 -316 ) (480 1514 1792 ) 
4 82 95 (436 1514 -672 ) (436 1576 -672 ) (468 1576 -672 ) (468 1514 -672 ) 
4 82 87 (436 1576 -672 ) (436 1514 -672 ) (436 1514 -640 ) (436 1576 -640 ) 
3 82 85 (436 1514 -640 ) (436 1514 -672 ) (468 1514 -672 ) 
4 83 92 (480 1360 -316 ) (480 1360 1792 ) (436 1360 1792 ) (436 1360 -316 ) 
4 83 87 (436 1360 -316 ) (436 1360 1792 ) (436 1514 1792 ) (436 1514 -316 ) 
4 84 87 (436 1386 -423 ) (436 1386 -341 ) (436 1514 -341 ) (436 1514 -423 ) 
4 85 95 (436 1386 -672 ) (436 1514 -672 ) (468 1514 -672 ) (468 1386 -672 ) 
4 85 87 (436 1514 -672 ) (436 1386 -672 ) (436 1386 -640 ) (436 1514 -640 ) 
3 85 86 (436 1386 -640 ) (436 1386 -672 ) (468 1386 -672 ) 
4 86 95 (468 1360 -672 ) (436 1360 -672 ) (436 1386 -672 ) (468 1386 -672 ) 
3 86 92 (436 1360 -672 ) (468 1360 -672 ) (436 1360 -640 ) 
4 86 87 (436 1386 -672 ) (436 1360 -672 ) (436 1360 -640 ) (436 1386 -640 ) 
4 87 333 (0 1840 -672 ) (0 1360 -672 ) (0 1360 -576 ) (0 1840 -576 ) 
4 87 330 (0 1360 -576 ) (0 1360 -200 ) (0 1840 -200 ) (0 1840 -576 ) 
4 87 327 (0 1360 -200 ) (0 1360 240 ) (0 1840 240 ) (0 1840 -200 ) 
4 87 323 (0 1360 440 ) (0 1360 704 ) (0 1840 704 ) (0 1840 440 ) 
4 87 324 (0 1360 240 ) (0 1360 440 ) (0 1840 440 ) (0 1840 240 ) 
4 87 322 (0 1360 704 ) (0 1360 1792 ) (0 1840 1792 ) (0 1840 704 ) 
4 87 95 (436 1360 -672 ) (0 1360 -672 ) (0 1840 -672 ) (436 1840 -672 ) 
4 87 92 (0 1360 -672 ) (436 1360 -672 ) (436 1360 1792 ) (0 1360 1792 ) 
4 88 139 (1024 1024 704 ) (1024 1024 1792 ) (848 1024 1792 ) (848 1024 704 ) 
4 88 91 (848 1360 1792 ) (848 1360 704 ) (848 1024 704 ) (848 1024 1792 ) 
4 89 154 (976 1024 -448 ) (948 1024 -448 ) (948 1024 -576 ) (976 1024 -576 ) 
4 89 151 (1024 1024 -576 ) (1024 1024 -464 ) (976 1024 -464 ) (976 1024 -576 ) 
4 89 148 (1024 1024 -464 ) (1024 1024 -448 ) (976 1024 -448 ) (976 1024 -464 ) 
4 89 141 (1024 1024 -448 ) (1024 1024 -384 ) (948 1024 -384 ) (948 1024 -448 ) 
4 89 90 (948 1264 -576 ) (948 1024 -576 ) (948 1024 -384 ) (948 1264 -384 ) 
4 90 160 (848 1024 -448 ) (848 1024 -576 ) (856 1024 -576 ) (856 1024 -448 ) 
4 90 156 (864 1024 -576 ) (948 1024 -576 ) (948 1024 -448 ) (864 1024 -448 ) 
4 90 158 (856 1024 -576 ) (864 1024 -576 ) (864 1024 -448 ) (856 1024 -448 ) 
4 90 142 (864 1024 -448 ) (948 1024 -448 ) (948 1024 -288 ) (864 1024 -288 ) 
4 90 144 (848 1024 -288 ) (848 1024 -448 ) (864 1024 -448 ) (864 1024 -288 ) 
4 90 91 (848 1024 -576 ) (848 1024 -288 ) (848 1312 -288 ) (848 1312 -576 ) 
4 91 162 (848 1024 -576 ) (848 1024 -448 ) (544 1024 -448 ) (544 1024 -576 ) 
4 91 144 (848 1024 -448 ) (848 1024 -288 ) (544 1024 -288 ) (544 1024 -448 ) 
4 91 140 (848 1024 -288 ) (848 1024 704 ) (544 1024 704 ) (544 1024 -288 ) 
4 91 139 (848 1024 704 ) (848 1024 1792 ) (544 1024 1792 ) (544 1024 704 ) 
4 91 92 (544 1024 1792 ) (544 1360 1792 ) (544 1360 -576 ) (544 1024 -576 ) 
4 92 336 (0 1168 -672 ) (0 1024 -672 ) (0 1024 -576 ) (0 1168 -576 ) 
4 92 333 (0 1360 -672 ) (0 1168 -672 ) (0 1168 -576 ) (0 1360 -576 ) 
4 92 332 (0 1024 -576 ) (0 1024 -200 ) (0 1168 -200 ) (0 1168 -576 ) 
4 92 330 (0 1168 -200 ) (0 1360 -200 ) (0 1360 -576 ) (0 1168 -576 ) 
4 92 327 (0 1024 -200 ) (0 1024 240 ) (0 1360 240 ) (0 1360 -200 ) 
4 92 323 (0 1024 440 ) (0 1024 704 ) (0 1360 704 ) (0 1360 440 ) 
4 92 324 (0 1024 240 ) (0 1024 440 ) (0 1360 440 ) (0 1360 240 ) 
4 92 322 (0 1024 704 ) (0 1024 1792 ) (0 1360 1792 ) (0 1360 704 ) 
4 92 170 (0 1024 -584 ) (0 1024 -672 ) (544 1024 -672 ) (544 1024 -584 ) 
4 92 163 (0 1024 -576 ) (0 1024 -584 ) (544 1024 -584 ) (544 1024 -576 ) 
4 92 162 (0 1024 -448 ) (0 1024 -576 ) (544 1024 -576 ) (544 1024 -448 ) 
4 92 144 (0 1024 -288 ) (0 1024 -448 ) (544 1024 -448 ) (544 1024 -288 ) 
4 92 140 (0 1024 704 ) (0 1024 -288 ) (544 1024 -288 ) (544 1024 704 ) 
4 92 139 (0 1024 1792 ) (0 1024 704 ) (544 1024 704 ) (544 1024 1792 ) 
4 92 96 (544 1024 -672 ) (0 1024 -672 ) (0 1360 -672 ) (544 1360 -672 ) 
3 93 337 (0 1904 -768 ) (0 1840 -768 ) (0 1840 -704 ) 
4 93 95 (0 1840 -704 ) (0 1840 -768 ) (212 1840 -768 ) (212 1840 -704 ) 
4 93 94 (212 1904 -768 ) (212 1840 -768 ) (0 1840 -768 ) (0 1904 -768 ) 
4 94 338 (0 2048 -768 ) (0 2048 -1024 ) (0 1840 -1024 ) (0 1840 -768 ) 
4 94 95 (0 1840 -768 ) (0 1840 -1024 ) (212 1840 -1024 ) (212 1840 -768 ) 
4 95 339 (0 1360 -1024 ) (0 1360 -672 ) (0 1840 -672 ) (0 1840 -1024 ) 
5 95 96 (468 1360 -672 ) (0 1360 -672 ) (0 1360 -1024 ) (500 1360 -1024 ) (500 1360 -704 ) 
4 96 343 (0 1024 -1024 ) (0 1024 -992 ) (0 1168 -992 ) (0 1168 -1024 ) 
4 96 342 (0 1024 -992 ) (0 1024 -672 ) (0 1168 -672 ) (0 1168 -992 ) 
4 96 339 (0 1168 -672 ) (0 1360 -672 ) (0 1360 -1024 ) (0 1168 -1024 ) 
4 96 183 (544 1024 -672 ) (0 1024 -672 ) (0 1024 -1024 ) (544 1024 -1024 ) 
4 97 104 (1368 1024 -448 ) (2048 1024 -448 ) (2048 880 -448 ) (1368 880 -448 ) 
4 97 99 (1368 1024 -384 ) (1368 1024 -448 ) (1368 880 -448 ) (1368 880 -384 ) 
4 98 139 (1024 1024 1792 ) (1024 1024 704 ) (1024 880 704 ) (1024 880 1792 ) 
4 98 100 (1088 880 1792 ) (1024 880 1792 ) (1024 880 704 ) (1088 880 704 ) 
4 99 141 (1024 1024 -384 ) (1024 1024 -448 ) (1024 880 -448 ) (1024 880 -384 ) 
4 99 104 (1024 880 -448 ) (1024 1024 -448 ) (1368 1024 -448 ) (1368 880 -448 ) 
4 100 139 (1024 880 1792 ) (1024 880 704 ) (1024 832 704 ) (1024 832 1792 ) 
4 100 101 (1024 832 1792 ) (1024 832 704 ) (1088 832 704 ) (1088 832 1792 ) 
4 101 187 (1024 0 1792 ) (1024 0 704 ) (1088 0 704 ) (1088 0 1792 ) 
4 101 139 (1024 0 704 ) (1024 0 1792 ) (1024 832 1792 ) (1024 832 704 ) 
4 102 145 (1024 344 -392 ) (1024 344 -448 ) (1024 152 -448 ) (1024 152 -392 ) 
4 102 135 (1024 152 -448 ) (1024 160 -448 ) (1144 160 -448 ) (1144 152 -448 ) 
4 102 133 (1024 160 -448 ) (1024 344 -448 ) (1144 344 -448 ) (1144 160 -448 ) 
4 102 103 (1024 152 -448 ) (1144 152 -448 ) (1144 152 -392 ) (1024 152 -392 ) 
4 103 189 (1024 0 -392 ) (1024 0 -448 ) (1176 0 -448 ) (1176 0 -392 ) 
4 103 145 (1024 0 -448 ) (1024 0 -392 ) (1024 152 -392 ) (1024 152 -448 ) 
4 103 134 (1144 152 -448 ) (1176 152 -448 ) (1176 0 -448 ) (1144 0 -448 ) 
4 103 135 (1024 0 -448 ) (1024 152 -448 ) (1144 152 -448 ) (1144 0 -448 ) 
4 104 151 (1024 1024 -464 ) (1024 1024 -576 ) (1024 880 -576 ) (1024 880 -464 ) 
4 104 148 (1024 880 -448 ) (1024 1024 -448 ) (1024 1024 -464 ) (1024 880 -464 ) 
4 104 107 (1024 880 -576 ) (1032 880 -576 ) (1032 880 -464 ) (1024 880 -464 ) 
4 104 105 (1248 880 -576 ) (1352 880 -576 ) (1352 880 -466 ) (1248 880 -466 ) 
4 105 106 (1352 840 -576 ) (1352 840 -466 ) (1248 840 -466 ) (1248 840 -576 ) 
4 106 111 (1248 832 -576 ) (1352 832 -576 ) (1352 832 -466 ) (1248 832 -466 ) 
4 107 151 (1024 880 -464 ) (1024 880 -576 ) (1024 840 -576 ) (1024 840 -464 ) 
4 107 108 (1024 840 -576 ) (1032 840 -576 ) (1032 840 -464 ) (1024 840 -464 ) 
4 108 152 (1024 840 -576 ) (1024 832 -576 ) (1024 832 -464 ) (1024 840 -464 ) 
4 108 111 (1024 832 -576 ) (1032 832 -576 ) (1032 832 -464 ) (1024 832 -464 ) 
4 109 114 (1652 496 -528 ) (1652 496 -464 ) (1596 496 -464 ) (1596 496 -528 ) 
4 109 113 (1924 496 -528 ) (1924 496 -464 ) (1868 496 -464 ) (1868 496 -528 ) 
4 109 112 (2012 496 -576 ) (2048 496 -576 ) (2048 496 -464 ) (2012 496 -464 ) 
4 109 110 (1556 740 -576 ) (1556 684 -576 ) (1556 684 -464 ) (1556 740 -464 ) 
4 110 111 (1548 740 -576 ) (1548 684 -576 ) (1548 684 -464 ) (1548 740 -464 ) 
4 111 153 (1024 832 -464 ) (1024 832 -576 ) (1024 496 -576 ) (1024 496 -464 ) 
4 111 149 (1024 496 -448 ) (1024 832 -448 ) (1024 832 -464 ) (1024 496 -464 ) 
4 111 116 (1024 496 -576 ) (1208 496 -576 ) (1208 496 -448 ) (1024 496 -448 ) 
4 111 115 (1420 496 -576 ) (1528 496 -576 ) (1528 496 -464 ) (1420 496 -464 ) 
4 112 117 (2012 488 -576 ) (2048 488 -576 ) (2048 488 -464 ) (2012 488 -464 ) 
4 113 119 (1924 488 -528 ) (1924 488 -464 ) (1868 488 -464 ) (1868 488 -528 ) 
4 114 119 (1652 488 -528 ) (1652 488 -464 ) (1596 488 -464 ) (1596 488 -528 ) 
4 115 119 (1420 488 -576 ) (1528 488 -576 ) (1528 488 -464 ) (1420 488 -464 ) 
4 116 153 (1024 496 -464 ) (1024 496 -576 ) (1024 488 -576 ) (1024 488 -464 ) 
4 116 149 (1024 488 -448 ) (1024 496 -448 ) (1024 496 -464 ) (1024 488 -464 ) 
4 116 120 (1024 488 -576 ) (1208 488 -576 ) (1208 488 -448 ) (1024 488 -448 ) 
4 117 121 (1988 352 -576 ) (2048 352 -576 ) (2048 352 -448 ) (1988 352 -448 ) 
4 117 118 (1988 440 -576 ) (1988 384 -576 ) (1988 384 -464 ) (1988 440 -464 ) 
4 118 119 (1980 440 -576 ) (1980 384 -576 ) (1980 384 -464 ) (1980 440 -464 ) 
4 119 136 (1216 488 -576 ) (1420 488 -576 ) (1420 352 -576 ) (1216 352 -576 ) 
4 119 123 (1760 352 -576 ) (1816 352 -576 ) (1816 352 -464 ) (1760 352 -464 ) 
4 120 153 (1024 488 -464 ) (1024 488 -576 ) (1024 352 -576 ) (1024 352 -464 ) 
4 120 149 (1024 352 -448 ) (1024 488 -448 ) (1024 488 -464 ) (1024 352 -464 ) 
4 120 125 (1024 352 -576 ) (1032 352 -576 ) (1032 352 -464 ) (1024 352 -464 ) 
4 122 200 (2048 0 -576 ) (2048 0 -448 ) (1988 0 -448 ) (1988 0 -576 ) 
4 123 124 (1760 344 -576 ) (1816 344 -576 ) (1816 344 -464 ) (1760 344 -464 ) 
4 124 206 (1972 0 -448 ) (1600 0 -448 ) (1600 0 -576 ) (1972 0 -576 ) 
4 124 127 (1600 0 -544 ) (1600 0 -480 ) (1600 72 -480 ) (1600 72 -544 ) 
4 124 126 (1600 144 -544 ) (1600 144 -480 ) (1600 264 -480 ) (1600 264 -544 ) 
4 125 153 (1024 352 -464 ) (1024 352 -576 ) (1024 344 -576 ) (1024 344 -464 ) 
4 125 133 (1024 344 -576 ) (1032 344 -576 ) (1032 344 -464 ) (1024 344 -464 ) 
4 126 128 (1592 144 -544 ) (1592 144 -480 ) (1592 264 -480 ) (1592 264 -544 ) 
4 127 210 (1592 0 -480 ) (1592 0 -544 ) (1600 0 -544 ) (1600 0 -480 ) 
4 127 128 (1592 0 -544 ) (1592 0 -480 ) (1592 72 -480 ) (1592 72 -544 ) 
4 128 214 (1456 0 -448 ) (1376 0 -448 ) (1376 0 -576 ) (1456 0 -576 ) 
4 128 212 (1512 0 -448 ) (1456 0 -448 ) (1456 0 -576 ) (1512 0 -576 ) 
4 128 211 (1592 0 -448 ) (1512 0 -448 ) (1512 0 -576 ) (1592 0 -576 ) 
4 129 238 (1368 0 -448 ) (1184 0 -448 ) (1184 0 -576 ) (1368 0 -576 ) 
4 129 131 (1184 104 -576 ) (1184 48 -576 ) (1184 48 -464 ) (1184 104 -464 ) 
4 129 130 (1184 344 -448 ) (1184 344 -576 ) (1184 160 -576 ) (1184 160 -448 ) 
4 130 132 (1176 344 -448 ) (1176 344 -576 ) (1176 160 -576 ) (1176 160 -448 ) 
4 131 134 (1176 104 -576 ) (1176 48 -576 ) (1176 48 -464 ) (1176 104 -464 ) 
4 133 153 (1024 344 -464 ) (1024 344 -576 ) (1024 160 -576 ) (1024 160 -464 ) 
4 133 150 (1024 160 -448 ) (1024 344 -448 ) (1024 344 -464 ) (1024 160 -464 ) 
4 133 135 (1024 160 -576 ) (1144 160 -576 ) (1144 160 -448 ) (1024 160 -448 ) 
4 134 239 (1176 0 -448 ) (1144 0 -448 ) (1144 0 -576 ) (1176 0 -576 ) 
4 134 135 (1144 152 -576 ) (1144 0 -576 ) (1144 0 -448 ) (1144 152 -448 ) 
4 135 239 (1144 0 -448 ) (1024 0 -448 ) (1024 0 -576 ) (1144 0 -576 ) 
4 135 153 (1024 0 -576 ) (1024 0 -464 ) (1024 160 -464 ) (1024 160 -576 ) 
4 135 150 (1024 0 -464 ) (1024 0 -448 ) (1024 160 -448 ) (1024 160 -464 ) 
4 136 137 (1216 488 -584 ) (1408 488 -584 ) (1408 352 -584 ) (1216 352 -584 ) 
4 137 177 (1024 488 -672 ) (1024 488 -712 ) (1024 352 -712 ) (1024 352 -672 ) 
4 137 165 (1024 352 -584 ) (1024 488 -584 ) (1024 488 -672 ) (1024 352 -672 ) 
4 138 250 (1344 0 -584 ) (1064 0 -584 ) (1064 0 -712 ) (1344 0 -712 ) 
4 138 179 (1024 0 -712 ) (1024 0 -672 ) (1024 336 -672 ) (1024 336 -712 ) 
4 138 173 (1024 0 -672 ) (1024 0 -584 ) (1024 256 -584 ) (1024 256 -672 ) 
4 138 171 (1024 256 -584 ) (1024 304 -584 ) (1024 304 -672 ) (1024 256 -672 ) 
4 138 167 (1024 304 -584 ) (1024 312 -584 ) (1024 312 -672 ) (1024 304 -672 ) 
4 138 166 (1024 312 -584 ) (1024 336 -584 ) (1024 336 -672 ) (1024 312 -672 ) 
4 139 346 (0 0 704 ) (0 0 1792 ) (0 1024 1792 ) (0 1024 704 ) 
4 139 301 (0 0 1792 ) (0 0 704 ) (100 0 704 ) (100 0 1792 ) 
4 139 297 (100 0 704 ) (116 0 704 ) (116 0 1792 ) (100 0 1792 ) 
4 139 290 (116 0 704 ) (352 0 704 ) (352 0 1792 ) (116 0 1792 ) 
4 139 286 (352 0 704 ) (368 0 704 ) (368 0 1792 ) (352 0 1792 ) 
4 139 284 (368 0 704 ) (752 0 704 ) (752 0 1792 ) (368 0 1792 ) 
4 139 282 (752 0 704 ) (768 0 704 ) (768 0 1792 ) (752 0 1792 ) 
4 139 263 (768 0 704 ) (848 0 704 ) (848 0 1792 ) (768 0 1792 ) 
4 139 256 (848 0 704 ) (1024 0 704 ) (1024 0 1792 ) (848 0 1792 ) 
4 139 140 (0 1024 704 ) (848 1024 704 ) (848 0 704 ) (0 0 704 ) 
4 140 354 (0 0 -288 ) (0 0 -200 ) (0 200 -200 ) (0 200 -288 ) 
4 140 352 (0 200 -200 ) (0 296 -200 ) (0 296 -288 ) (0 200 -288 ) 
4 140 351 (0 296 -200 ) (0 304 -200 ) (0 304 -288 ) (0 296 -288 ) 
4 140 350 (0 304 -200 ) (0 1024 -200 ) (0 1024 -288 ) (0 304 -288 ) 
4 140 349 (0 0 -200 ) (0 0 704 ) (0 304 704 ) (0 304 -200 ) 
4 140 347 (0 304 704 ) (0 1024 704 ) (0 1024 -200 ) (0 304 -200 ) 
4 140 147 (848 0 -288 ) (0 0 -288 ) (0 352 -288 ) (848 352 -288 ) 
4 140 144 (0 352 -288 ) (0 1024 -288 ) (848 1024 -288 ) (848 352 -288 ) 
4 141 154 (948 1024 -448 ) (976 1024 -448 ) (976 880 -448 ) (948 880 -448 ) 
4 141 148 (976 1024 -448 ) (1024 1024 -448 ) (1024 880 -448 ) (976 880 -448 ) 
4 141 142 (948 1024 -448 ) (948 880 -448 ) (948 880 -384 ) (948 1024 -384 ) 
4 142 156 (864 1024 -448 ) (948 1024 -448 ) (948 864 -448 ) (864 864 -448 ) 
4 142 144 (864 1024 -448 ) (864 864 -448 ) (864 864 -288 ) (864 1024 -288 ) 
4 143 157 (948 696 -448 ) (948 352 -448 ) (864 352 -448 ) (864 696 -448 ) 
4 143 144 (864 696 -448 ) (864 352 -448 ) (864 352 -288 ) (864 696 -288 ) 
4 144 350 (0 352 -288 ) (0 1024 -288 ) (0 1024 -448 ) (0 352 -448 ) 
4 144 160 (848 1024 -448 ) (856 1024 -448 ) (856 352 -448 ) (848 352 -448 ) 
4 144 162 (0 1024 -448 ) (848 1024 -448 ) (848 352 -448 ) (0 352 -448 ) 
4 144 158 (856 1024 -448 ) (864 1024 -448 ) (864 352 -448 ) (856 352 -448 ) 
4 144 147 (0 352 -448 ) (848 352 -448 ) (848 352 -288 ) (0 352 -288 ) 
4 145 257 (948 0 -448 ) (1024 0 -448 ) (1024 0 -392 ) (948 0 -392 ) 
4 145 159 (976 0 -448 ) (948 0 -448 ) (948 344 -448 ) (976 344 -448 ) 
4 145 150 (1024 344 -448 ) (1024 0 -448 ) (976 0 -448 ) (976 344 -448 ) 
4 145 146 (948 344 -392 ) (948 344 -448 ) (948 0 -448 ) (948 0 -392 ) 
4 146 258 (876 0 -448 ) (888 0 -448 ) (888 0 -392 ) (876 0 -392 ) 
4 146 257 (888 0 -448 ) (948 0 -448 ) (948 0 -392 ) (888 0 -392 ) 
4 146 262 (856 0 -448 ) (876 0 -448 ) (876 0 -392 ) (856 0 -392 ) 
4 146 159 (948 0 -448 ) (856 0 -448 ) (856 344 -448 ) (948 344 -448 ) 
4 147 354 (0 0 -448 ) (0 0 -288 ) (0 200 -288 ) (0 200 -448 ) 
4 147 352 (0 200 -288 ) (0 296 -288 ) (0 296 -448 ) (0 200 -448 ) 
4 147 351 (0 296 -288 ) (0 304 -288 ) (0 304 -448 ) (0 296 -448 ) 
4 147 350 (0 304 -288 ) (0 352 -288 ) (0 352 -448 ) (0 304 -448 ) 
4 147 302 (0 0 -384 ) (0 0 -448 ) (100 0 -448 ) (100 0 -384 ) 
4 147 285 (368 0 -448 ) (752 0 -448 ) (752 0 -384 ) (368 0 -384 ) 
4 147 162 (848 0 -448 ) (0 0 -448 ) (0 352 -448 ) (848 352 -448 ) 
4 148 154 (976 880 -448 ) (976 1024 -448 ) (976 1024 -464 ) (976 880 -464 ) 
4 148 151 (976 880 -464 ) (976 1024 -464 ) (1024 1024 -464 ) (1024 880 -464 ) 
4 149 155 (976 352 -448 ) (976 832 -448 ) (976 832 -464 ) (976 352 -464 ) 
4 149 153 (976 352 -464 ) (976 832 -464 ) (1024 832 -464 ) (1024 352 -464 ) 
4 150 257 (1024 0 -464 ) (1024 0 -448 ) (976 0 -448 ) (976 0 -464 ) 
4 150 159 (976 0 -464 ) (976 0 -448 ) (976 344 -448 ) (976 344 -464 ) 
4 150 153 (1024 0 -464 ) (976 0 -464 ) (976 344 -464 ) (1024 344 -464 ) 
4 151 154 (976 1024 -576 ) (976 880 -576 ) (976 880 -464 ) (976 1024 -464 ) 
4 151 152 (1024 840 -464 ) (976 840 -464 ) (976 840 -576 ) (1024 840 -576 ) 
4 152 153 (1024 832 -464 ) (976 832 -464 ) (976 832 -576 ) (1024 832 -576 ) 
4 153 257 (976 0 -576 ) (1024 0 -576 ) (1024 0 -464 ) (976 0 -464 ) 
4 153 159 (976 344 -576 ) (976 0 -576 ) (976 0 -464 ) (976 344 -464 ) 
4 153 155 (976 832 -576 ) (976 352 -576 ) (976 352 -464 ) (976 832 -464 ) 
4 154 156 (948 1024 -576 ) (948 880 -576 ) (948 880 -448 ) (948 1024 -448 ) 
4 156 158 (864 1024 -576 ) (864 864 -576 ) (864 864 -448 ) (864 1024 -448 ) 
4 157 158 (864 696 -576 ) (864 352 -576 ) (864 352 -448 ) (864 696 -448 ) 
4 158 160 (856 1024 -576 ) (856 352 -576 ) (856 352 -448 ) (856 1024 -448 ) 
4 159 258 (876 0 -576 ) (888 0 -576 ) (888 0 -448 ) (876 0 -448 ) 
4 159 257 (888 0 -576 ) (976 0 -576 ) (976 0 -448 ) (888 0 -448 ) 
4 159 262 (856 0 -576 ) (876 0 -576 ) (876 0 -448 ) (856 0 -448 ) 
4 159 161 (856 100 -544 ) (856 100 -480 ) (856 220 -480 ) (856 220 -544 ) 
4 160 162 (848 1024 -576 ) (848 352 -576 ) (848 352 -448 ) (848 1024 -448 ) 
4 161 162 (848 100 -544 ) (848 100 -480 ) (848 220 -480 ) (848 220 -544 ) 
4 162 357 (0 0 -576 ) (0 0 -448 ) (0 304 -448 ) (0 304 -576 ) 
4 162 356 (0 304 -448 ) (0 1024 -448 ) (0 1024 -576 ) (0 304 -576 ) 
4 162 302 (0 0 -448 ) (0 0 -576 ) (100 0 -576 ) (100 0 -448 ) 
4 162 285 (368 0 -576 ) (752 0 -576 ) (752 0 -448 ) (368 0 -448 ) 
4 162 164 (192 144 -576 ) (328 144 -576 ) (328 72 -576 ) (192 72 -576 ) 
4 162 163 (0 304 -576 ) (0 1024 -576 ) (544 1024 -576 ) (544 304 -576 ) 
4 163 374 (0 304 -576 ) (0 1024 -576 ) (0 1024 -584 ) (0 304 -584 ) 
4 163 170 (0 1024 -584 ) (544 1024 -584 ) (544 304 -584 ) (0 304 -584 ) 
4 165 177 (1024 488 -672 ) (1024 352 -672 ) (984 352 -672 ) (984 488 -672 ) 
4 165 169 (984 488 -672 ) (984 352 -672 ) (984 352 -584 ) (984 488 -584 ) 
4 166 179 (1024 336 -672 ) (1024 312 -672 ) (992 312 -672 ) (992 336 -672 ) 
4 166 167 (992 312 -672 ) (1024 312 -672 ) (1024 312 -584 ) (992 312 -584 ) 
4 167 179 (1024 312 -672 ) (1024 304 -672 ) (992 304 -672 ) (992 312 -672 ) 
4 167 171 (992 304 -672 ) (1024 304 -672 ) (1024 304 -584 ) (992 304 -584 ) 
4 167 168 (992 312 -600 ) (992 312 -672 ) (992 304 -672 ) (992 304 -600 ) 
4 168 180 (992 304 -672 ) (984 304 -672 ) (984 312 -672 ) (992 312 -672 ) 
4 168 172 (984 304 -672 ) (992 304 -672 ) (992 304 -600 ) (984 304 -600 ) 
4 168 169 (984 312 -672 ) (984 304 -672 ) (984 304 -600 ) (984 312 -600 ) 
4 169 181 (984 336 -672 ) (984 304 -672 ) (848 304 -672 ) (848 336 -672 ) 
4 169 178 (984 488 -672 ) (984 336 -672 ) (848 336 -672 ) (848 488 -672 ) 
4 169 174 (848 304 -672 ) (984 304 -672 ) (984 304 -584 ) (848 304 -584 ) 
4 170 374 (0 304 -584 ) (0 1024 -584 ) (0 1024 -672 ) (0 304 -672 ) 
4 170 183 (0 1024 -672 ) (544 1024 -672 ) (544 304 -672 ) (0 304 -672 ) 
4 170 176 (0 304 -672 ) (436 304 -672 ) (436 304 -640 ) (0 304 -640 ) 
4 171 179 (1024 304 -672 ) (1024 256 -672 ) (992 256 -672 ) (992 304 -672 ) 
4 171 173 (992 256 -672 ) (1024 256 -672 ) (1024 256 -584 ) (992 256 -584 ) 
4 171 172 (992 304 -600 ) (992 304 -672 ) (992 256 -672 ) (992 256 -600 ) 
4 172 180 (992 256 -672 ) (984 256 -672 ) (984 304 -672 ) (992 304 -672 ) 
4 172 174 (984 304 -600 ) (984 304 -672 ) (984 256 -672 ) (984 256 -600 ) 
4 173 179 (1024 256 -672 ) (1024 0 -672 ) (992 0 -672 ) (992 256 -672 ) 
4 174 305 (848 0 -672 ) (984 0 -672 ) (984 0 -618 ) (848 0 -618 ) 
4 174 304 (984 0 -618 ) (984 0 -584 ) (848 0 -584 ) (848 0 -618 ) 
4 174 181 (984 0 -672 ) (848 0 -672 ) (848 304 -672 ) (984 304 -672 ) 
4 175 306 (612 0 -672 ) (676 0 -672 ) (676 0 -618 ) (612 0 -618 ) 
4 175 184 (676 0 -672 ) (612 0 -672 ) (612 64 -672 ) (676 64 -672 ) 
3 176 380 (0 304 -640 ) (0 304 -672 ) (0 272 -672 ) 
4 176 185 (0 272 -672 ) (0 304 -672 ) (436 304 -672 ) (436 272 -672 ) 
4 177 178 (984 488 -672 ) (984 488 -712 ) (984 352 -712 ) (984 352 -672 ) 
4 178 181 (848 336 -672 ) (848 336 -712 ) (984 336 -712 ) (984 336 -672 ) 
4 179 180 (992 312 -712 ) (992 256 -712 ) (992 256 -672 ) (992 312 -672 ) 
4 180 181 (984 312 -712 ) (984 256 -712 ) (984 256 -672 ) (984 312 -672 ) 
4 181 315 (848 0 -704 ) (848 0 -712 ) (984 0 -712 ) (984 0 -704 ) 
4 181 307 (848 0 -682 ) (848 0 -704 ) (984 0 -704 ) (984 0 -682 ) 
4 181 305 (984 0 -672 ) (848 0 -672 ) (848 0 -682 ) (984 0 -682 ) 
4 181 182 (848 0 -712 ) (848 180 -712 ) (984 180 -712 ) (984 0 -712 ) 
4 182 316 (984 0 -712 ) (848 0 -712 ) (848 0 -832 ) (984 0 -832 ) 
4 183 386 (0 304 -1024 ) (0 304 -672 ) (0 592 -672 ) (0 592 -1024 ) 
4 183 385 (0 592 -672 ) (0 712 -672 ) (0 712 -1024 ) (0 592 -1024 ) 
4 183 382 (0 712 -672 ) (0 1024 -672 ) (0 1024 -1024 ) (0 712 -1024 ) 
4 183 185 (436 304 -672 ) (0 304 -672 ) (0 304 -1024 ) (436 304 -1024 ) 
4 184 306 (676 0 -672 ) (612 0 -672 ) (612 0 -682 ) (676 0 -682 ) 
5 185 390 (0 240 -704 ) (0 272 -672 ) (0 304 -672 ) (0 304 -1024 ) (0 240 -1024 ) 
4 186 191 (1952 -416 -232 ) (1952 -416 -168 ) (1888 -416 -168 ) (1888 -416 -232 ) 
4 187 256 (1024 0 1792 ) (1024 0 704 ) (1024 -416 704 ) (1024 -416 1792 ) 
4 187 190 (1024 -416 1792 ) (1024 -416 704 ) (1088 -416 704 ) (1088 -416 1792 ) 
4 188 240 (1368 -112 -448 ) (1368 -416 -448 ) (1176 -416 -448 ) (1176 -112 -448 ) 
4 188 189 (1176 -112 -448 ) (1176 -416 -448 ) (1176 -416 -392 ) (1176 -112 -392 ) 
4 189 257 (1024 0 -392 ) (1024 0 -448 ) (1024 -416 -448 ) (1024 -416 -392 ) 
4 189 241 (1176 -104 -448 ) (1176 -416 -448 ) (1024 -416 -448 ) (1024 -104 -448 ) 
4 189 239 (1024 0 -448 ) (1176 0 -448 ) (1176 -104 -448 ) (1024 -104 -448 ) 
4 190 264 (1024 -432 704 ) (1024 -432 1792 ) (1024 -416 1792 ) (1024 -416 704 ) 
4 190 196 (1088 -432 1792 ) (1024 -432 1792 ) (1024 -432 704 ) (1088 -432 704 ) 
4 191 192 (1952 -432 -168 ) (1888 -432 -168 ) (1888 -432 -232 ) (1952 -432 -232 ) 
4 192 492 (2048 -1024 -448 ) (2048 -1024 192 ) (1600 -1024 192 ) (1600 -1024 -448 ) 
4 192 209 (1972 -1024 -448 ) (1600 -1024 -448 ) (1600 -432 -448 ) (1972 -432 -448 ) 
4 192 205 (1988 -1024 -448 ) (1972 -1024 -448 ) (1972 -432 -448 ) (1988 -432 -448 ) 
4 192 201 (2048 -432 -448 ) (2048 -1024 -448 ) (1988 -1024 -448 ) (1988 -432 -448 ) 
4 192 193 (1600 -752 192 ) (1600 -432 192 ) (1600 -432 -432 ) (1600 -752 -432 ) 
4 192 194 (1600 -1024 192 ) (1600 -752 192 ) (1600 -752 -448 ) (1600 -1024 -448 ) 
4 193 194 (1368 -752 192 ) (1368 -752 -432 ) (1600 -752 -432 ) (1600 -752 192 ) 
4 193 195 (1368 -752 192 ) (1368 -432 192 ) (1368 -432 -432 ) (1368 -752 -432 ) 
4 194 492 (1600 -1024 192 ) (1368 -1024 192 ) (1368 -1024 -448 ) (1600 -1024 -448 ) 
4 194 237 (1600 -1024 -448 ) (1368 -1024 -448 ) (1368 -752 -448 ) (1600 -752 -448 ) 
4 194 195 (1368 -1024 192 ) (1368 -752 192 ) (1368 -752 -448 ) (1368 -1024 -448 ) 
4 195 492 (1368 -1024 192 ) (1096 -1024 192 ) (1096 -1024 -448 ) (1368 -1024 -448 ) 
4 195 244 (1096 -816 -448 ) (1096 -432 -448 ) (1368 -432 -448 ) (1368 -816 -448 ) 
4 195 248 (1368 -1024 -448 ) (1096 -1024 -448 ) (1096 -816 -448 ) (1368 -816 -448 ) 
4 195 197 (1096 -432 192 ) (1096 -432 -422 ) (1096 -816 -422 ) (1096 -816 192 ) 
4 195 199 (1096 -816 -448 ) (1096 -1024 -448 ) (1096 -1024 192 ) (1096 -816 192 ) 
4 196 267 (1024 -896 1792 ) (1024 -432 1792 ) (1024 -432 704 ) (1024 -896 704 ) 
4 197 274 (1024 -816 -390.846161 ) (1024 -816 -348 ) (1024 -784 -348 ) (1024 -784 -390.846161 ) 
4 197 272 (1024 -784 -348 ) (1024 -432 -348 ) (1024 -432 -390.846130 ) (1024 -784 -390.846161 ) 
4 197 269 (1024 -816 -348 ) (1024 -816 -332 ) (1024 -432 -332 ) (1024 -432 -348 ) 
4 197 268 (1024 -816 -332 ) (1024 -816 192 ) (1024 -432 192 ) (1024 -432 -332 ) 
4 197 199 (1096 -816 -422 ) (1096 -816 192 ) (1024 -816 192 ) (1024 -816 -390.846130 ) 
4 198 273 (1024 -432 -448 ) (1024 -784 -448 ) (1024 -784 -406.846161 ) (1024 -432 -406.846130 ) 
4 198 246 (1024 -784 -448 ) (1024 -432 -448 ) (1036 -432 -448 ) (1036 -784 -448 ) 
4 198 245 (1036 -432 -448 ) (1064 -432 -448 ) (1064 -784 -448 ) (1036 -784 -448 ) 
4 199 492 (1024 -1024 192 ) (1024 -1024 -448 ) (1096 -1024 -448 ) (1096 -1024 192 ) 
4 199 277 (1024 -816 -448 ) (1024 -1024 -448 ) (1024 -1024 -348 ) (1024 -816 -348 ) 
4 199 270 (1024 -1024 -348 ) (1024 -1024 -332 ) (1024 -816 -332 ) (1024 -816 -348 ) 
4 199 268 (1024 -1024 -332 ) (1024 -1024 192 ) (1024 -816 192 ) (1024 -816 -332 ) 
4 199 248 (1096 -1024 -448 ) (1024 -1024 -448 ) (1024 -816 -448 ) (1096 -816 -448 ) 
4 201 492 (2048 -1024 -576 ) (2048 -1024 -448 ) (1988 -1024 -448 ) (1988 -1024 -576 ) 
4 201 205 (1988 -432 -576 ) (1988 -1024 -576 ) (1988 -1024 -448 ) (1988 -432 -448 ) 
4 201 202 (1988 -320 -576 ) (1988 -376 -576 ) (1988 -376 -464 ) (1988 -320 -464 ) 
4 202 203 (1984 -376 -576 ) (1984 -376 -464 ) (1984 -320 -464 ) (1984 -320 -576 ) 
4 203 204 (1976 -376 -576 ) (1976 -376 -464 ) (1976 -320 -464 ) (1976 -320 -576 ) 
4 204 208 (1972 -320 -576 ) (1972 -376 -576 ) (1972 -376 -464 ) (1972 -320 -464 ) 
4 205 492 (1988 -1024 -448 ) (1972 -1024 -448 ) (1972 -1024 -576 ) (1988 -1024 -576 ) 
4 205 209 (1972 -432 -576 ) (1972 -1024 -576 ) (1972 -1024 -448 ) (1972 -432 -448 ) 
4 206 215 (1600 -112 -576 ) (1600 -220 -576 ) (1600 -220 -448 ) (1600 -112 -448 ) 
4 206 210 (1600 -48 -544 ) (1600 -48 -480 ) (1600 0 -480 ) (1600 0 -544 ) 
4 206 207 (1632 -272 -576 ) (1688 -272 -576 ) (1688 -272 -464 ) (1632 -272 -464 ) 
4 207 208 (1632 -280 -576 ) (1688 -280 -576 ) (1688 -280 -464 ) (1632 -280 -464 ) 
4 209 492 (1972 -1024 -448 ) (1600 -1024 -448 ) (1600 -1024 -576 ) (1972 -1024 -576 ) 
4 209 237 (1600 -752 -576 ) (1600 -1024 -576 ) (1600 -1024 -448 ) (1600 -752 -448 ) 
4 209 222 (1600 -672 -544 ) (1600 -672 -480 ) (1600 -552 -480 ) (1600 -552 -544 ) 
4 210 211 (1592 -48 -544 ) (1592 -48 -480 ) (1592 0 -480 ) (1592 0 -544 ) 
4 211 212 (1512 0 -576 ) (1512 -104 -576 ) (1512 -104 -448 ) (1512 0 -448 ) 
4 212 214 (1456 0 -576 ) (1456 -104 -576 ) (1456 -104 -448 ) (1456 0 -448 ) 
4 212 213 (1456 -104 -464 ) (1456 -104 -576 ) (1512 -104 -576 ) (1512 -104 -464 ) 
4 213 216 (1456 -112 -576 ) (1512 -112 -576 ) (1512 -112 -464 ) (1456 -112 -464 ) 
4 215 216 (1560 -112 -448 ) (1560 -112 -576 ) (1560 -220 -576 ) (1560 -220 -448 ) 
4 216 240 (1368 -112 -576 ) (1368 -272 -576 ) (1368 -272 -448 ) (1368 -112 -448 ) 
4 216 218 (1456 -272 -576 ) (1512 -272 -576 ) (1512 -272 -464 ) (1456 -272 -464 ) 
4 217 235 (1512 -552 -576 ) (1592 -552 -576 ) (1592 -552 -544 ) (1512 -552 -544 ) 
4 217 223 (1592 -552 -544 ) (1592 -552 -480 ) (1512 -552 -480 ) (1512 -552 -544 ) 
4 217 221 (1592 -552 -480 ) (1592 -552 -448 ) (1512 -552 -448 ) (1512 -552 -480 ) 
4 217 219 (1512 -280 -576 ) (1512 -552 -576 ) (1512 -552 -448 ) (1512 -280 -448 ) 
4 218 219 (1456 -280 -464 ) (1456 -280 -576 ) (1512 -280 -576 ) (1512 -280 -464 ) 
4 219 235 (1456 -552 -576 ) (1512 -552 -576 ) (1512 -552 -544 ) (1456 -552 -544 ) 
4 219 223 (1512 -552 -544 ) (1512 -552 -480 ) (1456 -552 -480 ) (1456 -552 -544 ) 
4 219 221 (1512 -552 -480 ) (1512 -552 -448 ) (1456 -552 -448 ) (1456 -552 -480 ) 
4 219 220 (1456 -280 -576 ) (1456 -552 -576 ) (1456 -552 -448 ) (1456 -280 -448 ) 
4 220 235 (1376 -552 -576 ) (1456 -552 -576 ) (1456 -552 -544 ) (1376 -552 -544 ) 
4 220 223 (1456 -552 -544 ) (1456 -552 -480 ) (1376 -552 -480 ) (1376 -552 -544 ) 
4 220 221 (1456 -552 -480 ) (1456 -552 -448 ) (1376 -552 -448 ) (1376 -552 -480 ) 
4 221 236 (1376 -672 -480 ) (1592 -672 -480 ) (1592 -672 -448 ) (1376 -672 -448 ) 
4 221 233 (1592 -672 -480 ) (1376 -672 -480 ) (1376 -670 -480 ) (1592 -670 -480 ) 
4 221 225 (1376 -670 -480 ) (1376 -640 -480 ) (1592 -640 -480 ) (1592 -670 -480 ) 
4 221 223 (1376 -640 -480 ) (1376 -552 -480 ) (1592 -552 -480 ) (1592 -640 -480 ) 
4 223 235 (1376 -552 -544 ) (1592 -552 -544 ) (1592 -640 -544 ) (1376 -640 -544 ) 
4 223 231 (1376 -640 -544 ) (1595 -640 -544 ) (1595 -640 -542 ) (1376 -640 -542 ) 
4 223 227 (1595 -640 -542 ) (1595 -640 -482 ) (1376 -640 -482 ) (1376 -640 -542 ) 
4 223 225 (1595 -640 -482 ) (1595 -640 -480 ) (1376 -640 -480 ) (1376 -640 -482 ) 
4 223 224 (1376 -552 -544 ) (1376 -640 -544 ) (1376 -640 -480 ) (1376 -552 -480 ) 
4 224 244 (1368 -640 -480 ) (1368 -552 -480 ) (1368 -552 -544 ) (1368 -640 -544 ) 
4 224 232 (1368 -640 -544 ) (1376 -640 -544 ) (1376 -640 -542 ) (1368 -640 -542 ) 
4 224 228 (1376 -640 -542 ) (1376 -640 -482 ) (1373 -640 -482 ) (1373 -640 -542 ) 
4 224 229 (1373 -640 -482 ) (1371 -640 -482 ) (1371 -640 -542 ) (1373 -640 -542 ) 
4 224 230 (1371 -640 -482 ) (1368 -640 -482 ) (1368 -640 -542 ) (1371 -640 -542 ) 
4 224 226 (1376 -640 -482 ) (1376 -640 -480 ) (1368 -640 -480 ) (1368 -640 -482 ) 
4 225 233 (1595 -670 -482 ) (1595 -670 -480 ) (1376 -670 -480 ) (1376 -670 -482 ) 
4 225 227 (1595 -670 -482 ) (1376 -670 -482 ) (1376 -640 -482 ) (1595 -640 -482 ) 
4 225 226 (1376 -640 -480 ) (1376 -640 -482 ) (1376 -670 -482 ) (1376 -670 -480 ) 
4 226 244 (1368 -670 -480 ) (1368 -640 -480 ) (1368 -640 -482 ) (1368 -670 -482 ) 
4 226 234 (1376 -670 -480 ) (1368 -670 -480 ) (1368 -670 -482 ) (1376 -670 -482 ) 
4 226 228 (1376 -670 -482 ) (1373 -670 -482 ) (1373 -640 -482 ) (1376 -640 -482 ) 
4 226 229 (1373 -670 -482 ) (1371 -670 -482 ) (1371 -640 -482 ) (1373 -640 -482 ) 
4 226 230 (1371 -670 -482 ) (1368 -670 -482 ) (1368 -640 -482 ) (1371 -640 -482 ) 
4 227 233 (1595 -670 -542 ) (1595 -670 -482 ) (1376 -670 -482 ) (1376 -670 -542 ) 
4 227 231 (1595 -670 -542 ) (1376 -670 -542 ) (1376 -640 -542 ) (1595 -640 -542 ) 
4 227 228 (1376 -640 -542 ) (1376 -670 -542 ) (1376 -670 -482 ) (1376 -640 -482 ) 
4 228 234 (1376 -670 -482 ) (1373 -670 -482 ) (1373 -670 -542 ) (1376 -670 -542 ) 
4 228 232 (1376 -670 -542 ) (1373 -670 -542 ) (1373 -640 -542 ) (1376 -640 -542 ) 
4 228 229 (1373 -640 -542 ) (1373 -670 -542 ) (1373 -670 -482 ) (1373 -640 -482 ) 
4 229 234 (1373 -670 -482 ) (1371 -670 -482 ) (1371 -670 -542 ) (1373 -670 -542 ) 
4 229 232 (1373 -670 -542 ) (1371 -670 -542 ) (1371 -640 -542 ) (1373 -640 -542 ) 
4 229 230 (1371 -640 -542 ) (1371 -670 -542 ) (1371 -670 -482 ) (1371 -640 -482 ) 
4 230 244 (1368 -640 -482 ) (1368 -640 -542 ) (1368 -670 -542 ) (1368 -670 -482 ) 
4 230 234 (1371 -670 -482 ) (1368 -670 -482 ) (1368 -670 -542 ) (1371 -670 -542 ) 
4 230 232 (1371 -670 -542 ) (1368 -670 -542 ) (1368 -640 -542 ) (1371 -640 -542 ) 
4 231 235 (1376 -640 -544 ) (1592 -640 -544 ) (1592 -670 -544 ) (1376 -670 -544 ) 
4 231 233 (1376 -670 -544 ) (1595 -670 -544 ) (1595 -670 -542 ) (1376 -670 -542 ) 
4 231 232 (1376 -670 -544 ) (1376 -670 -542 ) (1376 -640 -542 ) (1376 -640 -544 ) 
4 232 244 (1368 -640 -542 ) (1368 -640 -544 ) (1368 -670 -544 ) (1368 -670 -542 ) 
4 232 234 (1368 -670 -544 ) (1376 -670 -544 ) (1376 -670 -542 ) (1368 -670 -542 ) 
4 233 236 (1376 -672 -544 ) (1592 -672 -544 ) (1592 -672 -480 ) (1376 -672 -480 ) 
4 233 235 (1592 -672 -544 ) (1376 -672 -544 ) (1376 -670 -544 ) (1592 -670 -544 ) 
4 233 234 (1376 -670 -480 ) (1376 -670 -544 ) (1376 -672 -544 ) (1376 -672 -480 ) 
4 234 244 (1368 -672 -544 ) (1368 -672 -480 ) (1368 -670 -480 ) (1368 -670 -544 ) 
4 235 236 (1376 -672 -576 ) (1592 -672 -576 ) (1592 -672 -544 ) (1376 -672 -544 ) 
4 237 492 (1600 -1024 -448 ) (1368 -1024 -448 ) (1368 -1024 -576 ) (1600 -1024 -576 ) 
4 237 244 (1368 -752 -576 ) (1368 -816 -576 ) (1368 -816 -448 ) (1368 -752 -448 ) 
4 237 248 (1368 -816 -576 ) (1368 -1024 -576 ) (1368 -1024 -448 ) (1368 -816 -448 ) 
4 239 257 (1024 0 -448 ) (1024 0 -576 ) (1024 -104 -576 ) (1024 -104 -448 ) 
4 239 241 (1024 -104 -576 ) (1176 -104 -576 ) (1176 -104 -448 ) (1024 -104 -448 ) 
4 240 241 (1176 -112 -576 ) (1176 -416 -576 ) (1176 -416 -448 ) (1176 -112 -448 ) 
4 241 257 (1024 -104 -576 ) (1024 -416 -576 ) (1024 -416 -448 ) (1024 -104 -448 ) 
4 241 242 (1024 -416 -576 ) (1032 -416 -576 ) (1032 -416 -464 ) (1024 -416 -464 ) 
4 242 265 (1024 -416 -576 ) (1024 -424 -576 ) (1024 -424 -464 ) (1024 -416 -464 ) 
4 242 243 (1024 -424 -576 ) (1032 -424 -576 ) (1032 -424 -464 ) (1024 -424 -464 ) 
4 243 266 (1024 -424 -576 ) (1024 -432 -576 ) (1024 -432 -464 ) (1024 -424 -464 ) 
4 243 246 (1024 -432 -576 ) (1032 -432 -576 ) (1032 -432 -464 ) (1024 -432 -464 ) 
4 244 248 (1096 -816 -576 ) (1368 -816 -576 ) (1368 -816 -448 ) (1096 -816 -448 ) 
4 245 246 (1036 -432 -448 ) (1036 -432 -576 ) (1036 -784 -576 ) (1036 -784 -448 ) 
4 246 273 (1024 -432 -576 ) (1024 -784 -576 ) (1024 -784 -448 ) (1024 -432 -448 ) 
4 246 247 (1024 -784 -576 ) (1036 -784 -576 ) (1036 -784 -466 ) (1024 -784 -466 ) 
4 247 275 (1024 -784 -576 ) (1024 -816 -576 ) (1024 -816 -466 ) (1024 -784 -466 ) 
4 247 248 (1024 -816 -576 ) (1036 -816 -576 ) (1036 -816 -466 ) (1024 -816 -466 ) 
4 248 492 (1368 -1024 -448 ) (1024 -1024 -448 ) (1024 -1024 -576 ) (1368 -1024 -576 ) 
4 248 277 (1024 -816 -576 ) (1024 -1024 -576 ) (1024 -1024 -448 ) (1024 -816 -448 ) 
4 249 255 (1344 -384 -712 ) (1344 -384 -832 ) (1344 -576 -832 ) (1344 -576 -712 ) 
4 249 251 (1344 -384 -668 ) (1344 -384 -712 ) (1344 -576 -712 ) (1344 -576 -668 ) 
4 251 255 (1344 -240 -712 ) (1344 -804 -712 ) (1064 -804 -712 ) (1064 -240 -712 ) 
4 251 252 (1064 -240 -712 ) (1064 -804 -712 ) (1064 -804 -584 ) (1064 -240 -584 ) 
4 252 255 (1064 -240 -712 ) (1064 -804 -712 ) (1056 -804 -712 ) (1056 -240 -712 ) 
4 252 253 (1056 -240 -712 ) (1056 -804 -712 ) (1056 -804 -584 ) (1056 -240 -584 ) 
4 253 317 (1024 -8 -712 ) (1024 -312 -712 ) (1024 -312 -704 ) (1024 -8 -704 ) 
4 253 319 (1024 -312 -712 ) (1024 -804 -712 ) (1024 -804 -704 ) (1024 -312 -704 ) 
4 253 308 (1024 -312 -584 ) (1024 -8 -584 ) (1024 -8 -704 ) (1024 -312 -704 ) 
4 253 312 (1024 -804 -704 ) (1024 -804 -584 ) (1024 -312 -584 ) (1024 -312 -704 ) 
4 253 254 (1024 -240 -712 ) (1024 -8 -712 ) (1056 -8 -712 ) (1056 -240 -712 ) 
4 253 255 (1056 -804 -712 ) (1024 -804 -712 ) (1024 -240 -712 ) (1056 -240 -712 ) 
4 254 317 (1024 -8 -832 ) (1024 -240 -832 ) (1024 -240 -712 ) (1024 -8 -712 ) 
4 254 255 (1024 -240 -832 ) (1056 -240 -832 ) (1056 -240 -712 ) (1024 -240 -712 ) 
4 255 317 (1024 -240 -832 ) (1024 -312 -832 ) (1024 -312 -712 ) (1024 -240 -712 ) 
4 255 319 (1024 -312 -832 ) (1024 -804 -832 ) (1024 -804 -712 ) (1024 -312 -712 ) 
4 256 264 (1024 -416 704 ) (1024 -416 1792 ) (848 -416 1792 ) (848 -416 704 ) 
4 256 263 (848 0 1792 ) (848 0 704 ) (848 -416 704 ) (848 -416 1792 ) 
4 257 265 (976 -416 -576 ) (1024 -416 -576 ) (1024 -416 -464 ) (976 -416 -464 ) 
4 257 260 (888 -394 -559.067017 ) (888 -394 -392 ) (888 -378 -392 ) (888 -378 -559.067017 ) 
4 257 259 (888 -378 -576 ) (888 -394 -576 ) (888 -394 -560 ) (888 -378 -560 ) 
4 257 258 (888 0 -576 ) (888 -378 -576 ) (888 -378 -392 ) (888 0 -392 ) 
4 257 261 (888 -394 -576 ) (888 -416 -576 ) (888 -416 -392 ) (888 -394 -392 ) 
4 258 260 (876 -378 -392 ) (876 -378 -556 ) (888 -378 -559.067017 ) (888 -378 -392 ) 
4 258 259 (876 -378 -557 ) (876 -378 -576 ) (888 -378 -576 ) (888 -378 -560 ) 
4 258 262 (876 0 -576 ) (876 -378 -576 ) (876 -378 -392 ) (876 0 -392 ) 
4 259 262 (876 -378 -576 ) (876 -394 -576 ) (876 -394 -557 ) (876 -378 -557 ) 
4 259 261 (876 -394 -557 ) (876 -394 -576 ) (888 -394 -576 ) (888 -394 -560 ) 
4 260 261 (876 -394 -392 ) (876 -394 -556 ) (888 -394 -559.067017 ) (888 -394 -392 ) 
4 260 262 (876 -394 -556 ) (876 -394 -392 ) (876 -378 -392 ) (876 -378 -556 ) 
4 261 262 (876 -394 -576 ) (876 -416 -576 ) (876 -416 -392 ) (876 -394 -392 ) 
4 263 282 (768 0 1792 ) (768 0 704 ) (768 -416 704 ) (768 -416 1792 ) 
4 263 264 (768 -416 1792 ) (768 -416 704 ) (848 -416 704 ) (848 -416 1792 ) 
4 264 282 (768 -432 704 ) (768 -432 1792 ) (768 -416 1792 ) (768 -416 704 ) 
4 264 267 (768 -432 1792 ) (768 -432 704 ) (1024 -432 704 ) (1024 -432 1792 ) 
4 265 266 (1024 -424 -464 ) (976 -424 -464 ) (976 -424 -576 ) (1024 -424 -576 ) 
4 266 273 (976 -432 -576 ) (1024 -432 -576 ) (1024 -432 -464 ) (976 -432 -464 ) 
4 267 282 (768 -896 1792 ) (768 -432 1792 ) (768 -432 704 ) (768 -896 704 ) 
4 268 496 (1024 -1024 -332 ) (1024 -1024 -216 ) (768 -1024 -216 ) (768 -1024 -332 ) 
4 268 493 (1024 -1024 -216 ) (1024 -1024 192 ) (768 -1024 192 ) (768 -1024 -216 ) 
4 268 271 (872 -1024 -332 ) (768 -1024 -332 ) (768 -824 -332 ) (872 -824 -332 ) 
4 268 270 (1024 -1024 -332 ) (872 -1024 -332 ) (872 -816 -332 ) (1024 -816 -332 ) 
4 268 269 (888 -432 -332 ) (1024 -432 -332 ) (1024 -816 -332 ) (888 -816 -332 ) 
4 269 276 (932 -816 -348 ) (924.977783 -816 -348 ) (924.977783 -784 -348 ) (932 -784 -348 ) 
4 269 274 (1024 -784 -348 ) (1024 -816 -348 ) (932 -816 -348 ) (932 -784 -348 ) 
4 269 272 (924.977783 -432 -348 ) (1024 -432 -348 ) (1024 -784 -348 ) (924.977783 -784 -348 ) 
4 269 270 (924.977783 -816 -348 ) (1024 -816 -348 ) (1024 -816 -332 ) (888 -816 -332 ) 
4 270 496 (1024 -1024 -348 ) (1024 -1024 -332 ) (872 -1024 -332 ) (872 -1024 -348 ) 
4 270 277 (872 -816 -348 ) (1024 -816 -348 ) (1024 -1024 -348 ) (872 -1024 -348 ) 
4 270 271 (872 -824 -348 ) (872 -1024 -348 ) (872 -1024 -332 ) (872 -824 -332 ) 
4 271 496 (872 -1024 -332 ) (768 -1024 -332 ) (768 -1024 -348 ) (872 -1024 -348 ) 
4 271 281 (768 -1024 -348 ) (768 -824 -348 ) (856 -824 -348 ) (856 -1024 -348 ) 
4 271 279 (856 -824 -348 ) (872 -824 -348 ) (872 -1024 -348 ) (856 -1024 -348 ) 
3 272 276 (932 -784 -348 ) (924.977722 -784 -348 ) (932 -784 -351.038483 ) 
4 272 274 (1024 -784 -390.846161 ) (1024 -784 -348 ) (932 -784 -348 ) (932 -784 -351.038483 ) 
4 273 278 (872 -624 -348 ) (872 -432 -348 ) (872 -432 -576 ) (872 -624 -576 ) 
4 273 275 (932 -784 -576 ) (1024 -784 -576 ) (1024 -784 -466 ) (932 -784 -466 ) 
4 274 276 (932 -784 -348 ) (932 -784 -351.038483 ) (932 -816 -351.038483 ) (932 -816 -348 ) 
4 274 277 (1024 -816 -390.846161 ) (1024 -816 -348 ) (932 -816 -348 ) (932 -816 -351.038483 ) 
4 275 277 (932 -816 -576 ) (1024 -816 -576 ) (1024 -816 -466 ) (932 -816 -466 ) 
3 276 277 (932 -816 -351.038483 ) (932 -816 -348 ) (924.977722 -816 -348 ) 
4 277 497 (1024 -1024 -576 ) (1024 -1024 -384 ) (872 -1024 -384 ) (872 -1024 -576 ) 
4 277 496 (1024 -1024 -384 ) (1024 -1024 -348 ) (872 -1024 -348 ) (872 -1024 -384 ) 
4 277 279 (872 -1024 -348 ) (872 -824 -348 ) (872 -824 -576 ) (872 -1024 -576 ) 
4 278 280 (856 -624 -348 ) (856 -432 -348 ) (856 -432 -576 ) (856 -624 -576 ) 
4 279 497 (856 -1024 -384 ) (856 -1024 -576 ) (872 -1024 -576 ) (872 -1024 -384 ) 
4 279 496 (872 -1024 -348 ) (856 -1024 -348 ) (856 -1024 -384 ) (872 -1024 -384 ) 
4 279 281 (856 -1024 -348 ) (856 -824 -348 ) (856 -824 -576 ) (856 -1024 -576 ) 
4 280 283 (768 -432 -576 ) (768 -816 -576 ) (768 -816 -384 ) (768 -432 -384 ) 
4 281 497 (768 -1024 -384 ) (768 -1024 -576 ) (856 -1024 -576 ) (856 -1024 -384 ) 
4 281 496 (856 -1024 -348 ) (768 -1024 -348 ) (768 -1024 -384 ) (856 -1024 -384 ) 
4 282 284 (752 -896 1792 ) (752 0 1792 ) (752 0 704 ) (752 -896 704 ) 
4 283 285 (752 -432 -576 ) (752 -816 -576 ) (752 -816 -384 ) (752 -432 -384 ) 
4 284 289 (368 -796 704 ) (368 -896 704 ) (368 -896 1792 ) (368 -796 1792 ) 
4 284 287 (368 -692 704 ) (368 -796 704 ) (368 -796 1792 ) (368 -692 1792 ) 
4 284 286 (368 0 1792 ) (368 0 704 ) (368 -692 704 ) (368 -692 1792 ) 
4 285 288 (368 -692 -576 ) (368 -796 -576 ) (368 -796 -464 ) (368 -692 -464 ) 
4 286 290 (352 -692 704 ) (352 -692 1792 ) (352 0 1792 ) (352 0 704 ) 
4 286 287 (352 -692 1792 ) (352 -692 704 ) (368 -692 704 ) (368 -692 1792 ) 
4 287 290 (352 -796 704 ) (352 -796 1792 ) (352 -692 1792 ) (352 -692 704 ) 
4 287 289 (352 -796 1792 ) (352 -796 704 ) (368 -796 704 ) (368 -796 1792 ) 
4 288 295 (352 -692 -576 ) (352 -796 -576 ) (352 -796 -464 ) (352 -692 -464 ) 
4 289 290 (352 -896 704 ) (352 -896 1792 ) (352 -796 1792 ) (352 -796 704 ) 
4 290 300 (116 -896 1792 ) (116 -796 1792 ) (116 -796 704 ) (116 -896 704 ) 
4 290 298 (116 -796 1792 ) (116 -692 1792 ) (116 -692 704 ) (116 -796 704 ) 
4 290 297 (116 -692 1792 ) (116 0 1792 ) (116 0 704 ) (116 -692 704 ) 
4 291 294 (116 -640 -575.390015 ) (116 -640 -576 ) (192 -640 -576 ) (192 -640 -575.390015 ) 
4 291 293 (192 -640 -464 ) (192 -640 -576 ) (296 -640 -576 ) (296 -640 -464 ) 
4 291 292 (352 -640 -576 ) (352 -640 -575.390015 ) (296 -640 -575.390015 ) (296 -640 -576 ) 
4 292 295 (352 -648 -576 ) (352 -648 -575.390015 ) (296 -648 -575.390015 ) (296 -648 -576 ) 
4 292 293 (296 -640 -575.390015 ) (296 -640 -576 ) (296 -648 -576 ) (296 -648 -575.390015 ) 
4 293 295 (244 -648 -576 ) (296 -648 -576 ) (296 -648 -464 ) (244 -648 -464 ) 
4 293 296 (192 -648 -464 ) (192 -648 -576 ) (244 -648 -576 ) (244 -648 -464 ) 
4 293 294 (192 -640 -575.390015 ) (192 -640 -576 ) (192 -648 -576 ) (192 -648 -575.390015 ) 
4 294 296 (116 -648 -575.390015 ) (116 -648 -576 ) (192 -648 -576 ) (192 -648 -575.390015 ) 
4 295 296 (244 -648 -448 ) (244 -648 -576 ) (244 -816 -576 ) (244 -816 -448 ) 
4 296 498 (116 -1024 -448 ) (116 -1024 -576 ) (244 -1024 -576 ) (244 -1024 -448 ) 
4 296 303 (244 -1024 -576 ) (116 -1024 -576 ) (116 -816 -576 ) (244 -816 -576 ) 
4 296 299 (116 -692 -576 ) (116 -796 -576 ) (116 -796 -464 ) (116 -692 -464 ) 
4 297 301 (100 0 1792 ) (100 0 704 ) (100 -692 704 ) (100 -692 1792 ) 
4 297 298 (100 -692 1792 ) (100 -692 704 ) (116 -692 704 ) (116 -692 1792 ) 
4 298 301 (100 -796 704 ) (100 -796 1792 ) (100 -692 1792 ) (100 -692 704 ) 
4 298 300 (100 -796 1792 ) (100 -796 704 ) (116 -796 704 ) (116 -796 1792 ) 
4 299 302 (100 -692 -576 ) (100 -796 -576 ) (100 -796 -464 ) (100 -692 -464 ) 
4 300 301 (100 -896 704 ) (100 -896 1792 ) (100 -796 1792 ) (100 -796 704 ) 
4 301 394 (0 0 1792 ) (0 0 704 ) (0 -896 704 ) (0 -896 1792 ) 
4 302 499 (0 -1024 -384 ) (0 -1024 -576 ) (100 -1024 -576 ) (100 -1024 -384 ) 
4 302 419 (0 -1024 -576 ) (0 -1024 -448 ) (0 0 -448 ) (0 0 -576 ) 
4 302 395 (0 -1024 -448 ) (0 -1024 -384 ) (0 0 -384 ) (0 0 -448 ) 
4 303 500 (244 -1024 -576 ) (116 -1024 -576 ) (116 -1024 -584 ) (244 -1024 -584 ) 
4 303 313 (244 -1024 -584 ) (116 -1024 -584 ) (116 -816 -584 ) (244 -816 -584 ) 
4 304 308 (984 -8 -584 ) (848 -8 -584 ) (848 -8 -618 ) (984 -8 -618 ) 
4 304 305 (984 -8 -618 ) (848 -8 -618 ) (848 0 -618 ) (984 0 -618 ) 
4 305 308 (984 -8 -618 ) (848 -8 -618 ) (848 -8 -682 ) (984 -8 -682 ) 
4 305 307 (984 -8 -682 ) (848 -8 -682 ) (848 0 -682 ) (984 0 -682 ) 
4 306 308 (676 -8 -618 ) (612 -8 -618 ) (612 -8 -682 ) (676 -8 -682 ) 
4 307 315 (848 0 -704 ) (984 0 -704 ) (984 -8 -704 ) (848 -8 -704 ) 
4 307 308 (848 -8 -704 ) (984 -8 -704 ) (984 -8 -682 ) (848 -8 -682 ) 
4 308 317 (368 -8 -704 ) (1024 -8 -704 ) (1024 -312 -704 ) (368 -312 -704 ) 
4 308 312 (368 -312 -704 ) (1024 -312 -704 ) (1024 -312 -584 ) (368 -312 -584 ) 
4 309 449 (0 -172 -584 ) (0 -8 -584 ) (0 -8 -704 ) (0 -172 -704 ) 
4 310 450 (0 -304 -584 ) (0 -180 -584 ) (0 -180 -704 ) (0 -304 -704 ) 
4 310 311 (16 -304 -704 ) (72 -304 -704 ) (72 -304 -592 ) (16 -304 -592 ) 
4 311 312 (16 -312 -704 ) (72 -312 -704 ) (72 -312 -592 ) (16 -312 -592 ) 
4 312 454 (0 -804 -584 ) (0 -312 -584 ) (0 -312 -704 ) (0 -804 -704 ) 
4 312 319 (0 -804 -704 ) (0 -312 -704 ) (1024 -312 -704 ) (1024 -804 -704 ) 
4 312 313 (116 -804 -704 ) (244 -804 -704 ) (244 -804 -584 ) (116 -804 -584 ) 
4 313 501 (244 -1024 -584 ) (116 -1024 -584 ) (116 -1024 -704 ) (244 -1024 -704 ) 
4 313 320 (244 -1024 -704 ) (116 -1024 -704 ) (116 -804 -704 ) (244 -804 -704 ) 
4 314 502 (100 -1024 -584 ) (0 -1024 -584 ) (0 -1024 -704 ) (100 -1024 -704 ) 
4 314 455 (0 -1024 -704 ) (0 -1024 -584 ) (0 -812 -584 ) (0 -812 -704 ) 
4 314 321 (100 -1024 -704 ) (0 -1024 -704 ) (0 -812 -704 ) (100 -812 -704 ) 
4 315 317 (984 -8 -704 ) (848 -8 -704 ) (848 -8 -712 ) (984 -8 -712 ) 
4 315 316 (984 -8 -712 ) (848 -8 -712 ) (848 0 -712 ) (984 0 -712 ) 
4 316 317 (848 -8 -832 ) (984 -8 -832 ) (984 -8 -712 ) (848 -8 -712 ) 
4 317 319 (368 -312 -832 ) (1024 -312 -832 ) (1024 -312 -704 ) (368 -312 -704 ) 
4 318 457 (0 -8 -712 ) (0 -8 -832 ) (0 -312 -832 ) (0 -312 -712 ) 
4 318 319 (0 -312 -832 ) (100 -312 -832 ) (100 -312 -712 ) (0 -312 -712 ) 
4 319 457 (0 -312 -712 ) (0 -312 -832 ) (0 -804 -832 ) (0 -804 -712 ) 
4 319 456 (0 -804 -704 ) (0 -312 -704 ) (0 -312 -712 ) (0 -804 -712 ) 
4 319 320 (116 -804 -832 ) (244 -804 -832 ) (244 -804 -704 ) (116 -804 -704 ) 
4 321 505 (100 -1024 -704 ) (0 -1024 -704 ) (0 -1024 -832 ) (100 -1024 -832 ) 
4 321 460 (0 -1024 -832 ) (0 -1024 -704 ) (0 -812 -704 ) (0 -812 -832 ) 
4 322 346 (0 1024 704 ) (0 1024 1792 ) (-1024 1024 1792 ) (-1024 1024 704 ) 
4 322 345 (-1024 2048 1792 ) (-1024 2048 704 ) (-1024 1024 704 ) (-1024 1024 1792 ) 
4 322 326 (-196 1024 704 ) (-300 1024 704 ) (-300 1592 704 ) (-196 1592 704 ) 
4 322 325 (-108 1024 704 ) (-196 1024 704 ) (-196 1840 704 ) (-108 1840 704 ) 
4 322 323 (0 1024 704 ) (-108 1024 704 ) (-108 1846 704 ) (0 1846 704 ) 
4 323 347 (0 1024 440 ) (0 1024 704 ) (-108 1024 704 ) (-108 1024 440 ) 
4 323 325 (-108 1840 440 ) (-108 1024 440 ) (-108 1024 704 ) (-108 1840 704 ) 
4 323 324 (-108 1024 440 ) (-108 1840 440 ) (0 1840 440 ) (0 1024 440 ) 
4 324 347 (0 1024 240 ) (0 1024 440 ) (-108 1024 440 ) (-108 1024 240 ) 
4 324 327 (0 1024 240 ) (-108 1024 240 ) (-108 1840 240 ) (0 1840 240 ) 
4 324 325 (-108 1840 240 ) (-108 1024 240 ) (-108 1024 440 ) (-108 1840 440 ) 
4 325 347 (-108 1024 704 ) (-196 1024 704 ) (-196 1024 240 ) (-108 1024 240 ) 
4 325 327 (-108 1024 240 ) (-196 1024 240 ) (-196 1840 240 ) (-108 1840 240 ) 
4 325 326 (-196 1592 240 ) (-196 1024 240 ) (-196 1024 704 ) (-196 1592 704 ) 
4 326 347 (-196 1024 704 ) (-300 1024 704 ) (-300 1024 240 ) (-196 1024 240 ) 
4 326 328 (-196 1024 240 ) (-300 1024 240 ) (-300 1592 240 ) (-196 1592 240 ) 
4 327 347 (0 1024 -200 ) (0 1024 240 ) (-196 1024 240 ) (-196 1024 -200 ) 
4 327 332 (0 1168 -200 ) (0 1024 -200 ) (-196 1024 -200 ) (-196 1168 -200 ) 
4 327 330 (0 1840 -200 ) (0 1168 -200 ) (-196 1168 -200 ) (-196 1840 -200 ) 
4 327 328 (-196 1024 240 ) (-196 1592 240 ) (-196 1592 -200 ) (-196 1024 -200 ) 
4 328 347 (-196 1024 240 ) (-300 1024 240 ) (-300 1024 -200 ) (-196 1024 -200 ) 
4 328 332 (-196 1168 -200 ) (-196 1024 -200 ) (-300 1024 -200 ) (-300 1168 -200 ) 
4 328 331 (-300 1592 -200 ) (-196 1592 -200 ) (-196 1168 -200 ) (-300 1168 -200 ) 
4 328 329 (-300 1592 -96 ) (-300 1592 -200 ) (-300 1024 -200 ) (-300 1024 -96 ) 
3 329 348 (-376 1024 -200 ) (-300 1024 -200 ) (-300 1024 -96 ) 
4 329 332 (-300 1168 -200 ) (-300 1024 -200 ) (-376 1024 -200 ) (-376 1168 -200 ) 
4 329 331 (-376 1592 -200 ) (-300 1592 -200 ) (-300 1168 -200 ) (-376 1168 -200 ) 
4 330 334 (-172 1168 -576 ) (-196 1168 -576 ) (-196 1840 -576 ) (-172 1840 -576 ) 
4 330 333 (0 1840 -576 ) (0 1168 -576 ) (-172 1168 -576 ) (-172 1840 -576 ) 
4 330 332 (-196 1168 -576 ) (0 1168 -576 ) (0 1168 -200 ) (-196 1168 -200 ) 
4 330 331 (-196 1592 -576 ) (-196 1168 -576 ) (-196 1168 -200 ) (-196 1592 -200 ) 
4 331 335 (-196 1592 -576 ) (-196 1168 -576 ) (-376 1168 -576 ) (-376 1592 -576 ) 
4 331 332 (-376 1168 -576 ) (-196 1168 -576 ) (-196 1168 -200 ) (-376 1168 -200 ) 
4 332 356 (0 1024 -576 ) (0 1024 -448 ) (-704 1024 -448 ) (-704 1024 -576 ) 
4 332 350 (0 1024 -448 ) (0 1024 -200 ) (-704 1024 -200 ) (-704 1024 -448 ) 
4 332 336 (0 1024 -576 ) (-276 1024 -576 ) (-276 1168 -576 ) (0 1168 -576 ) 
4 333 339 (0 1840 -672 ) (0 1168 -672 ) (-172 1168 -672 ) (-172 1840 -672 ) 
4 333 336 (-172 1168 -672 ) (0 1168 -672 ) (0 1168 -576 ) (-172 1168 -576 ) 
4 333 334 (-172 1840 -672 ) (-172 1168 -672 ) (-172 1168 -576 ) (-172 1840 -576 ) 
4 334 340 (-196 1840 -672 ) (-172 1840 -672 ) (-172 1168 -672 ) (-196 1168 -672 ) 
4 334 336 (-196 1168 -672 ) (-172 1168 -672 ) (-172 1168 -576 ) (-196 1168 -576 ) 
4 334 335 (-196 1592 -672 ) (-196 1168 -672 ) (-196 1168 -576 ) (-196 1592 -576 ) 
4 335 341 (-376 1592 -672 ) (-196 1592 -672 ) (-196 1168 -672 ) (-376 1168 -672 ) 
4 335 336 (-276 1168 -672 ) (-196 1168 -672 ) (-196 1168 -576 ) (-276 1168 -576 ) 
4 336 374 (0 1024 -672 ) (0 1024 -576 ) (-276 1024 -576 ) (-276 1024 -672 ) 
4 336 342 (0 1024 -672 ) (-276 1024 -672 ) (-276 1168 -672 ) (0 1168 -672 ) 
4 337 338 (0 1840 -768 ) (-172 1840 -768 ) (-172 1904 -768 ) (0 1904 -768 ) 
4 337 339 (-172 1840 -704 ) (-172 1840 -768 ) (0 1840 -768 ) (0 1840 -704 ) 
4 338 339 (-172 1840 -768 ) (-172 1840 -1024 ) (0 1840 -1024 ) (0 1840 -768 ) 
4 339 343 (-172 1168 -1024 ) (0 1168 -1024 ) (0 1168 -992 ) (-172 1168 -992 ) 
4 339 342 (0 1168 -992 ) (0 1168 -672 ) (-172 1168 -672 ) (-172 1168 -992 ) 
4 339 340 (-172 1840 -1024 ) (-172 1168 -1024 ) (-172 1168 -672 ) (-172 1840 -672 ) 
4 340 343 (-196 1168 -1024 ) (-172 1168 -1024 ) (-172 1168 -992 ) (-196 1168 -992 ) 
4 340 342 (-172 1168 -992 ) (-172 1168 -672 ) (-196 1168 -672 ) (-196 1168 -992 ) 
4 340 341 (-196 1592 -1024 ) (-196 1168 -1024 ) (-196 1168 -672 ) (-196 1592 -672 ) 
4 341 343 (-376 1168 -1024 ) (-196 1168 -1024 ) (-196 1168 -992 ) (-376 1168 -992 ) 
4 341 342 (-196 1168 -992 ) (-196 1168 -672 ) (-276 1168 -672 ) (-276 1168 -992 ) 
4 342 382 (0 1024 -992 ) (0 1024 -672 ) (-276 1024 -672 ) (-276 1024 -992 ) 
4 342 343 (-276 1168 -992 ) (0 1168 -992 ) (0 1024 -992 ) (-276 1024 -992 ) 
4 343 391 (-360 1024 -992 ) (-376 1024 -992 ) (-376 1024 -1024 ) (-360 1024 -1024 ) 
4 343 383 (-276 1024 -992 ) (-360 1024 -992 ) (-360 1024 -1024 ) (-276 1024 -1024 ) 
4 343 382 (0 1024 -1024 ) (0 1024 -992 ) (-276 1024 -992 ) (-276 1024 -1024 ) 
4 343 344 (-376 1024 -992 ) (-376 1168 -992 ) (-376 1168 -1024 ) (-376 1024 -1024 ) 
4 344 392 (-376 1024 -992 ) (-412 1024 -992 ) (-412 1024 -1024 ) (-376 1024 -1024 ) 
4 345 479 (-1108 1024 1792 ) (-1280 1024 1792 ) (-1280 1024 704 ) (-1108 1024 704 ) 
4 345 476 (-1024 1024 704 ) (-1024 1024 1792 ) (-1108 1024 1792 ) (-1108 1024 704 ) 
4 346 476 (-1024 1024 1792 ) (-1024 1024 704 ) (-1024 0 704 ) (-1024 0 1792 ) 
4 346 397 (-300 0 1792 ) (-1024 0 1792 ) (-1024 0 704 ) (-300 0 704 ) 
4 346 396 (-284 0 1792 ) (-300 0 1792 ) (-300 0 704 ) (-284 0 704 ) 
4 346 394 (0 0 704 ) (0 0 1792 ) (-284 0 1792 ) (-284 0 704 ) 
4 346 349 (-300 304 704 ) (0 304 704 ) (0 0 704 ) (-300 0 704 ) 
4 346 347 (-300 1024 704 ) (0 1024 704 ) (0 304 704 ) (-300 304 704 ) 
4 347 350 (-300 1024 -200 ) (0 1024 -200 ) (0 304 -200 ) (-300 304 -200 ) 
4 347 349 (-300 304 -200 ) (0 304 -200 ) (0 304 704 ) (-300 304 704 ) 
4 347 348 (-300 1024 -200 ) (-300 304 -200 ) (-300 304 -96 ) (-300 1024 -96 ) 
4 348 350 (-376 1024 -200 ) (-300 1024 -200 ) (-300 304 -200 ) (-376 304 -200 ) 
4 349 354 (0 0 -200 ) (-300 0 -200 ) (-300 200 -200 ) (0 200 -200 ) 
4 349 352 (-300 200 -200 ) (-300 296 -200 ) (0 296 -200 ) (0 200 -200 ) 
4 349 351 (-300 296 -200 ) (-300 304 -200 ) (0 304 -200 ) (0 296 -200 ) 
4 350 356 (-704 1024 -448 ) (0 1024 -448 ) (0 304 -448 ) (-704 304 -448 ) 
4 350 351 (-300 304 -448 ) (0 304 -448 ) (0 304 -200 ) (-300 304 -200 ) 
4 351 357 (0 304 -448 ) (0 296 -448 ) (-300 296 -448 ) (-300 304 -448 ) 
4 351 352 (-300 296 -448 ) (0 296 -448 ) (0 296 -200 ) (-300 296 -200 ) 
4 352 357 (0 296 -448 ) (0 200 -448 ) (-300 200 -448 ) (-300 296 -448 ) 
4 352 354 (-300 200 -448 ) (0 200 -448 ) (0 200 -200 ) (-300 200 -200 ) 
4 353 371 (-704 200 -448 ) (-724 200 -448 ) (-724 216 -448 ) (-704 216 -448 ) 
4 353 368 (-724 216 -448 ) (-724 296 -448 ) (-704 296 -448 ) (-704 216 -448 ) 
4 353 361 (-558 200 -448 ) (-704 200 -448 ) (-704 296 -448 ) (-558 296 -448 ) 
4 353 360 (-438 200 -448 ) (-558 200 -448 ) (-558 296 -448 ) (-438 296 -448 ) 
4 353 358 (-308 200 -448 ) (-438 200 -448 ) (-438 296 -448 ) (-308 296 -448 ) 
4 353 355 (-724 200 -448 ) (-308 200 -448 ) (-308 200 -384 ) (-724 200 -384 ) 
4 354 395 (0 0 -448 ) (0 0 -384 ) (-284 0 -384 ) (-284 0 -448 ) 
4 354 357 (0 200 -448 ) (0 0 -448 ) (-300 0 -448 ) (-300 200 -448 ) 
4 355 398 (-768 0 -384 ) (-768 0 -448 ) (-308 0 -448 ) (-308 0 -384 ) 
4 355 372 (-704 0 -448 ) (-768 0 -448 ) (-768 64 -448 ) (-704 64 -448 ) 
4 355 371 (-768 64 -448 ) (-768 200 -448 ) (-704 200 -448 ) (-704 64 -448 ) 
4 355 361 (-558 0 -448 ) (-704 0 -448 ) (-704 200 -448 ) (-558 200 -448 ) 
4 355 360 (-438 0 -448 ) (-558 0 -448 ) (-558 200 -448 ) (-438 200 -448 ) 
4 355 358 (-308 0 -448 ) (-438 0 -448 ) (-438 200 -448 ) (-308 200 -448 ) 
4 356 378 (-356 456 -576 ) (-356 440 -576 ) (-360 440 -576 ) (-360 456 -576 ) 
4 356 379 (-356 320 -576 ) (-356 304 -576 ) (-360 304 -576 ) (-360 320 -576 ) 
4 356 377 (-356 592 -576 ) (-356 576 -576 ) (-360 576 -576 ) (-360 592 -576 ) 
4 356 376 (-356 864 -576 ) (-356 712 -576 ) (-360 712 -576 ) (-360 864 -576 ) 
4 356 375 (-276 864 -576 ) (-276 304 -576 ) (-356 304 -576 ) (-356 864 -576 ) 
4 356 374 (-276 1024 -576 ) (0 1024 -576 ) (0 304 -576 ) (-276 304 -576 ) 
4 356 365 (-704 768 -576 ) (-704 644 -576 ) (-704 644 -464 ) (-704 768 -464 ) 
4 356 362 (-664 304 -576 ) (-608 304 -576 ) (-608 304 -464 ) (-664 304 -464 ) 
4 356 359 (-438 304 -544 ) (-438 304 -480 ) (-558 304 -480 ) (-558 304 -544 ) 
4 356 357 (-300 304 -576 ) (0 304 -576 ) (0 304 -448 ) (-300 304 -448 ) 
4 357 419 (0 0 -576 ) (0 0 -448 ) (-284 0 -448 ) (-284 0 -576 ) 
4 358 423 (-308 0 -448 ) (-438 0 -448 ) (-438 0 -576 ) (-308 0 -576 ) 
4 358 360 (-438 296 -576 ) (-438 0 -576 ) (-438 0 -448 ) (-438 296 -448 ) 
4 359 360 (-558 296 -480 ) (-558 296 -544 ) (-438 296 -544 ) (-438 296 -480 ) 
4 360 423 (-438 0 -448 ) (-558 0 -448 ) (-558 0 -576 ) (-438 0 -576 ) 
4 360 363 (-558 296 -576 ) (-558 0 -576 ) (-558 0 -464 ) (-558 296 -464 ) 
4 360 361 (-558 0 -464 ) (-558 0 -448 ) (-558 296 -448 ) (-558 296 -464 ) 
4 361 423 (-558 0 -448 ) (-704 0 -448 ) (-704 0 -464 ) (-558 0 -464 ) 
4 361 372 (-704 0 -464 ) (-704 0 -448 ) (-704 64 -448 ) (-704 64 -464 ) 
4 361 371 (-704 64 -448 ) (-704 216 -448 ) (-704 216 -464 ) (-704 64 -464 ) 
4 361 368 (-704 216 -448 ) (-704 296 -448 ) (-704 296 -464 ) (-704 216 -464 ) 
4 361 363 (-704 0 -464 ) (-704 296 -464 ) (-558 296 -464 ) (-558 0 -464 ) 
4 362 363 (-608 296 -464 ) (-664 296 -464 ) (-664 296 -576 ) (-608 296 -576 ) 
4 363 423 (-704 0 -464 ) (-704 0 -576 ) (-558 0 -576 ) (-558 0 -464 ) 
4 363 372 (-704 64 -576 ) (-704 0 -576 ) (-704 0 -464 ) (-704 64 -464 ) 
4 363 371 (-704 216 -576 ) (-704 64 -576 ) (-704 64 -464 ) (-704 216 -464 ) 
4 363 368 (-704 296 -576 ) (-704 216 -576 ) (-704 216 -464 ) (-704 296 -464 ) 
4 364 369 (-964 632 -464 ) (-768 632 -464 ) (-768 632 -448 ) (-964 632 -448 ) 
4 364 367 (-720 632 -464 ) (-964 632 -464 ) (-964 772 -464 ) (-720 772 -464 ) 
4 365 366 (-712 768 -464 ) (-712 768 -576 ) (-712 644 -576 ) (-712 644 -464 ) 
4 366 367 (-720 644 -464 ) (-720 768 -464 ) (-720 768 -576 ) (-720 644 -576 ) 
4 367 369 (-964 632 -576 ) (-768 632 -576 ) (-768 632 -464 ) (-964 632 -464 ) 
4 368 371 (-768 216 -576 ) (-704 216 -576 ) (-704 216 -448 ) (-768 216 -448 ) 
4 368 369 (-768 296 -576 ) (-768 216 -576 ) (-768 216 -448 ) (-768 296 -448 ) 
4 369 371 (-964 216 -576 ) (-768 216 -576 ) (-768 216 -448 ) (-964 216 -448 ) 
4 369 370 (-964 272 -576 ) (-964 216 -576 ) (-964 216 -464 ) (-964 272 -464 ) 
4 370 373 (-972 272 -576 ) (-972 216 -576 ) (-972 216 -464 ) (-972 272 -464 ) 
4 371 372 (-768 64 -576 ) (-704 64 -576 ) (-704 64 -448 ) (-768 64 -448 ) 
4 372 423 (-704 0 -448 ) (-768 0 -448 ) (-768 0 -576 ) (-704 0 -576 ) 
4 373 477 (-1024 304 -576 ) (-1024 0 -576 ) (-1024 0 -448 ) (-1024 304 -448 ) 
4 373 424 (-972 0 -448 ) (-1024 0 -448 ) (-1024 0 -576 ) (-972 0 -576 ) 
4 373 381 (-972 0 -576 ) (-1024 0 -576 ) (-1024 188 -576 ) (-972 188 -576 ) 
4 374 386 (0 592 -672 ) (0 304 -672 ) (-276 304 -672 ) (-276 592 -672 ) 
4 374 385 (0 712 -672 ) (0 592 -672 ) (-276 592 -672 ) (-276 712 -672 ) 
4 374 382 (-276 1024 -672 ) (0 1024 -672 ) (0 712 -672 ) (-276 712 -672 ) 
4 374 380 (-276 304 -672 ) (0 304 -672 ) (0 304 -640 ) (-276 304 -640 ) 
4 374 375 (-276 864 -672 ) (-276 304 -672 ) (-276 304 -576 ) (-276 864 -576 ) 
4 375 386 (-276 592 -672 ) (-276 304 -672 ) (-356 304 -672 ) (-356 592 -672 ) 
4 375 385 (-276 712 -672 ) (-276 592 -672 ) (-356 592 -672 ) (-356 712 -672 ) 
4 375 384 (-276 864 -672 ) (-276 712 -672 ) (-356 712 -672 ) (-356 864 -672 ) 
4 375 380 (-300 304 -672 ) (-276 304 -672 ) (-276 304 -640 ) (-300 304 -640 ) 
4 375 378 (-356 456 -672 ) (-356 440 -672 ) (-356 440 -576 ) (-356 456 -576 ) 
4 375 379 (-356 320 -672 ) (-356 304 -672 ) (-356 304 -576 ) (-356 320 -576 ) 
4 375 377 (-356 592 -672 ) (-356 576 -672 ) (-356 576 -576 ) (-356 592 -576 ) 
4 375 376 (-356 864 -672 ) (-356 712 -672 ) (-356 712 -576 ) (-356 864 -576 ) 
4 376 384 (-356 864 -672 ) (-356 712 -672 ) (-360 712 -672 ) (-360 864 -672 ) 
4 377 387 (-356 592 -672 ) (-356 576 -672 ) (-360 576 -672 ) (-360 592 -672 ) 
4 378 388 (-356 456 -672 ) (-356 440 -672 ) (-360 440 -672 ) (-360 456 -672 ) 
4 379 389 (-356 320 -672 ) (-356 304 -672 ) (-360 304 -672 ) (-360 320 -672 ) 
4 380 390 (-300 304 -672 ) (0 304 -672 ) (0 272 -672 ) (-300 272 -672 ) 
4 381 478 (-1024 44 -672 ) (-1024 0 -672 ) (-1024 0 -576 ) (-1024 188 -576 ) 
4 381 463 (-1024 0 -584 ) (-1024 0 -672 ) (-972 0 -672 ) (-972 0 -584 ) 
4 381 445 (-972 0 -576 ) (-1024 0 -576 ) (-1024 0 -584 ) (-972 0 -584 ) 
4 381 393 (-1024 0 -672 ) (-1024 44 -672 ) (-972 44 -672 ) (-972 0 -672 ) 
4 382 385 (-276 712 -1024 ) (0 712 -1024 ) (0 712 -672 ) (-276 712 -672 ) 
4 382 383 (-276 1024 -1024 ) (-276 864 -1024 ) (-276 864 -992 ) (-276 1024 -992 ) 
4 382 384 (-276 864 -1024 ) (-276 712 -1024 ) (-276 712 -672 ) (-276 864 -672 ) 
4 383 391 (-360 1024 -1024 ) (-360 864 -1024 ) (-360 864 -992 ) (-360 1024 -992 ) 
4 383 384 (-360 864 -992 ) (-360 864 -1024 ) (-276 864 -1024 ) (-276 864 -992 ) 
4 384 391 (-360 864 -1024 ) (-360 712 -1024 ) (-360 712 -992 ) (-360 864 -992 ) 
4 384 385 (-356 712 -1024 ) (-276 712 -1024 ) (-276 712 -672 ) (-356 712 -672 ) 
4 385 386 (-356 592 -1024 ) (0 592 -1024 ) (0 592 -672 ) (-356 592 -672 ) 
4 386 390 (-300 304 -1024 ) (0 304 -1024 ) (0 304 -672 ) (-300 304 -672 ) 
4 386 389 (-356 320 -1024 ) (-356 304 -1024 ) (-356 304 -672 ) (-356 320 -672 ) 
4 386 387 (-356 592 -672 ) (-356 592 -1024 ) (-356 576 -1024 ) (-356 576 -672 ) 
4 386 388 (-356 456 -1024 ) (-356 440 -1024 ) (-356 440 -672 ) (-356 456 -672 ) 
4 387 391 (-360 592 -1024 ) (-360 576 -1024 ) (-360 576 -992 ) (-360 592 -992 ) 
4 388 391 (-360 456 -1024 ) (-360 440 -1024 ) (-360 440 -992 ) (-360 456 -992 ) 
4 389 391 (-360 320 -1024 ) (-360 304 -1024 ) (-360 304 -992 ) (-360 320 -992 ) 
4 391 392 (-376 1024 -1024 ) (-376 304 -1024 ) (-376 304 -992 ) (-376 1024 -992 ) 
4 393 478 (-1024 8 -696 ) (-1024 0 -696 ) (-1024 0 -672 ) (-1024 44 -672 ) 
4 393 463 (-972 0 -696 ) (-972 0 -672 ) (-1024 0 -672 ) (-1024 0 -696 ) 
4 394 396 (-284 0 1792 ) (-284 0 704 ) (-284 -896 704 ) (-284 -896 1792 ) 
4 395 507 (0 -1024 -448 ) (0 -1024 -384 ) (-284 -1024 -384 ) (-284 -1024 -448 ) 
4 395 419 (0 0 -448 ) (0 -1024 -448 ) (-284 -1024 -448 ) (-284 0 -448 ) 
4 396 400 (-300 -72 704 ) (-300 -896 704 ) (-300 -896 1792 ) (-300 -72 1792 ) 
4 396 399 (-300 -64 704 ) (-300 -72 704 ) (-300 -72 1792 ) (-300 -64 1792 ) 
4 396 397 (-300 0 1792 ) (-300 0 704 ) (-300 -64 704 ) (-300 -64 1792 ) 
4 397 480 (-1024 0 1792 ) (-1024 0 704 ) (-1024 -64 704 ) (-1024 -64 1792 ) 
4 397 399 (-1024 -64 1792 ) (-1024 -64 704 ) (-300 -64 704 ) (-300 -64 1792 ) 
4 398 423 (-768 0 -448 ) (-308 0 -448 ) (-308 -64 -448 ) (-768 -64 -448 ) 
4 399 480 (-1024 -64 1792 ) (-1024 -64 704 ) (-1024 -72 704 ) (-1024 -72 1792 ) 
4 399 400 (-300 -72 704 ) (-300 -72 1792 ) (-1024 -72 1792 ) (-1024 -72 704 ) 
4 400 480 (-1024 -896 1792 ) (-1024 -72 1792 ) (-1024 -72 704 ) (-1024 -896 704 ) 
4 401 402 (-600 -744 -376 ) (-600 -944 -376 ) (-784 -944 -376 ) (-784 -744 -376 ) 
4 402 414 (-600 -744 -384 ) (-600 -936 -384 ) (-784 -936 -384 ) (-784 -744 -384 ) 
4 403 481 (-1024 -480 -376 ) (-1024 -120 -376 ) (-1024 -120 -384 ) (-1024 -480 -384 ) 
4 403 410 (-1024 -480 -384 ) (-1024 -320 -384 ) (-1004 -320 -384 ) (-1004 -480 -384 ) 
4 403 408 (-1024 -320 -384 ) (-1024 -208 -384 ) (-1004 -208 -384 ) (-1004 -320 -384 ) 
4 403 405 (-1024 -208 -384 ) (-1024 -120 -384 ) (-1004 -120 -384 ) (-1004 -208 -384 ) 
4 404 428 (-972 -72 -448 ) (-424 -72 -448 ) (-424 -208 -448 ) (-972 -208 -448 ) 
4 404 406 (-972 -208 -448 ) (-424 -208 -448 ) (-424 -208 -384 ) (-972 -208 -384 ) 
4 405 481 (-1024 -208 -384 ) (-1024 -120 -384 ) (-1024 -120 -448 ) (-1024 -208 -448 ) 
4 405 429 (-1024 -208 -448 ) (-1024 -120 -448 ) (-1004 -120 -448 ) (-1004 -208 -448 ) 
4 405 408 (-1024 -208 -448 ) (-1004 -208 -448 ) (-1004 -208 -384 ) (-1024 -208 -384 ) 
4 406 430 (-972 -208 -448 ) (-424 -208 -448 ) (-424 -320 -448 ) (-972 -320 -448 ) 
4 406 409 (-972 -320 -448 ) (-424 -320 -448 ) (-424 -320 -384 ) (-972 -320 -384 ) 
4 406 407 (-972 -208 -436 ) (-972 -208 -448 ) (-972 -320 -448 ) (-972 -320 -436 ) 
4 407 430 (-1004 -208 -448 ) (-972 -208 -448 ) (-972 -320 -448 ) (-1004 -320 -448 ) 
4 407 408 (-1004 -208 -436 ) (-1004 -208 -448 ) (-1004 -320 -448 ) (-1004 -320 -436 ) 
4 408 481 (-1024 -320 -384 ) (-1024 -208 -384 ) (-1024 -208 -448 ) (-1024 -320 -448 ) 
4 408 430 (-1024 -320 -448 ) (-1024 -208 -448 ) (-1004 -208 -448 ) (-1004 -320 -448 ) 
4 408 410 (-1024 -320 -448 ) (-1004 -320 -448 ) (-1004 -320 -384 ) (-1024 -320 -384 ) 
4 409 432 (-972 -320 -448 ) (-424 -320 -448 ) (-424 -604 -448 ) (-972 -604 -448 ) 
4 410 481 (-1024 -480 -384 ) (-1024 -320 -384 ) (-1024 -320 -448 ) (-1024 -480 -448 ) 
4 410 433 (-1024 -480 -448 ) (-1024 -320 -448 ) (-1004 -320 -448 ) (-1004 -480 -448 ) 
4 411 435 (-576 -620 -448 ) (-424 -620 -448 ) (-424 -936 -448 ) (-576 -936 -448 ) 
4 411 417 (-576 -936 -448 ) (-424 -936 -448 ) (-424 -936 -384 ) (-576 -936 -384 ) 
4 411 412 (-576 -620 -384 ) (-576 -620 -448 ) (-576 -736 -448 ) (-576 -736 -384 ) 
4 412 438 (-600 -620 -448 ) (-592 -620 -448 ) (-592 -736 -448 ) (-600 -736 -448 ) 
4 412 436 (-592 -620 -448 ) (-576 -620 -448 ) (-576 -736 -448 ) (-592 -736 -448 ) 
4 412 413 (-600 -620 -384 ) (-600 -620 -448 ) (-600 -736 -448 ) (-600 -736 -384 ) 
4 413 438 (-784 -620 -448 ) (-600 -620 -448 ) (-600 -736 -448 ) (-784 -736 -448 ) 
4 413 415 (-784 -620 -384 ) (-784 -620 -448 ) (-784 -736 -448 ) (-784 -736 -384 ) 
4 414 440 (-600 -744 -448 ) (-600 -936 -448 ) (-784 -936 -448 ) (-784 -744 -448 ) 
4 415 441 (-792 -620 -448 ) (-784 -620 -448 ) (-784 -736 -448 ) (-792 -736 -448 ) 
4 415 416 (-792 -620 -384 ) (-792 -620 -448 ) (-792 -736 -448 ) (-792 -736 -384 ) 
4 416 482 (-1024 -936 -384 ) (-1024 -620 -384 ) (-1024 -620 -448 ) (-1024 -936 -448 ) 
4 416 442 (-1024 -936 -448 ) (-1024 -620 -448 ) (-792 -620 -448 ) (-792 -936 -448 ) 
4 416 418 (-1024 -936 -448 ) (-792 -936 -448 ) (-792 -936 -384 ) (-1024 -936 -384 ) 
4 417 509 (-576 -1024 -448 ) (-424 -1024 -448 ) (-424 -1024 -384 ) (-576 -1024 -384 ) 
4 417 435 (-424 -1024 -448 ) (-576 -1024 -448 ) (-576 -936 -448 ) (-424 -936 -448 ) 
4 418 510 (-1024 -1024 -384 ) (-1024 -1024 -448 ) (-792 -1024 -448 ) (-792 -1024 -384 ) 
4 418 482 (-1024 -1024 -448 ) (-1024 -1024 -384 ) (-1024 -936 -384 ) (-1024 -936 -448 ) 
4 418 444 (-792 -1024 -448 ) (-1024 -1024 -448 ) (-1024 -936 -448 ) (-792 -936 -448 ) 
4 419 513 (0 -1024 -576 ) (0 -1024 -448 ) (-284 -1024 -448 ) (-284 -1024 -576 ) 
4 419 420 (-284 -232 -576 ) (-284 -288 -576 ) (-284 -288 -464 ) (-284 -232 -464 ) 
4 420 421 (-288 -288 -576 ) (-288 -288 -464 ) (-288 -232 -464 ) (-288 -232 -576 ) 
4 421 422 (-296 -288 -576 ) (-296 -288 -464 ) (-296 -232 -464 ) (-296 -232 -576 ) 
4 422 430 (-300 -232 -576 ) (-300 -288 -576 ) (-300 -288 -464 ) (-300 -232 -464 ) 
4 423 425 (-556 -64 -576 ) (-500 -64 -576 ) (-500 -64 -464 ) (-556 -64 -464 ) 
4 424 483 (-1024 -64 -448 ) (-1024 0 -448 ) (-1024 0 -576 ) (-1024 -64 -576 ) 
4 424 445 (-1024 -64 -576 ) (-1024 0 -576 ) (-972 0 -576 ) (-972 -64 -576 ) 
4 424 426 (-1024 -64 -576 ) (-972 -64 -576 ) (-972 -64 -448 ) (-1024 -64 -448 ) 
4 425 428 (-556 -72 -576 ) (-500 -72 -576 ) (-500 -72 -464 ) (-556 -72 -464 ) 
4 426 483 (-1024 -72 -448 ) (-1024 -64 -448 ) (-1024 -64 -576 ) (-1024 -72 -576 ) 
4 426 445 (-1024 -72 -576 ) (-1024 -64 -576 ) (-972 -64 -576 ) (-972 -72 -576 ) 
4 427 428 (-424 -192 -576 ) (-424 -208 -576 ) (-424 -208 -448 ) (-424 -192 -448 ) 
4 427 430 (-424 -208 -576 ) (-300 -208 -576 ) (-300 -208 -448 ) (-424 -208 -448 ) 
4 428 430 (-972 -208 -576 ) (-424 -208 -576 ) (-424 -208 -448 ) (-972 -208 -448 ) 
4 429 484 (-1024 -208 -448 ) (-1024 -120 -448 ) (-1024 -120 -576 ) (-1024 -208 -576 ) 
4 429 430 (-1024 -208 -576 ) (-1004 -208 -576 ) (-1004 -208 -448 ) (-1024 -208 -448 ) 
4 430 484 (-1024 -320 -448 ) (-1024 -208 -448 ) (-1024 -208 -576 ) (-1024 -320 -576 ) 
4 430 433 (-1024 -320 -576 ) (-1004 -320 -576 ) (-1004 -320 -448 ) (-1024 -320 -448 ) 
4 430 431 (-424 -320 -576 ) (-300 -320 -576 ) (-300 -320 -448 ) (-424 -320 -448 ) 
4 430 432 (-972 -320 -576 ) (-424 -320 -576 ) (-424 -320 -448 ) (-972 -320 -448 ) 
4 431 432 (-424 -320 -448 ) (-424 -320 -576 ) (-424 -328 -576 ) (-424 -328 -448 ) 
4 432 434 (-552 -604 -576 ) (-448 -604 -576 ) (-448 -604 -464 ) (-552 -604 -464 ) 
4 433 484 (-1024 -480 -448 ) (-1024 -320 -448 ) (-1024 -320 -576 ) (-1024 -480 -576 ) 
4 434 435 (-552 -620 -576 ) (-448 -620 -576 ) (-448 -620 -464 ) (-552 -620 -464 ) 
4 435 518 (-552 -1024 -448 ) (-576 -1024 -448 ) (-576 -1024 -576 ) (-552 -1024 -576 ) 
4 435 516 (-448 -1024 -448 ) (-552 -1024 -448 ) (-552 -1024 -576 ) (-448 -1024 -576 ) 
4 435 515 (-424 -1024 -448 ) (-448 -1024 -448 ) (-448 -1024 -576 ) (-424 -1024 -576 ) 
4 435 437 (-576 -768 -576 ) (-576 -912 -576 ) (-576 -912 -448 ) (-576 -768 -448 ) 
4 435 436 (-576 -620 -448 ) (-576 -620 -576 ) (-576 -736 -576 ) (-576 -736 -448 ) 
4 436 438 (-592 -620 -448 ) (-592 -620 -576 ) (-592 -736 -576 ) (-592 -736 -448 ) 
4 437 439 (-592 -768 -576 ) (-592 -912 -576 ) (-592 -912 -448 ) (-592 -768 -448 ) 
4 438 441 (-784 -620 -448 ) (-784 -620 -576 ) (-784 -736 -576 ) (-784 -736 -448 ) 
4 439 440 (-600 -760 -576 ) (-600 -920 -576 ) (-600 -920 -448 ) (-600 -760 -448 ) 
4 440 446 (-600 -936 -576 ) (-784 -936 -576 ) (-784 -744 -576 ) (-600 -744 -576 ) 
4 441 442 (-792 -620 -448 ) (-792 -620 -576 ) (-792 -736 -576 ) (-792 -736 -448 ) 
4 442 485 (-1024 -936 -448 ) (-1024 -620 -448 ) (-1024 -620 -576 ) (-1024 -936 -576 ) 
4 442 448 (-792 -736.002930 -576 ) (-792 -936 -576 ) (-872 -936 -576 ) (-872 -736.002930 -576 ) 
4 442 444 (-1024 -936 -576 ) (-792 -936 -576 ) (-792 -936 -448 ) (-1024 -936 -448 ) 
4 443 519 (-592 -1024 -448 ) (-792 -1024 -448 ) (-792 -1024 -576 ) (-592 -1024 -576 ) 
4 443 447 (-592 -1024 -576 ) (-792 -1024 -576 ) (-792 -952 -576 ) (-592 -952 -576 ) 
4 443 444 (-792 -952 -576 ) (-792 -1024 -576 ) (-792 -1024 -448 ) (-792 -952 -448 ) 
4 444 519 (-792 -1024 -448 ) (-1024 -1024 -448 ) (-1024 -1024 -576 ) (-792 -1024 -576 ) 
4 444 485 (-1024 -1024 -576 ) (-1024 -1024 -448 ) (-1024 -936 -448 ) (-1024 -936 -576 ) 
4 444 448 (-792 -1024 -576 ) (-872 -1024 -576 ) (-872 -936 -576 ) (-792 -936 -576 ) 
4 445 486 (-1024 -72 -576 ) (-1024 0 -576 ) (-1024 0 -584 ) (-1024 -72 -584 ) 
4 445 463 (-1024 -72 -584 ) (-1024 0 -584 ) (-972 0 -584 ) (-972 -72 -584 ) 
4 446 468 (-600 -744 -584 ) (-600 -936 -584 ) (-784 -936 -584 ) (-784 -744 -584 ) 
4 447 522 (-592 -1024 -576 ) (-792 -1024 -576 ) (-792 -1024 -584 ) (-592 -1024 -584 ) 
4 447 470 (-600 -1024 -584 ) (-792 -1024 -584 ) (-792 -952 -584 ) (-600 -952 -584 ) 
4 447 469 (-592 -1024 -584 ) (-600 -1024 -584 ) (-600 -952 -584 ) (-592 -952 -584 ) 
4 447 448 (-792 -952 -584 ) (-792 -1024 -584 ) (-792 -1024 -576 ) (-792 -952 -576 ) 
4 448 522 (-792 -1024 -576 ) (-872 -1024 -576 ) (-872 -1024 -584 ) (-792 -1024 -584 ) 
4 448 474 (-792 -1024 -584 ) (-872 -1024 -584 ) (-872 -748.002930 -584 ) (-792 -748.002930 -584 ) 
4 449 451 (-128 -8 -584 ) (-128 -8 -704 ) (-128 -172 -704 ) (-128 -172 -584 ) 
4 450 453 (-72 -304 -676 ) (-72 -304 -614 ) (-128 -304 -614 ) (-128 -304 -676 ) 
4 450 451 (-128 -180 -704 ) (-128 -304 -704 ) (-128 -304 -584 ) (-128 -180 -584 ) 
4 451 453 (-128 -304 -676 ) (-128 -304 -614 ) (-188 -304 -614 ) (-188 -304 -676 ) 
4 451 452 (-288 -112 -676 ) (-288 -112 -600 ) (-288 -72 -600 ) (-288 -72 -676 ) 
4 452 461 (-296 -72 -600 ) (-296 -72 -676 ) (-296 -112 -676 ) (-296 -112 -600 ) 
4 453 454 (-72 -312 -676 ) (-72 -312 -614 ) (-188 -312 -614 ) (-188 -312 -676 ) 
4 454 464 (-296 -804 -584 ) (-296 -736 -584 ) (-296 -736 -704 ) (-296 -804 -704 ) 
4 454 462 (-296 -736 -584 ) (-296 -312 -584 ) (-296 -312 -704 ) (-296 -736 -704 ) 
4 454 456 (-296 -804 -704 ) (-296 -312 -704 ) (0 -312 -704 ) (0 -804 -704 ) 
4 455 523 (0 -1024 -704 ) (0 -1024 -584 ) (-288 -1024 -584 ) (-288 -1024 -704 ) 
4 455 460 (0 -1024 -704 ) (-288 -1024 -704 ) (-288 -812 -704 ) (0 -812 -704 ) 
4 456 464 (-296 -804 -712 ) (-296 -804 -704 ) (-296 -736 -704 ) (-296 -736 -712 ) 
4 456 462 (-296 -736 -704 ) (-296 -312 -704 ) (-296 -312 -712 ) (-296 -736 -712 ) 
4 456 457 (0 -804 -712 ) (-296 -804 -712 ) (-296 -312 -712 ) (0 -312 -712 ) 
4 457 464 (-296 -736 -832 ) (-296 -804 -832 ) (-296 -804 -712 ) (-296 -736 -712 ) 
4 457 462 (-296 -144 -832 ) (-296 -736 -832 ) (-296 -736 -712 ) (-296 -144 -712 ) 
4 457 461 (-296 -8 -832 ) (-296 -144 -832 ) (-296 -144 -712 ) (-296 -8 -712 ) 
4 457 459 (-144 -804 -832 ) (-88 -804 -832 ) (-88 -804 -720 ) (-144 -804 -720 ) 
4 457 458 (-32 -804 -808 ) (-32 -804 -728 ) (-72 -804 -728 ) (-72 -804 -808 ) 
4 458 460 (-72 -812 -728 ) (-72 -812 -808 ) (-32 -812 -808 ) (-32 -812 -728 ) 
4 459 460 (-144 -812 -720 ) (-144 -812 -832 ) (-88 -812 -832 ) (-88 -812 -720 ) 
4 460 523 (0 -1024 -832 ) (0 -1024 -704 ) (-288 -1024 -704 ) (-288 -1024 -832 ) 
4 461 463 (-972 -144 -696 ) (-972 -144 -584 ) (-972 -8 -584 ) (-972 -8 -696 ) 
5 461 462 (-784 -144 -821.333496 ) (-768 -144 -832 ) (-296 -144 -832 ) (-296 -144 -584 ) (-784 -144 -584 ) 
4 462 464 (-576 -736 -832 ) (-296 -736 -832 ) (-296 -736 -584 ) (-576 -736 -584 ) 
4 463 488 (-1024 -144 -584 ) (-1024 0 -584 ) (-1024 0 -696 ) (-1024 -144 -696 ) 
4 464 524 (-296 -1024 -584 ) (-576 -1024 -584 ) (-576 -1024 -832 ) (-296 -1024 -832 ) 
4 464 466 (-576 -768 -832 ) (-576 -912 -832 ) (-576 -912 -704 ) (-576 -768 -704 ) 
4 464 467 (-576 -952 -832 ) (-576 -1024 -832 ) (-576 -1024 -704 ) (-576 -952 -704 ) 
4 464 465 (-576 -952 -704 ) (-576 -1024 -704 ) (-576 -1024 -584 ) (-576 -952 -584 ) 
4 465 527 (-576 -1024 -584 ) (-592 -1024 -584 ) (-592 -1024 -704 ) (-576 -1024 -704 ) 
4 465 469 (-592 -952 -704 ) (-592 -1024 -704 ) (-592 -1024 -584 ) (-592 -952 -584 ) 
4 465 467 (-592 -1024 -704 ) (-592 -952 -704 ) (-576 -952 -704 ) (-576 -1024 -704 ) 
4 466 471 (-592 -768 -832 ) (-592 -912 -832 ) (-592 -912 -704 ) (-592 -768 -704 ) 
4 467 528 (-592 -1024 -712 ) (-592 -1024 -832 ) (-576 -1024 -832 ) (-576 -1024 -712 ) 
4 467 527 (-592 -1024 -704 ) (-592 -1024 -712 ) (-576 -1024 -712 ) (-576 -1024 -704 ) 
4 467 473 (-592 -952 -832 ) (-592 -1024 -832 ) (-592 -1024 -704 ) (-592 -952 -704 ) 
4 468 472 (-600 -936 -704 ) (-784 -936 -704 ) (-784 -744 -704 ) (-600 -744 -704 ) 
4 469 527 (-592 -1024 -584 ) (-600 -1024 -584 ) (-600 -1024 -704 ) (-592 -1024 -704 ) 
4 469 473 (-592 -952 -704 ) (-592 -1024 -704 ) (-600 -1024 -704 ) (-600 -952 -704 ) 
4 469 470 (-600 -952 -704 ) (-600 -1024 -704 ) (-600 -1024 -584 ) (-600 -952 -584 ) 
4 470 527 (-600 -1024 -584 ) (-792 -1024 -584 ) (-792 -1024 -704 ) (-600 -1024 -704 ) 
4 470 474 (-792 -952 -704 ) (-792 -1024 -704 ) (-792 -1024 -584 ) (-792 -952 -584 ) 
4 470 473 (-792 -1024 -704 ) (-792 -952 -704 ) (-600 -952 -704 ) (-600 -1024 -704 ) 
4 471 472 (-600 -760 -832 ) (-600 -920 -832 ) (-600 -920 -704 ) (-600 -760 -704 ) 
4 472 475 (-600 -936 -832 ) (-784 -936 -832 ) (-784 -744 -832 ) (-600 -744 -832 ) 
4 473 528 (-792 -1024 -712 ) (-612 -1024 -832 ) (-592 -1024 -832 ) (-592 -1024 -712 ) 
4 473 527 (-792 -1024 -704 ) (-792 -1024 -712 ) (-592 -1024 -712 ) (-592 -1024 -704 ) 
4 473 474 (-792 -1024 -712 ) (-792 -1024 -704 ) (-792 -952 -704 ) (-792 -952 -712 ) 
4 474 527 (-792 -1024 -584 ) (-872 -1024 -584 ) (-872 -1024 -712 ) (-792 -1024 -712 ) 
4 476 480 (-1024 0 704 ) (-1024 0 1792 ) (-1108 0 1792 ) (-1108 0 704 ) 
4 476 479 (-1108 0 704 ) (-1108 0 1792 ) (-1108 1024 1792 ) (-1108 1024 704 ) 
4 477 483 (-1024 0 -576 ) (-1024 0 -448 ) (-1108 0 -448 ) (-1108 0 -576 ) 
4 477 478 (-1024 0 -576 ) (-1108 0 -576 ) (-1108 188 -576 ) (-1024 188 -576 ) 
4 478 488 (-1024 0 -696 ) (-1024 0 -584 ) (-1108 0 -584 ) (-1108 0 -696 ) 
4 478 486 (-1024 0 -584 ) (-1024 0 -576 ) (-1108 0 -576 ) (-1108 0 -584 ) 
4 479 480 (-1108 0 704 ) (-1108 0 1792 ) (-1280 0 1792 ) (-1280 0 704 ) 
4 481 490 (-1548 -132 -448 ) (-1548 -196 -448 ) (-1548 -196 -388 ) (-1548 -132 -388 ) 
4 481 484 (-1548 -480 -448 ) (-1548 -120 -448 ) (-1024 -120 -448 ) (-1024 -480 -448 ) 
4 482 530 (-1024 -1024 -448 ) (-1024 -1024 -384 ) (-1152 -1024 -384 ) (-1152 -1024 -448 ) 
4 482 485 (-1024 -1024 -448 ) (-1152 -1024 -448 ) (-1152 -620 -448 ) (-1024 -620 -448 ) 
4 483 486 (-1108 0 -576 ) (-1024 0 -576 ) (-1024 -72 -576 ) (-1108 -72 -576 ) 
4 484 487 (-1548 -480 -576 ) (-1548 -384 -576 ) (-1324 -384 -576 ) (-1324 -480 -576 ) 
4 485 530 (-1024 -1024 -576 ) (-1024 -1024 -448 ) (-1152 -1024 -448 ) (-1152 -1024 -576 ) 
4 486 488 (-1108 0 -584 ) (-1024 0 -584 ) (-1024 -72 -584 ) (-1108 -72 -584 ) 
4 487 489 (-1548 -480 -584 ) (-1548 -384 -584 ) (-1324 -384 -584 ) (-1324 -480 -584 ) 
4 490 491 (-1552 -132 -448 ) (-1552 -196 -448 ) (-1552 -196 -388 ) (-1552 -132 -388 ) 
4 492 497 (1024 -1024 -384 ) (1024 -1024 -576 ) (1024 -1744 -576 ) (1024 -1744 -384 ) 
4 492 496 (1024 -1024 -216 ) (1024 -1024 -384 ) (1024 -1744 -384 ) (1024 -1744 -216 ) 
4 492 493 (1024 -1024 192 ) (1024 -1024 -216 ) (1024 -1744 -216 ) (1024 -1744 192 ) 
4 493 496 (768 -1744 -216 ) (768 -1024 -216 ) (1024 -1024 -216 ) (1024 -1744 -216 ) 
4 493 495 (768 -1248 -216 ) (768 -1312 -216 ) (768 -1312 -152 ) (768 -1248 -152 ) 
4 493 494 (768 -1160 -216 ) (768 -1224 -216 ) (768 -1224 -152 ) (768 -1160 -152 ) 
4 496 497 (768 -1024 -384 ) (1024 -1024 -384 ) (1024 -1744 -384 ) (768 -1744 -384 ) 
4 498 500 (116 -1024 -576 ) (352 -1024 -576 ) (352 -1172 -576 ) (116 -1172 -576 ) 
4 499 513 (0 -1024 -448 ) (0 -1024 -576 ) (0 -2048 -576 ) (0 -2048 -448 ) 
4 499 507 (0 -1024 -384 ) (0 -1024 -448 ) (0 -2048 -448 ) (0 -2048 -384 ) 
4 499 506 (100 -2048 -384 ) (0 -2048 -384 ) (0 -2048 -576 ) (100 -2048 -576 ) 
4 500 501 (116 -1024 -584 ) (352 -1024 -584 ) (352 -1172 -584 ) (116 -1172 -584 ) 
4 501 503 (176 -1172 -704 ) (232 -1172 -704 ) (232 -1172 -592 ) (176 -1172 -592 ) 
4 502 523 (0 -1024 -584 ) (0 -1024 -704 ) (0 -1088 -704 ) (0 -1088 -584 ) 
4 502 526 (0 -1088 -704 ) (0 -1172 -704 ) (0 -1172 -584 ) (0 -1088 -584 ) 
4 502 505 (0 -1172 -704 ) (0 -1024 -704 ) (100 -1024 -704 ) (100 -1172 -704 ) 
4 502 504 (0 -1172 -704 ) (100 -1172 -704 ) (100 -1172 -584 ) (0 -1172 -584 ) 
4 504 526 (0 -1172 -704 ) (0 -1364 -704 ) (0 -1364 -584 ) (0 -1172 -584 ) 
4 504 505 (0 -1364 -704 ) (0 -1172 -704 ) (100 -1172 -704 ) (100 -1364 -704 ) 
4 505 523 (0 -1024 -704 ) (0 -1024 -832 ) (0 -1088 -832 ) (0 -1088 -704 ) 
4 505 526 (0 -1088 -832 ) (0 -1364 -832 ) (0 -1364 -704 ) (0 -1088 -704 ) 
4 506 532 (0 -2080 -576 ) (0 -2080 -384 ) (0 -2048 -384 ) (0 -2048 -576 ) 
4 507 532 (0 -2048 -448 ) (0 -2048 -384 ) (-284 -2048 -384 ) (-284 -2048 -448 ) 
4 507 513 (-284 -1024 -448 ) (0 -1024 -448 ) (0 -2048 -448 ) (-284 -2048 -448 ) 
4 507 508 (-284 -1532 -448 ) (-284 -1644 -448 ) (-284 -1644 -412 ) (-284 -1532 -412 ) 
4 508 514 (-284 -1532 -448 ) (-284 -1644 -448 ) (-300 -1644 -448 ) (-300 -1532 -448 ) 
4 508 512 (-300 -1532 -448 ) (-300 -1644 -448 ) (-300 -1644 -412 ) (-300 -1532 -412 ) 
4 509 518 (-576 -1024 -448 ) (-552 -1024 -448 ) (-552 -1200 -448 ) (-576 -1200 -448 ) 
4 509 516 (-552 -1024 -448 ) (-448 -1024 -448 ) (-448 -1200 -448 ) (-552 -1200 -448 ) 
4 509 515 (-448 -1024 -448 ) (-424 -1024 -448 ) (-424 -1200 -448 ) (-448 -1200 -448 ) 
4 510 530 (-1024 -1024 -384 ) (-1024 -1024 -448 ) (-1024 -1216 -448 ) (-1024 -1216 -384 ) 
4 510 519 (-1024 -1216 -448 ) (-1024 -1024 -448 ) (-792 -1024 -448 ) (-792 -1216 -448 ) 
4 510 511 (-1024 -1216 -448 ) (-792 -1216 -448 ) (-792 -1216 -384 ) (-1024 -1216 -384 ) 
4 511 530 (-1024 -1216 -448 ) (-1024 -1504 -448 ) (-1024 -1504 -384 ) (-1024 -1216 -384 ) 
4 511 520 (-1024 -1504 -448 ) (-1024 -1216 -448 ) (-424 -1216 -448 ) (-424 -1504 -448 ) 
4 511 512 (-1024 -1504 -448 ) (-424 -1504 -448 ) (-424 -1504 -384 ) (-1024 -1504 -384 ) 
4 512 530 (-1024 -1504 -448 ) (-1024 -1664 -448 ) (-1024 -1664 -384 ) (-1024 -1504 -384 ) 
4 512 521 (-1024 -1664 -448 ) (-1024 -1504 -448 ) (-300 -1504 -448 ) (-300 -1664 -448 ) 
4 513 532 (0 -2048 -576 ) (0 -2048 -448 ) (-284 -2048 -448 ) (-284 -2048 -576 ) 
4 513 514 (-284 -1532 -576 ) (-284 -1644 -576 ) (-284 -1644 -448 ) (-284 -1532 -448 ) 
4 514 521 (-300 -1532 -576 ) (-300 -1644 -576 ) (-300 -1644 -448 ) (-300 -1532 -448 ) 
4 515 516 (-448 -1024 -576 ) (-448 -1200 -576 ) (-448 -1200 -448 ) (-448 -1024 -448 ) 
4 516 518 (-552 -1024 -576 ) (-552 -1200 -576 ) (-552 -1200 -448 ) (-552 -1024 -448 ) 
4 516 517 (-552 -1200 -464 ) (-552 -1200 -576 ) (-448 -1200 -576 ) (-448 -1200 -464 ) 
4 517 520 (-552 -1216 -576 ) (-448 -1216 -576 ) (-448 -1216 -464 ) (-552 -1216 -464 ) 
4 519 530 (-1024 -1024 -448 ) (-1024 -1024 -576 ) (-1024 -1216 -576 ) (-1024 -1216 -448 ) 
4 519 522 (-872 -1024 -576 ) (-592 -1024 -576 ) (-592 -1032 -576 ) (-872 -1032 -576 ) 
4 519 520 (-1024 -1216 -576 ) (-592 -1216 -576 ) (-592 -1216 -448 ) (-1024 -1216 -448 ) 
4 520 530 (-1024 -1216 -576 ) (-1024 -1504 -576 ) (-1024 -1504 -448 ) (-1024 -1216 -448 ) 
4 520 521 (-1024 -1504 -576 ) (-424 -1504 -576 ) (-424 -1504 -448 ) (-1024 -1504 -448 ) 
4 521 530 (-1024 -1504 -576 ) (-1024 -1664 -576 ) (-1024 -1664 -448 ) (-1024 -1504 -448 ) 
4 522 527 (-872 -1032 -584 ) (-872 -1024 -584 ) (-592 -1024 -584 ) (-592 -1032 -584 ) 
4 523 526 (-288 -1088 -832 ) (0 -1088 -832 ) (0 -1088 -584 ) (-288 -1088 -584 ) 
4 524 528 (-576 -1024 -832 ) (-576 -1032 -832 ) (-576 -1032 -712 ) (-576 -1024 -712 ) 
4 524 527 (-576 -1032 -712 ) (-576 -1032 -584 ) (-576 -1024 -584 ) (-576 -1024 -712 ) 
4 524 525 (-568 -1072 -832 ) (-424 -1072 -832 ) (-424 -1072 -720 ) (-568 -1072 -720 ) 
4 525 526 (-568 -1088 -832 ) (-424 -1088 -832 ) (-424 -1088 -720 ) (-568 -1088 -720 ) 
4 526 529 (-312 -1364 -682 ) (-312 -1364 -618 ) (-376 -1364 -618 ) (-376 -1364 -682 ) 
4 527 528 (-576 -1032 -712 ) (-792 -1032 -712 ) (-792 -1024 -712 ) (-576 -1024 -712 ) 
4 530 531 (-1152 -1248 -576 ) (-1152 -1632 -576 ) (-1152 -1632 -384 ) (-1152 -1248 -384 ) 
