


materialPath: C:\Program Files (x86)\Steam\steamapps\sourcemods\open_fortress\materials
Loading C:\Users\quint\Documents\Source Mapping\Open Fortress\dm_edifice_a0.vmf
fixing up env_cubemap materials on brush sides...
0...1...2...3...4...5...6...7...8...9...100...1...2...3...4...5...6...7...8...9...10Processing areas...done (0)
Building Faces...done (0)
FixTjuncs...
PruneNodes...
WriteBSP...
done (0)
writing C:\Users\quint\Documents\Source Mapping\Open Fortress\dm_edifice_a0.prt...Building visibility clusters...
done (0)
*** Error: Skybox vtf files for skybox/sky_tf2_04 weren't compiled with the same size texture and/or same flags!
Can't load skybox file skybox/sky_tf2_04 to build the default cubemap!
*** Error: Skybox vtf files for skybox/sky_tf2_04 weren't compiled with the same size texture and/or same flags!
Can't load skybox file skybox/sky_tf2_04 to build the default cubemap!
Finding displacement neighbors...
Finding lightmap sample positions...
Displacement Alpha : 0...1...2...3...4...5...6...7...8...9...10
Building Physics collision data...
done (0) (25507 bytes)
Placing detail props : 0...1...2...3...4...5...6...7...8...9...10
Compacting texture/material tables...
Reduced 25 texinfos to 16
Reduced 9 texdatas to 9 (251 bytes to 251)
Writing C:\Users\quint\Documents\Source Mapping\Open Fortress\dm_edifice_a0.bsp
MSG_FILEWRITE - Filesystem was asked to write to 'C:\Users\quint\Documents\Source Mapping\Open Fortress\dm_edifice_a0.bsp', but we don't own that location. Allowing.
ZIP Output overshot buffer estimate: Estimated 0, actual 54
0 seconds elapsed



20 threads
reading c:\users\quint\documents\source mapping\open fortress\dm_edifice_a0.bsp
reading c:\users\quint\documents\source mapping\open fortress\dm_edifice_a0.prt
 147 portalclusters
 378 numportals
0...1...2...3...4...5...6...7...8...9...100...1...2...3...4...5...6...7...8...9...10Optimized: 22 visible clusters (0.18%)
Total clusters visible: 11945
Average clusters visible: 81
Building PAS...
Average clusters audible: 146
visdatasize:6785  compressed from 7056
writing c:\users\quint\documents\source mapping\open fortress\dm_edifice_a0.bsp
MSG_FILEWRITE - Filesystem was asked to write to 'c:\users\quint\documents\source mapping\open fortress\dm_edifice_a0.bsp', but we don't own that location. Allowing.
ZIP Output overshot buffer estimate: Estimated 0, actual 54
0 seconds elapsed



[Reading texlights from 'lights.rad']
[63 texlights parsed from 'lights.rad']

Loading c:\users\quint\documents\source mapping\open fortress\dm_edifice_a0.bsp
Error! Invalid VTX file checksum: 1568127961, expected -931059440 "models/pickups/emitter.dx80.vtx"
Error! Unable to load file "models/props/coffee_machine.dx80.vtx"
Error! Unable to load file "models/props/soda_machine.dx80.vtx"
786 faces
1234231 square feet [177729312.00 square inches]
0 Displacements
0 Square Feet [0.00 Square Inches]
786 patches before subdivision
33768 patches after subdivision
0 direct lights
0...1...2...3...4...5...6...7...8...9...100...1...2...3...4...5...6...7...8...9...10transfers 1139701, max 340
transfer lists:   8.7 megs
0...1...2...3...4...5...6...7...8...9...10	Bounce #1 added RGB(0, 0, 0)
Build Patch/Sample Hash Table(s).....Done<0.0051 sec>
0...1...2...3...4...5...6...7...8...9...10FinalLightFace Done
0 of 0 (0% of) surface lights went in leaf ambient cubes.
0...1...2...3...4...5...6...7...8...9...10Writing leaf ambient...done
Ready to Finish

Object names       Objects/Maxobjs  Memory / Maxmem  Fullness 
------------       ---------------  ---------------  -------- 
models                   1/1024           48/49152    ( 0.1%) 
brushes                 79/8192          948/98304    ( 1.0%) 
brushsides             509/65536        4072/524288   ( 0.8%) 
planes                 198/65536        3960/1310720  ( 0.3%) 
vertexes              1064/65536       12768/786432   ( 1.6%) 
nodes                  361/65536       11552/2097152  ( 0.6%) 
texinfos                16/12288        1152/884736   ( 0.1%) 
texdata                  9/2048          288/65536    ( 0.4%) 
dispinfos                0/0               0/0        ( 0.0%) 
disp_verts               0/0               0/0        ( 0.0%) 
disp_tris                0/0               0/0        ( 0.0%) 
disp_lmsamples           0/0               0/0        ( 0.0%) 
faces                  786/65536       44016/3670016  ( 1.2%) 
hdr faces                0/65536           0/3670016  ( 0.0%) 
origfaces              185/65536       10360/3670016  ( 0.3%) 
leaves                 363/65536       11616/2097152  ( 0.6%) 
leaffaces              833/65536        1666/131072   ( 1.3%) 
leafbrushes            287/65536         574/131072   ( 0.4%) 
areas                    2/256            16/2048     ( 0.8%) 
surfedges             4360/512000      17440/2048000  ( 0.9%) 
edges                 2391/256000       9564/1024000  ( 0.9%) 
LDR worldlights          0/8192            0/720896   ( 0.0%) 
HDR worldlights          0/8192            0/720896   ( 0.0%) 
leafwaterdata            0/32768           0/393216   ( 0.0%) 
waterstrips             80/32768         800/327680   ( 0.2%) 
waterverts               0/65536           0/786432   ( 0.0%) 
waterindices          1020/65536        2040/131072   ( 1.6%) 
cubemapsamples           0/1024            0/16384    ( 0.0%) 
overlays                 0/512             0/180224   ( 0.0%) 
LDR lightdata         [variable]      871668/0        ( 0.0%) 
HDR lightdata         [variable]           0/0        ( 0.0%) 
visdata               [variable]        6785/16777216 ( 0.0%) 
entdata               [variable]        5340/393216   ( 1.4%) 
LDR ambient table      363/65536        1452/262144   ( 0.6%) 
HDR ambient table      363/65536        1452/262144   ( 0.6%) 
LDR leaf ambient       147/65536        4116/1835008  ( 0.2%) 
HDR leaf ambient       363/65536       10164/1835008  ( 0.6%) 
occluders                0/0               0/0        ( 0.0%) 
occluder polygons        0/0               0/0        ( 0.0%) 
occluder vert ind        0/0               0/0        ( 0.0%) 
detail props          [variable]           1/12       ( 8.3%) 
static props          [variable]           1/620      ( 0.2%) 
pakfile               [variable]          54/0        ( 0.0%) 
physics               [variable]       25507/4194304  ( 0.6%) 
physics terrain       [variable]           2/1048576  ( 0.0%) 

Level flags = 0

Total triangle count: 2053
Writing c:\users\quint\documents\source mapping\open fortress\dm_edifice_a0.bsp
ZIP Output overshot buffer estimate: Estimated 0, actual 54
1 second elapsed



materialPath: C:\Program Files (x86)\Steam\steamapps\sourcemods\open_fortress\materials
Loading C:\Users\quint\Documents\Source Mapping\Open Fortress\dm_edifice_a0.vmf
fixing up env_cubemap materials on brush sides...
0...1...2...3...4...5...6...7...8...9...100...1...2...3...4...5...6...7...8...9...10Processing areas...done (0)
Building Faces...done (0)
FixTjuncs...
PruneNodes...
WriteBSP...
done (0)
writing C:\Users\quint\Documents\Source Mapping\Open Fortress\dm_edifice_a0.prt...Building visibility clusters...
done (0)
*** Error: Skybox vtf files for skybox/sky_tf2_04 weren't compiled with the same size texture and/or same flags!
Can't load skybox file skybox/sky_tf2_04 to build the default cubemap!
*** Error: Skybox vtf files for skybox/sky_tf2_04 weren't compiled with the same size texture and/or same flags!
Can't load skybox file skybox/sky_tf2_04 to build the default cubemap!
Finding displacement neighbors...
Finding lightmap sample positions...
Displacement Alpha : 0...1...2...3...4...5...6...7...8...9...10
Building Physics collision data...
done (0) (25507 bytes)
Placing detail props : 0...1...2...3...4...5...6...7...8...9...10
Compacting texture/material tables...
Reduced 25 texinfos to 16
Reduced 9 texdatas to 9 (251 bytes to 251)
Writing C:\Users\quint\Documents\Source Mapping\Open Fortress\dm_edifice_a0.bsp
MSG_FILEWRITE - Filesystem was asked to write to 'C:\Users\quint\Documents\Source Mapping\Open Fortress\dm_edifice_a0.bsp', but we don't own that location. Allowing.
ZIP Output overshot buffer estimate: Estimated 0, actual 54
0 seconds elapsed



20 threads
reading c:\users\quint\documents\source mapping\open fortress\dm_edifice_a0.bsp
reading c:\users\quint\documents\source mapping\open fortress\dm_edifice_a0.prt
 149 portalclusters
 385 numportals
0...1...2...3...4...5...6...7...8...9...100...1...2...3...4...5...6...7...8...9...10Optimized: 22 visible clusters (0.18%)
Total clusters visible: 12259
Average clusters visible: 82
Building PAS...
Average clusters audible: 148
visdatasize:6925  compressed from 7152
writing c:\users\quint\documents\source mapping\open fortress\dm_edifice_a0.bsp
MSG_FILEWRITE - Filesystem was asked to write to 'c:\users\quint\documents\source mapping\open fortress\dm_edifice_a0.bsp', but we don't own that location. Allowing.
ZIP Output overshot buffer estimate: Estimated 0, actual 54
0 seconds elapsed



[Reading texlights from 'lights.rad']
[63 texlights parsed from 'lights.rad']

Loading c:\users\quint\documents\source mapping\open fortress\dm_edifice_a0.bsp
Error! Invalid VTX file checksum: 1568127961, expected -931059440 "models/pickups/emitter.dx80.vtx"
Error! Unable to load file "models/props/coffee_machine.dx80.vtx"
Error! Unable to load file "models/props/soda_machine.dx80.vtx"
788 faces
1234231 square feet [177729312.00 square inches]
0 Displacements
0 Square Feet [0.00 Square Inches]
788 patches before subdivision
33750 patches after subdivision
0 direct lights
0...1...2...3...4...5...6...7...8...9...100...1...2...3...4...5...6...7...8...9...10transfers 1139098, max 341
transfer lists:   8.7 megs
0...1...2...3...4...5...6...7...8...9...10	Bounce #1 added RGB(0, 0, 0)
Build Patch/Sample Hash Table(s).....Done<0.0051 sec>
0...1...2...3...4...5...6...7...8...9...10FinalLightFace Done
0 of 0 (0% of) surface lights went in leaf ambient cubes.
0...1...2...3...4...5...6...7...8...9...10Writing leaf ambient...done
Ready to Finish

Object names       Objects/Maxobjs  Memory / Maxmem  Fullness 
------------       ---------------  ---------------  -------- 
models                   1/1024           48/49152    ( 0.1%) 
brushes                 82/8192          984/98304    ( 1.0%) 
brushsides             527/65536        4216/524288   ( 0.8%) 
planes                 224/65536        4480/1310720  ( 0.3%) 
vertexes              1068/65536       12816/786432   ( 1.6%) 
nodes                  363/65536       11616/2097152  ( 0.6%) 
texinfos                16/12288        1152/884736   ( 0.1%) 
texdata                  9/2048          288/65536    ( 0.4%) 
dispinfos                0/0               0/0        ( 0.0%) 
disp_verts               0/0               0/0        ( 0.0%) 
disp_tris                0/0               0/0        ( 0.0%) 
disp_lmsamples           0/0               0/0        ( 0.0%) 
faces                  788/65536       44128/3670016  ( 1.2%) 
hdr faces                0/65536           0/3670016  ( 0.0%) 
origfaces              185/65536       10360/3670016  ( 0.3%) 
leaves                 365/65536       11680/2097152  ( 0.6%) 
leaffaces              843/65536        1686/131072   ( 1.3%) 
leafbrushes            291/65536         582/131072   ( 0.4%) 
areas                    2/256            16/2048     ( 0.8%) 
surfedges             4372/512000      17488/2048000  ( 0.9%) 
edges                 2397/256000       9588/1024000  ( 0.9%) 
LDR worldlights          0/8192            0/720896   ( 0.0%) 
HDR worldlights          0/8192            0/720896   ( 0.0%) 
leafwaterdata            0/32768           0/393216   ( 0.0%) 
waterstrips             80/32768         800/327680   ( 0.2%) 
waterverts               0/65536           0/786432   ( 0.0%) 
waterindices          1020/65536        2040/131072   ( 1.6%) 
cubemapsamples           0/1024            0/16384    ( 0.0%) 
overlays                 0/512             0/180224   ( 0.0%) 
LDR lightdata         [variable]      871820/0        ( 0.0%) 
HDR lightdata         [variable]           0/0        ( 0.0%) 
visdata               [variable]        6925/16777216 ( 0.0%) 
entdata               [variable]        5771/393216   ( 1.5%) 
LDR ambient table      365/65536        1460/262144   ( 0.6%) 
HDR ambient table      365/65536        1460/262144   ( 0.6%) 
LDR leaf ambient       149/65536        4172/1835008  ( 0.2%) 
HDR leaf ambient       365/65536       10220/1835008  ( 0.6%) 
occluders                0/0               0/0        ( 0.0%) 
occluder polygons        0/0               0/0        ( 0.0%) 
occluder vert ind        0/0               0/0        ( 0.0%) 
detail props          [variable]           1/12       ( 8.3%) 
static props          [variable]           1/620      ( 0.2%) 
pakfile               [variable]          54/0        ( 0.0%) 
physics               [variable]       25507/4194304  ( 0.6%) 
physics terrain       [variable]           2/1048576  ( 0.0%) 

Level flags = 0

Total triangle count: 2061
Writing c:\users\quint\documents\source mapping\open fortress\dm_edifice_a0.bsp
ZIP Output overshot buffer estimate: Estimated 0, actual 54
1 second elapsed



materialPath: C:\Program Files (x86)\Steam\steamapps\sourcemods\open_fortress\materials
Loading C:\Users\quint\Documents\Source Mapping\Open Fortress\dm_edifice_a0.vmf
fixing up env_cubemap materials on brush sides...
0...1...2...3...4...5...6...7...8...9...10**** leaked ****
Entity dm_powerup_spawner (-1664.00 1280.00 1328.00) leaked!
Processing areas...done (0)
Building Faces...done (0)
FixTjuncs...
PruneNodes...
WriteBSP...
done (0)
*** Error: Skybox vtf files for skybox/sky_tf2_04 weren't compiled with the same size texture and/or same flags!
Can't load skybox file skybox/sky_tf2_04 to build the default cubemap!
*** Error: Skybox vtf files for skybox/sky_tf2_04 weren't compiled with the same size texture and/or same flags!
Can't load skybox file skybox/sky_tf2_04 to build the default cubemap!
Finding displacement neighbors...
Finding lightmap sample positions...
Displacement Alpha : 0...1...2...3...4...5...6...7...8...9...10
Building Physics collision data...
done (0) (23326 bytes)
Placing detail props : 0...1...2...3...4...5...6...7...8...9...10
Compacting texture/material tables...
Reduced 16 texinfos to 14
Reduced 7 texdatas to 7 (217 bytes to 217)
Writing C:\Users\quint\Documents\Source Mapping\Open Fortress\dm_edifice_a0.bsp
MSG_FILEWRITE - Filesystem was asked to write to 'C:\Users\quint\Documents\Source Mapping\Open Fortress\dm_edifice_a0.bsp', but we don't own that location. Allowing.
ZIP Output overshot buffer estimate: Estimated 0, actual 54
0 seconds elapsed



20 threads
reading c:\users\quint\documents\source mapping\open fortress\dm_edifice_a0.bsp
reading c:\users\quint\documents\source mapping\open fortress\dm_edifice_a0.prt
LoadPortals: couldn't read c:\users\quint\documents\source mapping\open fortress\dm_edifice_a0.prt



materialPath: C:\Program Files (x86)\Steam\steamapps\sourcemods\open_fortress\materials
Loading C:\Users\quint\Documents\Source Mapping\Open Fortress\dm_edifice_a0.vmf
fixing up env_cubemap materials on brush sides...
0...1...2...3...4...5...6...7...8...9...100...1...2...3...4...5...6...7...8...9...10Processing areas...done (0)
Building Faces...done (0)
FixTjuncs...
PruneNodes...
WriteBSP...
done (0)
writing C:\Users\quint\Documents\Source Mapping\Open Fortress\dm_edifice_a0.prt...Building visibility clusters...
done (0)
*** Error: Skybox vtf files for skybox/sky_tf2_04 weren't compiled with the same size texture and/or same flags!
Can't load skybox file skybox/sky_tf2_04 to build the default cubemap!
*** Error: Skybox vtf files for skybox/sky_tf2_04 weren't compiled with the same size texture and/or same flags!
Can't load skybox file skybox/sky_tf2_04 to build the default cubemap!
Finding displacement neighbors...
Finding lightmap sample positions...
Displacement Alpha : 0...1...2...3...4...5...6...7...8...9...10
Building Physics collision data...
done (0) (25443 bytes)
Placing detail props : 0...1...2...3...4...5...6...7...8...9...10
Compacting texture/material tables...
Reduced 19 texinfos to 15
Reduced 8 texdatas to 8 (235 bytes to 235)
Writing C:\Users\quint\Documents\Source Mapping\Open Fortress\dm_edifice_a0.bsp
MSG_FILEWRITE - Filesystem was asked to write to 'C:\Users\quint\Documents\Source Mapping\Open Fortress\dm_edifice_a0.bsp', but we don't own that location. Allowing.
ZIP Output overshot buffer estimate: Estimated 0, actual 54
0 seconds elapsed



20 threads
reading c:\users\quint\documents\source mapping\open fortress\dm_edifice_a0.bsp
reading c:\users\quint\documents\source mapping\open fortress\dm_edifice_a0.prt
 155 portalclusters
 402 numportals
0...1...2...3...4...5...6...7...8...9...100...1...2...3...4...5...6...7...8...9...10Optimized: 22 visible clusters (0.16%)
Total clusters visible: 13889
Average clusters visible: 89
Building PAS...
Average clusters audible: 154
visdatasize:7521  compressed from 7440
writing c:\users\quint\documents\source mapping\open fortress\dm_edifice_a0.bsp
MSG_FILEWRITE - Filesystem was asked to write to 'c:\users\quint\documents\source mapping\open fortress\dm_edifice_a0.bsp', but we don't own that location. Allowing.
ZIP Output overshot buffer estimate: Estimated 0, actual 54
0 seconds elapsed



[Reading texlights from 'lights.rad']
[63 texlights parsed from 'lights.rad']

Loading c:\users\quint\documents\source mapping\open fortress\dm_edifice_a0.bsp
Error! Invalid VTX file checksum: 1568127961, expected -931059440 "models/pickups/emitter.dx80.vtx"
Error! Unable to load file "models/props/soda_machine.dx80.vtx"
Error! Unable to load file "models/props/coffee_machine.dx80.vtx"
802 faces
1296809 square feet [186740624.00 square inches]
0 Displacements
0 Square Feet [0.00 Square Inches]
802 patches before subdivision
33766 patches after subdivision
0 direct lights
0...1...2...3...4...5...6...7...8...9...100...1...2...3...4...5...6...7...8...9...10transfers 1140152, max 341
transfer lists:   8.7 megs
0...1...2...3...4...5...6...7...8...9...10	Bounce #1 added RGB(0, 0, 0)
Build Patch/Sample Hash Table(s).....Done<0.0051 sec>
0...1...2...3...4...5...6...7...8...9...10FinalLightFace Done
0 of 0 (0% of) surface lights went in leaf ambient cubes.
0...1...2...3...4...5...6...7...8...9...10Writing leaf ambient...done
Ready to Finish

Object names       Objects/Maxobjs  Memory / Maxmem  Fullness 
------------       ---------------  ---------------  -------- 
models                   1/1024           48/49152    ( 0.1%) 
brushes                 77/8192          924/98304    ( 0.9%) 
brushsides             497/65536        3976/524288   ( 0.8%) 
planes                 178/65536        3560/1310720  ( 0.3%) 
vertexes              1084/65536       13008/786432   ( 1.7%) 
nodes                  384/65536       12288/2097152  ( 0.6%) 
texinfos                15/12288        1080/884736   ( 0.1%) 
texdata                  8/2048          256/65536    ( 0.4%) 
dispinfos                0/0               0/0        ( 0.0%) 
disp_verts               0/0               0/0        ( 0.0%) 
disp_tris                0/0               0/0        ( 0.0%) 
disp_lmsamples           0/0               0/0        ( 0.0%) 
faces                  802/65536       44912/3670016  ( 1.2%) 
hdr faces                0/65536           0/3670016  ( 0.0%) 
origfaces              185/65536       10360/3670016  ( 0.3%) 
leaves                 386/65536       12352/2097152  ( 0.6%) 
leaffaces              846/65536        1692/131072   ( 1.3%) 
leafbrushes            287/65536         574/131072   ( 0.4%) 
areas                    2/256            16/2048     ( 0.8%) 
surfedges             4430/512000      17720/2048000  ( 0.9%) 
edges                 2428/256000       9712/1024000  ( 0.9%) 
LDR worldlights          0/8192            0/720896   ( 0.0%) 
HDR worldlights          0/8192            0/720896   ( 0.0%) 
leafwaterdata            0/32768           0/393216   ( 0.0%) 
waterstrips             82/32768         820/327680   ( 0.3%) 
waterverts               0/65536           0/786432   ( 0.0%) 
waterindices          1050/65536        2100/131072   ( 1.6%) 
cubemapsamples           0/1024            0/16384    ( 0.0%) 
overlays                 0/512             0/180224   ( 0.0%) 
LDR lightdata         [variable]      871752/0        ( 0.0%) 
HDR lightdata         [variable]           0/0        ( 0.0%) 
visdata               [variable]        7521/16777216 ( 0.0%) 
entdata               [variable]        2067/393216   ( 0.5%) 
LDR ambient table      386/65536        1544/262144   ( 0.6%) 
HDR ambient table      386/65536        1544/262144   ( 0.6%) 
LDR leaf ambient       155/65536        4340/1835008  ( 0.2%) 
HDR leaf ambient       386/65536       10808/1835008  ( 0.6%) 
occluders                0/0               0/0        ( 0.0%) 
occluder polygons        0/0               0/0        ( 0.0%) 
occluder vert ind        0/0               0/0        ( 0.0%) 
detail props          [variable]           1/12       ( 8.3%) 
static props          [variable]           1/620      ( 0.2%) 
pakfile               [variable]          54/0        ( 0.0%) 
physics               [variable]       25443/4194304  ( 0.6%) 
physics terrain       [variable]           2/1048576  ( 0.0%) 

Level flags = 0

Total triangle count: 2089
Writing c:\users\quint\documents\source mapping\open fortress\dm_edifice_a0.bsp
ZIP Output overshot buffer estimate: Estimated 0, actual 54
1 second elapsed



materialPath: C:\Program Files (x86)\Steam\steamapps\sourcemods\open_fortress\materials
Loading C:\Users\quint\Documents\Source Mapping\Open Fortress\dm_edifice_a0.vmf
fixing up env_cubemap materials on brush sides...
0...1...2...3...4...5...6...7...8...9...100...1...2...3...4...5...6...7...8...9...10Processing areas...done (0)
Building Faces...done (0)
FixTjuncs...
PruneNodes...
WriteBSP...
done (0)
writing C:\Users\quint\Documents\Source Mapping\Open Fortress\dm_edifice_a0.prt...Building visibility clusters...
done (0)
*** Error: Skybox vtf files for skybox/sky_tf2_04 weren't compiled with the same size texture and/or same flags!
Can't load skybox file skybox/sky_tf2_04 to build the default cubemap!
*** Error: Skybox vtf files for skybox/sky_tf2_04 weren't compiled with the same size texture and/or same flags!
Can't load skybox file skybox/sky_tf2_04 to build the default cubemap!
Finding displacement neighbors...
Finding lightmap sample positions...
Displacement Alpha : 0...1...2...3...4...5...6...7...8...9...10
Building Physics collision data...
done (0) (33010 bytes)
Placing detail props : 0...1...2...3...4...5...6...7...8...9...10
Compacting texture/material tables...
Reduced 30 texinfos to 23
Reduced 9 texdatas to 9 (256 bytes to 256)
Writing C:\Users\quint\Documents\Source Mapping\Open Fortress\dm_edifice_a0.bsp
MSG_FILEWRITE - Filesystem was asked to write to 'C:\Users\quint\Documents\Source Mapping\Open Fortress\dm_edifice_a0.bsp', but we don't own that location. Allowing.
ZIP Output overshot buffer estimate: Estimated 0, actual 54
0 seconds elapsed



20 threads
reading c:\users\quint\documents\source mapping\open fortress\dm_edifice_a0.bsp
reading c:\users\quint\documents\source mapping\open fortress\dm_edifice_a0.prt
 167 portalclusters
 407 numportals
0...1...2...3...4...5...6...7...8...9...100...1...2...3...4...5...6...7...8...9...10Optimized: 67 visible clusters (0.45%)
Total clusters visible: 15040
Average clusters visible: 90
Building PAS...
Average clusters audible: 164
visdatasize:8319  compressed from 8016
writing c:\users\quint\documents\source mapping\open fortress\dm_edifice_a0.bsp
MSG_FILEWRITE - Filesystem was asked to write to 'c:\users\quint\documents\source mapping\open fortress\dm_edifice_a0.bsp', but we don't own that location. Allowing.
ZIP Output overshot buffer estimate: Estimated 0, actual 54
0 seconds elapsed



[Reading texlights from 'lights.rad']
[63 texlights parsed from 'lights.rad']

Loading c:\users\quint\documents\source mapping\open fortress\dm_edifice_a0.bsp
Error! Invalid VTX file checksum: 1568127961, expected -931059440 "models/pickups/emitter.dx80.vtx"
Error! Unable to load file "models/props/soda_machine.dx80.vtx"
Error! Unable to load file "models/props/coffee_machine.dx80.vtx"
Error! Unable to load file "models/props_gameplay/launchpad_top.dx80.vtx"
1070 faces
1475666 square feet [212496000.00 square inches]
0 Displacements
0 Square Feet [0.00 Square Inches]
1070 patches before subdivision
59024 patches after subdivision
0 direct lights
0...1...2...3...4...5...6...7...8...9...100...1...2...3...4...5...6...7...8...9...10transfers 2952386, max 344
transfer lists:  22.5 megs
0...1...2...3...4...5...6...7...8...9...10	Bounce #1 added RGB(0, 0, 0)
Build Patch/Sample Hash Table(s).....Done<0.0086 sec>
0...1...2...3...4...5...6...7...8...9...10FinalLightFace Done
0 of 0 (0% of) surface lights went in leaf ambient cubes.
0...1...2...3...4...5...6...7...8...9...10Writing leaf ambient...done
Ready to Finish

Object names       Objects/Maxobjs  Memory / Maxmem  Fullness 
------------       ---------------  ---------------  -------- 
models                   3/1024          144/49152    ( 0.3%) 
brushes                 99/8192         1188/98304    ( 1.2%) 
brushsides             634/65536        5072/524288   ( 1.0%) 
planes                 266/65536        5320/1310720  ( 0.4%) 
vertexes              1453/65536       17436/786432   ( 2.2%) 
nodes                  409/65536       13088/2097152  ( 0.6%) 
texinfos                23/12288        1656/884736   ( 0.2%) 
texdata                  9/2048          288/65536    ( 0.4%) 
dispinfos                0/0               0/0        ( 0.0%) 
disp_verts               0/0               0/0        ( 0.0%) 
disp_tris                0/0               0/0        ( 0.0%) 
disp_lmsamples           0/0               0/0        ( 0.0%) 
faces                 1070/65536       59920/3670016  ( 1.6%) 
hdr faces                0/65536           0/3670016  ( 0.0%) 
origfaces              238/65536       13328/3670016  ( 0.4%) 
leaves                 413/65536       13216/2097152  ( 0.6%) 
leaffaces             1182/65536        2364/131072   ( 1.8%) 
leafbrushes            347/65536         694/131072   ( 0.5%) 
areas                    2/256            16/2048     ( 0.8%) 
surfedges             5873/512000      23492/2048000  ( 1.1%) 
edges                 3215/256000      12860/1024000  ( 1.3%) 
LDR worldlights          0/8192            0/720896   ( 0.0%) 
HDR worldlights          0/8192            0/720896   ( 0.0%) 
leafwaterdata            0/32768           0/393216   ( 0.0%) 
waterstrips             81/32768         810/327680   ( 0.2%) 
waterverts               0/65536           0/786432   ( 0.0%) 
waterindices          1077/65536        2154/131072   ( 1.6%) 
cubemapsamples           0/1024            0/16384    ( 0.0%) 
overlays                 0/512             0/180224   ( 0.0%) 
LDR lightdata         [variable]     1490680/0        ( 0.0%) 
HDR lightdata         [variable]           0/0        ( 0.0%) 
visdata               [variable]        8319/16777216 ( 0.0%) 
entdata               [variable]        2627/393216   ( 0.7%) 
LDR ambient table      413/65536        1652/262144   ( 0.6%) 
HDR ambient table      413/65536        1652/262144   ( 0.6%) 
LDR leaf ambient       179/65536        5012/1835008  ( 0.3%) 
HDR leaf ambient       413/65536       11564/1835008  ( 0.6%) 
occluders                0/0               0/0        ( 0.0%) 
occluder polygons        0/0               0/0        ( 0.0%) 
occluder vert ind        0/0               0/0        ( 0.0%) 
detail props          [variable]           1/12       ( 8.3%) 
static props          [variable]           1/826      ( 0.1%) 
pakfile               [variable]          54/0        ( 0.0%) 
physics               [variable]       33010/4194304  ( 0.8%) 
physics terrain       [variable]           2/1048576  ( 0.0%) 

Level flags = 0

Total triangle count: 2786
Writing c:\users\quint\documents\source mapping\open fortress\dm_edifice_a0.bsp
ZIP Output overshot buffer estimate: Estimated 0, actual 54
2 seconds elapsed



materialPath: C:\Program Files (x86)\Steam\steamapps\sourcemods\open_fortress\materials
Loading C:\Users\quint\Documents\Source Mapping\Open Fortress\dm_edifice_a0.vmf
fixing up env_cubemap materials on brush sides...
0...1...2...3...4...5...6...7...8...9...100...1...2...3...4...5...6...7...8...9...10Processing areas...done (0)
Building Faces...done (0)
FixTjuncs...
PruneNodes...
WriteBSP...
done (0)
writing C:\Users\quint\Documents\Source Mapping\Open Fortress\dm_edifice_a0.prt...Building visibility clusters...
done (0)
*** Error: Skybox vtf files for skybox/sky_tf2_04 weren't compiled with the same size texture and/or same flags!
Can't load skybox file skybox/sky_tf2_04 to build the default cubemap!
*** Error: Skybox vtf files for skybox/sky_tf2_04 weren't compiled with the same size texture and/or same flags!
Can't load skybox file skybox/sky_tf2_04 to build the default cubemap!
Finding displacement neighbors...
Finding lightmap sample positions...
Displacement Alpha : 0...1...2...3...4...5...6...7...8...9...10
Building Physics collision data...
done (0) (33010 bytes)
Placing detail props : 0...1...2...3...4...5...6...7...8...9...10
Compacting texture/material tables...
Reduced 30 texinfos to 23
Reduced 9 texdatas to 9 (256 bytes to 256)
Writing C:\Users\quint\Documents\Source Mapping\Open Fortress\dm_edifice_a0.bsp
MSG_FILEWRITE - Filesystem was asked to write to 'C:\Users\quint\Documents\Source Mapping\Open Fortress\dm_edifice_a0.bsp', but we don't own that location. Allowing.
ZIP Output overshot buffer estimate: Estimated 0, actual 54
0 seconds elapsed



20 threads
reading c:\users\quint\documents\source mapping\open fortress\dm_edifice_a0.bsp
reading c:\users\quint\documents\source mapping\open fortress\dm_edifice_a0.prt
 167 portalclusters
 407 numportals
0...1...2...3...4...5...6...7...8...9...100...1...2...3...4...5...6...7...8...9...10Optimized: 67 visible clusters (0.45%)
Total clusters visible: 15040
Average clusters visible: 90
Building PAS...
Average clusters audible: 164
visdatasize:8319  compressed from 8016
writing c:\users\quint\documents\source mapping\open fortress\dm_edifice_a0.bsp
MSG_FILEWRITE - Filesystem was asked to write to 'c:\users\quint\documents\source mapping\open fortress\dm_edifice_a0.bsp', but we don't own that location. Allowing.
ZIP Output overshot buffer estimate: Estimated 0, actual 54
0 seconds elapsed



[Reading texlights from 'lights.rad']
[63 texlights parsed from 'lights.rad']

Loading c:\users\quint\documents\source mapping\open fortress\dm_edifice_a0.bsp
Error! Invalid VTX file checksum: 1568127961, expected -931059440 "models/pickups/emitter.dx80.vtx"
Error! Unable to load file "models/props/soda_machine.dx80.vtx"
Error! Unable to load file "models/props/coffee_machine.dx80.vtx"
Error! Unable to load file "models/props_gameplay/launchpad_top.dx80.vtx"
1070 faces
1761283 square feet [253624832.00 square inches]
0 Displacements
0 Square Feet [0.00 Square Inches]
1070 patches before subdivision
59024 patches after subdivision
0 direct lights
0...1...2...3...4...5...6...7...8...9...100...1...2...3...4...5...6...7...8...9...10transfers 2952386, max 344
transfer lists:  22.5 megs
0...1...2...3...4...5...6...7...8...9...10	Bounce #1 added RGB(0, 0, 0)
Build Patch/Sample Hash Table(s).....Done<0.0086 sec>
0...1...2...3...4...5...6...7...8...9...10FinalLightFace Done
0 of 0 (0% of) surface lights went in leaf ambient cubes.
0...1...2...3...4...5...6...7...8...9...10Writing leaf ambient...done
Ready to Finish

Object names       Objects/Maxobjs  Memory / Maxmem  Fullness 
------------       ---------------  ---------------  -------- 
models                   3/1024          144/49152    ( 0.3%) 
brushes                 99/8192         1188/98304    ( 1.2%) 
brushsides             634/65536        5072/524288   ( 1.0%) 
planes                 270/65536        5400/1310720  ( 0.4%) 
vertexes              1453/65536       17436/786432   ( 2.2%) 
nodes                  409/65536       13088/2097152  ( 0.6%) 
texinfos                23/12288        1656/884736   ( 0.2%) 
texdata                  9/2048          288/65536    ( 0.4%) 
dispinfos                0/0               0/0        ( 0.0%) 
disp_verts               0/0               0/0        ( 0.0%) 
disp_tris                0/0               0/0        ( 0.0%) 
disp_lmsamples           0/0               0/0        ( 0.0%) 
faces                 1070/65536       59920/3670016  ( 1.6%) 
hdr faces                0/65536           0/3670016  ( 0.0%) 
origfaces              238/65536       13328/3670016  ( 0.4%) 
leaves                 413/65536       13216/2097152  ( 0.6%) 
leaffaces             1182/65536        2364/131072   ( 1.8%) 
leafbrushes            347/65536         694/131072   ( 0.5%) 
areas                    2/256            16/2048     ( 0.8%) 
surfedges             5873/512000      23492/2048000  ( 1.1%) 
edges                 3215/256000      12860/1024000  ( 1.3%) 
LDR worldlights          0/8192            0/720896   ( 0.0%) 
HDR worldlights          0/8192            0/720896   ( 0.0%) 
leafwaterdata            0/32768           0/393216   ( 0.0%) 
waterstrips             81/32768         810/327680   ( 0.2%) 
waterverts               0/65536           0/786432   ( 0.0%) 
waterindices          1077/65536        2154/131072   ( 1.6%) 
cubemapsamples           0/1024            0/16384    ( 0.0%) 
overlays                 0/512             0/180224   ( 0.0%) 
LDR lightdata         [variable]     1490680/0        ( 0.0%) 
HDR lightdata         [variable]           0/0        ( 0.0%) 
visdata               [variable]        8319/16777216 ( 0.0%) 
entdata               [variable]        2626/393216   ( 0.7%) 
LDR ambient table      413/65536        1652/262144   ( 0.6%) 
HDR ambient table      413/65536        1652/262144   ( 0.6%) 
LDR leaf ambient       179/65536        5012/1835008  ( 0.3%) 
HDR leaf ambient       413/65536       11564/1835008  ( 0.6%) 
occluders                0/0               0/0        ( 0.0%) 
occluder polygons        0/0               0/0        ( 0.0%) 
occluder vert ind        0/0               0/0        ( 0.0%) 
detail props          [variable]           1/12       ( 8.3%) 
static props          [variable]           1/826      ( 0.1%) 
pakfile               [variable]          54/0        ( 0.0%) 
physics               [variable]       33010/4194304  ( 0.8%) 
physics terrain       [variable]           2/1048576  ( 0.0%) 

Level flags = 0

Total triangle count: 2786
Writing c:\users\quint\documents\source mapping\open fortress\dm_edifice_a0.bsp
ZIP Output overshot buffer estimate: Estimated 0, actual 54
2 seconds elapsed



materialPath: C:\Program Files (x86)\Steam\steamapps\sourcemods\open_fortress\materials
Loading C:\Users\quint\Documents\Source Mapping\Open Fortress\dm_edifice_a0.vmf
fixing up env_cubemap materials on brush sides...
0...1...2...3...4...5...6...7...8...9...10**** leaked ****
Entity prop_static (-3806.00 1759.35 1320.00) leaked!

FindPortalSide: Couldn't find a good match for which brush to assign to a portal near (-4608.0 -1024.0 -560.0)
Leaf 0 contents: CONTENTS_SOLID 
Leaf 1 contents: 
viscontents (node 0 contents ^ node 1 contents): CONTENTS_SOLID 
This means that none of the brushes in leaf 0 or 1 that touches the portal has CONTENTS_SOLID 
Check for a huge brush enclosing the coordinates above that has contents CONTENTS_SOLID 
Candidate brush IDs: 


FindPortalSide: Couldn't find a good match for which brush to assign to a portal near (-4480.0 0.0 -1000.0)
Leaf 0 contents: 
Leaf 1 contents: CONTENTS_SOLID 
viscontents (node 0 contents ^ node 1 contents): CONTENTS_SOLID 
This means that none of the brushes in leaf 0 or 1 that touches the portal has CONTENTS_SOLID 
Check for a huge brush enclosing the coordinates above that has contents CONTENTS_SOLID 
Candidate brush IDs: 


FindPortalSide: Couldn't find a good match for which brush to assign to a portal near (-4992.0 0.0 -1000.0)
Leaf 0 contents: 
Leaf 1 contents: CONTENTS_SOLID 
viscontents (node 0 contents ^ node 1 contents): CONTENTS_SOLID 
This means that none of the brushes in leaf 0 or 1 that touches the portal has CONTENTS_SOLID 
Check for a huge brush enclosing the coordinates above that has contents CONTENTS_SOLID 
Candidate brush IDs: 


FindPortalSide: Couldn't find a good match for which brush to assign to a portal near (-4480.0 0.0 1432.0)
Leaf 0 contents: 
Leaf 1 contents: CONTENTS_SOLID 
viscontents (node 0 contents ^ node 1 contents): CONTENTS_SOLID 
This means that none of the brushes in leaf 0 or 1 that touches the portal has CONTENTS_SOLID 
Check for a huge brush enclosing the coordinates above that has contents CONTENTS_SOLID 
Candidate brush IDs: 


FindPortalSide: Couldn't find a good match for which brush to assign to a portal near (-4992.0 0.0 1432.0)
Leaf 0 contents: 
Leaf 1 contents: CONTENTS_SOLID 
viscontents (node 0 contents ^ node 1 contents): CONTENTS_SOLID 
This means that none of the brushes in leaf 0 or 1 that touches the portal has CONTENTS_SOLID 
Check for a huge brush enclosing the coordinates above that has contents CONTENTS_SOLID 
Candidate brush IDs: 


FindPortalSide: Couldn't find a good match for which brush to assign to a portal near (-4096.0 -224.0 1448.0)
Leaf 0 contents: 
Leaf 1 contents: CONTENTS_SOLID 
viscontents (node 0 contents ^ node 1 contents): CONTENTS_SOLID 
This means that none of the brushes in leaf 0 or 1 that touches the portal has CONTENTS_SOLID 
Check for a huge brush enclosing the coordinates above that has contents CONTENTS_SOLID 
Candidate brush IDs: 


FindPortalSide: Couldn't find a good match for which brush to assign to a portal near (-4096.0 -224.0 -984.0)
Leaf 0 contents: 
Leaf 1 contents: CONTENTS_SOLID 
viscontents (node 0 contents ^ node 1 contents): CONTENTS_SOLID 
This means that none of the brushes in leaf 0 or 1 that touches the portal has CONTENTS_SOLID 
Check for a huge brush enclosing the coordinates above that has contents CONTENTS_SOLID 
Candidate brush IDs: 


FindPortalSide: Couldn't find a good match for which brush to assign to a portal near (-4096.0 -736.0 -560.0)
Leaf 0 contents: 
Leaf 1 contents: CONTENTS_SOLID 
viscontents (node 0 contents ^ node 1 contents): CONTENTS_SOLID 
This means that none of the brushes in leaf 0 or 1 that touches the portal has CONTENTS_SOLID 
Check for a huge brush enclosing the coordinates above that has contents CONTENTS_SOLID 
Candidate brush IDs: 

*** Suppressing further FindPortalSide errors.... ***
Processing areas...done (0)
Building Faces...done (0)
FixTjuncs...
PruneNodes...
WriteBSP...
done (0)
*** Error: Skybox vtf files for skybox/sky_tf2_04 weren't compiled with the same size texture and/or same flags!
Can't load skybox file skybox/sky_tf2_04 to build the default cubemap!
*** Error: Skybox vtf files for skybox/sky_tf2_04 weren't compiled with the same size texture and/or same flags!
Can't load skybox file skybox/sky_tf2_04 to build the default cubemap!
Finding displacement neighbors...
Finding lightmap sample positions...
Displacement Alpha : 0...1...2...3...4...5...6...7...8...9...10
Building Physics collision data...
done (0) (31934 bytes)
Static prop models/props_gameplay/launchpad_top.mdl outside the map (-3806.00, 1759.35, 1320.00)
Placing detail props : 0...1...2...3...4...5...6...7...8...9...10
Compacting texture/material tables...
Reduced 27 texinfos to 22
Reduced 8 texdatas to 8 (236 bytes to 236)
Writing C:\Users\quint\Documents\Source Mapping\Open Fortress\dm_edifice_a0.bsp
MSG_FILEWRITE - Filesystem was asked to write to 'C:\Users\quint\Documents\Source Mapping\Open Fortress\dm_edifice_a0.bsp', but we don't own that location. Allowing.
ZIP Output overshot buffer estimate: Estimated 0, actual 54
0 seconds elapsed



20 threads
reading c:\users\quint\documents\source mapping\open fortress\dm_edifice_a0.bsp
reading c:\users\quint\documents\source mapping\open fortress\dm_edifice_a0.prt
LoadPortals: couldn't read c:\users\quint\documents\source mapping\open fortress\dm_edifice_a0.prt



materialPath: C:\Program Files (x86)\Steam\steamapps\sourcemods\open_fortress\materials
Loading C:\Users\quint\Documents\Source Mapping\Open Fortress\dm_edifice_a0.vmf
fixing up env_cubemap materials on brush sides...
0...1...2...3...4...5...6...7...8...9...100...1...2...3...4...5...6...7...8...9...10Processing areas...done (0)
Building Faces...done (0)
FixTjuncs...
PruneNodes...
WriteBSP...
done (0)
writing C:\Users\quint\Documents\Source Mapping\Open Fortress\dm_edifice_a0.prt...Building visibility clusters...
done (0)
*** Error: Skybox vtf files for skybox/sky_tf2_04 weren't compiled with the same size texture and/or same flags!
Can't load skybox file skybox/sky_tf2_04 to build the default cubemap!
*** Error: Skybox vtf files for skybox/sky_tf2_04 weren't compiled with the same size texture and/or same flags!
Can't load skybox file skybox/sky_tf2_04 to build the default cubemap!
Finding displacement neighbors...
Finding lightmap sample positions...
Displacement Alpha : 0...1...2...3...4...5...6...7...8...9...10
Building Physics collision data...
done (0) (35786 bytes)
Placing detail props : 0...1...2...3...4...5...6...7...8...9...10
Compacting texture/material tables...
Reduced 33 texinfos to 26
Reduced 9 texdatas to 9 (254 bytes to 254)
Writing C:\Users\quint\Documents\Source Mapping\Open Fortress\dm_edifice_a0.bsp
MSG_FILEWRITE - Filesystem was asked to write to 'C:\Users\quint\Documents\Source Mapping\Open Fortress\dm_edifice_a0.bsp', but we don't own that location. Allowing.
ZIP Output overshot buffer estimate: Estimated 0, actual 54
0 seconds elapsed



20 threads
reading c:\users\quint\documents\source mapping\open fortress\dm_edifice_a0.bsp
reading c:\users\quint\documents\source mapping\open fortress\dm_edifice_a0.prt
 228 portalclusters
 613 numportals
0...1...2...3...4...5...6...7...8...9...100...1...2...3...4...5...6...7...8...9...10Optimized: 103 visible clusters (0.38%)
Total clusters visible: 26857
Average clusters visible: 117
Building PAS...
Average clusters audible: 227
visdatasize:15072  compressed from 14592
writing c:\users\quint\documents\source mapping\open fortress\dm_edifice_a0.bsp
MSG_FILEWRITE - Filesystem was asked to write to 'c:\users\quint\documents\source mapping\open fortress\dm_edifice_a0.bsp', but we don't own that location. Allowing.
ZIP Output overshot buffer estimate: Estimated 0, actual 54
0 seconds elapsed



[Reading texlights from 'lights.rad']
[63 texlights parsed from 'lights.rad']

Loading c:\users\quint\documents\source mapping\open fortress\dm_edifice_a0.bsp
Error! Unable to load file "models/props_gameplay/launchpad_top.dx80.vtx"
Error! Invalid VTX file checksum: 1568127961, expected -931059440 "models/pickups/emitter.dx80.vtx"
Error! Unable to load file "models/props/soda_machine.dx80.vtx"
Error! Unable to load file "models/props/coffee_machine.dx80.vtx"
1348 faces
2326108 square feet [334959552.00 square inches]
0 Displacements
0 Square Feet [0.00 Square Inches]
1348 patches before subdivision
76320 patches after subdivision
0 direct lights
0...1...2...3...4...5...6...7...8...9...100...1...2...3...4...5...6...7...8...9...10transfers 3746137, max 537
transfer lists:  28.6 megs
0...1...2...3...4...5...6...7...8...9...10	Bounce #1 added RGB(0, 0, 0)
Build Patch/Sample Hash Table(s).....Done<0.0114 sec>
0...1...2...3...4...5...6...7...8...9...10FinalLightFace Done
0 of 0 (0% of) surface lights went in leaf ambient cubes.
0...1...2...3...4...5...6...7...8...9...10Writing leaf ambient...done
Ready to Finish

Object names       Objects/Maxobjs  Memory / Maxmem  Fullness 
------------       ---------------  ---------------  -------- 
models                   4/1024          192/49152    ( 0.4%) 
brushes                106/8192         1272/98304    ( 1.3%) 
brushsides             676/65536        5408/524288   ( 1.0%) 
planes                 294/65536        5880/1310720  ( 0.4%) 
vertexes              1785/65536       21420/786432   ( 2.7%) 
nodes                  517/65536       16544/2097152  ( 0.8%) 
texinfos                26/12288        1872/884736   ( 0.2%) 
texdata                  9/2048          288/65536    ( 0.4%) 
dispinfos                0/0               0/0        ( 0.0%) 
disp_verts               0/0               0/0        ( 0.0%) 
disp_tris                0/0               0/0        ( 0.0%) 
disp_lmsamples           0/0               0/0        ( 0.0%) 
faces                 1348/65536       75488/3670016  ( 2.1%) 
hdr faces                0/65536           0/3670016  ( 0.0%) 
origfaces              280/65536       15680/3670016  ( 0.4%) 
leaves                 522/65536       16704/2097152  ( 0.8%) 
leaffaces             1482/65536        2964/131072   ( 2.3%) 
leafbrushes            384/65536         768/131072   ( 0.6%) 
areas                    2/256            16/2048     ( 0.8%) 
surfedges             7270/512000      29080/2048000  ( 1.4%) 
edges                 3917/256000      15668/1024000  ( 1.5%) 
LDR worldlights          0/8192            0/720896   ( 0.0%) 
HDR worldlights          0/8192            0/720896   ( 0.0%) 
leafwaterdata            0/32768           0/393216   ( 0.0%) 
waterstrips             82/32768         820/327680   ( 0.3%) 
waterverts               0/65536           0/786432   ( 0.0%) 
waterindices          1095/65536        2190/131072   ( 1.7%) 
cubemapsamples           0/1024            0/16384    ( 0.0%) 
overlays                 0/512             0/180224   ( 0.0%) 
LDR lightdata         [variable]     1959692/0        ( 0.0%) 
HDR lightdata         [variable]           0/0        ( 0.0%) 
visdata               [variable]       15072/16777216 ( 0.1%) 
entdata               [variable]        2978/393216   ( 0.8%) 
LDR ambient table      522/65536        2088/262144   ( 0.8%) 
HDR ambient table      522/65536        2088/262144   ( 0.8%) 
LDR leaf ambient       246/65536        6888/1835008  ( 0.4%) 
HDR leaf ambient       522/65536       14616/1835008  ( 0.8%) 
occluders                0/0               0/0        ( 0.0%) 
occluder polygons        0/0               0/0        ( 0.0%) 
occluder vert ind        0/0               0/0        ( 0.0%) 
detail props          [variable]           1/12       ( 8.3%) 
static props          [variable]           1/898      ( 0.1%) 
pakfile               [variable]          54/0        ( 0.0%) 
physics               [variable]       35786/4194304  ( 0.9%) 
physics terrain       [variable]           2/1048576  ( 0.0%) 

Level flags = 0

Total triangle count: 3461
Writing c:\users\quint\documents\source mapping\open fortress\dm_edifice_a0.bsp
ZIP Output overshot buffer estimate: Estimated 0, actual 54
3 seconds elapsed



materialPath: C:\Program Files (x86)\Steam\steamapps\sourcemods\open_fortress\materials
Loading C:\Users\quint\Documents\Source Mapping\Open Fortress\dm_edifice_a0.vmf
fixing up env_cubemap materials on brush sides...
0...1...2...3...4...5...6...7...8...9...100...1...2...3...4...5...6...7...8...9...10Processing areas...done (0)
Building Faces...done (0)
FixTjuncs...
PruneNodes...
WriteBSP...
done (0)
writing C:\Users\quint\Documents\Source Mapping\Open Fortress\dm_edifice_a0.prt...Building visibility clusters...
done (0)
*** Error: Skybox vtf files for skybox/sky_tf2_04 weren't compiled with the same size texture and/or same flags!
Can't load skybox file skybox/sky_tf2_04 to build the default cubemap!
*** Error: Skybox vtf files for skybox/sky_tf2_04 weren't compiled with the same size texture and/or same flags!
Can't load skybox file skybox/sky_tf2_04 to build the default cubemap!
Finding displacement neighbors...
Finding lightmap sample positions...
Displacement Alpha : 0...1...2...3...4...5...6...7...8...9...10
Building Physics collision data...
done (0) (35786 bytes)
Placing detail props : 0...1...2...3...4...5...6...7...8...9...10
Compacting texture/material tables...
Reduced 33 texinfos to 26
Reduced 9 texdatas to 9 (254 bytes to 254)
Writing C:\Users\quint\Documents\Source Mapping\Open Fortress\dm_edifice_a0.bsp
MSG_FILEWRITE - Filesystem was asked to write to 'C:\Users\quint\Documents\Source Mapping\Open Fortress\dm_edifice_a0.bsp', but we don't own that location. Allowing.
ZIP Output overshot buffer estimate: Estimated 0, actual 54
0 seconds elapsed



20 threads
reading c:\users\quint\documents\source mapping\open fortress\dm_edifice_a0.bsp
reading c:\users\quint\documents\source mapping\open fortress\dm_edifice_a0.prt
 228 portalclusters
 613 numportals
0...1...2...3...4...5...6...7...8...9...100...1...2...3...4...5...6...7...8...9...10Optimized: 96 visible clusters (0.36%)
Total clusters visible: 26850
Average clusters visible: 117
Building PAS...
Average clusters audible: 227
visdatasize:15072  compressed from 14592
writing c:\users\quint\documents\source mapping\open fortress\dm_edifice_a0.bsp
MSG_FILEWRITE - Filesystem was asked to write to 'c:\users\quint\documents\source mapping\open fortress\dm_edifice_a0.bsp', but we don't own that location. Allowing.
ZIP Output overshot buffer estimate: Estimated 0, actual 54
0 seconds elapsed



[Reading texlights from 'lights.rad']
[63 texlights parsed from 'lights.rad']

Loading c:\users\quint\documents\source mapping\open fortress\dm_edifice_a0.bsp
Error! Unable to load file "models/props_gameplay/launchpad_top.dx80.vtx"
Error! Invalid VTX file checksum: 1568127961, expected -931059440 "models/pickups/emitter.dx80.vtx"
Error! Unable to load file "models/props/soda_machine.dx80.vtx"
Error! Unable to load file "models/props/coffee_machine.dx80.vtx"
1348 faces
2326108 square feet [334959552.00 square inches]
0 Displacements
0 Square Feet [0.00 Square Inches]
1348 patches before subdivision
76320 patches after subdivision
0 direct lights
0...1...2...3...4...5...6...7...8...9...100...1...2...3...4...5...6...7...8...9...10transfers 3746137, max 537
transfer lists:  28.6 megs
0...1...2...3...4...5...6...7...8...9...10	Bounce #1 added RGB(0, 0, 0)
Build Patch/Sample Hash Table(s).....Done<0.0125 sec>
0...1...2...3...4...5...6...7...8...9...10FinalLightFace Done
0 of 0 (0% of) surface lights went in leaf ambient cubes.
0...1...2...3...4...5...6...7...8...9...10Writing leaf ambient...done
Ready to Finish

Object names       Objects/Maxobjs  Memory / Maxmem  Fullness 
------------       ---------------  ---------------  -------- 
models                   4/1024          192/49152    ( 0.4%) 
brushes                106/8192         1272/98304    ( 1.3%) 
brushsides             676/65536        5408/524288   ( 1.0%) 
planes                 294/65536        5880/1310720  ( 0.4%) 
vertexes              1785/65536       21420/786432   ( 2.7%) 
nodes                  517/65536       16544/2097152  ( 0.8%) 
texinfos                26/12288        1872/884736   ( 0.2%) 
texdata                  9/2048          288/65536    ( 0.4%) 
dispinfos                0/0               0/0        ( 0.0%) 
disp_verts               0/0               0/0        ( 0.0%) 
disp_tris                0/0               0/0        ( 0.0%) 
disp_lmsamples           0/0               0/0        ( 0.0%) 
faces                 1348/65536       75488/3670016  ( 2.1%) 
hdr faces                0/65536           0/3670016  ( 0.0%) 
origfaces              280/65536       15680/3670016  ( 0.4%) 
leaves                 522/65536       16704/2097152  ( 0.8%) 
leaffaces             1482/65536        2964/131072   ( 2.3%) 
leafbrushes            384/65536         768/131072   ( 0.6%) 
areas                    2/256            16/2048     ( 0.8%) 
surfedges             7270/512000      29080/2048000  ( 1.4%) 
edges                 3917/256000      15668/1024000  ( 1.5%) 
LDR worldlights          0/8192            0/720896   ( 0.0%) 
HDR worldlights          0/8192            0/720896   ( 0.0%) 
leafwaterdata            0/32768           0/393216   ( 0.0%) 
waterstrips             82/32768         820/327680   ( 0.3%) 
waterverts               0/65536           0/786432   ( 0.0%) 
waterindices          1095/65536        2190/131072   ( 1.7%) 
cubemapsamples           0/1024            0/16384    ( 0.0%) 
overlays                 0/512             0/180224   ( 0.0%) 
LDR lightdata         [variable]     1959692/0        ( 0.0%) 
HDR lightdata         [variable]           0/0        ( 0.0%) 
visdata               [variable]       15072/16777216 ( 0.1%) 
entdata               [variable]        2978/393216   ( 0.8%) 
LDR ambient table      522/65536        2088/262144   ( 0.8%) 
HDR ambient table      522/65536        2088/262144   ( 0.8%) 
LDR leaf ambient       246/65536        6888/1835008  ( 0.4%) 
HDR leaf ambient       522/65536       14616/1835008  ( 0.8%) 
occluders                0/0               0/0        ( 0.0%) 
occluder polygons        0/0               0/0        ( 0.0%) 
occluder vert ind        0/0               0/0        ( 0.0%) 
detail props          [variable]           1/12       ( 8.3%) 
static props          [variable]           1/898      ( 0.1%) 
pakfile               [variable]          54/0        ( 0.0%) 
physics               [variable]       35786/4194304  ( 0.9%) 
physics terrain       [variable]           2/1048576  ( 0.0%) 

Level flags = 0

Total triangle count: 3461
Writing c:\users\quint\documents\source mapping\open fortress\dm_edifice_a0.bsp
ZIP Output overshot buffer estimate: Estimated 0, actual 54
3 seconds elapsed



materialPath: C:\Program Files (x86)\Steam\steamapps\sourcemods\open_fortress\materials
Loading C:\Users\quint\Documents\Source Mapping\Open Fortress\dm_edifice_a0.vmf
fixing up env_cubemap materials on brush sides...
0...1...2...3...4...5...6...7...8...9...100...1...2...3...4...5...6...7...8...9...10Processing areas...done (0)
Building Faces...done (0)
FixTjuncs...
PruneNodes...
WriteBSP...
done (0)
writing C:\Users\quint\Documents\Source Mapping\Open Fortress\dm_edifice_a0.prt...Building visibility clusters...
done (0)
*** Error: Skybox vtf files for skybox/sky_tf2_04 weren't compiled with the same size texture and/or same flags!
Can't load skybox file skybox/sky_tf2_04 to build the default cubemap!
*** Error: Skybox vtf files for skybox/sky_tf2_04 weren't compiled with the same size texture and/or same flags!
Can't load skybox file skybox/sky_tf2_04 to build the default cubemap!
Finding displacement neighbors...
Finding lightmap sample positions...
Displacement Alpha : 0...1...2...3...4...5...6...7...8...9...10
Building Physics collision data...
done (0) (35786 bytes)
Placing detail props : 0...1...2...3...4...5...6...7...8...9...10
Compacting texture/material tables...
Reduced 33 texinfos to 26
Reduced 9 texdatas to 9 (254 bytes to 254)
Writing C:\Users\quint\Documents\Source Mapping\Open Fortress\dm_edifice_a0.bsp
MSG_FILEWRITE - Filesystem was asked to write to 'C:\Users\quint\Documents\Source Mapping\Open Fortress\dm_edifice_a0.bsp', but we don't own that location. Allowing.
ZIP Output overshot buffer estimate: Estimated 0, actual 54
0 seconds elapsed



20 threads
reading c:\users\quint\documents\source mapping\open fortress\dm_edifice_a0.bsp
reading c:\users\quint\documents\source mapping\open fortress\dm_edifice_a0.prt
 228 portalclusters
 613 numportals
0...1...2...3...4...5...6...7...8...9...100...1...2...3...4...5...6...7...8...9...10Optimized: 96 visible clusters (0.36%)
Total clusters visible: 26850
Average clusters visible: 117
Building PAS...
Average clusters audible: 227
visdatasize:15072  compressed from 14592
writing c:\users\quint\documents\source mapping\open fortress\dm_edifice_a0.bsp
MSG_FILEWRITE - Filesystem was asked to write to 'c:\users\quint\documents\source mapping\open fortress\dm_edifice_a0.bsp', but we don't own that location. Allowing.
ZIP Output overshot buffer estimate: Estimated 0, actual 54
0 seconds elapsed



[Reading texlights from 'lights.rad']
[63 texlights parsed from 'lights.rad']

Loading c:\users\quint\documents\source mapping\open fortress\dm_edifice_a0.bsp
Error! Unable to load file "models/props_gameplay/launchpad_top.dx80.vtx"
Error! Invalid VTX file checksum: 1568127961, expected -931059440 "models/pickups/emitter.dx80.vtx"
Error! Unable to load file "models/props/soda_machine.dx80.vtx"
Error! Unable to load file "models/props/coffee_machine.dx80.vtx"
1348 faces
2326108 square feet [334959552.00 square inches]
0 Displacements
0 Square Feet [0.00 Square Inches]
1348 patches before subdivision
76320 patches after subdivision
0 direct lights
0...1...2...3...4...5...6...7...8...9...100...1...2...3...4...5...6...7...8...9...10transfers 3746137, max 537
transfer lists:  28.6 megs
0...1...2...3...4...5...6...7...8...9...10	Bounce #1 added RGB(0, 0, 0)
Build Patch/Sample Hash Table(s).....Done<0.0113 sec>
0...1...2...3...4...5...6...7...8...9...10FinalLightFace Done
0 of 0 (0% of) surface lights went in leaf ambient cubes.
0...1...2...3...4...5...6...7...8...9...10Writing leaf ambient...done
Ready to Finish

Object names       Objects/Maxobjs  Memory / Maxmem  Fullness 
------------       ---------------  ---------------  -------- 
models                   4/1024          192/49152    ( 0.4%) 
brushes                106/8192         1272/98304    ( 1.3%) 
brushsides             676/65536        5408/524288   ( 1.0%) 
planes                 294/65536        5880/1310720  ( 0.4%) 
vertexes              1785/65536       21420/786432   ( 2.7%) 
nodes                  517/65536       16544/2097152  ( 0.8%) 
texinfos                26/12288        1872/884736   ( 0.2%) 
texdata                  9/2048          288/65536    ( 0.4%) 
dispinfos                0/0               0/0        ( 0.0%) 
disp_verts               0/0               0/0        ( 0.0%) 
disp_tris                0/0               0/0        ( 0.0%) 
disp_lmsamples           0/0               0/0        ( 0.0%) 
faces                 1348/65536       75488/3670016  ( 2.1%) 
hdr faces                0/65536           0/3670016  ( 0.0%) 
origfaces              280/65536       15680/3670016  ( 0.4%) 
leaves                 522/65536       16704/2097152  ( 0.8%) 
leaffaces             1482/65536        2964/131072   ( 2.3%) 
leafbrushes            384/65536         768/131072   ( 0.6%) 
areas                    2/256            16/2048     ( 0.8%) 
surfedges             7270/512000      29080/2048000  ( 1.4%) 
edges                 3917/256000      15668/1024000  ( 1.5%) 
LDR worldlights          0/8192            0/720896   ( 0.0%) 
HDR worldlights          0/8192            0/720896   ( 0.0%) 
leafwaterdata            0/32768           0/393216   ( 0.0%) 
waterstrips             82/32768         820/327680   ( 0.3%) 
waterverts               0/65536           0/786432   ( 0.0%) 
waterindices          1095/65536        2190/131072   ( 1.7%) 
cubemapsamples           0/1024            0/16384    ( 0.0%) 
overlays                 0/512             0/180224   ( 0.0%) 
LDR lightdata         [variable]     1959692/0        ( 0.0%) 
HDR lightdata         [variable]           0/0        ( 0.0%) 
visdata               [variable]       15072/16777216 ( 0.1%) 
entdata               [variable]        2978/393216   ( 0.8%) 
LDR ambient table      522/65536        2088/262144   ( 0.8%) 
HDR ambient table      522/65536        2088/262144   ( 0.8%) 
LDR leaf ambient       246/65536        6888/1835008  ( 0.4%) 
HDR leaf ambient       522/65536       14616/1835008  ( 0.8%) 
occluders                0/0               0/0        ( 0.0%) 
occluder polygons        0/0               0/0        ( 0.0%) 
occluder vert ind        0/0               0/0        ( 0.0%) 
detail props          [variable]           1/12       ( 8.3%) 
static props          [variable]           1/898      ( 0.1%) 
pakfile               [variable]          54/0        ( 0.0%) 
physics               [variable]       35786/4194304  ( 0.9%) 
physics terrain       [variable]           2/1048576  ( 0.0%) 

Level flags = 0

Total triangle count: 3461
Writing c:\users\quint\documents\source mapping\open fortress\dm_edifice_a0.bsp
ZIP Output overshot buffer estimate: Estimated 0, actual 54
3 seconds elapsed



materialPath: C:\Program Files (x86)\Steam\steamapps\sourcemods\open_fortress\materials
Loading C:\Users\quint\Documents\Source Mapping\Open Fortress\dm_edifice_a0.vmf
fixing up env_cubemap materials on brush sides...
0...1...2...3...4...5...6...7...8...9...100...1...2...3...4...5...6...7...8...9...10Processing areas...done (0)
Building Faces...done (0)
FixTjuncs...
PruneNodes...
WriteBSP...
done (0)
writing C:\Users\quint\Documents\Source Mapping\Open Fortress\dm_edifice_a0.prt...Building visibility clusters...
done (0)
*** Error: Skybox vtf files for skybox/sky_tf2_04 weren't compiled with the same size texture and/or same flags!
Can't load skybox file skybox/sky_tf2_04 to build the default cubemap!
*** Error: Skybox vtf files for skybox/sky_tf2_04 weren't compiled with the same size texture and/or same flags!
Can't load skybox file skybox/sky_tf2_04 to build the default cubemap!
Finding displacement neighbors...
Finding lightmap sample positions...
Displacement Alpha : 0...1...2...3...4...5...6...7...8...9...10
Building Physics collision data...
done (0) (35786 bytes)
Placing detail props : 0...1...2...3...4...5...6...7...8...9...10
Compacting texture/material tables...
Reduced 33 texinfos to 26
Reduced 9 texdatas to 9 (254 bytes to 254)
Writing C:\Users\quint\Documents\Source Mapping\Open Fortress\dm_edifice_a0.bsp
MSG_FILEWRITE - Filesystem was asked to write to 'C:\Users\quint\Documents\Source Mapping\Open Fortress\dm_edifice_a0.bsp', but we don't own that location. Allowing.
ZIP Output overshot buffer estimate: Estimated 0, actual 54
0 seconds elapsed



20 threads
reading c:\users\quint\documents\source mapping\open fortress\dm_edifice_a0.bsp
reading c:\users\quint\documents\source mapping\open fortress\dm_edifice_a0.prt
 228 portalclusters
 613 numportals
0...1...2...3...4...5...6...7...8...9...100...1...2...3...4...5...6...7...8...9...10Optimized: 96 visible clusters (0.36%)
Total clusters visible: 26850
Average clusters visible: 117
Building PAS...
Average clusters audible: 227
visdatasize:15072  compressed from 14592
writing c:\users\quint\documents\source mapping\open fortress\dm_edifice_a0.bsp
MSG_FILEWRITE - Filesystem was asked to write to 'c:\users\quint\documents\source mapping\open fortress\dm_edifice_a0.bsp', but we don't own that location. Allowing.
ZIP Output overshot buffer estimate: Estimated 0, actual 54
0 seconds elapsed



[Reading texlights from 'lights.rad']
[63 texlights parsed from 'lights.rad']

Loading c:\users\quint\documents\source mapping\open fortress\dm_edifice_a0.bsp
Error! Unable to load file "models/props_gameplay/launchpad_top.dx80.vtx"
Error! Invalid VTX file checksum: 1568127961, expected -931059440 "models/pickups/emitter.dx80.vtx"
Error! Unable to load file "models/props/soda_machine.dx80.vtx"
Error! Unable to load file "models/props/coffee_machine.dx80.vtx"
1348 faces
2326108 square feet [334959552.00 square inches]
0 Displacements
0 Square Feet [0.00 Square Inches]
1348 patches before subdivision
76320 patches after subdivision
0 direct lights
0...1...2...3...4...5...6...7...8...9...100...1...2...3...4...5...6...7...8...9...10transfers 3746181, max 537
transfer lists:  28.6 megs
0...1...2...3...4...5...6...7...8...9...10	Bounce #1 added RGB(0, 0, 0)
Build Patch/Sample Hash Table(s).....Done<0.0112 sec>
0...1...2...3...4...5...6...7...8...9...10FinalLightFace Done
0 of 0 (0% of) surface lights went in leaf ambient cubes.
0...1...2...3...4...5...6...7...8...9...10Writing leaf ambient...done
Ready to Finish

Object names       Objects/Maxobjs  Memory / Maxmem  Fullness 
------------       ---------------  ---------------  -------- 
models                   4/1024          192/49152    ( 0.4%) 
brushes                106/8192         1272/98304    ( 1.3%) 
brushsides             676/65536        5408/524288   ( 1.0%) 
planes                 294/65536        5880/1310720  ( 0.4%) 
vertexes              1785/65536       21420/786432   ( 2.7%) 
nodes                  517/65536       16544/2097152  ( 0.8%) 
texinfos                26/12288        1872/884736   ( 0.2%) 
texdata                  9/2048          288/65536    ( 0.4%) 
dispinfos                0/0               0/0        ( 0.0%) 
disp_verts               0/0               0/0        ( 0.0%) 
disp_tris                0/0               0/0        ( 0.0%) 
disp_lmsamples           0/0               0/0        ( 0.0%) 
faces                 1348/65536       75488/3670016  ( 2.1%) 
hdr faces                0/65536           0/3670016  ( 0.0%) 
origfaces              280/65536       15680/3670016  ( 0.4%) 
leaves                 522/65536       16704/2097152  ( 0.8%) 
leaffaces             1482/65536        2964/131072   ( 2.3%) 
leafbrushes            384/65536         768/131072   ( 0.6%) 
areas                    2/256            16/2048     ( 0.8%) 
surfedges             7270/512000      29080/2048000  ( 1.4%) 
edges                 3917/256000      15668/1024000  ( 1.5%) 
LDR worldlights          0/8192            0/720896   ( 0.0%) 
HDR worldlights          0/8192            0/720896   ( 0.0%) 
leafwaterdata            0/32768           0/393216   ( 0.0%) 
waterstrips             82/32768         820/327680   ( 0.3%) 
waterverts               0/65536           0/786432   ( 0.0%) 
waterindices          1095/65536        2190/131072   ( 1.7%) 
cubemapsamples           0/1024            0/16384    ( 0.0%) 
overlays                 0/512             0/180224   ( 0.0%) 
LDR lightdata         [variable]     1959692/0        ( 0.0%) 
HDR lightdata         [variable]           0/0        ( 0.0%) 
visdata               [variable]       15072/16777216 ( 0.1%) 
entdata               [variable]        2978/393216   ( 0.8%) 
LDR ambient table      522/65536        2088/262144   ( 0.8%) 
HDR ambient table      522/65536        2088/262144   ( 0.8%) 
LDR leaf ambient       246/65536        6888/1835008  ( 0.4%) 
HDR leaf ambient       522/65536       14616/1835008  ( 0.8%) 
occluders                0/0               0/0        ( 0.0%) 
occluder polygons        0/0               0/0        ( 0.0%) 
occluder vert ind        0/0               0/0        ( 0.0%) 
detail props          [variable]           1/12       ( 8.3%) 
static props          [variable]           1/896      ( 0.1%) 
pakfile               [variable]          54/0        ( 0.0%) 
physics               [variable]       35786/4194304  ( 0.9%) 
physics terrain       [variable]           2/1048576  ( 0.0%) 

Level flags = 0

Total triangle count: 3461
Writing c:\users\quint\documents\source mapping\open fortress\dm_edifice_a0.bsp
ZIP Output overshot buffer estimate: Estimated 0, actual 54
3 seconds elapsed
