PRT1
228
613
4 0 15 (0 2048 992 ) (0 2048 2304 ) (-864 2048 2304 ) (-864 2048 992 ) 
4 0 5 (0 2048 992 ) (-864 2048 992 ) (-864 3072 992 ) (0 3072 992 ) 
4 0 3 (-864 2048 1856 ) (-864 2048 2304 ) (-864 2208 2304 ) (-864 2208 1856 ) 
4 0 2 (-864 2208 1856 ) (-864 2208 2304 ) (-864 2240 2304 ) (-864 2240 1856 ) 
4 0 1 (-864 3072 992 ) (-864 2240 992 ) (-864 2240 2304 ) (-864 3072 2304 ) 
4 1 9 (-1024 3072 1856 ) (-1024 3072 992 ) (-1024 2240 992 ) (-1024 2240 1856 ) 
4 1 8 (-1024 3072 2304 ) (-1024 3072 1856 ) (-1024 2240 1856 ) (-1024 2240 2304 ) 
4 1 6 (-1024 2240 992 ) (-1024 3072 992 ) (-864 3072 992 ) (-864 2240 992 ) 
4 1 2 (-864 2240 1856 ) (-864 2240 2304 ) (-1024 2240 2304 ) (-1024 2240 1856 ) 
4 2 8 (-1024 2208 1856 ) (-1024 2208 2304 ) (-1024 2240 2304 ) (-1024 2240 1856 ) 
4 2 3 (-864 2208 1856 ) (-864 2208 2304 ) (-1024 2208 2304 ) (-1024 2208 1856 ) 
4 3 16 (-1024 2048 2304 ) (-1024 2048 1856 ) (-864 2048 1856 ) (-864 2048 2304 ) 
4 3 10 (-1024 2048 1856 ) (-1024 2048 2304 ) (-1024 2208 2304 ) (-1024 2208 1856 ) 
4 4 19 (-1024 2048 1600 ) (-1024 2048 1184 ) (-928 2048 1184 ) (-928 2048 1600 ) 
4 4 12 (-1024 2048 1184 ) (-1024 2048 1312 ) (-1024 2208 1312 ) (-1024 2208 1184 ) 
4 4 11 (-1024 2048 1312 ) (-1024 2048 1600 ) (-1024 2208 1600 ) (-1024 2208 1312 ) 
4 5 15 (0 2048 -3072 ) (0 2048 992 ) (-864 2048 992 ) (-864 2048 -3072 ) 
4 5 7 (-864 2240 -3072 ) (-864 2048 -3072 ) (-864 2048 -2976 ) (-864 2240 -2976 ) 
4 5 6 (-864 3072 -3072 ) (-864 2240 -3072 ) (-864 2240 992 ) (-864 3072 992 ) 
4 6 13 (-1024 2240 992 ) (-1024 3072 992 ) (-1024 3072 -3072 ) (-1024 2240 -3072 ) 
4 6 7 (-1024 2240 -3072 ) (-864 2240 -3072 ) (-864 2240 -2976 ) (-1024 2240 -2976 ) 
4 7 21 (-1024 2048 -2976 ) (-1024 2048 -3072 ) (-864 2048 -3072 ) (-864 2048 -2976 ) 
4 7 14 (-1024 2048 -3072 ) (-1024 2048 -2976 ) (-1024 2240 -2976 ) (-1024 2240 -3072 ) 
4 8 115 (-2048 2240 1856 ) (-2048 2208 1856 ) (-2048 2208 2304 ) (-2048 2240 2304 ) 
4 8 114 (-2048 3072 2304 ) (-2048 3072 1856 ) (-2048 2240 1856 ) (-2048 2240 2304 ) 
4 8 10 (-1024 2208 1856 ) (-1024 2208 2304 ) (-2048 2208 2304 ) (-2048 2208 1856 ) 
4 8 9 (-2048 2240 1856 ) (-2048 3072 1856 ) (-1024 3072 1856 ) (-1024 2240 1856 ) 
4 9 114 (-2048 3072 1856 ) (-2048 3072 992 ) (-2048 2240 992 ) (-2048 2240 1856 ) 
4 9 13 (-2048 3072 992 ) (-1024 3072 992 ) (-1024 2240 992 ) (-2048 2240 992 ) 
4 10 116 (-2048 2048 1856 ) (-2048 2048 2304 ) (-2048 2208 2304 ) (-2048 2208 1856 ) 
4 10 22 (-2048 2048 2304 ) (-2048 2048 1856 ) (-1024 2048 1856 ) (-1024 2048 2304 ) 
4 11 117 (-2048 2048 1312 ) (-2048 2048 1600 ) (-2048 2208 1600 ) (-2048 2208 1312 ) 
4 11 23 (-2048 2048 1600 ) (-2048 2048 1312 ) (-1024 2048 1312 ) (-1024 2048 1600 ) 
4 11 12 (-1024 2048 1312 ) (-1504 2048 1312 ) (-1504 2208 1312 ) (-1024 2208 1312 ) 
4 12 32 (-1216 2048 1280 ) (-1504 2048 1280 ) (-1504 2048 1184 ) (-1216 2048 1184 ) 
4 12 30 (-1024 2048 1184 ) (-1024 2048 1280 ) (-1216 2048 1280 ) (-1216 2048 1184 ) 
4 12 25 (-1216 2048 1312 ) (-1504 2048 1312 ) (-1504 2048 1280 ) (-1216 2048 1280 ) 
4 12 24 (-1024 2048 1280 ) (-1024 2048 1312 ) (-1216 2048 1312 ) (-1216 2048 1280 ) 
4 13 121 (-2048 2240 992 ) (-2048 3072 992 ) (-2048 3072 -3072 ) (-2048 2240 -3072 ) 
4 13 14 (-2048 2240 -3072 ) (-1024 2240 -3072 ) (-1024 2240 -2976 ) (-2048 2240 -2976 ) 
4 14 122 (-2048 2048 -3072 ) (-2048 2048 -2976 ) (-2048 2240 -2976 ) (-2048 2240 -3072 ) 
4 14 36 (-2048 2048 -2976 ) (-2048 2048 -3072 ) (-1024 2048 -3072 ) (-1024 2048 -2976 ) 
4 15 37 (0 1024 -3072 ) (0 1024 2304 ) (-864 1024 2304 ) (-864 1024 -3072 ) 
4 15 21 (-864 1024 -3072 ) (-864 1024 -2976 ) (-864 2048 -2976 ) (-864 2048 -3072 ) 
4 15 17 (-864 1024 1056 ) (-864 1024 1280 ) (-864 1440 1280 ) (-864 1440 1056 ) 
4 15 16 (-864 1024 1856 ) (-864 1024 2304 ) (-864 2048 2304 ) (-864 2048 1856 ) 
4 16 38 (-864 1024 1856 ) (-864 1024 2304 ) (-1024 1024 2304 ) (-1024 1024 1856 ) 
4 16 22 (-1024 2048 2304 ) (-1024 2048 1856 ) (-1024 1024 1856 ) (-1024 1024 2304 ) 
4 17 44 (-864 1024 1056 ) (-864 1024 1280 ) (-896 1024 1280 ) (-896 1024 1056 ) 
4 17 18 (-896 1024 1056 ) (-896 1024 1280 ) (-896 1440 1280 ) (-896 1440 1056 ) 
4 18 47 (-928 1024 1056 ) (-928 1024 1024 ) (-896 1024 1024 ) (-896 1024 1056 ) 
4 18 45 (-928 1024 1280 ) (-928 1024 1056 ) (-896 1024 1056 ) (-896 1024 1280 ) 
4 18 42 (-928 1024 1312 ) (-928 1024 1280 ) (-896 1024 1280 ) (-896 1024 1312 ) 
4 18 40 (-896 1024 1600 ) (-928 1024 1600 ) (-928 1024 1312 ) (-896 1024 1312 ) 
4 18 20 (-928 1472 1024 ) (-928 1024 1024 ) (-928 1024 1184 ) (-928 1472 1184 ) 
4 18 19 (-928 1024 1184 ) (-928 1024 1600 ) (-928 1472 1600 ) (-928 1472 1184 ) 
4 19 45 (-1024 1024 1280 ) (-1024 1024 1184 ) (-928 1024 1184 ) (-928 1024 1280 ) 
4 19 42 (-1024 1024 1312 ) (-1024 1024 1280 ) (-928 1024 1280 ) (-928 1024 1312 ) 
4 19 40 (-928 1024 1600 ) (-1024 1024 1600 ) (-1024 1024 1312 ) (-928 1024 1312 ) 
4 19 30 (-1024 2048 1280 ) (-1024 2048 1184 ) (-1024 1024 1184 ) (-1024 1024 1280 ) 
4 19 26 (-1024 1472 1280 ) (-1024 1024 1280 ) (-1024 1024 1312 ) (-1024 1472 1312 ) 
4 19 24 (-1024 2048 1312 ) (-1024 2048 1280 ) (-1024 1472 1280 ) (-1024 1472 1312 ) 
4 19 23 (-1024 2048 1600 ) (-1024 2048 1312 ) (-1024 1024 1312 ) (-1024 1024 1600 ) 
4 19 20 (-1024 1024 1184 ) (-1024 1728 1184 ) (-928 1728 1184 ) (-928 1024 1184 ) 
4 20 47 (-1024 1024 1056 ) (-1024 1024 1024 ) (-928 1024 1024 ) (-928 1024 1056 ) 
4 20 45 (-1024 1024 1184 ) (-1024 1024 1056 ) (-928 1024 1056 ) (-928 1024 1184 ) 
4 20 31 (-1024 1472 1024 ) (-1024 1024 1024 ) (-1024 1024 1184 ) (-1024 1728 1184 ) 
4 21 48 (-864 1024 -3072 ) (-864 1024 -2976 ) (-1024 1024 -2976 ) (-1024 1024 -3072 ) 
4 21 36 (-1024 2048 -2976 ) (-1024 2048 -3072 ) (-1024 1024 -3072 ) (-1024 1024 -2976 ) 
4 22 128 (-2048 1024 1856 ) (-2048 1024 2304 ) (-2048 2048 2304 ) (-2048 2048 1856 ) 
4 22 54 (-1024 1024 1856 ) (-1024 1024 2304 ) (-2048 1024 2304 ) (-2048 1024 1856 ) 
4 23 129 (-2048 1472 1600 ) (-2048 2048 1600 ) (-2048 2048 1312 ) (-2048 1472 1312 ) 
4 23 130 (-2048 1024 1312 ) (-2048 1024 1600 ) (-2048 1472 1600 ) (-2048 1472 1312 ) 
4 23 59 (-1856 1024 1600 ) (-2048 1024 1600 ) (-2048 1024 1312 ) (-1856 1024 1312 ) 
4 23 56 (-1472 1024 1600 ) (-1856 1024 1600 ) (-1856 1024 1568 ) (-1472 1024 1568 ) 
4 23 57 (-1856 1024 1568 ) (-1856 1024 1312 ) (-1472 1024 1312 ) (-1472 1024 1568 ) 
4 23 55 (-1024 1024 1312 ) (-1024 1024 1600 ) (-1472 1024 1600 ) (-1472 1024 1312 ) 
4 23 29 (-2048 1024 1312 ) (-2048 1472 1312 ) (-1856 1472 1312 ) (-1856 1024 1312 ) 
4 23 28 (-1856 1472 1312 ) (-1792 1408 1312 ) (-1792 1152 1312 ) (-1856 1088 1312 ) 
3 23 27 (-1472 1088 1312 ) (-1408 1024 1312 ) (-1472 1024 1312 ) 
6 23 26 (-1024 1472 1312 ) (-1024 1024 1312 ) (-1408 1024 1312 ) (-1536 1152 1312 ) (-1536 1408 1312 ) (-1472 1472 1312 ) 
4 23 25 (-1504 2048 1312 ) (-1216 2048 1312 ) (-1216 1728 1312 ) (-1504 1728 1312 ) 
4 23 24 (-1216 2048 1312 ) (-1024 2048 1312 ) (-1024 1472 1312 ) (-1216 1472 1312 ) 
4 24 30 (-1216 2048 1280 ) (-1024 2048 1280 ) (-1024 1472 1280 ) (-1216 1472 1280 ) 
4 24 26 (-1216 1472 1280 ) (-1024 1472 1280 ) (-1024 1472 1312 ) (-1216 1472 1312 ) 
4 24 25 (-1216 2048 1280 ) (-1216 1784.321777 1280 ) (-1216 1728 1312 ) (-1216 2048 1312 ) 
4 25 32 (-1504 2048 1280 ) (-1216 2048 1280 ) (-1216 1784.321777 1280 ) (-1504 1784.321777 1280 ) 
4 26 67 (-1216 1024 1312 ) (-1408 1024 1312 ) (-1408 1024 1280 ) (-1216 1024 1280 ) 
4 26 66 (-1024 1024 1280 ) (-1024 1024 1312 ) (-1216 1024 1312 ) (-1216 1024 1280 ) 
4 26 35 (-1504 1120 1280 ) (-1536 1152 1280 ) (-1536 1408 1280 ) (-1504 1440 1280 ) 
6 26 33 (-1216 1024 1280 ) (-1408 1024 1280 ) (-1504 1120 1280 ) (-1504 1440 1280 ) (-1472 1472 1280 ) (-1216 1472 1280 ) 
4 26 30 (-1024 1024 1280 ) (-1216 1024 1280 ) (-1216 1472 1280 ) (-1024 1472 1280 ) 
4 26 27 (-1472 1088 1280 ) (-1408 1024 1280 ) (-1408 1024 1312 ) (-1472 1088 1312 ) 
4 27 67 (-1408 1024 1312 ) (-1472 1024 1312 ) (-1472 1024 1280 ) (-1408 1024 1280 ) 
3 27 33 (-1408 1024 1280 ) (-1472 1024 1280 ) (-1472 1088 1280 ) 
4 28 35 (-1856 1088 1280 ) (-1856 1472 1280 ) (-1792 1408 1280 ) (-1792 1152 1280 ) 
4 28 29 (-1856 1472 1312 ) (-1856 1472 1280 ) (-1856 1088 1280 ) (-1856 1088 1312 ) 
4 29 130 (-2048 1024 1280 ) (-2048 1024 1312 ) (-2048 1472 1312 ) (-2048 1472 1280 ) 
4 29 68 (-1856 1024 1312 ) (-2048 1024 1312 ) (-2048 1024 1280 ) (-1856 1024 1280 ) 
4 29 35 (-1856 1024 1280 ) (-2048 1024 1280 ) (-2048 1472 1280 ) (-1856 1472 1280 ) 
4 30 70 (-1024 1024 1184 ) (-1024 1024 1280 ) (-1216 1024 1280 ) (-1216 1024 1184 ) 
4 30 32 (-1216 1784.321777 1280 ) (-1216 2048 1280 ) (-1216 2048 1184 ) (-1216 1953.287109 1184 ) 
4 30 33 (-1216 1024 1184 ) (-1216 1024 1280 ) (-1216 1472 1280 ) (-1216 1472 1184 ) 
4 30 31 (-1024 1024 1184 ) (-1216 1024 1184 ) (-1216 1728 1184 ) (-1024 1728 1184 ) 
4 31 70 (-1024 1024 1024 ) (-1024 1024 1184 ) (-1216 1024 1184 ) (-1216 1024 1024 ) 
4 31 34 (-1216 1472 1024 ) (-1216 1024 1024 ) (-1216 1024 1184 ) (-1216 1472 1184 ) 
4 33 70 (-1216 1024 1280 ) (-1504 1024 1280 ) (-1504 1024 1184 ) (-1216 1024 1184 ) 
4 33 35 (-1504 1024 1184 ) (-1504 1024 1280 ) (-1504 1472 1280 ) (-1504 1472 1184 ) 
4 33 34 (-1504 1024 1184 ) (-1504 1472 1184 ) (-1216 1472 1184 ) (-1216 1024 1184 ) 
4 34 70 (-1504 1024 1184 ) (-1504 1024 1024 ) (-1216 1024 1024 ) (-1216 1024 1184 ) 
4 34 35 (-1504 1472 1024 ) (-1504 1024 1024 ) (-1504 1024 1184 ) (-1504 1472 1184 ) 
4 35 130 (-2048 1024 1024 ) (-2048 1024 1280 ) (-2048 1472 1280 ) (-2048 1472 1024 ) 
4 35 70 (-1504 1024 1280 ) (-2048 1024 1280 ) (-2048 1024 1024 ) (-1504 1024 1024 ) 
4 36 131 (-2048 1024 -3072 ) (-2048 1024 -2976 ) (-2048 2048 -2976 ) (-2048 2048 -3072 ) 
4 36 71 (-1024 1024 -3072 ) (-1024 1024 -2976 ) (-2048 1024 -2976 ) (-2048 1024 -3072 ) 
4 37 94 (0 0 -3072 ) (0 0 992 ) (-864 0 992 ) (-864 0 -3072 ) 
4 37 92 (0 0 992 ) (0 0 1024 ) (-864 0 1024 ) (-864 0 992 ) 
4 37 88 (0 0 1024 ) (0 0 1056 ) (-864 0 1056 ) (-864 0 1024 ) 
4 37 79 (0 0 1056 ) (0 0 1312 ) (-864 0 1312 ) (-864 0 1056 ) 
4 37 78 (0 0 1312 ) (0 0 2304 ) (-864 0 2304 ) (-864 0 1312 ) 
4 37 52 (-864 704 -3072 ) (-864 672 -3072 ) (-864 672 -2976 ) (-864 704 -2976 ) 
4 37 53 (-864 672 -3072 ) (-864 0 -3072 ) (-864 0 992 ) (-864 672 992 ) 
4 37 50 (-864 0 1056 ) (-864 0 1280 ) (-864 672 1280 ) (-864 672 1056 ) 
4 37 48 (-864 1024 -2976 ) (-864 1024 -3072 ) (-864 704 -3072 ) (-864 704 -2976 ) 
4 37 44 (-864 1024 1280 ) (-864 1024 1056 ) (-864 736 1056 ) (-864 736 1280 ) 
4 37 41 (-864 672 1312 ) (-864 0 1312 ) (-864 0 1600 ) (-864 672 1600 ) 
4 37 39 (-864 672 1600 ) (-864 0 1600 ) (-864 0 1856 ) (-864 672 1856 ) 
4 37 38 (-864 1024 2304 ) (-864 1024 1856 ) (-864 0 1856 ) (-864 0 2304 ) 
4 38 83 (-896 0 2304 ) (-1024 0 2304 ) (-1024 0 1856 ) (-896 0 1856 ) 
4 38 78 (-864 0 1856 ) (-864 0 2304 ) (-896 0 2304 ) (-896 0 1856 ) 
4 38 60 (-1024 0 1856 ) (-1024 0 2304 ) (-1024 672 2304 ) (-1024 672 1856 ) 
4 38 54 (-1024 672 2304 ) (-1024 1024 2304 ) (-1024 1024 1856 ) (-1024 672 1856 ) 
4 38 39 (-864 672 1856 ) (-864 0 1856 ) (-1024 0 1856 ) (-1024 672 1856 ) 
4 39 83 (-896 0 1856 ) (-1024 0 1856 ) (-1024 0 1600 ) (-896 0 1600 ) 
4 39 78 (-864 0 1600 ) (-864 0 1856 ) (-896 0 1856 ) (-896 0 1600 ) 
4 39 60 (-1024 0 1600 ) (-1024 0 1856 ) (-1024 672 1856 ) (-1024 672 1600 ) 
4 39 41 (-1024 0 1600 ) (-1024 672 1600 ) (-864 672 1600 ) (-864 0 1600 ) 
3 40 55 (-1024 1024 1600 ) (-1024 1024 1312 ) (-1024 704 1312 ) 
4 40 42 (-1024 1024 1312 ) (-896 1024 1312 ) (-896 704 1312 ) (-1024 704 1312 ) 
4 41 83 (-896 0 1600 ) (-1024 0 1600 ) (-1024 0 1312 ) (-896 0 1312 ) 
4 41 78 (-864 0 1312 ) (-864 0 1600 ) (-896 0 1600 ) (-896 0 1312 ) 
4 41 60 (-1024 0 1312 ) (-1024 0 1600 ) (-1024 672 1600 ) (-1024 672 1312 ) 
4 41 43 (-896 0 1312 ) (-1024 0 1312 ) (-1024 672 1312 ) (-896 672 1312 ) 
4 42 66 (-1024 704 1312 ) (-1024 1024 1312 ) (-1024 1024 1280 ) (-1024 704 1280 ) 
4 42 46 (-1024 704 1280 ) (-1024 736 1280 ) (-896 736 1280 ) (-896 704 1280 ) 
4 42 45 (-1024 736 1280 ) (-1024 1024 1280 ) (-896 1024 1280 ) (-896 736 1280 ) 
4 43 84 (-896 0 1312 ) (-1024 0 1312 ) (-1024 0 1280 ) (-896 0 1280 ) 
4 43 69 (-1024 0 1280 ) (-1024 0 1312 ) (-1024 672 1312 ) (-1024 672 1280 ) 
4 43 51 (-1024 0 1280 ) (-1024 672 1280 ) (-896 672 1280 ) (-896 0 1280 ) 
4 44 45 (-896 1024 1056 ) (-896 736 1056 ) (-896 736 1280 ) (-896 1024 1280 ) 
4 45 70 (-1024 736 1280 ) (-1024 1024 1280 ) (-1024 1024 1056 ) (-1024 736 1056 ) 
4 45 47 (-1024 736 1056 ) (-1024 1024 1056 ) (-896 1024 1056 ) (-896 736 1056 ) 
4 45 46 (-1024 736 1056 ) (-896 736 1056 ) (-896 736 1280 ) (-1024 736 1280 ) 
4 46 70 (-1024 704 1056 ) (-1024 704 1280 ) (-1024 736 1280 ) (-1024 736 1056 ) 
4 46 49 (-1024 704 1184 ) (-1024 704 1056 ) (-960 704 1056 ) (-960 704 1184 ) 
4 46 47 (-896 704 1056 ) (-1024 704 1056 ) (-1024 736 1056 ) (-896 736 1056 ) 
4 47 70 (-1024 704 1024 ) (-1024 704 1056 ) (-1024 1024 1056 ) (-1024 1024 1024 ) 
4 47 49 (-960 704 1056 ) (-1024 704 1056 ) (-1024 704 1024 ) (-960 704 1024 ) 
4 48 71 (-1024 704 -3072 ) (-1024 704 -2976 ) (-1024 1024 -2976 ) (-1024 1024 -3072 ) 
4 48 52 (-864 704 -3072 ) (-864 704 -2976 ) (-1024 704 -2976 ) (-1024 704 -3072 ) 
4 49 72 (-1024 704 1184 ) (-1024 704 1024 ) (-1024 672 1024 ) (-1024 672 1184 ) 
4 49 51 (-1024 672 1024 ) (-960 672 1024 ) (-960 672 1184 ) (-1024 672 1184 ) 
4 50 80 (-864 0 1056 ) (-864 0 1280 ) (-896 0 1280 ) (-896 0 1056 ) 
4 50 51 (-896 672 1280 ) (-896 672 1056 ) (-896 0 1056 ) (-896 0 1280 ) 
4 51 90 (-1024 0 1056 ) (-1024 0 1024 ) (-896 0 1024 ) (-896 0 1056 ) 
4 51 85 (-896 0 1280 ) (-1024 0 1280 ) (-1024 0 1056 ) (-896 0 1056 ) 
4 51 75 (-1024 0 1024 ) (-1024 0 1280 ) (-1024 672 1280 ) (-1024 672 1024 ) 
4 52 74 (-1024 704 -2976 ) (-1024 704 -3072 ) (-1024 672 -3072 ) (-1024 672 -2976 ) 
4 52 53 (-1024 672 -3072 ) (-864 672 -3072 ) (-864 672 -2976 ) (-1024 672 -2976 ) 
4 53 94 (-864 0 -3072 ) (-864 0 992 ) (-1024 0 992 ) (-1024 0 -3072 ) 
4 53 76 (-1024 0 -3072 ) (-1024 0 992 ) (-1024 672 992 ) (-1024 672 -3072 ) 
4 54 163 (-2048 1024 2304 ) (-2048 1024 1856 ) (-2048 672 1856 ) (-2048 672 2304 ) 
4 54 64 (-1856 672 2304 ) (-2048 672 2304 ) (-2048 672 1856 ) (-1856 672 1856 ) 
4 54 62 (-1472 672 2304 ) (-1856 672 2304 ) (-1856 672 1856 ) (-1472 672 1856 ) 
4 54 61 (-1280 672 2304 ) (-1472 672 2304 ) (-1472 672 1856 ) (-1280 672 1856 ) 
4 54 60 (-1024 672 1856 ) (-1024 672 2304 ) (-1280 672 2304 ) (-1280 672 1856 ) 
4 55 67 (-1472 1024 1312 ) (-1216 1024 1312 ) (-1216 704 1312 ) (-1472 704 1312 ) 
4 55 66 (-1216 1024 1312 ) (-1024 1024 1312 ) (-1024 704 1312 ) (-1216 704 1312 ) 
3 55 56 (-1472 988.444458 1568 ) (-1472 1024 1600 ) (-1472 1024 1568 ) 
4 55 57 (-1472 1024 1312 ) (-1472 704 1312 ) (-1472 988.444458 1568 ) (-1472 1024 1568 ) 
3 56 59 (-1856 1024 1600 ) (-1856 1024 1568 ) (-1856 988.446960 1568 ) 
4 56 57 (-1472 1024 1568 ) (-1472 988.446960 1568 ) (-1856 988.447021 1568 ) (-1856 1024 1568 ) 
4 57 59 (-1856 1024 1312 ) (-1856 704 1312 ) (-1856 988.444458 1568 ) (-1856 1024 1568 ) 
4 57 58 (-1824 704 1312 ) (-1504 704 1312 ) (-1504 704 1536 ) (-1824 704 1536 ) 
4 58 63 (-1824 672 1312 ) (-1504 672 1312 ) (-1504 672 1536 ) (-1824 672 1536 ) 
3 59 164 (-2048 1024 1600 ) (-2048 1024 1312 ) (-2048 704 1312 ) 
4 59 68 (-2048 1024 1312 ) (-1856 1024 1312 ) (-1856 704 1312 ) (-2048 704 1312 ) 
4 60 95 (-1280 0 1312 ) (-1024 0 1312 ) (-1024 0 2304 ) (-1280 0 2304 ) 
4 60 69 (-1024 672 1312 ) (-1024 0 1312 ) (-1216 0 1312 ) (-1216 672 1312 ) 
4 60 61 (-1280 0 2304 ) (-1280 672 2304 ) (-1280 672 1856 ) (-1280 0 1856 ) 
4 61 101 (-1280 0 1856 ) (-1280 0 2304 ) (-1472 0 2304 ) (-1472 0 1856 ) 
4 61 62 (-1472 0 2304 ) (-1472 672 2304 ) (-1472 672 1856 ) (-1472 0 1856 ) 
4 62 102 (-1472 0 1856 ) (-1472 0 2304 ) (-1856 0 2304 ) (-1856 0 1856 ) 
4 62 64 (-1856 672 2304 ) (-1856 672 1856 ) (-1856 0 1856 ) (-1856 0 2304 ) 
4 63 103 (-1856 0 1312 ) (-1472 0 1312 ) (-1472 0 1600 ) (-1856 0 1600 ) 
4 63 65 (-1856 64 1312 ) (-1856 0 1312 ) (-1856 0 1600 ) (-1856 64 1600 ) 
4 64 168 (-2048 0 1856 ) (-2048 0 2304 ) (-2048 672 2304 ) (-2048 672 1856 ) 
4 64 102 (-2048 0 2304 ) (-2048 0 1856 ) (-1856 0 1856 ) (-1856 0 2304 ) 
4 65 103 (-1936 0 1312 ) (-1856 0 1312 ) (-1856 0 1600 ) (-1936 0 1600 ) 
4 66 70 (-1216 1024 1280 ) (-1024 1024 1280 ) (-1024 704 1280 ) (-1216 704 1280 ) 
4 66 67 (-1216 1024 1280 ) (-1216 704 1280 ) (-1216 704 1312 ) (-1216 1024 1312 ) 
4 67 70 (-1472 1024 1280 ) (-1216 1024 1280 ) (-1216 704 1280 ) (-1472 704 1280 ) 
4 68 165 (-2048 704 1312 ) (-2048 1024 1312 ) (-2048 1024 1280 ) (-2048 704 1280 ) 
4 68 70 (-2048 704 1280 ) (-2048 1024 1280 ) (-1856 1024 1280 ) (-1856 704 1280 ) 
4 69 96 (-1216 0 1280 ) (-1024 0 1280 ) (-1024 0 1312 ) (-1216 0 1312 ) 
4 69 75 (-1024 0 1280 ) (-1216 0 1280 ) (-1216 672 1280 ) (-1024 672 1280 ) 
4 70 165 (-2048 704 1024 ) (-2048 704 1280 ) (-2048 1024 1280 ) (-2048 1024 1024 ) 
4 70 72 (-1024 704 1024 ) (-1024 704 1184 ) (-1152 704 1184 ) (-1152 704 1024 ) 
4 71 167 (-2048 704 -3072 ) (-2048 704 -2976 ) (-2048 1024 -2976 ) (-2048 1024 -3072 ) 
4 71 74 (-1024 704 -3072 ) (-1024 704 -2976 ) (-2048 704 -2976 ) (-2048 704 -3072 ) 
4 72 75 (-1024 672 1024 ) (-1024 672 1184 ) (-1152 672 1184 ) (-1152 672 1024 ) 
4 73 166 (-2048 672 992 ) (-2048 672 1024 ) (-2048 704 1024 ) (-2048 704 992 ) 
4 74 167 (-2048 672 -3072 ) (-2048 672 -2976 ) (-2048 704 -2976 ) (-2048 704 -3072 ) 
4 74 77 (-1248 672 -2976 ) (-2048 672 -2976 ) (-2048 672 -3072 ) (-1248 672 -3072 ) 
4 74 76 (-1024 672 -3072 ) (-1024 672 -2976 ) (-1248 672 -2976 ) (-1248 672 -3072 ) 
4 75 97 (-1024 0 1024 ) (-1024 0 1280 ) (-1216 0 1280 ) (-1216 0 1024 ) 
4 76 99 (-1024 0 -3072 ) (-1024 0 992 ) (-1248 0 992 ) (-1248 0 -3072 ) 
4 76 77 (-1248 672 -2976 ) (-1248 672 -3072 ) (-1248 0 -3072 ) (-1248 0 -2976 ) 
4 77 169 (-2048 0 -3072 ) (-2048 0 -2976 ) (-2048 672 -2976 ) (-2048 672 -3072 ) 
4 77 104 (-2048 0 -2976 ) (-2048 0 -3072 ) (-1280 0 -3072 ) (-1280 0 -2976 ) 
4 77 100 (-1280 0 -3072 ) (-1248 0 -3072 ) (-1248 0 -2976 ) (-1280 0 -2976 ) 
4 78 112 (0 -1024 1312 ) (0 -1024 2304 ) (-896 -1024 2304 ) (-896 -1024 1312 ) 
4 78 83 (-896 0 2304 ) (-896 0 1312 ) (-896 -1024 1312 ) (-896 -1024 2304 ) 
4 78 82 (-864 -1024 1312 ) (-896 -1024 1312 ) (-896 -64 1312 ) (-864 -64 1312 ) 
4 78 81 (0 -1024 1312 ) (-864 -1024 1312 ) (-864 -32 1312 ) (0 -32 1312 ) 
4 78 79 (-864 0 1312 ) (0 0 1312 ) (0 -32 1312 ) (-864 -32 1312 ) 
4 79 88 (-864 0 1056 ) (0 0 1056 ) (0 -32 1056 ) (-864 -32 1056 ) 
4 79 81 (0 -32 1312 ) (-864 -32 1312 ) (-864 -32 1056 ) (0 -32 1056 ) 
4 79 80 (-864 0 1056 ) (-864 -32 1056 ) (-864 -32 1280 ) (-864 0 1280 ) 
4 80 85 (-896 0 1280 ) (-896 0 1056 ) (-896 -32 1056 ) (-896 -32 1280 ) 
4 81 112 (0 -1024 1056 ) (0 -1024 1312 ) (-864 -1024 1312 ) (-864 -1024 1056 ) 
4 81 88 (0 -1024 1056 ) (-864 -1024 1056 ) (-864 -32 1056 ) (0 -32 1056 ) 
4 81 82 (-864 -64 1056 ) (-864 -1024 1056 ) (-864 -1024 1312 ) (-864 -64 1312 ) 
4 82 112 (-864 -1024 1312 ) (-896 -1024 1312 ) (-896 -1024 1056 ) (-864 -1024 1056 ) 
4 82 89 (-864 -1024 1056 ) (-896 -1024 1056 ) (-896 -64 1056 ) (-864 -64 1056 ) 
4 82 87 (-896 -64 1056 ) (-896 -1024 1056 ) (-896 -1024 1312 ) (-896 -64 1312 ) 
4 83 112 (-1024 -1024 2304 ) (-1024 -1024 1312 ) (-896 -1024 1312 ) (-896 -1024 2304 ) 
4 83 108 (-1024 -448 1312 ) (-1024 -1024 1312 ) (-1024 -1024 2304 ) (-1024 -448 2304 ) 
4 83 106 (-1024 -64 1312 ) (-1024 -448 1312 ) (-1024 -448 1856 ) (-1024 -64 1856 ) 
4 83 105 (-1024 -448 1856 ) (-1024 -448 2304 ) (-1024 -64 2304 ) (-1024 -64 1856 ) 
4 83 95 (-1024 0 2304 ) (-1024 0 1312 ) (-1024 -64 1312 ) (-1024 -64 2304 ) 
4 83 87 (-896 -64 1312 ) (-896 -1024 1312 ) (-1024 -1024 1312 ) (-1024 -64 1312 ) 
4 83 84 (-1024 0 1312 ) (-896 0 1312 ) (-896 -32 1312 ) (-1024 -32 1312 ) 
4 84 96 (-1024 0 1312 ) (-1024 0 1280 ) (-1024 -32 1280 ) (-1024 -32 1312 ) 
4 84 85 (-896 -32 1280 ) (-1024 -32 1280 ) (-1024 0 1280 ) (-896 0 1280 ) 
4 85 97 (-1024 0 1280 ) (-1024 0 1056 ) (-1024 -32 1056 ) (-1024 -32 1280 ) 
4 85 90 (-1024 -32 1056 ) (-1024 0 1056 ) (-896 0 1056 ) (-896 -32 1056 ) 
4 85 86 (-1024 -32 1056 ) (-896 -32 1056 ) (-896 -32 1280 ) (-1024 -32 1280 ) 
4 86 98 (-1024 -32 1056 ) (-1024 -64 1056 ) (-1024 -64 1280 ) (-1024 -32 1280 ) 
4 86 87 (-1024 -64 1056 ) (-896 -64 1056 ) (-896 -64 1280 ) (-1024 -64 1280 ) 
4 87 112 (-1024 -1024 1312 ) (-1024 -1024 1056 ) (-896 -1024 1056 ) (-896 -1024 1312 ) 
4 87 108 (-1024 -448 1056 ) (-1024 -1024 1056 ) (-1024 -1024 1312 ) (-1024 -448 1312 ) 
4 87 106 (-1024 -64 1056 ) (-1024 -448 1056 ) (-1024 -448 1312 ) (-1024 -64 1312 ) 
4 87 91 (-896 -1024 1056 ) (-1024 -1024 1056 ) (-1024 -64 1056 ) (-896 -64 1056 ) 
4 88 112 (0 -1024 1024 ) (0 -1024 1056 ) (-864 -1024 1056 ) (-864 -1024 1024 ) 
4 88 92 (-864 0 1024 ) (0 0 1024 ) (0 -1024 1024 ) (-864 -1024 1024 ) 
4 88 89 (-864 -64 1024 ) (-864 -1024 1024 ) (-864 -1024 1056 ) (-864 -64 1056 ) 
4 89 112 (-864 -1024 1056 ) (-896 -1024 1056 ) (-896 -1024 1024 ) (-864 -1024 1024 ) 
4 89 93 (-864 -64 1024 ) (-864 -1024 1024 ) (-896 -1024 1024 ) (-896 -64 1024 ) 
4 89 91 (-896 -64 1024 ) (-896 -1024 1024 ) (-896 -1024 1056 ) (-896 -64 1056 ) 
4 90 97 (-1024 0 1056 ) (-1024 0 1024 ) (-1024 -32 1024 ) (-1024 -32 1056 ) 
4 91 112 (-896 -1024 1056 ) (-1024 -1024 1056 ) (-1024 -1024 1024 ) (-896 -1024 1024 ) 
4 91 108 (-1024 -448 1024 ) (-1024 -1024 1024 ) (-1024 -1024 1056 ) (-1024 -448 1056 ) 
4 91 106 (-1024 -64 1024 ) (-1024 -448 1024 ) (-1024 -448 1056 ) (-1024 -64 1056 ) 
4 91 93 (-1024 -1024 1024 ) (-1024 -64 1024 ) (-896 -64 1024 ) (-896 -1024 1024 ) 
4 92 112 (0 -1024 992 ) (0 -1024 1024 ) (-864 -1024 1024 ) (-864 -1024 992 ) 
4 92 94 (0 -1024 992 ) (-864 -1024 992 ) (-864 0 992 ) (0 0 992 ) 
4 92 93 (-864 -64 992 ) (-864 -1024 992 ) (-864 -1024 1024 ) (-864 -64 1024 ) 
4 93 112 (-864 -1024 1024 ) (-1024 -1024 1024 ) (-1024 -1024 992 ) (-864 -1024 992 ) 
4 93 108 (-1024 -448 992 ) (-1024 -1024 992 ) (-1024 -1024 1024 ) (-1024 -448 1024 ) 
4 93 106 (-1024 -64 992 ) (-1024 -448 992 ) (-1024 -448 1024 ) (-1024 -64 1024 ) 
4 93 94 (-864 -1024 992 ) (-1024 -1024 992 ) (-1024 -64 992 ) (-864 -64 992 ) 
4 94 112 (0 -1024 -3072 ) (0 -1024 992 ) (-1024 -1024 992 ) (-1024 -1024 -3072 ) 
4 94 111 (-1024 -64 -3072 ) (-1024 -1024 -3072 ) (-1024 -1024 -2976 ) (-1024 -64 -2976 ) 
4 94 108 (-1024 -1024 -2976 ) (-1024 -1024 992 ) (-1024 -448 992 ) (-1024 -448 -2976 ) 
4 94 106 (-1024 -448 992 ) (-1024 -64 992 ) (-1024 -64 -2976 ) (-1024 -448 -2976 ) 
4 94 99 (-1024 0 992 ) (-1024 0 -3072 ) (-1024 -64 -3072 ) (-1024 -64 992 ) 
4 95 106 (-1024 -64 1312 ) (-1024 -64 1856 ) (-1280 -64 1856 ) (-1280 -64 1312 ) 
4 95 105 (-1024 -64 1856 ) (-1024 -64 2304 ) (-1280 -64 2304 ) (-1280 -64 1856 ) 
4 95 101 (-1280 0 2304 ) (-1280 0 1856 ) (-1280 -64 1856 ) (-1280 -64 2304 ) 
4 95 96 (-1216 -32 1312 ) (-1216 0 1312 ) (-1024 0 1312 ) (-1024 -32 1312 ) 
4 96 97 (-1024 -32 1280 ) (-1216 -32 1280 ) (-1216 0 1280 ) (-1024 0 1280 ) 
4 97 98 (-1216 -32 1280 ) (-1216 -32 1056 ) (-1024 -32 1056 ) (-1024 -32 1280 ) 
4 98 106 (-1024 -64 1056 ) (-1024 -64 1280 ) (-1216 -64 1280 ) (-1216 -64 1056 ) 
4 99 111 (-1024 -64 -3072 ) (-1024 -64 -2976 ) (-1248 -64 -2976 ) (-1248 -64 -3072 ) 
4 99 106 (-1024 -64 -2976 ) (-1024 -64 992 ) (-1248 -64 992 ) (-1248 -64 -2976 ) 
4 99 100 (-1248 -64 -3072 ) (-1248 -64 -2976 ) (-1248 0 -2976 ) (-1248 0 -3072 ) 
4 100 111 (-1248 -64 -3072 ) (-1248 -64 -2976 ) (-1280 -64 -2976 ) (-1280 -64 -3072 ) 
4 100 104 (-1280 0 -2976 ) (-1280 0 -3072 ) (-1280 -64 -3072 ) (-1280 -64 -2976 ) 
4 101 105 (-1280 -64 1856 ) (-1280 -64 2304 ) (-1472 -64 2304 ) (-1472 -64 1856 ) 
4 101 102 (-1472 -64 1856 ) (-1472 -64 2304 ) (-1472 0 2304 ) (-1472 0 1856 ) 
4 102 198 (-2048 -64 1856 ) (-2048 -64 2304 ) (-2048 0 2304 ) (-2048 0 1856 ) 
4 102 107 (-2048 -64 2304 ) (-2048 -64 1856 ) (-1472 -64 1856 ) (-1472 -64 2304 ) 
4 103 107 (-2016 -64 1312 ) (-1472 -64 1312 ) (-1472 -64 1600 ) (-2016 -64 1600 ) 
4 104 199 (-2048 -64 -3072 ) (-2048 -64 -2976 ) (-2048 0 -2976 ) (-2048 0 -3072 ) 
4 104 111 (-2048 -64 -2976 ) (-2048 -64 -3072 ) (-1280 -64 -3072 ) (-1280 -64 -2976 ) 
4 105 109 (-1280 -448 2304 ) (-1472 -448 2304 ) (-1472 -448 1856 ) (-1280 -448 1856 ) 
4 105 108 (-1024 -448 1856 ) (-1024 -448 2304 ) (-1280 -448 2304 ) (-1280 -448 1856 ) 
4 105 107 (-1472 -64 2304 ) (-1472 -64 1856 ) (-1472 -448 1856 ) (-1472 -448 2304 ) 
4 105 106 (-1024 -448 1856 ) (-1280 -448 1856 ) (-1280 -64 1856 ) (-1024 -64 1856 ) 
4 106 111 (-1280 -64 -2976 ) (-1024 -64 -2976 ) (-1024 -448 -2976 ) (-1280 -448 -2976 ) 
4 106 108 (-1280 -448 -2976 ) (-1024 -448 -2976 ) (-1024 -448 1856 ) (-1280 -448 1856 ) 
4 107 205 (-2048 -64 2304 ) (-2048 -64 1312 ) (-2048 -448 1312 ) (-2048 -448 2304 ) 
4 107 109 (-2048 -448 2304 ) (-2048 -448 1856 ) (-1472 -448 1856 ) (-1472 -448 2304 ) 
4 108 113 (-1280 -1024 -2976 ) (-1024 -1024 -2976 ) (-1024 -1024 2304 ) (-1280 -1024 2304 ) 
4 108 111 (-1024 -1024 -2976 ) (-1280 -1024 -2976 ) (-1280 -448 -2976 ) (-1024 -448 -2976 ) 
4 108 109 (-1280 -640 2304 ) (-1280 -448 2304 ) (-1280 -448 1856 ) (-1280 -640 1856 ) 
4 108 110 (-1280 -1024 2304 ) (-1280 -640 2304 ) (-1280 -640 -2976 ) (-1280 -1024 -2976 ) 
4 109 209 (-2048 -640 2304 ) (-2048 -448 2304 ) (-2048 -448 1856 ) (-2048 -640 1856 ) 
4 109 110 (-1280 -640 1856 ) (-1280 -640 2304 ) (-2048 -640 2304 ) (-2048 -640 1856 ) 
4 110 210 (-2048 -1024 -2976 ) (-2048 -1024 2304 ) (-2048 -640 2304 ) (-2048 -640 -2976 ) 
4 110 113 (-2048 -1024 2304 ) (-2048 -1024 -2976 ) (-1280 -1024 -2976 ) (-1280 -1024 2304 ) 
4 110 111 (-1280 -1024 -2976 ) (-2048 -1024 -2976 ) (-2048 -640 -2976 ) (-1280 -640 -2976 ) 
4 111 211 (-2048 -1024 -3072 ) (-2048 -1024 -2976 ) (-2048 -448 -2976 ) (-2048 -448 -3072 ) 
4 111 207 (-2048 -448 -2976 ) (-2048 -64 -2976 ) (-2048 -64 -3072 ) (-2048 -448 -3072 ) 
4 111 113 (-2048 -1024 -2976 ) (-2048 -1024 -3072 ) (-1024 -1024 -3072 ) (-1024 -1024 -2976 ) 
4 112 113 (-1024 -1024 2304 ) (-1024 -1024 -3072 ) (-1024 -1280 -3072 ) (-1024 -1280 2304 ) 
4 113 220 (-2048 -1280 2304 ) (-2048 -1024 2304 ) (-2048 -1024 -3072 ) (-2048 -1280 -3072 ) 
4 114 121 (-2080 2240 992 ) (-2080 3072 992 ) (-2048 3072 992 ) (-2048 2240 992 ) 
4 114 119 (-2080 3072 1856 ) (-2080 3072 992 ) (-2080 2240 992 ) (-2080 2240 1856 ) 
4 114 118 (-2080 3072 2304 ) (-2080 3072 1856 ) (-2080 2240 1856 ) (-2080 2240 2304 ) 
4 114 115 (-2048 2240 2304 ) (-2080 2240 2304 ) (-2080 2240 1856 ) (-2048 2240 1856 ) 
4 115 118 (-2080 2208 1856 ) (-2080 2208 2304 ) (-2080 2240 2304 ) (-2080 2240 1856 ) 
4 115 116 (-2080 2208 2304 ) (-2080 2208 1856 ) (-2048 2208 1856 ) (-2048 2208 2304 ) 
4 116 128 (-2048 2048 1856 ) (-2048 2048 2304 ) (-2080 2048 2304 ) (-2080 2048 1856 ) 
4 116 118 (-2080 2048 1856 ) (-2080 2048 2304 ) (-2080 2208 2304 ) (-2080 2208 1856 ) 
4 117 129 (-2048 2048 1312 ) (-2048 2048 1600 ) (-2080 2048 1600 ) (-2080 2048 1312 ) 
4 118 138 (-3072 2048 2304 ) (-3072 2048 1856 ) (-2112 2048 1856 ) (-2112 2048 2304 ) 
4 118 132 (-2112 2048 1856 ) (-2080 2048 1856 ) (-2080 2048 2304 ) (-2112 2048 2304 ) 
4 118 124 (-3072 3072 2304 ) (-3072 3072 1856 ) (-3072 2048 1856 ) (-3072 2048 2304 ) 
4 118 119 (-2112 3072 1856 ) (-2080 3072 1856 ) (-2080 2240 1856 ) (-2112 2240 1856 ) 
4 118 120 (-3072 3072 1856 ) (-2112 3072 1856 ) (-2112 2048 1856 ) (-3072 2048 1856 ) 
4 119 121 (-2112 2240 992 ) (-2112 3072 992 ) (-2080 3072 992 ) (-2080 2240 992 ) 
4 119 120 (-2112 3072 992 ) (-2112 2240 992 ) (-2112 2240 1856 ) (-2112 3072 1856 ) 
4 120 142 (-3072 2048 1024 ) (-3072 2048 992 ) (-2112 2048 992 ) (-2112 2048 1024 ) 
4 120 139 (-2624 2048 1024 ) (-2112 2048 1024 ) (-2112 2048 1088 ) (-2624 2048 1088 ) 
4 120 141 (-3072 2048 1088 ) (-3072 2048 1024 ) (-2624 2048 1024 ) (-2624 2048 1088 ) 
4 120 138 (-3072 2048 1856 ) (-3072 2048 1088 ) (-2112 2048 1088 ) (-2112 2048 1856 ) 
4 120 124 (-3072 3072 1856 ) (-3072 3072 992 ) (-3072 2048 992 ) (-3072 2048 1856 ) 
4 120 123 (-2112 2048 992 ) (-3072 2048 992 ) (-3072 3072 992 ) (-2112 3072 992 ) 
4 121 122 (-2112 2240 -2976 ) (-2112 2240 -3072 ) (-2048 2240 -3072 ) (-2048 2240 -2976 ) 
4 121 123 (-2112 3072 -3072 ) (-2112 2240 -3072 ) (-2112 2240 992 ) (-2112 3072 992 ) 
4 122 137 (-2080 2048 -2976 ) (-2112 2048 -2976 ) (-2112 2048 -3072 ) (-2080 2048 -3072 ) 
4 122 131 (-2048 2048 -3072 ) (-2048 2048 -2976 ) (-2080 2048 -2976 ) (-2080 2048 -3072 ) 
4 122 123 (-2112 2240 -3072 ) (-2112 2048 -3072 ) (-2112 2048 -2976 ) (-2112 2240 -2976 ) 
4 123 143 (-3072 2048 -2976 ) (-3072 2048 -3072 ) (-2112 2048 -3072 ) (-2112 2048 -2976 ) 
4 123 142 (-2112 2048 992 ) (-3072 2048 992 ) (-3072 2048 -2976 ) (-2112 2048 -2976 ) 
4 123 127 (-3072 3072 -2976 ) (-3072 3072 -3072 ) (-3072 2048 -3072 ) (-3072 2048 -2976 ) 
4 123 124 (-3072 3072 992 ) (-3072 3072 -2976 ) (-3072 2048 -2976 ) (-3072 2048 992 ) 
4 124 148 (-3616 2048 -2976 ) (-3072 2048 -2976 ) (-3072 2048 1024 ) (-3616 2048 1024 ) 
4 124 146 (-3104 2048 1088 ) (-3616 2048 1088 ) (-3616 2048 1024 ) (-3104 2048 1024 ) 
4 124 145 (-3072 2048 1024 ) (-3072 2048 1088 ) (-3104 2048 1088 ) (-3104 2048 1024 ) 
4 124 144 (-3072 2048 1088 ) (-3072 2048 2304 ) (-3616 2048 2304 ) (-3616 2048 1088 ) 
4 124 127 (-3072 3072 -2976 ) (-3072 2048 -2976 ) (-3616 2048 -2976 ) (-3616 3072 -2976 ) 
4 124 126 (-3616 2048 1312 ) (-3616 2048 2304 ) (-3616 2240 2304 ) (-3616 2240 1312 ) 
4 124 125 (-3616 3072 -2976 ) (-3616 2240 -2976 ) (-3616 2240 2304 ) (-3616 3072 2304 ) 
4 125 156 (-4096 2240 2304 ) (-4096 3072 2304 ) (-4096 3072 -2976 ) (-4096 2240 -2976 ) 
4 125 127 (-4096 2240 -2976 ) (-4096 3072 -2976 ) (-3616 3072 -2976 ) (-3616 2240 -2976 ) 
4 125 126 (-3616 2240 1312 ) (-3616 2240 2304 ) (-4096 2240 2304 ) (-4096 2240 1312 ) 
4 126 157 (-4096 2048 1312 ) (-4096 2048 2304 ) (-4096 2240 2304 ) (-4096 2240 1312 ) 
4 126 151 (-3648 2048 1312 ) (-3616 2048 1312 ) (-3616 2048 1536 ) (-3648 2048 1536 ) 
4 126 154 (-4096 2048 1536 ) (-4096 2048 1312 ) (-3648 2048 1312 ) (-3648 2048 1536 ) 
4 126 150 (-4096 2048 2304 ) (-4096 2048 1536 ) (-3616 2048 1536 ) (-3616 2048 2304 ) 
4 127 159 (-4096 2048 -3072 ) (-4096 2048 -2976 ) (-4096 3072 -2976 ) (-4096 3072 -3072 ) 
4 127 155 (-4096 2048 -2976 ) (-4096 2048 -3072 ) (-3616 2048 -3072 ) (-3616 2048 -2976 ) 
4 127 149 (-3616 2048 -3072 ) (-3072 2048 -3072 ) (-3072 2048 -2976 ) (-3616 2048 -2976 ) 
4 128 163 (-2048 1024 1856 ) (-2048 1024 2304 ) (-2080 1024 2304 ) (-2080 1024 1856 ) 
4 128 134 (-2080 1664 1856 ) (-2080 1024 1856 ) (-2080 1024 2304 ) (-2080 1664 2304 ) 
4 128 132 (-2080 2048 2304 ) (-2080 2048 1856 ) (-2080 1664 1856 ) (-2080 1664 2304 ) 
4 129 133 (-2080 1984 1312 ) (-2080 1664 1312 ) (-2080 1664 1504 ) (-2080 1984 1504 ) 
4 129 130 (-2048 1472 1312 ) (-2048 1472 1600 ) (-2080 1472 1600 ) (-2080 1472 1312 ) 
4 130 165 (-2048 1024 1024 ) (-2048 1024 1312 ) (-2080 1024 1312 ) (-2080 1024 1024 ) 
4 130 164 (-2048 1024 1312 ) (-2048 1024 1600 ) (-2080 1024 1600 ) (-2080 1024 1312 ) 
4 130 136 (-2080 1280 1024 ) (-2080 1024 1024 ) (-2080 1024 1216 ) (-2080 1280 1216 ) 
4 131 167 (-2048 1024 -3072 ) (-2048 1024 -2976 ) (-2080 1024 -2976 ) (-2080 1024 -3072 ) 
4 131 137 (-2080 2048 -2976 ) (-2080 2048 -3072 ) (-2080 1024 -3072 ) (-2080 1024 -2976 ) 
4 132 138 (-2112 2048 2304 ) (-2112 2048 1856 ) (-2112 1664 1856 ) (-2112 1664 2304 ) 
4 132 134 (-2112 1664 2304 ) (-2112 1664 1856 ) (-2080 1664 1856 ) (-2080 1664 2304 ) 
4 133 138 (-2112 1984 1312 ) (-2112 1664 1312 ) (-2112 1664 1504 ) (-2112 1984 1504 ) 
4 134 170 (-2080 1024 1856 ) (-2080 1024 2304 ) (-2112 1024 2304 ) (-2112 1024 1856 ) 
4 134 138 (-2112 1024 1856 ) (-2112 1024 2304 ) (-2112 1664 2304 ) (-2112 1664 1856 ) 
4 135 136 (-2112 1280 992 ) (-2080 1280 992 ) (-2080 1280 1024 ) (-2112 1280 1024 ) 
4 136 173 (-2080 1024 992 ) (-2080 1024 1024 ) (-2112 1024 1024 ) (-2112 1024 992 ) 
4 136 171 (-2080 1024 1024 ) (-2080 1024 1216 ) (-2112 1024 1216 ) (-2112 1024 1024 ) 
4 136 140 (-2112 1024 1024 ) (-2112 1024 1088 ) (-2112 1280 1088 ) (-2112 1280 1024 ) 
4 136 138 (-2112 1024 1088 ) (-2112 1024 1216 ) (-2112 1280 1216 ) (-2112 1280 1088 ) 
4 137 174 (-2080 1024 -3072 ) (-2080 1024 -2976 ) (-2112 1024 -2976 ) (-2112 1024 -3072 ) 
4 137 143 (-2112 1024 -3072 ) (-2112 1024 -2976 ) (-2112 2048 -2976 ) (-2112 2048 -3072 ) 
4 138 176 (-2112 1024 1088 ) (-2112 1024 2304 ) (-3072 1024 2304 ) (-3072 1024 1088 ) 
4 138 144 (-3072 2048 2304 ) (-3072 2048 1088 ) (-3072 1024 1088 ) (-3072 1024 2304 ) 
4 138 139 (-2624 2048 1088 ) (-2112 2048 1088 ) (-2112 1504 1088 ) (-2624 1504 1088 ) 
4 138 140 (-2112 1472 1088 ) (-2112 1024 1088 ) (-2624 1024 1088 ) (-2624 1472 1088 ) 
4 138 141 (-3072 2048 1088 ) (-2624 2048 1088 ) (-2624 1024 1088 ) (-3072 1024 1088 ) 
4 139 142 (-2624 2048 1024 ) (-2112 2048 1024 ) (-2112 1504 1024 ) (-2624 1504 1024 ) 
4 139 141 (-2624 2048 1024 ) (-2624 1504 1024 ) (-2624 1504 1088 ) (-2624 2048 1088 ) 
4 140 176 (-2112 1024 1024 ) (-2112 1024 1088 ) (-2624 1024 1088 ) (-2624 1024 1024 ) 
4 140 141 (-2624 1472 1024 ) (-2624 1024 1024 ) (-2624 1024 1088 ) (-2624 1472 1088 ) 
4 141 176 (-2624 1024 1088 ) (-3072 1024 1088 ) (-3072 1024 1024 ) (-2624 1024 1024 ) 
4 141 145 (-3072 2048 1088 ) (-3072 2048 1024 ) (-3072 1024 1024 ) (-3072 1024 1088 ) 
4 141 142 (-3072 1504 1024 ) (-3072 2048 1024 ) (-2624 2048 1024 ) (-2624 1504 1024 ) 
4 142 148 (-3072 2048 1024 ) (-3072 2048 -2976 ) (-3072 1504 -2976 ) (-3072 1504 1024 ) 
4 142 143 (-3072 2048 -2976 ) (-2112 2048 -2976 ) (-2112 1504 -2976 ) (-3072 1504 -2976 ) 
4 143 179 (-2112 1024 -3072 ) (-2112 1024 -2976 ) (-3072 1024 -2976 ) (-3072 1024 -3072 ) 
4 143 149 (-3072 2048 -2976 ) (-3072 2048 -3072 ) (-3072 1024 -3072 ) (-3072 1024 -2976 ) 
4 144 181 (-3072 1024 1088 ) (-3072 1024 1184 ) (-3584 1024 1184 ) (-3584 1024 1088 ) 
4 144 182 (-3584 1024 1184 ) (-3616 1024 1184 ) (-3616 1024 1088 ) (-3584 1024 1088 ) 
4 144 180 (-3072 1024 1184 ) (-3072 1024 2304 ) (-3616 1024 2304 ) (-3616 1024 1184 ) 
4 144 153 (-3616 1024 1312 ) (-3616 1024 1536 ) (-3616 1632 1536 ) (-3616 1632 1312 ) 
4 144 152 (-3616 1984 1504 ) (-3616 1984 1312 ) (-3616 1664 1312 ) (-3616 1664 1504 ) 
4 144 151 (-3616 2016 1536 ) (-3616 2048 1536 ) (-3616 2048 1312 ) (-3616 2016 1312 ) 
4 144 150 (-3616 1024 1536 ) (-3616 1024 2304 ) (-3616 2048 2304 ) (-3616 2048 1536 ) 
4 144 146 (-3616 1504 1088 ) (-3616 2048 1088 ) (-3104 2048 1088 ) (-3104 1504 1088 ) 
4 144 147 (-3616 1024 1088 ) (-3616 1472 1088 ) (-3104 1472 1088 ) (-3104 1024 1088 ) 
4 144 145 (-3104 2048 1088 ) (-3072 2048 1088 ) (-3072 1024 1088 ) (-3104 1024 1088 ) 
4 145 181 (-3072 1024 1024 ) (-3072 1024 1088 ) (-3104 1024 1088 ) (-3104 1024 1024 ) 
4 145 148 (-3104 1504 1024 ) (-3104 2048 1024 ) (-3072 2048 1024 ) (-3072 1504 1024 ) 
4 145 146 (-3104 2048 1024 ) (-3104 1504 1024 ) (-3104 1504 1088 ) (-3104 2048 1088 ) 
4 145 147 (-3104 1472 1024 ) (-3104 1024 1024 ) (-3104 1024 1088 ) (-3104 1472 1088 ) 
4 146 148 (-3616 1504 1024 ) (-3616 2048 1024 ) (-3104 2048 1024 ) (-3104 1504 1024 ) 
4 147 181 (-3104 1024 1088 ) (-3584 1024 1088 ) (-3584 1024 1024 ) (-3104 1024 1024 ) 
4 147 182 (-3584 1024 1088 ) (-3616 1024 1088 ) (-3616 1024 1024 ) (-3584 1024 1024 ) 
4 148 149 (-3616 1504 -2976 ) (-3616 2048 -2976 ) (-3072 2048 -2976 ) (-3072 1504 -2976 ) 
4 149 183 (-3072 1024 -3072 ) (-3072 1024 -2976 ) (-3616 1024 -2976 ) (-3616 1024 -3072 ) 
4 149 155 (-3616 1024 -3072 ) (-3616 1024 -2976 ) (-3616 2048 -2976 ) (-3616 2048 -3072 ) 
4 150 184 (-3616 1024 1536 ) (-3616 1024 2304 ) (-4096 1024 2304 ) (-4096 1024 1536 ) 
4 150 160 (-4096 1024 1536 ) (-4096 1024 2304 ) (-4096 2048 2304 ) (-4096 2048 1536 ) 
4 150 153 (-3616 1632 1536 ) (-3616 1024 1536 ) (-3648 1024 1536 ) (-3648 1632 1536 ) 
4 150 151 (-3648 2048 1536 ) (-3616 2048 1536 ) (-3616 2016 1536 ) (-3648 2016 1536 ) 
4 150 154 (-4096 1024 1536 ) (-4096 2048 1536 ) (-3648 2048 1536 ) (-3648 1024 1536 ) 
4 151 154 (-3648 2048 1312 ) (-3648 2016 1312 ) (-3648 2016 1536 ) (-3648 2048 1536 ) 
4 152 154 (-3648 1984 1312 ) (-3648 1664 1312 ) (-3648 1664 1504 ) (-3648 1984 1504 ) 
4 153 184 (-3616 1024 1312 ) (-3616 1024 1536 ) (-3648 1024 1536 ) (-3648 1024 1312 ) 
4 153 154 (-3648 1632 1312 ) (-3648 1024 1312 ) (-3648 1024 1536 ) (-3648 1632 1536 ) 
4 154 184 (-3648 1024 1536 ) (-4096 1024 1536 ) (-4096 1024 1312 ) (-3648 1024 1312 ) 
4 154 160 (-4096 1024 1312 ) (-4096 1024 1536 ) (-4096 2048 1536 ) (-4096 2048 1312 ) 
4 155 197 (-3616 1024 -3072 ) (-3616 1024 -2976 ) (-4096 1024 -2976 ) (-4096 1024 -3072 ) 
4 155 162 (-4096 1024 -3072 ) (-4096 1024 -2976 ) (-4096 2048 -2976 ) (-4096 2048 -3072 ) 
4 156 159 (-4864 3072 -2976 ) (-4096 3072 -2976 ) (-4096 2240 -2976 ) (-4864 2240 -2976 ) 
4 156 157 (-4864 2240 2304 ) (-4864 2240 1312 ) (-4096 2240 1312 ) (-4096 2240 2304 ) 
4 156 158 (-4864 3072 -2976 ) (-4864 2240 -2976 ) (-4864 2240 2304 ) (-4864 3072 2304 ) 
4 157 160 (-4096 2048 1312 ) (-4096 2048 2304 ) (-4864 2048 2304 ) (-4864 2048 1312 ) 
4 157 158 (-4864 2048 1312 ) (-4864 2048 2304 ) (-4864 2240 2304 ) (-4864 2240 1312 ) 
4 158 161 (-4864 2048 2304 ) (-5120 2048 2304 ) (-5120 2048 -2976 ) (-4864 2048 -2976 ) 
4 158 159 (-5120 2048 -2976 ) (-5120 3072 -2976 ) (-4864 3072 -2976 ) (-4864 2048 -2976 ) 
4 159 162 (-4096 2048 -3072 ) (-4096 2048 -2976 ) (-5120 2048 -2976 ) (-5120 2048 -3072 ) 
4 160 222 (-4096 1024 1312 ) (-4096 1024 2304 ) (-4864 1024 2304 ) (-4864 1024 1312 ) 
4 160 161 (-4864 1024 1312 ) (-4864 1024 2304 ) (-4864 2048 2304 ) (-4864 2048 1312 ) 
4 161 224 (-4864 1024 2304 ) (-5120 1024 2304 ) (-5120 1024 -2976 ) (-4864 1024 -2976 ) 
4 161 162 (-4864 1024 -2976 ) (-5120 1024 -2976 ) (-5120 2048 -2976 ) (-4864 2048 -2976 ) 
4 162 225 (-4096 1024 -3072 ) (-4096 1024 -2976 ) (-5120 1024 -2976 ) (-5120 1024 -3072 ) 
4 163 172 (-2080 928 1856 ) (-2080 672 1856 ) (-2080 672 2304 ) (-2080 928 2304 ) 
4 163 170 (-2080 1024 2304 ) (-2080 1024 1856 ) (-2080 928 1856 ) (-2080 928 2304 ) 
4 163 168 (-2080 672 2304 ) (-2080 672 1856 ) (-2048 672 1856 ) (-2048 672 2304 ) 
4 164 165 (-2080 704 1312 ) (-2080 1024 1312 ) (-2048 1024 1312 ) (-2048 704 1312 ) 
4 165 171 (-2080 1024 1216 ) (-2080 1024 1024 ) (-2080 928 1024 ) (-2080 928 1216 ) 
4 166 173 (-2080 704 992 ) (-2080 672 992 ) (-2080 672 1024 ) (-2080 704 1024 ) 
4 167 174 (-2080 1024 -2976 ) (-2080 1024 -3072 ) (-2080 672 -3072 ) (-2080 672 -2976 ) 
4 167 169 (-2080 672 -2976 ) (-2080 672 -3072 ) (-2048 672 -3072 ) (-2048 672 -2976 ) 
4 168 198 (-2048 0 1856 ) (-2048 0 2304 ) (-2080 0 2304 ) (-2080 0 1856 ) 
4 168 172 (-2080 0 1856 ) (-2080 0 2304 ) (-2080 672 2304 ) (-2080 672 1856 ) 
4 169 199 (-2048 0 -3072 ) (-2048 0 -2976 ) (-2080 0 -2976 ) (-2080 0 -3072 ) 
4 169 175 (-2080 0 -3072 ) (-2080 0 -2976 ) (-2080 672 -2976 ) (-2080 672 -3072 ) 
4 170 176 (-2112 928 2304 ) (-2112 1024 2304 ) (-2112 1024 1856 ) (-2112 928 1856 ) 
4 170 172 (-2080 928 1856 ) (-2080 928 2304 ) (-2112 928 2304 ) (-2112 928 1856 ) 
4 171 176 (-2112 1024 1216 ) (-2112 1024 1024 ) (-2112 928 1024 ) (-2112 928 1216 ) 
4 171 173 (-2112 928 1024 ) (-2112 1024 1024 ) (-2080 1024 1024 ) (-2080 928 1024 ) 
4 172 200 (-2080 0 1856 ) (-2080 0 2304 ) (-2112 0 2304 ) (-2112 0 1856 ) 
4 172 177 (-2112 0 1856 ) (-2112 0 2304 ) (-2112 256 2304 ) (-2112 256 1856 ) 
4 172 176 (-2112 256 2304 ) (-2112 928 2304 ) (-2112 928 1856 ) (-2112 256 1856 ) 
4 173 175 (-2080 672 992 ) (-2080 672 1024 ) (-2112 672 1024 ) (-2112 672 992 ) 
4 174 179 (-2112 1024 -2976 ) (-2112 1024 -3072 ) (-2112 672 -3072 ) (-2112 672 -2976 ) 
4 174 175 (-2112 672 -3072 ) (-2080 672 -3072 ) (-2080 672 -2976 ) (-2112 672 -2976 ) 
4 175 203 (-2080 0 -3072 ) (-2080 0 1024 ) (-2112 0 1024 ) (-2112 0 -3072 ) 
4 175 179 (-2112 0 -3072 ) (-2112 0 -2976 ) (-2112 672 -2976 ) (-2112 672 -3072 ) 
4 176 181 (-3072 1024 1184 ) (-3072 1024 1024 ) (-3072 256 1024 ) (-3072 256 1184 ) 
4 176 180 (-3072 256 2304 ) (-3072 1024 2304 ) (-3072 1024 1184 ) (-3072 256 1184 ) 
4 176 178 (-2528 256 1024 ) (-2112 256 1024 ) (-2112 256 1184 ) (-2784 256 1184 ) 
4 176 177 (-2112 256 1184 ) (-2112 256 2304 ) (-3072 256 2304 ) (-3072 256 1184 ) 
3 177 202 (-3072 0 1364 ) (-3072 0 1184 ) (-2784 0 1184 ) 
5 177 201 (-2112 0 1184 ) (-2112 0 2304 ) (-3072 0 2304 ) (-3072 0 1364 ) (-2784 0 1184 ) 
4 177 180 (-3072 0 1184 ) (-3072 0 2304 ) (-3072 256 2304 ) (-3072 256 1184 ) 
4 177 178 (-2784 256 1184 ) (-2112 256 1184 ) (-2112 0 1184 ) (-2784 0 1184 ) 
4 178 201 (-2112 0 1024 ) (-2112 0 1184 ) (-2784 0 1184 ) (-2528 0 1024 ) 
4 179 204 (-2112 0 -3072 ) (-2112 0 -2976 ) (-3072 0 -2976 ) (-3072 0 -3072 ) 
4 179 183 (-3072 0 -3072 ) (-3072 0 -2976 ) (-3072 1024 -2976 ) (-3072 1024 -3072 ) 
4 180 212 (-3072 0 1184 ) (-3072 0 2304 ) (-3584 0 2304 ) (-3584 0 1184 ) 
4 180 213 (-3584 0 2304 ) (-3616 0 2304 ) (-3616 0 1184 ) (-3584 0 1184 ) 
4 180 194 (-3616 512 1184 ) (-3616 0 1184 ) (-3616 0 1248 ) (-3616 512 1248 ) 
4 180 192 (-3616 0 1248 ) (-3616 0 2304 ) (-3616 544 2304 ) (-3616 544 1248 ) 
4 180 190 (-3616 896 1184 ) (-3616 544 1184 ) (-3616 544 1216 ) (-3616 896 1216 ) 
4 180 188 (-3616 544 1248 ) (-3616 544 2304 ) (-3616 896 2304 ) (-3616 896 1248 ) 
4 180 185 (-3616 896 1248 ) (-3616 896 2304 ) (-3616 928 2304 ) (-3616 928 1248 ) 
4 180 184 (-3616 1024 2304 ) (-3616 1024 1312 ) (-3616 928 1312 ) (-3616 928 2304 ) 
4 180 181 (-3584 1024 1184 ) (-3072 1024 1184 ) (-3072 256 1184 ) (-3584 256 1184 ) 
4 180 182 (-3616 0 1184 ) (-3616 1024 1184 ) (-3584 1024 1184 ) (-3584 0 1184 ) 
4 181 182 (-3584 1024 1024 ) (-3584 256 1024 ) (-3584 256 1184 ) (-3584 1024 1184 ) 
4 182 213 (-3584 0 1184 ) (-3616 0 1184 ) (-3616 0 1024 ) (-3584 0 1024 ) 
4 182 194 (-3616 512 1024 ) (-3616 0 1024 ) (-3616 0 1184 ) (-3616 512 1184 ) 
4 182 190 (-3616 896 1024 ) (-3616 544 1024 ) (-3616 544 1184 ) (-3616 896 1184 ) 
4 183 219 (-3072 0 -3072 ) (-3072 0 -2976 ) (-3616 0 -2976 ) (-3616 0 -3072 ) 
4 183 197 (-3616 1024 -2976 ) (-3616 1024 -3072 ) (-3616 0 -3072 ) (-3616 0 -2976 ) 
4 184 222 (-4096 1024 2304 ) (-4096 1024 1312 ) (-4096 928 1312 ) (-4096 928 2304 ) 
4 184 185 (-3616 928 1312 ) (-3616 928 2304 ) (-4096 928 2304 ) (-4096 928 1312 ) 
4 185 223 (-4096 896 1248 ) (-4096 896 2304 ) (-4096 928 2304 ) (-4096 928 1248 ) 
4 185 188 (-3648 896 1248 ) (-3616 896 1248 ) (-3616 896 2304 ) (-3648 896 2304 ) 
4 185 189 (-4096 896 2304 ) (-4096 896 1248 ) (-3648 896 1248 ) (-3648 896 2304 ) 
4 185 187 (-3648 896 1248 ) (-4096 896 1248 ) (-4096 928 1248 ) (-3648 928 1248 ) 
4 186 196 (-3648 928 992 ) (-3616 928 992 ) (-3616 896 992 ) (-3648 896 992 ) 
4 186 187 (-3648 896 992 ) (-3648 896 1024 ) (-3648 928 1024 ) (-3648 928 992 ) 
4 187 223 (-4096 928 992 ) (-4096 896 992 ) (-4096 896 1248 ) (-4096 928 1248 ) 
4 187 196 (-4096 896 992 ) (-4096 928 992 ) (-3648 928 992 ) (-3648 896 992 ) 
4 187 191 (-4096 896 1216 ) (-4096 896 992 ) (-3648 896 992 ) (-3648 896 1216 ) 
4 187 189 (-4096 896 1248 ) (-4096 896 1216 ) (-3648 896 1216 ) (-3648 896 1248 ) 
4 188 192 (-3616 544 1248 ) (-3616 544 2304 ) (-3648 544 2304 ) (-3648 544 1248 ) 
4 188 189 (-3648 544 1248 ) (-3648 544 2304 ) (-3648 896 2304 ) (-3648 896 1248 ) 
4 189 223 (-4096 544 1216 ) (-4096 544 2304 ) (-4096 896 2304 ) (-4096 896 1216 ) 
4 189 195 (-4096 544 1248 ) (-4096 544 1216 ) (-3648 544 1216 ) (-3648 544 1248 ) 
4 189 192 (-3648 544 2304 ) (-4096 544 2304 ) (-4096 544 1248 ) (-3648 544 1248 ) 
4 189 191 (-3648 544 1216 ) (-4096 544 1216 ) (-4096 896 1216 ) (-3648 896 1216 ) 
4 190 191 (-3648 544 1024 ) (-3648 544 1216 ) (-3648 896 1216 ) (-3648 896 1024 ) 
4 191 223 (-4096 896 992 ) (-4096 544 992 ) (-4096 544 1216 ) (-4096 896 1216 ) 
4 191 196 (-4096 544 992 ) (-4096 896 992 ) (-3648 896 992 ) (-3648 544 992 ) 
4 191 195 (-4096 544 992 ) (-3648 544 992 ) (-3648 544 1216 ) (-4096 544 1216 ) 
4 192 223 (-4096 0 1248 ) (-4096 0 2304 ) (-4096 544 2304 ) (-4096 544 1248 ) 
4 192 213 (-4096 0 2304 ) (-4096 0 1248 ) (-3616 0 1248 ) (-3616 0 2304 ) 
4 192 194 (-3616 512 1248 ) (-3616 0 1248 ) (-3648 0 1248 ) (-3648 512 1248 ) 
4 192 195 (-4096 544 1248 ) (-3648 544 1248 ) (-3648 0 1248 ) (-4096 0 1248 ) 
4 193 196 (-3648 544 992 ) (-3616 544 992 ) (-3616 512 992 ) (-3648 512 992 ) 
4 193 194 (-3648 512 1024 ) (-3648 512 992 ) (-3616 512 992 ) (-3616 512 1024 ) 
4 193 195 (-3648 544 1024 ) (-3648 544 992 ) (-3648 512 992 ) (-3648 512 1024 ) 
4 194 215 (-3648 0 992 ) (-3616 0 992 ) (-3616 0 1024 ) (-3648 0 1024 ) 
4 194 213 (-3616 0 1024 ) (-3616 0 1248 ) (-3648 0 1248 ) (-3648 0 1024 ) 
4 194 196 (-3616 512 992 ) (-3616 0 992 ) (-3648 0 992 ) (-3648 512 992 ) 
4 194 195 (-3648 0 1248 ) (-3648 512 1248 ) (-3648 512 992 ) (-3648 0 992 ) 
4 195 223 (-4096 544 992 ) (-4096 0 992 ) (-4096 0 1248 ) (-4096 544 1248 ) 
4 195 215 (-4096 0 1024 ) (-4096 0 992 ) (-3648 0 992 ) (-3648 0 1024 ) 
4 195 213 (-4096 0 1248 ) (-4096 0 1024 ) (-3648 0 1024 ) (-3648 0 1248 ) 
4 195 196 (-4096 0 992 ) (-4096 544 992 ) (-3648 544 992 ) (-3648 0 992 ) 
4 196 223 (-4096 928 -2976 ) (-4096 0 -2976 ) (-4096 0 992 ) (-4096 928 992 ) 
4 196 215 (-4096 0 992 ) (-4096 0 -2976 ) (-3616 0 -2976 ) (-3616 0 992 ) 
4 196 197 (-3616 928 -2976 ) (-3616 0 -2976 ) (-4096 0 -2976 ) (-4096 928 -2976 ) 
4 197 225 (-4096 1024 -2976 ) (-4096 1024 -3072 ) (-4096 0 -3072 ) (-4096 0 -2976 ) 
4 197 219 (-4096 0 -2976 ) (-4096 0 -3072 ) (-3616 0 -3072 ) (-3616 0 -2976 ) 
4 198 205 (-2048 -64 1856 ) (-2048 -64 2304 ) (-2080 -64 2304 ) (-2080 -64 1856 ) 
4 198 200 (-2080 0 2304 ) (-2080 0 1856 ) (-2080 -64 1856 ) (-2080 -64 2304 ) 
4 199 207 (-2048 -64 -3072 ) (-2048 -64 -2976 ) (-2080 -64 -2976 ) (-2080 -64 -3072 ) 
4 199 203 (-2080 0 -2976 ) (-2080 0 -3072 ) (-2080 -64 -3072 ) (-2080 -64 -2976 ) 
4 200 205 (-2080 -64 1856 ) (-2080 -64 2304 ) (-2112 -64 2304 ) (-2112 -64 1856 ) 
4 200 201 (-2112 0 2304 ) (-2112 0 1856 ) (-2112 -64 1856 ) (-2112 -64 2304 ) 
4 201 212 (-3072 0 2304 ) (-3072 0 1364 ) (-3072 -64 1364 ) (-3072 -64 2304 ) 
5 201 206 (-3072 -64 2304 ) (-3072 -64 1364 ) (-2891.277832 -64 1251.048584 ) (-2784 -64 1312 ) (-2784 -64 2304 ) 
4 201 205 (-2112 -64 1312 ) (-2112 -64 2304 ) (-2784 -64 2304 ) (-2784 -64 1312 ) 
4 201 202 (-2783.997070 -64 1184 ) (-3072 -64 1364.001709 ) (-3072 0 1364.001709 ) (-2783.997070 0 1184 ) 
4 202 212 (-3072 0 1364 ) (-3072 0 1184 ) (-3072 -64 1184 ) (-3072 -64 1364 ) 
4 202 206 (-3072 -64 1364 ) (-3072 -64 1184 ) (-3009.287109 -64 1184 ) (-2891.277832 -64 1251.048584 ) 
4 203 207 (-2080 -64 -3072 ) (-2080 -64 -2976 ) (-2112 -64 -2976 ) (-2112 -64 -3072 ) 
4 203 204 (-2112 0 -3072 ) (-2112 -64 -3072 ) (-2112 -64 -2976 ) (-2112 0 -2976 ) 
4 204 219 (-3072 0 -2976 ) (-3072 0 -3072 ) (-3072 -64 -3072 ) (-3072 -64 -2976 ) 
4 204 208 (-3072 -64 -2976 ) (-3072 -64 -3072 ) (-2784 -64 -3072 ) (-2784 -64 -2976 ) 
4 204 207 (-2784 -64 -3072 ) (-2112 -64 -3072 ) (-2112 -64 -2976 ) (-2784 -64 -2976 ) 
4 205 209 (-2048 -448 1856 ) (-2048 -448 2304 ) (-2784 -448 2304 ) (-2784 -448 1856 ) 
4 205 206 (-2784 -64 2304 ) (-2784 -64 1312 ) (-2784 -448 1312 ) (-2784 -448 2304 ) 
4 206 212 (-3072 -448 1184 ) (-3072 -448 2304 ) (-3072 -64 2304 ) (-3072 -64 1184 ) 
4 206 209 (-3072 -448 2304 ) (-3072 -448 1856 ) (-2784 -448 1856 ) (-2784 -448 2304 ) 
4 207 211 (-2048 -448 -3072 ) (-2048 -448 -2976 ) (-2784 -448 -2976 ) (-2784 -448 -3072 ) 
4 207 208 (-2784 -448 -3072 ) (-2784 -448 -2976 ) (-2784 -64 -2976 ) (-2784 -64 -3072 ) 
4 208 219 (-3072 -448 -3072 ) (-3072 -448 -2976 ) (-3072 -64 -2976 ) (-3072 -64 -3072 ) 
4 208 214 (-3072 -448 -2976 ) (-3072 -448 1024 ) (-3072 -64 1024 ) (-3072 -64 -2976 ) 
4 208 211 (-3072 -448 -2976 ) (-3072 -448 -3072 ) (-2784 -448 -3072 ) (-2784 -448 -2976 ) 
4 209 216 (-3072 -640 2304 ) (-3072 -448 2304 ) (-3072 -448 1856 ) (-3072 -640 1856 ) 
4 209 210 (-2048 -640 1856 ) (-2048 -640 2304 ) (-3072 -640 2304 ) (-3072 -640 1856 ) 
4 210 220 (-2048 -1024 -2976 ) (-2048 -1024 2304 ) (-3072 -1024 2304 ) (-3072 -1024 -2976 ) 
4 210 217 (-3072 -1024 -2976 ) (-3072 -1024 1856 ) (-3072 -640 1856 ) (-3072 -640 -2976 ) 
4 210 216 (-3072 -1024 1856 ) (-3072 -1024 2304 ) (-3072 -640 2304 ) (-3072 -640 1856 ) 
4 210 211 (-2048 -640 -2976 ) (-2048 -1024 -2976 ) (-3072 -1024 -2976 ) (-3072 -640 -2976 ) 
4 211 220 (-2048 -1024 -3072 ) (-2048 -1024 -2976 ) (-3072 -1024 -2976 ) (-3072 -1024 -3072 ) 
4 211 219 (-3072 -1024 -3072 ) (-3072 -1024 -2976 ) (-3072 -448 -2976 ) (-3072 -448 -3072 ) 
4 212 216 (-3072 -448 1856 ) (-3072 -448 2304 ) (-3584 -448 2304 ) (-3584 -448 1856 ) 
4 212 213 (-3584 -448 1184 ) (-3584 -448 2304 ) (-3584 0 2304 ) (-3584 0 1184 ) 
4 213 226 (-4096 0 2304 ) (-4096 0 1024 ) (-4096 -448 1024 ) (-4096 -448 2304 ) 
4 213 218 (-4096 -448 1856 ) (-4096 -448 1024 ) (-3584 -448 1024 ) (-3584 -448 1856 ) 
4 213 216 (-3584 -448 2304 ) (-4096 -448 2304 ) (-4096 -448 1856 ) (-3584 -448 1856 ) 
4 213 214 (-3584 -448 1024 ) (-3616 -448 1024 ) (-3616 -64 1024 ) (-3584 -64 1024 ) 
4 213 215 (-3616 -448 1024 ) (-4096 -448 1024 ) (-4096 0 1024 ) (-3616 0 1024 ) 
4 214 219 (-3072 -64 -2976 ) (-3072 -448 -2976 ) (-3616 -448 -2976 ) (-3616 -64 -2976 ) 
4 214 218 (-3616 -448 -2976 ) (-3584 -448 -2976 ) (-3584 -448 1024 ) (-3616 -448 1024 ) 
4 214 215 (-3616 -64 -2976 ) (-3616 -448 -2976 ) (-3616 -448 1024 ) (-3616 -64 1024 ) 
4 215 226 (-4096 0 1024 ) (-4096 0 -2976 ) (-4096 -448 -2976 ) (-4096 -448 1024 ) 
4 215 219 (-4096 -448 -2976 ) (-4096 0 -2976 ) (-3616 0 -2976 ) (-3616 -448 -2976 ) 
4 215 218 (-4096 -448 -2976 ) (-3616 -448 -2976 ) (-3616 -448 1024 ) (-4096 -448 1024 ) 
4 216 226 (-4096 -1024 1856 ) (-4096 -1024 2304 ) (-4096 -448 2304 ) (-4096 -448 1856 ) 
4 216 221 (-3072 -1024 1856 ) (-3072 -1024 2304 ) (-4096 -1024 2304 ) (-4096 -1024 1856 ) 
4 216 217 (-3072 -640 1856 ) (-3072 -1024 1856 ) (-3584 -1024 1856 ) (-3584 -640 1856 ) 
4 216 218 (-4096 -1024 1856 ) (-4096 -448 1856 ) (-3584 -448 1856 ) (-3584 -1024 1856 ) 
4 217 221 (-3072 -1024 -2976 ) (-3072 -1024 1856 ) (-3584 -1024 1856 ) (-3584 -1024 -2976 ) 
4 217 219 (-3072 -640 -2976 ) (-3072 -1024 -2976 ) (-3584 -1024 -2976 ) (-3584 -640 -2976 ) 
4 217 218 (-3584 -1024 1856 ) (-3584 -640 1856 ) (-3584 -640 -2976 ) (-3584 -1024 -2976 ) 
4 218 226 (-4096 -1024 -2976 ) (-4096 -1024 1856 ) (-4096 -448 1856 ) (-4096 -448 -2976 ) 
4 218 221 (-3584 -1024 1856 ) (-4096 -1024 1856 ) (-4096 -1024 -2976 ) (-3584 -1024 -2976 ) 
4 218 219 (-4096 -1024 -2976 ) (-4096 -448 -2976 ) (-3584 -448 -2976 ) (-3584 -1024 -2976 ) 
4 219 226 (-4096 -1024 -3072 ) (-4096 -1024 -2976 ) (-4096 0 -2976 ) (-4096 0 -3072 ) 
4 219 221 (-3072 -1024 -3072 ) (-3072 -1024 -2976 ) (-4096 -1024 -2976 ) (-4096 -1024 -3072 ) 
4 220 221 (-3072 -1280 2304 ) (-3072 -1024 2304 ) (-3072 -1024 -3072 ) (-3072 -1280 -3072 ) 
4 221 227 (-4096 -1280 2304 ) (-4096 -1024 2304 ) (-4096 -1024 -3072 ) (-4096 -1280 -3072 ) 
4 222 223 (-4864 928 2304 ) (-4864 928 1312 ) (-4096 928 1312 ) (-4096 928 2304 ) 
4 222 224 (-4864 928 1312 ) (-4864 928 2304 ) (-4864 1024 2304 ) (-4864 1024 1312 ) 
4 223 226 (-4096 0 -2976 ) (-4096 0 2304 ) (-4864 0 2304 ) (-4864 0 -2976 ) 
4 223 225 (-4096 928 -2976 ) (-4096 0 -2976 ) (-4864 0 -2976 ) (-4864 928 -2976 ) 
4 223 224 (-4864 928 -2976 ) (-4864 0 -2976 ) (-4864 0 2304 ) (-4864 928 2304 ) 
4 224 226 (-4864 0 2304 ) (-5120 0 2304 ) (-5120 0 -2976 ) (-4864 0 -2976 ) 
4 224 225 (-5120 0 -2976 ) (-5120 1024 -2976 ) (-4864 1024 -2976 ) (-4864 0 -2976 ) 
4 225 226 (-4096 0 -3072 ) (-4096 0 -2976 ) (-5120 0 -2976 ) (-5120 0 -3072 ) 
4 226 227 (-4096 -1024 -3072 ) (-4096 -1024 2304 ) (-5120 -1024 2304 ) (-5120 -1024 -3072 ) 
