PRT1
363
1045
4 0 4 (1184 1024 768 ) (1024 1024 768 ) (1024 1024 -640 ) (1184 1024 -640 ) 
4 0 3 (1536 1024 768 ) (1184 1024 768 ) (1184 1024 -640 ) (1536 1024 -640 ) 
4 0 1 (1024 1024 -640 ) (1024 1024 768 ) (1024 1280 768 ) (1024 1280 -640 ) 
4 1 32 (1024 1024 -640 ) (1024 1024 -448 ) (0 1024 -448 ) (0 1024 -640 ) 
4 1 30 (192 1024 -224 ) (0 1024 -224 ) (0 1024 -448 ) (192 1024 -448 ) 
4 1 28 (1024 1024 -448 ) (1024 1024 -224 ) (192 1024 -224 ) (192 1024 -448 ) 
4 1 26 (160 1024 -160 ) (0 1024 -160 ) (0 1024 -224 ) (160 1024 -224 ) 
4 1 25 (1024 1024 -224 ) (1024 1024 -160 ) (160 1024 -160 ) (160 1024 -224 ) 
4 1 19 (128 1024 768 ) (0 1024 768 ) (0 1024 -160 ) (128 1024 -160 ) 
4 1 18 (1024 1024 -160 ) (1024 1024 768 ) (128 1024 768 ) (128 1024 -160 ) 
4 1 2 (0 1024 -640 ) (0 1024 768 ) (0 1280 768 ) (0 1280 -640 ) 
4 2 96 (-1024 1024 -640 ) (-1024 1024 768 ) (-1024 1280 768 ) (-1024 1280 -640 ) 
4 2 51 (0 1024 -640 ) (0 1024 -448 ) (-1024 1024 -448 ) (-1024 1024 -640 ) 
4 2 49 (0 1024 -448 ) (0 1024 -224 ) (-1024 1024 -224 ) (-1024 1024 -448 ) 
4 2 45 (0 1024 -224 ) (0 1024 -160 ) (-1024 1024 -160 ) (-1024 1024 -224 ) 
4 2 33 (0 1024 -160 ) (0 1024 768 ) (-1024 1024 768 ) (-1024 1024 -160 ) 
4 3 16 (1184 0 -384 ) (1184 0 -640 ) (1536 0 -640 ) (1536 0 -384 ) 
4 3 13 (1184 0 -64 ) (1184 0 -384 ) (1536 0 -384 ) (1536 0 -64 ) 
4 3 7 (1536 0 768 ) (1184 0 768 ) (1184 0 -64 ) (1536 0 -64 ) 
4 3 5 (1184 0 -384 ) (1184 0 768 ) (1184 736 768 ) (1184 736 -384 ) 
4 3 6 (1184 736 -640 ) (1184 0 -640 ) (1184 0 -448 ) (1184 736 -448 ) 
4 3 4 (1184 1024 -640 ) (1184 736 -640 ) (1184 736 768 ) (1184 1024 768 ) 
4 4 32 (1024 1024 -448 ) (1024 1024 -640 ) (1024 736 -640 ) (1024 736 -448 ) 
4 4 28 (1024 1024 -224 ) (1024 1024 -448 ) (1024 736 -448 ) (1024 736 -224 ) 
4 4 25 (1024 1024 -160 ) (1024 1024 -224 ) (1024 736 -224 ) (1024 736 -160 ) 
4 4 18 (1024 1024 768 ) (1024 1024 -160 ) (1024 736 -160 ) (1024 736 768 ) 
4 4 5 (1184 736 -384 ) (1184 736 768 ) (1024 736 768 ) (1024 736 -384 ) 
4 4 6 (1024 736 -640 ) (1184 736 -640 ) (1184 736 -448 ) (1024 736 -448 ) 
4 5 29 (1024 0 -384 ) (1024 0 -224 ) (1024 736 -224 ) (1024 736 -384 ) 
4 5 25 (1024 0 -224 ) (1024 0 -160 ) (1024 736 -160 ) (1024 736 -224 ) 
4 5 18 (1024 0 -160 ) (1024 0 768 ) (1024 736 768 ) (1024 736 -160 ) 
4 5 14 (1024 0 -64 ) (1024 0 -384 ) (1184 0 -384 ) (1184 0 -64 ) 
4 5 10 (1152 0 768 ) (1024 0 768 ) (1024 0 -64 ) (1152 0 -64 ) 
4 5 8 (1184 0 768 ) (1152 0 768 ) (1152 0 -64 ) (1184 0 -64 ) 
4 6 32 (1024 736 -640 ) (1024 0 -640 ) (1024 0 -448 ) (1024 736 -448 ) 
4 6 17 (1024 0 -448 ) (1024 0 -640 ) (1184 0 -640 ) (1184 0 -448 ) 
4 7 122 (1536 -1024 768 ) (1184 -1024 768 ) (1184 -1024 -64 ) (1536 -1024 -64 ) 
4 7 13 (1536 -1024 -64 ) (1184 -1024 -64 ) (1184 0 -64 ) (1536 0 -64 ) 
4 7 9 (1184 -1024 -48 ) (1184 -1024 768 ) (1184 -704 768 ) (1184 -704 -48 ) 
4 7 8 (1184 0 -64 ) (1184 -704 -64 ) (1184 -704 768 ) (1184 0 768 ) 
4 8 14 (1152 -704 -64 ) (1152 0 -64 ) (1184 0 -64 ) (1184 -704 -64 ) 
4 8 10 (1152 0 -64 ) (1152 -704 -64 ) (1152 -704 768 ) (1152 0 768 ) 
4 8 9 (1152 -704 768 ) (1152 -704 -48 ) (1184 -704 -48 ) (1184 -704 768 ) 
4 9 123 (1184 -1024 768 ) (1152 -1024 768 ) (1152 -1024 -48 ) (1184 -1024 -48 ) 
4 9 11 (1152 -736 768 ) (1152 -704 768 ) (1152 -704 -48 ) (1152 -736 -48 ) 
4 9 12 (1152 -1024 -48 ) (1152 -1024 768 ) (1152 -736 768 ) (1152 -736 -48 ) 
4 10 59 (1024 0 -16 ) (1024 0 -64 ) (1024 -704 -64 ) (1024 -704 -16 ) 
4 10 53 (1024 0 0 ) (1024 0 -16 ) (1024 -704 -16 ) (1024 -704 0 ) 
4 10 52 (1024 -704 768 ) (1024 0 768 ) (1024 0 0 ) (1024 -704 0 ) 
4 10 14 (1024 -704 -64 ) (1024 0 -64 ) (1152 0 -64 ) (1152 -704 -64 ) 
4 10 11 (1152 -704 -48 ) (1152 -704 768 ) (1024 -704 768 ) (1024 -704 -48 ) 
4 11 65 (1024 -704 -16 ) (1024 -704 -48 ) (1024 -736 -48 ) (1024 -736 -16 ) 
4 11 53 (1024 -704 0 ) (1024 -704 -16 ) (1024 -736 -16 ) (1024 -736 0 ) 
4 11 52 (1024 -736 768 ) (1024 -704 768 ) (1024 -704 0 ) (1024 -736 0 ) 
4 11 12 (1152 -736 -48 ) (1152 -736 768 ) (1024 -736 768 ) (1024 -736 -48 ) 
4 12 125 (1152 -1024 768 ) (1024 -1024 768 ) (1024 -1024 -64 ) (1152 -1024 -64 ) 
4 12 66 (1024 -1024 -64 ) (1024 -1024 -16 ) (1024 -736 -16 ) (1024 -736 -64 ) 
4 12 53 (1024 -1024 -16 ) (1024 -1024 0 ) (1024 -736 0 ) (1024 -736 -16 ) 
4 12 52 (1024 -1024 0 ) (1024 -1024 768 ) (1024 -736 768 ) (1024 -736 0 ) 
4 13 128 (1536 -1024 -64 ) (1184 -1024 -64 ) (1184 -1024 -384 ) (1536 -1024 -384 ) 
4 13 16 (1184 0 -384 ) (1536 0 -384 ) (1536 -1024 -384 ) (1184 -1024 -384 ) 
4 13 14 (1184 0 -384 ) (1184 -704 -384 ) (1184 -704 -64 ) (1184 0 -64 ) 
4 14 63 (1024 0 -320 ) (1024 0 -384 ) (1024 -704 -384 ) (1024 -704 -320 ) 
4 14 59 (1024 -704 -64 ) (1024 0 -64 ) (1024 0 -320 ) (1024 -704 -320 ) 
4 15 130 (1024 -1024 -96 ) (1024 -1024 -384 ) (1152 -1024 -384 ) (1152 -1024 -96 ) 
4 15 68 (1024 -1024 -384 ) (1024 -1024 -96 ) (1024 -768 -96 ) (1024 -768 -384 ) 
4 16 128 (1536 -1024 -384 ) (1184 -1024 -384 ) (1184 -1024 -640 ) (1536 -1024 -640 ) 
4 16 17 (1184 0 -640 ) (1184 -1024 -640 ) (1184 -1024 -448 ) (1184 0 -448 ) 
4 17 132 (1024 -1024 -448 ) (1024 -1024 -640 ) (1184 -1024 -640 ) (1184 -1024 -448 ) 
4 17 77 (1024 -1024 -640 ) (1024 -1024 -448 ) (1024 0 -448 ) (1024 0 -640 ) 
4 18 71 (192 0 -16 ) (128 0 -16 ) (128 0 -160 ) (192 0 -160 ) 
4 18 70 (608 0 -16 ) (192 0 -16 ) (192 0 -160 ) (608 0 -160 ) 
4 18 60 (640 0 -16 ) (608 0 -16 ) (608 0 -160 ) (640 0 -160 ) 
4 18 59 (1024 0 -160 ) (1024 0 -16 ) (640 0 -16 ) (640 0 -160 ) 
4 18 54 (192 0 0 ) (128 0 0 ) (128 0 -16 ) (192 0 -16 ) 
4 18 53 (1024 0 -16 ) (1024 0 0 ) (192 0 0 ) (192 0 -16 ) 
4 18 52 (1024 0 0 ) (1024 0 768 ) (128 0 768 ) (128 0 0 ) 
4 18 26 (128 736 -160 ) (128 1024 -160 ) (160 1024 -160 ) (160 736 -160 ) 
4 18 27 (160 0 -160 ) (128 0 -160 ) (128 416 -160 ) (160 416 -160 ) 
4 18 25 (1024 0 -160 ) (160 0 -160 ) (160 1024 -160 ) (1024 1024 -160 ) 
4 18 23 (128 448 -128 ) (128 480 -96 ) (128 672 -96 ) (128 704 -128 ) 
3 18 22 (128 672 -96 ) (128 704 -96 ) (128 704 -128 ) 
3 18 21 (128 448 -128 ) (128 448 -96 ) (128 480 -96 ) 
4 18 20 (128 448 -96 ) (128 448 768 ) (128 704 768 ) (128 704 -96 ) 
4 18 19 (128 1024 -160 ) (128 704 -160 ) (128 704 768 ) (128 1024 768 ) 
4 18 24 (128 448 -160 ) (128 0 -160 ) (128 0 768 ) (128 448 768 ) 
4 19 33 (0 1024 768 ) (0 1024 -160 ) (0 704 -160 ) (0 704 768 ) 
4 19 26 (0 736 -160 ) (0 1024 -160 ) (128 1024 -160 ) (128 736 -160 ) 
4 19 22 (128 704 -128 ) (128 704 -96 ) (0 704 -96 ) (0 704 -128 ) 
4 19 20 (128 704 -96 ) (128 704 768 ) (0 704 768 ) (0 704 -96 ) 
3 20 36 (0 672 -96 ) (0 480 -96 ) (0 576 0 ) 
4 20 35 (0 704 128 ) (0 704 -96 ) (0 672 -96 ) (0 576 0 ) 
5 20 34 (0 448 -96 ) (0 448 768 ) (0 704 768 ) (0 704 128 ) (0 480 -96 ) 
4 20 23 (96 672 -96 ) (128 672 -96 ) (128 480 -96 ) (96 480 -96 ) 
4 20 22 (0 672 -96 ) (0 704 -96 ) (128 704 -96 ) (128 672 -96 ) 
4 20 21 (128 448 -96 ) (0 448 -96 ) (0 480 -96 ) (128 480 -96 ) 
4 20 24 (128 448 -96 ) (128 448 768 ) (0 448 768 ) (0 448 -96 ) 
3 21 34 (0 448 -128 ) (0 448 -96 ) (0 480 -96 ) 
3 21 23 (128 448 -128 ) (96 480 -96 ) (128 480 -96 ) 
4 21 24 (128 448 -128 ) (128 448 -96 ) (0 448 -96 ) (0 448 -128 ) 
3 22 35 (0 672 -96 ) (0 704 -96 ) (0 704 -128 ) 
3 22 23 (128 704 -128 ) (128 672 -96 ) (96 672 -96 ) 
4 24 74 (0 0 -16 ) (0 0 -160 ) (64 0 -160 ) (64 0 -16 ) 
4 24 71 (64 0 -160 ) (128 0 -160 ) (128 0 -16 ) (64 0 -16 ) 
4 24 54 (0 0 0 ) (0 0 -16 ) (128 0 -16 ) (128 0 0 ) 
4 24 52 (128 0 768 ) (0 0 768 ) (0 0 0 ) (128 0 0 ) 
4 24 44 (0 448 -160 ) (0 0 -160 ) (0 0 768 ) (0 448 768 ) 
4 24 27 (128 0 -160 ) (0 0 -160 ) (0 416 -160 ) (128 416 -160 ) 
4 25 71 (192 0 -160 ) (160 0 -160 ) (160 0 -224 ) (192 0 -224 ) 
4 25 70 (608 0 -160 ) (192 0 -160 ) (192 0 -224 ) (608 0 -224 ) 
4 25 60 (640 0 -160 ) (608 0 -160 ) (608 0 -224 ) (640 0 -224 ) 
4 25 59 (1024 0 -224 ) (1024 0 -160 ) (640 0 -160 ) (640 0 -224 ) 
4 25 31 (192 352 -224 ) (192 0 -224 ) (160 0 -224 ) (160 352 -224 ) 
4 25 30 (160 1024 -224 ) (192 1024 -224 ) (192 800 -224 ) (160 800 -224 ) 
4 25 29 (1024 736 -224 ) (1024 0 -224 ) (192 0 -224 ) (192 736 -224 ) 
4 25 28 (192 1024 -224 ) (1024 1024 -224 ) (1024 736 -224 ) (192 736 -224 ) 
4 25 26 (160 1024 -224 ) (160 736 -224 ) (160 736 -160 ) (160 1024 -160 ) 
4 25 27 (160 416 -224 ) (160 0 -224 ) (160 0 -160 ) (160 416 -160 ) 
4 26 45 (0 1024 -160 ) (0 1024 -224 ) (0 736 -224 ) (0 736 -160 ) 
4 26 30 (0 800 -224 ) (0 1024 -224 ) (160 1024 -224 ) (160 800 -224 ) 
4 27 74 (64 0 -160 ) (0 0 -160 ) (0 0 -224 ) (64 0 -224 ) 
4 27 71 (160 0 -160 ) (64 0 -160 ) (64 0 -224 ) (160 0 -224 ) 
4 27 48 (0 416 -224 ) (0 0 -224 ) (0 0 -160 ) (0 416 -160 ) 
4 27 31 (0 0 -224 ) (0 352 -224 ) (160 352 -224 ) (160 0 -224 ) 
4 28 32 (192 736 -448 ) (192 1024 -448 ) (1024 1024 -448 ) (1024 736 -448 ) 
4 28 30 (192 1024 -448 ) (192 800 -448 ) (192 800 -224 ) (192 1024 -224 ) 
4 28 29 (192 736 -224 ) (192 736 -384 ) (1024 736 -384 ) (1024 736 -224 ) 
4 29 70 (608 0 -224 ) (192 0 -224 ) (192 0 -384 ) (608 0 -384 ) 
4 29 64 (640 0 -320 ) (608 0 -320 ) (608 0 -384 ) (640 0 -384 ) 
4 29 63 (1024 0 -384 ) (1024 0 -320 ) (640 0 -320 ) (640 0 -384 ) 
4 29 60 (640 0 -224 ) (608 0 -224 ) (608 0 -320 ) (640 0 -320 ) 
4 29 59 (1024 0 -320 ) (1024 0 -224 ) (640 0 -224 ) (640 0 -320 ) 
4 29 31 (192 0 -384 ) (192 0 -224 ) (192 352 -224 ) (192 352 -384 ) 
4 30 49 (0 1024 -224 ) (0 1024 -448 ) (0 800 -448 ) (0 800 -224 ) 
4 30 32 (0 800 -448 ) (0 1024 -448 ) (192 1024 -448 ) (192 800 -448 ) 
4 31 74 (64 0 -224 ) (0 0 -224 ) (0 0 -384 ) (64 0 -384 ) 
4 31 71 (192 0 -224 ) (64 0 -224 ) (64 0 -384 ) (192 0 -384 ) 
4 31 50 (0 0 -384 ) (0 0 -224 ) (0 352 -224 ) (0 352 -384 ) 
4 32 77 (1024 0 -640 ) (1024 0 -448 ) (0 0 -448 ) (0 0 -640 ) 
4 32 51 (0 1024 -448 ) (0 1024 -640 ) (0 0 -640 ) (0 0 -448 ) 
4 33 99 (-1024 704 768 ) (-1024 800 768 ) (-1024 800 -160 ) (-1024 704 -160 ) 
4 33 98 (-1024 800 768 ) (-1024 1024 768 ) (-1024 1024 -160 ) (-1024 800 -160 ) 
4 33 46 (-64 704 -160 ) (-640 704 -160 ) (-640 736 -160 ) (-64 736 -160 ) 
4 33 47 (-864 704 -160 ) (-1024 704 -160 ) (-1024 736 -160 ) (-864 736 -160 ) 
4 33 45 (0 1024 -160 ) (0 736 -160 ) (-1024 736 -160 ) (-1024 1024 -160 ) 
4 33 40 (-672 704 -128 ) (-672 704 -96 ) (-832 704 -96 ) (-832 704 -128 ) 
4 33 38 (-672 704 -96 ) (-672 704 768 ) (-832 704 768 ) (-832 704 -96 ) 
4 33 37 (-672 704 -160 ) (-32 704 -160 ) (-32 704 768 ) (-672 704 768 ) 
4 33 43 (-1024 704 -160 ) (-832 704 -160 ) (-832 704 768 ) (-1024 704 768 ) 
4 33 35 (0 704 -128 ) (0 704 128 ) (-32 704 128 ) (-32 704 -128 ) 
4 33 34 (0 704 128 ) (0 704 768 ) (-32 704 768 ) (-32 704 128 ) 
4 34 37 (-32 704 768 ) (-32 704 128 ) (-32 448 -128 ) (-32 448 768 ) 
4 34 36 (-32 448 -128 ) (-32 576 0 ) (0 576 0 ) (0 480 -96 ) 
4 34 35 (-32 576 0 ) (-32 704 128 ) (0 704 128 ) (0 576 0 ) 
4 34 44 (0 448 -128 ) (0 448 768 ) (-32 448 768 ) (-32 448 -128 ) 
3 35 37 (-32 704 128 ) (-32 704 -128 ) (-32 576 0 ) 
4 35 36 (0 576.003906 -0.003906 ) (-32 576.003906 -0.003906 ) (-32 704 -128 ) (0 672 -96 ) 
3 36 37 (-32 704 -128 ) (-32 448 -128 ) (-32 576 0 ) 
4 37 46 (-64 448 -160 ) (-640 448 -160 ) (-640 704 -160 ) (-64 704 -160 ) 
4 37 42 (-672 704 -128 ) (-672 448 -128 ) (-672 480 -96 ) (-672 672 -96 ) 
3 37 40 (-672 704 -96 ) (-672 704 -128 ) (-672 672 -96 ) 
3 37 39 (-672 448 -128 ) (-672 448 -96 ) (-672 480 -96 ) 
4 37 38 (-672 704 768 ) (-672 704 -96 ) (-672 448 -96 ) (-672 448 768 ) 
4 37 44 (-672 448 -160 ) (-32 448 -160 ) (-32 448 768 ) (-672 448 768 ) 
4 38 42 (-704 672 -96 ) (-672 672 -96 ) (-672 480 -96 ) (-704 480 -96 ) 
4 38 41 (-832 480 -96 ) (-832 672 -96 ) (-800 672 -96 ) (-800 480 -96 ) 
4 38 40 (-832 672 -96 ) (-832 704 -96 ) (-672 704 -96 ) (-672 672 -96 ) 
4 38 39 (-832 448 -96 ) (-832 480 -96 ) (-672 480 -96 ) (-672 448 -96 ) 
4 38 44 (-672 448 -96 ) (-672 448 768 ) (-832 448 768 ) (-832 448 -96 ) 
4 38 43 (-832 704 768 ) (-832 704 -96 ) (-832 448 -96 ) (-832 448 768 ) 
3 39 42 (-704 480 -96 ) (-672 480 -96 ) (-672 448 -128 ) 
3 39 41 (-832 448 -128 ) (-832 480 -96 ) (-800 480 -96 ) 
3 39 43 (-832 448 -128 ) (-832 448 -96 ) (-832 480 -96 ) 
4 39 44 (-672 448 -128 ) (-672 448 -96 ) (-832 448 -96 ) (-832 448 -128 ) 
3 40 42 (-672 704 -128 ) (-672 672 -96 ) (-704 672 -96 ) 
3 40 41 (-800 672 -96 ) (-832 672 -96 ) (-832 704 -128 ) 
3 40 43 (-832 704 -96 ) (-832 704 -128 ) (-832 672 -96 ) 
4 41 43 (-832 704 -128 ) (-832 448 -128 ) (-832 480 -96 ) (-832 672 -96 ) 
4 43 99 (-1024 448 768 ) (-1024 704 768 ) (-1024 704 -160 ) (-1024 448 -160 ) 
4 43 47 (-864 448 -160 ) (-1024 448 -160 ) (-1024 704 -160 ) (-864 704 -160 ) 
4 43 44 (-1024 448 -160 ) (-832 448 -160 ) (-832 448 768 ) (-1024 448 768 ) 
4 44 101 (-1024 0 -160 ) (-1024 0 768 ) (-1024 352 768 ) (-1024 352 -160 ) 
4 44 99 (-1024 352 768 ) (-1024 448 768 ) (-1024 448 -160 ) (-1024 352 -160 ) 
4 44 85 (-704 0 768 ) (-832 0 768 ) (-832 0 -160 ) (-704 0 -160 ) 
4 44 89 (-832 0 768 ) (-1024 0 768 ) (-1024 0 -160 ) (-832 0 -160 ) 
4 44 83 (0 0 -160 ) (0 0 -16 ) (-704 0 -16 ) (-704 0 -160 ) 
4 44 79 (0 0 -16 ) (0 0 0 ) (-704 0 0 ) (-704 0 -16 ) 
4 44 78 (0 0 0 ) (0 0 768 ) (-704 0 768 ) (-704 0 0 ) 
4 44 46 (-64 416 -160 ) (-640 416 -160 ) (-640 448 -160 ) (-64 448 -160 ) 
4 44 47 (-864 416 -160 ) (-1024 416 -160 ) (-1024 448 -160 ) (-864 448 -160 ) 
4 44 48 (0 416 -160 ) (0 0 -160 ) (-1024 0 -160 ) (-1024 416 -160 ) 
4 45 99 (-1024 736 -160 ) (-1024 800 -160 ) (-1024 800 -224 ) (-1024 736 -224 ) 
4 45 98 (-1024 800 -160 ) (-1024 1024 -160 ) (-1024 1024 -224 ) (-1024 800 -224 ) 
4 45 49 (-1024 800 -224 ) (-1024 1024 -224 ) (0 1024 -224 ) (0 800 -224 ) 
4 45 46 (-640 736 -224 ) (-64 736 -224 ) (-64 736 -160 ) (-640 736 -160 ) 
4 45 47 (-1024 736 -224 ) (-864 736 -224 ) (-864 736 -160 ) (-1024 736 -160 ) 
4 46 48 (-640 416 -224 ) (-64 416 -224 ) (-64 416 -160 ) (-640 416 -160 ) 
4 47 99 (-1024 416 -160 ) (-1024 736 -160 ) (-1024 736 -224 ) (-1024 416 -224 ) 
4 47 48 (-1024 416 -224 ) (-864 416 -224 ) (-864 416 -160 ) (-1024 416 -160 ) 
4 48 101 (-1024 0 -224 ) (-1024 0 -160 ) (-1024 352 -160 ) (-1024 352 -224 ) 
4 48 99 (-1024 352 -160 ) (-1024 416 -160 ) (-1024 416 -224 ) (-1024 352 -224 ) 
4 48 85 (-704 0 -160 ) (-832 0 -160 ) (-832 0 -224 ) (-704 0 -224 ) 
4 48 89 (-832 0 -160 ) (-1024 0 -160 ) (-1024 0 -224 ) (-832 0 -224 ) 
4 48 83 (0 0 -224 ) (0 0 -160 ) (-704 0 -160 ) (-704 0 -224 ) 
4 48 50 (0 0 -224 ) (-1024 0 -224 ) (-1024 352 -224 ) (0 352 -224 ) 
4 49 98 (-1024 800 -224 ) (-1024 1024 -224 ) (-1024 1024 -448 ) (-1024 800 -448 ) 
4 49 51 (0 1024 -448 ) (0 800 -448 ) (-1024 800 -448 ) (-1024 1024 -448 ) 
4 50 101 (-1024 0 -384 ) (-1024 0 -224 ) (-1024 352 -224 ) (-1024 352 -384 ) 
4 50 90 (-832 0 -384 ) (-704 0 -384 ) (-704 0 -320 ) (-832 0 -320 ) 
4 50 92 (-1024 0 -320 ) (-1024 0 -384 ) (-832 0 -384 ) (-832 0 -320 ) 
4 50 85 (-704 0 -224 ) (-832 0 -224 ) (-832 0 -320 ) (-704 0 -320 ) 
4 50 89 (-832 0 -224 ) (-1024 0 -224 ) (-1024 0 -320 ) (-832 0 -320 ) 
4 50 83 (0 0 -384 ) (0 0 -224 ) (-704 0 -224 ) (-704 0 -384 ) 
4 51 103 (-1024 0 -640 ) (-1024 0 -448 ) (-1024 1024 -448 ) (-1024 1024 -640 ) 
4 51 95 (0 0 -640 ) (0 0 -448 ) (-1024 0 -448 ) (-1024 0 -640 ) 
4 52 154 (0 -1024 416 ) (0 -1024 0 ) (160 -1024 0 ) (160 -1024 416 ) 
4 52 152 (0 -1024 448 ) (0 -1024 416 ) (160 -1024 416 ) (160 -1024 448 ) 
4 52 151 (160 -1024 768 ) (0 -1024 768 ) (0 -1024 448 ) (160 -1024 448 ) 
4 52 149 (160 -1024 416 ) (160 -1024 0 ) (192 -1024 0 ) (192 -1024 416 ) 
4 52 148 (160 -1024 448 ) (160 -1024 416 ) (192 -1024 416 ) (192 -1024 448 ) 
4 52 147 (192 -1024 768 ) (160 -1024 768 ) (160 -1024 448 ) (192 -1024 448 ) 
4 52 137 (1024 -1024 0 ) (1024 -1024 768 ) (192 -1024 768 ) (192 -1024 0 ) 
4 52 78 (0 0 768 ) (0 0 0 ) (0 -1024 0 ) (0 -1024 768 ) 
4 52 57 (0 -704 0 ) (0 -320 0 ) (160 -320 0 ) (160 -704 0 ) 
4 52 58 (160 -1024 0 ) (0 -1024 0 ) (0 -736 0 ) (160 -736 0 ) 
4 52 56 (192 -736 0 ) (192 -1024 0 ) (160 -1024 0 ) (160 -736 0 ) 
4 52 55 (192 -448 0 ) (192 -576 0 ) (160 -576 0 ) (160 -448 0 ) 
4 52 54 (0 0 0 ) (192 0 0 ) (192 -288 0 ) (0 -288 0 ) 
4 52 53 (192 0 0 ) (1024 0 0 ) (1024 -1024 0 ) (192 -1024 0 ) 
4 53 137 (1024 -1024 -16 ) (1024 -1024 0 ) (192 -1024 0 ) (192 -1024 -16 ) 
4 53 70 (608 -1024 -16 ) (192 -1024 -16 ) (192 0 -16 ) (608 0 -16 ) 
4 53 67 (640 -1024 -16 ) (608 -1024 -16 ) (608 -704 -16 ) (640 -704 -16 ) 
4 53 65 (640 -736 -16 ) (640 -704 -16 ) (1024 -704 -16 ) (1024 -736 -16 ) 
4 53 66 (1024 -1024 -16 ) (640 -1024 -16 ) (640 -736 -16 ) (1024 -736 -16 ) 
4 53 61 (608 -704 -16 ) (608 -288 -16 ) (640 -288 -16 ) (640 -704 -16 ) 
4 53 60 (608 -288 -16 ) (608 0 -16 ) (640 0 -16 ) (640 -288 -16 ) 
4 53 59 (640 0 -16 ) (1024 0 -16 ) (1024 -704 -16 ) (640 -704 -16 ) 
4 53 56 (192 -736 -16 ) (192 -1024 -16 ) (192 -1024 0 ) (192 -736 0 ) 
4 53 55 (192 -448 -16 ) (192 -576 -16 ) (192 -576 0 ) (192 -448 0 ) 
4 53 54 (192 0 -16 ) (192 -288 -16 ) (192 -288 0 ) (192 0 0 ) 
4 54 79 (0 0 0 ) (0 0 -16 ) (0 -288 -16 ) (0 -288 0 ) 
4 54 74 (0 -288 -16 ) (0 0 -16 ) (64 0 -16 ) (64 -288 -16 ) 
4 54 71 (64 0 -16 ) (192 0 -16 ) (192 -288 -16 ) (64 -288 -16 ) 
4 55 72 (160 -576 -16 ) (160 -448 -16 ) (192 -448 -16 ) (192 -576 -16 ) 
4 55 57 (160 -448 -16 ) (160 -576 -16 ) (160 -576 0 ) (160 -448 0 ) 
4 56 162 (192 -1024 0 ) (160 -1024 0 ) (160 -1024 -16 ) (192 -1024 -16 ) 
4 56 73 (192 -1024 -16 ) (160 -1024 -16 ) (160 -736 -16 ) (192 -736 -16 ) 
4 56 58 (160 -736 -16 ) (160 -1024 -16 ) (160 -1024 0 ) (160 -736 0 ) 
4 57 80 (0 -320 -16 ) (0 -704 -16 ) (0 -704 0 ) (0 -320 0 ) 
6 57 72 (160 -448 -16 ) (160 -576 -16 ) (96 -576 -16 ) (64 -544 -16 ) (64 -480 -16 ) (96 -448 -16 ) 
4 58 165 (160 -1024 0 ) (0 -1024 0 ) (0 -1024 -16 ) (160 -1024 -16 ) 
4 58 81 (0 -736 -16 ) (0 -1024 -16 ) (0 -1024 0 ) (0 -736 0 ) 
4 58 75 (64 -1024 -16 ) (0 -1024 -16 ) (0 -736 -16 ) (64 -736 -16 ) 
4 58 73 (160 -1024 -16 ) (64 -1024 -16 ) (64 -736 -16 ) (160 -736 -16 ) 
4 59 65 (1024 -704 -48 ) (1024 -704 -16 ) (640 -704 -16 ) (640 -704 -48 ) 
4 59 63 (1024 -704 -320 ) (640 -704 -320 ) (640 0 -320 ) (1024 0 -320 ) 
4 59 62 (640 -288 -320 ) (640 -704 -320 ) (640 -704 -48 ) (640 -288 -48 ) 
4 59 61 (640 -704 -48 ) (640 -704 -16 ) (640 -288 -16 ) (640 -288 -48 ) 
4 59 60 (640 0 -320 ) (640 -288 -320 ) (640 -288 -16 ) (640 0 -16 ) 
4 60 70 (608 -288 -16 ) (608 0 -16 ) (608 0 -320 ) (608 -288 -320 ) 
4 60 64 (608 -288 -320 ) (608 0 -320 ) (640 0 -320 ) (640 -288 -320 ) 
4 60 62 (608 -288 -48 ) (608 -288 -320 ) (640 -288 -320 ) (640 -288 -48 ) 
4 60 61 (608 -288 -16 ) (608 -288 -48 ) (640 -288 -48 ) (640 -288 -16 ) 
4 61 70 (608 -704 -48 ) (608 -704 -16 ) (608 -288 -16 ) (608 -288 -48 ) 
4 61 67 (608 -704 -16 ) (608 -704 -48 ) (640 -704 -48 ) (640 -704 -16 ) 
4 61 62 (608 -288 -48 ) (640 -288 -48 ) (640 -704 -48 ) (608 -704 -48 ) 
4 62 70 (608 -704 -320 ) (608 -704 -48 ) (608 -288 -48 ) (608 -288 -320 ) 
4 63 64 (640 0 -384 ) (640 -288 -384 ) (640 -288 -320 ) (640 0 -320 ) 
4 64 70 (608 0 -384 ) (608 -288 -384 ) (608 -288 -320 ) (608 0 -320 ) 
4 65 67 (640 -704 -16 ) (640 -704 -48 ) (640 -736 -48 ) (640 -736 -16 ) 
4 65 66 (640 -736 -16 ) (640 -736 -48 ) (1024 -736 -48 ) (1024 -736 -16 ) 
4 66 138 (1024 -1024 -64 ) (1024 -1024 -48 ) (640 -1024 -48 ) (640 -1024 -64 ) 
4 66 137 (1024 -1024 -48 ) (1024 -1024 -16 ) (640 -1024 -16 ) (640 -1024 -48 ) 
4 66 67 (640 -1024 -48 ) (640 -1024 -16 ) (640 -736 -16 ) (640 -736 -48 ) 
4 67 137 (640 -1024 -16 ) (608 -1024 -16 ) (608 -1024 -48 ) (640 -1024 -48 ) 
4 67 70 (608 -1024 -48 ) (608 -1024 -16 ) (608 -704 -16 ) (608 -704 -48 ) 
4 68 142 (1024 -1024 -384 ) (1024 -1024 -96 ) (640 -1024 -96 ) (640 -1024 -384 ) 
4 68 69 (640 -832 -384 ) (640 -1024 -384 ) (640 -1024 -256 ) (640 -832 -256 ) 
4 69 70 (608 -832 -384 ) (608 -1024 -384 ) (608 -1024 -256 ) (608 -832 -256 ) 
4 70 143 (192 -1024 -64 ) (192 -1024 -384 ) (608 -1024 -384 ) (608 -1024 -64 ) 
4 70 141 (192 -1024 -48 ) (192 -1024 -64 ) (608 -1024 -64 ) (608 -1024 -48 ) 
4 70 137 (608 -1024 -16 ) (192 -1024 -16 ) (192 -1024 -48 ) (608 -1024 -48 ) 
4 70 73 (192 -736 -384 ) (192 -1024 -384 ) (192 -1024 -16 ) (192 -736 -16 ) 
4 70 72 (192 -448 -384 ) (192 -576 -384 ) (192 -576 -16 ) (192 -448 -16 ) 
4 70 71 (192 0 -384 ) (192 -288 -384 ) (192 -288 -16 ) (192 0 -16 ) 
4 71 74 (64 0 -384 ) (64 -288 -384 ) (64 -288 -16 ) (64 0 -16 ) 
4 73 165 (160 -1024 -16 ) (64 -1024 -16 ) (64 -1024 -384 ) (160 -1024 -384 ) 
4 73 162 (192 -1024 -16 ) (160 -1024 -16 ) (160 -1024 -384 ) (192 -1024 -384 ) 
4 73 75 (64 -736 -384 ) (64 -1024 -384 ) (64 -1024 -16 ) (64 -736 -16 ) 
4 74 83 (0 0 -16 ) (0 0 -384 ) (0 -288 -384 ) (0 -288 -16 ) 
4 75 165 (64 -1024 -16 ) (0 -1024 -16 ) (0 -1024 -384 ) (64 -1024 -384 ) 
4 75 84 (0 -736 -384 ) (0 -1024 -384 ) (0 -1024 -16 ) (0 -736 -16 ) 
4 76 94 (0 -640 -448 ) (0 -736 -448 ) (0 -736 -384 ) (0 -640 -384 ) 
4 76 77 (0 -736 -448 ) (0 -640 -448 ) (192 -640 -448 ) (192 -736 -448 ) 
4 77 167 (192 -1024 -448 ) (0 -1024 -448 ) (0 -1024 -640 ) (192 -1024 -640 ) 
4 77 146 (1024 -1024 -640 ) (1024 -1024 -448 ) (192 -1024 -448 ) (192 -1024 -640 ) 
4 77 95 (0 0 -448 ) (0 0 -640 ) (0 -1024 -640 ) (0 -1024 -448 ) 
4 78 208 (-704 -1024 416 ) (-704 -1024 0 ) (-672 -1024 0 ) (-672 -1024 416 ) 
4 78 207 (-704 -1024 448 ) (-704 -1024 416 ) (-672 -1024 416 ) (-672 -1024 448 ) 
4 78 206 (-672 -1024 768 ) (-704 -1024 768 ) (-704 -1024 448 ) (-672 -1024 448 ) 
4 78 171 (0 -1024 0 ) (0 -1024 320 ) (-672 -1024 320 ) (-672 -1024 0 ) 
4 78 168 (0 -1024 320 ) (0 -1024 768 ) (-672 -1024 768 ) (-672 -1024 320 ) 
4 78 86 (-704 -288 0 ) (-704 -320 0 ) (-704 -320 768 ) (-704 -288 768 ) 
4 78 85 (-704 0 768 ) (-704 0 0 ) (-704 -288 0 ) (-704 -288 768 ) 
4 78 88 (-704 -320 0 ) (-704 -1024 0 ) (-704 -1024 768 ) (-704 -320 768 ) 
4 78 81 (0 -1024 0 ) (-176 -1024 0 ) (-176 -736 0 ) (0 -736 0 ) 
4 78 82 (-336 -1024 0 ) (-704 -1024 0 ) (-704 -736 0 ) (-336 -736 0 ) 
4 78 80 (-672 -320 0 ) (0 -320 0 ) (0 -704 0 ) (-672 -704 0 ) 
4 78 79 (-704 -288 0 ) (-704 0 0 ) (0 0 0 ) (0 -288 0 ) 
4 79 85 (-704 0 0 ) (-704 0 -16 ) (-704 -288 -16 ) (-704 -288 0 ) 
4 79 83 (-704 -288 -16 ) (-704 0 -16 ) (0 0 -16 ) (0 -288 -16 ) 
4 81 211 (0 -1024 -16 ) (0 -1024 0 ) (-176 -1024 0 ) (-176 -1024 -16 ) 
4 81 84 (-176 -736 -16 ) (0 -736 -16 ) (0 -1024 -16 ) (-176 -1024 -16 ) 
4 82 213 (-336 -1024 0 ) (-704 -1024 0 ) (-704 -1024 -16 ) (-336 -1024 -16 ) 
4 82 88 (-704 -736 -16 ) (-704 -1024 -16 ) (-704 -1024 0 ) (-704 -736 0 ) 
4 82 84 (-704 -1024 -16 ) (-704 -736 -16 ) (-336 -736 -16 ) (-336 -1024 -16 ) 
4 83 90 (-704 0 -320 ) (-704 0 -384 ) (-704 -288 -384 ) (-704 -288 -320 ) 
4 83 85 (-704 0 -16 ) (-704 0 -320 ) (-704 -288 -320 ) (-704 -288 -16 ) 
4 84 212 (-176 -1024 -16 ) (-336 -1024 -16 ) (-336 -1024 -384 ) (-176 -1024 -384 ) 
4 84 211 (0 -1024 -384 ) (0 -1024 -16 ) (-176 -1024 -16 ) (-176 -1024 -384 ) 
4 84 213 (-336 -1024 -16 ) (-704 -1024 -16 ) (-704 -1024 -384 ) (-336 -1024 -384 ) 
4 84 91 (-704 -736 -384 ) (-704 -1024 -384 ) (-704 -1024 -320 ) (-704 -736 -320 ) 
4 84 88 (-704 -1024 -320 ) (-704 -1024 -16 ) (-704 -736 -16 ) (-704 -736 -320 ) 
4 85 90 (-704 0 -320 ) (-704 -288 -320 ) (-832 -288 -320 ) (-832 0 -320 ) 
4 85 87 (-832 -288 0 ) (-832 -288 -320 ) (-704 -288 -320 ) (-704 -288 0 ) 
4 85 86 (-832 -288 768 ) (-832 -288 0 ) (-704 -288 0 ) (-704 -288 768 ) 
4 85 89 (-832 0 -320 ) (-832 -288 -320 ) (-832 -288 768 ) (-832 0 768 ) 
4 86 89 (-832 -320 0 ) (-832 -320 768 ) (-832 -288 768 ) (-832 -288 0 ) 
4 86 88 (-832 -320 768 ) (-832 -320 0 ) (-704 -320 0 ) (-704 -320 768 ) 
4 86 87 (-704 -320 0 ) (-832 -320 0 ) (-832 -288 0 ) (-704 -288 0 ) 
4 87 89 (-832 -288 -320 ) (-832 -320 -320 ) (-832 -320 0 ) (-832 -288 0 ) 
4 87 88 (-832 -320 0 ) (-832 -320 -320 ) (-704 -320 -320 ) (-704 -320 0 ) 
4 88 224 (-832 -1024 -320 ) (-704 -1024 -320 ) (-704 -1024 -160 ) (-832 -1024 -160 ) 
4 88 222 (-704 -1024 -160 ) (-704 -1024 -96 ) (-832 -1024 -96 ) (-832 -1024 -160 ) 
4 88 216 (-704 -1024 -96 ) (-704 -1024 0 ) (-832 -1024 0 ) (-832 -1024 -96 ) 
4 88 210 (-704 -1024 0 ) (-704 -1024 768 ) (-832 -1024 768 ) (-832 -1024 0 ) 
4 88 91 (-704 -320 -320 ) (-704 -1024 -320 ) (-832 -1024 -320 ) (-832 -320 -320 ) 
4 88 89 (-832 -320 -320 ) (-832 -1024 -320 ) (-832 -1024 768 ) (-832 -320 768 ) 
4 89 224 (-1024 -1024 -160 ) (-1024 -1024 -320 ) (-832 -1024 -320 ) (-832 -1024 -160 ) 
4 89 223 (-1024 -1024 -96 ) (-1024 -1024 -160 ) (-960 -1024 -160 ) (-960 -1024 -96 ) 
4 89 222 (-960 -1024 -160 ) (-832 -1024 -160 ) (-832 -1024 -96 ) (-960 -1024 -96 ) 
4 89 216 (-1024 -1024 0 ) (-1024 -1024 -96 ) (-832 -1024 -96 ) (-832 -1024 0 ) 
4 89 210 (-1024 -1024 768 ) (-1024 -1024 0 ) (-832 -1024 0 ) (-832 -1024 768 ) 
4 89 109 (-1024 -768 0 ) (-1024 -528 0 ) (-1024 -528 -320 ) (-1024 -768 -320 ) 
4 89 108 (-1024 -528 0 ) (-1024 0 0 ) (-1024 0 -320 ) (-1024 -528 -320 ) 
4 89 106 (-1024 -768 448 ) (-1024 0 448 ) (-1024 0 0 ) (-1024 -768 0 ) 
4 89 105 (-1024 -1024 448 ) (-1024 -1024 768 ) (-1024 0 768 ) (-1024 0 448 ) 
4 89 92 (-832 -1024 -320 ) (-1024 -1024 -320 ) (-1024 0 -320 ) (-832 0 -320 ) 
4 90 92 (-832 0 -384 ) (-832 -288 -384 ) (-832 -288 -320 ) (-832 0 -320 ) 
4 91 224 (-832 -1024 -384 ) (-704 -1024 -384 ) (-704 -1024 -320 ) (-832 -1024 -320 ) 
4 91 92 (-832 -320 -384 ) (-832 -1024 -384 ) (-832 -1024 -320 ) (-832 -320 -320 ) 
4 92 224 (-1024 -1024 -320 ) (-1024 -1024 -384 ) (-832 -1024 -384 ) (-832 -1024 -320 ) 
4 92 111 (-1024 -528 -320 ) (-1024 0 -320 ) (-1024 0 -384 ) (-1024 -528 -384 ) 
4 93 95 (-704 -640 -448 ) (-704 -288 -448 ) (-384 -288 -448 ) (-384 -640 -448 ) 
4 93 94 (-704 -640 -384 ) (-704 -640 -448 ) (-384 -640 -448 ) (-384 -640 -384 ) 
4 94 95 (-704 -736 -448 ) (-704 -640 -448 ) (0 -640 -448 ) (0 -736 -448 ) 
4 95 225 (-704 -1024 -448 ) (-1024 -1024 -448 ) (-1024 -1024 -640 ) (-704 -1024 -640 ) 
4 95 215 (0 -1024 -640 ) (0 -1024 -448 ) (-704 -1024 -448 ) (-704 -1024 -640 ) 
4 95 115 (-1024 -1024 -640 ) (-1024 -1024 -448 ) (-1024 0 -448 ) (-1024 0 -640 ) 
4 96 103 (-1024 1024 -640 ) (-1024 1024 -448 ) (-2048 1024 -448 ) (-2048 1024 -640 ) 
4 96 98 (-1024 1024 -448 ) (-1024 1024 768 ) (-1664 1024 768 ) (-1664 1024 -448 ) 
4 96 100 (-1664 1024 768 ) (-2048 1024 768 ) (-2048 1024 -448 ) (-1664 1024 -448 ) 
4 96 97 (-2048 1024 -640 ) (-2048 1024 768 ) (-2048 1280 768 ) (-2048 1280 -640 ) 
4 97 104 (-2048 1024 -640 ) (-2048 1024 768 ) (-2944 1024 768 ) (-2944 1024 -640 ) 
4 98 103 (-1664 1024 -448 ) (-1024 1024 -448 ) (-1024 800 -448 ) (-1664 800 -448 ) 
4 98 99 (-1664 800 768 ) (-1664 800 -224 ) (-1024 800 -224 ) (-1024 800 768 ) 
4 98 100 (-1664 1024 -448 ) (-1664 800 -448 ) (-1664 800 768 ) (-1664 1024 768 ) 
4 99 101 (-1024 352 -224 ) (-1024 352 768 ) (-1664 352 768 ) (-1664 352 -224 ) 
4 99 100 (-1664 352 -224 ) (-1664 352 768 ) (-1664 800 768 ) (-1664 800 -224 ) 
4 100 104 (-2048 1024 768 ) (-2048 1024 -448 ) (-2048 352 -448 ) (-2048 352 768 ) 
4 100 103 (-2048 352 -448 ) (-2048 1024 -448 ) (-1664 1024 -448 ) (-1664 352 -448 ) 
4 100 102 (-2048 352 -448 ) (-1664 352 -448 ) (-1664 352 768 ) (-2048 352 768 ) 
4 101 111 (-1024 0 -384 ) (-1024 0 -320 ) (-1056 0 -320 ) (-1056 0 -384 ) 
4 101 112 (-1056 0 -320 ) (-1664 0 -320 ) (-1664 0 -384 ) (-1056 0 -384 ) 
4 101 108 (-1024 0 -320 ) (-1024 0 0 ) (-1056 0 0 ) (-1056 0 -320 ) 
4 101 110 (-1056 0 0 ) (-1664 0 0 ) (-1664 0 -320 ) (-1056 0 -320 ) 
4 101 106 (-1024 0 0 ) (-1024 0 448 ) (-1344 0 448 ) (-1344 0 0 ) 
4 101 107 (-1344 0 448 ) (-1664 0 448 ) (-1664 0 0 ) (-1344 0 0 ) 
4 101 105 (-1024 0 448 ) (-1024 0 768 ) (-1664 0 768 ) (-1664 0 448 ) 
4 101 102 (-1664 352 768 ) (-1664 352 -384 ) (-1664 0 -384 ) (-1664 0 768 ) 
4 102 113 (-2048 0 -384 ) (-2048 0 -448 ) (-1664 0 -448 ) (-1664 0 -384 ) 
4 102 112 (-2048 0 -320 ) (-2048 0 -384 ) (-1664 0 -384 ) (-1664 0 -320 ) 
4 102 110 (-2048 0 0 ) (-2048 0 -320 ) (-1664 0 -320 ) (-1664 0 0 ) 
4 102 107 (-2048 0 448 ) (-2048 0 0 ) (-1664 0 0 ) (-1664 0 448 ) 
4 102 105 (-1664 0 768 ) (-2048 0 768 ) (-2048 0 448 ) (-1664 0 448 ) 
4 102 104 (-2048 352 -448 ) (-2048 0 -448 ) (-2048 0 768 ) (-2048 352 768 ) 
4 102 103 (-1664 0 -448 ) (-2048 0 -448 ) (-2048 352 -448 ) (-1664 352 -448 ) 
4 103 115 (-1024 0 -640 ) (-1024 0 -448 ) (-2048 0 -448 ) (-2048 0 -640 ) 
4 103 104 (-2048 1024 -448 ) (-2048 1024 -640 ) (-2048 0 -640 ) (-2048 0 -448 ) 
4 104 121 (-2496 0 768 ) (-2944 0 768 ) (-2944 0 -640 ) (-2496 0 -640 ) 
4 104 118 (-2048 0 -640 ) (-2048 0 -384 ) (-2496 0 -384 ) (-2496 0 -640 ) 
4 104 116 (-2048 0 -384 ) (-2048 0 768 ) (-2496 0 768 ) (-2496 0 -384 ) 
4 105 277 (-1024 -1024 448 ) (-1024 -1024 768 ) (-2048 -1024 768 ) (-2048 -1024 448 ) 
4 105 117 (-2048 -768 448 ) (-2048 -1024 448 ) (-2048 -1024 768 ) (-2048 -768 768 ) 
4 105 116 (-2048 0 768 ) (-2048 0 448 ) (-2048 -768 448 ) (-2048 -768 768 ) 
4 105 106 (-1344 0 448 ) (-1024 0 448 ) (-1024 -768 448 ) (-1344 -768 448 ) 
4 105 107 (-2048 0 448 ) (-1344 0 448 ) (-1344 -1024 448 ) (-2048 -1024 448 ) 
4 106 109 (-1024 -528 0 ) (-1024 -768 0 ) (-1056 -768 0 ) (-1056 -528 0 ) 
4 106 108 (-1056 0 0 ) (-1024 0 0 ) (-1024 -528 0 ) (-1056 -528 0 ) 
4 106 110 (-1344 -768 0 ) (-1344 0 0 ) (-1056 0 0 ) (-1056 -768 0 ) 
4 106 107 (-1344 0 0 ) (-1344 -768 0 ) (-1344 -768 448 ) (-1344 0 448 ) 
4 107 283 (-1344 -1024 448 ) (-2048 -1024 448 ) (-2048 -1024 0 ) (-1344 -1024 0 ) 
4 107 117 (-2048 -768 0 ) (-2048 -1024 0 ) (-2048 -1024 448 ) (-2048 -768 448 ) 
4 107 116 (-2048 0 448 ) (-2048 0 0 ) (-2048 -768 0 ) (-2048 -768 448 ) 
4 107 110 (-2048 -768 0 ) (-2048 0 0 ) (-1344 0 0 ) (-1344 -768 0 ) 
4 108 111 (-1056 -528 -320 ) (-1056 0 -320 ) (-1024 0 -320 ) (-1024 -528 -320 ) 
4 108 110 (-1056 0 -320 ) (-1056 -528 -320 ) (-1056 -528 0 ) (-1056 0 0 ) 
4 108 109 (-1056 -528 0 ) (-1056 -528 -320 ) (-1024 -528 -320 ) (-1024 -528 0 ) 
4 109 110 (-1056 -528 -320 ) (-1056 -768 -320 ) (-1056 -768 0 ) (-1056 -528 0 ) 
4 110 116 (-2048 0 0 ) (-2048 0 -320 ) (-2048 -768 -320 ) (-2048 -768 0 ) 
4 110 112 (-1056 -768 -320 ) (-2048 -768 -320 ) (-2048 0 -320 ) (-1056 0 -320 ) 
4 111 112 (-1056 0 -384 ) (-1056 -528 -384 ) (-1056 -528 -320 ) (-1056 0 -320 ) 
4 112 116 (-2048 0 -320 ) (-2048 0 -384 ) (-2048 -768 -384 ) (-2048 -768 -320 ) 
4 112 113 (-2048 0 -384 ) (-1664 0 -384 ) (-1664 -288 -384 ) (-2048 -288 -384 ) 
4 113 118 (-2048 0 -384 ) (-2048 0 -448 ) (-2048 -288 -448 ) (-2048 -288 -384 ) 
4 113 115 (-2048 -288 -448 ) (-2048 0 -448 ) (-1664 0 -448 ) (-1664 -288 -448 ) 
4 114 288 (-1024 -1024 -448 ) (-1024 -1024 -384 ) (-2048 -1024 -384 ) (-2048 -1024 -448 ) 
4 114 120 (-2048 -768 -448 ) (-2048 -1024 -448 ) (-2048 -1024 -384 ) (-2048 -768 -384 ) 
4 114 115 (-1024 -1024 -448 ) (-2048 -1024 -448 ) (-2048 -768 -448 ) (-1024 -768 -448 ) 
4 115 288 (-1024 -1024 -640 ) (-1024 -1024 -448 ) (-2048 -1024 -448 ) (-2048 -1024 -640 ) 
4 115 119 (-2048 -288 -640 ) (-2048 -768 -640 ) (-2048 -768 -448 ) (-2048 -288 -448 ) 
4 115 118 (-2048 0 -448 ) (-2048 0 -640 ) (-2048 -288 -640 ) (-2048 -288 -448 ) 
4 115 120 (-2048 -768 -640 ) (-2048 -1024 -640 ) (-2048 -1024 -448 ) (-2048 -768 -448 ) 
4 116 121 (-2496 0 768 ) (-2496 0 -384 ) (-2496 -768 -384 ) (-2496 -768 768 ) 
4 116 118 (-2496 -288 -384 ) (-2496 0 -384 ) (-2048 0 -384 ) (-2048 -288 -384 ) 
4 116 117 (-2048 -768 0 ) (-2048 -768 768 ) (-2496 -768 768 ) (-2496 -768 0 ) 
4 117 312 (-2048 -1024 0 ) (-2048 -1024 768 ) (-2496 -1024 768 ) (-2496 -1024 0 ) 
4 117 121 (-2496 -1024 0 ) (-2496 -1024 768 ) (-2496 -768 768 ) (-2496 -768 0 ) 
4 118 121 (-2496 0 -384 ) (-2496 0 -640 ) (-2496 -288 -640 ) (-2496 -288 -384 ) 
4 118 119 (-2496 -288 -448 ) (-2496 -288 -640 ) (-2048 -288 -640 ) (-2048 -288 -448 ) 
4 119 121 (-2496 -288 -640 ) (-2496 -768 -640 ) (-2496 -768 -448 ) (-2496 -288 -448 ) 
4 119 120 (-2496 -768 -448 ) (-2496 -768 -640 ) (-2048 -768 -640 ) (-2048 -768 -448 ) 
4 120 316 (-2048 -1024 -640 ) (-2048 -1024 -384 ) (-2496 -1024 -384 ) (-2496 -1024 -640 ) 
4 120 121 (-2496 -768 -640 ) (-2496 -1024 -640 ) (-2496 -1024 -384 ) (-2496 -768 -384 ) 
4 121 320 (-2944 -1024 768 ) (-2944 -1024 -640 ) (-2496 -1024 -640 ) (-2496 -1024 768 ) 
4 122 133 (1536 -2048 768 ) (1184 -2048 768 ) (1184 -2048 -64 ) (1536 -2048 -64 ) 
4 122 128 (1536 -2048 -64 ) (1184 -2048 -64 ) (1184 -1024 -64 ) (1536 -1024 -64 ) 
4 122 123 (1184 -1376 -48 ) (1184 -1376 768 ) (1184 -1024 768 ) (1184 -1024 -48 ) 
4 122 124 (1184 -1376 -64 ) (1184 -2048 -64 ) (1184 -2048 768 ) (1184 -1376 768 ) 
4 123 126 (1152 -1376 -48 ) (1152 -1376 768 ) (1152 -1344 768 ) (1152 -1344 -48 ) 
4 123 125 (1152 -1344 768 ) (1152 -1024 768 ) (1152 -1024 -48 ) (1152 -1344 -48 ) 
4 123 124 (1152 -1376 768 ) (1152 -1376 -48 ) (1184 -1376 -48 ) (1184 -1376 768 ) 
4 124 134 (1184 -2048 768 ) (1152 -2048 768 ) (1152 -2048 -64 ) (1184 -2048 -64 ) 
4 124 131 (1184 -2048 -64 ) (1152 -2048 -64 ) (1152 -1376 -64 ) (1184 -1376 -64 ) 
4 124 127 (1152 -1376 -64 ) (1152 -2048 -64 ) (1152 -2048 768 ) (1152 -1376 768 ) 
4 125 138 (1024 -1024 -48 ) (1024 -1024 -64 ) (1024 -1344 -64 ) (1024 -1344 -48 ) 
4 125 137 (1024 -1024 768 ) (1024 -1024 -48 ) (1024 -1344 -48 ) (1024 -1344 768 ) 
4 125 126 (1152 -1344 -48 ) (1152 -1344 768 ) (1024 -1344 768 ) (1024 -1344 -48 ) 
4 126 137 (1024 -1376 -48 ) (1024 -1376 768 ) (1024 -1344 768 ) (1024 -1344 -48 ) 
4 126 127 (1152 -1376 -48 ) (1152 -1376 768 ) (1024 -1376 768 ) (1024 -1376 -48 ) 
4 127 139 (1024 -1376 -64 ) (1024 -2048 -64 ) (1024 -2048 -48 ) (1024 -1376 -48 ) 
4 127 137 (1024 -2048 -48 ) (1024 -2048 768 ) (1024 -1376 768 ) (1024 -1376 -48 ) 
4 127 134 (1152 -2048 768 ) (1024 -2048 768 ) (1024 -2048 -64 ) (1152 -2048 -64 ) 
4 127 131 (1152 -2048 -64 ) (1024 -2048 -64 ) (1024 -1376 -64 ) (1152 -1376 -64 ) 
4 128 133 (1536 -2048 -64 ) (1184 -2048 -64 ) (1184 -2048 -640 ) (1536 -2048 -640 ) 
4 128 132 (1184 -1024 -448 ) (1184 -1024 -640 ) (1184 -2048 -640 ) (1184 -2048 -448 ) 
4 128 131 (1184 -2048 -64 ) (1184 -1376 -64 ) (1184 -1376 -384 ) (1184 -2048 -384 ) 
4 128 129 (1184 -1088 -256 ) (1184 -1088 -384 ) (1184 -1216 -384 ) (1184 -1216 -256 ) 
4 129 130 (1152 -1088 -384 ) (1152 -1216 -384 ) (1152 -1216 -256 ) (1152 -1088 -256 ) 
4 130 142 (1024 -1024 -96 ) (1024 -1024 -384 ) (1024 -1312 -384 ) (1024 -1312 -96 ) 
4 131 144 (1024 -1376 -384 ) (1024 -2048 -384 ) (1024 -2048 -64 ) (1024 -1376 -64 ) 
4 131 134 (1184 -2048 -384 ) (1184 -2048 -64 ) (1024 -2048 -64 ) (1024 -2048 -384 ) 
4 132 146 (1024 -1024 -448 ) (1024 -1024 -640 ) (1024 -2048 -640 ) (1024 -2048 -448 ) 
4 132 135 (1184 -2048 -640 ) (1184 -2048 -448 ) (1024 -2048 -448 ) (1024 -2048 -640 ) 
4 133 134 (1184 -2496 -384 ) (1184 -2496 768 ) (1184 -2048 768 ) (1184 -2048 -384 ) 
4 133 135 (1184 -2048 -640 ) (1184 -2496 -640 ) (1184 -2496 -448 ) (1184 -2048 -448 ) 
4 133 136 (1184 -2496 -640 ) (1184 -3072 -640 ) (1184 -3072 768 ) (1184 -2496 768 ) 
4 134 226 (1024 -2496 768 ) (1024 -2048 768 ) (1024 -2048 -384 ) (1024 -2496 -384 ) 
4 134 136 (1184 -2496 -384 ) (1184 -2496 768 ) (1024 -2496 768 ) (1024 -2496 -384 ) 
4 135 244 (1024 -2048 -448 ) (1024 -2048 -640 ) (1024 -2496 -640 ) (1024 -2496 -448 ) 
4 135 136 (1024 -2496 -640 ) (1184 -2496 -640 ) (1184 -2496 -448 ) (1024 -2496 -448 ) 
4 136 244 (1024 -3072 -640 ) (1024 -3072 -448 ) (1024 -2496 -448 ) (1024 -2496 -640 ) 
4 136 242 (1024 -3072 -448 ) (1024 -3072 -384 ) (1024 -2496 -384 ) (1024 -2496 -448 ) 
4 136 226 (1024 -3072 -384 ) (1024 -3072 768 ) (1024 -2496 768 ) (1024 -2496 -384 ) 
4 137 226 (1024 -2048 -48 ) (1024 -2048 768 ) (192 -2048 768 ) (192 -2048 -48 ) 
4 137 162 (192 -1056 0 ) (192 -1024 0 ) (192 -1024 -48 ) (192 -1056 -48 ) 
6 137 150 (192 -1120 192 ) (192 -1120 0 ) (192 -1280 0 ) (192 -1280 192 ) (192 -1216 256 ) (192 -1184 256 ) 
4 137 149 (192 -1056 416 ) (192 -1024 416 ) (192 -1024 0 ) (192 -1056 0 ) 
4 137 148 (192 -1056 448 ) (192 -1024 448 ) (192 -1024 416 ) (192 -1056 416 ) 
4 137 147 (192 -2048 448 ) (192 -2048 768 ) (192 -1024 768 ) (192 -1024 448 ) 
4 137 140 (640 -1376 -48 ) (640 -2048 -48 ) (608 -2048 -48 ) (608 -1376 -48 ) 
4 137 141 (192 -2048 -48 ) (192 -1024 -48 ) (608 -1024 -48 ) (608 -2048 -48 ) 
4 137 138 (640 -1024 -48 ) (1024 -1024 -48 ) (1024 -1344 -48 ) (640 -1344 -48 ) 
4 137 139 (1024 -1376 -48 ) (1024 -2048 -48 ) (640 -2048 -48 ) (640 -1376 -48 ) 
4 139 226 (1024 -2048 -64 ) (1024 -2048 -48 ) (640 -2048 -48 ) (640 -2048 -64 ) 
4 139 144 (1024 -2048 -64 ) (640 -2048 -64 ) (640 -1376 -64 ) (1024 -1376 -64 ) 
4 139 140 (640 -1376 -64 ) (640 -2048 -64 ) (640 -2048 -48 ) (640 -1376 -48 ) 
4 140 226 (640 -2048 -48 ) (608 -2048 -48 ) (608 -2048 -64 ) (640 -2048 -64 ) 
4 140 144 (640 -2048 -64 ) (608 -2048 -64 ) (608 -1376 -64 ) (640 -1376 -64 ) 
4 140 141 (608 -1376 -64 ) (608 -2048 -64 ) (608 -2048 -48 ) (608 -1376 -48 ) 
4 141 226 (608 -2048 -48 ) (192 -2048 -48 ) (192 -2048 -64 ) (608 -2048 -64 ) 
4 141 162 (192 -1056 -48 ) (192 -1024 -48 ) (192 -1024 -64 ) (192 -1056 -64 ) 
4 141 145 (608 -2048 -64 ) (192 -2048 -64 ) (192 -1312 -64 ) (608 -1312 -64 ) 
4 141 143 (192 -1312 -64 ) (192 -1024 -64 ) (608 -1024 -64 ) (608 -1312 -64 ) 
4 143 162 (192 -1056 -64 ) (192 -1024 -64 ) (192 -1024 -384 ) (192 -1056 -384 ) 
4 143 145 (192 -1312 -384 ) (608 -1312 -384 ) (608 -1312 -64 ) (192 -1312 -64 ) 
4 144 226 (1024 -2048 -384 ) (1024 -2048 -64 ) (608 -2048 -64 ) (608 -2048 -384 ) 
4 144 145 (608 -1376 -384 ) (608 -2048 -384 ) (608 -2048 -64 ) (608 -1376 -64 ) 
4 145 226 (608 -2048 -64 ) (192 -2048 -64 ) (192 -2048 -384 ) (608 -2048 -384 ) 
4 145 163 (192 -1376 -160 ) (192 -1376 -384 ) (192 -1856 -384 ) (192 -1856 -160 ) 
4 146 244 (1024 -2048 -640 ) (1024 -2048 -448 ) (192 -2048 -448 ) (192 -2048 -640 ) 
4 146 167 (192 -2048 -640 ) (192 -2048 -448 ) (192 -1024 -448 ) (192 -1024 -640 ) 
4 147 227 (192 -2048 448 ) (192 -2048 768 ) (160 -2048 768 ) (160 -2048 448 ) 
4 147 151 (160 -2048 448 ) (160 -2048 768 ) (160 -1024 768 ) (160 -1024 448 ) 
4 147 148 (160 -1056 448 ) (160 -1024 448 ) (192 -1024 448 ) (192 -1056 448 ) 
4 148 152 (160 -1056 448 ) (160 -1024 448 ) (160 -1024 416 ) (160 -1056 416 ) 
4 148 149 (160 -1056 416 ) (160 -1024 416 ) (192 -1024 416 ) (192 -1056 416 ) 
4 149 162 (160 -1024 0 ) (192 -1024 0 ) (192 -1056 0 ) (160 -1056 0 ) 
4 149 154 (160 -1024 0 ) (160 -1056 0 ) (160 -1056 416 ) (160 -1024 416 ) 
6 150 155 (160 -1120 0 ) (160 -1280 0 ) (160 -1280 192 ) (160 -1216 256 ) (160 -1184 256 ) (160 -1120 192 ) 
4 151 232 (0 -2048 768 ) (0 -2048 448 ) (160 -2048 448 ) (160 -2048 768 ) 
4 151 170 (0 -1088 448 ) (0 -2048 448 ) (0 -2048 768 ) (0 -1088 768 ) 
4 151 169 (0 -1056 448 ) (0 -1088 448 ) (0 -1088 768 ) (0 -1056 768 ) 
4 151 168 (0 -1024 768 ) (0 -1024 448 ) (0 -1056 448 ) (0 -1056 768 ) 
4 151 152 (0 -1024 448 ) (160 -1024 448 ) (160 -1056 448 ) (0 -1056 448 ) 
4 151 153 (160 -1088 448 ) (160 -2048 448 ) (0 -2048 448 ) (0 -1088 448 ) 
4 152 168 (0 -1024 448 ) (0 -1024 416 ) (0 -1056 416 ) (0 -1056 448 ) 
4 152 154 (0 -1056 416 ) (0 -1024 416 ) (160 -1024 416 ) (160 -1056 416 ) 
4 153 232 (0 -2048 448 ) (0 -2048 416 ) (160 -2048 416 ) (160 -2048 448 ) 
4 153 170 (0 -1088 416 ) (0 -2048 416 ) (0 -2048 448 ) (0 -1088 448 ) 
4 154 171 (0 -1024 320 ) (0 -1024 0 ) (0 -1056 0 ) (0 -1056 320 ) 
4 154 168 (0 -1024 416 ) (0 -1024 320 ) (0 -1056 320 ) (0 -1056 416 ) 
4 154 165 (0 -1056 0 ) (0 -1024 0 ) (160 -1024 0 ) (160 -1056 0 ) 
4 155 159 (128 -1088 112 ) (128 -1088 0 ) (128 -1648 0 ) (128 -1648 112 ) 
4 155 157 (128 -1648 320 ) (128 -1088 320 ) (128 -1088 112 ) (128 -1648 112 ) 
4 156 233 (128 -2048 0 ) (160 -2048 0 ) (160 -2048 320 ) (128 -2048 320 ) 
4 156 161 (128 -1680 112 ) (128 -1680 0 ) (128 -2048 0 ) (128 -2048 112 ) 
4 156 158 (128 -2048 320 ) (128 -1680 320 ) (128 -1680 112 ) (128 -2048 112 ) 
4 157 174 (0 -1648 320 ) (0 -1616 320 ) (0 -1616 112 ) (0 -1648 112 ) 
4 157 173 (0 -1616 320 ) (0 -1088 320 ) (0 -1088 112 ) (0 -1616 112 ) 
4 157 159 (0 -1648 112 ) (0 -1088 112 ) (128 -1088 112 ) (128 -1648 112 ) 
4 158 233 (0 -2048 320 ) (0 -2048 112 ) (128 -2048 112 ) (128 -2048 320 ) 
4 158 197 (0 -2048 112 ) (0 -2048 320 ) (0 -1920 320 ) (0 -1920 112 ) 
4 158 190 (0 -1698.363525 320 ) (0 -1680 320 ) (0 -1680 112 ) (0 -1698.363525 112 ) 
4 158 189 (0 -1713.785889 320 ) (0 -1698.363525 320 ) (0 -1698.363525 112 ) (0 -1713.785889 112 ) 
4 158 188 (0 -1735 320 ) (0 -1713.785889 320 ) (0 -1713.785889 112 ) (0 -1735 112 ) 
4 158 187 (0 -1760.500000 320 ) (0 -1735 320 ) (0 -1735 112 ) (0 -1760.500000 112 ) 
4 158 183 (0 -1920 320 ) (0 -1760.500000 320 ) (0 -1760.500000 112 ) (0 -1920 112 ) 
4 158 161 (0 -2048 112 ) (0 -1680 112 ) (128 -1680 112 ) (128 -2048 112 ) 
4 159 175 (0 -1648 0 ) (0 -1664 0 ) (0 -1664 112 ) (0 -1648 112 ) 
4 159 174 (0 -1616 0 ) (0 -1648 0 ) (0 -1648 112 ) (0 -1616 112 ) 
4 159 173 (0 -1088 0 ) (0 -1616 0 ) (0 -1616 112 ) (0 -1088 112 ) 
4 159 160 (0 -1664 0 ) (128 -1664 0 ) (128 -1664 16 ) (0 -1664 16 ) 
4 160 191 (0 -1664 0 ) (0 -1674 0 ) (0 -1674 16 ) (0 -1664 16 ) 
4 160 190 (0 -1674 0 ) (0 -1680 0 ) (0 -1680 16 ) (0 -1674 16 ) 
4 160 161 (0 -1680 0 ) (128 -1680 0 ) (128 -1680 16 ) (0 -1680 16 ) 
4 161 233 (0 -2048 112 ) (0 -2048 0 ) (128 -2048 0 ) (128 -2048 112 ) 
4 161 197 (0 -1920 0 ) (0 -2048 0 ) (0 -2048 112 ) (0 -1920 112 ) 
4 161 190 (0 -1680 0 ) (0 -1698.363525 0 ) (0 -1698.363525 112 ) (0 -1680 112 ) 
4 161 189 (0 -1698.363525 0 ) (0 -1713.785889 0 ) (0 -1713.785889 112 ) (0 -1698.363525 112 ) 
4 161 188 (0 -1713.785889 0 ) (0 -1735 0 ) (0 -1735 112 ) (0 -1713.785889 112 ) 
4 161 187 (0 -1735 0 ) (0 -1760.500000 0 ) (0 -1760.500000 112 ) (0 -1735 112 ) 
4 161 183 (0 -1760.500000 0 ) (0 -1920 0 ) (0 -1920 112 ) (0 -1760.500000 112 ) 
4 162 165 (160 -1024 -384 ) (160 -1056 -384 ) (160 -1056 0 ) (160 -1024 0 ) 
4 163 164 (180 -1856 -384 ) (180 -1856 -224 ) (180 -1376 -224 ) (180 -1376 -384 ) 
4 164 166 (160 -1376 -384 ) (160 -1856 -384 ) (160 -1856 -224 ) (160 -1376 -224 ) 
4 165 211 (0 -1024 0 ) (0 -1024 -384 ) (0 -1056 -384 ) (0 -1056 0 ) 
4 166 237 (0 -2048 -352 ) (0 -2048 -384 ) (156.781372 -2048 -384 ) (156.781372 -2048 -352 ) 
4 166 235 (156.781372 -2048 -384 ) (160 -2048 -384 ) (160 -2048 -352 ) (156.781372 -2048 -352 ) 
4 166 234 (0 -2048 -32 ) (0 -2048 -352 ) (160 -2048 -352 ) (160 -2048 -32 ) 
4 166 214 (0 -1088 -384 ) (0 -2048 -384 ) (0 -2048 -32 ) (0 -1088 -32 ) 
4 167 244 (192 -2048 -640 ) (192 -2048 -448 ) (0 -2048 -448 ) (0 -2048 -640 ) 
4 167 215 (0 -1024 -448 ) (0 -1024 -640 ) (0 -2048 -640 ) (0 -2048 -448 ) 
4 168 208 (-672 -1024 416 ) (-672 -1024 320 ) (-672 -1056 320 ) (-672 -1056 416 ) 
4 168 207 (-672 -1024 448 ) (-672 -1024 416 ) (-672 -1056 416 ) (-672 -1056 448 ) 
4 168 206 (-672 -1024 768 ) (-672 -1024 448 ) (-672 -1056 448 ) (-672 -1056 768 ) 
4 168 171 (-672 -1056 320 ) (-672 -1024 320 ) (0 -1024 320 ) (0 -1056 320 ) 
4 168 169 (-672 -1056 768 ) (-672 -1056 448 ) (0 -1056 448 ) (0 -1056 768 ) 
4 169 206 (-672 -1088 448 ) (-672 -1088 768 ) (-672 -1056 768 ) (-672 -1056 448 ) 
4 169 170 (-672 -1088 768 ) (-672 -1088 448 ) (0 -1088 448 ) (0 -1088 768 ) 
4 170 246 (0 -2048 416 ) (0 -2048 448 ) (-672 -2048 448 ) (-672 -2048 416 ) 
4 170 245 (0 -2048 448 ) (0 -2048 768 ) (-672 -2048 768 ) (-672 -2048 448 ) 
4 170 206 (-672 -2048 448 ) (-672 -2048 768 ) (-672 -1088 768 ) (-672 -1088 448 ) 
4 171 211 (-176 -1024 0 ) (0 -1024 0 ) (0 -1056 0 ) (-176 -1056 0 ) 
4 171 213 (-672 -1024 0 ) (-336 -1024 0 ) (-336 -1056 0 ) (-672 -1056 0 ) 
4 171 208 (-672 -1024 320 ) (-672 -1024 0 ) (-672 -1056 0 ) (-672 -1056 320 ) 
5 171 172 (-384 -1056 96 ) (-384 -1056 0 ) (-128 -1056 0 ) (-128 -1056 96 ) (-256 -1056 160 ) 
5 172 173 (-384 -1088 96 ) (-384 -1088 0 ) (-128 -1088 0 ) (-128 -1088 96 ) (-256 -1088 160 ) 
5 173 209 (-672 -1312 0 ) (-672 -1568 0 ) (-672 -1568 96 ) (-672 -1440 160 ) (-672 -1312 96 ) 
4 173 182 (-672 -1616 256 ) (-672 -1616 56.940105 ) (-608 -1616 56.940105 ) (-608 -1616 256 ) 
4 173 181 (-304 -1616 0 ) (-264 -1616 0 ) (-264 -1616 40 ) (-304 -1616 40 ) 
4 173 180 (-264 -1616 0 ) (-176 -1616 0 ) (-176 -1616 40 ) (-264 -1616 40 ) 
4 173 179 (-608 -1616 256 ) (-608 -1616 40 ) (-176 -1616 40 ) (-176 -1616 256 ) 
4 173 178 (-264 -1616 320 ) (-304 -1616 320 ) (-304 -1616 256 ) (-264 -1616 256 ) 
4 173 177 (-176 -1616 320 ) (-264 -1616 320 ) (-264 -1616 256 ) (-176 -1616 256 ) 
4 173 174 (0 -1616 320 ) (-176 -1616 320 ) (-176 -1616 0 ) (0 -1616 0 ) 
4 174 180 (-175.998810 -1616 40 ) (-175.998810 -1616 0 ) (-239.998718 -1648 0 ) (-239.998718 -1648 40 ) 
4 174 179 (-175.998825 -1616 256 ) (-175.998810 -1616 40 ) (-239.998718 -1648 40 ) (-239.998718 -1648 256 ) 
4 174 177 (-175.998825 -1616 320 ) (-175.998825 -1616 256 ) (-239.998718 -1648 256 ) (-239.998718 -1648 320 ) 
4 174 176 (-239.998032 -1648 320 ) (-239.998047 -1648 0 ) (-32 -1648 0 ) (-32 -1648 320 ) 
4 175 191 (0 -1664 320 ) (-0.820512 -1664 320 ) (-0.820496 -1664 0 ) (0 -1664 0 ) 
4 176 184 (-32.888882 -1664 320 ) (-272 -1664 320 ) (-272 -1664 0 ) (-32.888885 -1664 0 ) 
4 176 180 (-239.998718 -1648 0 ) (-246.399689 -1651.200439 0 ) (-246.399689 -1651.200439 40 ) (-239.998718 -1648 40 ) 
4 176 179 (-271.998657 -1664 40 ) (-271.998657 -1664 256 ) (-239.998718 -1648 256 ) (-239.998718 -1648 40 ) 
4 176 177 (-246.399689 -1651.200439 320 ) (-239.998718 -1648 320 ) (-239.998718 -1648 256 ) (-246.399689 -1651.200439 256 ) 
3 177 179 (-176.011719 -1616 256 ) (-246.402344 -1651.195313 256 ) (-264 -1616 256 ) 
4 177 178 (-264 -1616 320 ) (-264 -1616 256 ) (-256 -1632 256 ) (-256 -1632 320 ) 
3 178 179 (-304 -1616 256 ) (-264 -1616 256 ) (-256 -1632 256 ) 
4 179 184 (-608 -1664 256 ) (-608 -1664 40 ) (-272 -1664 40 ) (-272 -1664 256 ) 
4 179 182 (-608 -1616 256 ) (-608 -1616 56.940105 ) (-608 -1664 56.940105 ) (-608 -1664 256 ) 
3 179 181 (-304 -1616 40 ) (-264 -1616 40 ) (-256 -1632 40 ) 
3 179 180 (-176.011719 -1616 40 ) (-246.402344 -1651.195313 40 ) (-264 -1616 40 ) 
4 180 181 (-256 -1632 40 ) (-264 -1616 40 ) (-264 -1616 0 ) (-256 -1632 0 ) 
4 182 184 (-672 -1664 256 ) (-672 -1664 56.940105 ) (-608 -1664 56.940105 ) (-608 -1664 256 ) 
4 183 197 (0 -1920 320 ) (-106.333328 -1920 320 ) (-106.333313 -1920 0 ) (0 -1920 0 ) 
4 183 187 (0 -1760.500610 0 ) (-51 -1837.001221 0 ) (-51 -1837.001221 320 ) (0 -1760.500610 320 ) 
4 183 186 (-73 -1869.998901 0 ) (-87 -1891 0 ) (-87 -1891 320 ) (-73 -1870 320 ) 
4 183 185 (-87 -1891 0 ) (-106.333336 -1920 0 ) (-106.333351 -1920 320 ) (-87 -1891 320 ) 
4 184 205 (-608 -1920 0 ) (-512 -1920 0 ) (-512 -1920 56.940105 ) (-608 -1920 56.940105 ) 
4 184 204 (-512 -1920 0 ) (-432 -1920 0 ) (-432 -1920 56.940105 ) (-512 -1920 56.940105 ) 
4 184 203 (-432 -1920 320 ) (-672 -1920 320 ) (-672 -1920 56.940105 ) (-432 -1920 56.940105 ) 
4 184 192 (-163.499924 -1920 320 ) (-432 -1920 320 ) (-432 -1920 0 ) (-163.499908 -1920 0 ) 
4 185 197 (-106.333328 -1920 320 ) (-116 -1920 320 ) (-116 -1920 0 ) (-106.333313 -1920 0 ) 
4 185 186 (-87 -1891 320 ) (-87 -1891 0 ) (-98 -1902 0 ) (-98 -1902 320 ) 
4 187 188 (0 -1735 0 ) (-33 -1801 0 ) (-33 -1801 320 ) (0 -1735 320 ) 
4 188 189 (0 -1713.781372 0 ) (-18.994999 -1763.982666 0 ) (-18.995001 -1763.982666 320 ) (0 -1713.781372 320 ) 
4 189 190 (0 -1698.369507 0 ) (-8.002037 -1726.013184 0 ) (-8.002037 -1726.013184 320 ) (0 -1698.369507 320 ) 
4 190 191 (0 -1674.003174 0 ) (-2 -1687.004761 0 ) (-2 -1687.004761 320 ) (0 -1674.003174 320 ) 
4 192 204 (-432 -1920 56.940105 ) (-432 -1920 0 ) (-432 -1968 0 ) (-432 -1968 56.940105 ) 
4 192 203 (-432 -1920 320 ) (-432 -1920 56.940105 ) (-432 -2016 56.940105 ) (-432 -2016 320 ) 
4 193 249 (-318.166565 -2048 320 ) (-404 -2048 320 ) (-404 -2048 0 ) (-318.166565 -2048 0 ) 
4 193 198 (-318.168732 -2048 0 ) (-300.261566 -2033.180298 0 ) (-300.261597 -2033.180298 320 ) (-318.168732 -2048 320 ) 
4 193 195 (-300.259094 -2033.179932 320 ) (-300.259094 -2033.179932 0 ) (-348.002747 -2040 0 ) (-348.002747 -2040 320 ) 
4 193 194 (-390 -2046 0 ) (-403.998566 -2048 0 ) (-403.998566 -2048 320 ) (-390 -2046 320 ) 
4 194 249 (-404 -2048 320 ) (-432 -2048 320 ) (-432 -2048 0 ) (-404 -2048 0 ) 
4 195 199 (-298.521271 -2031.740112 0 ) (-294.243469 -2028.199829 0 ) (-294.243500 -2028.199829 320 ) (-298.521301 -2031.740112 320 ) 
4 195 198 (-300.261566 -2033.180298 0 ) (-298.521271 -2031.740112 0 ) (-298.521301 -2031.740112 320 ) (-300.261597 -2033.180298 320 ) 
4 195 196 (-294.240967 -2028.199463 320 ) (-294.240967 -2028.199463 0 ) (-307.002625 -2031 0 ) (-307.002625 -2031 320 ) 
4 196 199 (-294.243469 -2028.199829 0 ) (-291.565948 -2025.984009 0 ) (-291.565979 -2025.984009 320 ) (-294.243500 -2028.199829 320 ) 
4 197 249 (0 -2048 0 ) (0 -2048 320 ) (-244 -2048 320 ) (-244 -2048 0 ) 
4 197 202 (-127 -1931 0 ) (-141 -1945 0 ) (-141 -1945 320 ) (-127 -1931 320 ) 
4 197 201 (-141 -1945 0 ) (-158.249817 -1962.249878 0 ) (-158.249817 -1962.249878 320 ) (-141 -1945 320 ) 
4 197 200 (-158.249817 -1962.249878 0 ) (-173.045380 -1977.045410 0 ) (-173.045380 -1977.045410 320 ) (-158.249817 -1962.249878 320 ) 
4 197 198 (-173.045380 -1977.045410 0 ) (-244 -2048 0 ) (-244 -2048 320 ) (-173.045380 -1977.045410 320 ) 
4 198 249 (-244 -2048 320 ) (-318.166565 -2048 320 ) (-318.166565 -2048 0 ) (-244 -2048 0 ) 
4 198 200 (-173.046860 -1977.046875 320 ) (-173.046875 -1977.046875 0 ) (-228.006027 -2001.003296 0 ) (-228.006027 -2001.003296 320 ) 
4 198 199 (-266.994995 -2017.998291 0 ) (-298.518219 -2031.739136 0 ) (-298.518219 -2031.739136 320 ) (-266.994995 -2017.998291 320 ) 
4 200 201 (-158.252777 -1962.252686 320 ) (-158.252808 -1962.252686 0 ) (-192.007187 -1981.005127 0 ) (-192.007202 -1981.005127 320 ) 
4 201 202 (-141.010742 -1945.010620 320 ) (-141.010742 -1945.010620 0 ) (-158.021851 -1957.018311 0 ) (-158.021851 -1957.018311 320 ) 
4 203 205 (-512 -2016 56.940105 ) (-608 -2016 56.940105 ) (-608 -1920 56.940105 ) (-512 -1920 56.940105 ) 
4 203 204 (-512 -1968 56.940105 ) (-512 -1920 56.940105 ) (-432 -1920 56.940105 ) (-432 -1968 56.940105 ) 
4 204 205 (-512 -1968 56.940105 ) (-512 -1920 56.940105 ) (-512 -1920 0 ) (-512 -1968 0 ) 
4 206 245 (-704 -2048 768 ) (-704 -2048 448 ) (-672 -2048 448 ) (-672 -2048 768 ) 
4 206 210 (-704 -2048 448 ) (-704 -2048 768 ) (-704 -1024 768 ) (-704 -1024 448 ) 
4 206 207 (-704 -1056 448 ) (-704 -1024 448 ) (-672 -1024 448 ) (-672 -1056 448 ) 
4 207 210 (-704 -1056 448 ) (-704 -1024 448 ) (-704 -1024 416 ) (-704 -1056 416 ) 
4 207 208 (-704 -1056 416 ) (-704 -1024 416 ) (-672 -1024 416 ) (-672 -1056 416 ) 
4 208 213 (-704 -1024 0 ) (-672 -1024 0 ) (-672 -1056 0 ) (-704 -1056 0 ) 
4 208 210 (-704 -1024 0 ) (-704 -1056 0 ) (-704 -1056 416 ) (-704 -1024 416 ) 
5 209 210 (-704 -1312 0 ) (-704 -1568 0 ) (-704 -1568 96 ) (-704 -1440 160 ) (-704 -1312 96 ) 
4 210 304 (-1024 -1984 0 ) (-1024 -2048 0 ) (-1024 -2048 128 ) (-1024 -1984 64 ) 
4 210 303 (-1024 -2048 416 ) (-1024 -2048 768 ) (-1024 -1984 768 ) (-1024 -1984 416 ) 
4 210 301 (-1024 -1984 416 ) (-1024 -1984 768 ) (-1024 -1920 768 ) (-1024 -1920 416 ) 
4 210 294 (-1024 -1920 416 ) (-1024 -1920 768 ) (-1024 -1888 768 ) (-1024 -1888 416 ) 
4 210 286 (-1024 -1536 0 ) (-1024 -1568 0 ) (-1024 -1568 32 ) (-1024 -1536 32 ) 
4 210 284 (-1024 -1568 32 ) (-1024 -1568 448 ) (-1024 -1536 448 ) (-1024 -1536 32 ) 
4 210 287 (-1024 -1568 0 ) (-1024 -1888 0 ) (-1024 -1888 448 ) (-1024 -1568 448 ) 
4 210 279 (-1024 -1312 0 ) (-1024 -1536 0 ) (-1024 -1536 32 ) (-1024 -1280 32 ) 
4 210 278 (-1024 -1024 448 ) (-1024 -1024 32 ) (-1024 -1536 32 ) (-1024 -1536 448 ) 
4 210 277 (-1024 -1024 768 ) (-1024 -1024 448 ) (-1024 -1888 448 ) (-1024 -1888 768 ) 
4 210 267 (-1024 -2048 768 ) (-1024 -2048 0 ) (-768 -2048 0 ) (-768 -2048 768 ) 
4 210 264 (-768 -2048 0 ) (-704 -2048 0 ) (-704 -2048 448 ) (-768 -2048 448 ) 
4 210 263 (-704 -2048 448 ) (-704 -2048 768 ) (-768 -2048 768 ) (-768 -2048 448 ) 
4 210 221 (-768 -2048 0 ) (-1024 -2048 0 ) (-1024 -1984 0 ) (-768 -1984 0 ) 
4 210 220 (-1024 -1984 0 ) (-1024 -1520 0 ) (-768 -1520 0 ) (-768 -1984 0 ) 
4 210 219 (-704 -1600 0 ) (-704 -2048 0 ) (-768 -2048 0 ) (-768 -1600 0 ) 
4 210 218 (-704 -1520 0 ) (-704 -1600 0 ) (-768 -1600 0 ) (-768 -1520 0 ) 
4 210 216 (-1024 -1024 0 ) (-704 -1024 0 ) (-704 -1360 0 ) (-1024 -1360 0 ) 
4 211 212 (-176 -1024 -384 ) (-176 -1056 -384 ) (-176 -1056 -16 ) (-176 -1024 -16 ) 
4 212 213 (-336 -1024 -384 ) (-336 -1056 -384 ) (-336 -1056 -16 ) (-336 -1024 -16 ) 
4 213 224 (-704 -1024 -160 ) (-704 -1024 -384 ) (-704 -1056 -384 ) (-704 -1056 -160 ) 
4 213 222 (-704 -1024 -96 ) (-704 -1024 -160 ) (-704 -1056 -160 ) (-704 -1056 -96 ) 
4 213 216 (-704 -1056 0 ) (-704 -1024 0 ) (-704 -1024 -96 ) (-704 -1056 -96 ) 
4 214 258 (-250.519028 -2048 -352 ) (-348.781738 -2048 -352 ) (-348.781769 -2048 -384 ) (-250.519043 -2048 -384 ) 
4 214 257 (0 -2048 -384 ) (0 -2048 -352 ) (-250.519028 -2048 -352 ) (-250.519043 -2048 -384 ) 
4 214 256 (-348.781738 -2048 -352 ) (-672 -2048 -352 ) (-672 -2048 -384 ) (-348.781769 -2048 -384 ) 
4 214 251 (-32 -2048 -32 ) (-160 -2048 -32 ) (-160 -2048 -352 ) (-32 -2048 -352 ) 
4 214 250 (0 -2048 -352 ) (0 -2048 -32 ) (-32 -2048 -32 ) (-32 -2048 -352 ) 
4 214 253 (-160 -2048 -32 ) (-672 -2048 -32 ) (-672 -2048 -352 ) (-160 -2048 -352 ) 
4 215 262 (0 -2048 -640 ) (0 -2048 -448 ) (-704 -2048 -448 ) (-704 -2048 -640 ) 
4 215 225 (-704 -1024 -448 ) (-704 -1024 -640 ) (-704 -2048 -640 ) (-704 -2048 -448 ) 
4 216 223 (-1024 -1024 -96 ) (-960 -1024 -96 ) (-960 -1360 -96 ) (-1024 -1360 -96 ) 
4 216 222 (-960 -1024 -96 ) (-704 -1024 -96 ) (-704 -1360 -96 ) (-960 -1360 -96 ) 
4 216 217 (-1024 -1360 -96 ) (-704 -1360 -96 ) (-704 -1360 -16 ) (-1024 -1360 -16 ) 
4 217 223 (-960 -1520 -96 ) (-1024 -1520 -96 ) (-1024 -1360 -96 ) (-960 -1360 -96 ) 
4 217 222 (-704 -1360 -96 ) (-704 -1520 -96 ) (-960 -1520 -96 ) (-960 -1360 -96 ) 
4 217 220 (-1024 -1520 -96 ) (-768 -1520 -96 ) (-768 -1520 -16 ) (-1024 -1520 -16 ) 
4 217 218 (-768 -1520 -96 ) (-704 -1520 -96 ) (-704 -1520 -16 ) (-768 -1520 -16 ) 
4 218 222 (-704 -1520 -96 ) (-704 -1600 -96 ) (-768 -1600 -96 ) (-768 -1520 -96 ) 
4 218 220 (-768 -1520 0 ) (-768 -1520 -96 ) (-768 -1600 -96 ) (-768 -1600 0 ) 
4 218 219 (-768 -1600 0 ) (-768 -1600 -32 ) (-704 -1600 -32 ) (-704 -1600 0 ) 
4 219 264 (-704 -2048 -32 ) (-704 -2048 0 ) (-768 -2048 0 ) (-768 -2048 -32 ) 
4 219 221 (-768 -2048 -32 ) (-768 -2048 0 ) (-768 -1984 0 ) (-768 -1984 -32 ) 
4 219 220 (-768 -1984 0 ) (-768 -1600 0 ) (-768 -1600 -32 ) (-768 -1984 -32 ) 
4 220 289 (-1024 -1568 -96 ) (-1024 -1888 -96 ) (-1024 -1888 0 ) (-1024 -1568 0 ) 
4 220 223 (-1024 -1952 -96 ) (-1024 -1520 -96 ) (-960 -1520 -96 ) (-960 -1952 -96 ) 
4 220 222 (-960 -1520 -96 ) (-768 -1520 -96 ) (-768 -1984 -96 ) (-960 -1984 -96 ) 
5 220 221 (-960 -1984 -96 ) (-768 -1984 -96 ) (-768 -1984 0 ) (-1024 -1984 0 ) (-1024 -1984 -64 ) 
4 221 304 (-1024 -2048 -64 ) (-1024 -2048 0 ) (-1024 -1984 0 ) (-1024 -1984 -64 ) 
5 221 267 (-768 -2048 0 ) (-1024 -2048 0 ) (-1024 -2048 -64 ) (-960 -2048 -96 ) (-768 -2048 -96 ) 
4 221 222 (-768 -2048 -96 ) (-960 -2048 -96 ) (-960 -1984 -96 ) (-768 -1984 -96 ) 
4 222 272 (-704 -2048 -160 ) (-704 -2048 -96 ) (-960 -2048 -96 ) (-960 -2048 -160 ) 
4 222 224 (-960 -1024 -160 ) (-704 -1024 -160 ) (-704 -2048 -160 ) (-960 -2048 -160 ) 
4 222 223 (-960 -1024 -160 ) (-960 -1952 -160 ) (-960 -1952 -96 ) (-960 -1024 -96 ) 
4 223 289 (-1024 -1568 -160 ) (-1024 -1888 -160 ) (-1024 -1888 -96 ) (-1024 -1568 -96 ) 
4 223 224 (-1024 -1024 -160 ) (-960 -1024 -160 ) (-960 -1952 -160 ) (-1024 -1952 -160 ) 
4 224 289 (-1024 -1568 -384 ) (-1024 -1888 -384 ) (-1024 -1888 -160 ) (-1024 -1568 -160 ) 
4 224 273 (-960 -2048 -160 ) (-1024 -2048 -160 ) (-1024 -2048 -384 ) (-960 -2048 -384 ) 
4 224 272 (-704 -2048 -384 ) (-704 -2048 -160 ) (-960 -2048 -160 ) (-960 -2048 -384 ) 
4 225 305 (-1024 -1984 -640 ) (-1024 -2048 -640 ) (-1024 -2048 -448 ) (-1024 -1984 -448 ) 
4 225 302 (-1024 -1920 -640 ) (-1024 -1984 -640 ) (-1024 -1984 -448 ) (-1024 -1920 -448 ) 
4 225 300 (-1024 -1888 -640 ) (-1024 -1920 -640 ) (-1024 -1920 -448 ) (-1024 -1888 -448 ) 
4 225 293 (-1024 -1568 -640 ) (-1024 -1888 -640 ) (-1024 -1888 -448 ) (-1024 -1568 -448 ) 
4 225 288 (-1024 -1024 -448 ) (-1024 -1024 -640 ) (-1024 -1568 -640 ) (-1024 -1568 -448 ) 
4 225 276 (-704 -2048 -640 ) (-704 -2048 -448 ) (-1024 -2048 -448 ) (-1024 -2048 -640 ) 
4 226 242 (1024 -2496 -384 ) (1024 -3072 -384 ) (192 -3072 -384 ) (192 -2496 -384 ) 
4 226 231 (192 -2496 -384 ) (192 -3072 -384 ) (192 -3072 416 ) (192 -2496 416 ) 
4 226 229 (192 -2112 -384 ) (192 -2304 -384 ) (192 -2304 -160 ) (192 -2112 -160 ) 
4 226 228 (192 -3072 416 ) (192 -3072 448 ) (192 -2496 448 ) (192 -2496 416 ) 
4 226 227 (192 -3072 448 ) (192 -3072 768 ) (192 -2048 768 ) (192 -2048 448 ) 
4 227 239 (160 -2464 448 ) (160 -3072 448 ) (160 -3072 768 ) (160 -2464 768 ) 
4 227 232 (160 -2048 768 ) (160 -2048 448 ) (160 -2464 448 ) (160 -2464 768 ) 
4 227 228 (160 -3072 448 ) (160 -2496 448 ) (192 -2496 448 ) (192 -3072 448 ) 
4 228 240 (160 -2496 416 ) (160 -3072 416 ) (160 -3072 448 ) (160 -2496 448 ) 
4 228 231 (160 -3072 416 ) (160 -2496 416 ) (192 -2496 416 ) (192 -3072 416 ) 
4 229 230 (180 -2304 -384 ) (180 -2304 -352 ) (180 -2112 -352 ) (180 -2112 -384 ) 
4 230 235 (160 -2112 -384 ) (160 -2304 -384 ) (160 -2304 -352 ) (160 -2112 -352 ) 
4 231 243 (192 -2496 -384 ) (192 -3072 -384 ) (160 -3072 -384 ) (160 -2496 -384 ) 
4 231 241 (160 -2496 -384 ) (160 -3072 -384 ) (160 -3072 416 ) (160 -2496 416 ) 
4 232 246 (0 -2048 448 ) (0 -2048 416 ) (0 -2464 416 ) (0 -2464 448 ) 
4 232 245 (0 -2048 768 ) (0 -2048 448 ) (0 -2464 448 ) (0 -2464 768 ) 
4 232 239 (160 -2464 448 ) (160 -2464 768 ) (0 -2464 768 ) (0 -2464 448 ) 
4 233 249 (0 -2048 320 ) (0 -2048 0 ) (0 -2464 0 ) (0 -2464 320 ) 
4 234 250 (0 -2048 -32 ) (0 -2048 -352 ) (0 -2464 -352 ) (0 -2464 -32 ) 
3 234 238 (17.137243 -2158.860352 -352 ) (97.138077 -2191.995605 -352 ) (64 -2272 -352 ) 
4 234 237 (0 -2151.762207 -352 ) (0 -2048 -352 ) (156.781372 -2048 -352 ) (97.138077 -2191.995605 -352 ) 
3 234 236 (0 -2426.513916 -352 ) (0 -2392.237793 -352 ) (17.137253 -2385.139893 -352 ) 
5 234 235 (160 -2464 -352 ) (0 -2464 -352 ) (0 -2426.513916 -352 ) (156.781372 -2048 -352 ) (160 -2048 -352 ) 
4 235 254 (0 -2426.513916 -384 ) (0 -2464 -384 ) (0 -2464 -352 ) (0 -2426.513916 -352 ) 
4 235 238 (64 -2272 -352 ) (97.137611 -2191.995361 -352 ) (97.137619 -2191.995361 -384 ) (64 -2272 -384 ) 
4 235 237 (97.137611 -2191.995361 -352 ) (156.780823 -2048 -352 ) (156.780838 -2048 -384 ) (97.137619 -2191.995361 -384 ) 
4 235 236 (0 -2426.512695 -352 ) (17.136589 -2385.140137 -352 ) (17.136581 -2385.140137 -384 ) (0 -2426.512695 -384 ) 
4 236 254 (0 -2392.237793 -384 ) (0 -2426.513916 -384 ) (0 -2426.513916 -352 ) (0 -2392.237793 -352 ) 
4 237 257 (0 -2048 -352 ) (0 -2048 -384 ) (0 -2151.762207 -384 ) (0 -2151.762207 -352 ) 
4 237 238 (17.136066 -2158.857422 -384 ) (97.137627 -2191.993164 -384 ) (97.137627 -2191.993164 -352 ) (17.136131 -2158.857666 -352 ) 
4 239 245 (0 -3072 448 ) (0 -3072 768 ) (0 -2464 768 ) (0 -2464 448 ) 
4 239 240 (160 -2496 448 ) (160 -3072 448 ) (0 -3072 448 ) (0 -2496 448 ) 
4 240 247 (0 -3072 416 ) (0 -3072 448 ) (0 -2496 448 ) (0 -2496 416 ) 
4 240 241 (0 -3072 416 ) (0 -2496 416 ) (160 -2496 416 ) (160 -3072 416 ) 
4 241 260 (0 -2496 -384 ) (0 -3072 -384 ) (0 -3072 416 ) (0 -2496 416 ) 
4 241 243 (160 -2496 -384 ) (160 -3072 -384 ) (0 -3072 -384 ) (0 -2496 -384 ) 
4 242 244 (1024 -3072 -448 ) (192 -3072 -448 ) (192 -2496 -448 ) (1024 -2496 -448 ) 
4 242 243 (192 -2496 -448 ) (192 -3072 -448 ) (192 -3072 -384 ) (192 -2496 -384 ) 
4 243 261 (0 -2464 -448 ) (0 -3072 -448 ) (0 -3072 -384 ) (0 -2464 -384 ) 
4 243 244 (192 -3072 -448 ) (0 -3072 -448 ) (0 -2464 -448 ) (192 -2464 -448 ) 
4 244 262 (0 -2048 -448 ) (0 -2048 -640 ) (0 -3072 -640 ) (0 -3072 -448 ) 
4 245 263 (-704 -3072 448 ) (-704 -3072 768 ) (-704 -2048 768 ) (-704 -2048 448 ) 
4 245 248 (-672 -3072 448 ) (-704 -3072 448 ) (-704 -2496 448 ) (-672 -2496 448 ) 
4 245 246 (-672 -2464 448 ) (-672 -2048 448 ) (0 -2048 448 ) (0 -2464 448 ) 
4 245 247 (0 -3072 448 ) (-672 -3072 448 ) (-672 -2496 448 ) (0 -2496 448 ) 
4 247 260 (0 -2496 416 ) (0 -3072 416 ) (-672 -3072 416 ) (-672 -2496 416 ) 
4 247 248 (-672 -2496 416 ) (-672 -3072 416 ) (-672 -3072 448 ) (-672 -2496 448 ) 
4 248 265 (-704 -3072 416 ) (-704 -3072 448 ) (-704 -2496 448 ) (-704 -2496 416 ) 
4 248 260 (-704 -3072 416 ) (-704 -2496 416 ) (-672 -2496 416 ) (-672 -3072 416 ) 
4 250 257 (-32 -2138.508057 -352 ) (-32 -2048 -352 ) (0 -2048 -352 ) (0 -2151.762207 -352 ) 
4 250 254 (0 -2464 -352 ) (-32 -2464 -352 ) (-32 -2405.491943 -352 ) (0 -2392.238037 -352 ) 
5 250 251 (-32 -2048 -352 ) (-32 -2144 -352 ) (-32 -2400 -320 ) (-32 -2400 -32 ) (-32 -2048 -32 ) 
4 250 252 (-32 -2400 -352 ) (-32 -2464 -352 ) (-32 -2464 -32 ) (-32 -2400 -32 ) 
3 251 259 (-160 -2138.508057 -352 ) (-160 -2085.491943 -352 ) (-96 -2112 -352 ) 
4 251 257 (-160 -2085.491943 -352 ) (-160 -2048 -352 ) (-32 -2048 -352 ) (-32 -2138.508057 -352 ) 
4 251 252 (-160 -2400 -32 ) (-160 -2400 -320 ) (-32 -2400 -320 ) (-32 -2400 -32 ) 
5 251 253 (-160 -2048 -352 ) (-160 -2144 -352 ) (-160 -2400 -320 ) (-160 -2400 -32 ) (-160 -2048 -32 ) 
3 252 255 (-160 -2458.508057 -352 ) (-160 -2405.491699 -352 ) (-96 -2432 -352 ) 
4 252 254 (-32 -2464 -352 ) (-160 -2464 -352 ) (-160 -2458.508057 -352 ) (-32 -2405.491699 -352 ) 
4 252 253 (-160 -2400 -352 ) (-160 -2464 -352 ) (-160 -2464 -32 ) (-160 -2400 -32 ) 
4 253 259 (-176.002304 -2078.864014 -352 ) (-160 -2085.491943 -352 ) (-160 -2138.508057 -352 ) (-209.137054 -2158.860107 -352 ) 
4 253 258 (-348.781738 -2048 -352 ) (-250.518982 -2048 -352 ) (-176.002304 -2078.864014 -352 ) (-256 -2272 -352 ) 
3 253 257 (-250.518982 -2048 -352 ) (-160 -2048 -352 ) (-160 -2085.491943 -352 ) 
4 253 256 (-672 -2193.427002 -352 ) (-672 -2048 -352 ) (-348.781738 -2048 -352 ) (-209.137054 -2385.139893 -352 ) 
5 253 255 (-173.259613 -2464 -352 ) (-672 -2464 -352 ) (-672 -2193.427002 -352 ) (-160 -2405.491943 -352 ) (-160 -2458.508057 -352 ) 
3 253 254 (-160 -2464 -352 ) (-173.259613 -2464 -352 ) (-160 -2458.508057 -352 ) 
4 254 255 (-96 -2432 -384 ) (-173.260040 -2464 -384 ) (-173.260040 -2464 -352 ) (-96 -2432 -352 ) 
4 255 256 (-209.137802 -2385.137939 -384 ) (-672 -2193.425781 -384 ) (-672 -2193.425781 -352 ) (-209.137787 -2385.137939 -352 ) 
4 256 258 (-256 -2272 -384 ) (-348.781860 -2048 -384 ) (-348.781830 -2048 -352 ) (-256 -2272 -352 ) 
4 257 259 (-176.002289 -2078.864014 -384 ) (-96 -2112 -384 ) (-96 -2112 -352 ) (-176.002304 -2078.864014 -352 ) 
4 257 258 (-250.518860 -2048 -384 ) (-176.002289 -2078.864014 -384 ) (-176.002304 -2078.864014 -352 ) (-250.518829 -2048 -352 ) 
4 258 259 (-209.134735 -2158.859131 -384 ) (-176 -2078.865234 -384 ) (-176 -2078.865234 -352 ) (-209.134735 -2158.859131 -352 ) 
4 260 272 (-704 -3072 -384 ) (-704 -3072 -96 ) (-704 -2496 -96 ) (-704 -2496 -384 ) 
4 260 266 (-704 -3072 -96 ) (-704 -3072 -32 ) (-704 -2496 -32 ) (-704 -2496 -96 ) 
4 260 265 (-704 -3072 -32 ) (-704 -3072 416 ) (-704 -2496 416 ) (-704 -2496 -32 ) 
4 260 261 (0 -3072 -384 ) (-704 -3072 -384 ) (-704 -2496 -384 ) (0 -2496 -384 ) 
4 261 275 (-704 -3072 -448 ) (-704 -3072 -384 ) (-704 -2688 -384 ) (-704 -2688 -448 ) 
4 261 262 (-704 -3072 -448 ) (-704 -2464 -448 ) (0 -2464 -448 ) (0 -3072 -448 ) 
4 262 276 (-704 -3072 -640 ) (-704 -3072 -448 ) (-704 -2048 -448 ) (-704 -2048 -640 ) 
4 263 268 (-768 -3072 448 ) (-768 -3072 768 ) (-768 -2112 768 ) (-768 -2112 448 ) 
4 263 267 (-768 -2112 768 ) (-768 -2048 768 ) (-768 -2048 448 ) (-768 -2112 448 ) 
4 263 264 (-768 -2368 448 ) (-768 -2048 448 ) (-704 -2048 448 ) (-704 -2368 448 ) 
4 263 265 (-768 -3072 448 ) (-768 -2432 448 ) (-704 -2432 448 ) (-704 -3072 448 ) 
4 264 268 (-768 -2368 448 ) (-768 -2112 448 ) (-768 -2112 -32 ) (-768 -2368 -32 ) 
4 264 267 (-768 -2112 448 ) (-768 -2048 448 ) (-768 -2048 -32 ) (-768 -2112 -32 ) 
4 265 268 (-768 -3072 -32 ) (-768 -3072 448 ) (-768 -2432 448 ) (-768 -2432 -32 ) 
4 265 266 (-768 -3072 -32 ) (-768 -2432 -32 ) (-704 -2432 -32 ) (-704 -3072 -32 ) 
4 266 272 (-704 -2432 -96 ) (-704 -3072 -96 ) (-768 -3072 -96 ) (-768 -2432 -96 ) 
4 266 268 (-768 -2432 -96 ) (-768 -3072 -96 ) (-768 -3072 -32 ) (-768 -2432 -32 ) 
4 267 338 (-1024 -2048 128 ) (-1024 -2048 -64 ) (-1024 -2112 -64 ) (-1024 -2112 64 ) 
4 267 327 (-1024 -2048 480 ) (-1024 -2048 416 ) (-1024 -2112 416 ) (-1024 -2112 480 ) 
4 267 326 (-1024 -2112 768 ) (-1024 -2048 768 ) (-1024 -2048 480 ) (-1024 -2112 480 ) 
4 267 272 (-960 -2048 -96 ) (-768 -2048 -96 ) (-768 -2112 -96 ) (-960 -2112 -96 ) 
4 267 269 (-960 -2112 -96 ) (-960 -2112 768 ) (-1024 -2112 768 ) (-1024 -2112 -64 ) 
4 267 268 (-960 -2112 -96 ) (-768 -2112 -96 ) (-768 -2112 768 ) (-960 -2112 768 ) 
4 268 272 (-960 -2112 -96 ) (-768 -2112 -96 ) (-768 -3072 -96 ) (-960 -3072 -96 ) 
4 268 270 (-960 -2208 480 ) (-960 -2208 768 ) (-960 -2144 768 ) (-960 -2144 480 ) 
4 268 269 (-960 -2112 768 ) (-960 -2112 -96 ) (-960 -2144 -96 ) (-960 -2144 768 ) 
4 268 271 (-960 -2208 -96 ) (-960 -3072 -96 ) (-960 -3072 768 ) (-960 -2208 768 ) 
4 269 327 (-1024 -2112 480 ) (-1024 -2112 416 ) (-1024 -2144 416 ) (-1024 -2144 480 ) 
4 269 326 (-1024 -2144 768 ) (-1024 -2112 768 ) (-1024 -2112 480 ) (-1024 -2144 480 ) 
4 269 270 (-960 -2144 480 ) (-960 -2144 768 ) (-1024 -2144 768 ) (-1024 -2144 480 ) 
4 270 326 (-1024 -2208 768 ) (-1024 -2144 768 ) (-1024 -2144 480 ) (-1024 -2208 480 ) 
4 270 271 (-960 -2208 480 ) (-960 -2208 768 ) (-1024 -2208 768 ) (-1024 -2208 480 ) 
4 271 339 (-1024 -3072 -96 ) (-1024 -3072 384 ) (-1024 -2400 384 ) (-1024 -2400 -96 ) 
4 271 331 (-1024 -3072 384 ) (-1024 -3072 416 ) (-1024 -2400 416 ) (-1024 -2400 384 ) 
4 271 329 (-1024 -3072 416 ) (-1024 -3072 480 ) (-1024 -2208 480 ) (-1024 -2208 416 ) 
4 271 326 (-1024 -3072 480 ) (-1024 -3072 768 ) (-1024 -2208 768 ) (-1024 -2208 480 ) 
4 271 274 (-1024 -3072 -96 ) (-1024 -2208 -96 ) (-960 -2208 -96 ) (-960 -3072 -96 ) 
4 272 275 (-704 -2688 -384 ) (-704 -3072 -384 ) (-960 -3072 -384 ) (-960 -2688 -384 ) 
4 272 273 (-960 -2048 -384 ) (-960 -2208 -384 ) (-960 -2208 -160 ) (-960 -2048 -160 ) 
4 272 274 (-960 -2208 -384 ) (-960 -3072 -384 ) (-960 -3072 -96 ) (-960 -2208 -96 ) 
4 273 274 (-1024 -2208 -384 ) (-960 -2208 -384 ) (-960 -2208 -160 ) (-1024 -2208 -160 ) 
4 274 339 (-1024 -3072 -384 ) (-1024 -3072 -96 ) (-1024 -2400 -96 ) (-1024 -2400 -384 ) 
4 274 275 (-1024 -3072 -384 ) (-1024 -2688 -384 ) (-960 -2688 -384 ) (-960 -3072 -384 ) 
4 275 342 (-1024 -3072 -448 ) (-1024 -3072 -384 ) (-1024 -2688 -384 ) (-1024 -2688 -448 ) 
4 275 276 (-704 -2688 -448 ) (-704 -3072 -448 ) (-1024 -3072 -448 ) (-1024 -2688 -448 ) 
4 276 341 (-1024 -2688 -448 ) (-1024 -2400 -448 ) (-1024 -2400 -640 ) (-1024 -2688 -640 ) 
4 276 340 (-1024 -2400 -448 ) (-1024 -2048 -448 ) (-1024 -2048 -640 ) (-1024 -2400 -640 ) 
4 276 342 (-1024 -3072 -640 ) (-1024 -3072 -448 ) (-1024 -2688 -448 ) (-1024 -2688 -640 ) 
4 277 313 (-2048 -1536 448 ) (-2048 -1568 448 ) (-2048 -1568 768 ) (-2048 -1536 768 ) 
4 277 312 (-2048 -1024 768 ) (-2048 -1024 448 ) (-2048 -1536 448 ) (-2048 -1536 768 ) 
4 277 314 (-2048 -1568 448 ) (-2048 -1888 448 ) (-2048 -1888 768 ) (-2048 -1568 768 ) 
4 277 299 (-1312 -1888 768 ) (-2048 -1888 768 ) (-2048 -1888 448 ) (-1312 -1888 448 ) 
4 277 296 (-1184 -1888 768 ) (-1312 -1888 768 ) (-1312 -1888 448 ) (-1184 -1888 448 ) 
4 277 295 (-1056 -1888 768 ) (-1184 -1888 768 ) (-1184 -1888 448 ) (-1056 -1888 448 ) 
4 277 294 (-1024 -1888 448 ) (-1024 -1888 768 ) (-1056 -1888 768 ) (-1056 -1888 448 ) 
4 277 284 (-2048 -1568 448 ) (-2048 -1536 448 ) (-1024 -1536 448 ) (-1024 -1568 448 ) 
4 277 287 (-1024 -1888 448 ) (-2048 -1888 448 ) (-2048 -1568 448 ) (-1024 -1568 448 ) 
4 277 282 (-1312 -1152 448 ) (-1312 -1536 448 ) (-1344 -1536 448 ) (-1344 -1152 448 ) 
4 277 283 (-2048 -1536 448 ) (-2048 -1024 448 ) (-1344 -1024 448 ) (-1344 -1536 448 ) 
4 277 281 (-1280 -1216 448 ) (-1280 -1536 448 ) (-1312 -1536 448 ) (-1312 -1216 448 ) 
4 277 280 (-1280 -1024 448 ) (-1056 -1024 448 ) (-1056 -1536 448 ) (-1280 -1536 448 ) 
4 277 278 (-1056 -1024 448 ) (-1024 -1024 448 ) (-1024 -1536 448 ) (-1056 -1536 448 ) 
4 278 284 (-1024 -1536 32 ) (-1024 -1536 448 ) (-1056 -1536 448 ) (-1056 -1536 32 ) 
4 278 280 (-1056 -1536 32 ) (-1056 -1536 448 ) (-1056 -1024 448 ) (-1056 -1024 32 ) 
4 278 279 (-1024 -1536 32 ) (-1056 -1536 32 ) (-1056 -1280 32 ) (-1024 -1280 32 ) 
3 279 286 (-1024 -1536 0 ) (-1024 -1536 32 ) (-1056 -1536 32 ) 
4 279 280 (-1056 -1312 0 ) (-1056 -1536 0 ) (-1056 -1536 32 ) (-1056 -1280 32 ) 
4 280 285 (-1280 -1536 0 ) (-1184 -1536 0 ) (-1152 -1536 32 ) (-1280 -1536 32 ) 
4 280 284 (-1056 -1536 32 ) (-1056 -1536 448 ) (-1280 -1536 448 ) (-1280 -1536 32 ) 
4 280 281 (-1280 -1216 0 ) (-1280 -1536 0 ) (-1280 -1536 448 ) (-1280 -1216 448 ) 
4 281 285 (-1312 -1536 0 ) (-1280 -1536 0 ) (-1280 -1536 32 ) (-1312 -1536 32 ) 
4 281 284 (-1280 -1536 32 ) (-1280 -1536 448 ) (-1312 -1536 448 ) (-1312 -1536 32 ) 
4 281 282 (-1312 -1216 0 ) (-1312 -1536 0 ) (-1312 -1536 448 ) (-1312 -1216 448 ) 
3 282 285 (-1312 -1536 0 ) (-1312 -1536 32 ) (-1344 -1536 32 ) 
4 282 284 (-1312 -1536 32 ) (-1312 -1536 448 ) (-1344 -1536 448 ) (-1344 -1536 32 ) 
4 282 283 (-1344 -1152 0 ) (-1344 -1536 0 ) (-1344 -1536 448 ) (-1344 -1152 448 ) 
4 283 312 (-2048 -1024 448 ) (-2048 -1024 0 ) (-2048 -1536 0 ) (-2048 -1536 448 ) 
4 283 284 (-1344 -1536 32 ) (-1344 -1536 448 ) (-2048 -1536 448 ) (-2048 -1536 32 ) 
4 284 313 (-2048 -1568 32 ) (-2048 -1568 448 ) (-2048 -1536 448 ) (-2048 -1536 32 ) 
4 284 286 (-1024 -1568 32 ) (-1056 -1568 32 ) (-1056 -1536 32 ) (-1024 -1536 32 ) 
4 284 285 (-1152 -1568 32 ) (-1344 -1568 32 ) (-1344 -1536 32 ) (-1152 -1536 32 ) 
4 284 287 (-1024 -1568 32 ) (-1024 -1568 448 ) (-2048 -1568 448 ) (-2048 -1568 32 ) 
4 285 287 (-1312 -1568 0 ) (-1184 -1568 0 ) (-1152 -1568 32 ) (-1344 -1568 32 ) 
3 286 287 (-1024 -1568 0 ) (-1024 -1568 32 ) (-1056 -1568 32 ) 
4 287 314 (-2048 -1568 0 ) (-2048 -1888 0 ) (-2048 -1888 448 ) (-2048 -1568 448 ) 
4 287 299 (-1312 -1888 448 ) (-2048 -1888 448 ) (-2048 -1888 416 ) (-1312 -1888 416 ) 
5 287 297 (-1312 -1888 64 ) (-1312 -1888 0 ) (-1184 -1888 0 ) (-1184 -1888 64 ) (-1248 -1888 128 ) 
4 287 296 (-1184 -1888 448 ) (-1312 -1888 448 ) (-1312 -1888 416 ) (-1184 -1888 416 ) 
4 287 295 (-1056 -1888 448 ) (-1184 -1888 448 ) (-1184 -1888 416 ) (-1056 -1888 416 ) 
4 287 294 (-1024 -1888 416 ) (-1024 -1888 448 ) (-1056 -1888 448 ) (-1056 -1888 416 ) 
4 287 291 (-1184 -1888 0 ) (-1312 -1888 0 ) (-1312 -1568 0 ) (-1184 -1568 0 ) 
4 287 289 (-1024 -1888 0 ) (-1184 -1888 0 ) (-1184 -1568 0 ) (-1024 -1568 0 ) 
4 287 292 (-1312 -1888 0 ) (-2048 -1888 0 ) (-2048 -1568 0 ) (-1312 -1568 0 ) 
4 288 316 (-2048 -1024 -384 ) (-2048 -1024 -640 ) (-2048 -1568 -640 ) (-2048 -1568 -384 ) 
5 288 293 (-1024 -1568 -640 ) (-1024 -1568 -448 ) (-1760 -1568 -384 ) (-2048 -1568 -384 ) (-2048 -1568 -640 ) 
3 289 291 (-1184 -1568 0 ) (-1184 -1888 -64 ) (-1184 -1888 0 ) 
4 289 290 (-1184 -1568 -32 ) (-1184 -1568 -370.084045 ) (-1184 -1888 -370.084045 ) (-1184 -1888 -96 ) 
4 290 292 (-1312 -1568 -32 ) (-1312 -1568 -358.957031 ) (-1312 -1888 -358.957031 ) (-1312 -1888 -96 ) 
4 291 297 (-1184 -1888 0 ) (-1312 -1888 0 ) (-1312 -1888 -64 ) (-1184 -1888 -64 ) 
3 291 292 (-1312 -1568 0 ) (-1312 -1888 -64 ) (-1312 -1888 0 ) 
4 292 318 (-2048 -1888 -294.956543 ) (-2048 -1888 0 ) (-2048 -1568 0 ) (-2048 -1568 -294.956573 ) 
4 293 317 (-2048 -1888 -640 ) (-2048 -1888 -358.956512 ) (-2048 -1568 -358.956512 ) (-2048 -1568 -640 ) 
4 293 300 (-1024 -1888 -640 ) (-1024 -1888 -448 ) (-2048 -1888 -448 ) (-2048 -1888 -640 ) 
4 293 298 (-1184 -1888 -434.086945 ) (-1312 -1888 -422.956512 ) (-1312 -1888 -448 ) (-1184 -1888 -448 ) 
4 294 301 (-1024 -1920 416 ) (-1024 -1920 768 ) (-1056 -1920 768 ) (-1056 -1920 416 ) 
4 294 295 (-1056 -1888 768 ) (-1056 -1888 416 ) (-1056 -1920 416 ) (-1056 -1920 768 ) 
4 295 306 (-1056 -1920 416 ) (-1056 -1920 768 ) (-1184 -1920 768 ) (-1184 -1920 416 ) 
4 295 296 (-1184 -1888 768 ) (-1184 -1888 416 ) (-1184 -1920 416 ) (-1184 -1920 768 ) 
4 296 306 (-1184 -1920 416 ) (-1184 -1920 768 ) (-1312 -1920 768 ) (-1312 -1920 416 ) 
4 296 299 (-1312 -1888 768 ) (-1312 -1888 416 ) (-1312 -1920 416 ) (-1312 -1920 768 ) 
5 297 308 (-1184 -1920 -64 ) (-1184 -1920 64 ) (-1248 -1920 128 ) (-1312 -1920 64 ) (-1312 -1920 -64 ) 
4 298 311 (-1312 -1920 -448 ) (-1184 -1920 -448 ) (-1184 -1920 -384 ) (-1312 -1920 -384 ) 
4 298 300 (-1184 -1920 -448 ) (-1312 -1920 -448 ) (-1312 -1888 -448 ) (-1184 -1888 -448 ) 
4 299 315 (-2048 -1920 416 ) (-2048 -1920 768 ) (-2048 -1888 768 ) (-2048 -1888 416 ) 
4 299 306 (-2048 -1920 768 ) (-2048 -1920 416 ) (-1312 -1920 416 ) (-1312 -1920 768 ) 
4 300 319 (-2048 -1920 -640 ) (-2048 -1920 -448 ) (-2048 -1888 -448 ) (-2048 -1888 -640 ) 
4 300 311 (-2048 -1920 -448 ) (-2048 -1920 -640 ) (-1056 -1920 -640 ) (-1056 -1920 -448 ) 
4 300 302 (-1056 -1920 -640 ) (-1024 -1920 -640 ) (-1024 -1920 -448 ) (-1056 -1920 -448 ) 
4 301 306 (-1056 -1920 768 ) (-1056 -1920 416 ) (-1056 -1984 416 ) (-1056 -1984 768 ) 
4 301 303 (-1056 -1984 768 ) (-1056 -1984 416 ) (-1024 -1984 416 ) (-1024 -1984 768 ) 
4 302 311 (-1056 -1920 -448 ) (-1056 -1920 -640 ) (-1056 -1984 -640 ) (-1056 -1984 -448 ) 
4 302 305 (-1056 -1984 -448 ) (-1056 -1984 -640 ) (-1024 -1984 -640 ) (-1024 -1984 -448 ) 
4 303 327 (-1024 -2048 416 ) (-1024 -2048 480 ) (-1056 -2048 480 ) (-1056 -2048 416 ) 
4 303 326 (-1024 -2048 480 ) (-1024 -2048 768 ) (-1056 -2048 768 ) (-1056 -2048 480 ) 
4 303 306 (-1056 -2048 416 ) (-1056 -2048 768 ) (-1056 -1984 768 ) (-1056 -1984 416 ) 
4 304 338 (-1024 -2048 -64 ) (-1024 -2048 128 ) (-1056 -2048 128 ) (-1056 -2048 -64 ) 
4 304 310 (-1056 -2048 -64 ) (-1056 -2048 128 ) (-1056 -1984 64 ) (-1056 -1984 -64 ) 
4 305 340 (-1024 -2048 -640 ) (-1024 -2048 -384 ) (-1056 -2048 -384 ) (-1056 -2048 -640 ) 
4 305 311 (-1056 -2048 -640 ) (-1056 -2048 -384 ) (-1056 -1984 -384 ) (-1056 -1984 -640 ) 
4 306 334 (-1216 -2048 416 ) (-1280 -2048 416 ) (-1280 -2048 384 ) (-1216 -2048 384 ) 
4 306 333 (-1184 -2048 416 ) (-1216 -2048 416 ) (-1216 -2048 384 ) (-1184 -2048 384 ) 
4 306 336 (-1280 -2048 416 ) (-2048 -2048 416 ) (-2048 -2048 384 ) (-1280 -2048 384 ) 
4 306 330 (-1056 -2048 384 ) (-1056 -2048 416 ) (-1184 -2048 416 ) (-1184 -2048 384 ) 
4 306 327 (-1056 -2048 416 ) (-1056 -2048 480 ) (-2048 -2048 480 ) (-2048 -2048 416 ) 
4 306 326 (-1056 -2048 480 ) (-1056 -2048 768 ) (-2048 -2048 768 ) (-2048 -2048 480 ) 
4 306 321 (-2048 -2048 384 ) (-2048 -2048 768 ) (-2048 -1920 768 ) (-2048 -1920 384 ) 
5 307 310 (-1184 -1984 -96 ) (-1120 -1984 -96 ) (-1056 -1984 -64 ) (-1056 -1984 160 ) (-1184 -1984 160 ) 
4 307 308 (-1184 -1984 -96 ) (-1184 -1984 160 ) (-1184 -1920 160 ) (-1184 -1920 -64 ) 
4 308 310 (-1312 -1984 -96 ) (-1184 -1984 -96 ) (-1184 -1984 160 ) (-1312 -1984 160 ) 
4 308 309 (-1312 -1984 -96 ) (-1312 -1984 160 ) (-1312 -1920 160 ) (-1312 -1920 -64 ) 
4 309 310 (-1616 -1984 -96 ) (-1312 -1984 -96 ) (-1312 -1984 160 ) (-1616 -1984 160 ) 
4 310 350 (-1216 -2048 160 ) (-1616 -2048 160 ) (-1616 -2048 -96 ) (-1216 -2048 -96 ) 
5 310 343 (-1056 -2048 -64 ) (-1056 -2048 160 ) (-1216 -2048 160 ) (-1216 -2048 -96 ) (-1120 -2048 -96 ) 
4 311 351 (-1216 -2048 -384 ) (-2048 -2048 -384 ) (-2048 -2048 -640 ) (-1216 -2048 -640 ) 
4 311 349 (-1056 -2048 -640 ) (-1056 -2048 -448 ) (-1216 -2048 -448 ) (-1216 -2048 -640 ) 
4 311 345 (-1056 -2048 -448 ) (-1056 -2048 -384 ) (-1216 -2048 -384 ) (-1216 -2048 -448 ) 
4 311 322 (-2048 -2048 -640 ) (-2048 -2048 -384 ) (-2048 -1920 -384 ) (-2048 -1920 -640 ) 
4 312 320 (-2496 -1024 768 ) (-2496 -1024 0 ) (-2496 -1536 0 ) (-2496 -1536 768 ) 
4 312 313 (-2048 -1536 32 ) (-2048 -1536 768 ) (-2496 -1536 768 ) (-2496 -1536 32 ) 
4 313 320 (-2496 -1568 32 ) (-2496 -1568 768 ) (-2496 -1536 768 ) (-2496 -1536 32 ) 
4 313 314 (-2048 -1568 32 ) (-2048 -1568 768 ) (-2496 -1568 768 ) (-2496 -1568 32 ) 
4 314 320 (-2496 -1568 0 ) (-2496 -1888 0 ) (-2496 -1888 768 ) (-2496 -1568 768 ) 
4 314 318 (-2496 -1888 0 ) (-2496 -1568 0 ) (-2048 -1568 0 ) (-2048 -1888 0 ) 
4 314 315 (-2048 -1888 416 ) (-2048 -1888 768 ) (-2496 -1888 768 ) (-2496 -1888 416 ) 
4 315 323 (-2464 -1920 768 ) (-2496 -1920 768 ) (-2496 -1920 416 ) (-2464 -1920 416 ) 
4 315 321 (-2048 -1920 416 ) (-2048 -1920 768 ) (-2464 -1920 768 ) (-2464 -1920 416 ) 
4 315 320 (-2496 -1920 416 ) (-2496 -1920 768 ) (-2496 -1888 768 ) (-2496 -1888 416 ) 
4 316 320 (-2496 -1024 -384 ) (-2496 -1024 -640 ) (-2496 -1568 -640 ) (-2496 -1568 -384 ) 
4 316 317 (-2496 -1568 -640 ) (-2048 -1568 -640 ) (-2048 -1568 -384 ) (-2496 -1568 -384 ) 
4 317 320 (-2496 -1568 -640 ) (-2496 -1888 -640 ) (-2496 -1888 -320 ) (-2496 -1568 -320 ) 
4 317 319 (-2496 -1888 -640 ) (-2048 -1888 -640 ) (-2048 -1888 -448 ) (-2496 -1888 -448 ) 
4 318 320 (-2496 -1888 -256 ) (-2496 -1888 0 ) (-2496 -1568 0 ) (-2496 -1568 -256 ) 
4 319 324 (-2464 -1920 -448 ) (-2496 -1920 -448 ) (-2496 -1920 -640 ) (-2464 -1920 -640 ) 
4 319 322 (-2048 -1920 -640 ) (-2048 -1920 -448 ) (-2464 -1920 -448 ) (-2464 -1920 -640 ) 
4 319 320 (-2496 -1888 -640 ) (-2496 -1920 -640 ) (-2496 -1920 -448 ) (-2496 -1888 -448 ) 
4 320 325 (-2496 -1920 -640 ) (-2496 -1920 768 ) (-2944 -1920 768 ) (-2944 -1920 -640 ) 
4 321 354 (-2048 -2048 384 ) (-2048 -2048 768 ) (-2464 -2048 768 ) (-2464 -2048 384 ) 
4 321 323 (-2464 -1920 768 ) (-2464 -1920 416 ) (-2464 -2048 416 ) (-2464 -2048 768 ) 
4 322 355 (-2048 -2048 -640 ) (-2048 -2048 -384 ) (-2464 -2048 -384 ) (-2464 -2048 -640 ) 
4 322 324 (-2464 -1920 -448 ) (-2464 -1920 -640 ) (-2464 -2048 -640 ) (-2464 -2048 -448 ) 
4 323 356 (-2464 -2048 416 ) (-2464 -2048 768 ) (-2496 -2048 768 ) (-2496 -2048 416 ) 
4 323 325 (-2496 -1920 768 ) (-2496 -1920 416 ) (-2496 -2048 416 ) (-2496 -2048 768 ) 
4 324 357 (-2464 -2048 -640 ) (-2464 -2048 -448 ) (-2496 -2048 -448 ) (-2496 -2048 -640 ) 
4 324 325 (-2496 -1920 -448 ) (-2496 -1920 -640 ) (-2496 -2048 -640 ) (-2496 -2048 -448 ) 
4 325 358 (-2944 -2048 768 ) (-2944 -2048 -640 ) (-2496 -2048 -640 ) (-2496 -2048 768 ) 
4 326 359 (-2048 -2656 480 ) (-2048 -2688 480 ) (-2048 -2688 768 ) (-2048 -2656 768 ) 
4 326 361 (-2048 -2688 480 ) (-2048 -3072 480 ) (-2048 -3072 768 ) (-2048 -2688 768 ) 
4 326 354 (-2048 -2048 768 ) (-2048 -2048 480 ) (-2048 -2656 480 ) (-2048 -2656 768 ) 
4 326 328 (-2048 -2208 480 ) (-2048 -2144 480 ) (-1216 -2144 480 ) (-1216 -2208 480 ) 
4 326 327 (-2048 -2144 480 ) (-2048 -2048 480 ) (-1024 -2048 480 ) (-1024 -2144 480 ) 
4 326 329 (-1024 -3072 480 ) (-2048 -3072 480 ) (-2048 -2208 480 ) (-1024 -2208 480 ) 
4 327 354 (-2048 -2048 480 ) (-2048 -2048 416 ) (-2048 -2144 416 ) (-2048 -2144 480 ) 
4 327 334 (-1280 -2048 416 ) (-1216 -2048 416 ) (-1216 -2144 416 ) (-1280 -2144 416 ) 
4 327 333 (-1216 -2048 416 ) (-1184 -2048 416 ) (-1184 -2144 416 ) (-1216 -2144 416 ) 
4 327 336 (-2048 -2144 416 ) (-2048 -2048 416 ) (-1280 -2048 416 ) (-1280 -2144 416 ) 
4 327 330 (-1184 -2048 416 ) (-1056 -2048 416 ) (-1056 -2144 416 ) (-1184 -2144 416 ) 
4 327 328 (-2048 -2144 416 ) (-1280 -2144 416 ) (-1216 -2144 480 ) (-2048 -2144 480 ) 
4 328 354 (-2048 -2144 416 ) (-2048 -2208 416 ) (-2048 -2208 480 ) (-2048 -2144 480 ) 
4 328 336 (-2048 -2208 416 ) (-2048 -2144 416 ) (-1280 -2144 416 ) (-1280 -2208 416 ) 
4 328 329 (-2048 -2208 416 ) (-1280 -2208 416 ) (-1216 -2208 480 ) (-2048 -2208 480 ) 
4 329 359 (-2048 -2656 416 ) (-2048 -2688 416 ) (-2048 -2688 480 ) (-2048 -2656 480 ) 
4 329 361 (-2048 -2688 416 ) (-2048 -3072 416 ) (-2048 -3072 480 ) (-2048 -2688 480 ) 
4 329 354 (-2048 -2208 416 ) (-2048 -2656 416 ) (-2048 -2656 480 ) (-2048 -2208 480 ) 
4 329 337 (-2048 -3072 416 ) (-2048 -2688 416 ) (-1184 -2688 416 ) (-1184 -3072 416 ) 
4 329 335 (-1280 -2208 416 ) (-1216 -2208 416 ) (-1216 -2656 416 ) (-1280 -2656 416 ) 
4 329 333 (-1216 -2208 416 ) (-1184 -2208 416 ) (-1184 -2656 416 ) (-1216 -2656 416 ) 
4 329 336 (-2048 -2656 416 ) (-2048 -2208 416 ) (-1280 -2208 416 ) (-1280 -2656 416 ) 
4 329 332 (-1152 -3072 416 ) (-1184 -3072 416 ) (-1184 -2688 416 ) (-1152 -2688 416 ) 
4 329 331 (-1024 -2400 416 ) (-1024 -3072 416 ) (-1152 -3072 416 ) (-1152 -2400 416 ) 
4 329 330 (-1184 -2208 416 ) (-1056 -2208 416 ) (-1056 -2368 416 ) (-1184 -2368 416 ) 
4 330 333 (-1184 -2048 384 ) (-1184 -2368 384 ) (-1184 -2368 416 ) (-1184 -2048 416 ) 
4 331 346 (-1152 -2688 384 ) (-1152 -2400 384 ) (-1056 -2400 384 ) (-1056 -2688 384 ) 
4 331 347 (-1056 -3072 384 ) (-1152 -3072 384 ) (-1152 -2688 384 ) (-1056 -2688 384 ) 
4 331 339 (-1024 -3072 384 ) (-1056 -3072 384 ) (-1056 -2400 384 ) (-1024 -2400 384 ) 
4 331 332 (-1152 -2688 384 ) (-1152 -3072 384 ) (-1152 -3072 416 ) (-1152 -2688 416 ) 
4 332 348 (-1152 -3072 384 ) (-1184 -3072 384 ) (-1184 -2688 384 ) (-1152 -2688 384 ) 
4 332 337 (-1184 -2688 384 ) (-1184 -3072 384 ) (-1184 -3072 416 ) (-1184 -2688 416 ) 
4 333 334 (-1216 -2048 384 ) (-1216 -2144 384 ) (-1216 -2144 416 ) (-1216 -2048 416 ) 
4 333 335 (-1216 -2208 384 ) (-1216 -2656 384 ) (-1216 -2656 416 ) (-1216 -2208 416 ) 
4 334 336 (-1280 -2048 384 ) (-1280 -2144 384 ) (-1280 -2144 416 ) (-1280 -2048 416 ) 
4 335 336 (-1280 -2208 384 ) (-1280 -2656 384 ) (-1280 -2656 416 ) (-1280 -2208 416 ) 
4 336 354 (-2048 -2048 416 ) (-2048 -2048 384 ) (-2048 -2656 384 ) (-2048 -2656 416 ) 
4 337 361 (-2048 -2688 384 ) (-2048 -3072 384 ) (-2048 -3072 416 ) (-2048 -2688 416 ) 
4 337 352 (-1216 -3072 384 ) (-2048 -3072 384 ) (-2048 -2688 384 ) (-1216 -2688 384 ) 
4 337 348 (-1184 -3072 384 ) (-1216 -3072 384 ) (-1216 -2688 384 ) (-1184 -2688 384 ) 
4 338 343 (-1056 -2048 128 ) (-1056 -2048 -64 ) (-1056 -2112 -64 ) (-1056 -2112 64 ) 
4 339 346 (-1056 -2688 384 ) (-1056 -2400 384 ) (-1056 -2400 -384 ) (-1056 -2688 -384 ) 
4 339 347 (-1056 -3072 384 ) (-1056 -2688 384 ) (-1056 -2688 -384 ) (-1056 -3072 -384 ) 
4 339 342 (-1024 -3072 -384 ) (-1056 -3072 -384 ) (-1056 -2688 -384 ) (-1024 -2688 -384 ) 
4 340 349 (-1056 -2048 -448 ) (-1056 -2048 -640 ) (-1056 -2400 -640 ) (-1056 -2400 -448 ) 
4 340 345 (-1056 -2048 -384 ) (-1056 -2048 -448 ) (-1056 -2368 -448 ) (-1056 -2368 -384 ) 
4 340 341 (-1056 -2400 -640 ) (-1024 -2400 -640 ) (-1024 -2400 -448 ) (-1056 -2400 -448 ) 
4 341 349 (-1056 -2400 -640 ) (-1056 -2688 -640 ) (-1056 -2688 -448 ) (-1056 -2400 -448 ) 
4 341 342 (-1056 -2688 -640 ) (-1024 -2688 -640 ) (-1024 -2688 -448 ) (-1056 -2688 -448 ) 
4 342 349 (-1056 -2688 -640 ) (-1056 -3072 -640 ) (-1056 -3072 -448 ) (-1056 -2688 -448 ) 
4 342 347 (-1056 -3072 -448 ) (-1056 -3072 -384 ) (-1056 -2688 -384 ) (-1056 -2688 -448 ) 
4 343 350 (-1216 -2048 160 ) (-1216 -2048 -96 ) (-1216 -2112 -96 ) (-1216 -2112 160 ) 
5 343 344 (-1216 -2112 -96 ) (-1120 -2112 -96 ) (-1056 -2112 -64 ) (-1056 -2112 160 ) (-1216 -2112 160 ) 
4 344 350 (-1216 -2112 -96 ) (-1216 -2368 -96 ) (-1216 -2368 160 ) (-1216 -2112 160 ) 
4 345 351 (-1216 -2048 -384 ) (-1216 -2048 -448 ) (-1216 -2368 -448 ) (-1216 -2368 -384 ) 
4 345 349 (-1216 -2368 -448 ) (-1216 -2048 -448 ) (-1056 -2048 -448 ) (-1056 -2368 -448 ) 
4 346 347 (-1152 -2688 384 ) (-1152 -2688 -384 ) (-1056 -2688 -384 ) (-1056 -2688 384 ) 
4 347 349 (-1056 -2688 -448 ) (-1056 -3072 -448 ) (-1152 -3072 -448 ) (-1152 -2688 -448 ) 
4 347 348 (-1152 -2688 -448 ) (-1152 -3072 -448 ) (-1152 -3072 384 ) (-1152 -2688 384 ) 
4 348 352 (-1216 -3072 -448 ) (-1216 -3072 384 ) (-1216 -2688 384 ) (-1216 -2688 -448 ) 
4 348 349 (-1216 -3072 -448 ) (-1216 -2688 -448 ) (-1152 -2688 -448 ) (-1152 -3072 -448 ) 
4 349 353 (-1216 -3072 -640 ) (-1216 -3072 -448 ) (-1216 -2656 -448 ) (-1216 -2656 -640 ) 
4 349 351 (-1216 -2656 -448 ) (-1216 -2048 -448 ) (-1216 -2048 -640 ) (-1216 -2656 -640 ) 
4 351 355 (-2048 -2048 -384 ) (-2048 -2048 -640 ) (-2048 -2656 -640 ) (-2048 -2656 -384 ) 
4 351 353 (-1216 -2656 -640 ) (-1216 -2656 -448 ) (-2048 -2656 -448 ) (-2048 -2656 -640 ) 
4 352 361 (-2048 -3072 -448 ) (-2048 -3072 384 ) (-2048 -2688 384 ) (-2048 -2688 -448 ) 
4 352 353 (-1216 -2688 -448 ) (-1216 -3072 -448 ) (-2048 -3072 -448 ) (-2048 -2688 -448 ) 
4 353 360 (-2048 -2688 -448 ) (-2048 -2656 -448 ) (-2048 -2656 -640 ) (-2048 -2688 -640 ) 
4 353 361 (-2048 -3072 -640 ) (-2048 -3072 -448 ) (-2048 -2688 -448 ) (-2048 -2688 -640 ) 
4 354 359 (-2048 -2656 416 ) (-2048 -2656 768 ) (-2464 -2656 768 ) (-2464 -2656 416 ) 
4 354 356 (-2464 -2048 768 ) (-2464 -2048 416 ) (-2464 -2656 416 ) (-2464 -2656 768 ) 
4 355 360 (-2048 -2656 -640 ) (-2048 -2656 -448 ) (-2464 -2656 -448 ) (-2464 -2656 -640 ) 
4 355 357 (-2464 -2048 -448 ) (-2464 -2048 -640 ) (-2464 -2656 -640 ) (-2464 -2656 -448 ) 
4 356 359 (-2464 -2656 416 ) (-2464 -2656 768 ) (-2496 -2656 768 ) (-2496 -2656 416 ) 
4 356 358 (-2496 -2048 768 ) (-2496 -2048 416 ) (-2496 -2656 416 ) (-2496 -2656 768 ) 
4 357 360 (-2464 -2656 -640 ) (-2464 -2656 -448 ) (-2496 -2656 -448 ) (-2496 -2656 -640 ) 
4 357 358 (-2496 -2048 -448 ) (-2496 -2048 -640 ) (-2496 -2656 -640 ) (-2496 -2656 -448 ) 
4 358 362 (-2944 -2656 768 ) (-2944 -2656 -640 ) (-2496 -2656 -640 ) (-2496 -2656 768 ) 
4 359 362 (-2496 -2656 768 ) (-2496 -2656 416 ) (-2496 -2688 416 ) (-2496 -2688 768 ) 
4 359 361 (-2048 -2688 768 ) (-2496 -2688 768 ) (-2496 -2688 416 ) (-2048 -2688 416 ) 
4 360 362 (-2496 -2656 -448 ) (-2496 -2656 -640 ) (-2496 -2688 -640 ) (-2496 -2688 -448 ) 
4 360 361 (-2496 -2688 -448 ) (-2496 -2688 -640 ) (-2048 -2688 -640 ) (-2048 -2688 -448 ) 
4 361 362 (-2496 -2688 -640 ) (-2496 -3072 -640 ) (-2496 -3072 768 ) (-2496 -2688 768 ) 
