PRT1
312
905
4 0 22 (1216 0 -448 ) (1216 0 -64 ) (1184 0 -64 ) (1184 0 -448 ) 
4 0 16 (1216 0 -64 ) (1216 0 1280 ) (1184 0 1280 ) (1184 0 -64 ) 
4 0 2 (1184 0 -384 ) (1184 0 1280 ) (1184 800 1280 ) (1184 800 -384 ) 
4 0 1 (1184 832 1280 ) (1184 832 -448 ) (1184 800 -448 ) (1184 800 1280 ) 
4 1 3 (1024 800 1280 ) (1024 832 1280 ) (1024 832 -448 ) (1024 800 -448 ) 
4 1 2 (1184 800 -384 ) (1184 800 1280 ) (1024 800 1280 ) (1024 800 -384 ) 
4 2 23 (1024 0 -64 ) (1024 0 -384 ) (1184 0 -384 ) (1184 0 -64 ) 
4 2 19 (1152 0 1280 ) (1024 0 1280 ) (1024 0 -64 ) (1152 0 -64 ) 
4 2 17 (1184 0 1280 ) (1152 0 1280 ) (1152 0 -64 ) (1184 0 -64 ) 
4 2 14 (1024 0 -384 ) (1024 0 -224 ) (1024 800 -224 ) (1024 800 -384 ) 
4 2 11 (1024 0 -224 ) (1024 0 -160 ) (1024 800 -160 ) (1024 800 -224 ) 
4 2 5 (1024 0 -160 ) (1024 0 -96 ) (1024 800 -96 ) (1024 800 -160 ) 
4 2 4 (1024 0 -96 ) (1024 0 1280 ) (1024 800 1280 ) (1024 800 -96 ) 
4 3 122 (0 832 -448 ) (0 800 -448 ) (0 800 -224 ) (0 832 -224 ) 
4 3 118 (0 800 -224 ) (0 800 -160 ) (0 832 -160 ) (0 832 -224 ) 
4 3 106 (0 800 -160 ) (0 800 1280 ) (0 832 1280 ) (0 832 -160 ) 
4 3 14 (1024 800 -384 ) (1024 800 -224 ) (192 800 -224 ) (192 800 -384 ) 
4 3 12 (160 800 -160 ) (0 800 -160 ) (0 800 -224 ) (160 800 -224 ) 
4 3 11 (1024 800 -224 ) (1024 800 -160 ) (160 800 -160 ) (160 800 -224 ) 
4 3 6 (128 800 -96 ) (0 800 -96 ) (0 800 -160 ) (128 800 -160 ) 
4 3 5 (1024 800 -160 ) (1024 800 -96 ) (128 800 -96 ) (128 800 -160 ) 
4 3 4 (1024 800 -96 ) (1024 800 1280 ) (0 800 1280 ) (0 800 -96 ) 
3 4 109 (0 672 -96 ) (0 480 -96 ) (0 576 0 ) 
4 4 108 (0 704 128 ) (0 704 -96 ) (0 672 -96 ) (0 576 0 ) 
5 4 107 (0 448 1280 ) (0 704 1280 ) (0 704 128 ) (0 480 -96 ) (0 448 -96 ) 
4 4 117 (0 0 -96 ) (0 0 1280 ) (0 448 1280 ) (0 448 -96 ) 
4 4 106 (0 704 1280 ) (0 800 1280 ) (0 800 -96 ) (0 704 -96 ) 
4 4 46 (0 0 -16 ) (0 0 -96 ) (64 0 -96 ) (64 0 -16 ) 
4 4 43 (64 0 -96 ) (192 0 -96 ) (192 0 -16 ) (64 0 -16 ) 
4 4 42 (192 0 -96 ) (608 0 -96 ) (608 0 -16 ) (192 0 -16 ) 
4 4 37 (0 0 0 ) (0 0 -16 ) (192 0 -16 ) (192 0 0 ) 
4 4 36 (192 0 -16 ) (608 0 -16 ) (608 0 0 ) (192 0 0 ) 
4 4 35 (0 0 1280 ) (0 0 0 ) (608 0 0 ) (608 0 1280 ) 
4 4 27 (608 0 -96 ) (640 0 -96 ) (640 0 0 ) (608 0 0 ) 
4 4 26 (640 0 -96 ) (1024 0 -96 ) (1024 0 0 ) (640 0 0 ) 
4 4 25 (1024 0 0 ) (1024 0 1280 ) (608 0 1280 ) (608 0 0 ) 
4 4 9 (128 672 -96 ) (128 480 -96 ) (96 480 -96 ) (96 672 -96 ) 
4 4 8 (128 704 -96 ) (128 672 -96 ) (0 672 -96 ) (0 704 -96 ) 
4 4 7 (128 480 -96 ) (128 448 -96 ) (0 448 -96 ) (0 480 -96 ) 
4 4 6 (0 800 -96 ) (128 800 -96 ) (128 704 -96 ) (0 704 -96 ) 
4 4 10 (128 448 -96 ) (128 0 -96 ) (0 0 -96 ) (0 448 -96 ) 
4 4 5 (128 800 -96 ) (1024 800 -96 ) (1024 0 -96 ) (128 0 -96 ) 
4 5 43 (128 0 -160 ) (192 0 -160 ) (192 0 -96 ) (128 0 -96 ) 
4 5 42 (192 0 -160 ) (608 0 -160 ) (608 0 -96 ) (192 0 -96 ) 
4 5 27 (608 0 -160 ) (640 0 -160 ) (640 0 -96 ) (608 0 -96 ) 
4 5 26 (640 0 -160 ) (1024 0 -160 ) (1024 0 -96 ) (640 0 -96 ) 
4 5 12 (128 736 -160 ) (128 800 -160 ) (160 800 -160 ) (160 736 -160 ) 
4 5 13 (160 0 -160 ) (128 0 -160 ) (128 416 -160 ) (160 416 -160 ) 
4 5 11 (1024 0 -160 ) (160 0 -160 ) (160 800 -160 ) (1024 800 -160 ) 
4 5 9 (128 448 -128 ) (128 480 -96 ) (128 672 -96 ) (128 704 -128 ) 
3 5 8 (128 672 -96 ) (128 704 -96 ) (128 704 -128 ) 
3 5 7 (128 448 -128 ) (128 448 -96 ) (128 480 -96 ) 
4 5 6 (128 800 -160 ) (128 704 -160 ) (128 704 -96 ) (128 800 -96 ) 
4 5 10 (128 448 -160 ) (128 0 -160 ) (128 0 -96 ) (128 448 -96 ) 
4 6 106 (0 704 -96 ) (0 800 -96 ) (0 800 -160 ) (0 704 -160 ) 
4 6 12 (0 736 -160 ) (0 800 -160 ) (128 800 -160 ) (128 736 -160 ) 
4 6 8 (128 704 -128 ) (128 704 -96 ) (0 704 -96 ) (0 704 -128 ) 
3 7 107 (0 448 -96 ) (0 480 -96 ) (0 448 -128 ) 
3 7 9 (128 448 -128 ) (96 480 -96 ) (128 480 -96 ) 
4 7 10 (128 448 -128 ) (128 448 -96 ) (0 448 -96 ) (0 448 -128 ) 
3 8 108 (0 672 -96 ) (0 704 -96 ) (0 704 -128 ) 
3 8 9 (128 704 -128 ) (128 672 -96 ) (96 672 -96 ) 
4 10 117 (0 0 -160 ) (0 0 -96 ) (0 448 -96 ) (0 448 -160 ) 
4 10 46 (0 0 -96 ) (0 0 -160 ) (64 0 -160 ) (64 0 -96 ) 
4 10 43 (64 0 -160 ) (128 0 -160 ) (128 0 -96 ) (64 0 -96 ) 
4 10 13 (128 0 -160 ) (0 0 -160 ) (0 416 -160 ) (128 416 -160 ) 
4 11 43 (160 0 -224 ) (192 0 -224 ) (192 0 -160 ) (160 0 -160 ) 
4 11 42 (192 0 -224 ) (608 0 -224 ) (608 0 -160 ) (192 0 -160 ) 
4 11 27 (608 0 -224 ) (640 0 -224 ) (640 0 -160 ) (608 0 -160 ) 
4 11 26 (640 0 -224 ) (1024 0 -224 ) (1024 0 -160 ) (640 0 -160 ) 
4 11 15 (192 352 -224 ) (192 0 -224 ) (160 0 -224 ) (160 352 -224 ) 
4 11 14 (192 800 -224 ) (1024 800 -224 ) (1024 0 -224 ) (192 0 -224 ) 
4 11 12 (160 800 -224 ) (160 736 -224 ) (160 736 -160 ) (160 800 -160 ) 
4 11 13 (160 416 -224 ) (160 0 -224 ) (160 0 -160 ) (160 416 -160 ) 
4 12 118 (0 736 -160 ) (0 800 -160 ) (0 800 -224 ) (0 736 -224 ) 
4 13 121 (0 0 -224 ) (0 0 -160 ) (0 416 -160 ) (0 416 -224 ) 
4 13 46 (0 0 -160 ) (0 0 -224 ) (64 0 -224 ) (64 0 -160 ) 
4 13 43 (64 0 -224 ) (160 0 -224 ) (160 0 -160 ) (64 0 -160 ) 
4 13 15 (160 352 -224 ) (160 0 -224 ) (0 0 -224 ) (0 352 -224 ) 
4 14 42 (608 0 -224 ) (192 0 -224 ) (192 0 -384 ) (608 0 -384 ) 
4 14 30 (640 0 -320 ) (608 0 -320 ) (608 0 -384 ) (640 0 -384 ) 
4 14 29 (1024 0 -384 ) (1024 0 -320 ) (640 0 -320 ) (640 0 -384 ) 
4 14 27 (640 0 -224 ) (608 0 -224 ) (608 0 -320 ) (640 0 -320 ) 
4 14 26 (1024 0 -320 ) (1024 0 -224 ) (640 0 -224 ) (640 0 -320 ) 
4 14 15 (192 0 -224 ) (192 352 -224 ) (192 352 -384 ) (192 0 -384 ) 
4 15 123 (0 0 -384 ) (0 0 -224 ) (0 352 -224 ) (0 352 -384 ) 
4 15 46 (0 0 -224 ) (0 0 -384 ) (64 0 -384 ) (64 0 -224 ) 
4 15 43 (64 0 -384 ) (192 0 -384 ) (192 0 -224 ) (64 0 -224 ) 
4 16 48 (1216 -1024 1280 ) (1184 -1024 1280 ) (1184 -1024 -64 ) (1216 -1024 -64 ) 
4 16 22 (1216 -1024 -64 ) (1184 -1024 -64 ) (1184 0 -64 ) (1216 0 -64 ) 
4 16 18 (1184 -1024 -48 ) (1184 -1024 1280 ) (1184 -704 1280 ) (1184 -704 -48 ) 
4 16 17 (1184 0 -64 ) (1184 -704 -64 ) (1184 -704 1280 ) (1184 0 1280 ) 
4 17 23 (1152 -704 -64 ) (1152 0 -64 ) (1184 0 -64 ) (1184 -704 -64 ) 
4 17 19 (1152 0 -64 ) (1152 -704 -64 ) (1152 -704 1280 ) (1152 0 1280 ) 
4 17 18 (1152 -704 1280 ) (1152 -704 -48 ) (1184 -704 -48 ) (1184 -704 1280 ) 
4 18 49 (1184 -1024 1280 ) (1152 -1024 1280 ) (1152 -1024 -48 ) (1184 -1024 -48 ) 
4 18 20 (1152 -736 1280 ) (1152 -704 1280 ) (1152 -704 -48 ) (1152 -736 -48 ) 
4 18 21 (1152 -1024 -48 ) (1152 -1024 1280 ) (1152 -736 1280 ) (1152 -736 -48 ) 
4 19 26 (1024 0 0 ) (1024 0 -64 ) (1024 -704 -64 ) (1024 -704 0 ) 
4 19 25 (1024 0 1280 ) (1024 0 0 ) (1024 -704 0 ) (1024 -704 1280 ) 
4 19 23 (1024 -704 -64 ) (1024 0 -64 ) (1152 0 -64 ) (1152 -704 -64 ) 
4 19 20 (1152 -704 -48 ) (1152 -704 1280 ) (1024 -704 1280 ) (1024 -704 -48 ) 
4 20 31 (1024 -736 -48 ) (1024 -736 1280 ) (1024 -704 1280 ) (1024 -704 -48 ) 
4 20 21 (1152 -736 -48 ) (1152 -736 1280 ) (1024 -736 1280 ) (1024 -736 -48 ) 
4 21 51 (1152 -1024 1280 ) (1024 -1024 1280 ) (1024 -1024 -64 ) (1152 -1024 -64 ) 
4 21 32 (1024 -736 -64 ) (1024 -1024 -64 ) (1024 -1024 -48 ) (1024 -736 -48 ) 
4 21 31 (1024 -1024 -48 ) (1024 -1024 1280 ) (1024 -736 1280 ) (1024 -736 -48 ) 
4 22 54 (1216 -1024 -64 ) (1184 -1024 -64 ) (1184 -1024 -448 ) (1216 -1024 -448 ) 
4 22 23 (1184 -704 -64 ) (1184 0 -64 ) (1184 0 -384 ) (1184 -704 -384 ) 
4 23 29 (1024 0 -320 ) (1024 0 -384 ) (1024 -704 -384 ) (1024 -704 -320 ) 
4 23 26 (1024 0 -64 ) (1024 0 -320 ) (1024 -704 -320 ) (1024 -704 -64 ) 
4 24 56 (1024 -1024 -96 ) (1024 -1024 -384 ) (1152 -1024 -384 ) (1152 -1024 -96 ) 
4 24 33 (1024 -768 -384 ) (1024 -1024 -384 ) (1024 -1024 -96 ) (1024 -768 -96 ) 
4 25 35 (608 0 1280 ) (608 0 0 ) (608 -704 0 ) (608 -704 1280 ) 
4 25 31 (608 -704 1280 ) (608 -704 0 ) (1024 -704 0 ) (1024 -704 1280 ) 
4 25 28 (640 -704 0 ) (608 -704 0 ) (608 -288 0 ) (640 -288 0 ) 
4 25 27 (608 -288 0 ) (608 0 0 ) (640 0 0 ) (640 -288 0 ) 
4 25 26 (1024 -704 0 ) (640 -704 0 ) (640 0 0 ) (1024 0 0 ) 
4 26 31 (1024 -704 -48 ) (1024 -704 0 ) (640 -704 0 ) (640 -704 -48 ) 
4 26 29 (1024 -704 -320 ) (640 -704 -320 ) (640 0 -320 ) (1024 0 -320 ) 
4 26 28 (640 -288 -320 ) (640 -704 -320 ) (640 -704 0 ) (640 -288 0 ) 
4 26 27 (640 0 -320 ) (640 -288 -320 ) (640 -288 0 ) (640 0 0 ) 
4 27 42 (608 0 -16 ) (608 0 -320 ) (608 -288 -320 ) (608 -288 -16 ) 
4 27 36 (608 0 0 ) (608 0 -16 ) (608 -288 -16 ) (608 -288 0 ) 
4 27 30 (608 -288 -320 ) (608 0 -320 ) (640 0 -320 ) (640 -288 -320 ) 
4 27 28 (608 -288 -320 ) (640 -288 -320 ) (640 -288 0 ) (608 -288 0 ) 
4 28 42 (608 -288 -320 ) (608 -704 -320 ) (608 -704 -16 ) (608 -288 -16 ) 
4 28 36 (608 -704 -16 ) (608 -704 0 ) (608 -288 0 ) (608 -288 -16 ) 
4 28 31 (608 -704 0 ) (608 -704 -48 ) (640 -704 -48 ) (640 -704 0 ) 
4 29 30 (640 0 -384 ) (640 -288 -384 ) (640 -288 -320 ) (640 0 -320 ) 
4 30 42 (608 0 -320 ) (608 0 -384 ) (608 -288 -384 ) (608 -288 -320 ) 
4 31 58 (1024 -1024 -48 ) (1024 -1024 1280 ) (608 -1024 1280 ) (608 -1024 -48 ) 
4 31 42 (608 -1024 -48 ) (608 -1024 -16 ) (608 -704 -16 ) (608 -704 -48 ) 
4 31 36 (608 -1024 -16 ) (608 -1024 0 ) (608 -704 0 ) (608 -704 -16 ) 
4 31 35 (608 -1024 0 ) (608 -1024 1280 ) (608 -704 1280 ) (608 -704 0 ) 
4 31 32 (1024 -736 -48 ) (1024 -1024 -48 ) (640 -1024 -48 ) (640 -736 -48 ) 
4 32 59 (1024 -1024 -64 ) (1024 -1024 -48 ) (640 -1024 -48 ) (640 -1024 -64 ) 
4 33 63 (1024 -1024 -384 ) (1024 -1024 -96 ) (640 -1024 -96 ) (640 -1024 -384 ) 
4 33 34 (640 -832 -384 ) (640 -1024 -384 ) (640 -1024 -256 ) (640 -832 -256 ) 
4 34 42 (608 -832 -384 ) (608 -1024 -384 ) (608 -1024 -256 ) (608 -832 -256 ) 
4 35 126 (0 -1024 0 ) (0 -1024 1280 ) (0 0 1280 ) (0 0 0 ) 
4 35 74 (0 -1024 416 ) (0 -1024 0 ) (160 -1024 0 ) (160 -1024 416 ) 
4 35 72 (0 -1024 448 ) (0 -1024 416 ) (160 -1024 416 ) (160 -1024 448 ) 
4 35 71 (0 -1024 1280 ) (0 -1024 448 ) (160 -1024 448 ) (160 -1024 1280 ) 
4 35 69 (160 -1024 0 ) (192 -1024 0 ) (192 -1024 416 ) (160 -1024 416 ) 
4 35 68 (192 -1024 416 ) (192 -1024 448 ) (160 -1024 448 ) (160 -1024 416 ) 
4 35 67 (192 -1024 448 ) (192 -1024 1280 ) (160 -1024 1280 ) (160 -1024 448 ) 
4 35 58 (192 -1024 0 ) (608 -1024 0 ) (608 -1024 1280 ) (192 -1024 1280 ) 
4 35 40 (0 -704 0 ) (0 -320 0 ) (160 -320 0 ) (160 -704 0 ) 
4 35 41 (160 -1024 0 ) (0 -1024 0 ) (0 -736 0 ) (160 -736 0 ) 
4 35 38 (192 -448 0 ) (192 -576 0 ) (160 -576 0 ) (160 -448 0 ) 
4 35 39 (192 -736 0 ) (192 -1024 0 ) (160 -1024 0 ) (160 -736 0 ) 
4 35 37 (0 0 0 ) (192 0 0 ) (192 -288 0 ) (0 -288 0 ) 
4 35 36 (192 0 0 ) (608 0 0 ) (608 -1024 0 ) (192 -1024 0 ) 
4 36 58 (192 -1024 -16 ) (608 -1024 -16 ) (608 -1024 0 ) (192 -1024 0 ) 
4 36 42 (192 0 -16 ) (608 0 -16 ) (608 -1024 -16 ) (192 -1024 -16 ) 
4 36 38 (192 -448 -16 ) (192 -576 -16 ) (192 -576 0 ) (192 -448 0 ) 
4 36 39 (192 -736 -16 ) (192 -1024 -16 ) (192 -1024 0 ) (192 -736 0 ) 
4 36 37 (192 0 -16 ) (192 -288 -16 ) (192 -288 0 ) (192 0 0 ) 
4 37 127 (0 -288 0 ) (0 0 0 ) (0 0 -16 ) (0 -288 -16 ) 
4 37 46 (0 -288 -16 ) (0 0 -16 ) (64 0 -16 ) (64 -288 -16 ) 
4 37 43 (64 0 -16 ) (192 0 -16 ) (192 -288 -16 ) (64 -288 -16 ) 
4 38 44 (192 -448 -16 ) (192 -576 -16 ) (160 -576 -16 ) (160 -448 -16 ) 
4 38 40 (160 -448 -16 ) (160 -576 -16 ) (160 -576 0 ) (160 -448 0 ) 
4 39 82 (160 -1024 -16 ) (192 -1024 -16 ) (192 -1024 0 ) (160 -1024 0 ) 
4 39 45 (192 -736 -16 ) (192 -1024 -16 ) (160 -1024 -16 ) (160 -736 -16 ) 
4 39 41 (160 -736 -16 ) (160 -1024 -16 ) (160 -1024 0 ) (160 -736 0 ) 
4 40 128 (0 -704 0 ) (0 -320 0 ) (0 -320 -16 ) (0 -704 -16 ) 
6 40 44 (160 -448 -16 ) (160 -576 -16 ) (96 -576 -16 ) (64 -544 -16 ) (64 -480 -16 ) (96 -448 -16 ) 
4 41 129 (0 -1024 -16 ) (0 -1024 0 ) (0 -736 0 ) (0 -736 -16 ) 
4 41 85 (0 -1024 0 ) (0 -1024 -16 ) (160 -1024 -16 ) (160 -1024 0 ) 
4 41 47 (0 -1024 -16 ) (0 -736 -16 ) (64 -736 -16 ) (64 -1024 -16 ) 
4 41 45 (64 -736 -16 ) (160 -736 -16 ) (160 -1024 -16 ) (64 -1024 -16 ) 
4 42 64 (192 -1024 -384 ) (608 -1024 -384 ) (608 -1024 -64 ) (192 -1024 -64 ) 
4 42 62 (608 -1024 -64 ) (608 -1024 -48 ) (192 -1024 -48 ) (192 -1024 -64 ) 
4 42 58 (608 -1024 -48 ) (608 -1024 -16 ) (192 -1024 -16 ) (192 -1024 -48 ) 
4 42 45 (192 -736 -384 ) (192 -1024 -384 ) (192 -1024 -16 ) (192 -736 -16 ) 
4 42 44 (192 -448 -384 ) (192 -576 -384 ) (192 -576 -16 ) (192 -448 -16 ) 
4 42 43 (192 0 -384 ) (192 -288 -384 ) (192 -288 -16 ) (192 0 -16 ) 
4 43 46 (64 0 -384 ) (64 -288 -384 ) (64 -288 -16 ) (64 0 -16 ) 
4 45 85 (64 -1024 -384 ) (160 -1024 -384 ) (160 -1024 -16 ) (64 -1024 -16 ) 
4 45 82 (160 -1024 -384 ) (192 -1024 -384 ) (192 -1024 -16 ) (160 -1024 -16 ) 
4 45 47 (64 -736 -384 ) (64 -1024 -384 ) (64 -1024 -16 ) (64 -736 -16 ) 
4 46 131 (0 -288 -16 ) (0 0 -16 ) (0 0 -384 ) (0 -288 -384 ) 
4 47 132 (0 -1024 -384 ) (0 -1024 -16 ) (0 -736 -16 ) (0 -736 -384 ) 
4 47 85 (0 -1024 -16 ) (0 -1024 -384 ) (64 -1024 -384 ) (64 -1024 -16 ) 
4 48 87 (1216 -2048 1280 ) (1184 -2048 1280 ) (1184 -2048 -64 ) (1216 -2048 -64 ) 
4 48 54 (1184 -1024 -64 ) (1216 -1024 -64 ) (1216 -2048 -64 ) (1184 -2048 -64 ) 
4 48 49 (1184 -1376 -48 ) (1184 -1376 1280 ) (1184 -1024 1280 ) (1184 -1024 -48 ) 
4 48 50 (1184 -1376 -64 ) (1184 -2048 -64 ) (1184 -2048 1280 ) (1184 -1376 1280 ) 
4 49 52 (1152 -1376 -48 ) (1152 -1376 1280 ) (1152 -1344 1280 ) (1152 -1344 -48 ) 
4 49 51 (1152 -1344 1280 ) (1152 -1024 1280 ) (1152 -1024 -48 ) (1152 -1344 -48 ) 
4 49 50 (1152 -1376 1280 ) (1152 -1376 -48 ) (1184 -1376 -48 ) (1184 -1376 1280 ) 
4 50 88 (1184 -2048 1280 ) (1152 -2048 1280 ) (1152 -2048 -64 ) (1184 -2048 -64 ) 
4 50 57 (1184 -1376 -64 ) (1184 -2048 -64 ) (1152 -2048 -64 ) (1152 -1376 -64 ) 
4 50 53 (1152 -1376 -64 ) (1152 -2048 -64 ) (1152 -2048 1280 ) (1152 -1376 1280 ) 
4 51 59 (1024 -1024 -48 ) (1024 -1024 -64 ) (1024 -1344 -64 ) (1024 -1344 -48 ) 
4 51 58 (1024 -1024 1280 ) (1024 -1024 -48 ) (1024 -1344 -48 ) (1024 -1344 1280 ) 
4 51 52 (1152 -1344 -48 ) (1152 -1344 1280 ) (1024 -1344 1280 ) (1024 -1344 -48 ) 
4 52 58 (1024 -1376 -48 ) (1024 -1376 1280 ) (1024 -1344 1280 ) (1024 -1344 -48 ) 
4 52 53 (1152 -1376 -48 ) (1152 -1376 1280 ) (1024 -1376 1280 ) (1024 -1376 -48 ) 
4 53 88 (1152 -2048 1280 ) (1024 -2048 1280 ) (1024 -2048 -64 ) (1152 -2048 -64 ) 
4 53 60 (1024 -1376 -64 ) (1024 -2048 -64 ) (1024 -2048 -48 ) (1024 -1376 -48 ) 
4 53 58 (1024 -2048 -48 ) (1024 -2048 1280 ) (1024 -1376 1280 ) (1024 -1376 -48 ) 
4 53 57 (1152 -1376 -64 ) (1152 -2048 -64 ) (1024 -2048 -64 ) (1024 -1376 -64 ) 
4 54 87 (1216 -2048 -448 ) (1216 -2048 -64 ) (1184 -2048 -64 ) (1184 -2048 -448 ) 
4 54 57 (1184 -2048 -384 ) (1184 -2048 -64 ) (1184 -1376 -64 ) (1184 -1376 -384 ) 
4 54 55 (1184 -1088 -256 ) (1184 -1088 -384 ) (1184 -1216 -384 ) (1184 -1216 -256 ) 
4 55 56 (1152 -1088 -384 ) (1152 -1216 -384 ) (1152 -1216 -256 ) (1152 -1088 -256 ) 
4 56 63 (1024 -1024 -96 ) (1024 -1024 -384 ) (1024 -1312 -384 ) (1024 -1312 -96 ) 
4 57 88 (1184 -2048 -384 ) (1184 -2048 -64 ) (1024 -2048 -64 ) (1024 -2048 -384 ) 
4 57 65 (1024 -1376 -384 ) (1024 -2048 -384 ) (1024 -2048 -64 ) (1024 -1376 -64 ) 
4 58 90 (1024 -2048 -48 ) (1024 -2048 1280 ) (192 -2048 1280 ) (192 -2048 -48 ) 
4 58 82 (192 -1056 0 ) (192 -1024 0 ) (192 -1024 -48 ) (192 -1056 -48 ) 
6 58 70 (192 -1120 192 ) (192 -1120 0 ) (192 -1280 0 ) (192 -1280 192 ) (192 -1216 256 ) (192 -1184 256 ) 
4 58 69 (192 -1056 416 ) (192 -1024 416 ) (192 -1024 0 ) (192 -1056 0 ) 
4 58 68 (192 -1056 448 ) (192 -1024 448 ) (192 -1024 416 ) (192 -1056 416 ) 
4 58 67 (192 -2048 448 ) (192 -2048 1280 ) (192 -1024 1280 ) (192 -1024 448 ) 
4 58 61 (640 -2048 -48 ) (608 -2048 -48 ) (608 -1376 -48 ) (640 -1376 -48 ) 
4 58 62 (608 -2048 -48 ) (192 -2048 -48 ) (192 -1024 -48 ) (608 -1024 -48 ) 
4 58 59 (640 -1344 -48 ) (640 -1024 -48 ) (1024 -1024 -48 ) (1024 -1344 -48 ) 
4 58 60 (1024 -2048 -48 ) (640 -2048 -48 ) (640 -1376 -48 ) (1024 -1376 -48 ) 
4 60 90 (1024 -2048 -64 ) (1024 -2048 -48 ) (640 -2048 -48 ) (640 -2048 -64 ) 
4 60 65 (1024 -1376 -64 ) (1024 -2048 -64 ) (640 -2048 -64 ) (640 -1376 -64 ) 
4 60 61 (640 -1376 -64 ) (640 -2048 -64 ) (640 -2048 -48 ) (640 -1376 -48 ) 
4 61 90 (640 -2048 -48 ) (608 -2048 -48 ) (608 -2048 -64 ) (640 -2048 -64 ) 
4 61 65 (640 -1376 -64 ) (640 -2048 -64 ) (608 -2048 -64 ) (608 -1376 -64 ) 
4 61 62 (608 -1376 -64 ) (608 -2048 -64 ) (608 -2048 -48 ) (608 -1376 -48 ) 
4 62 90 (608 -2048 -48 ) (192 -2048 -48 ) (192 -2048 -64 ) (608 -2048 -64 ) 
4 62 82 (192 -1056 -48 ) (192 -1024 -48 ) (192 -1024 -64 ) (192 -1056 -64 ) 
4 62 66 (192 -2048 -64 ) (192 -1312 -64 ) (608 -1312 -64 ) (608 -2048 -64 ) 
4 62 64 (192 -1312 -64 ) (192 -1024 -64 ) (608 -1024 -64 ) (608 -1312 -64 ) 
4 64 82 (192 -1056 -64 ) (192 -1024 -64 ) (192 -1024 -384 ) (192 -1056 -384 ) 
4 64 66 (192 -1312 -384 ) (608 -1312 -384 ) (608 -1312 -64 ) (192 -1312 -64 ) 
4 65 90 (1024 -2048 -384 ) (1024 -2048 -64 ) (608 -2048 -64 ) (608 -2048 -384 ) 
4 65 66 (608 -1376 -384 ) (608 -2048 -384 ) (608 -2048 -64 ) (608 -1376 -64 ) 
4 66 90 (608 -2048 -64 ) (192 -2048 -64 ) (192 -2048 -384 ) (608 -2048 -384 ) 
4 66 83 (192 -1376 -160 ) (192 -1376 -384 ) (192 -1856 -384 ) (192 -1856 -160 ) 
4 67 91 (192 -2048 448 ) (192 -2048 1280 ) (160 -2048 1280 ) (160 -2048 448 ) 
4 67 71 (160 -2048 448 ) (160 -2048 1280 ) (160 -1024 1280 ) (160 -1024 448 ) 
4 67 68 (160 -1056 448 ) (160 -1024 448 ) (192 -1024 448 ) (192 -1056 448 ) 
4 68 72 (160 -1056 448 ) (160 -1024 448 ) (160 -1024 416 ) (160 -1056 416 ) 
4 68 69 (160 -1056 416 ) (160 -1024 416 ) (192 -1024 416 ) (192 -1056 416 ) 
4 69 82 (160 -1024 0 ) (192 -1024 0 ) (192 -1056 0 ) (160 -1056 0 ) 
4 69 74 (160 -1024 0 ) (160 -1056 0 ) (160 -1056 416 ) (160 -1024 416 ) 
6 70 75 (160 -1120 0 ) (160 -1280 0 ) (160 -1280 192 ) (160 -1216 256 ) (160 -1184 256 ) (160 -1120 192 ) 
4 71 164 (0 -2048 448 ) (0 -2048 1280 ) (0 -1088 1280 ) (0 -1088 448 ) 
4 71 163 (0 -1088 1280 ) (0 -1056 1280 ) (0 -1056 448 ) (0 -1088 448 ) 
4 71 162 (0 -1056 1280 ) (0 -1024 1280 ) (0 -1024 448 ) (0 -1056 448 ) 
4 71 95 (0 -2048 1280 ) (0 -2048 448 ) (160 -2048 448 ) (160 -2048 1280 ) 
4 71 72 (0 -1056 448 ) (0 -1024 448 ) (160 -1024 448 ) (160 -1056 448 ) 
4 71 73 (0 -2048 448 ) (0 -1088 448 ) (160 -1088 448 ) (160 -2048 448 ) 
4 72 162 (0 -1056 448 ) (0 -1024 448 ) (0 -1024 416 ) (0 -1056 416 ) 
4 72 74 (0 -1024 416 ) (160 -1024 416 ) (160 -1056 416 ) (0 -1056 416 ) 
4 73 164 (0 -2048 416 ) (0 -2048 448 ) (0 -1088 448 ) (0 -1088 416 ) 
4 73 95 (0 -2048 448 ) (0 -2048 416 ) (160 -2048 416 ) (160 -2048 448 ) 
4 74 165 (0 -1024 320 ) (0 -1024 0 ) (0 -1056 0 ) (0 -1056 320 ) 
4 74 162 (0 -1056 416 ) (0 -1024 416 ) (0 -1024 320 ) (0 -1056 320 ) 
4 74 85 (0 -1024 0 ) (160 -1024 0 ) (160 -1056 0 ) (0 -1056 0 ) 
4 75 79 (128 -1088 112 ) (128 -1088 0 ) (128 -1648 0 ) (128 -1648 112 ) 
4 75 77 (128 -1648 320 ) (128 -1088 320 ) (128 -1088 112 ) (128 -1648 112 ) 
4 76 96 (128 -2048 0 ) (160 -2048 0 ) (160 -2048 320 ) (128 -2048 320 ) 
4 76 81 (128 -1680 112 ) (128 -1680 0 ) (128 -2048 0 ) (128 -2048 112 ) 
4 76 78 (128 -2048 320 ) (128 -1680 320 ) (128 -1680 112 ) (128 -2048 112 ) 
4 77 168 (0 -1648 320 ) (0 -1616 320 ) (0 -1616 112 ) (0 -1648 112 ) 
4 77 167 (0 -1616 320 ) (0 -1088 320 ) (0 -1088 112 ) (0 -1616 112 ) 
4 77 79 (0 -1088 112 ) (128 -1088 112 ) (128 -1648 112 ) (0 -1648 112 ) 
4 78 191 (0 -2048 112 ) (0 -2048 320 ) (0 -1920 320 ) (0 -1920 112 ) 
4 78 184 (0 -1698.363525 320 ) (0 -1680 320 ) (0 -1680 112 ) (0 -1698.363525 112 ) 
4 78 183 (0 -1713.785889 320 ) (0 -1698.363525 320 ) (0 -1698.363525 112 ) (0 -1713.785889 112 ) 
4 78 182 (0 -1735 320 ) (0 -1713.785889 320 ) (0 -1713.785889 112 ) (0 -1735 112 ) 
4 78 181 (0 -1760.500000 320 ) (0 -1735 320 ) (0 -1735 112 ) (0 -1760.500000 112 ) 
4 78 177 (0 -1920 320 ) (0 -1760.500000 320 ) (0 -1760.500000 112 ) (0 -1920 112 ) 
4 78 96 (0 -2048 320 ) (0 -2048 112 ) (128 -2048 112 ) (128 -2048 320 ) 
4 78 81 (128 -1680 112 ) (128 -2048 112 ) (0 -2048 112 ) (0 -1680 112 ) 
4 79 169 (0 -1664 112 ) (0 -1648 112 ) (0 -1648 0 ) (0 -1664 0 ) 
4 79 168 (0 -1648 112 ) (0 -1616 112 ) (0 -1616 0 ) (0 -1648 0 ) 
4 79 167 (0 -1616 112 ) (0 -1088 112 ) (0 -1088 0 ) (0 -1616 0 ) 
4 79 80 (0 -1664 0 ) (128 -1664 0 ) (128 -1664 16 ) (0 -1664 16 ) 
4 80 185 (0 -1664 16 ) (0 -1664 0 ) (0 -1674 0 ) (0 -1674 16 ) 
4 80 184 (0 -1674 0 ) (0 -1680 0 ) (0 -1680 16 ) (0 -1674 16 ) 
4 80 81 (0 -1680 0 ) (128 -1680 0 ) (128 -1680 16 ) (0 -1680 16 ) 
4 81 191 (0 -2048 0 ) (0 -2048 112 ) (0 -1920 112 ) (0 -1920 0 ) 
4 81 184 (0 -1698.363525 112 ) (0 -1680 112 ) (0 -1680 0 ) (0 -1698.363525 0 ) 
4 81 183 (0 -1713.785889 112 ) (0 -1698.363525 112 ) (0 -1698.363525 0 ) (0 -1713.785889 0 ) 
4 81 182 (0 -1735 112 ) (0 -1713.785889 112 ) (0 -1713.785889 0 ) (0 -1735 0 ) 
4 81 181 (0 -1760.500000 112 ) (0 -1735 112 ) (0 -1735 0 ) (0 -1760.500000 0 ) 
4 81 177 (0 -1920 112 ) (0 -1760.500000 112 ) (0 -1760.500000 0 ) (0 -1920 0 ) 
4 81 96 (0 -2048 112 ) (0 -2048 0 ) (128 -2048 0 ) (128 -2048 112 ) 
4 82 85 (160 -1024 -384 ) (160 -1056 -384 ) (160 -1056 0 ) (160 -1024 0 ) 
4 83 84 (180 -1856 -384 ) (180 -1856 -224 ) (180 -1376 -224 ) (180 -1376 -384 ) 
4 84 86 (160 -1376 -384 ) (160 -1856 -384 ) (160 -1856 -224 ) (160 -1376 -224 ) 
4 85 205 (0 -1056 0 ) (0 -1024 0 ) (0 -1024 -384 ) (0 -1056 -384 ) 
4 86 208 (0 -2048 -384 ) (0 -2048 -32 ) (0 -1088 -32 ) (0 -1088 -384 ) 
4 86 100 (0 -2048 -352 ) (0 -2048 -384 ) (156.781372 -2048 -384 ) (156.781372 -2048 -352 ) 
4 86 98 (156.781372 -2048 -384 ) (160 -2048 -384 ) (160 -2048 -352 ) (156.781372 -2048 -352 ) 
4 86 97 (0 -2048 -32 ) (0 -2048 -352 ) (160 -2048 -352 ) (160 -2048 -32 ) 
4 87 88 (1184 -2496 -384 ) (1184 -2496 1280 ) (1184 -2048 1280 ) (1184 -2048 -384 ) 
4 87 89 (1184 -2496 -448 ) (1184 -2688 -448 ) (1184 -2688 1280 ) (1184 -2496 1280 ) 
4 88 90 (1024 -2048 1280 ) (1024 -2048 -384 ) (1024 -2496 -384 ) (1024 -2496 1280 ) 
4 88 89 (1184 -2496 -384 ) (1184 -2496 1280 ) (1024 -2496 1280 ) (1024 -2496 -384 ) 
4 89 105 (1024 -2496 -448 ) (1024 -2688 -448 ) (1024 -2688 -384 ) (1024 -2496 -384 ) 
4 89 90 (1024 -2688 -384 ) (1024 -2688 1280 ) (1024 -2496 1280 ) (1024 -2496 -384 ) 
4 90 105 (1024 -2496 -384 ) (1024 -2688 -384 ) (192 -2688 -384 ) (192 -2496 -384 ) 
4 90 94 (192 -2496 -384 ) (192 -2688 -384 ) (192 -2688 1280 ) (192 -2496 1280 ) 
4 90 92 (192 -2112 -384 ) (192 -2304 -384 ) (192 -2304 -160 ) (192 -2112 -160 ) 
4 90 91 (192 -2496 448 ) (192 -2496 1280 ) (192 -2048 1280 ) (192 -2048 448 ) 
4 91 102 (160 -2464 448 ) (160 -2496 448 ) (160 -2496 1280 ) (160 -2464 1280 ) 
4 91 95 (160 -2048 1280 ) (160 -2048 448 ) (160 -2464 448 ) (160 -2464 1280 ) 
4 91 94 (160 -2496 1280 ) (160 -2496 448 ) (192 -2496 448 ) (192 -2496 1280 ) 
4 92 93 (180 -2304 -384 ) (180 -2304 -352 ) (180 -2112 -352 ) (180 -2112 -384 ) 
4 93 98 (160 -2112 -384 ) (160 -2304 -384 ) (160 -2304 -352 ) (160 -2112 -352 ) 
4 94 105 (160 -2688 -384 ) (160 -2496 -384 ) (192 -2496 -384 ) (192 -2688 -384 ) 
4 94 103 (160 -2496 -384 ) (160 -2688 -384 ) (160 -2688 1280 ) (160 -2496 1280 ) 
4 95 252 (0 -2048 448 ) (0 -2048 416 ) (0 -2464 416 ) (0 -2464 448 ) 
4 95 251 (0 -2048 1280 ) (0 -2048 448 ) (0 -2464 448 ) (0 -2464 1280 ) 
4 95 102 (0 -2464 1280 ) (0 -2464 448 ) (160 -2464 448 ) (160 -2464 1280 ) 
4 96 253 (0 -2048 320 ) (0 -2048 0 ) (0 -2464 0 ) (0 -2464 320 ) 
4 97 254 (0 -2048 -32 ) (0 -2048 -352 ) (0 -2464 -352 ) (0 -2464 -32 ) 
3 97 101 (17.137243 -2158.860352 -352 ) (97.138077 -2191.995605 -352 ) (64 -2272 -352 ) 
4 97 100 (0 -2151.762207 -352 ) (0 -2048 -352 ) (156.781372 -2048 -352 ) (97.138077 -2191.995605 -352 ) 
3 97 99 (0 -2426.513916 -352 ) (0 -2392.237793 -352 ) (17.137253 -2385.139893 -352 ) 
5 97 98 (160 -2464 -352 ) (0 -2464 -352 ) (0 -2426.513916 -352 ) (156.781372 -2048 -352 ) (160 -2048 -352 ) 
4 98 258 (0 -2426.513916 -384 ) (0 -2464 -384 ) (0 -2464 -352 ) (0 -2426.513916 -352 ) 
4 98 101 (64 -2272 -352 ) (97.137619 -2191.995361 -352 ) (97.137619 -2191.995361 -384 ) (64 -2272 -384 ) 
4 98 100 (97.137619 -2191.995361 -352 ) (156.780838 -2048 -352 ) (156.780838 -2048 -384 ) (97.137619 -2191.995361 -384 ) 
4 98 99 (0 -2426.512695 -352 ) (17.136591 -2385.140137 -352 ) (17.136581 -2385.140137 -384 ) (0 -2426.512695 -384 ) 
4 99 258 (0 -2392.237793 -384 ) (0 -2426.513916 -384 ) (0 -2426.513916 -352 ) (0 -2392.237793 -352 ) 
4 100 261 (0 -2048 -352 ) (0 -2048 -384 ) (0 -2151.762207 -384 ) (0 -2151.762207 -352 ) 
4 100 101 (17.135212 -2158.855469 -384 ) (97.137627 -2191.993164 -384 ) (97.137627 -2191.993164 -352 ) (17.136131 -2158.857666 -352 ) 
4 102 264 (0 -2464 1280 ) (0 -2464 448 ) (0 -2496 448 ) (0 -2496 1280 ) 
4 102 103 (160 -2496 448 ) (160 -2496 1280 ) (0 -2496 1280 ) (0 -2496 448 ) 
4 103 268 (0 -2496 416 ) (0 -2496 -384 ) (0 -2688 -384 ) (0 -2688 416 ) 
4 103 266 (0 -2688 1280 ) (0 -2496 1280 ) (0 -2496 416 ) (0 -2688 416 ) 
4 103 105 (0 -2688 -384 ) (0 -2496 -384 ) (160 -2496 -384 ) (160 -2688 -384 ) 
4 104 267 (0 -2496 -384 ) (0 -2464 -384 ) (0 -2464 -448 ) (0 -2496 -448 ) 
4 104 105 (0 -2496 -448 ) (192 -2496 -448 ) (192 -2496 -384 ) (0 -2496 -384 ) 
4 105 268 (0 -2688 -384 ) (0 -2496 -384 ) (0 -2496 -448 ) (0 -2688 -448 ) 
4 106 125 (-1024 800 -160 ) (-1024 704 -160 ) (-1024 704 1280 ) (-1024 800 1280 ) 
4 106 124 (-1024 832 -160 ) (-1024 800 -160 ) (-1024 800 1280 ) (-1024 832 1280 ) 
4 106 120 (-1024 704 -160 ) (-1024 736 -160 ) (-864 736 -160 ) (-864 704 -160 ) 
4 106 119 (-640 736 -160 ) (-64 736 -160 ) (-64 704 -160 ) (-640 704 -160 ) 
4 106 118 (-1024 736 -160 ) (-1024 832 -160 ) (0 832 -160 ) (0 736 -160 ) 
4 106 113 (-672 704 -128 ) (-672 704 -96 ) (-832 704 -96 ) (-832 704 -128 ) 
4 106 111 (-672 704 -96 ) (-672 704 1280 ) (-832 704 1280 ) (-832 704 -96 ) 
4 106 110 (-672 704 -160 ) (-32 704 -160 ) (-32 704 1280 ) (-672 704 1280 ) 
4 106 116 (-1024 704 -160 ) (-832 704 -160 ) (-832 704 1280 ) (-1024 704 1280 ) 
4 106 108 (0 704 -128 ) (0 704 128 ) (-32 704 128 ) (-32 704 -128 ) 
4 106 107 (0 704 128 ) (0 704 1280 ) (-32 704 1280 ) (-32 704 128 ) 
4 107 110 (-32 704 1280 ) (-32 704 128 ) (-32 448 -128 ) (-32 448 1280 ) 
4 107 109 (-32 448 -128 ) (-32 576 0 ) (0 576 0 ) (0 480 -96 ) 
4 107 108 (-32 576 0 ) (-32 704 128 ) (0 704 128 ) (0 576 0 ) 
4 107 117 (0 448 -128 ) (0 448 1280 ) (-32 448 1280 ) (-32 448 -128 ) 
3 108 110 (-32 704 128 ) (-32 704 -128 ) (-32 576 0 ) 
4 108 109 (0 576.003906 -0.003906 ) (-32 576.003906 -0.003906 ) (-32 704 -128 ) (0 672 -96 ) 
3 109 110 (-32 704 -128 ) (-32 448 -128 ) (-32 576 0 ) 
4 110 119 (-640 704 -160 ) (-64 704 -160 ) (-64 448 -160 ) (-640 448 -160 ) 
4 110 115 (-672 704 -128 ) (-672 448 -128 ) (-672 480 -96 ) (-672 672 -96 ) 
3 110 113 (-672 704 -96 ) (-672 704 -128 ) (-672 672 -96 ) 
3 110 112 (-672 448 -128 ) (-672 448 -96 ) (-672 480 -96 ) 
4 110 111 (-672 704 1280 ) (-672 704 -96 ) (-672 448 -96 ) (-672 448 1280 ) 
4 110 117 (-672 448 -160 ) (-32 448 -160 ) (-32 448 1280 ) (-672 448 1280 ) 
4 111 115 (-704 672 -96 ) (-672 672 -96 ) (-672 480 -96 ) (-704 480 -96 ) 
4 111 114 (-832 480 -96 ) (-832 672 -96 ) (-800 672 -96 ) (-800 480 -96 ) 
4 111 113 (-832 672 -96 ) (-832 704 -96 ) (-672 704 -96 ) (-672 672 -96 ) 
4 111 112 (-832 448 -96 ) (-832 480 -96 ) (-672 480 -96 ) (-672 448 -96 ) 
4 111 117 (-672 448 -96 ) (-672 448 1280 ) (-832 448 1280 ) (-832 448 -96 ) 
4 111 116 (-832 704 1280 ) (-832 704 -96 ) (-832 448 -96 ) (-832 448 1280 ) 
3 112 115 (-704 480 -96 ) (-672 480 -96 ) (-672 448 -128 ) 
3 112 114 (-832 448 -128 ) (-832 480 -96 ) (-800 480 -96 ) 
3 112 116 (-832 448 -128 ) (-832 448 -96 ) (-832 480 -96 ) 
4 112 117 (-672 448 -128 ) (-672 448 -96 ) (-832 448 -96 ) (-832 448 -128 ) 
3 113 115 (-672 704 -128 ) (-672 672 -96 ) (-704 672 -96 ) 
3 113 114 (-800 672 -96 ) (-832 672 -96 ) (-832 704 -128 ) 
3 113 116 (-832 704 -96 ) (-832 704 -128 ) (-832 672 -96 ) 
4 114 116 (-832 704 -128 ) (-832 448 -128 ) (-832 480 -96 ) (-832 672 -96 ) 
4 116 125 (-1024 704 -160 ) (-1024 448 -160 ) (-1024 448 1280 ) (-1024 704 1280 ) 
4 116 120 (-1024 448 -160 ) (-1024 704 -160 ) (-864 704 -160 ) (-864 448 -160 ) 
4 116 117 (-1024 448 -160 ) (-832 448 -160 ) (-832 448 1280 ) (-1024 448 1280 ) 
4 117 133 (-704 0 1280 ) (-832 0 1280 ) (-832 0 -160 ) (-704 0 -160 ) 
4 117 137 (-832 0 1280 ) (-1024 0 1280 ) (-1024 0 -160 ) (-832 0 -160 ) 
4 117 131 (0 0 -160 ) (0 0 -16 ) (-704 0 -16 ) (-704 0 -160 ) 
4 117 127 (0 0 -16 ) (0 0 0 ) (-704 0 0 ) (-704 0 -16 ) 
4 117 126 (0 0 0 ) (0 0 1280 ) (-704 0 1280 ) (-704 0 0 ) 
4 117 125 (-1024 448 -160 ) (-1024 0 -160 ) (-1024 0 1280 ) (-1024 448 1280 ) 
4 117 120 (-1024 416 -160 ) (-1024 448 -160 ) (-864 448 -160 ) (-864 416 -160 ) 
4 117 119 (-640 448 -160 ) (-64 448 -160 ) (-64 416 -160 ) (-640 416 -160 ) 
4 117 121 (0 0 -160 ) (-1024 0 -160 ) (-1024 416 -160 ) (0 416 -160 ) 
4 118 125 (-1024 800 -224 ) (-1024 736 -224 ) (-1024 736 -160 ) (-1024 800 -160 ) 
4 118 124 (-1024 832 -224 ) (-1024 800 -224 ) (-1024 800 -160 ) (-1024 832 -160 ) 
4 118 122 (-1024 800 -224 ) (-1024 832 -224 ) (0 832 -224 ) (0 800 -224 ) 
4 118 120 (-1024 736 -224 ) (-864 736 -224 ) (-864 736 -160 ) (-1024 736 -160 ) 
4 118 119 (-640 736 -224 ) (-64 736 -224 ) (-64 736 -160 ) (-640 736 -160 ) 
4 119 121 (-640 416 -224 ) (-64 416 -224 ) (-64 416 -160 ) (-640 416 -160 ) 
4 120 125 (-1024 736 -224 ) (-1024 416 -224 ) (-1024 416 -160 ) (-1024 736 -160 ) 
4 120 121 (-1024 416 -224 ) (-864 416 -224 ) (-864 416 -160 ) (-1024 416 -160 ) 
4 121 133 (-704 0 -160 ) (-832 0 -160 ) (-832 0 -224 ) (-704 0 -224 ) 
4 121 137 (-832 0 -160 ) (-1024 0 -160 ) (-1024 0 -224 ) (-832 0 -224 ) 
4 121 131 (0 0 -224 ) (0 0 -160 ) (-704 0 -160 ) (-704 0 -224 ) 
4 121 125 (-1024 416 -224 ) (-1024 0 -224 ) (-1024 0 -160 ) (-1024 416 -160 ) 
4 121 123 (0 0 -224 ) (-1024 0 -224 ) (-1024 352 -224 ) (0 352 -224 ) 
4 122 124 (-1024 832 -448 ) (-1024 800 -448 ) (-1024 800 -224 ) (-1024 832 -224 ) 
4 123 138 (-832 0 -384 ) (-704 0 -384 ) (-704 0 -320 ) (-832 0 -320 ) 
4 123 140 (-1024 0 -320 ) (-1024 0 -384 ) (-832 0 -384 ) (-832 0 -320 ) 
4 123 133 (-704 0 -224 ) (-832 0 -224 ) (-832 0 -320 ) (-704 0 -320 ) 
4 123 137 (-832 0 -224 ) (-1024 0 -224 ) (-1024 0 -320 ) (-832 0 -320 ) 
4 123 131 (0 0 -384 ) (0 0 -224 ) (-704 0 -224 ) (-704 0 -384 ) 
4 123 125 (-1024 0 -384 ) (-1024 0 -224 ) (-1024 352 -224 ) (-1024 352 -384 ) 
4 124 154 (-2048 800 1280 ) (-2048 832 1280 ) (-2048 832 -448 ) (-2048 800 -448 ) 
4 124 125 (-1024 800 -384 ) (-1024 800 1280 ) (-2048 800 1280 ) (-2048 800 -384 ) 
4 125 155 (-2048 0 -384 ) (-2048 0 1280 ) (-2048 800 1280 ) (-2048 800 -384 ) 
4 125 145 (-1056 0 -384 ) (-1024 0 -384 ) (-1024 0 -320 ) (-1056 0 -320 ) 
4 125 146 (-2048 0 -320 ) (-2048 0 -384 ) (-1056 0 -384 ) (-1056 0 -320 ) 
4 125 141 (-1056 0 -320 ) (-1024 0 -320 ) (-1024 0 1280 ) (-1056 0 1280 ) 
4 125 144 (-2048 0 1280 ) (-2048 0 -320 ) (-1056 0 -320 ) (-1056 0 1280 ) 
4 126 202 (-704 -1024 416 ) (-704 -1024 0 ) (-672 -1024 0 ) (-672 -1024 416 ) 
4 126 201 (-704 -1024 448 ) (-704 -1024 416 ) (-672 -1024 416 ) (-672 -1024 448 ) 
4 126 200 (-672 -1024 1280 ) (-704 -1024 1280 ) (-704 -1024 448 ) (-672 -1024 448 ) 
4 126 165 (0 -1024 0 ) (0 -1024 320 ) (-672 -1024 320 ) (-672 -1024 0 ) 
4 126 162 (0 -1024 320 ) (0 -1024 1280 ) (-672 -1024 1280 ) (-672 -1024 320 ) 
4 126 134 (-704 -288 0 ) (-704 -320 0 ) (-704 -320 1280 ) (-704 -288 1280 ) 
4 126 133 (-704 0 1280 ) (-704 0 0 ) (-704 -288 0 ) (-704 -288 1280 ) 
4 126 136 (-704 -320 0 ) (-704 -1024 0 ) (-704 -1024 1280 ) (-704 -320 1280 ) 
4 126 129 (0 -1024 0 ) (-176 -1024 0 ) (-176 -736 0 ) (0 -736 0 ) 
4 126 130 (-336 -1024 0 ) (-704 -1024 0 ) (-704 -736 0 ) (-336 -736 0 ) 
4 126 128 (-672 -320 0 ) (0 -320 0 ) (0 -704 0 ) (-672 -704 0 ) 
4 126 127 (-704 -288 0 ) (-704 0 0 ) (0 0 0 ) (0 -288 0 ) 
4 127 133 (-704 0 0 ) (-704 0 -16 ) (-704 -288 -16 ) (-704 -288 0 ) 
4 127 131 (-704 -288 -16 ) (-704 0 -16 ) (0 0 -16 ) (0 -288 -16 ) 
4 129 205 (0 -1024 -16 ) (0 -1024 0 ) (-176 -1024 0 ) (-176 -1024 -16 ) 
4 129 132 (-176 -736 -16 ) (0 -736 -16 ) (0 -1024 -16 ) (-176 -1024 -16 ) 
4 130 207 (-336 -1024 0 ) (-704 -1024 0 ) (-704 -1024 -16 ) (-336 -1024 -16 ) 
4 130 136 (-704 -736 -16 ) (-704 -1024 -16 ) (-704 -1024 0 ) (-704 -736 0 ) 
4 130 132 (-704 -1024 -16 ) (-704 -736 -16 ) (-336 -736 -16 ) (-336 -1024 -16 ) 
4 131 138 (-704 0 -320 ) (-704 0 -384 ) (-704 -288 -384 ) (-704 -288 -320 ) 
4 131 133 (-704 0 -16 ) (-704 0 -320 ) (-704 -288 -320 ) (-704 -288 -16 ) 
4 132 206 (-176 -1024 -16 ) (-336 -1024 -16 ) (-336 -1024 -384 ) (-176 -1024 -384 ) 
4 132 205 (0 -1024 -384 ) (0 -1024 -16 ) (-176 -1024 -16 ) (-176 -1024 -384 ) 
4 132 207 (-336 -1024 -16 ) (-704 -1024 -16 ) (-704 -1024 -384 ) (-336 -1024 -384 ) 
4 132 139 (-704 -736 -384 ) (-704 -1024 -384 ) (-704 -1024 -320 ) (-704 -736 -320 ) 
4 132 136 (-704 -1024 -320 ) (-704 -1024 -16 ) (-704 -736 -16 ) (-704 -736 -320 ) 
4 133 138 (-832 0 -320 ) (-704 0 -320 ) (-704 -288 -320 ) (-832 -288 -320 ) 
4 133 135 (-832 -288 0 ) (-832 -288 -320 ) (-704 -288 -320 ) (-704 -288 0 ) 
4 133 134 (-832 -288 1280 ) (-832 -288 0 ) (-704 -288 0 ) (-704 -288 1280 ) 
4 133 137 (-832 0 -320 ) (-832 -288 -320 ) (-832 -288 1280 ) (-832 0 1280 ) 
4 134 137 (-832 -320 0 ) (-832 -320 1280 ) (-832 -288 1280 ) (-832 -288 0 ) 
4 134 136 (-832 -320 1280 ) (-832 -320 0 ) (-704 -320 0 ) (-704 -320 1280 ) 
4 134 135 (-704 -320 0 ) (-832 -320 0 ) (-832 -288 0 ) (-704 -288 0 ) 
4 135 137 (-832 -288 -320 ) (-832 -320 -320 ) (-832 -320 0 ) (-832 -288 0 ) 
4 135 136 (-832 -320 0 ) (-832 -320 -320 ) (-704 -320 -320 ) (-704 -320 0 ) 
4 136 217 (-832 -1024 -320 ) (-704 -1024 -320 ) (-704 -1024 -160 ) (-832 -1024 -160 ) 
4 136 215 (-704 -1024 -160 ) (-704 -1024 -96 ) (-832 -1024 -96 ) (-832 -1024 -160 ) 
4 136 209 (-704 -1024 -96 ) (-704 -1024 0 ) (-832 -1024 0 ) (-832 -1024 -96 ) 
4 136 204 (-704 -1024 0 ) (-704 -1024 1280 ) (-832 -1024 1280 ) (-832 -1024 0 ) 
4 136 139 (-704 -320 -320 ) (-704 -1024 -320 ) (-832 -1024 -320 ) (-832 -320 -320 ) 
4 136 137 (-832 -320 -320 ) (-832 -1024 -320 ) (-832 -1024 1280 ) (-832 -320 1280 ) 
4 137 217 (-1024 -1024 -160 ) (-1024 -1024 -320 ) (-832 -1024 -320 ) (-832 -1024 -160 ) 
4 137 216 (-1024 -1024 -96 ) (-1024 -1024 -160 ) (-960 -1024 -160 ) (-960 -1024 -96 ) 
4 137 215 (-960 -1024 -160 ) (-832 -1024 -160 ) (-832 -1024 -96 ) (-960 -1024 -96 ) 
4 137 209 (-1024 -1024 0 ) (-1024 -1024 -96 ) (-832 -1024 -96 ) (-832 -1024 0 ) 
4 137 204 (-1024 -1024 1280 ) (-1024 -1024 0 ) (-832 -1024 0 ) (-832 -1024 1280 ) 
4 137 147 (-1024 -1024 480 ) (-1024 -1024 1280 ) (-1024 -768 1280 ) (-1024 -768 480 ) 
4 137 143 (-1024 -528 -320 ) (-1024 -768 -320 ) (-1024 -768 0 ) (-1024 -528 0 ) 
4 137 142 (-1024 -768 0 ) (-1024 -768 1280 ) (-1024 -528 1280 ) (-1024 -528 0 ) 
4 137 141 (-1024 0 1280 ) (-1024 0 -320 ) (-1024 -528 -320 ) (-1024 -528 1280 ) 
4 137 140 (-1024 0 -320 ) (-832 0 -320 ) (-832 -1024 -320 ) (-1024 -1024 -320 ) 
4 138 140 (-832 0 -384 ) (-832 -288 -384 ) (-832 -288 -320 ) (-832 0 -320 ) 
4 139 217 (-832 -1024 -384 ) (-704 -1024 -384 ) (-704 -1024 -320 ) (-832 -1024 -320 ) 
4 139 140 (-832 -320 -384 ) (-832 -1024 -384 ) (-832 -1024 -320 ) (-832 -320 -320 ) 
4 140 217 (-1024 -1024 -320 ) (-1024 -1024 -384 ) (-832 -1024 -384 ) (-832 -1024 -320 ) 
4 140 145 (-1024 0 -320 ) (-1024 0 -384 ) (-1024 -528 -384 ) (-1024 -528 -320 ) 
4 141 145 (-1056 -528 -320 ) (-1056 0 -320 ) (-1024 0 -320 ) (-1024 -528 -320 ) 
4 141 143 (-1056 -528 0 ) (-1056 -528 -320 ) (-1024 -528 -320 ) (-1024 -528 0 ) 
4 141 142 (-1056 -528 1280 ) (-1056 -528 0 ) (-1024 -528 0 ) (-1024 -528 1280 ) 
4 141 144 (-1056 0 -320 ) (-1056 -528 -320 ) (-1056 -528 1280 ) (-1056 0 1280 ) 
4 142 147 (-1024 -768 480 ) (-1024 -768 1280 ) (-1056 -768 1280 ) (-1056 -768 480 ) 
4 142 144 (-1056 -768 0 ) (-1056 -768 1280 ) (-1056 -528 1280 ) (-1056 -528 0 ) 
4 142 143 (-1024 -768 0 ) (-1056 -768 0 ) (-1056 -528 0 ) (-1024 -528 0 ) 
4 143 144 (-1056 -528 -320 ) (-1056 -768 -320 ) (-1056 -768 0 ) (-1056 -528 0 ) 
4 144 161 (-2048 -768 -320 ) (-2048 -768 0 ) (-2048 0 0 ) (-2048 0 -320 ) 
4 144 159 (-2048 -768 0 ) (-2048 -768 448 ) (-2048 0 448 ) (-2048 0 0 ) 
4 144 157 (-2048 -768 448 ) (-2048 -768 480 ) (-2048 0 480 ) (-2048 0 448 ) 
4 144 156 (-2048 -768 480 ) (-2048 -768 1280 ) (-2048 0 1280 ) (-2048 0 480 ) 
4 144 151 (-1760 -768 0 ) (-1504 -768 0 ) (-1504 -768 128 ) (-1760 -768 128 ) 
4 144 150 (-1472 -768 0 ) (-1344 -768 0 ) (-1344 -768 128 ) (-1472 -768 128 ) 
4 144 147 (-2048 -768 1280 ) (-2048 -768 480 ) (-1056 -768 480 ) (-1056 -768 1280 ) 
4 144 146 (-1056 -768 -320 ) (-2048 -768 -320 ) (-2048 0 -320 ) (-1056 0 -320 ) 
4 145 146 (-1056 0 -384 ) (-1056 -528 -384 ) (-1056 -528 -320 ) (-1056 0 -320 ) 
4 146 161 (-2048 -768 -384 ) (-2048 -768 -320 ) (-2048 0 -320 ) (-2048 0 -384 ) 
4 147 218 (-1024 -1024 480 ) (-1024 -1024 1280 ) (-2048 -1024 1280 ) (-2048 -1024 480 ) 
4 147 156 (-2048 -1024 480 ) (-2048 -1024 1280 ) (-2048 -768 1280 ) (-2048 -768 480 ) 
4 147 149 (-1312 -1024 480 ) (-2048 -1024 480 ) (-2048 -992 480 ) (-1312 -992 480 ) 
4 147 148 (-2048 -992 480 ) (-2048 -800 480 ) (-1056 -800 480 ) (-1056 -992 480 ) 
4 148 158 (-2048 -992 480 ) (-2048 -800 480 ) (-2048 -800 448 ) (-2048 -992 448 ) 
4 148 149 (-2048 -992 448 ) (-1312 -992 448 ) (-1312 -992 480 ) (-2048 -992 480 ) 
4 149 220 (-1312 -1024 480 ) (-2048 -1024 480 ) (-2048 -1024 448 ) (-1312 -1024 448 ) 
4 149 158 (-2048 -1024 448 ) (-2048 -1024 480 ) (-2048 -992 480 ) (-2048 -992 448 ) 
4 150 227 (-1344 -1024 128 ) (-1472 -1024 128 ) (-1472 -1024 0 ) (-1344 -1024 0 ) 
4 150 152 (-1472 -896 0 ) (-1472 -1024 0 ) (-1472 -1024 128 ) (-1472 -896 128 ) 
4 151 226 (-1632 -1024 128 ) (-1760 -1024 128 ) (-1760 -1024 0 ) (-1632 -1024 0 ) 
4 152 227 (-1472 -1024 128 ) (-1504 -1024 128 ) (-1504 -1024 0 ) (-1472 -1024 0 ) 
4 152 153 (-1504 -928 0 ) (-1504 -1024 0 ) (-1504 -1024 128 ) (-1504 -928 128 ) 
4 153 227 (-1504 -1024 128 ) (-1600 -1024 128 ) (-1600 -1024 0 ) (-1504 -1024 0 ) 
4 154 155 (-2496 800 1280 ) (-2496 800 -384 ) (-2048 800 -384 ) (-2048 800 1280 ) 
4 155 161 (-2048 0 -384 ) (-2048 0 0 ) (-2496 0 0 ) (-2496 0 -384 ) 
4 155 160 (-2112 0 448 ) (-2496 0 448 ) (-2496 0 0 ) (-2112 0 0 ) 
4 155 159 (-2048 0 0 ) (-2048 0 448 ) (-2112 0 448 ) (-2112 0 0 ) 
4 155 157 (-2048 0 448 ) (-2048 0 480 ) (-2496 0 480 ) (-2496 0 448 ) 
4 155 156 (-2048 0 480 ) (-2048 0 1280 ) (-2496 0 1280 ) (-2496 0 480 ) 
4 156 297 (-2048 -1024 480 ) (-2048 -1024 1280 ) (-2496 -1024 1280 ) (-2496 -1024 480 ) 
4 156 158 (-2048 -1024 480 ) (-2464 -1024 480 ) (-2464 -800 480 ) (-2048 -800 480 ) 
4 156 157 (-2496 -768 480 ) (-2496 0 480 ) (-2048 0 480 ) (-2048 -768 480 ) 
4 157 160 (-2496 -768 448 ) (-2496 0 448 ) (-2112 0 448 ) (-2112 -768 448 ) 
4 157 159 (-2112 0 448 ) (-2048 0 448 ) (-2048 -768 448 ) (-2112 -768 448 ) 
4 158 300 (-2144 -1024 480 ) (-2464 -1024 480 ) (-2464 -1024 448 ) (-2144 -1024 448 ) 
4 158 298 (-2048 -1024 448 ) (-2048 -1024 480 ) (-2144 -1024 480 ) (-2144 -1024 448 ) 
4 159 161 (-2112 -768 0 ) (-2112 0 0 ) (-2048 0 0 ) (-2048 -768 0 ) 
4 159 160 (-2112 0 0 ) (-2112 -768 0 ) (-2112 -768 448 ) (-2112 0 448 ) 
4 160 161 (-2496 -768 0 ) (-2496 0 0 ) (-2112 0 0 ) (-2112 -768 0 ) 
4 162 202 (-672 -1024 416 ) (-672 -1024 320 ) (-672 -1056 320 ) (-672 -1056 416 ) 
4 162 201 (-672 -1024 448 ) (-672 -1024 416 ) (-672 -1056 416 ) (-672 -1056 448 ) 
4 162 200 (-672 -1024 1280 ) (-672 -1024 448 ) (-672 -1056 448 ) (-672 -1056 1280 ) 
4 162 165 (-672 -1056 320 ) (-672 -1024 320 ) (0 -1024 320 ) (0 -1056 320 ) 
4 162 163 (-672 -1056 1280 ) (-672 -1056 448 ) (0 -1056 448 ) (0 -1056 1280 ) 
4 163 200 (-672 -1088 448 ) (-672 -1088 1280 ) (-672 -1056 1280 ) (-672 -1056 448 ) 
4 163 164 (-672 -1088 1280 ) (-672 -1088 448 ) (0 -1088 448 ) (0 -1088 1280 ) 
4 164 252 (0 -2048 416 ) (0 -2048 448 ) (-672 -2048 448 ) (-672 -2048 416 ) 
4 164 251 (0 -2048 448 ) (0 -2048 1280 ) (-672 -2048 1280 ) (-672 -2048 448 ) 
4 164 200 (-672 -2048 448 ) (-672 -2048 1280 ) (-672 -1088 1280 ) (-672 -1088 448 ) 
4 165 205 (-176 -1024 0 ) (0 -1024 0 ) (0 -1056 0 ) (-176 -1056 0 ) 
4 165 207 (-672 -1056 0 ) (-672 -1024 0 ) (-336 -1024 0 ) (-336 -1056 0 ) 
4 165 202 (-672 -1024 320 ) (-672 -1024 0 ) (-672 -1056 0 ) (-672 -1056 320 ) 
5 165 166 (-384 -1056 96 ) (-384 -1056 0 ) (-128 -1056 0 ) (-128 -1056 96 ) (-256 -1056 160 ) 
5 166 167 (-384 -1088 96 ) (-384 -1088 0 ) (-128 -1088 0 ) (-128 -1088 96 ) (-256 -1088 160 ) 
5 167 203 (-672 -1312 0 ) (-672 -1568 0 ) (-672 -1568 96 ) (-672 -1440 160 ) (-672 -1312 96 ) 
4 167 176 (-672 -1616 256 ) (-672 -1616 56.940105 ) (-608 -1616 56.940105 ) (-608 -1616 256 ) 
4 167 175 (-304 -1616 0 ) (-264 -1616 0 ) (-264 -1616 40 ) (-304 -1616 40 ) 
4 167 174 (-264 -1616 0 ) (-176 -1616 0 ) (-176 -1616 40 ) (-264 -1616 40 ) 
4 167 173 (-608 -1616 256 ) (-608 -1616 40 ) (-176 -1616 40 ) (-176 -1616 256 ) 
4 167 172 (-264 -1616 320 ) (-304 -1616 320 ) (-304 -1616 256 ) (-264 -1616 256 ) 
4 167 171 (-176 -1616 320 ) (-264 -1616 320 ) (-264 -1616 256 ) (-176 -1616 256 ) 
4 167 168 (0 -1616 320 ) (-176 -1616 320 ) (-176 -1616 0 ) (0 -1616 0 ) 
4 168 174 (-175.998810 -1616 40 ) (-175.998810 -1616 0 ) (-239.998718 -1648 0 ) (-239.998718 -1648 40 ) 
4 168 173 (-175.998825 -1616 256 ) (-175.998810 -1616 40 ) (-239.998718 -1648 40 ) (-239.998718 -1648 256 ) 
4 168 171 (-175.998825 -1616 320 ) (-175.998825 -1616 256 ) (-239.998718 -1648 256 ) (-239.998718 -1648 320 ) 
4 168 170 (-239.998032 -1648 320 ) (-239.998047 -1648 0 ) (-32 -1648 0 ) (-32 -1648 320 ) 
4 169 185 (0 -1664 320 ) (-0.820512 -1664 320 ) (-0.820496 -1664 0 ) (0 -1664 0 ) 
4 170 178 (-32.888882 -1664 320 ) (-272 -1664 320 ) (-272 -1664 0 ) (-32.888885 -1664 0 ) 
4 170 174 (-239.998718 -1648 0 ) (-246.399689 -1651.200439 0 ) (-246.399689 -1651.200439 40 ) (-239.998718 -1648 40 ) 
4 170 173 (-271.998657 -1664 40 ) (-271.998657 -1664 256 ) (-239.998718 -1648 256 ) (-239.998718 -1648 40 ) 
4 170 171 (-246.399689 -1651.200439 320 ) (-239.998718 -1648 320 ) (-239.998718 -1648 256 ) (-246.399689 -1651.200439 256 ) 
3 171 173 (-176.011719 -1616 256 ) (-246.402344 -1651.195313 256 ) (-264 -1616 256 ) 
4 171 172 (-264 -1616 320 ) (-264 -1616 256 ) (-256 -1632 256 ) (-256 -1632 320 ) 
3 172 173 (-304 -1616 256 ) (-264 -1616 256 ) (-256 -1632 256 ) 
4 173 178 (-608 -1664 256 ) (-608 -1664 40 ) (-272 -1664 40 ) (-272 -1664 256 ) 
4 173 176 (-608 -1616 256 ) (-608 -1616 56.940105 ) (-608 -1664 56.940105 ) (-608 -1664 256 ) 
3 173 175 (-304 -1616 40 ) (-264 -1616 40 ) (-256 -1632 40 ) 
3 173 174 (-176.011719 -1616 40 ) (-246.402344 -1651.195313 40 ) (-264 -1616 40 ) 
4 174 175 (-256 -1632 40 ) (-264 -1616 40 ) (-264 -1616 0 ) (-256 -1632 0 ) 
4 176 178 (-672 -1664 256 ) (-672 -1664 56.940105 ) (-608 -1664 56.940105 ) (-608 -1664 256 ) 
4 177 191 (0 -1920 320 ) (-106.333328 -1920 320 ) (-106.333313 -1920 0 ) (0 -1920 0 ) 
4 177 181 (0 -1760.500610 0 ) (-51 -1837.001221 0 ) (-51 -1837.001221 320 ) (0 -1760.500610 320 ) 
4 177 180 (-73 -1869.998901 0 ) (-87 -1891 0 ) (-87 -1891 320 ) (-73 -1870 320 ) 
4 177 179 (-87 -1891 0 ) (-106.333336 -1920 0 ) (-106.333351 -1920 320 ) (-87 -1891 320 ) 
4 178 199 (-608 -1920 0 ) (-512 -1920 0 ) (-512 -1920 56.940105 ) (-608 -1920 56.940105 ) 
4 178 198 (-512 -1920 0 ) (-432 -1920 0 ) (-432 -1920 56.940105 ) (-512 -1920 56.940105 ) 
4 178 197 (-432 -1920 320 ) (-672 -1920 320 ) (-672 -1920 56.940105 ) (-432 -1920 56.940105 ) 
4 178 186 (-163.499924 -1920 320 ) (-432 -1920 320 ) (-432 -1920 0 ) (-163.499908 -1920 0 ) 
4 179 191 (-106.333328 -1920 320 ) (-116 -1920 320 ) (-116 -1920 0 ) (-106.333313 -1920 0 ) 
4 179 180 (-87 -1891 320 ) (-87 -1891 0 ) (-98 -1902 0 ) (-98 -1902 320 ) 
4 181 182 (0 -1735 0 ) (-33 -1801 0 ) (-33 -1801 320 ) (0 -1735 320 ) 
4 182 183 (0 -1713.781372 0 ) (-18.994999 -1763.982666 0 ) (-18.995001 -1763.982666 320 ) (0 -1713.781372 320 ) 
4 183 184 (0 -1698.369507 0 ) (-8.002037 -1726.013184 0 ) (-8.002037 -1726.013184 320 ) (0 -1698.369507 320 ) 
4 184 185 (0 -1674.003174 0 ) (-2 -1687.004761 0 ) (-2 -1687.004761 320 ) (0 -1674.003174 320 ) 
4 186 198 (-432 -1920 56.940105 ) (-432 -1920 0 ) (-432 -1968 0 ) (-432 -1968 56.940105 ) 
4 186 197 (-432 -1920 320 ) (-432 -1920 56.940105 ) (-432 -2016 56.940105 ) (-432 -2016 320 ) 
4 187 253 (-318.166565 -2048 320 ) (-404 -2048 320 ) (-404 -2048 0 ) (-318.166565 -2048 0 ) 
4 187 192 (-318.168732 -2048 0 ) (-300.261566 -2033.180298 0 ) (-300.261597 -2033.180298 320 ) (-318.168732 -2048 320 ) 
4 187 189 (-300.259094 -2033.179932 320 ) (-300.259094 -2033.179932 0 ) (-348.002747 -2040 0 ) (-348.002747 -2040 320 ) 
4 187 188 (-390 -2046 0 ) (-403.998566 -2048 0 ) (-403.998566 -2048 320 ) (-390 -2046 320 ) 
4 188 253 (-404 -2048 320 ) (-432 -2048 320 ) (-432 -2048 0 ) (-404 -2048 0 ) 
4 189 193 (-298.521271 -2031.740112 0 ) (-294.243469 -2028.199829 0 ) (-294.243500 -2028.199829 320 ) (-298.521301 -2031.740112 320 ) 
4 189 192 (-300.261566 -2033.180298 0 ) (-298.521271 -2031.740112 0 ) (-298.521301 -2031.740112 320 ) (-300.261597 -2033.180298 320 ) 
4 189 190 (-294.240967 -2028.199463 320 ) (-294.240967 -2028.199463 0 ) (-307.002625 -2031 0 ) (-307.002625 -2031 320 ) 
4 190 193 (-294.243469 -2028.199829 0 ) (-291.565948 -2025.984009 0 ) (-291.565979 -2025.984009 320 ) (-294.243500 -2028.199829 320 ) 
4 191 253 (0 -2048 0 ) (0 -2048 320 ) (-244 -2048 320 ) (-244 -2048 0 ) 
4 191 196 (-127 -1931 0 ) (-141 -1945 0 ) (-141 -1945 320 ) (-127 -1931 320 ) 
4 191 195 (-141 -1945 0 ) (-158.249817 -1962.249878 0 ) (-158.249817 -1962.249878 320 ) (-141 -1945 320 ) 
4 191 194 (-158.249817 -1962.249878 0 ) (-173.045380 -1977.045410 0 ) (-173.045380 -1977.045410 320 ) (-158.249817 -1962.249878 320 ) 
4 191 192 (-173.045380 -1977.045410 0 ) (-244 -2048 0 ) (-244 -2048 320 ) (-173.045380 -1977.045410 320 ) 
4 192 253 (-244 -2048 320 ) (-318.166565 -2048 320 ) (-318.166565 -2048 0 ) (-244 -2048 0 ) 
4 192 194 (-173.046860 -1977.046875 320 ) (-173.046875 -1977.046875 0 ) (-228.006027 -2001.003296 0 ) (-228.006027 -2001.003296 320 ) 
4 192 193 (-266.994995 -2017.998291 0 ) (-298.518219 -2031.739136 0 ) (-298.518219 -2031.739136 320 ) (-266.994995 -2017.998291 320 ) 
4 194 195 (-158.252777 -1962.252686 320 ) (-158.252808 -1962.252686 0 ) (-192.007187 -1981.005127 0 ) (-192.007202 -1981.005127 320 ) 
4 195 196 (-141.010742 -1945.010620 320 ) (-141.010742 -1945.010620 0 ) (-158.021851 -1957.018311 0 ) (-158.021851 -1957.018311 320 ) 
4 197 199 (-512 -2016 56.940105 ) (-608 -2016 56.940105 ) (-608 -1920 56.940105 ) (-512 -1920 56.940105 ) 
4 197 198 (-512 -1968 56.940105 ) (-512 -1920 56.940105 ) (-432 -1920 56.940105 ) (-432 -1968 56.940105 ) 
4 198 199 (-512 -1968 56.940105 ) (-512 -1920 56.940105 ) (-512 -1920 0 ) (-512 -1968 0 ) 
4 200 251 (-704 -2048 1280 ) (-704 -2048 448 ) (-672 -2048 448 ) (-672 -2048 1280 ) 
4 200 204 (-704 -2048 448 ) (-704 -2048 1280 ) (-704 -1024 1280 ) (-704 -1024 448 ) 
4 200 201 (-704 -1056 448 ) (-704 -1024 448 ) (-672 -1024 448 ) (-672 -1056 448 ) 
4 201 204 (-704 -1056 448 ) (-704 -1024 448 ) (-704 -1024 416 ) (-704 -1056 416 ) 
4 201 202 (-704 -1056 416 ) (-704 -1024 416 ) (-672 -1024 416 ) (-672 -1056 416 ) 
4 202 207 (-704 -1056 0 ) (-704 -1024 0 ) (-672 -1024 0 ) (-672 -1056 0 ) 
4 202 204 (-704 -1024 0 ) (-704 -1056 0 ) (-704 -1056 416 ) (-704 -1024 416 ) 
5 203 204 (-704 -1312 0 ) (-704 -1568 0 ) (-704 -1568 96 ) (-704 -1440 160 ) (-704 -1312 96 ) 
4 204 271 (-1024 -2048 1280 ) (-1024 -2048 0 ) (-768 -2048 0 ) (-768 -2048 1280 ) 
4 204 269 (-768 -2048 0 ) (-704 -2048 0 ) (-704 -2048 1280 ) (-768 -2048 1280 ) 
4 204 245 (-1024 -1984 0 ) (-1024 -2048 0 ) (-1024 -2048 128 ) (-1024 -1984 64 ) 
4 204 244 (-1024 -2048 416 ) (-1024 -2048 1280 ) (-1024 -1984 1280 ) (-1024 -1984 416 ) 
4 204 243 (-1024 -1984 416 ) (-1024 -1984 1280 ) (-1024 -1920 1280 ) (-1024 -1920 416 ) 
4 204 238 (-1024 -1920 416 ) (-1024 -1920 1280 ) (-1024 -1888 1280 ) (-1024 -1888 416 ) 
4 204 232 (-1024 -1536 0 ) (-1024 -1568 0 ) (-1024 -1568 32 ) (-1024 -1536 32 ) 
4 204 233 (-1024 -1568 0 ) (-1024 -1888 0 ) (-1024 -1888 32 ) (-1024 -1568 32 ) 
4 204 229 (-1024 -1312 0 ) (-1024 -1536 0 ) (-1024 -1536 32 ) (-1024 -1280 32 ) 
4 204 228 (-1024 -1888 32 ) (-1024 -1888 448 ) (-1024 -1152 448 ) (-1024 -1152 32 ) 
4 204 224 (-1024 -1024 128 ) (-1024 -1024 32 ) (-1024 -1152 32 ) (-1024 -1152 128 ) 
4 204 223 (-1024 -1024 448 ) (-1024 -1024 128 ) (-1024 -1152 128 ) (-1024 -1152 448 ) 
4 204 221 (-1024 -1120 448 ) (-1024 -1888 448 ) (-1024 -1888 480 ) (-1024 -1120 480 ) 
4 204 219 (-1024 -1024 480 ) (-1024 -1024 448 ) (-1024 -1120 448 ) (-1024 -1120 480 ) 
4 204 218 (-1024 -1024 1280 ) (-1024 -1024 480 ) (-1024 -1888 480 ) (-1024 -1888 1280 ) 
4 204 214 (-768 -2048 0 ) (-1024 -2048 0 ) (-1024 -1984 0 ) (-768 -1984 0 ) 
4 204 213 (-1024 -1984 0 ) (-1024 -1520 0 ) (-768 -1520 0 ) (-768 -1984 0 ) 
4 204 212 (-704 -2048 0 ) (-768 -2048 0 ) (-768 -1600 0 ) (-704 -1600 0 ) 
4 204 211 (-768 -1600 0 ) (-768 -1520 0 ) (-704 -1520 0 ) (-704 -1600 0 ) 
4 204 209 (-1024 -1360 0 ) (-1024 -1024 0 ) (-704 -1024 0 ) (-704 -1360 0 ) 
4 205 206 (-176 -1024 -384 ) (-176 -1056 -384 ) (-176 -1056 -16 ) (-176 -1024 -16 ) 
4 206 207 (-336 -1024 -384 ) (-336 -1056 -384 ) (-336 -1056 -16 ) (-336 -1024 -16 ) 
4 207 217 (-704 -1024 -160 ) (-704 -1024 -384 ) (-704 -1056 -384 ) (-704 -1056 -160 ) 
4 207 215 (-704 -1024 -96 ) (-704 -1024 -160 ) (-704 -1056 -160 ) (-704 -1056 -96 ) 
4 207 209 (-704 -1056 0 ) (-704 -1024 0 ) (-704 -1024 -96 ) (-704 -1056 -96 ) 
4 208 262 (-250.519028 -2048 -352 ) (-348.781738 -2048 -352 ) (-348.781769 -2048 -384 ) (-250.519043 -2048 -384 ) 
4 208 261 (0 -2048 -384 ) (0 -2048 -352 ) (-250.519028 -2048 -352 ) (-250.519043 -2048 -384 ) 
4 208 260 (-348.781738 -2048 -352 ) (-672 -2048 -352 ) (-672 -2048 -384 ) (-348.781769 -2048 -384 ) 
4 208 255 (-32 -2048 -32 ) (-160 -2048 -32 ) (-160 -2048 -352 ) (-32 -2048 -352 ) 
4 208 254 (0 -2048 -352 ) (0 -2048 -32 ) (-32 -2048 -32 ) (-32 -2048 -352 ) 
4 208 257 (-160 -2048 -32 ) (-672 -2048 -32 ) (-672 -2048 -352 ) (-160 -2048 -352 ) 
4 209 216 (-1024 -1024 -96 ) (-960 -1024 -96 ) (-960 -1360 -96 ) (-1024 -1360 -96 ) 
4 209 215 (-960 -1024 -96 ) (-704 -1024 -96 ) (-704 -1360 -96 ) (-960 -1360 -96 ) 
4 209 210 (-1024 -1360 -96 ) (-704 -1360 -96 ) (-704 -1360 -16 ) (-1024 -1360 -16 ) 
4 210 216 (-960 -1520 -96 ) (-1024 -1520 -96 ) (-1024 -1360 -96 ) (-960 -1360 -96 ) 
4 210 215 (-704 -1360 -96 ) (-704 -1520 -96 ) (-960 -1520 -96 ) (-960 -1360 -96 ) 
4 210 213 (-1024 -1520 -96 ) (-768 -1520 -96 ) (-768 -1520 -16 ) (-1024 -1520 -16 ) 
4 210 211 (-768 -1520 -96 ) (-704 -1520 -96 ) (-704 -1520 -16 ) (-768 -1520 -16 ) 
4 211 215 (-704 -1520 -96 ) (-704 -1600 -96 ) (-768 -1600 -96 ) (-768 -1520 -96 ) 
4 211 213 (-768 -1520 0 ) (-768 -1520 -96 ) (-768 -1600 -96 ) (-768 -1600 0 ) 
4 211 212 (-768 -1600 0 ) (-768 -1600 -32 ) (-704 -1600 -32 ) (-704 -1600 0 ) 
4 212 269 (-704 -2048 -32 ) (-704 -2048 0 ) (-768 -2048 0 ) (-768 -2048 -32 ) 
4 212 214 (-768 -2048 -32 ) (-768 -2048 0 ) (-768 -1984 0 ) (-768 -1984 -32 ) 
4 212 213 (-768 -1984 0 ) (-768 -1600 0 ) (-768 -1600 -32 ) (-768 -1984 -32 ) 
4 213 234 (-1024 -1568 -96 ) (-1024 -1888 -96 ) (-1024 -1888 0 ) (-1024 -1568 0 ) 
4 213 216 (-1024 -1952 -96 ) (-1024 -1520 -96 ) (-960 -1520 -96 ) (-960 -1952 -96 ) 
4 213 215 (-960 -1520 -96 ) (-768 -1520 -96 ) (-768 -1984 -96 ) (-960 -1984 -96 ) 
5 213 214 (-960 -1984 -96 ) (-768 -1984 -96 ) (-768 -1984 0 ) (-1024 -1984 0 ) (-1024 -1984 -64 ) 
5 214 271 (-768 -2048 0 ) (-1024 -2048 0 ) (-1024 -2048 -64 ) (-960 -2048 -96 ) (-768 -2048 -96 ) 
4 214 245 (-1024 -2048 -64 ) (-1024 -2048 0 ) (-1024 -1984 0 ) (-1024 -1984 -64 ) 
4 214 215 (-768 -2048 -96 ) (-960 -2048 -96 ) (-960 -1984 -96 ) (-768 -1984 -96 ) 
4 215 277 (-704 -2048 -160 ) (-704 -2048 -96 ) (-960 -2048 -96 ) (-960 -2048 -160 ) 
4 215 217 (-960 -1024 -160 ) (-704 -1024 -160 ) (-704 -2048 -160 ) (-960 -2048 -160 ) 
4 215 216 (-960 -1024 -160 ) (-960 -1952 -160 ) (-960 -1952 -96 ) (-960 -1024 -96 ) 
4 216 234 (-1024 -1568 -160 ) (-1024 -1888 -160 ) (-1024 -1888 -96 ) (-1024 -1568 -96 ) 
4 216 217 (-1024 -1024 -160 ) (-960 -1024 -160 ) (-960 -1952 -160 ) (-1024 -1952 -160 ) 
4 217 279 (-704 -2048 -384 ) (-704 -2048 -160 ) (-1024 -2048 -160 ) (-1024 -2048 -384 ) 
4 217 234 (-1024 -1568 -384 ) (-1024 -1888 -384 ) (-1024 -1888 -160 ) (-1024 -1568 -160 ) 
4 218 297 (-2048 -1024 1280 ) (-2048 -1024 480 ) (-2048 -1888 480 ) (-2048 -1888 1280 ) 
4 218 242 (-1312 -1888 1280 ) (-2048 -1888 1280 ) (-2048 -1888 480 ) (-1312 -1888 480 ) 
4 218 240 (-1184 -1888 1280 ) (-1312 -1888 1280 ) (-1312 -1888 480 ) (-1184 -1888 480 ) 
4 218 239 (-1056 -1888 1280 ) (-1184 -1888 1280 ) (-1184 -1888 480 ) (-1056 -1888 480 ) 
4 218 238 (-1024 -1888 480 ) (-1024 -1888 1280 ) (-1056 -1888 1280 ) (-1056 -1888 480 ) 
4 218 222 (-1280 -1888 480 ) (-2048 -1888 480 ) (-2048 -1152 480 ) (-1280 -1152 480 ) 
4 218 221 (-1024 -1888 480 ) (-1280 -1888 480 ) (-1280 -1120 480 ) (-1024 -1120 480 ) 
4 218 219 (-1280 -1024 480 ) (-1024 -1024 480 ) (-1024 -1120 480 ) (-1280 -1120 480 ) 
4 218 220 (-2048 -1120 480 ) (-2048 -1024 480 ) (-1312 -1024 480 ) (-1312 -1120 480 ) 
4 219 223 (-1280 -1024 448 ) (-1024 -1024 448 ) (-1024 -1120 448 ) (-1280 -1120 448 ) 
4 219 221 (-1280 -1120 448 ) (-1024 -1120 448 ) (-1024 -1120 480 ) (-1280 -1120 480 ) 
4 220 298 (-2048 -1024 480 ) (-2048 -1024 448 ) (-2048 -1120 448 ) (-2048 -1120 480 ) 
4 221 240 (-1184 -1888 480 ) (-1280 -1888 480 ) (-1280 -1888 448 ) (-1184 -1888 448 ) 
4 221 239 (-1056 -1888 480 ) (-1184 -1888 480 ) (-1184 -1888 448 ) (-1056 -1888 448 ) 
4 221 238 (-1024 -1888 448 ) (-1024 -1888 480 ) (-1056 -1888 480 ) (-1056 -1888 448 ) 
4 221 228 (-1024 -1888 448 ) (-1280 -1888 448 ) (-1280 -1152 448 ) (-1024 -1152 448 ) 
4 221 223 (-1280 -1152 448 ) (-1280 -1120 448 ) (-1024 -1120 448 ) (-1024 -1152 448 ) 
4 221 222 (-1280 -1152 448 ) (-1280 -1888 448 ) (-1280 -1888 480 ) (-1280 -1152 480 ) 
4 222 301 (-2048 -1536 448 ) (-2048 -1888 448 ) (-2048 -1888 480 ) (-2048 -1536 480 ) 
4 222 299 (-2048 -1152 448 ) (-2048 -1536 448 ) (-2048 -1536 480 ) (-2048 -1152 480 ) 
4 222 242 (-1312 -1888 480 ) (-2048 -1888 480 ) (-2048 -1888 448 ) (-1312 -1888 448 ) 
4 222 240 (-1280 -1888 480 ) (-1312 -1888 480 ) (-1312 -1888 448 ) (-1280 -1888 448 ) 
4 222 228 (-1280 -1888 448 ) (-2048 -1888 448 ) (-2048 -1152 448 ) (-1280 -1152 448 ) 
4 223 228 (-1024 -1152 128 ) (-1024 -1152 448 ) (-1280 -1152 448 ) (-1280 -1152 128 ) 
4 223 224 (-1024 -1152 128 ) (-1056 -1152 128 ) (-1056 -1024 128 ) (-1024 -1024 128 ) 
4 223 225 (-1056 -1152 128 ) (-1280 -1152 128 ) (-1280 -1024 128 ) (-1056 -1024 128 ) 
4 224 228 (-1024 -1152 32 ) (-1024 -1152 128 ) (-1056 -1152 128 ) (-1056 -1152 32 ) 
4 224 225 (-1056 -1152 32 ) (-1056 -1152 128 ) (-1056 -1024 128 ) (-1056 -1024 32 ) 
4 225 230 (-1280 -1152 0 ) (-1056 -1152 0 ) (-1056 -1152 32 ) (-1280 -1152 32 ) 
4 225 228 (-1056 -1152 32 ) (-1056 -1152 128 ) (-1280 -1152 128 ) (-1280 -1152 32 ) 
4 226 230 (-1760 -1152 0 ) (-1568 -1152 0 ) (-1568 -1152 32 ) (-1760 -1152 32 ) 
4 226 228 (-1568 -1152 32 ) (-1568 -1152 128 ) (-1760 -1152 128 ) (-1760 -1152 32 ) 
4 227 230 (-1536 -1152 0 ) (-1344 -1152 0 ) (-1344 -1152 32 ) (-1536 -1152 32 ) 
4 227 228 (-1344 -1152 32 ) (-1344 -1152 128 ) (-1536 -1152 128 ) (-1536 -1152 32 ) 
4 228 305 (-2048 -1888 32 ) (-2048 -1888 448 ) (-2048 -1568 448 ) (-2048 -1568 32 ) 
4 228 304 (-2048 -1568 448 ) (-2048 -1536 448 ) (-2048 -1536 32 ) (-2048 -1568 32 ) 
4 228 303 (-2048 -1536 448 ) (-2048 -1152 448 ) (-2048 -1152 32 ) (-2048 -1536 32 ) 
4 228 242 (-1312 -1888 448 ) (-2048 -1888 448 ) (-2048 -1888 416 ) (-1312 -1888 416 ) 
5 228 241 (-1312 -1888 64 ) (-1312 -1888 32 ) (-1184 -1888 32 ) (-1184 -1888 64 ) (-1248 -1888 128 ) 
4 228 240 (-1184 -1888 448 ) (-1312 -1888 448 ) (-1312 -1888 416 ) (-1184 -1888 416 ) 
4 228 239 (-1056 -1888 448 ) (-1184 -1888 448 ) (-1184 -1888 416 ) (-1056 -1888 416 ) 
4 228 238 (-1024 -1888 416 ) (-1024 -1888 448 ) (-1056 -1888 448 ) (-1056 -1888 416 ) 
4 228 232 (-1056 -1536 32 ) (-1024 -1536 32 ) (-1024 -1568 32 ) (-1056 -1568 32 ) 
4 228 231 (-1344 -1536 32 ) (-1152 -1536 32 ) (-1152 -1568 32 ) (-1344 -1568 32 ) 
4 228 233 (-1024 -1888 32 ) (-2048 -1888 32 ) (-2048 -1568 32 ) (-1024 -1568 32 ) 
4 228 229 (-1024 -1280 32 ) (-1024 -1536 32 ) (-1056 -1536 32 ) (-1056 -1280 32 ) 
4 228 230 (-2048 -1536 32 ) (-2048 -1152 32 ) (-1056 -1152 32 ) (-1056 -1536 32 ) 
3 229 232 (-1024 -1536 0 ) (-1024 -1536 32 ) (-1056 -1536 32 ) 
4 229 230 (-1056 -1536 0 ) (-1056 -1536 32 ) (-1056 -1280 32 ) (-1056 -1312 0 ) 
4 230 303 (-2048 -1152 0 ) (-2048 -1536 0 ) (-2048 -1536 32 ) (-2048 -1152 32 ) 
4 230 231 (-1312 -1536 0 ) (-1184 -1536 0 ) (-1152 -1536 32 ) (-1344 -1536 32 ) 
4 231 233 (-1312 -1568 0 ) (-1184 -1568 0 ) (-1152 -1568 32 ) (-1344 -1568 32 ) 
3 232 233 (-1024 -1568 0 ) (-1024 -1568 32 ) (-1056 -1568 32 ) 
4 233 305 (-2048 -1568 0 ) (-2048 -1888 0 ) (-2048 -1888 32 ) (-2048 -1568 32 ) 
4 233 241 (-1184 -1888 32 ) (-1312 -1888 32 ) (-1312 -1888 0 ) (-1184 -1888 0 ) 
4 233 236 (-1184 -1888 0 ) (-1312 -1888 0 ) (-1312 -1568 0 ) (-1184 -1568 0 ) 
4 233 234 (-1024 -1888 0 ) (-1184 -1888 0 ) (-1184 -1568 0 ) (-1024 -1568 0 ) 
4 233 237 (-1312 -1888 0 ) (-2048 -1888 0 ) (-2048 -1568 0 ) (-1312 -1568 0 ) 
3 234 236 (-1184 -1568 0 ) (-1184 -1888 -64 ) (-1184 -1888 0 ) 
4 234 235 (-1184 -1568 -32 ) (-1184 -1568 -370.084045 ) (-1184 -1888 -370.084045 ) (-1184 -1888 -96 ) 
4 235 237 (-1312 -1568 -32 ) (-1312 -1568 -358.957031 ) (-1312 -1888 -358.957031 ) (-1312 -1888 -96 ) 
4 236 241 (-1184 -1888 0 ) (-1312 -1888 0 ) (-1312 -1888 -64 ) (-1184 -1888 -64 ) 
3 236 237 (-1312 -1568 0 ) (-1312 -1888 -64 ) (-1312 -1888 0 ) 
4 237 305 (-2048 -1888 -294.956543 ) (-2048 -1888 0 ) (-2048 -1568 0 ) (-2048 -1568 -294.956512 ) 
4 238 243 (-1024 -1920 416 ) (-1024 -1920 1280 ) (-1056 -1920 1280 ) (-1056 -1920 416 ) 
4 238 239 (-1056 -1888 1280 ) (-1056 -1888 416 ) (-1056 -1920 416 ) (-1056 -1920 1280 ) 
4 239 246 (-1056 -1920 416 ) (-1056 -1920 1280 ) (-1184 -1920 1280 ) (-1184 -1920 416 ) 
4 239 240 (-1184 -1888 1280 ) (-1184 -1888 416 ) (-1184 -1920 416 ) (-1184 -1920 1280 ) 
4 240 246 (-1184 -1920 416 ) (-1184 -1920 1280 ) (-1312 -1920 1280 ) (-1312 -1920 416 ) 
4 240 242 (-1312 -1888 1280 ) (-1312 -1888 416 ) (-1312 -1920 416 ) (-1312 -1920 1280 ) 
5 241 248 (-1184 -1920 -64 ) (-1184 -1920 64 ) (-1248 -1920 128 ) (-1312 -1920 64 ) (-1312 -1920 -64 ) 
4 242 306 (-2048 -1920 416 ) (-2048 -1920 448 ) (-2048 -1888 448 ) (-2048 -1888 416 ) 
4 242 301 (-2048 -1920 448 ) (-2048 -1920 480 ) (-2048 -1888 480 ) (-2048 -1888 448 ) 
4 242 297 (-2048 -1920 480 ) (-2048 -1920 1280 ) (-2048 -1888 1280 ) (-2048 -1888 480 ) 
4 242 246 (-2048 -1920 1280 ) (-2048 -1920 416 ) (-1312 -1920 416 ) (-1312 -1920 1280 ) 
4 243 246 (-1056 -1920 1280 ) (-1056 -1920 416 ) (-1056 -1984 416 ) (-1056 -1984 1280 ) 
4 243 244 (-1056 -1984 1280 ) (-1056 -1984 416 ) (-1024 -1984 416 ) (-1024 -1984 1280 ) 
4 244 280 (-1024 -2048 416 ) (-1024 -2048 1280 ) (-1056 -2048 1280 ) (-1056 -2048 416 ) 
4 244 246 (-1056 -2048 416 ) (-1056 -2048 1280 ) (-1056 -1984 1280 ) (-1056 -1984 416 ) 
4 245 291 (-1024 -2048 -64 ) (-1024 -2048 128 ) (-1056 -2048 128 ) (-1056 -2048 -64 ) 
4 245 250 (-1056 -2048 -64 ) (-1056 -2048 128 ) (-1056 -1984 64 ) (-1056 -1984 -64 ) 
4 246 307 (-2048 -2048 384 ) (-2048 -2048 448 ) (-2048 -1920 448 ) (-2048 -1920 384 ) 
4 246 301 (-2048 -2048 448 ) (-2048 -2048 480 ) (-2048 -1920 480 ) (-2048 -1920 448 ) 
4 246 297 (-2048 -2048 480 ) (-2048 -2048 1280 ) (-2048 -1920 1280 ) (-2048 -1920 480 ) 
4 246 286 (-1216 -2048 416 ) (-1280 -2048 416 ) (-1280 -2048 384 ) (-1216 -2048 384 ) 
4 246 285 (-1184 -2048 416 ) (-1216 -2048 416 ) (-1216 -2048 384 ) (-1184 -2048 384 ) 
4 246 288 (-1280 -2048 416 ) (-2048 -2048 416 ) (-2048 -2048 384 ) (-1280 -2048 384 ) 
4 246 284 (-1056 -2048 384 ) (-1056 -2048 416 ) (-1184 -2048 416 ) (-1184 -2048 384 ) 
4 246 280 (-1056 -2048 416 ) (-1056 -2048 1280 ) (-2048 -2048 1280 ) (-2048 -2048 416 ) 
5 247 250 (-1184 -1984 -96 ) (-1120 -1984 -96 ) (-1056 -1984 -64 ) (-1056 -1984 160 ) (-1184 -1984 160 ) 
4 247 248 (-1184 -1984 -96 ) (-1184 -1984 160 ) (-1184 -1920 160 ) (-1184 -1920 -64 ) 
4 248 250 (-1312 -1984 -96 ) (-1184 -1984 -96 ) (-1184 -1984 160 ) (-1312 -1984 160 ) 
4 248 249 (-1312 -1984 -96 ) (-1312 -1984 160 ) (-1312 -1920 160 ) (-1312 -1920 -64 ) 
4 249 250 (-1616 -1984 -96 ) (-1312 -1984 -96 ) (-1312 -1984 160 ) (-1616 -1984 160 ) 
4 250 296 (-1216 -2048 160 ) (-1616 -2048 160 ) (-1616 -2048 -96 ) (-1216 -2048 -96 ) 
5 250 293 (-1056 -2048 -64 ) (-1056 -2048 160 ) (-1216 -2048 160 ) (-1216 -2048 -96 ) (-1120 -2048 -96 ) 
4 251 276 (-704 -2432 448 ) (-704 -2464 448 ) (-704 -2464 1280 ) (-704 -2432 1280 ) 
4 251 270 (-704 -2368 448 ) (-704 -2432 448 ) (-704 -2432 1280 ) (-704 -2368 1280 ) 
4 251 269 (-704 -2048 1280 ) (-704 -2048 448 ) (-704 -2368 448 ) (-704 -2368 1280 ) 
4 251 265 (-704 -2464 1280 ) (-704 -2464 448 ) (-672 -2464 448 ) (-672 -2464 1280 ) 
4 251 264 (-672 -2464 448 ) (0 -2464 448 ) (0 -2464 1280 ) (-672 -2464 1280 ) 
4 251 252 (0 -2464 448 ) (-672 -2464 448 ) (-672 -2048 448 ) (0 -2048 448 ) 
4 254 261 (-32 -2138.508057 -352 ) (-32 -2048 -352 ) (0 -2048 -352 ) (0 -2151.762207 -352 ) 
4 254 258 (0 -2464 -352 ) (-32 -2464 -352 ) (-32 -2405.491943 -352 ) (0 -2392.238037 -352 ) 
5 254 255 (-32 -2048 -352 ) (-32 -2144 -352 ) (-32 -2400 -320 ) (-32 -2400 -32 ) (-32 -2048 -32 ) 
4 254 256 (-32 -2400 -352 ) (-32 -2464 -352 ) (-32 -2464 -32 ) (-32 -2400 -32 ) 
3 255 263 (-160 -2138.508057 -352 ) (-160 -2085.491943 -352 ) (-96 -2112 -352 ) 
4 255 261 (-160 -2085.491943 -352 ) (-160 -2048 -352 ) (-32 -2048 -352 ) (-32 -2138.508057 -352 ) 
4 255 256 (-160 -2400 -32 ) (-160 -2400 -320 ) (-32 -2400 -320 ) (-32 -2400 -32 ) 
5 255 257 (-160 -2048 -352 ) (-160 -2144 -352 ) (-160 -2400 -320 ) (-160 -2400 -32 ) (-160 -2048 -32 ) 
3 256 259 (-160 -2458.508057 -352 ) (-160 -2405.491699 -352 ) (-96 -2432 -352 ) 
4 256 258 (-32 -2464 -352 ) (-160 -2464 -352 ) (-160 -2458.508057 -352 ) (-32 -2405.491699 -352 ) 
4 256 257 (-160 -2400 -352 ) (-160 -2464 -352 ) (-160 -2464 -32 ) (-160 -2400 -32 ) 
4 257 263 (-176.002304 -2078.864014 -352 ) (-160 -2085.491943 -352 ) (-160 -2138.508057 -352 ) (-209.137054 -2158.860107 -352 ) 
4 257 262 (-348.781738 -2048 -352 ) (-250.518982 -2048 -352 ) (-176.002304 -2078.864014 -352 ) (-256 -2272 -352 ) 
3 257 261 (-250.518982 -2048 -352 ) (-160 -2048 -352 ) (-160 -2085.491943 -352 ) 
4 257 260 (-672 -2193.427002 -352 ) (-672 -2048 -352 ) (-348.781738 -2048 -352 ) (-209.137054 -2385.139893 -352 ) 
5 257 259 (-173.259613 -2464 -352 ) (-672 -2464 -352 ) (-672 -2193.427002 -352 ) (-160 -2405.491943 -352 ) (-160 -2458.508057 -352 ) 
3 257 258 (-160 -2464 -352 ) (-173.259613 -2464 -352 ) (-160 -2458.508057 -352 ) 
4 258 259 (-96.001060 -2432 -384 ) (-173.261719 -2464 -384 ) (-173.260040 -2464 -352 ) (-96 -2432 -352 ) 
4 259 260 (-209.137802 -2385.137939 -384 ) (-672 -2193.425781 -384 ) (-672 -2193.425781 -352 ) (-209.137787 -2385.137939 -352 ) 
4 260 262 (-256 -2272 -384 ) (-348.781860 -2048 -384 ) (-348.781830 -2048 -352 ) (-256 -2272 -352 ) 
4 261 263 (-176.002289 -2078.864014 -384 ) (-96 -2112 -384 ) (-96 -2112 -352 ) (-176.002274 -2078.864014 -352 ) 
4 261 262 (-250.518921 -2048 -384 ) (-176.002289 -2078.864014 -384 ) (-176.002274 -2078.864014 -352 ) (-250.518906 -2048 -352 ) 
4 262 263 (-209.134735 -2158.859131 -384 ) (-176 -2078.865234 -384 ) (-176 -2078.865234 -352 ) (-209.134735 -2158.859131 -352 ) 
4 264 266 (0 -2496 448 ) (0 -2496 1280 ) (-672 -2496 1280 ) (-672 -2496 448 ) 
4 264 265 (-672 -2496 448 ) (-672 -2496 1280 ) (-672 -2464 1280 ) (-672 -2464 448 ) 
4 265 276 (-704 -2496 1280 ) (-704 -2464 1280 ) (-704 -2464 448 ) (-704 -2496 448 ) 
4 265 266 (-672 -2496 448 ) (-672 -2496 1280 ) (-704 -2496 1280 ) (-704 -2496 448 ) 
4 266 276 (-704 -2688 1280 ) (-704 -2496 1280 ) (-704 -2496 416 ) (-704 -2688 416 ) 
4 266 268 (-704 -2688 416 ) (-704 -2496 416 ) (0 -2496 416 ) (0 -2688 416 ) 
4 267 268 (-704 -2496 -448 ) (0 -2496 -448 ) (0 -2496 -384 ) (-704 -2496 -384 ) 
4 268 279 (-704 -2496 -160 ) (-704 -2496 -384 ) (-704 -2688 -384 ) (-704 -2688 -160 ) 
4 268 277 (-704 -2496 -96 ) (-704 -2496 -160 ) (-704 -2688 -160 ) (-704 -2688 -96 ) 
4 268 276 (-704 -2688 416 ) (-704 -2496 416 ) (-704 -2496 -96 ) (-704 -2688 -96 ) 
4 269 273 (-768 -2368 1280 ) (-768 -2144 1280 ) (-768 -2144 -32 ) (-768 -2368 -32 ) 
4 269 271 (-768 -2112 1280 ) (-768 -2048 1280 ) (-768 -2048 -32 ) (-768 -2112 -32 ) 
4 269 272 (-768 -2144 1280 ) (-768 -2112 1280 ) (-768 -2112 -32 ) (-768 -2144 -32 ) 
4 269 270 (-768 -2368 1280 ) (-768 -2368 448 ) (-704 -2368 448 ) (-704 -2368 1280 ) 
4 270 276 (-704 -2432 448 ) (-704 -2432 1280 ) (-768 -2432 1280 ) (-768 -2432 448 ) 
4 270 273 (-768 -2432 448 ) (-768 -2432 1280 ) (-768 -2368 1280 ) (-768 -2368 448 ) 
4 271 291 (-1024 -2048 128 ) (-1024 -2048 -64 ) (-1024 -2112 -64 ) (-1024 -2112 64 ) 
4 271 280 (-1024 -2112 1280 ) (-1024 -2048 1280 ) (-1024 -2048 416 ) (-1024 -2112 416 ) 
4 271 277 (-960 -2048 -96 ) (-768 -2048 -96 ) (-768 -2112 -96 ) (-960 -2112 -96 ) 
5 271 272 (-960 -2112 -96 ) (-768 -2112 -96 ) (-768 -2112 1280 ) (-1024 -2112 1280 ) (-1024 -2112 -64 ) 
4 272 280 (-1024 -2144 1280 ) (-1024 -2112 1280 ) (-1024 -2112 416 ) (-1024 -2144 416 ) 
4 272 277 (-960 -2112 -96 ) (-768 -2112 -96 ) (-768 -2144 -96 ) (-960 -2144 -96 ) 
4 272 274 (-960 -2144 480 ) (-960 -2144 1280 ) (-1024 -2144 1280 ) (-1024 -2144 480 ) 
4 272 273 (-960 -2144 -96 ) (-768 -2144 -96 ) (-768 -2144 1280 ) (-960 -2144 1280 ) 
4 273 277 (-960 -2144 -96 ) (-768 -2144 -96 ) (-768 -2432 -96 ) (-960 -2432 -96 ) 
4 273 276 (-960 -2432 -96 ) (-768 -2432 -96 ) (-768 -2432 1280 ) (-960 -2432 1280 ) 
4 273 274 (-960 -2144 1280 ) (-960 -2144 480 ) (-960 -2208 480 ) (-960 -2208 1280 ) 
4 273 275 (-960 -2208 -96 ) (-960 -2432 -96 ) (-960 -2432 1280 ) (-960 -2208 1280 ) 
4 274 281 (-1024 -2208 1280 ) (-1024 -2144 1280 ) (-1024 -2144 480 ) (-1024 -2208 480 ) 
4 274 275 (-960 -2208 480 ) (-960 -2208 1280 ) (-1024 -2208 1280 ) (-1024 -2208 480 ) 
4 275 292 (-1024 -2400 -96 ) (-1024 -2432 -96 ) (-1024 -2432 384 ) (-1024 -2400 384 ) 
4 275 289 (-1024 -2400 384 ) (-1024 -2432 384 ) (-1024 -2432 416 ) (-1024 -2400 416 ) 
4 275 283 (-1024 -2432 1280 ) (-1024 -2208 1280 ) (-1024 -2208 416 ) (-1024 -2432 416 ) 
4 275 278 (-1024 -2432 -96 ) (-1024 -2208 -96 ) (-960 -2208 -96 ) (-960 -2432 -96 ) 
4 275 276 (-1024 -2432 -96 ) (-960 -2432 -96 ) (-960 -2432 1280 ) (-1024 -2432 1280 ) 
4 276 292 (-1024 -2432 384 ) (-1024 -2432 -96 ) (-1024 -2688 -96 ) (-1024 -2688 384 ) 
4 276 289 (-1024 -2432 416 ) (-1024 -2432 384 ) (-1024 -2688 384 ) (-1024 -2688 416 ) 
4 276 283 (-1024 -2688 1280 ) (-1024 -2432 1280 ) (-1024 -2432 416 ) (-1024 -2688 416 ) 
4 276 278 (-1024 -2688 -96 ) (-1024 -2432 -96 ) (-960 -2432 -96 ) (-960 -2688 -96 ) 
4 276 277 (-960 -2432 -96 ) (-704 -2432 -96 ) (-704 -2688 -96 ) (-960 -2688 -96 ) 
4 277 279 (-704 -2688 -160 ) (-960 -2688 -160 ) (-960 -2048 -160 ) (-704 -2048 -160 ) 
4 277 278 (-960 -2208 -160 ) (-960 -2688 -160 ) (-960 -2688 -96 ) (-960 -2208 -96 ) 
4 278 292 (-1024 -2688 -96 ) (-1024 -2400 -96 ) (-1024 -2400 -160 ) (-1024 -2688 -160 ) 
4 278 279 (-960 -2688 -160 ) (-1024 -2688 -160 ) (-1024 -2208 -160 ) (-960 -2208 -160 ) 
4 279 292 (-1024 -2400 -384 ) (-1024 -2688 -384 ) (-1024 -2688 -160 ) (-1024 -2400 -160 ) 
4 280 309 (-2048 -2144 1280 ) (-2048 -2048 1280 ) (-2048 -2048 416 ) (-2048 -2144 416 ) 
4 280 286 (-1280 -2048 416 ) (-1216 -2048 416 ) (-1216 -2144 416 ) (-1280 -2144 416 ) 
4 280 285 (-1216 -2048 416 ) (-1184 -2048 416 ) (-1184 -2144 416 ) (-1216 -2144 416 ) 
4 280 288 (-2048 -2144 416 ) (-2048 -2048 416 ) (-1280 -2048 416 ) (-1280 -2144 416 ) 
4 280 284 (-1184 -2048 416 ) (-1056 -2048 416 ) (-1056 -2144 416 ) (-1184 -2144 416 ) 
4 280 282 (-2048 -2144 416 ) (-1280 -2144 416 ) (-1216 -2144 480 ) (-2048 -2144 480 ) 
4 280 281 (-1024 -2144 480 ) (-1024 -2144 1280 ) (-2048 -2144 1280 ) (-2048 -2144 480 ) 
4 281 309 (-2048 -2208 1280 ) (-2048 -2144 1280 ) (-2048 -2144 480 ) (-2048 -2208 480 ) 
4 281 283 (-1024 -2208 480 ) (-1024 -2208 1280 ) (-2048 -2208 1280 ) (-2048 -2208 480 ) 
4 281 282 (-1216 -2208 480 ) (-2048 -2208 480 ) (-2048 -2144 480 ) (-1216 -2144 480 ) 
4 282 309 (-2048 -2144 480 ) (-2048 -2144 416 ) (-2048 -2208 416 ) (-2048 -2208 480 ) 
4 282 288 (-2048 -2208 416 ) (-2048 -2144 416 ) (-1280 -2144 416 ) (-1280 -2208 416 ) 
4 282 283 (-2048 -2208 416 ) (-1280 -2208 416 ) (-1216 -2208 480 ) (-2048 -2208 480 ) 
4 283 311 (-2048 -2688 1280 ) (-2048 -2656 1280 ) (-2048 -2656 416 ) (-2048 -2688 416 ) 
4 283 309 (-2048 -2656 1280 ) (-2048 -2208 1280 ) (-2048 -2208 416 ) (-2048 -2656 416 ) 
4 283 290 (-2048 -2656 416 ) (-2048 -2400 416 ) (-1184 -2400 416 ) (-1184 -2656 416 ) 
4 283 289 (-1152 -2400 416 ) (-1024 -2400 416 ) (-1024 -2688 416 ) (-1152 -2688 416 ) 
4 283 287 (-1280 -2208 416 ) (-1216 -2208 416 ) (-1216 -2400 416 ) (-1280 -2400 416 ) 
4 283 285 (-1216 -2208 416 ) (-1184 -2208 416 ) (-1184 -2400 416 ) (-1216 -2400 416 ) 
4 283 288 (-2048 -2400 416 ) (-2048 -2208 416 ) (-1280 -2208 416 ) (-1280 -2400 416 ) 
4 283 284 (-1184 -2208 416 ) (-1056 -2208 416 ) (-1056 -2368 416 ) (-1184 -2368 416 ) 
4 284 285 (-1184 -2048 384 ) (-1184 -2368 384 ) (-1184 -2368 416 ) (-1184 -2048 416 ) 
4 285 290 (-1216 -2400 384 ) (-1184 -2400 384 ) (-1184 -2400 416 ) (-1216 -2400 416 ) 
4 285 286 (-1216 -2048 384 ) (-1216 -2144 384 ) (-1216 -2144 416 ) (-1216 -2048 416 ) 
4 285 287 (-1216 -2208 384 ) (-1216 -2400 384 ) (-1216 -2400 416 ) (-1216 -2208 416 ) 
4 286 288 (-1280 -2048 384 ) (-1280 -2144 384 ) (-1280 -2144 416 ) (-1280 -2048 416 ) 
4 287 290 (-1280 -2400 384 ) (-1216 -2400 384 ) (-1216 -2400 416 ) (-1280 -2400 416 ) 
4 287 288 (-1280 -2208 384 ) (-1280 -2400 384 ) (-1280 -2400 416 ) (-1280 -2208 416 ) 
4 288 309 (-2048 -2400 416 ) (-2048 -2048 416 ) (-2048 -2048 384 ) (-2048 -2400 384 ) 
4 288 290 (-2048 -2400 384 ) (-1280 -2400 384 ) (-1280 -2400 416 ) (-2048 -2400 416 ) 
4 289 295 (-1056 -2688 384 ) (-1152 -2688 384 ) (-1152 -2400 384 ) (-1056 -2400 384 ) 
4 289 292 (-1024 -2400 384 ) (-1024 -2688 384 ) (-1056 -2688 384 ) (-1056 -2400 384 ) 
4 290 309 (-2048 -2656 416 ) (-2048 -2400 416 ) (-2048 -2400 384 ) (-2048 -2656 384 ) 
4 291 293 (-1056 -2112 -64 ) (-1056 -2112 64 ) (-1056 -2048 128 ) (-1056 -2048 -64 ) 
4 292 295 (-1056 -2688 384 ) (-1056 -2400 384 ) (-1056 -2400 -384 ) (-1056 -2688 -384 ) 
4 293 296 (-1216 -2112 160 ) (-1216 -2048 160 ) (-1216 -2048 -96 ) (-1216 -2112 -96 ) 
5 293 294 (-1216 -2112 -96 ) (-1120 -2112 -96 ) (-1056 -2112 -64 ) (-1056 -2112 160 ) (-1216 -2112 160 ) 
4 294 296 (-1216 -2368 -96 ) (-1216 -2368 160 ) (-1216 -2112 160 ) (-1216 -2112 -96 ) 
4 297 310 (-2464 -2048 1280 ) (-2496 -2048 1280 ) (-2496 -2048 480 ) (-2464 -2048 480 ) 
4 297 309 (-2048 -2048 480 ) (-2048 -2048 1280 ) (-2464 -2048 1280 ) (-2464 -2048 480 ) 
4 297 302 (-2112 -2048 480 ) (-2496 -2048 480 ) (-2496 -1568 480 ) (-2112 -1568 480 ) 
4 297 301 (-2048 -2048 480 ) (-2112 -2048 480 ) (-2112 -1536 480 ) (-2048 -1536 480 ) 
4 297 300 (-2464 -1024 480 ) (-2144 -1024 480 ) (-2144 -1536 480 ) (-2464 -1536 480 ) 
4 297 299 (-2048 -1152 480 ) (-2048 -1536 480 ) (-2112 -1536 480 ) (-2112 -1152 480 ) 
4 297 298 (-2144 -1024 480 ) (-2048 -1024 480 ) (-2048 -1120 480 ) (-2144 -1120 480 ) 
4 298 300 (-2144 -1024 448 ) (-2144 -1120 448 ) (-2144 -1120 480 ) (-2144 -1024 480 ) 
4 299 303 (-2048 -1152 448 ) (-2048 -1536 448 ) (-2112 -1536 448 ) (-2112 -1152 448 ) 
4 299 301 (-2112 -1536 448 ) (-2048 -1536 448 ) (-2048 -1536 480 ) (-2112 -1536 480 ) 
4 301 309 (-2048 -2048 448 ) (-2048 -2048 480 ) (-2112 -2048 480 ) (-2112 -2048 448 ) 
4 301 307 (-2048 -1920 448 ) (-2048 -2048 448 ) (-2112 -2048 448 ) (-2112 -1920 448 ) 
4 301 306 (-2048 -1888 448 ) (-2048 -1920 448 ) (-2112 -1920 448 ) (-2112 -1888 448 ) 
4 301 305 (-2048 -1568 448 ) (-2048 -1888 448 ) (-2112 -1888 448 ) (-2112 -1568 448 ) 
4 301 304 (-2112 -1536 448 ) (-2048 -1536 448 ) (-2048 -1568 448 ) (-2112 -1568 448 ) 
4 301 302 (-2112 -1568 448 ) (-2112 -2048 448 ) (-2112 -2048 480 ) (-2112 -1568 480 ) 
4 302 310 (-2464 -2048 480 ) (-2496 -2048 480 ) (-2496 -2048 448 ) (-2464 -2048 448 ) 
4 302 309 (-2112 -2048 480 ) (-2464 -2048 480 ) (-2464 -2048 448 ) (-2112 -2048 448 ) 
4 302 308 (-2496 -2048 448 ) (-2496 -1920 448 ) (-2464 -1920 448 ) (-2464 -2048 448 ) 
4 302 307 (-2464 -1920 448 ) (-2112 -1920 448 ) (-2112 -2048 448 ) (-2464 -2048 448 ) 
4 302 306 (-2496 -1920 448 ) (-2496 -1888 448 ) (-2112 -1888 448 ) (-2112 -1920 448 ) 
4 302 305 (-2496 -1888 448 ) (-2496 -1568 448 ) (-2112 -1568 448 ) (-2112 -1888 448 ) 
4 303 304 (-2112 -1536 448 ) (-2112 -1536 32 ) (-2048 -1536 32 ) (-2048 -1536 448 ) 
4 304 305 (-2048 -1568 448 ) (-2112 -1568 448 ) (-2112 -1568 32 ) (-2048 -1568 32 ) 
4 305 306 (-2048 -1888 416 ) (-2048 -1888 448 ) (-2496 -1888 448 ) (-2496 -1888 416 ) 
4 306 308 (-2464 -1920 448 ) (-2496 -1920 448 ) (-2496 -1920 416 ) (-2464 -1920 416 ) 
4 306 307 (-2048 -1920 416 ) (-2048 -1920 448 ) (-2464 -1920 448 ) (-2464 -1920 416 ) 
4 307 309 (-2048 -2048 384 ) (-2048 -2048 448 ) (-2464 -2048 448 ) (-2464 -2048 384 ) 
4 307 308 (-2464 -1920 448 ) (-2464 -1920 416 ) (-2464 -2048 416 ) (-2464 -2048 448 ) 
4 308 310 (-2464 -2048 416 ) (-2464 -2048 448 ) (-2496 -2048 448 ) (-2496 -2048 416 ) 
4 309 311 (-2048 -2656 416 ) (-2048 -2656 1280 ) (-2464 -2656 1280 ) (-2464 -2656 416 ) 
4 309 310 (-2464 -2656 416 ) (-2464 -2656 1280 ) (-2464 -2048 1280 ) (-2464 -2048 416 ) 
4 310 311 (-2464 -2656 416 ) (-2464 -2656 1280 ) (-2496 -2656 1280 ) (-2496 -2656 416 ) 
