PRT1
321
966
4 0 6 (3072 3840 -192 ) (3072 3840 -512 ) (3072 3776 -512 ) (3072 3776 -192 ) 
4 0 4 (3072 3776 1024 ) (3072 3840 1024 ) (3072 3840 -192 ) (3072 3776 -192 ) 
4 0 2 (3648 3776 -128 ) (3648 3776 1024 ) (3072 3776 1024 ) (3072 3776 -128 ) 
4 0 3 (3072 3776 -512 ) (3648 3776 -512 ) (3648 3776 -192 ) (3072 3776 -192 ) 
4 0 1 (3648 3776 -512 ) (3840 3776 -512 ) (3840 3776 1024 ) (3648 3776 1024 ) 
4 1 34 (3648 3072 -192 ) (3648 3072 -512 ) (3840 3072 -512 ) (3840 3072 -192 ) 
4 1 32 (3648 3072 -128 ) (3648 3072 -192 ) (3840 3072 -192 ) (3840 3072 -128 ) 
4 1 24 (3648 3072 64 ) (3648 3072 -128 ) (3840 3072 -128 ) (3840 3072 64 ) 
4 1 21 (3648 3072 96 ) (3648 3072 64 ) (3840 3072 64 ) (3840 3072 96 ) 
4 1 18 (3648 3072 224 ) (3648 3072 96 ) (3840 3072 96 ) (3840 3072 224 ) 
4 1 7 (3840 3072 1024 ) (3648 3072 1024 ) (3648 3072 224 ) (3840 3072 224 ) 
4 1 2 (3648 3776 1024 ) (3648 3776 -128 ) (3648 3072 -128 ) (3648 3072 1024 ) 
4 1 3 (3648 3776 -192 ) (3648 3776 -512 ) (3648 3072 -512 ) (3648 3072 -192 ) 
4 2 26 (3072 3072 64 ) (3072 3072 -128 ) (3104 3072 -128 ) (3104 3072 64 ) 
4 2 25 (3104 3072 -128 ) (3392 3072 -128 ) (3392 3072 64 ) (3104 3072 64 ) 
4 2 24 (3392 3072 -128 ) (3648 3072 -128 ) (3648 3072 64 ) (3392 3072 64 ) 
4 2 22 (3072 3072 96 ) (3072 3072 64 ) (3408 3072 64 ) (3392 3072 96 ) 
4 2 21 (3408 3072 64 ) (3648 3072 64 ) (3648 3072 96 ) (3392 3072 96 ) 
4 2 19 (3072 3072 224 ) (3072 3072 96 ) (3360 3072 96 ) (3360 3072 224 ) 
4 2 18 (3360 3072 96 ) (3648 3072 96 ) (3648 3072 224 ) (3360 3072 224 ) 
5 2 14 (3072 3072 303.430786 ) (3072 3072 224 ) (3408.767822 3072 224 ) (3182.080078 3072 336 ) (3137.919922 3072 336 ) 
3 2 9 (3072 3072 336 ) (3072 3072 303.430786 ) (3137.919922 3072 336 ) 
3 2 8 (3072 3072 390.387390 ) (3072 3072 336 ) (3182.080078 3072 336 ) 
5 2 7 (3648 3072 1024 ) (3072 3072 1024 ) (3072 3072 390.387390 ) (3408.767822 3072 224 ) (3648 3072 224 ) 
4 2 5 (3072 3072 -128 ) (3072 3072 1024 ) (3072 3776 1024 ) (3072 3776 -128 ) 
4 3 34 (3072 3072 -192 ) (3072 3072 -512 ) (3648 3072 -512 ) (3648 3072 -192 ) 
4 3 6 (3072 3072 -512 ) (3072 3072 -192 ) (3072 3776 -192 ) (3072 3776 -512 ) 
4 4 62 (2048 3840 -192 ) (2048 3776 -192 ) (2048 3776 1024 ) (2048 3840 1024 ) 
4 4 6 (3072 3840 -192 ) (3072 3776 -192 ) (2048 3776 -192 ) (2048 3840 -192 ) 
4 4 5 (2048 3776 1024 ) (2048 3776 -128 ) (3072 3776 -128 ) (3072 3776 1024 ) 
4 5 63 (2048 3072 -128 ) (2048 3072 1024 ) (2048 3776 1024 ) (2048 3776 -128 ) 
4 5 48 (2928 3072 64 ) (2896 3072 64 ) (2896 3072 -128 ) (2928 3072 -128 ) 
4 5 47 (3072 3072 -128 ) (3072 3072 64 ) (2928 3072 64 ) (2928 3072 -128 ) 
4 5 53 (2896 3072 64 ) (2048 3072 64 ) (2048 3072 -128 ) (2896 3072 -128 ) 
4 5 44 (3072 3072 64 ) (3072 3072 96 ) (2048 3072 96 ) (2048 3072 64 ) 
4 5 40 (3072 3072 96 ) (3072 3072 224 ) (2976 3072 224 ) (2976 3072 96 ) 
4 5 42 (2976 3072 224 ) (2048 3072 224 ) (2048 3072 96 ) (2976 3072 96 ) 
4 5 39 (3072 3072 224 ) (3072 3072 303.430817 ) (2976 3072 256 ) (2960 3072 224 ) 
3 5 36 (3072 3072 303.430817 ) (3072 3072 448 ) (2976 3072 256 ) 
5 5 35 (3072 3072 448 ) (3072 3072 1024 ) (2048 3072 1024 ) (2048 3072 224 ) (2960 3072 224 ) 
4 6 68 (2048 3072 -512 ) (2048 3072 -192 ) (2048 3840 -192 ) (2048 3840 -512 ) 
4 6 61 (3072 3072 -512 ) (3072 3072 -192 ) (2048 3072 -192 ) (2048 3072 -512 ) 
5 7 107 (3840 2048 1024 ) (3072 2048 1024 ) (3072 2048 390.387390 ) (3408.767822 2048 224 ) (3840 2048 224 ) 
4 7 36 (3072 3072 448 ) (3072 3072 390.387390 ) (3072 2048 390.387390 ) (3072 2048 448 ) 
4 7 35 (3072 3072 1024 ) (3072 3072 448 ) (3072 2048 448 ) (3072 2048 1024 ) 
4 7 18 (3840 2048 224 ) (3408.767822 2048 224 ) (3408.767822 3072 224 ) (3840 3072 224 ) 
4 7 17 (3408.767578 2368 224 ) (3408.767578 2048 224 ) (3344 2048 256 ) (3344 2352 256 ) 
3 7 16 (3408.767578 2382.732910 224 ) (3408.767578 2368 224 ) (3343.943115 2351.986084 256.027893 ) 
4 7 15 (3408.767578 2832 224 ) (3408.767578 2512.422119 224 ) (3344 2533.329834 256 ) (3344 2794.670410 256 ) 
5 7 14 (3182.079590 3072 336 ) (3408.767578 3072 224 ) (3408.767578 2832 224 ) (3344 2794.669922 256 ) (3182.079590 2742.399902 336 ) 
4 7 12 (3408.767578 2512.422119 224 ) (3408.767578 2382.732910 224 ) (3343.997803 2352.011963 256 ) (3343.997803 2533.330566 256 ) 
4 7 11 (3343.997803 2352.011963 256 ) (3246.847656 2305.932617 304 ) (3246.847656 2564.692139 304 ) (3343.997803 2533.330566 256 ) 
4 7 10 (3246.847656 2305.932617 304 ) (3182.079590 2275.212646 336 ) (3182.079590 2585.600098 336 ) (3246.847656 2564.692139 304 ) 
4 7 8 (3072 3072 390.387207 ) (3182.079590 3072 336 ) (3182.079590 2048 336 ) (3072 2048 390.387207 ) 
3 8 108 (3072 2048 390.387390 ) (3072 2048 336 ) (3182.080078 2048 336 ) 
4 8 36 (3072 3072 390.387390 ) (3072 3072 336 ) (3072 2048 336 ) (3072 2048 390.387390 ) 
4 8 14 (3137.919922 3072 336 ) (3182.082031 3072 336 ) (3182.082031 2742.399902 336 ) (3137.919922 2742.399902 336 ) 
4 8 10 (3182.082031 2585.600098 336 ) (3182.082031 2275.212891 336 ) (3137.919922 2275.212646 336 ) (3137.919922 2585.600098 336 ) 
4 8 9 (3072 2048 336 ) (3072 3072 336 ) (3137.919922 3072 336 ) (3137.919922 2048 336 ) 
3 9 113 (3072 2048 336 ) (3072 2048 303.430786 ) (3137.919922 2048 336 ) 
4 9 36 (3072 3072 336 ) (3072 3072 303.430786 ) (3072 2048 303.430786 ) (3072 2048 336 ) 
4 9 14 (3072 3072 303.427948 ) (3137.925781 3072 336 ) (3137.925781 2742.399902 336 ) (3072 2763.681396 303.427948 ) 
4 9 13 (3073.157715 2305.932861 304 ) (3072 2306.481934 303.427948 ) (3072 2564.318359 303.427948 ) (3073.157715 2564.692139 304 ) 
4 9 10 (3137.925781 2585.600098 336 ) (3137.925781 2275.212891 336 ) (3073.157715 2305.932861 304 ) (3073.157715 2564.692139 304 ) 
4 10 13 (3191.679688 2305.933105 304 ) (3073.152344 2305.933105 304 ) (3073.144531 2564.693359 304 ) (3191.679688 2564.693359 304 ) 
4 10 11 (3246.847656 2305.933105 304 ) (3224.319824 2305.933105 304 ) (3224.320068 2564.693359 304 ) (3246.848145 2564.693359 304 ) 
4 12 18 (3376 2512.422119 224 ) (3408.767822 2512.422119 224 ) (3408.767822 2382.732910 224 ) (3376 2382.732910 224 ) 
3 12 16 (3408.765625 2382.734375 224 ) (3344.001221 2352.015625 255.998291 ) (3376 2382.734375 224 ) 
3 12 15 (3344 2533.333008 256 ) (3408.766846 2512.425049 224 ) (3376 2512.425049 224 ) 
4 13 37 (3072 2352.012939 256 ) (3072 2306.479248 303.430786 ) (3072 2564.320313 303.430786 ) (3072 2533.330078 256 ) 
5 14 39 (3072 3072 303.430786 ) (3072 3072 224 ) (3072 2832 224 ) (3072 2794.669678 256 ) (3072 2763.679688 303.430786 ) 
4 14 19 (3072 2832 224 ) (3072 3072 224 ) (3360 3072 224 ) (3360 2832 224 ) 
4 14 18 (3360 3072 224 ) (3408.767822 3072 224 ) (3408.767822 2832 224 ) (3360 2832 224 ) 
3 14 15 (3408.765625 2832.003906 224 ) (3344.002197 2794.675781 255.997894 ) (3376 2832.003906 224 ) 
4 15 18 (3376 2832 224 ) (3408.767822 2832 224 ) (3408.767822 2512.422119 224 ) (3376 2512.422119 224 ) 
4 16 18 (3376 2382.732910 224 ) (3408.767822 2382.732910 224 ) (3408.767822 2368 224 ) (3376 2368 224 ) 
3 16 17 (3408.769531 2368 224 ) (3343.998291 2352 256.001251 ) (3376 2368 224 ) 
3 17 115 (3376 2048 224 ) (3408.767822 2048 224 ) (3344 2048 256 ) 
4 17 18 (3408.767822 2048 224 ) (3376 2048 224 ) (3376 2368 224 ) (3408.767822 2368 224 ) 
4 18 119 (3408.767822 2048 224 ) (3360 2048 224 ) (3360 2048 96 ) (3667.839844 2048 96 ) 
4 18 107 (3840 2048 224 ) (3408.767822 2048 224 ) (3667.839844 2048 96 ) (3840 2048 96 ) 
4 18 23 (3840 2384 96 ) (3840 2048 96 ) (3392 2048 96 ) (3392 2384 96 ) 
4 18 22 (3360 3072 96 ) (3392 3072 96 ) (3392 2832 96 ) (3360 2832 96 ) 
4 18 21 (3392 3072 96 ) (3840 3072 96 ) (3840 2384 96 ) (3392 2384 96 ) 
4 18 19 (3360 3072 96 ) (3360 2813.330078 96 ) (3360 2813.330078 224 ) (3360 3072 224 ) 
4 19 40 (3072 3072 224 ) (3072 3072 96 ) (3072 2813.330078 96 ) (3072 2813.330078 224 ) 
4 19 22 (3072 2832 96 ) (3072 3072 96 ) (3360 3072 96 ) (3360 2832 96 ) 
4 20 41 (3072 2514.669922 96 ) (3072 2352 96 ) (3072 2352 224 ) (3072 2514.669922 224 ) 
4 21 29 (3840 2592 64 ) (3840 2384 64 ) (3408 2384 64 ) (3408 2592 64 ) 
4 21 24 (3408 3072 64 ) (3840 3072 64 ) (3840 2592 64 ) (3408 2592 64 ) 
4 21 23 (3408 2384 64 ) (3840 2384 64 ) (3840 2384 96 ) (3392 2384 96 ) 
4 21 22 (3408 3072 64 ) (3408 2864 64 ) (3392 2832 96 ) (3392 3072 96 ) 
4 22 44 (3072 3072 96 ) (3072 3072 64 ) (3072 2864 64 ) (3072 2832 96 ) 
4 22 26 (3072 2864 64 ) (3072 3072 64 ) (3104 3072 64 ) (3104 2864 64 ) 
4 22 25 (3104 3072 64 ) (3392 3072 64 ) (3392 2864 64 ) (3104 2864 64 ) 
4 22 24 (3392 3072 64 ) (3408 3072 64 ) (3408 2864 64 ) (3392 2864 64 ) 
4 23 123 (3667.839844 2048 96 ) (3392 2048 96 ) (3408 2048 64 ) (3732.607666 2048 64 ) 
4 23 107 (3840 2048 96 ) (3667.839844 2048 96 ) (3732.607666 2048 64 ) (3840 2048 64 ) 
4 23 30 (3408 2384 64 ) (3840 2384 64 ) (3840 2048 64 ) (3408 2048 64 ) 
4 24 32 (3648 3072 -128 ) (3840 3072 -128 ) (3840 2592 -128 ) (3648 2592 -128 ) 
4 24 29 (3392 2592 -128 ) (3840 2592 -128 ) (3840 2592 64 ) (3392 2592 64 ) 
4 24 25 (3392 3072 -128 ) (3392 2848 -128 ) (3392 2848 64 ) (3392 3072 64 ) 
4 25 26 (3104 3072 -128 ) (3104 2848 -128 ) (3104 2848 64 ) (3104 3072 64 ) 
4 26 47 (3072 3072 64 ) (3072 3072 -128 ) (3072 2848 -128 ) (3072 2848 64 ) 
4 27 28 (3088 2672 -32 ) (3088 2672 -128 ) (3088 2608 -128 ) (3088 2608 -32 ) 
4 28 49 (3072 2688 -128 ) (3072 2592 -128 ) (3072 2592 -16 ) (3072 2688 -16 ) 
4 29 32 (3648 2592 -128 ) (3840 2592 -128 ) (3840 2384 -128 ) (3648 2384 -128 ) 
4 29 30 (3392 2384 -128 ) (3840 2384 -128 ) (3840 2384 64 ) (3392 2384 64 ) 
4 30 130 (3840 2048 64 ) (3392 2048 64 ) (3392 2048 -128 ) (3840 2048 -128 ) 
4 30 32 (3840 2048 -128 ) (3648 2048 -128 ) (3648 2384 -128 ) (3840 2384 -128 ) 
4 31 131 (3168 2048 64 ) (3072 2048 64 ) (3072 2048 -128 ) (3168 2048 -128 ) 
4 31 56 (3072 2336 -128 ) (3072 2048 -128 ) (3072 2048 64 ) (3072 2336 64 ) 
4 31 54 (3072 2352 -128 ) (3072 2336 -128 ) (3072 2336 64 ) (3072 2352 64 ) 
4 31 33 (3168 2048 -128 ) (3072 2048 -128 ) (3072 2352 -128 ) (3168 2352 -128 ) 
4 32 147 (3840 2048 -128 ) (3648 2048 -128 ) (3648 2048 -192 ) (3840 2048 -192 ) 
4 32 34 (3648 3072 -192 ) (3840 3072 -192 ) (3840 2048 -192 ) (3648 2048 -192 ) 
4 33 148 (3360 2048 -128 ) (3072 2048 -128 ) (3072 2048 -192 ) (3360 2048 -192 ) 
4 33 59 (3072 2368 -192 ) (3072 2048 -192 ) (3072 2048 -128 ) (3072 2368 -128 ) 
4 33 34 (3072 2048 -192 ) (3072 2368 -192 ) (3360 2368 -192 ) (3360 2048 -192 ) 
4 34 149 (3840 2048 -192 ) (3072 2048 -192 ) (3072 2048 -512 ) (3840 2048 -512 ) 
4 34 61 (3072 3072 -192 ) (3072 3072 -512 ) (3072 2048 -512 ) (3072 2048 -192 ) 
5 35 150 (3072 2048 448 ) (3072 2048 1024 ) (2048 2048 1024 ) (2048 2048 224 ) (2960 2048 224 ) 
4 35 73 (2048 2048 224 ) (2048 2048 336 ) (2048 3072 336 ) (2048 3072 224 ) 
4 35 72 (2048 2048 336 ) (2048 2048 1024 ) (2048 3072 1024 ) (2048 3072 336 ) 
4 35 42 (2960 2048 224 ) (2048 2048 224 ) (2048 3072 224 ) (2960 3072 224 ) 
4 35 39 (2960 2832 224 ) (2960 3072 224 ) (2976 3072 256 ) (2976 2794.669922 256 ) 
4 35 38 (2960 2368 224 ) (2960 2382.732666 224 ) (2976 2352.012695 256 ) (2976 2352 256 ) 
4 35 37 (2960 2382.732666 224 ) (2960 2496 224 ) (2976 2533.329834 256 ) (2976 2352.012695 256 ) 
4 35 36 (2976 3072 256 ) (3072 3072 448 ) (3072 2048 448 ) (2976 2048 256 ) 
3 36 151 (3072 2048 303.430786 ) (3072 2048 448 ) (2976 2048 256 ) 
5 36 39 (2975.992188 2794.676514 255.994141 ) (2975.992188 3072 255.994141 ) (3072 3072 303.428314 ) (3072 2763.681641 303.428314 ) (2976.003662 2794.669922 256 ) 
5 36 37 (2975.992188 2352.018311 255.994141 ) (2975.992188 2533.323242 255.994141 ) (2976.004883 2533.330566 256 ) (3072 2564.318604 303.428314 ) (3072 2306.481689 303.428314 ) 
4 37 41 (3072 2496 224 ) (3072 2382.732910 224 ) (2976 2382.732666 224 ) (2976 2496 224 ) 
4 37 42 (2976 2382.732666 224 ) (2960 2382.732666 224 ) (2960 2496 224 ) (2976 2496 224 ) 
5 37 38 (2976.050537 2351.987793 256.024933 ) (2976 2352.011719 256 ) (2960 2382.731934 224 ) (3072 2382.731934 224 ) (3072 2351.986816 256.026520 ) 
4 38 41 (3072 2382.732910 224 ) (3072 2368 224 ) (2976 2368 224 ) (2976 2382.732666 224 ) 
4 38 42 (2976 2368 224 ) (2960 2368 224 ) (2960 2382.732666 224 ) (2976 2382.732666 224 ) 
4 39 40 (3072 3072 224 ) (3072 2832 224 ) (2976 2832 224 ) (2976 3072 224 ) 
4 39 42 (2976 2832 224 ) (2960 2832 224 ) (2960 3072 224 ) (2976 3072 224 ) 
4 40 44 (2976 2832 96 ) (2976 3072 96 ) (3072 3072 96 ) (3072 2832 96 ) 
4 40 42 (2976 3072 96 ) (2976 2813.330078 96 ) (2976 2813.330078 224 ) (2976 3072 224 ) 
4 41 43 (2976 2384 96 ) (2976 2496 96 ) (3072 2496 96 ) (3072 2384 96 ) 
4 41 42 (2976 2514.669922 96 ) (2976 2352 96 ) (2976 2352 224 ) (2976 2514.669922 224 ) 
4 42 159 (2976 2048 224 ) (2048 2048 224 ) (2048 2048 96 ) (2976 2048 96 ) 
4 42 79 (2048 2048 96 ) (2048 2048 224 ) (2048 3072 224 ) (2048 3072 96 ) 
4 42 46 (2944 2048 96 ) (2048 2048 96 ) (2048 2384 96 ) (2944 2384 96 ) 
4 42 45 (2048 2496 96 ) (2048 2832 96 ) (2948.800049 2832 96 ) (2948.800049 2496 96 ) 
4 42 44 (2048 2832 96 ) (2048 3072 96 ) (2976 3072 96 ) (2976 2832 96 ) 
4 42 43 (2048 2384 96 ) (2048 2496 96 ) (2976 2496 96 ) (2976 2384 96 ) 
4 43 82 (2048 2384 96 ) (2048 2496 96 ) (2048 2464 64 ) (2048 2384 64 ) 
4 43 51 (2896 2464 64 ) (2928 2464 64 ) (2928 2384 64 ) (2896 2384 64 ) 
4 43 49 (2928 2464 64 ) (3072 2464 64 ) (3072 2384 64 ) (2928 2384 64 ) 
4 43 53 (2048 2384 64 ) (2048 2464 64 ) (2896 2464 64 ) (2896 2384 64 ) 
4 43 46 (2048 2384 64 ) (2896 2384 64 ) (2944 2384 96 ) (2048 2384 96 ) 
4 43 45 (2896 2464 64 ) (2048 2464 64 ) (2048 2496 96 ) (2948.800049 2496 96 ) 
4 44 82 (2048 2832 96 ) (2048 3072 96 ) (2048 3072 64 ) (2048 2864 64 ) 
4 44 48 (2896 3072 64 ) (2928 3072 64 ) (2928 2864 64 ) (2896 2864 64 ) 
4 44 47 (2928 3072 64 ) (3072 3072 64 ) (3072 2864 64 ) (2928 2864 64 ) 
4 44 53 (2048 2864 64 ) (2048 3072 64 ) (2896 3072 64 ) (2896 2864 64 ) 
4 44 45 (2048 2864 64 ) (2896 2864 64 ) (2948.800049 2832 96 ) (2048 2832 96 ) 
4 45 82 (2048 2496 96 ) (2048 2832 96 ) (2048 2864 64 ) (2048 2464 64 ) 
4 45 53 (2048 2464 64 ) (2048 2864 64 ) (2896 2864 64 ) (2896 2464 64 ) 
4 46 160 (2944 2048 96 ) (2048 2048 96 ) (2048 2048 64 ) (2896 2048 64 ) 
4 46 84 (2048 2048 64 ) (2048 2048 96 ) (2048 2256 96 ) (2048 2288 64 ) 
4 46 82 (2048 2256 96 ) (2048 2384 96 ) (2048 2384 64 ) (2048 2288 64 ) 
4 46 58 (2896 2048 64 ) (2048 2048 64 ) (2048 2336 64 ) (2896 2336 64 ) 
4 46 55 (2048 2336 64 ) (2048 2352 64 ) (2896 2352 64 ) (2896 2336 64 ) 
4 46 53 (2048 2352 64 ) (2048 2384 64 ) (2896 2384 64 ) (2896 2352 64 ) 
4 47 49 (2928 2832 -128 ) (3072 2832 -128 ) (3072 2832 64 ) (2928 2832 64 ) 
4 47 48 (2928 3072 -128 ) (2928 2864 -128 ) (2928 2864 64 ) (2928 3072 64 ) 
4 48 53 (2896 3072 -128 ) (2896 2864 -128 ) (2896 2864 64 ) (2896 3072 64 ) 
4 49 50 (2928 2832 64 ) (2928 2832 -128 ) (2928 2496 -128 ) (2928 2496 64 ) 
4 49 51 (2928 2464 -128 ) (2928 2384 -128 ) (2928 2384 64 ) (2928 2464 64 ) 
4 50 53 (2896 2832 -128 ) (2896 2496 -128 ) (2896 2496 64 ) (2896 2832 64 ) 
4 51 52 (2896 2384 64 ) (2896 2384 -128 ) (2912 2384 -128 ) (2912 2384 64 ) 
4 51 53 (2896 2464 -128 ) (2896 2384 -128 ) (2896 2384 64 ) (2896 2464 64 ) 
4 52 55 (2896 2352 -128 ) (2912 2352 -128 ) (2912 2352 64 ) (2896 2352 64 ) 
4 52 53 (2896 2384 -128 ) (2896 2352 -128 ) (2896 2352 64 ) (2896 2384 64 ) 
4 53 85 (2048 2352 64 ) (2048 3072 64 ) (2048 3072 -128 ) (2048 2352 -128 ) 
4 53 55 (2048 2352 -128 ) (2896 2352 -128 ) (2896 2352 64 ) (2048 2352 64 ) 
4 54 60 (3056 2336 -128 ) (2960 2336 -128 ) (2960 2352 -128 ) (3056 2352 -128 ) 
4 54 59 (3072 2352 -128 ) (3072 2336 -128 ) (3056 2336 -128 ) (3056 2352 -128 ) 
4 54 56 (2960 2336 -128 ) (3072 2336 -128 ) (3072 2336 64 ) (2960 2336 64 ) 
4 55 85 (2048 2336 64 ) (2048 2352 64 ) (2048 2352 -128 ) (2048 2336 -128 ) 
4 55 58 (2048 2336 -128 ) (2928 2336 -128 ) (2928 2336 64 ) (2048 2336 64 ) 
4 56 161 (3072 2048 -128 ) (3072 2048 64 ) (2960 2048 64 ) (2960 2048 -128 ) 
4 56 60 (3056 2048 -128 ) (2960 2048 -128 ) (2960 2336 -128 ) (3056 2336 -128 ) 
4 56 59 (3072 2336 -128 ) (3072 2048 -128 ) (3056 2048 -128 ) (3056 2336 -128 ) 
4 57 162 (2928 2048 48 ) (2928 2048 -128 ) (2944 2048 -128 ) (2944 2048 48 ) 
4 57 58 (2928 2336 48 ) (2928 2336 -128 ) (2928 2048 -128 ) (2928 2048 48 ) 
4 58 163 (2928 2048 64 ) (2048 2048 64 ) (2048 2048 -128 ) (2928 2048 -128 ) 
4 58 89 (2048 2048 -128 ) (2048 2048 64 ) (2048 2224 64 ) (2048 2224 -128 ) 
4 58 88 (2048 2224 64 ) (2048 2240 64 ) (2048 2240 -128 ) (2048 2224 -128 ) 
4 58 86 (2048 2240 64 ) (2048 2272 64 ) (2048 2272 -128 ) (2048 2240 -128 ) 
4 58 85 (2048 2272 64 ) (2048 2336 64 ) (2048 2336 -128 ) (2048 2272 -128 ) 
4 59 179 (3072 2048 -192 ) (3072 2048 -128 ) (3056 2048 -128 ) (3056 2048 -192 ) 
4 59 61 (3072 2048 -192 ) (3056 2048 -192 ) (3056 2368 -192 ) (3072 2368 -192 ) 
4 59 60 (3056 2352 -192 ) (3056 2048 -192 ) (3056 2048 -128 ) (3056 2352 -128 ) 
4 60 179 (3056 2048 -128 ) (2960 2048 -128 ) (2960 2048 -192 ) (3056 2048 -192 ) 
4 60 61 (3056 2048 -192 ) (2960 2048 -192 ) (2960 2352 -192 ) (3056 2352 -192 ) 
4 61 181 (3072 2048 -512 ) (3072 2048 -192 ) (2048 2048 -192 ) (2048 2048 -512 ) 
4 61 96 (2048 2048 -512 ) (2048 2048 -192 ) (2048 3072 -192 ) (2048 3072 -512 ) 
4 62 68 (1984 3776 -192 ) (1984 3840 -192 ) (2048 3840 -192 ) (2048 3776 -192 ) 
4 62 64 (1984 3840 -192 ) (1984 3776 -192 ) (1984 3776 1024 ) (1984 3840 1024 ) 
4 62 63 (1984 3776 1024 ) (1984 3776 -128 ) (2048 3776 -128 ) (2048 3776 1024 ) 
4 63 85 (2048 3072 -128 ) (2048 3072 64 ) (1984 3072 64 ) (1984 3072 -128 ) 
4 63 82 (2048 3072 64 ) (2048 3072 96 ) (1984 3072 96 ) (1984 3072 64 ) 
4 63 79 (2048 3072 96 ) (2048 3072 224 ) (1984 3072 224 ) (1984 3072 96 ) 
4 63 73 (2048 3072 224 ) (2048 3072 336 ) (1984 3072 336 ) (1984 3072 224 ) 
4 63 72 (2048 3072 336 ) (2048 3072 1024 ) (1984 3072 1024 ) (1984 3072 336 ) 
4 63 67 (1984 3072 32 ) (1984 3072 1024 ) (1984 3520 1024 ) (1984 3520 32 ) 
4 63 66 (1984 3776 32 ) (1984 3776 -128 ) (1984 3520 -128 ) (1984 3520 32 ) 
4 63 65 (1984 3520 1024 ) (1984 3776 1024 ) (1984 3776 32 ) (1984 3520 32 ) 
4 64 70 (1024 3840 -192 ) (1024 3776 -192 ) (1024 3776 32 ) (1024 3840 32 ) 
4 64 69 (1024 3776 32 ) (1024 3776 1024 ) (1024 3840 1024 ) (1024 3840 32 ) 
4 64 68 (1024 3776 -192 ) (1024 3840 -192 ) (1984 3840 -192 ) (1984 3776 -192 ) 
3 64 66 (1984 3776 -128 ) (1984 3776 32 ) (1696 3776 32 ) 
4 64 65 (1984 3776 32 ) (1984 3776 1024 ) (1024 3776 1024 ) (1024 3776 32 ) 
4 65 69 (1024 3520 32 ) (1024 3520 1024 ) (1024 3776 1024 ) (1024 3776 32 ) 
4 65 67 (1984 3520 32 ) (1984 3520 1024 ) (1024 3520 1024 ) (1024 3520 32 ) 
4 65 66 (1984 3520 32 ) (1696 3520 32 ) (1696 3776 32 ) (1984 3776 32 ) 
4 67 85 (1024 3072 64 ) (1024 3072 32 ) (1984 3072 32 ) (1984 3072 64 ) 
4 67 82 (1024 3072 96 ) (1024 3072 64 ) (1984 3072 64 ) (1984 3072 96 ) 
4 67 80 (1248 3072 96 ) (1632 3072 96 ) (1632 3072 224 ) (1248 3072 224 ) 
4 67 79 (1632 3072 96 ) (1984 3072 96 ) (1984 3072 224 ) (1632 3072 224 ) 
4 67 81 (1024 3072 224 ) (1024 3072 96 ) (1248 3072 96 ) (1248 3072 224 ) 
5 67 76 (1232 3072 224 ) (1648 3072 224 ) (1632 3072 256 ) (1470.080078 3072 336 ) (1344 3072 336 ) 
4 67 75 (1024 3072 336 ) (1024 3072 224 ) (1232 3072 224 ) (1344 3072 336 ) 
3 67 74 (1632 3072 256 ) (1592 3072 336 ) (1470.080078 3072 336 ) 
4 67 73 (1648 3072 224 ) (1984 3072 224 ) (1984 3072 336 ) (1592 3072 336 ) 
4 67 72 (1984 3072 1024 ) (1024 3072 1024 ) (1024 3072 336 ) (1984 3072 336 ) 
4 67 69 (1024 3072 32 ) (1024 3072 1024 ) (1024 3520 1024 ) (1024 3520 32 ) 
4 68 96 (2048 3072 -512 ) (2048 3072 -192 ) (1024 3072 -192 ) (1024 3072 -512 ) 
4 68 71 (1024 3840 -512 ) (1024 3072 -512 ) (1024 3072 -192 ) (1024 3840 -192 ) 
4 69 105 (0 3072 32 ) (0 3072 1024 ) (0 3840 1024 ) (0 3840 32 ) 
4 69 97 (0 3072 1024 ) (0 3072 32 ) (1024 3072 32 ) (1024 3072 1024 ) 
4 69 70 (0 3776 32 ) (0 3840 32 ) (1024 3840 32 ) (1024 3776 32 ) 
4 70 105 (0 3776 32 ) (0 3840 32 ) (0 3840 -192 ) (0 3776 -192 ) 
4 70 71 (1024 3840 -192 ) (1024 3776 -192 ) (0 3776 -192 ) (0 3840 -192 ) 
4 71 105 (0 3072 -512 ) (0 3072 -192 ) (0 3840 -192 ) (0 3840 -512 ) 
4 71 104 (0 3072 -192 ) (0 3072 -512 ) (1024 3072 -512 ) (1024 3072 -192 ) 
4 72 241 (2048 2048 336 ) (2048 2048 1024 ) (1024 2048 1024 ) (1024 2048 336 ) 
4 72 101 (1024 2432 336 ) (1024 2048 336 ) (1024 2048 1024 ) (1024 2432 1024 ) 
4 72 97 (1024 3072 1024 ) (1024 3072 336 ) (1024 2432 336 ) (1024 2432 1024 ) 
4 72 78 (1425.920044 2048 336 ) (1344 2048 336 ) (1344 2144 336 ) (1425.920044 2144 336 ) 
4 72 77 (1425.920044 2144 336 ) (1344 2144 336 ) (1344 2147.199951 336 ) (1425.920044 2147.199951 336 ) 
4 72 76 (1344 3072 336 ) (1470.079956 3072 336 ) (1470.079956 2147.199951 336 ) (1344 2147.199951 336 ) 
4 72 75 (1024 3072 336 ) (1344 3072 336 ) (1344 2048 336 ) (1024 2048 336 ) 
4 72 74 (1470.079956 3072 336 ) (1592 3072 336 ) (1592 2048 336 ) (1470.079956 2048 336 ) 
4 72 73 (1592 3072 336 ) (2048 3072 336 ) (2048 2048 336 ) (1592 2048 336 ) 
4 73 242 (2048 2048 224 ) (2048 2048 336 ) (1592 2048 336 ) (1648 2048 224 ) 
4 73 79 (1648 3072 224 ) (2048 3072 224 ) (2048 2048 224 ) (1648 2048 224 ) 
4 73 76 (1648 3072 224 ) (1648 2256 224 ) (1632 2224 256 ) (1632 3072 256 ) 
4 73 74 (1632 2048 256 ) (1592 2048 336 ) (1592 3072 336 ) (1632 3072 256 ) 
3 74 248 (1592 2048 336 ) (1470.079956 2048 336 ) (1632 2048 256 ) 
4 74 76 (1470.078979 2147.199951 336 ) (1470.078979 3072 336 ) (1632 3072 256 ) (1632 2224 256 ) 
3 75 261 (1199.232056 2048 224 ) (1232 2048 224 ) (1264 2048 256 ) 
5 75 243 (1344 2048 336 ) (1024 2048 336 ) (1024 2048 224 ) (1199.232056 2048 224 ) (1264 2048 256 ) 
4 75 101 (1024 2432 224 ) (1024 2048 224 ) (1024 2048 336 ) (1024 2432 336 ) 
4 75 97 (1024 3072 336 ) (1024 3072 224 ) (1024 2432 224 ) (1024 2432 336 ) 
4 75 81 (1024 3072 224 ) (1232 3072 224 ) (1232 2048 224 ) (1024 2048 224 ) 
5 75 78 (1264 2224 256 ) (1264.006104 2223.994141 256.006042 ) (1344 2144 336 ) (1344 2048 336 ) (1264 2048 256 ) 
3 75 77 (1344 2147.199951 336 ) (1344 2144 336 ) (1264.006104 2223.994141 256.006042 ) 
5 75 76 (1232 2256 224 ) (1232 3072 224 ) (1344 3072 336 ) (1344 2147.199951 336 ) (1264.006104 2223.994141 256.006042 ) 
4 76 80 (1248 3072 224 ) (1632 3072 224 ) (1632 2256 224 ) (1248 2256 224 ) 
4 76 79 (1632 3072 224 ) (1648 3072 224 ) (1648 2256 224 ) (1632 2256 224 ) 
4 76 81 (1232 3072 224 ) (1248 3072 224 ) (1248 2256 224 ) (1232 2256 224 ) 
4 76 77 (1343.996094 2147.199219 336 ) (1264.023438 2223.972656 256.027344 ) (1264.055420 2223.972656 256.027344 ) (1425.920166 2147.199219 336 ) 
4 77 78 (1344 2144 336 ) (1264.003052 2223.997070 256.003021 ) (1264.006226 2223.997070 256.003021 ) (1425.920166 2144 336 ) 
3 78 243 (1425.920044 2048 336 ) (1344 2048 336 ) (1264 2048 256 ) 
4 79 263 (2048 2048 96 ) (2048 2048 224 ) (1632 2048 224 ) (1632 2048 96 ) 
4 79 84 (2048 2048 96 ) (1664 2048 96 ) (1664 2256 96 ) (2048 2256 96 ) 
4 79 82 (1632 2256 96 ) (1632 3072 96 ) (2048 3072 96 ) (2048 2256 96 ) 
4 79 80 (1632 3072 96 ) (1632 2240 96 ) (1632 2240 224 ) (1632 3072 224 ) 
4 80 82 (1248 2256 96 ) (1248 3072 96 ) (1632 3072 96 ) (1632 2256 96 ) 
4 80 81 (1248 3072 96 ) (1248 2240 96 ) (1248 2240 224 ) (1248 3072 224 ) 
4 81 267 (1248 2048 224 ) (1024 2048 224 ) (1024 2048 96 ) (1248 2048 96 ) 
4 81 101 (1024 2432 96 ) (1024 2048 96 ) (1024 2048 224 ) (1024 2432 224 ) 
4 81 97 (1024 3072 224 ) (1024 3072 96 ) (1024 2432 96 ) (1024 2432 224 ) 
4 81 83 (1216 2048 96 ) (1024 2048 96 ) (1024 2256 96 ) (1216 2256 96 ) 
4 81 82 (1024 2256 96 ) (1024 3072 96 ) (1248 3072 96 ) (1248 2256 96 ) 
4 82 101 (1024 2432 64 ) (1024 2288 64 ) (1024 2256 96 ) (1024 2432 96 ) 
4 82 97 (1024 3072 96 ) (1024 3072 64 ) (1024 2432 64 ) (1024 2432 96 ) 
4 82 85 (1024 2288 64 ) (1024 3072 64 ) (2048 3072 64 ) (2048 2288 64 ) 
4 82 84 (1712 2288 64 ) (2048 2288 64 ) (2048 2256 96 ) (1664 2256 96 ) 
4 82 83 (1024 2288 64 ) (1200 2288 64 ) (1216 2256 96 ) (1024 2256 96 ) 
4 83 271 (1216 2048 96 ) (1024 2048 96 ) (1024 2048 64 ) (1200 2048 64 ) 
4 83 101 (1024 2288 64 ) (1024 2048 64 ) (1024 2048 96 ) (1024 2256 96 ) 
4 83 93 (1200 2048 64 ) (1024 2048 64 ) (1024 2240 64 ) (1200 2240 64 ) 
4 83 87 (1024 2240 64 ) (1024 2272 64 ) (1200 2272 64 ) (1200 2240 64 ) 
4 83 85 (1024 2272 64 ) (1024 2288 64 ) (1200 2288 64 ) (1200 2272 64 ) 
4 84 272 (2048 2048 64 ) (2048 2048 96 ) (1664 2048 96 ) (1712 2048 64 ) 
4 84 89 (2048 2048 64 ) (1712 2048 64 ) (1712 2224 64 ) (2048 2224 64 ) 
4 84 88 (1712 2224 64 ) (1712 2240 64 ) (2048 2240 64 ) (2048 2224 64 ) 
4 84 86 (1712 2240 64 ) (1712 2272 64 ) (2048 2272 64 ) (2048 2240 64 ) 
4 84 85 (1712 2272 64 ) (1712 2288 64 ) (2048 2288 64 ) (2048 2272 64 ) 
4 85 101 (1024 2432 -128 ) (1024 2272 -128 ) (1024 2272 64 ) (1024 2432 64 ) 
4 85 99 (1024 2560 -128 ) (1024 2432 -128 ) (1024 2432 32 ) (1024 2560 32 ) 
4 85 98 (1024 3072 32 ) (1024 3072 -128 ) (1024 2560 -128 ) (1024 2560 32 ) 
4 85 97 (1024 3072 64 ) (1024 3072 32 ) (1024 2432 32 ) (1024 2432 64 ) 
4 85 87 (1024 2272 -128 ) (1216 2272 -128 ) (1216 2272 64 ) (1024 2272 64 ) 
4 85 86 (1696 2272 -128 ) (2048 2272 -128 ) (2048 2272 64 ) (1696 2272 64 ) 
4 86 88 (1696 2240 -128 ) (2048 2240 -128 ) (2048 2240 64 ) (1696 2240 64 ) 
4 87 101 (1024 2272 -128 ) (1024 2240 -128 ) (1024 2240 64 ) (1024 2272 64 ) 
4 87 93 (1024 2240 -128 ) (1216 2240 -128 ) (1216 2240 64 ) (1024 2240 64 ) 
4 88 89 (1680 2224 -128 ) (2048 2224 -128 ) (2048 2224 64 ) (1680 2224 64 ) 
4 89 278 (2048 2048 -128 ) (2048 2048 64 ) (1680 2048 64 ) (1680 2048 -128 ) 
4 89 90 (1680 2224 48 ) (1680 2224 -128 ) (1680 2048 -128 ) (1680 2048 48 ) 
4 90 279 (1664 2048 48 ) (1664 2048 -128 ) (1680 2048 -128 ) (1680 2048 48 ) 
4 91 92 (1648 2240 64 ) (1648 2240 -128 ) (1648 2224 -128 ) (1648 2224 64 ) 
4 92 283 (1648 2048 64 ) (1440 2048 64 ) (1440 2048 -128 ) (1648 2048 -128 ) 
4 92 95 (1648 2048 -128 ) (1440 2048 -128 ) (1440 2240 -128 ) (1648 2240 -128 ) 
4 93 284 (1216 2048 64 ) (1024 2048 64 ) (1024 2048 -128 ) (1216 2048 -128 ) 
4 93 101 (1024 2240 -128 ) (1024 2048 -128 ) (1024 2048 64 ) (1024 2240 64 ) 
4 94 96 (1248 2256 -192 ) (1696 2256 -192 ) (1696 2240 -192 ) (1248 2240 -192 ) 
4 94 95 (1248 2240 -192 ) (1648 2240 -192 ) (1648 2240 -128 ) (1248 2240 -128 ) 
4 95 302 (1552 2048 -128 ) (1248 2048 -128 ) (1248 2048 -192 ) (1552 2048 -192 ) 
4 95 301 (1648 2048 -128 ) (1552 2048 -128 ) (1552 2048 -192 ) (1648 2048 -192 ) 
4 95 96 (1648 2048 -192 ) (1248 2048 -192 ) (1248 2240 -192 ) (1648 2240 -192 ) 
4 96 303 (2048 2048 -512 ) (2048 2048 -192 ) (1024 2048 -192 ) (1024 2048 -512 ) 
4 96 104 (1024 3072 -192 ) (1024 3072 -512 ) (1024 2048 -512 ) (1024 2048 -192 ) 
4 97 106 (0 3072 1024 ) (0 3072 32 ) (0 2432 32 ) (0 2432 1024 ) 
4 97 102 (640 2432 1024 ) (0 2432 1024 ) (0 2432 32 ) (640 2432 32 ) 
4 97 101 (1024 2432 32 ) (1024 2432 1024 ) (640 2432 1024 ) (640 2432 32 ) 
4 97 99 (1024 2432 32 ) (719.982422 2432 32 ) (719.982422 2560 32 ) (1024 2560 32 ) 
4 97 98 (719.982422 3072 32 ) (1024 3072 32 ) (1024 2560 32 ) (719.982422 2560 32 ) 
4 98 99 (1024 2560 -128 ) (1024 2560 32 ) (719.982422 2560 32 ) (959.982422 2560 -128 ) 
4 99 101 (1024 2432 -128 ) (1024 2432 32 ) (719.982422 2432 32 ) (959.982422 2432 -128 ) 
4 100 104 (512 2560 -192 ) (640 2560 -192 ) (640 2432 -192 ) (512 2432 -192 ) 
4 101 304 (1024 2048 -128 ) (1024 2048 1024 ) (640 2048 1024 ) (640 2048 -128 ) 
4 101 102 (640 2432 1024 ) (640 2432 32 ) (640 2048 86.857147 ) (640 2048 1024 ) 
4 102 308 (0 2048 1024 ) (0 2048 86.857178 ) (640 2048 86.857147 ) (640 2048 1024 ) 
4 102 106 (0 2048 86.857147 ) (0 2048 1024 ) (0 2432 1024 ) (0 2432 32 ) 
4 103 309 (0 2048 -32 ) (0 2048 -192 ) (128 2048 -192 ) (128 2048 -32 ) 
4 103 106 (0 2048 -192 ) (0 2048 -32 ) (0 2432 -32 ) (0 2432 -192 ) 
4 103 104 (0 2048 -192 ) (0 2432 -192 ) (128 2432 -192 ) (128 2048 -192 ) 
4 104 312 (1024 2048 -512 ) (1024 2048 -192 ) (0 2048 -192 ) (0 2048 -512 ) 
4 104 106 (0 2048 -512 ) (0 2048 -192 ) (0 3072 -192 ) (0 3072 -512 ) 
4 105 106 (0 3072 -512 ) (0 3072 1024 ) (-256 3072 1024 ) (-256 3072 -512 ) 
4 106 319 (0 2048 -512 ) (0 2048 1024 ) (-256 2048 1024 ) (-256 2048 -512 ) 
4 107 196 (3667.839600 1024 96 ) (3732.607666 1024 64 ) (3840 1024 64 ) (3840 1024 96 ) 
4 107 193 (3408.767822 1024 224 ) (3667.839600 1024 96 ) (3840 1024 96 ) (3840 1024 224 ) 
4 107 183 (3182.080078 1024 336 ) (3408.767822 1024 224 ) (3840 1024 224 ) (3840 1024 336 ) 
5 107 182 (3840 1024 1024 ) (3072 1024 1024 ) (3072 1024 390.387390 ) (3182.080078 1024 336 ) (3840 1024 336 ) 
4 107 151 (3072 2048 448 ) (3072 2048 390.387390 ) (3072 1024 390.387329 ) (3072 1024 448 ) 
4 107 150 (3072 2048 1024 ) (3072 2048 448 ) (3072 1024 448 ) (3072 1024 1024 ) 
4 107 142 (3840 1184 64 ) (3840 1024 64 ) (3732.607666 1024 64 ) (3732.607666 1184 64 ) 
4 107 137 (3840 1792 64 ) (3840 1184 64 ) (3732.607666 1184 64 ) (3732.607666 1792 64 ) 
4 107 134 (3840 1888 64 ) (3840 1792 64 ) (3732.607666 1792 64 ) (3732.607666 1888 64 ) 
4 107 133 (3840 1920 64 ) (3840 1888 64 ) (3732.607666 1888 64 ) (3732.607666 1920 64 ) 
4 107 132 (3840 1952 64 ) (3840 1920 64 ) (3732.607666 1920 64 ) (3732.607666 1952 64 ) 
4 107 130 (3732.607666 2048 64 ) (3840 2048 64 ) (3840 1952 64 ) (3732.607666 1952 64 ) 
4 107 123 (3732.607422 2048 64 ) (3732.607422 1024 64 ) (3667.839355 1024 96 ) (3667.839355 2048 96 ) 
4 107 119 (3667.839355 1024 96 ) (3408.767578 1024 224 ) (3408.767578 2048 224 ) (3667.839355 2048 96 ) 
5 107 118 (3408.767578 1024 224 ) (3360.510498 1024 247.842484 ) (3344 1029.329712 256 ) (3344 1290.670410 256 ) (3408.767578 1328 224 ) 
4 107 115 (3344 2048 256 ) (3408.767578 2048 224 ) (3408.767578 1936 224 ) (3344 1968 256 ) 
6 107 114 (3182.079590 1238.400024 336 ) (3182.079834 2044.800049 336 ) (3343.993652 1968.002930 256.003021 ) (3408.767578 1936 224 ) (3408.767578 1328 224 ) (3344 1290.669922 256 ) 
4 107 111 (3344 1024 256 ) (3246.847656 1024 304 ) (3246.847656 1060.691895 304 ) (3344 1029.329712 256 ) 
3 107 110 (3360.510498 1024 247.842484 ) (3344 1024 256 ) (3344 1029.329712 256 ) 
4 107 109 (3246.847656 1024 304 ) (3182.079590 1024 336 ) (3182.079590 1081.599976 336 ) (3246.847656 1060.691895 304 ) 
4 107 108 (3182.079590 1024 336 ) (3072 1024 390.387238 ) (3072 2048 390.387268 ) (3182.079834 2048 336 ) 
3 108 182 (3072 1024 390.387390 ) (3072 1024 336 ) (3182.080078 1024 336 ) 
4 108 151 (3072 2048 390.387390 ) (3072 2048 336 ) (3072 1024 336 ) (3072 1024 390.387329 ) 
4 108 114 (3182.082031 2044.800171 336 ) (3182.082031 1238.400024 336 ) (3137.919922 1238.400024 336 ) (3137.919922 2044.800049 336 ) 
4 108 113 (3072 2048 336 ) (3137.919922 2048 336 ) (3137.919922 1081.599854 336 ) (3072 1081.599976 336 ) 
4 108 109 (3182.082031 1081.599854 336 ) (3182.082031 1024 336 ) (3072 1024 336 ) (3072 1081.599976 336 ) 
4 109 186 (3073.151855 1024 304 ) (3246.848145 1024 304 ) (3182.080078 1024 336 ) (3137.919922 1024 336 ) 
4 109 184 (3072 1024 336 ) (3072 1024 304 ) (3073.151855 1024 304 ) (3137.919922 1024 336 ) 
4 109 151 (3072 1024 304 ) (3072 1024 336 ) (3072 1081.599976 336 ) (3072 1060.691895 304 ) 
4 109 113 (3072 1060.691772 304 ) (3072 1081.599487 336 ) (3137.919922 1081.599487 336 ) (3073.151855 1060.691772 304 ) 
4 109 112 (3072 1060.693481 304 ) (3191.679688 1060.693481 304 ) (3191.679688 1024 304 ) (3072 1024 304 ) 
4 109 111 (3224.319824 1060.693481 304 ) (3246.847656 1060.693481 304 ) (3246.847656 1024 304 ) (3224.319824 1024 304 ) 
3 110 187 (3352.157227 1024 247.842484 ) (3360.510742 1024 247.842484 ) (3344 1024 256 ) 
3 110 118 (3343.996582 1029.332275 256.003143 ) (3360.514648 1024 247.841858 ) (3352.157715 1024 247.841858 ) 
3 111 188 (3344 1024 256 ) (3246.848145 1024 304 ) (3224.320068 1024 304 ) 
4 112 189 (3072 1024 303.430878 ) (3072 1024 256 ) (3191.679688 1024 304 ) (3073.151855 1024 304 ) 
3 112 184 (3072 1024 304 ) (3072 1024 303.430878 ) (3073.151855 1024 304 ) 
4 112 155 (3072 1024 256 ) (3072 1024 303.430847 ) (3072 1060.320068 303.430878 ) (3072 1029.329956 256 ) 
4 112 151 (3072 1024 303.430847 ) (3072 1024 304 ) (3072 1060.691895 304 ) (3072 1060.320068 303.430878 ) 
3 112 113 (3072 1060.319946 303.430878 ) (3072 1060.691772 304 ) (3073.151855 1060.691772 304 ) 
4 113 151 (3072 2048 336 ) (3072 2048 303.430786 ) (3072 1060.320068 303.430817 ) (3072 1081.599976 336 ) 
4 113 116 (3072 1259.681763 303.427979 ) (3072 2013.530884 303.427979 ) (3088 2021.119873 311.333130 ) (3088 1254.516724 311.333130 ) 
4 113 114 (3137.925781 2044.800171 336 ) (3137.925781 1238.400024 336 ) (3088 1254.516724 311.333130 ) (3088 2021.119873 311.333130 ) 
4 114 120 (3360 1328 224 ) (3088 1328 224 ) (3088 1936 224 ) (3360 1936 224 ) 
4 114 119 (3408.765381 1936 224 ) (3408.765381 1328 224 ) (3360 1328 224 ) (3360 1936 224 ) 
3 114 118 (3376 1328.002319 224 ) (3408.767822 1328.002319 224 ) (3344 1290.672852 256 ) 
3 114 117 (3088 1936 224 ) (3088 1934.633423 224 ) (3088 1936.489380 224.489502 ) 
7 114 116 (3088 1868.594604 224 ) (3088 1328 224 ) (3088 1290.664063 256.003906 ) (3088 1254.511475 311.335938 ) (3088 2021.122803 311.335999 ) (3088 1968.004150 256.004303 ) (3088 1960.146484 248.146652 ) 
3 114 115 (3408.765625 1936 224 ) (3376 1936 224 ) (3344.001465 1967.998169 255.998489 ) 
4 115 119 (3376 2048 224 ) (3408.765381 2048 224 ) (3408.765381 1936 224 ) (3376 1936 224 ) 
7 116 152 (3072 1960.146606 248.146683 ) (3072 1868.594604 224 ) (3072 1328 224 ) (3072 1290.669922 256 ) (3072 1259.679810 303.430817 ) (3072 2013.533569 303.430786 ) (3072 1968.003906 256.003937 ) 
4 116 121 (3072 1328 224 ) (3072 1868.594604 224 ) (3088 1868.594604 224 ) (3088 1328 224 ) 
3 117 153 (3072 1936 224 ) (3072 1934.633057 224 ) (3072 1936.489624 224.489670 ) 
4 117 122 (3072 1934.633057 224 ) (3072 1936 224 ) (3088 1936 224 ) (3088 1934.633423 224 ) 
4 118 187 (3376 1024 224 ) (3408.767822 1024 224 ) (3360.510742 1024 247.842484 ) (3352.157227 1024 247.842484 ) 
4 118 119 (3376 1328 224 ) (3408.765381 1328 224 ) (3408.765381 1024 224 ) (3376 1024 224 ) 
4 119 193 (3360 1024 96 ) (3667.839600 1024 96 ) (3408.767822 1024 224 ) (3360 1024 224 ) 
4 119 125 (3360 1328 96 ) (3360 1936 96 ) (3376 1936 96 ) (3376 1328 96 ) 
4 119 124 (3392 1936 96 ) (3392 1328 96 ) (3376 1328 96 ) (3376 1936 96 ) 
4 119 123 (3392 2048 96 ) (3667.839844 2048 96 ) (3667.839844 1024 96 ) (3392 1024 96 ) 
4 119 120 (3360 1952 96 ) (3360 1309.329956 96 ) (3360 1309.329956 224 ) (3360 1952 224 ) 
4 120 127 (3088 1328 96 ) (3088 1936 96 ) (3280 1936 96 ) (3280 1328 96 ) 
4 120 125 (3360 1936 96 ) (3360 1328 96 ) (3280 1328 96 ) (3280 1936 96 ) 
4 120 122 (3088 1952 224 ) (3088 1952 96 ) (3088 1449.326660 96 ) (3088 1934.633423 224 ) 
4 120 121 (3088 1383.283447 96 ) (3088 1309.329956 96 ) (3088 1309.329956 224 ) (3088 1868.594604 224 ) 
4 121 156 (3072 1383.283447 96 ) (3072 1309.329956 96 ) (3072 1309.329956 224 ) (3072 1868.594604 224 ) 
4 121 128 (3072 1328 96 ) (3072 1383.283447 96 ) (3088 1383.283447 96 ) (3088 1328 96 ) 
4 122 157 (3072 1952 96 ) (3072 1449.326416 96 ) (3072 1934.633179 224 ) (3072 1952 224 ) 
4 122 129 (3072 1449.326416 96 ) (3072 1936 96 ) (3088 1936 96 ) (3088 1449.326660 96 ) 
4 123 196 (3408 1024 64 ) (3732.607666 1024 64 ) (3667.839600 1024 96 ) (3392 1024 96 ) 
4 123 142 (3732.607666 1184 64 ) (3732.607666 1024 64 ) (3408 1024 64 ) (3408 1184 64 ) 
4 123 137 (3732.607666 1792 64 ) (3732.607666 1184 64 ) (3408 1184 64 ) (3408 1792 64 ) 
4 123 134 (3732.607666 1888 64 ) (3732.607666 1792 64 ) (3408 1792 64 ) (3408 1888 64 ) 
4 123 133 (3732.607666 1920 64 ) (3732.607666 1888 64 ) (3408 1888 64 ) (3408 1920 64 ) 
4 123 132 (3732.607666 1952 64 ) (3732.607666 1920 64 ) (3408 1920 64 ) (3408 1952 64 ) 
4 123 130 (3408 2048 64 ) (3732.607666 2048 64 ) (3732.607666 1952 64 ) (3408 1952 64 ) 
4 123 124 (3408 1904 64 ) (3408 1360 64 ) (3392 1328 96 ) (3392 1936 96 ) 
4 124 138 (3392 1360 64 ) (3376 1360 64 ) (3376 1792 64 ) (3392 1792 64 ) 
4 124 137 (3408 1792 64 ) (3408 1360 64 ) (3392 1360 64 ) (3392 1792 64 ) 
4 124 134 (3408 1888 64 ) (3408 1792 64 ) (3376 1792 64 ) (3376 1888 64 ) 
4 124 133 (3376 1904 64 ) (3408 1904 64 ) (3408 1888 64 ) (3376 1888 64 ) 
3 124 126 (3376 1370.350098 64 ) (3376 1360 64 ) (3376 1356.256348 67.743660 ) 
5 124 125 (3376 1936 96 ) (3376 1904 64 ) (3376 1430.589844 64 ) (3376 1334.467285 89.532654 ) (3376 1328 96 ) 
4 125 139 (3376 1792 64 ) (3376 1430.589966 64 ) (3280 1430.589966 64 ) (3280 1792 64 ) 
4 125 134 (3376 1888 64 ) (3376 1792 64 ) (3280 1792 64 ) (3280 1888 64 ) 
4 125 133 (3280 1904 64 ) (3376 1904 64 ) (3376 1888 64 ) (3280 1888 64 ) 
5 125 127 (3280 1936 96 ) (3280 1904 64 ) (3280 1430.589966 64 ) (3280 1334.467285 89.532722 ) (3280 1328 96 ) 
4 126 140 (3376 1370.350098 64 ) (3376 1360 64 ) (3280 1360 64 ) (3280 1370.351563 64 ) 
3 126 127 (3280 1370.351563 64 ) (3280 1360 64 ) (3280 1356.255859 67.744171 ) 
4 127 141 (3280 1792 64 ) (3280 1360 64 ) (3088 1360 64 ) (3088 1792 64 ) 
4 127 134 (3280 1888 64 ) (3280 1792 64 ) (3088 1792 64 ) (3088 1888 64 ) 
4 127 133 (3088 1904 64 ) (3280 1904 64 ) (3280 1888 64 ) (3088 1888 64 ) 
5 127 129 (3088 1936 96 ) (3088 1904 64 ) (3088 1360 64 ) (3088 1353.321411 70.678551 ) (3088 1449.326660 96 ) 
3 127 128 (3088 1339.537842 84.462166 ) (3088 1328 96 ) (3088 1383.283447 96 ) 
3 128 165 (3072 1328 96 ) (3072 1383.283447 96 ) (3072 1339.537842 84.462173 ) 
5 129 166 (3072 1904 64 ) (3072 1360 64 ) (3072 1353.321411 70.678604 ) (3072 1449.326416 96 ) (3072 1936 96 ) 
4 129 141 (3072 1360 64 ) (3072 1792 64 ) (3088 1792 64 ) (3088 1360 64 ) 
4 129 134 (3072 1792 64 ) (3072 1888 64 ) (3088 1888 64 ) (3088 1792 64 ) 
4 129 133 (3072 1888 64 ) (3072 1904 64 ) (3088 1904 64 ) (3088 1888 64 ) 
4 130 147 (3648 2048 -128 ) (3840 2048 -128 ) (3840 1952 -128 ) (3648 1952 -128 ) 
4 130 132 (3392 1952 -128 ) (3840 1952 -128 ) (3840 1952 64 ) (3392 1952 64 ) 
4 131 175 (3072 1968 -128 ) (3072 1952 -128 ) (3072 1952 64 ) (3072 1968 64 ) 
4 131 161 (3072 2048 64 ) (3072 2048 -128 ) (3072 1968 -128 ) (3072 1968 64 ) 
4 131 148 (3072 1952 -128 ) (3072 2048 -128 ) (3168 2048 -128 ) (3168 1952 -128 ) 
4 132 147 (3648 1952 -128 ) (3840 1952 -128 ) (3840 1920 -128 ) (3648 1920 -128 ) 
4 132 133 (3392 1920 -128 ) (3840 1920 -128 ) (3840 1920 64 ) (3392 1920 64 ) 
5 133 177 (3072 1920 -128 ) (3072 1888 -128 ) (3072 1888 48 ) (3072 1904 64 ) (3072 1920 64 ) 
3 133 167 (3072 1888 48 ) (3072 1888 64 ) (3072 1904 64 ) 
4 133 147 (3648 1920 -128 ) (3840 1920 -128 ) (3840 1888 -128 ) (3648 1888 -128 ) 
4 133 136 (3072 1888 -128 ) (3136 1888 -128 ) (3280 1888 -32 ) (3072 1888 -32 ) 
4 133 135 (3376 1888 -128 ) (3840 1888 -128 ) (3840 1888 -32 ) (3376 1888 -32 ) 
4 133 134 (3840 1888 -32 ) (3840 1888 64 ) (3072 1888 64 ) (3072 1888 -32 ) 
3 134 177 (3072 1888 48 ) (3072 1888 -32 ) (3072 1808 -32 ) 
5 134 167 (3072 1792 -32 ) (3072 1792 64 ) (3072 1888 64 ) (3072 1888 48 ) (3072 1808 -32 ) 
4 134 139 (3376 1792 64 ) (3280 1792 64 ) (3280 1792 -32 ) (3376 1792 -32 ) 
4 134 138 (3392 1792 64 ) (3376 1792 64 ) (3376 1792 -32 ) (3392 1792 -32 ) 
4 134 141 (3280 1792 64 ) (3072 1792 64 ) (3072 1792 -32 ) (3280 1792 -32 ) 
4 134 137 (3840 1792 -32 ) (3840 1792 64 ) (3392 1792 64 ) (3392 1792 -32 ) 
4 134 136 (3072 1888 -32 ) (3280 1888 -32 ) (3280 1792 -32 ) (3072 1792 -32 ) 
4 134 135 (3376 1888 -32 ) (3840 1888 -32 ) (3840 1792 -32 ) (3376 1792 -32 ) 
4 135 147 (3648 1888 -128 ) (3840 1888 -128 ) (3840 1792 -128 ) (3648 1792 -128 ) 
4 135 138 (3376 1792 -128 ) (3392 1792 -128 ) (3392 1792 -32 ) (3376 1792 -32 ) 
4 135 137 (3392 1792 -128 ) (3840 1792 -128 ) (3840 1792 -32 ) (3392 1792 -32 ) 
5 136 177 (3072 1888 -128 ) (3072 1792 -128 ) (3072 1792 -48 ) (3072 1808 -32 ) (3072 1888 -32 ) 
3 136 167 (3072 1792 -48 ) (3072 1792 -32 ) (3072 1808 -32 ) 
4 136 141 (3072 1792 -128 ) (3136 1792 -128 ) (3280 1792 -32 ) (3072 1792 -32 ) 
4 137 147 (3648 1792 -128 ) (3840 1792 -128 ) (3840 1184 -128 ) (3648 1184 -128 ) 
4 137 142 (3392 1184 -128 ) (3840 1184 -128 ) (3840 1184 64 ) (3392 1184 64 ) 
4 137 138 (3392 1792 64 ) (3392 1792 -128 ) (3392 1344 -128 ) (3392 1344 64 ) 
5 138 140 (3376 1792 -48 ) (3376 1792 -128 ) (3376 1344 -128 ) (3376 1344 64 ) (3376 1370.350098 64 ) 
3 138 139 (3376 1792 64 ) (3376 1792 -32 ) (3376 1430.589844 64 ) 
3 139 141 (3280 1792 64 ) (3280 1792 -32 ) (3280 1430.589844 64 ) 
5 140 141 (3280 1792 -48 ) (3280 1792 -128 ) (3280 1344 -128 ) (3280 1344 64 ) (3280 1370.351563 64 ) 
3 141 177 (3072 1792 -128 ) (3072 1712 -128 ) (3072 1792 -48 ) 
5 141 167 (3072 1712 -128 ) (3072 1344 -128 ) (3072 1344 64 ) (3072 1792 64 ) (3072 1792 -48 ) 
4 142 199 (3840 1024 64 ) (3392 1024 64 ) (3392 1024 -128 ) (3840 1024 -128 ) 
4 142 147 (3840 1024 -128 ) (3648 1024 -128 ) (3648 1184 -128 ) (3840 1184 -128 ) 
4 143 172 (3072 1184 -128 ) (3072 1168 -128 ) (3072 1168 -16 ) (3072 1184 -16 ) 
4 143 145 (3072 1168 -128 ) (3088 1168 -128 ) (3088 1168 -16 ) (3072 1168 -16 ) 
4 144 145 (3088 1168 -32 ) (3088 1168 -128 ) (3088 1104 -128 ) (3088 1104 -32 ) 
4 145 172 (3072 1168 -128 ) (3072 1104 -128 ) (3072 1104 -16 ) (3072 1168 -16 ) 
4 145 146 (3072 1104 -128 ) (3088 1104 -128 ) (3088 1104 -16 ) (3072 1104 -16 ) 
4 146 172 (3072 1104 -128 ) (3072 1088 -128 ) (3072 1088 -16 ) (3072 1104 -16 ) 
4 147 205 (3840 1024 -128 ) (3648 1024 -128 ) (3648 1024 -192 ) (3840 1024 -192 ) 
4 147 149 (3648 2048 -192 ) (3840 2048 -192 ) (3840 1024 -192 ) (3648 1024 -192 ) 
4 148 180 (3072 1952 -192 ) (3072 1936 -192 ) (3072 1936 -128 ) (3072 1952 -128 ) 
4 148 179 (3072 2048 -128 ) (3072 2048 -192 ) (3072 1952 -192 ) (3072 1952 -128 ) 
4 148 149 (3072 1936 -192 ) (3072 2048 -192 ) (3360 2048 -192 ) (3360 1936 -192 ) 
4 149 209 (3840 1024 -192 ) (3072 1024 -192 ) (3072 1024 -512 ) (3840 1024 -512 ) 
4 149 181 (3072 2048 -192 ) (3072 2048 -512 ) (3072 1024 -512 ) (3072 1024 -192 ) 
4 150 242 (2048 2048 336 ) (2048 2048 224 ) (2048 1024 224 ) (2048 1024 336 ) 
4 150 241 (2048 2048 1024 ) (2048 2048 336 ) (2048 1024 336 ) (2048 1024 1024 ) 
5 150 210 (3072 1024 448 ) (3072 1024 1024 ) (2048 1024 1024 ) (2048 1024 224 ) (2960 1024 224 ) 
4 150 159 (2048 2048 224 ) (2960 2048 224 ) (2960 1024 224 ) (2048 1024 224 ) 
3 150 155 (2976 1029.329834 256 ) (2976 1024 256 ) (2973.715576 1024 251.431061 ) 
4 150 154 (2960 1328 224 ) (2960 1936 224 ) (2976 1968 256 ) (2976 1290.670044 256 ) 
4 150 151 (2976 2048 256 ) (3072 2048 448 ) (3072 1024 448 ) (2976 1024 256 ) 
3 151 211 (3072 1024 303.430786 ) (3072 1024 448 ) (2976 1024 256 ) 
4 151 155 (2975.992188 1024 255.994141 ) (2975.992188 1029.326050 255.994141 ) (3072 1060.318481 303.428284 ) (3072 1024 303.428284 ) 
4 151 154 (2975.992188 1290.673828 255.994141 ) (2975.992188 1967.994385 255.994141 ) (2992 1975.587036 263.903046 ) (2992 1285.506348 263.903046 ) 
4 151 152 (3072 2013.531128 303.428284 ) (3072 1259.681519 303.428284 ) (2992 1285.506348 263.903046 ) (2992 1975.586914 263.903046 ) 
4 152 156 (3072 1868.594604 224 ) (3072 1328 224 ) (2992 1328 224 ) (2992 1868.594604 224 ) 
7 152 154 (2992 1868.594604 224 ) (2992 1328.003906 224 ) (2992 1290.667969 256.003906 ) (2992 1285.505493 263.905090 ) (2992 1975.588867 263.905090 ) (2992 1968.002563 256.002625 ) (2992 1960.146606 248.146683 ) 
4 153 157 (3072 1936 224 ) (3072 1934.633057 224 ) (2992 1934.631592 224 ) (2992 1936 224 ) 
3 153 154 (2992 1936 224 ) (2992 1934.631470 224 ) (2992 1936.490356 224.490295 ) 
4 154 158 (2992 1936 224 ) (2992 1328 224 ) (2976 1328 224 ) (2976 1936 224 ) 
4 154 159 (2976 1328 224 ) (2960 1328 224 ) (2960 1936 224 ) (2976 1936 224 ) 
4 155 211 (3072 1024 251.431046 ) (3072 1024 303.430786 ) (2976 1024 256 ) (2973.715576 1024 251.431091 ) 
4 156 165 (3072 1383.283447 96 ) (3072 1328 96 ) (2992 1328 96 ) (2992 1383.283447 96 ) 
4 156 158 (2992 1383.283447 96 ) (2992 1309.329956 96 ) (2992 1309.329956 224 ) (2992 1868.594604 224 ) 
4 157 166 (3072 1936 96 ) (3072 1449.326416 96 ) (2992 1449.324707 96 ) (2992 1936 96 ) 
4 157 158 (2992 1952 224 ) (2992 1952 96 ) (2992 1449.324707 96 ) (2992 1934.631470 224 ) 
4 158 168 (2976 1328 96 ) (2976 1936 96 ) (2992 1936 96 ) (2992 1328 96 ) 
4 158 159 (2976 1952 96 ) (2976 1309.329956 96 ) (2976 1309.329956 224 ) (2976 1952 224 ) 
4 159 265 (2048 1677.329956 96 ) (2048 1024 96 ) (2048 1024 224 ) (2048 1677.329956 224 ) 
4 159 264 (2048 1840 96 ) (2048 1677.329956 96 ) (2048 1677.329956 224 ) (2048 1840 224 ) 
4 159 263 (2048 2048 224 ) (2048 2048 96 ) (2048 1840 96 ) (2048 1840 224 ) 
4 159 217 (2976 1024 224 ) (2048 1024 224 ) (2048 1024 96 ) (2976 1024 96 ) 
4 159 174 (2048 1936 96 ) (2048 1968 96 ) (2944 1968 96 ) (2944 1936 96 ) 
4 159 171 (2948.800049 1024 96 ) (2896 1024 96 ) (2896 1328 96 ) (2948.800049 1328 96 ) 
4 159 168 (2948.800049 1936 96 ) (2976 1936 96 ) (2976 1328 96 ) (2948.800049 1328 96 ) 
4 159 164 (2896 1328 96 ) (2896 1936 96 ) (2948.800049 1936 96 ) (2948.800049 1328 96 ) 
4 159 173 (2896 1024 96 ) (2048 1024 96 ) (2048 1936 96 ) (2896 1936 96 ) 
4 159 160 (2048 1968 96 ) (2048 2048 96 ) (2944 2048 96 ) (2944 1968 96 ) 
4 160 272 (2048 2048 96 ) (2048 2048 64 ) (2048 1968 64 ) (2048 1968 96 ) 
4 160 174 (2944 1968 96 ) (2048 1968 96 ) (2048 1968 64 ) (2896 1968 64 ) 
4 160 163 (2896 1968 64 ) (2048 1968 64 ) (2048 2048 64 ) (2896 2048 64 ) 
4 161 179 (2960 2048 -128 ) (3072 2048 -128 ) (3072 1968 -128 ) (2960 1968 -128 ) 
4 161 175 (2960 1968 -128 ) (3072 1968 -128 ) (3072 1968 64 ) (2960 1968 64 ) 
4 162 163 (2928 2048 -128 ) (2928 1968 -128 ) (2928 1968 48 ) (2928 2048 48 ) 
4 163 278 (2048 2048 64 ) (2048 2048 -128 ) (2048 1968 -128 ) (2048 1968 64 ) 
4 163 176 (2048 1968 -128 ) (2928 1968 -128 ) (2928 1968 64 ) (2048 1968 64 ) 
3 164 174 (2896 1904 64 ) (2896 1936 96 ) (2944 1936 96 ) 
3 164 171 (2896 1328 96 ) (2896 1328 64 ) (2948.800049 1328 96 ) 
4 164 168 (2948.796875 1328 96 ) (2896 1359.998047 64.001953 ) (2896 1904.001953 64.001938 ) (2948.796875 1936 96 ) 
4 164 173 (2896 1935.996094 96 ) (2896 1903.996094 64 ) (2896 1328 64 ) (2896 1328 96 ) 
3 165 168 (2992 1328 96 ) (2992 1383.283447 96 ) (2992 1339.537842 84.462173 ) 
5 166 168 (2992 1449.324707 96 ) (2992 1936 96 ) (2992 1904 64 ) (2992 1360 64 ) (2992 1353.321045 70.678955 ) 
4 166 167 (2992 1360 64 ) (2992 1904 64 ) (3072 1904 64 ) (3072 1360 64 ) 
4 167 177 (3072 1712 -128 ) (2992 1712 -128 ) (2992 1904 64 ) (3072 1904 64 ) 
4 167 172 (2992 1328 -128 ) (3072 1328 -128 ) (3072 1328 64 ) (2992 1328 64 ) 
4 167 169 (2992 1328 -128 ) (2992 1328 64 ) (2992 1904 64 ) (2992 1712 -128 ) 
4 168 170 (2896.001953 1360 64 ) (2896.001953 1904 64 ) (2928 1904 64 ) (2928 1360 64 ) 
4 168 169 (2928 1904 64 ) (2992 1904 64 ) (2992 1360 64 ) (2928 1360 64 ) 
4 169 177 (2992 1712 -128 ) (2928 1712 -128 ) (2928 1904 64 ) (2992 1904 64 ) 
4 169 172 (2928 1328 -128 ) (2992 1328 -128 ) (2992 1328 64 ) (2928 1328 64 ) 
4 169 170 (2928 1360 64 ) (2928 1904 64 ) (2928 1711.998657 -128 ) (2928 1360 -128 ) 
4 170 177 (2928 1712 -128 ) (2912 1712 -128 ) (2912 1904 64 ) (2928 1904 64 ) 
4 170 178 (2912 1712 -128 ) (2896 1712 -128 ) (2896 1904 64 ) (2912 1904 64 ) 
4 170 173 (2896 1903.996094 64 ) (2896 1711.996094 -128 ) (2896 1360 -128 ) (2896 1360 64 ) 
3 171 219 (2948.800049 1024 96 ) (2896 1024 96 ) (2896 1024 64 ) 
4 171 173 (2896 1024 64 ) (2896 1024 96 ) (2896 1328 96 ) (2896 1328 64 ) 
4 172 223 (2928 1024 64 ) (2896 1024 64 ) (2896 1024 -128 ) (2928 1024 -128 ) 
4 172 222 (3072 1024 -128 ) (3072 1024 64 ) (2928 1024 64 ) (2928 1024 -128 ) 
4 172 173 (2896 1328 -128 ) (2896 1024 -128 ) (2896 1024 64 ) (2896 1328 64 ) 
4 173 295 (2048 1504 -128 ) (2048 1024 -128 ) (2048 1024 64 ) (2048 1504 64 ) 
4 173 292 (2048 1600 -128 ) (2048 1504 -128 ) (2048 1504 -16 ) (2048 1600 -16 ) 
4 173 291 (2048 1504 -16 ) (2048 1504 64 ) (2048 1600 64 ) (2048 1600 -16 ) 
5 173 286 (2048 1712 -128 ) (2048 1600 -128 ) (2048 1600 64 ) (2048 1808 64 ) (2048 1808 -32 ) 
4 173 281 (2048 1808 64 ) (2048 1840 64 ) (2048 1840 0 ) (2048 1808 -32 ) 
4 173 280 (2048 1840 64 ) (2048 1856 64 ) (2048 1856 16 ) (2048 1840 0 ) 
3 173 278 (2048 1856 64 ) (2048 1904 64 ) (2048 1856 16 ) 
4 173 275 (2048 1360 96 ) (2048 1696 96 ) (2048 1728 64 ) (2048 1328 64 ) 
4 173 274 (2048 1696 96 ) (2048 1808 96 ) (2048 1808 64 ) (2048 1728 64 ) 
4 173 273 (2048 1024 64 ) (2048 1024 96 ) (2048 1360 96 ) (2048 1328 64 ) 
4 173 272 (2048 1808 96 ) (2048 1936 96 ) (2048 1904 64 ) (2048 1808 64 ) 
4 173 225 (2048 1024 64 ) (2048 1024 -128 ) (2896 1024 -128 ) (2896 1024 64 ) 
4 173 219 (2896 1024 96 ) (2048 1024 96 ) (2048 1024 64 ) (2896 1024 64 ) 
4 173 178 (2896 1712 -128 ) (2048 1712 -128 ) (2048 1904 64 ) (2896 1904 64 ) 
4 173 174 (2048 1904 64 ) (2048 1936 96 ) (2896 1936 96 ) (2896 1904 64 ) 
4 174 272 (2048 1904 64 ) (2048 1936 96 ) (2048 1968 96 ) (2048 1968 64 ) 
4 174 178 (2896 1903.998169 64 ) (2048 1903.998169 64 ) (2048 1952 64 ) (2896 1952 64 ) 
4 174 176 (2048 1952 64 ) (2048 1968 64 ) (2896 1968 64 ) (2896 1952 64 ) 
4 175 179 (3072 1968 -128 ) (3072 1952 -128 ) (2960 1952 -128 ) (2960 1968 -128 ) 
4 176 278 (2048 1968 -128 ) (2048 1952 -128 ) (2048 1952 64 ) (2048 1968 64 ) 
4 176 178 (2048 1952 -128 ) (2912 1952 -128 ) (2912 1952 64 ) (2048 1952 64 ) 
4 177 178 (2912 1920 -128 ) (2912 1711.996094 -128 ) (2912 1904.003906 64 ) (2912 1920 64 ) 
3 178 286 (2048 1808 -128 ) (2048 1712 -128 ) (2048 1808 -32 ) 
4 178 281 (2048 1840 -128 ) (2048 1808 -128 ) (2048 1808 -32 ) (2048 1840 0 ) 
4 178 280 (2048 1856 -128 ) (2048 1840 -128 ) (2048 1840 0 ) (2048 1856 16 ) 
5 178 278 (2048 1952 -128 ) (2048 1856 -128 ) (2048 1856 16 ) (2048 1904 64 ) (2048 1952 64 ) 
4 179 181 (2960 2048 -192 ) (3072 2048 -192 ) (3072 1952 -192 ) (2960 1952 -192 ) 
4 179 180 (2960 1952 -192 ) (3072 1952 -192 ) (3072 1952 -128 ) (2960 1952 -128 ) 
4 180 181 (2912 1952 -192 ) (3072 1952 -192 ) (3072 1936 -192 ) (2912 1936 -192 ) 
4 181 303 (2048 2048 -192 ) (2048 2048 -512 ) (2048 1024 -512 ) (2048 1024 -192 ) 
4 181 240 (3072 1024 -512 ) (3072 1024 -192 ) (2048 1024 -192 ) (2048 1024 -512 ) 
4 182 213 (3072 771.199890 336 ) (3072 0 336 ) (3072 0 448 ) (3072 663.680176 448 ) 
4 182 212 (3072 808 336 ) (3072 771.199890 336 ) (3072 663.680176 448 ) (3072 752 448 ) 
4 182 211 (3072 1024 448 ) (3072 1024 336 ) (3072 808 336 ) (3072 752 448 ) 
4 182 210 (3072 1024 1024 ) (3072 1024 448 ) (3072 0 448 ) (3072 0 1024 ) 
4 182 186 (3137.919922 1024 336 ) (3182.080078 1024 336 ) (3182.080078 771.199951 336 ) (3137.919922 771.199951 336 ) 
4 182 185 (3182.080078 540.800049 336 ) (3182.080078 0 336 ) (3137.919922 0 336 ) (3137.919922 540.800049 336 ) 
4 182 184 (3072 0 336 ) (3072 1024 336 ) (3137.919922 1024 336 ) (3137.919922 0 336 ) 
4 182 183 (3182.080078 1024 336 ) (3840 1024 336 ) (3840 0 336 ) (3182.080078 0 336 ) 
4 183 193 (3840 0 224 ) (3408.767822 0 224 ) (3408.767822 1024 224 ) (3840 1024 224 ) 
5 183 192 (3408.770020 864 224 ) (3408.770020 432 224 ) (3343.997559 464.002228 256.002228 ) (3343.997314 847.997803 256.002289 ) (3344.002197 848 256 ) 
3 183 190 (3246.850098 801.920044 304 ) (3246.850098 824 304 ) (3344.002197 848 256 ) 
4 183 188 (3246.850098 1024 304 ) (3343.997559 1024 256.002228 ) (3343.997559 847.998901 256.002228 ) (3246.850098 824 304 ) 
4 183 187 (3343.997559 1024 256.002228 ) (3408.770020 1024 224 ) (3408.770020 864 224 ) (3343.997559 847.998901 256.002228 ) 
4 183 186 (3182.082031 771.199951 336 ) (3182.082031 1024 336 ) (3246.850098 1024 304 ) (3246.850098 801.919983 304 ) 
5 183 185 (3182.082031 0 336 ) (3182.082031 540.800049 336 ) (3344 464 256 ) (3408.770020 432 224 ) (3408.770020 0 224 ) 
4 184 213 (3072 802.466370 303.430786 ) (3072 0 303.430786 ) (3072 0 336 ) (3072 771.199890 336 ) 
4 184 212 (3072 824.284607 303.430786 ) (3072 802.466370 303.430786 ) (3072 771.199890 336 ) (3072 808 336 ) 
4 184 211 (3072 1024 336 ) (3072 1024 303.430786 ) (3072 824.284607 303.430786 ) (3072 808 336 ) 
4 184 191 (3072 802.467346 303.429840 ) (3072 824.285034 303.429840 ) (3073.154053 824 304 ) (3073.154053 801.919922 304 ) 
4 184 189 (3072 824.285034 303.429840 ) (3072 1024 303.429840 ) (3073.154053 1024 304 ) (3073.154053 824 304 ) 
4 184 186 (3073.154053 1024 304 ) (3137.921875 1024 336 ) (3137.921875 771.199951 336 ) (3073.154053 801.919983 304 ) 
4 184 185 (3072 0 303.429840 ) (3072 509.532654 303.429840 ) (3137.921875 540.800049 336 ) (3137.921875 0 336 ) 
5 185 214 (3072 432 224 ) (3072 0 224 ) (3072 0 303.430786 ) (3072 509.533539 303.430786 ) (3072 464 256 ) 
4 185 195 (3360 0 224 ) (3072 0 224 ) (3072 432 224 ) (3360 432 224 ) 
4 185 193 (3408.767822 0 224 ) (3360 0 224 ) (3360 432 224 ) (3408.767822 432 224 ) 
4 185 192 (3344.187744 463.906311 255.902405 ) (3408.758301 432.003937 224 ) (3376 432.003937 224 ) (3344.097656 463.906311 255.902405 ) 
4 186 191 (3073.152344 801.919983 304 ) (3073.152344 824 304 ) (3191.679688 824 304 ) (3191.679688 801.920044 304 ) 
4 186 190 (3224.319824 824 304 ) (3246.847656 824 304 ) (3246.847656 801.920044 304 ) (3224.319824 801.920044 304 ) 
4 186 189 (3073.152344 824 304 ) (3073.152344 1024 304 ) (3191.679688 1024 304 ) (3191.679688 824 304 ) 
4 186 188 (3224.319824 1024 304 ) (3246.847656 1024 304 ) (3246.847656 824 304 ) (3224.319824 824 304 ) 
4 187 193 (3376 1024 224 ) (3408.767822 1024 224 ) (3408.767822 864 224 ) (3376 864 224 ) 
3 187 192 (3408.768066 864 224 ) (3344 848 256 ) (3376 864 224 ) 
3 188 190 (3344 848 256 ) (3246.847656 824 304 ) (3224.319824 824 304 ) 
4 189 211 (3072 1024 303.430786 ) (3072 1024 256 ) (3072 848 256 ) (3072 824.284668 303.430786 ) 
4 189 191 (3191.679688 824 304 ) (3073.152344 824 304 ) (3072 824.283752 303.430664 ) (3072 848 256 ) 
3 191 212 (3072 802.466431 303.430786 ) (3072 824.284668 303.430786 ) (3072 848 256 ) 
4 192 193 (3376 864 224 ) (3408.767822 864 224 ) (3408.767822 432 224 ) (3376 432 224 ) 
4 193 198 (3840 880 96 ) (3840 432 96 ) (3392 432 96 ) (3392 880 96 ) 
4 193 197 (3840 432 96 ) (3840 0 96 ) (3360 0 96 ) (3360 432 96 ) 
4 193 196 (3392 1024 96 ) (3840 1024 96 ) (3840 880 96 ) (3392 880 96 ) 
4 193 195 (3360 448 96 ) (3360 0 96 ) (3360 0 224 ) (3360 448 224 ) 
4 194 215 (3072 1010.670044 96 ) (3072 848 96 ) (3072 848 224 ) (3072 1010.670044 224 ) 
4 195 216 (3072 448 96 ) (3072 0 96 ) (3072 0 224 ) (3072 448 224 ) 
4 195 197 (3072 0 96 ) (3072 432 96 ) (3360 432 96 ) (3360 0 96 ) 
4 196 199 (3408 1024 64 ) (3840 1024 64 ) (3840 880 64 ) (3408 880 64 ) 
4 196 198 (3408 880 64 ) (3840 880 64 ) (3840 880 96 ) (3392 880 96 ) 
4 197 220 (3072 400 64 ) (3072 0 64 ) (3072 0 96 ) (3072 432 96 ) 
4 197 204 (3072 0 64 ) (3072 400 64 ) (3840 400 64 ) (3840 0 64 ) 
4 197 198 (3840 432 96 ) (3840 400 64 ) (3408 400 64 ) (3392 432 96 ) 
4 198 203 (3840 448 64 ) (3840 416 64 ) (3408 416 64 ) (3408 448 64 ) 
4 198 201 (3840 848 64 ) (3840 448 64 ) (3408 448 64 ) (3408 848 64 ) 
4 198 200 (3408 880 64 ) (3840 880 64 ) (3840 848 64 ) (3408 848 64 ) 
4 198 204 (3840 416 64 ) (3840 400 64 ) (3408 400 64 ) (3408 416 64 ) 
4 199 205 (3648 1024 -128 ) (3840 1024 -128 ) (3840 880 -128 ) (3648 880 -128 ) 
4 199 200 (3392 880 -128 ) (3840 880 -128 ) (3840 880 64 ) (3392 880 64 ) 
4 200 205 (3648 880 -128 ) (3840 880 -128 ) (3840 848 -128 ) (3648 848 -128 ) 
4 200 201 (3392 848 -128 ) (3840 848 -128 ) (3840 848 64 ) (3392 848 64 ) 
4 201 205 (3648 848 -128 ) (3840 848 -128 ) (3840 448 -128 ) (3648 448 -128 ) 
4 201 203 (3392 448 -128 ) (3840 448 -128 ) (3840 448 64 ) (3392 448 64 ) 
4 202 232 (3072 464 -128 ) (3072 448 -128 ) (3072 448 64 ) (3072 464 64 ) 
4 202 229 (3072 832 -128 ) (3072 464 -128 ) (3072 464 64 ) (3072 832 64 ) 
4 202 227 (3072 848 -128 ) (3072 832 -128 ) (3072 832 64 ) (3072 848 64 ) 
4 202 207 (3072 448 -128 ) (3072 848 -128 ) (3168 848 -128 ) (3168 448 -128 ) 
4 203 205 (3648 448 -128 ) (3840 448 -128 ) (3840 416 -128 ) (3648 416 -128 ) 
4 203 204 (3392 416 -128 ) (3840 416 -128 ) (3840 416 64 ) (3392 416 64 ) 
4 204 234 (3072 416 -128 ) (3072 0 -128 ) (3072 0 64 ) (3072 416 64 ) 
4 204 208 (3360 0 -128 ) (3072 0 -128 ) (3072 256 -128 ) (3360 256 -128 ) 
4 204 206 (3648 0 -128 ) (3360 0 -128 ) (3360 256 -128 ) (3648 256 -128 ) 
4 204 205 (3840 0 -128 ) (3648 0 -128 ) (3648 416 -128 ) (3840 416 -128 ) 
4 205 209 (3648 1024 -192 ) (3840 1024 -192 ) (3840 0 -192 ) (3648 0 -192 ) 
4 205 206 (3648 256 -192 ) (3648 0 -192 ) (3648 0 -128 ) (3648 256 -128 ) 
4 206 209 (3648 256 -192 ) (3648 0 -192 ) (3360 0 -192 ) (3360 256 -192 ) 
4 206 208 (3360 256 -192 ) (3360 0 -192 ) (3360 0 -128 ) (3360 256 -128 ) 
4 207 238 (3072 448 -192 ) (3072 432 -192 ) (3072 432 -128 ) (3072 448 -128 ) 
4 207 237 (3072 848 -192 ) (3072 448 -192 ) (3072 448 -128 ) (3072 848 -128 ) 
4 207 236 (3072 864 -192 ) (3072 848 -192 ) (3072 848 -128 ) (3072 864 -128 ) 
4 207 209 (3072 432 -192 ) (3072 864 -192 ) (3360 864 -192 ) (3360 432 -192 ) 
4 208 239 (3072 256 -192 ) (3072 0 -192 ) (3072 0 -128 ) (3072 256 -128 ) 
4 208 209 (3072 0 -192 ) (3072 256 -192 ) (3360 256 -192 ) (3360 0 -192 ) 
4 209 240 (3072 1024 -192 ) (3072 1024 -512 ) (3072 0 -512 ) (3072 0 -192 ) 
4 210 313 (2048 0 224 ) (2048 0 1024 ) (2048 1024 1024 ) (2048 1024 224 ) 
4 210 217 (2960 0 224 ) (2048 0 224 ) (2048 1024 224 ) (2960 1024 224 ) 
4 210 214 (2960 0 224 ) (2960 432 224 ) (2976 464 256 ) (2976 0 256 ) 
4 210 213 (2976 848 256 ) (3072 663.679993 448 ) (3072 0 448 ) (2976 0 256 ) 
3 210 212 (2976 848 256 ) (3072 752 448 ) (3072 663.679993 448 ) 
5 210 211 (2960 864 224 ) (2960 992 224 ) (2973.715576 1024 251.431061 ) (3072 1024 448 ) (3072 752 448 ) 
4 211 215 (3072 992 224 ) (3072 864 224 ) (2976 864 224 ) (2976 992 224 ) 
4 211 217 (2976 864 224 ) (2960 864 224 ) (2960 992 224 ) (2976 992 224 ) 
3 211 212 (3072 752 448 ) (2976 848 256 ) (3072 848 256 ) 
3 212 213 (3072 663.679688 448 ) (2976 848 256 ) (3072 802.466309 303.430847 ) 
4 213 214 (2975.996094 0 255.996063 ) (2975.996094 463.996033 255.996078 ) (3072 509.531769 303.428955 ) (3072 0 303.428955 ) 
4 214 216 (3072 432 224 ) (3072 0 224 ) (2976 0 224 ) (2976 432 224 ) 
4 214 217 (2976 0 224 ) (2960 0 224 ) (2960 432 224 ) (2976 432 224 ) 
4 215 218 (2976 880 96 ) (2976 992 96 ) (3072 992 96 ) (3072 880 96 ) 
4 215 217 (2976 1010.670044 96 ) (2976 848 96 ) (2976 848 224 ) (2976 1010.670044 224 ) 
4 216 220 (3072 0 96 ) (2976 0 96 ) (2976 432 96 ) (3072 432 96 ) 
4 216 217 (2976 448 96 ) (2976 0 96 ) (2976 0 224 ) (2976 448 224 ) 
4 217 313 (2048 0 96 ) (2048 0 224 ) (2048 1024 224 ) (2048 1024 96 ) 
4 217 221 (2048 432 96 ) (2048 880 96 ) (2944 880 96 ) (2944 432 96 ) 
4 217 220 (2976 0 96 ) (2048 0 96 ) (2048 432 96 ) (2976 432 96 ) 
4 217 219 (2048 992 96 ) (2048 1024 96 ) (2948.800049 1024 96 ) (2948.800049 992 96 ) 
4 217 218 (2048 880 96 ) (2048 992 96 ) (2976 992 96 ) (2976 880 96 ) 
4 218 313 (2048 880 96 ) (2048 992 96 ) (2048 960 64 ) (2048 880 64 ) 
4 218 224 (2896 960 64 ) (2928 960 64 ) (2928 880 64 ) (2896 880 64 ) 
4 218 222 (2928 960 64 ) (3072 960 64 ) (3072 880 64 ) (2928 880 64 ) 
4 218 225 (2048 880 64 ) (2048 960 64 ) (2896 960 64 ) (2896 880 64 ) 
4 218 221 (2048 880 64 ) (2896 880 64 ) (2944 880 96 ) (2048 880 96 ) 
4 218 219 (2896 960 64 ) (2048 960 64 ) (2048 992 96 ) (2948.800049 992 96 ) 
4 219 313 (2048 992 96 ) (2048 1024 96 ) (2048 1024 64 ) (2048 960 64 ) 
4 219 225 (2048 960 64 ) (2048 1024 64 ) (2896 1024 64 ) (2896 960 64 ) 
4 220 313 (2048 0 64 ) (2048 0 96 ) (2048 432 96 ) (2048 400 64 ) 
4 220 234 (3072 0 64 ) (2912 0 64 ) (2912 400 64 ) (3072 400 64 ) 
4 220 235 (2912 0 64 ) (2048 0 64 ) (2048 400 64 ) (2912 400 64 ) 
4 220 221 (2896 400 64 ) (2048 400 64 ) (2048 432 96 ) (2944 432 96 ) 
4 221 313 (2048 432 96 ) (2048 880 96 ) (2048 880 64 ) (2048 400 64 ) 
4 221 235 (2048 400 64 ) (2048 448 64 ) (2896 448 64 ) (2896 400 64 ) 
4 221 233 (2048 448 64 ) (2048 464 64 ) (2896 464 64 ) (2896 448 64 ) 
4 221 231 (2048 464 64 ) (2048 832 64 ) (2896 832 64 ) (2896 464 64 ) 
4 221 228 (2048 832 64 ) (2048 848 64 ) (2896 848 64 ) (2896 832 64 ) 
4 221 226 (2048 848 64 ) (2048 880 64 ) (2896 880 64 ) (2896 848 64 ) 
4 222 223 (2928 1024 -128 ) (2928 992 -128 ) (2928 992 64 ) (2928 1024 64 ) 
4 222 224 (2928 960 -128 ) (2928 880 -128 ) (2928 880 64 ) (2928 960 64 ) 
4 223 225 (2896 1024 -128 ) (2896 992 -128 ) (2896 992 64 ) (2896 1024 64 ) 
4 224 226 (2896 880 -128 ) (2912 880 -128 ) (2912 880 64 ) (2896 880 64 ) 
4 224 225 (2896 960 -128 ) (2896 880 -128 ) (2896 880 64 ) (2896 960 64 ) 
4 225 313 (2048 880 64 ) (2048 1024 64 ) (2048 1024 -128 ) (2048 880 -128 ) 
4 225 226 (2048 880 -128 ) (2896 880 -128 ) (2896 880 64 ) (2048 880 64 ) 
4 226 313 (2048 848 64 ) (2048 880 64 ) (2048 880 -128 ) (2048 848 -128 ) 
4 226 228 (2048 848 -128 ) (2912 848 -128 ) (2912 848 64 ) (2048 848 64 ) 
4 227 237 (3072 848 -128 ) (3072 832 -128 ) (2960 832 -128 ) (2960 848 -128 ) 
4 227 229 (2960 832 -128 ) (3072 832 -128 ) (3072 832 64 ) (2960 832 64 ) 
4 228 313 (2048 832 64 ) (2048 848 64 ) (2048 848 -128 ) (2048 832 -128 ) 
4 228 231 (2048 832 -128 ) (2928 832 -128 ) (2928 832 64 ) (2048 832 64 ) 
4 229 237 (3072 832 -128 ) (3072 464 -128 ) (2960 464 -128 ) (2960 832 -128 ) 
4 229 232 (2960 464 -128 ) (3072 464 -128 ) (3072 464 64 ) (2960 464 64 ) 
4 230 231 (2928 832 48 ) (2928 832 -128 ) (2928 464 -128 ) (2928 464 48 ) 
4 231 313 (2048 464 64 ) (2048 832 64 ) (2048 832 -128 ) (2048 464 -128 ) 
4 231 233 (2048 464 -128 ) (2928 464 -128 ) (2928 464 64 ) (2048 464 64 ) 
4 232 237 (3072 464 -128 ) (3072 448 -128 ) (2960 448 -128 ) (2960 464 -128 ) 
4 233 313 (2048 448 64 ) (2048 464 64 ) (2048 464 -128 ) (2048 448 -128 ) 
4 233 235 (2048 448 -128 ) (2912 448 -128 ) (2912 448 64 ) (2048 448 64 ) 
4 234 239 (3072 256 -128 ) (3072 0 -128 ) (2912 0 -128 ) (2912 256 -128 ) 
4 234 235 (2912 416 -128 ) (2912 0 -128 ) (2912 0 64 ) (2912 416 64 ) 
4 235 313 (2048 0 -128 ) (2048 0 64 ) (2048 448 64 ) (2048 448 -128 ) 
4 235 239 (2912 0 -128 ) (2048 0 -128 ) (2048 256 -128 ) (2912 256 -128 ) 
4 236 240 (3056 864 -192 ) (3072 864 -192 ) (3072 848 -192 ) (3056 848 -192 ) 
4 236 237 (3056 848 -192 ) (3072 848 -192 ) (3072 848 -128 ) (3056 848 -128 ) 
4 237 240 (2960 848 -192 ) (3072 848 -192 ) (3072 448 -192 ) (2960 448 -192 ) 
4 237 238 (2960 448 -192 ) (3072 448 -192 ) (3072 448 -128 ) (2960 448 -128 ) 
4 238 240 (2912 448 -192 ) (3072 448 -192 ) (3072 432 -192 ) (2912 432 -192 ) 
4 239 314 (2048 0 -192 ) (2048 0 -128 ) (2048 256 -128 ) (2048 256 -192 ) 
4 239 240 (3072 0 -192 ) (2048 0 -192 ) (2048 256 -192 ) (3072 256 -192 ) 
4 240 315 (2048 0 -512 ) (2048 0 -192 ) (2048 1024 -192 ) (2048 1024 -512 ) 
4 241 313 (2048 1024 336 ) (2048 1024 1024 ) (1024 1024 1024 ) (1024 1024 336 ) 
4 241 311 (1024 1184 336 ) (1024 1024 336 ) (1024 1024 1024 ) (1024 1184 1024 ) 
4 241 306 (1024 1840 336 ) (1024 1664 336 ) (1024 1664 1024 ) (1024 1840 1024 ) 
4 241 304 (1024 2048 1024 ) (1024 2048 336 ) (1024 1840 336 ) (1024 1840 1024 ) 
4 241 307 (1024 1664 336 ) (1024 1184 336 ) (1024 1184 1024 ) (1024 1664 1024 ) 
4 241 249 (1425.920166 1606.400146 336 ) (1425.920166 1916.800049 336 ) (1470.079956 1916.800049 336 ) (1470.079956 1606.400146 336 ) 
4 241 248 (1470.079956 2048 336 ) (1592 2048 336 ) (1592 1490.654785 336 ) (1470.079956 1490.654907 336 ) 
4 241 247 (1470.079956 1490.654907 336 ) (1592 1490.654785 336 ) (1592 1449.599854 336 ) (1470.079956 1449.599976 336 ) 
4 241 246 (1592 1024 336 ) (1425.920166 1024 336 ) (1425.920166 1449.599976 336 ) (1592 1449.599854 336 ) 
4 241 244 (1024 1664 336 ) (1024 1840 336 ) (1425.920166 1840 336 ) (1425.920166 1664 336 ) 
4 241 243 (1024 1840 336 ) (1024 2048 336 ) (1425.920166 2048 336 ) (1425.920166 1840 336 ) 
4 241 245 (1425.920166 1024 336 ) (1024 1024 336 ) (1024 1664 336 ) (1425.920166 1664 336 ) 
4 241 242 (2048 1024 336 ) (1592 1024 336 ) (1592 2048 336 ) (2048 2048 336 ) 
4 242 313 (2048 1024 224 ) (2048 1024 336 ) (1592 1024 336 ) (1648 1024 224 ) 
4 242 265 (2048 1677.329956 224 ) (2048 1024 224 ) (1648 1024 224 ) (1648 1677.329956 224 ) 
4 242 264 (2048 1840 224 ) (2048 1677.329956 224 ) (1648 1677.329956 224 ) (1648 1840 224 ) 
4 242 263 (1648 2048 224 ) (2048 2048 224 ) (2048 1840 224 ) (1648 1840 224 ) 
3 242 258 (1632 1658.669922 256 ) (1632 1664 256 ) (1634.284546 1664 251.430969 ) 
5 242 255 (1648 1824 224 ) (1648 1696 224 ) (1634.284546 1664 251.430923 ) (1632 1664 256 ) (1632 1840 256 ) 
4 242 248 (1632 1397.330078 256 ) (1592 1490.654907 336 ) (1592 2048 336 ) (1632 2048 256 ) 
3 242 247 (1592 1449.599976 336 ) (1592 1490.654907 336 ) (1632 1397.329834 256 ) 
5 242 246 (1648 1360 224 ) (1648 1024 224 ) (1592 1024 336 ) (1592 1449.599976 336 ) (1632 1397.329834 256 ) 
4 243 304 (1024 2048 336 ) (1024 2048 224 ) (1024 1840 224 ) (1024 1840 336 ) 
4 243 267 (1024 1840 224 ) (1024 2048 224 ) (1199.232056 2048 224 ) (1199.232056 1840 224 ) 
4 243 261 (1199.229614 1840 224 ) (1199.229614 2048 224 ) (1263.987183 2048 255.994873 ) (1263.987183 1840 255.994858 ) 
3 243 250 (1361.149414 1886.080078 304 ) (1361.149414 1840 304 ) (1263.997559 1840 256 ) 
4 243 249 (1425.917358 1916.800049 336 ) (1425.917358 1840 336 ) (1361.149414 1840 304 ) (1361.149414 1886.080078 304 ) 
5 243 244 (1024 1840 224 ) (1139.123169 1840 224 ) (1263.980225 1840 255.994919 ) (1425.910156 1840 336 ) (1024 1840 336 ) 
4 244 306 (1024 1840 224 ) (1024 1664 224 ) (1024 1664 336 ) (1024 1840 336 ) 
4 244 269 (1024 1664 224 ) (1024 1840 224 ) (1139.123169 1840 224 ) (1139.123169 1664 224 ) 
4 244 250 (1263.994751 1840 255.998642 ) (1361.149414 1840 304 ) (1361.149414 1664 304 ) (1263.994751 1664 255.998642 ) 
4 244 249 (1361.149414 1840 304 ) (1425.917358 1840 336 ) (1425.917358 1664 336 ) (1361.149414 1664 304 ) 
5 244 245 (1024 1664 224 ) (1139.123169 1664 224 ) (1263.980225 1664 255.994919 ) (1425.910156 1664 336 ) (1024 1664 336 ) 
4 245 313 (1425.920166 1024 336 ) (1024 1024 336 ) (1024 1024 224 ) (1199.232056 1024 224 ) 
4 245 311 (1024 1184 224 ) (1024 1024 224 ) (1024 1024 336 ) (1024 1184 336 ) 
4 245 307 (1024 1664 224 ) (1024 1184 224 ) (1024 1184 336 ) (1024 1664 336 ) 
4 245 270 (1024 1024 224 ) (1024 1664 224 ) (1199.232056 1664 224 ) (1199.232056 1024 224 ) 
4 245 254 (1199.229614 1360 224 ) (1199.229614 1664 224 ) (1263.987183 1664 255.994873 ) (1263.987183 1397.323975 255.994858 ) 
4 245 250 (1263.987183 1664 255.994873 ) (1361.149414 1664 304 ) (1361.149414 1627.307983 304 ) (1263.987183 1658.673340 255.994873 ) 
4 245 249 (1361.149414 1664 304 ) (1425.917358 1664 336 ) (1425.917358 1606.400024 336 ) (1361.149414 1627.307983 304 ) 
5 245 246 (1199.229614 1024 224 ) (1199.229614 1360 224 ) (1263.997192 1397.329712 256 ) (1425.917358 1449.599854 336 ) (1425.917358 1024 336 ) 
4 246 313 (1592 1024 336 ) (1425.920166 1024 336 ) (1199.232056 1024 224 ) (1648 1024 224 ) 
4 246 270 (1248 1024 224 ) (1199.232056 1024 224 ) (1199.232056 1360 224 ) (1248 1360 224 ) 
4 246 266 (1632 1024 224 ) (1248 1024 224 ) (1248 1360 224 ) (1632 1360 224 ) 
4 246 265 (1648 1360 224 ) (1648 1024 224 ) (1632 1024 224 ) (1632 1360 224 ) 
4 246 254 (1199.230469 1360.003906 224 ) (1263.985718 1397.325806 255.993744 ) (1263.993774 1397.325806 255.993744 ) (1232 1360.003784 224 ) 
4 246 247 (1631.996094 1397.332031 256.003906 ) (1631.991943 1397.332031 256.003906 ) (1470.079956 1449.599487 336 ) (1592 1449.599487 336 ) 
3 247 248 (1470.079956 1490.656372 336 ) (1592.007813 1490.656738 336 ) (1632.009766 1397.327393 255.996155 ) 
3 248 260 (1534.847046 1864 304 ) (1534.847046 1886.080078 304 ) (1632 1840 256 ) 
4 248 258 (1534.847046 1627.307983 304 ) (1534.847046 1664 304 ) (1632 1664 256 ) (1632 1658.669922 256 ) 
4 248 255 (1534.847046 1664 304 ) (1534.847046 1840 304 ) (1632 1840 256 ) (1632 1664 256 ) 
3 248 251 (1534.847046 1840 304 ) (1534.847046 1864 304 ) (1632 1840 256 ) 
4 248 249 (1470.078369 1606.400146 336 ) (1470.078369 1916.800049 336 ) (1534.847046 1886.080078 304 ) (1534.847046 1627.308105 304 ) 
4 249 260 (1534.849609 1886.079956 304 ) (1534.849609 1864 304 ) (1416.319946 1864 304 ) (1416.319946 1886.079956 304 ) 
4 249 258 (1534.849609 1664 304 ) (1534.849609 1627.307983 304 ) (1451.315308 1627.307983 304 ) (1451.315308 1664 304 ) 
4 249 257 (1514.132202 1664 304 ) (1451.315308 1664 304 ) (1451.315308 1840 304 ) (1514.130615 1840 304 ) 
4 249 255 (1534.849609 1840 304 ) (1534.849609 1664 304 ) (1514.132202 1664 304 ) (1514.130615 1840 304 ) 
4 249 252 (1451.315308 1627.307983 304 ) (1416.319946 1627.307983 304 ) (1416.319946 1840 304 ) (1451.315308 1840 304 ) 
4 249 251 (1534.849609 1864 304 ) (1534.849609 1840 304 ) (1416.319946 1840 304 ) (1416.319946 1864 304 ) 
4 249 250 (1383.680054 1627.307983 304 ) (1361.152100 1627.307983 304 ) (1361.152100 1886.079956 304 ) (1383.680054 1886.079956 304 ) 
4 251 260 (1416.319946 1864 304 ) (1534.848022 1864 304 ) (1632 1840 256 ) (1535.998535 1840 256 ) 
4 251 257 (1514.130615 1840 304 ) (1451.315308 1840 304 ) (1429.962646 1840 298.528351 ) (1454.450928 1840 288.706848 ) 
6 251 255 (1536.005005 1840 255.998001 ) (1632 1840 255.998001 ) (1632 1840 256 ) (1534.847656 1840 304 ) (1514.130615 1840 304 ) (1454.450928 1840 288.706848 ) 
3 251 252 (1451.315308 1840 304 ) (1416.319946 1840 304 ) (1429.962646 1840 298.528351 ) 
4 252 258 (1451.319092 1664 304 ) (1451.319092 1627.308105 304 ) (1429.964111 1630.883545 298.527740 ) (1429.964111 1664 298.527740 ) 
4 252 257 (1429.964111 1840 298.527740 ) (1451.319092 1840 304 ) (1451.319092 1664 304 ) (1429.964111 1664 298.527740 ) 
4 253 268 (1201.940674 1824 224 ) (1232 1824 224 ) (1232 1664 224 ) (1201.942139 1664 224 ) 
3 253 262 (1242.356812 1829.178955 234.356812 ) (1232 1824 224 ) (1201.940552 1824 224 ) 
3 253 254 (1232 1664 224 ) (1242.356323 1664 234.356293 ) (1201.942139 1664 224 ) 
4 254 270 (1232 1360 224 ) (1199.232056 1360 224 ) (1199.232056 1664 224 ) (1232 1664 224 ) 
4 255 264 (1648 1824 224 ) (1648 1696 224 ) (1615.786743 1696 224 ) (1615.786743 1824 224 ) 
6 255 258 (1534.851563 1664 304 ) (1514.132202 1664 304 ) (1454.451538 1664 288.706604 ) (1547.391846 1664 251.431046 ) (1634.284668 1664 251.431046 ) (1632 1664 256.001953 ) 
4 255 257 (1514.125000 1840 304 ) (1454.448975 1840 288.707642 ) (1454.451050 1664 288.706787 ) (1514.130859 1664 304 ) 
5 255 256 (1615.784180 1695.996094 224 ) (1547.398438 1664 251.427734 ) (1536 1664 256 ) (1536 1840 256 ) (1615.785645 1824 224 ) 
4 256 264 (1615.786743 1696 224 ) (1536 1696 224 ) (1536 1824 224 ) (1615.786743 1824 224 ) 
3 256 259 (1536 1664 251.431046 ) (1547.391846 1664 251.431046 ) (1536 1664 256 ) 
4 257 258 (1514.132202 1664 304 ) (1451.328125 1664 304 ) (1429.967529 1664 298.526337 ) (1454.451538 1664 288.706604 ) 
4 258 259 (1547.394531 1664 251.431641 ) (1536.007813 1658.671875 255.998047 ) (1536 1658.669800 256.001190 ) (1536 1664 256.001587 ) 
4 261 267 (1199.232056 2048 224 ) (1232 2048 224 ) (1232 1840 224 ) (1199.232056 1840 224 ) 
3 261 262 (1201.940552 1840 224 ) (1232 1840 224 ) (1242.356812 1840 234.356842 ) 
4 262 268 (1232 1824 224 ) (1201.940674 1824 224 ) (1201.940552 1840 224 ) (1232 1840 224 ) 
4 263 272 (1664 2048 96 ) (2048 2048 96 ) (2048 1840 96 ) (1664 1840 96 ) 
4 263 264 (1632 1840 96 ) (2048 1840 96 ) (2048 1840 224 ) (1632 1840 224 ) 
4 264 275 (2048 1696 96 ) (2048 1677.329956 96 ) (1659.199951 1677.329956 96 ) (1659.199951 1696 96 ) 
4 264 274 (2048 1808 96 ) (2048 1696 96 ) (1536 1696 96 ) (1536 1808 96 ) 
4 264 272 (1664 1840 96 ) (2048 1840 96 ) (2048 1808 96 ) (1664 1808 96 ) 
4 264 265 (1632 1677.329956 96 ) (2048 1677.329956 96 ) (2048 1677.329956 224 ) (1632 1677.329956 224 ) 
4 265 313 (2048 1024 96 ) (2048 1024 224 ) (1632 1024 224 ) (1632 1024 96 ) 
4 265 275 (1659.199829 1677.329956 96 ) (2048 1677.329956 96 ) (2048 1360 96 ) (1659.199829 1360 96 ) 
4 265 273 (2048 1024 96 ) (1632 1024 96 ) (1632 1360 96 ) (2048 1360 96 ) 
4 265 266 (1632 1378.670166 96 ) (1632 1024 96 ) (1632 1024 224 ) (1632 1378.670166 224 ) 
4 266 313 (1632 1024 224 ) (1248 1024 224 ) (1248 1024 96 ) (1632 1024 96 ) 
4 266 276 (1536 1024 96 ) (1248 1024 96 ) (1248 1360 96 ) (1536 1360 96 ) 
4 266 273 (1632 1024 96 ) (1536 1024 96 ) (1536 1360 96 ) (1632 1360 96 ) 
4 266 270 (1248 1378.670166 96 ) (1248 1024 96 ) (1248 1024 224 ) (1248 1378.670166 224 ) 
4 267 304 (1024 2048 224 ) (1024 2048 96 ) (1024 1840 96 ) (1024 1840 224 ) 
4 267 271 (1024 1840 96 ) (1024 2048 96 ) (1216 2048 96 ) (1216 1840 96 ) 
3 267 269 (1139.123169 1840 224 ) (1024 1840 224 ) (1024 1840 194.499420 ) 
5 267 268 (1024 1840 96 ) (1248 1840 96 ) (1248 1840 224 ) (1201.940552 1840 224 ) (1024 1840 178.401993 ) 
4 268 305 (1024 1840 96 ) (1024 1664 96 ) (1024 1664 178.401596 ) (1024 1840 178.401993 ) 
4 268 277 (1024 1664 96 ) (1024 1808 96 ) (1216 1808 96 ) (1216 1664 96 ) 
4 268 271 (1024 1808 96 ) (1024 1840 96 ) (1216 1840 96 ) (1216 1808 96 ) 
5 268 270 (1024 1664 96 ) (1248 1664 96 ) (1248 1664 224 ) (1201.942139 1664 224 ) (1024 1664 178.401596 ) 
4 269 306 (1024 1664 194.499405 ) (1024 1664 224 ) (1024 1840 224 ) (1024 1840 194.499420 ) 
3 269 270 (1139.123169 1664 224 ) (1024 1664 224 ) (1024 1664 194.499405 ) 
4 270 313 (1248 1024 224 ) (1024 1024 224 ) (1024 1024 96 ) (1248 1024 96 ) 
4 270 311 (1024 1184 96 ) (1024 1024 96 ) (1024 1024 224 ) (1024 1184 224 ) 
4 270 307 (1024 1664 96 ) (1024 1184 96 ) (1024 1184 224 ) (1024 1664 224 ) 
4 270 277 (1024 1360 96 ) (1024 1664 96 ) (1216 1664 96 ) (1216 1360 96 ) 
4 270 276 (1248 1024 96 ) (1024 1024 96 ) (1024 1360 96 ) (1248 1360 96 ) 
4 271 305 (1024 1840 64 ) (1024 1808 64 ) (1024 1808 96 ) (1024 1840 96 ) 
4 271 304 (1024 2048 96 ) (1024 2048 64 ) (1024 1840 64 ) (1024 1840 96 ) 
4 271 285 (1024 1808 64 ) (1024 1840 64 ) (1200 1840 64 ) (1200 1808 64 ) 
4 271 284 (1024 1840 64 ) (1024 2048 64 ) (1200 2048 64 ) (1200 1840 64 ) 
4 271 277 (1024 1808 64 ) (1200 1808 64 ) (1216 1808 96 ) (1024 1808 96 ) 
4 272 281 (2048 1840 64 ) (2048 1808 64 ) (1712 1808 64 ) (1712 1840 64 ) 
4 272 280 (2048 1856 64 ) (2048 1840 64 ) (1712 1840 64 ) (1712 1856 64 ) 
4 272 278 (1712 2048 64 ) (2048 2048 64 ) (2048 1856 64 ) (1712 1856 64 ) 
4 272 274 (1712 1808 64 ) (2048 1808 64 ) (2048 1808 96 ) (1664 1808 96 ) 
4 273 313 (2048 1024 64 ) (2048 1024 96 ) (1536 1024 96 ) (1536 1024 64 ) 
4 273 298 (1680 1024 64 ) (1536 1024 64 ) (1536 1328 64 ) (1680 1328 64 ) 
4 273 297 (1712 1024 64 ) (1680 1024 64 ) (1680 1328 64 ) (1712 1328 64 ) 
4 273 295 (2048 1328 64 ) (2048 1024 64 ) (1712 1024 64 ) (1712 1328 64 ) 
4 273 276 (1536 1328 64 ) (1536 1024 64 ) (1536 1024 96 ) (1536 1360 96 ) 
4 273 275 (2048 1328 64 ) (1712 1328 64 ) (1659.199951 1360 96 ) (2048 1360 96 ) 
4 274 287 (1680 1808 64 ) (1712 1808 64 ) (1712 1728 64 ) (1680 1728 64 ) 
4 274 286 (1712 1808 64 ) (2048 1808 64 ) (2048 1728 64 ) (1712 1728 64 ) 
4 274 289 (1536 1808 64 ) (1680 1808 64 ) (1680 1728 64 ) (1536 1728 64 ) 
4 274 275 (2048 1696 96 ) (1659.199951 1696 96 ) (1712 1728 64 ) (2048 1728 64 ) 
4 275 295 (2048 1504 64 ) (2048 1328 64 ) (1712 1328 64 ) (1712 1504 64 ) 
4 275 291 (2048 1600 64 ) (2048 1504 64 ) (1712 1504 64 ) (1712 1600 64 ) 
4 275 286 (2048 1728 64 ) (2048 1600 64 ) (1712 1600 64 ) (1712 1728 64 ) 
4 276 313 (1536 1024 96 ) (1024 1024 96 ) (1024 1024 64 ) (1536 1024 64 ) 
4 276 311 (1024 1184 64 ) (1024 1024 64 ) (1024 1024 96 ) (1024 1184 96 ) 
4 276 307 (1024 1328 64 ) (1024 1184 64 ) (1024 1184 96 ) (1024 1360 96 ) 
4 276 299 (1216 1328 64 ) (1536 1328 64 ) (1536 1024 64 ) (1216 1024 64 ) 
4 276 300 (1024 1024 64 ) (1024 1328 64 ) (1216 1328 64 ) (1216 1024 64 ) 
4 276 277 (1200 1328 64 ) (1024 1328 64 ) (1024 1360 96 ) (1216 1360 96 ) 
4 277 305 (1024 1808 64 ) (1024 1664 64 ) (1024 1664 96 ) (1024 1808 96 ) 
4 277 307 (1024 1664 64 ) (1024 1328 64 ) (1024 1360 96 ) (1024 1664 96 ) 
4 277 300 (1024 1328 64 ) (1024 1504 64 ) (1200 1504 64 ) (1200 1328 64 ) 
4 277 294 (1024 1504 64 ) (1024 1600 64 ) (1200 1600 64 ) (1200 1504 64 ) 
4 277 290 (1024 1600 64 ) (1024 1808 64 ) (1200 1808 64 ) (1200 1600 64 ) 
4 278 280 (1680 1856 -128 ) (2048 1856 -128 ) (2048 1856 64 ) (1680 1856 64 ) 
4 278 279 (1680 2048 -128 ) (1680 1856 -128 ) (1680 1856 48 ) (1680 2048 48 ) 
4 280 281 (1696 1840 -128 ) (2048 1840 -128 ) (2048 1840 64 ) (1696 1840 64 ) 
4 281 287 (1696 1808 -128 ) (1712 1808 -128 ) (1712 1808 64 ) (1696 1808 64 ) 
4 281 286 (1712 1808 -128 ) (2048 1808 -128 ) (2048 1808 64 ) (1712 1808 64 ) 
4 282 283 (1648 1856 -128 ) (1648 1840 -128 ) (1648 1840 64 ) (1648 1856 64 ) 
4 283 302 (1440 2048 -128 ) (1552 2048 -128 ) (1552 1840 -128 ) (1440 1840 -128 ) 
4 283 301 (1552 2048 -128 ) (1648 2048 -128 ) (1648 1840 -128 ) (1552 1840 -128 ) 
4 284 304 (1024 2048 64 ) (1024 2048 -128 ) (1024 1840 -128 ) (1024 1840 64 ) 
4 284 285 (1024 1840 -128 ) (1216 1840 -128 ) (1216 1840 64 ) (1024 1840 64 ) 
4 285 305 (1024 1840 -128 ) (1024 1808 -128 ) (1024 1808 64 ) (1024 1840 64 ) 
4 285 290 (1024 1808 -128 ) (1216 1808 -128 ) (1216 1808 64 ) (1024 1808 64 ) 
4 286 292 (1712 1600 -128 ) (2048 1600 -128 ) (2048 1600 -16 ) (1712 1600 -16 ) 
4 286 291 (2048 1600 -16 ) (2048 1600 64 ) (1712 1600 64 ) (1712 1600 -16 ) 
4 286 287 (1712 1808 64 ) (1712 1808 -128 ) (1712 1728 -128 ) (1712 1728 64 ) 
4 286 288 (1712 1696 -128 ) (1712 1600 -128 ) (1712 1600 64 ) (1712 1696 64 ) 
4 287 289 (1680 1808 64 ) (1680 1808 -128 ) (1680 1728 -128 ) (1680 1728 64 ) 
4 288 292 (1680 1600 -128 ) (1712 1600 -128 ) (1712 1600 -16 ) (1680 1600 -16 ) 
4 288 291 (1712 1600 -16 ) (1712 1600 64 ) (1680 1600 64 ) (1680 1600 -16 ) 
4 288 289 (1680 1696 -128 ) (1680 1600 -128 ) (1680 1600 64 ) (1680 1696 64 ) 
4 289 292 (1536 1600 -128 ) (1680 1600 -128 ) (1680 1600 -16 ) (1536 1600 -16 ) 
4 289 291 (1680 1600 -16 ) (1680 1600 64 ) (1536 1600 64 ) (1536 1600 -16 ) 
4 290 305 (1024 1808 -128 ) (1024 1664 -128 ) (1024 1664 64 ) (1024 1808 64 ) 
4 290 307 (1024 1664 -128 ) (1024 1600 -128 ) (1024 1600 64 ) (1024 1664 64 ) 
4 290 294 (1024 1600 -128 ) (1216 1600 -128 ) (1216 1600 64 ) (1024 1600 64 ) 
4 291 298 (1680 1504 64 ) (1536 1504 64 ) (1536 1504 -16 ) (1680 1504 -16 ) 
4 291 296 (1712 1504 64 ) (1680 1504 64 ) (1680 1504 -16 ) (1712 1504 -16 ) 
4 291 295 (2048 1504 -16 ) (2048 1504 64 ) (1712 1504 64 ) (1712 1504 -16 ) 
4 291 292 (2048 1504 -16 ) (1536 1504 -16 ) (1536 1600 -16 ) (2048 1600 -16 ) 
4 292 298 (1536 1504 -128 ) (1680 1504 -128 ) (1680 1504 -16 ) (1536 1504 -16 ) 
4 292 296 (1680 1504 -128 ) (1712 1504 -128 ) (1712 1504 -16 ) (1680 1504 -16 ) 
4 292 295 (1712 1504 -128 ) (2048 1504 -128 ) (2048 1504 -16 ) (1712 1504 -16 ) 
4 292 293 (1520 1584 -32 ) (1520 1584 -128 ) (1520 1520 -128 ) (1520 1520 -32 ) 
4 294 307 (1024 1600 -128 ) (1024 1504 -128 ) (1024 1504 64 ) (1024 1600 64 ) 
4 294 300 (1024 1504 -128 ) (1216 1504 -128 ) (1216 1504 64 ) (1024 1504 64 ) 
4 295 313 (2048 1024 -128 ) (2048 1024 64 ) (1712 1024 64 ) (1712 1024 -128 ) 
4 295 296 (1712 1504 64 ) (1712 1504 -128 ) (1712 1360 -128 ) (1712 1360 64 ) 
4 295 297 (1712 1328 -128 ) (1712 1024 -128 ) (1712 1024 64 ) (1712 1328 64 ) 
4 296 298 (1680 1504 64 ) (1680 1504 -128 ) (1680 1360 -128 ) (1680 1360 64 ) 
4 297 313 (1712 1024 64 ) (1680 1024 64 ) (1680 1024 -128 ) (1712 1024 -128 ) 
4 297 298 (1680 1328 -128 ) (1680 1024 -128 ) (1680 1024 64 ) (1680 1328 64 ) 
4 298 313 (1680 1024 64 ) (1536 1024 64 ) (1536 1024 -128 ) (1680 1024 -128 ) 
4 298 299 (1536 1344 -128 ) (1536 1024 -128 ) (1536 1024 64 ) (1536 1344 64 ) 
4 299 313 (1536 1024 64 ) (1216 1024 64 ) (1216 1024 -128 ) (1536 1024 -128 ) 
4 299 300 (1216 1344 -128 ) (1216 1024 -128 ) (1216 1024 64 ) (1216 1344 64 ) 
4 300 313 (1216 1024 64 ) (1024 1024 64 ) (1024 1024 -128 ) (1216 1024 -128 ) 
4 300 311 (1024 1184 -128 ) (1024 1024 -128 ) (1024 1024 64 ) (1024 1184 64 ) 
4 300 307 (1024 1504 -128 ) (1024 1184 -128 ) (1024 1184 64 ) (1024 1504 64 ) 
4 301 303 (1552 2048 -192 ) (1648 2048 -192 ) (1648 1840 -192 ) (1552 1840 -192 ) 
4 301 302 (1552 2048 -192 ) (1552 1840 -192 ) (1552 1840 -128 ) (1552 2048 -128 ) 
4 302 303 (1248 2048 -192 ) (1552 2048 -192 ) (1552 1824 -192 ) (1248 1824 -192 ) 
4 303 315 (2048 1024 -512 ) (2048 1024 -192 ) (1024 1024 -192 ) (1024 1024 -512 ) 
4 303 312 (1024 2048 -192 ) (1024 2048 -512 ) (1024 1024 -512 ) (1024 1024 -192 ) 
4 304 310 (640 1840 1024 ) (640 1984 1024 ) (640 1984 96 ) (640 1840 96 ) 
4 304 308 (640 1984 1024 ) (640 2048 1024 ) (640 2048 86.857178 ) (640 1984 96 ) 
4 304 306 (1024 1840 194.499420 ) (1024 1840 1024 ) (640 1840 1024 ) (640 1840 96.098511 ) 
4 304 305 (640 1840 -128 ) (1024 1840 -128 ) (1024 1840 178.401978 ) (640 1840 80 ) 
4 305 307 (640 1664 -128 ) (1024 1664 -128 ) (1024 1664 178.401581 ) (640 1664 80 ) 
4 306 310 (640 1664 1024 ) (640 1840 1024 ) (640 1840 96.098511 ) (640 1664 96.098511 ) 
4 306 307 (1024 1664 194.499405 ) (1024 1664 1024 ) (640 1664 1024 ) (640 1664 96.098511 ) 
4 307 311 (1024 1184 -128 ) (1024 1184 1024 ) (640 1184 1024 ) (640 1184 -128 ) 
4 307 310 (640 1184 96 ) (640 1184 1024 ) (640 1664 1024 ) (640 1664 96 ) 
4 308 319 (0 2048 1024 ) (0 2048 86.857178 ) (0 1984 96 ) (0 1984 1024 ) 
4 308 310 (0 1984 1024 ) (0 1984 96 ) (640 1984 96 ) (640 1984 1024 ) 
4 309 319 (0 2048 -32 ) (0 2048 -192 ) (0 1984 -192 ) (0 1984 -32 ) 
4 309 312 (0 2048 -192 ) (128 2048 -192 ) (128 1984 -192 ) (0 1984 -192 ) 
4 310 319 (0 1184 96 ) (0 1184 1024 ) (0 1984 1024 ) (0 1984 96 ) 
4 310 311 (0 1184 1024 ) (0 1184 96 ) (640 1184 96 ) (640 1184 1024 ) 
4 311 319 (0 1024 -128 ) (0 1024 1024 ) (0 1184 1024 ) (0 1184 -128 ) 
4 311 316 (1024 1024 -128 ) (1024 1024 1024 ) (0 1024 1024 ) (0 1024 -128 ) 
4 312 319 (0 2048 -192 ) (0 2048 -512 ) (0 1024 -512 ) (0 1024 -192 ) 
4 312 318 (1024 1024 -512 ) (1024 1024 -192 ) (0 1024 -192 ) (0 1024 -512 ) 
4 313 316 (1024 1024 1024 ) (1024 1024 -128 ) (1024 256 -128 ) (1024 256 1024 ) 
4 313 317 (1024 256 -128 ) (1024 0 -128 ) (1024 0 1024 ) (1024 256 1024 ) 
4 313 314 (1024 0 -128 ) (1024 256 -128 ) (2048 256 -128 ) (2048 0 -128 ) 
4 314 317 (1024 256 -192 ) (1024 0 -192 ) (1024 0 -128 ) (1024 256 -128 ) 
4 314 315 (2048 0 -192 ) (1024 0 -192 ) (1024 256 -192 ) (2048 256 -192 ) 
4 315 318 (1024 1024 -192 ) (1024 1024 -512 ) (1024 0 -512 ) (1024 0 -192 ) 
4 316 320 (0 256 1024 ) (0 1024 1024 ) (0 1024 -128 ) (0 256 -128 ) 
4 316 317 (1024 256 -128 ) (1024 256 1024 ) (0 256 1024 ) (0 256 -128 ) 
4 317 320 (0 0 -192 ) (0 0 1024 ) (0 256 1024 ) (0 256 -192 ) 
4 317 318 (1024 0 -192 ) (0 0 -192 ) (0 256 -192 ) (1024 256 -192 ) 
4 318 320 (0 0 -512 ) (0 0 -192 ) (0 1024 -192 ) (0 1024 -512 ) 
4 319 320 (0 1024 -512 ) (0 1024 1024 ) (-256 1024 1024 ) (-256 1024 -512 ) 
