


materialPath: C:\Program Files (x86)\Steam\steamapps\sourcemods\open_fortress\materials
Loading C:\Users\quint\Documents\Source Mapping\Open Fortress\dm_outbreak_a0.vmf
ConVarRef mat_reduceparticles doesn't point to an existing ConVar
fixing up env_cubemap materials on brush sides...
0...1...2...3...4...5...6...7...8...9...100...1...2...3...4...5...6...7...8...9...10Processing areas...done (0)
Building Faces...done (0)
FixTjuncs...
PruneNodes...
WriteBSP...
done (0)
writing C:\Users\quint\Documents\Source Mapping\Open Fortress\dm_outbreak_a0.prt...Building visibility clusters...
done (0)
*** Error: Skybox vtf files for skybox/sky_night_01 weren't compiled with the same size texture and/or same flags!
Can't load skybox file skybox/sky_night_01 to build the default cubemap!
*** Error: Skybox vtf files for skybox/sky_night_01 weren't compiled with the same size texture and/or same flags!
Can't load skybox file skybox/sky_night_01 to build the default cubemap!
Finding displacement neighbors...
Finding lightmap sample positions...
Displacement Alpha : 0...1...2...3...4...5...6...7...8...9...10
Building Physics collision data...
done (0) (48633 bytes)
Placing detail props : 0...1...2...3...4...5...6...7...8...9...10
Compacting texture/material tables...
Reduced 108 texinfos to 60
Reduced 11 texdatas to 11 (309 bytes to 309)
Writing C:\Users\quint\Documents\Source Mapping\Open Fortress\dm_outbreak_a0.bsp
MSG_FILEWRITE - Filesystem was asked to write to 'C:\Users\quint\Documents\Source Mapping\Open Fortress\dm_outbreak_a0.bsp', but we don't own that location. Allowing.
ZIP Output overshot buffer estimate: Estimated 0, actual 54
0 seconds elapsed



20 threads
reading c:\users\quint\documents\source mapping\open fortress\dm_outbreak_a0.bsp
reading c:\users\quint\documents\source mapping\open fortress\dm_outbreak_a0.prt
 285 portalclusters
 757 numportals
0...1...2...3...4...5...6...7...8...9...100...1...2...3...4...5...6...7...8...9...10Optimized: 148 visible clusters (0.34%)
Total clusters visible: 43355
Average clusters visible: 152
Building PAS...
Average clusters audible: 283
visdatasize:22497  compressed from 22800
writing c:\users\quint\documents\source mapping\open fortress\dm_outbreak_a0.bsp
MSG_FILEWRITE - Filesystem was asked to write to 'c:\users\quint\documents\source mapping\open fortress\dm_outbreak_a0.bsp', but we don't own that location. Allowing.
ZIP Output overshot buffer estimate: Estimated 0, actual 54
0 seconds elapsed



[Reading texlights from 'lights.rad']
[63 texlights parsed from 'lights.rad']

Loading c:\users\quint\documents\source mapping\open fortress\dm_outbreak_a0.bsp
Error! Unable to load file "models/props/soda_machine.dx80.vtx"
Error! Invalid VTX file checksum: 1568127961, expected -931059440 "models/pickups/emitter.dx80.vtx"
Error! Unable to load file "models/props/coffee_machine.dx80.vtx"
1213 faces
1753427 square feet [252493488.00 square inches]
0 Displacements
0 Square Feet [0.00 Square Inches]
1213 patches before subdivision
53901 patches after subdivision
0 direct lights
0...1...2...3...4...5...6...7...8...9...100...1...2...3...4...5...6...7...8...9...10transfers 3504868, max 361
transfer lists:  26.7 megs
0...1...2...3...4...5...6...7...8...9...10	Bounce #1 added RGB(0, 0, 0)
Build Patch/Sample Hash Table(s).....Done<0.0069 sec>
0...1...2...3...4...5...6...7...8...9...10FinalLightFace Done
0 of 0 (0% of) surface lights went in leaf ambient cubes.
0...1...2...3...4...5...6...7...8...9...10Writing leaf ambient...done
Ready to Finish

Object names       Objects/Maxobjs  Memory / Maxmem  Fullness 
------------       ---------------  ---------------  -------- 
models                   2/1024           96/49152    ( 0.2%) 
brushes                146/8192         1752/98304    ( 1.8%) 
brushsides             952/65536        7616/524288   ( 1.5%) 
planes                 354/65536        7080/1310720  ( 0.5%) 
vertexes              1659/65536       19908/786432   ( 2.5%) 
nodes                  661/65536       21152/2097152  ( 1.0%) 
texinfos                60/12288        4320/884736   ( 0.5%) 
texdata                 11/2048          352/65536    ( 0.5%) 
dispinfos                0/0               0/0        ( 0.0%) 
disp_verts               0/0               0/0        ( 0.0%) 
disp_tris                0/0               0/0        ( 0.0%) 
disp_lmsamples           0/0               0/0        ( 0.0%) 
faces                 1213/65536       67928/3670016  ( 1.9%) 
hdr faces                0/65536           0/3670016  ( 0.0%) 
origfaces              411/65536       23016/3670016  ( 0.6%) 
leaves                 664/65536       21248/2097152  ( 1.0%) 
leaffaces             1284/65536        2568/131072   ( 2.0%) 
leafbrushes            502/65536        1004/131072   ( 0.8%) 
areas                    2/256            16/2048     ( 0.8%) 
surfedges             7241/512000      28964/2048000  ( 1.4%) 
edges                 4014/256000      16056/1024000  ( 1.6%) 
LDR worldlights          0/8192            0/720896   ( 0.0%) 
HDR worldlights          0/8192            0/720896   ( 0.0%) 
leafwaterdata            0/32768           0/393216   ( 0.0%) 
waterstrips             91/32768         910/327680   ( 0.3%) 
waterverts               0/65536           0/786432   ( 0.0%) 
waterindices          1248/65536        2496/131072   ( 1.9%) 
cubemapsamples           0/1024            0/16384    ( 0.0%) 
overlays                 0/512             0/180224   ( 0.0%) 
LDR lightdata         [variable]     1130012/0        ( 0.0%) 
HDR lightdata         [variable]           0/0        ( 0.0%) 
visdata               [variable]       22497/16777216 ( 0.1%) 
entdata               [variable]        3660/393216   ( 0.9%) 
LDR ambient table      664/65536        2656/262144   ( 1.0%) 
HDR ambient table      664/65536        2656/262144   ( 1.0%) 
LDR leaf ambient       291/65536        8148/1835008  ( 0.4%) 
HDR leaf ambient       664/65536       18592/1835008  ( 1.0%) 
occluders                0/0               0/0        ( 0.0%) 
occluder polygons        0/0               0/0        ( 0.0%) 
occluder vert ind        0/0               0/0        ( 0.0%) 
detail props          [variable]           1/12       ( 8.3%) 
static props          [variable]           1/620      ( 0.2%) 
pakfile               [variable]          54/0        ( 0.0%) 
physics               [variable]       48633/4194304  ( 1.2%) 
physics terrain       [variable]           2/1048576  ( 0.0%) 

Level flags = 0

Total triangle count: 3192
Writing c:\users\quint\documents\source mapping\open fortress\dm_outbreak_a0.bsp
ZIP Output overshot buffer estimate: Estimated 0, actual 54
4 seconds elapsed
