PRT1
289
777
4 0 9 (2048 4096 64 ) (2048 4096 3008 ) (1024 4096 3008 ) (1024 4096 64 ) 
4 0 1 (1024 4096 64 ) (1024 4096 3008 ) (1024 5120 3008 ) (1024 5120 64 ) 
4 1 14 (1024 4096 64 ) (1024 4096 3008 ) (0 4096 3008 ) (0 4096 64 ) 
4 1 8 (0 5120 992 ) (0 5120 64 ) (0 4096 64 ) (0 4096 992 ) 
4 1 7 (0 4096 1024 ) (0 4096 1280 ) (0 4448 1280 ) (0 4448 1024 ) 
4 1 6 (0 5120 1280 ) (0 5120 992 ) (0 4448 992 ) (0 4448 1280 ) 
4 1 3 (0 5120 1312 ) (0 5120 1280 ) (0 4448 1280 ) (0 4448 1312 ) 
4 1 2 (0 5120 3008 ) (0 5120 1312 ) (0 4096 1312 ) (0 4096 3008 ) 
4 2 34 (-1024 4096 1312 ) (-1024 4096 3008 ) (-1024 5120 3008 ) (-1024 5120 1312 ) 
4 2 15 (0 4096 1312 ) (0 4096 3008 ) (-1024 4096 3008 ) (-1024 4096 1312 ) 
4 2 4 (-1024 4448 1312 ) (-1024 5120 1312 ) (-320 5120 1312 ) (-320 4448 1312 ) 
4 2 5 (-320 4096 1312 ) (-1024 4096 1312 ) (-1024 4128 1312 ) (-320 4128 1312 ) 
4 2 3 (-320 4448 1312 ) (-320 5120 1312 ) (0 5120 1312 ) (0 4448 1312 ) 
4 3 6 (-320 5120 1280 ) (0 5120 1280 ) (0 4448 1280 ) (-320 4448 1280 ) 
4 3 4 (-320 5120 1280 ) (-320 4448 1280 ) (-320 4448 1312 ) (-320 5120 1312 ) 
4 4 35 (-1024 4448 1312 ) (-1024 5120 1312 ) (-1024 5120 1280 ) (-1024 4448 1280 ) 
4 4 6 (-1024 4448 1280 ) (-1024 5120 1280 ) (-320 5120 1280 ) (-320 4448 1280 ) 
4 5 36 (-1024 4096 1280 ) (-1024 4096 1312 ) (-1024 4128 1312 ) (-1024 4128 1280 ) 
4 5 17 (-320 4096 1312 ) (-1024 4096 1312 ) (-1024 4096 1280 ) (-320 4096 1280 ) 
4 5 7 (-1024 4096 1280 ) (-1024 4128 1280 ) (-320 4128 1280 ) (-320 4096 1280 ) 
4 6 43 (-1024 5120 1024 ) (-1024 5120 992 ) (-1024 4448 992 ) (-1024 4448 1024 ) 
4 6 39 (-1024 4448 1280 ) (-1024 5120 1280 ) (-1024 5120 1024 ) (-1024 4448 1024 ) 
4 6 8 (-1024 4448 992 ) (-1024 5120 992 ) (0 5120 992 ) (0 4448 992 ) 
4 6 7 (0 4448 1024 ) (0 4448 1280 ) (-1024 4448 1280 ) (-1024 4448 1024 ) 
4 7 39 (-1024 4096 1024 ) (-1024 4096 1280 ) (-1024 4448 1280 ) (-1024 4448 1024 ) 
4 7 20 (0 4096 1024 ) (0 4096 1184 ) (-320 4096 1184 ) (-320 4096 1024 ) 
4 7 22 (-320 4096 1184 ) (-1024 4096 1184 ) (-1024 4096 1024 ) (-320 4096 1024 ) 
4 7 16 (0 4096 1184 ) (0 4096 1280 ) (-320 4096 1280 ) (-320 4096 1184 ) 
4 7 17 (-320 4096 1280 ) (-1024 4096 1280 ) (-1024 4096 1184 ) (-320 4096 1184 ) 
4 8 44 (-1024 4096 64 ) (-1024 4096 992 ) (-1024 4448 992 ) (-1024 4448 64 ) 
4 8 43 (-1024 4448 992 ) (-1024 5120 992 ) (-1024 5120 64 ) (-1024 4448 64 ) 
4 8 23 (0 4096 64 ) (0 4096 992 ) (-1024 4096 992 ) (-1024 4096 64 ) 
4 9 14 (1024 4096 3008 ) (1024 4096 64 ) (1024 3072 64 ) (1024 3072 3008 ) 
4 9 13 (2048 3072 64 ) (2048 3072 992 ) (1024 3072 992 ) (1024 3072 64 ) 
4 9 12 (1184 3072 1024 ) (1024 3072 1024 ) (1024 3072 992 ) (1184 3072 992 ) 
4 9 11 (2048 3072 992 ) (2048 3072 1024 ) (1184 3072 1024 ) (1184 3072 992 ) 
4 9 10 (2048 3072 1024 ) (2048 3072 3008 ) (1024 3072 3008 ) (1024 3072 1024 ) 
4 10 133 (2048 2048 1024 ) (2048 2048 3008 ) (1024 2048 3008 ) (1024 2048 1024 ) 
4 10 24 (1024 2048 1024 ) (1024 2048 3008 ) (1024 3072 3008 ) (1024 3072 1024 ) 
4 10 12 (1024 2394.073975 1024 ) (1024 3072 1024 ) (1184 3072 1024 ) (1184 2240 1024 ) 
4 10 11 (2048 2048 1024 ) (1184 2048 1024 ) (1184 3072 1024 ) (2048 3072 1024 ) 
4 11 134 (2048 2048 992 ) (2048 2048 1024 ) (1184 2048 1024 ) (1184 2048 992 ) 
4 11 13 (1184 3072 992 ) (2048 3072 992 ) (2048 2048 992 ) (1184 2048 992 ) 
4 11 12 (1184 3072 992 ) (1184 2240 992 ) (1184 2240 1024 ) (1184 3072 1024 ) 
4 12 25 (1024 2394.073975 1024 ) (1024 3072 1024 ) (1024 3072 992 ) (1024 2394.073975 992 ) 
4 12 13 (1024 2394.073975 992 ) (1024 3072 992 ) (1184 3072 992 ) (1184 2240 992 ) 
4 13 135 (1184 2048 992 ) (1024 2048 992 ) (1024 2048 64 ) (1184 2048 64 ) 
4 13 134 (2048 2048 64 ) (2048 2048 992 ) (1184 2048 992 ) (1184 2048 64 ) 
4 13 26 (1024 2048 64 ) (1024 2048 992 ) (1024 3072 992 ) (1024 3072 64 ) 
4 14 26 (1024 3072 64 ) (1024 3072 992 ) (0 3072 992 ) (0 3072 64 ) 
4 14 25 (1024 3072 992 ) (1024 3072 1024 ) (320 3072 1024 ) (320 3072 992 ) 
4 14 24 (1024 3072 1024 ) (1024 3072 3008 ) (0 3072 3008 ) (0 3072 1024 ) 
4 14 23 (0 4096 992 ) (0 4096 64 ) (0 3072 64 ) (0 3072 992 ) 
4 14 21 (0 3200 1024 ) (0 3072 1024 ) (0 3072 1184 ) (0 3456 1184 ) 
4 14 20 (0 4096 1184 ) (0 4096 1024 ) (0 3456 1024 ) (0 3456 1184 ) 
4 14 18 (0 3456 1184 ) (0 3072 1184 ) (0 3072 1312 ) (0 3712 1312 ) 
4 14 16 (0 4096 1280 ) (0 4096 1184 ) (0 3712 1184 ) (0 3712 1280 ) 
4 14 15 (0 4096 3008 ) (0 4096 1312 ) (0 3072 1312 ) (0 3072 3008 ) 
4 15 50 (-1024 3072 1312 ) (-1024 3072 3008 ) (-1024 4096 3008 ) (-1024 4096 1312 ) 
4 15 28 (0 3072 1312 ) (0 3072 1600 ) (-1024 3072 1600 ) (-1024 3072 1312 ) 
4 15 27 (0 3072 1600 ) (0 3072 3008 ) (-1024 3072 3008 ) (-1024 3072 1600 ) 
4 15 18 (0 3072 1312 ) (-320 3072 1312 ) (-320 3712 1312 ) (0 3712 1312 ) 
4 15 19 (-320 3072 1312 ) (-1024 3072 1312 ) (-1024 3712 1312 ) (-320 3712 1312 ) 
4 15 17 (-1024 3712 1312 ) (-1024 4096 1312 ) (-320 4096 1312 ) (-320 3712 1312 ) 
4 16 20 (0 4096 1184 ) (0 3712 1184 ) (-320 3712 1184 ) (-320 4096 1184 ) 
4 16 17 (-320 4096 1184 ) (-320 3712 1184 ) (-320 3712 1280 ) (-320 4096 1280 ) 
4 17 55 (-1024 4096 1280 ) (-1024 4096 1184 ) (-1024 3712 1184 ) (-1024 3712 1280 ) 
4 17 51 (-1024 3712 1312 ) (-1024 4096 1312 ) (-1024 4096 1280 ) (-1024 3712 1280 ) 
4 17 22 (-320 3712 1184 ) (-1024 3712 1184 ) (-1024 4096 1184 ) (-320 4096 1184 ) 
4 17 19 (-1024 3712 1184 ) (-320 3712 1184 ) (-320 3712 1312 ) (-1024 3712 1312 ) 
4 18 28 (0 3072 1184 ) (0 3072 1312 ) (-320 3072 1312 ) (-320 3072 1184 ) 
4 18 21 (0 3456 1184 ) (0 3072 1184 ) (-320 3072 1184 ) (-320 3456 1184 ) 
4 18 19 (-320 3712 1312 ) (-320 3456 1184 ) (-320 3072 1184 ) (-320 3072 1312 ) 
4 19 55 (-1024 3072 1184 ) (-1024 3072 1280 ) (-1024 3712 1280 ) (-1024 3712 1184 ) 
4 19 53 (-1024 3072 1280 ) (-1024 3072 1312 ) (-1024 3488 1312 ) (-1024 3488 1280 ) 
4 19 51 (-1024 3488 1312 ) (-1024 3712 1312 ) (-1024 3712 1280 ) (-1024 3488 1280 ) 
4 19 28 (-320 3072 1312 ) (-1024 3072 1312 ) (-1024 3072 1184 ) (-320 3072 1184 ) 
4 19 22 (-320 3072 1184 ) (-1024 3072 1184 ) (-1024 3712 1184 ) (-320 3712 1184 ) 
4 20 22 (-320 4096 1024 ) (-320 3456 1024 ) (-320 3456 1184 ) (-320 4096 1184 ) 
4 21 28 (0 3072 1024 ) (0 3072 1184 ) (-320 3072 1184 ) (-320 3072 1024 ) 
4 21 22 (-320 3200 1024 ) (-320 3072 1024 ) (-320 3072 1184 ) (-320 3456 1184 ) 
4 22 55 (-1024 3072 1024 ) (-1024 3072 1184 ) (-1024 4096 1184 ) (-1024 4096 1024 ) 
4 22 28 (-320 3072 1184 ) (-1024 3072 1184 ) (-1024 3072 1024 ) (-320 3072 1024 ) 
4 23 59 (-1024 3072 64 ) (-1024 3072 992 ) (-1024 4096 992 ) (-1024 4096 64 ) 
4 23 33 (0 3072 64 ) (0 3072 992 ) (-1024 3072 992 ) (-1024 3072 64 ) 
4 24 136 (1024 2048 1024 ) (1024 2048 3008 ) (0 2048 3008 ) (0 2048 1024 ) 
4 24 31 (0 2208 1024 ) (0 2048 1024 ) (0 2048 1600 ) (0 2208 1600 ) 
4 24 29 (0 2240 1024 ) (0 2208 1024 ) (0 2208 1600 ) (0 2240 1600 ) 
4 24 28 (0 3072 1600 ) (0 3072 1024 ) (0 2240 1024 ) (0 2240 1600 ) 
4 24 27 (0 3072 3008 ) (0 3072 1600 ) (0 2048 1600 ) (0 2048 3008 ) 
3 24 25 (320 3072 1024 ) (1024 3072 1024 ) (1024 2394.073975 1024 ) 
3 25 26 (320 3072 992 ) (1024 3072 992 ) (1024 2394.073975 992 ) 
4 26 137 (1024 2048 64 ) (1024 2048 992 ) (0 2048 992 ) (0 2048 64 ) 
4 26 33 (0 3072 992 ) (0 3072 64 ) (0 2048 64 ) (0 2048 992 ) 
4 27 141 (-704 2048 3008 ) (-1024 2048 3008 ) (-1024 2048 1600 ) (-704 2048 1600 ) 
4 27 139 (-672 2048 3008 ) (-704 2048 3008 ) (-704 2048 1600 ) (-672 2048 1600 ) 
4 27 138 (0 2048 1600 ) (0 2048 3008 ) (-672 2048 3008 ) (-672 2048 1600 ) 
4 27 62 (-1024 2048 1600 ) (-1024 2048 3008 ) (-1024 2208 3008 ) (-1024 2208 1600 ) 
4 27 61 (-1024 2208 3008 ) (-1024 2240 3008 ) (-1024 2240 1600 ) (-1024 2208 1600 ) 
4 27 60 (-1024 2240 3008 ) (-1024 3072 3008 ) (-1024 3072 1600 ) (-1024 2240 1600 ) 
4 27 31 (0 2048 1600 ) (-672 2048 1600 ) (-672 2208 1600 ) (0 2208 1600 ) 
4 27 29 (-672 2240 1600 ) (0 2240 1600 ) (0 2208 1600 ) (-672 2208 1600 ) 
4 27 28 (-1024 2240 1600 ) (-1024 3072 1600 ) (0 3072 1600 ) (0 2240 1600 ) 
4 28 60 (-1024 2240 1600 ) (-1024 3072 1600 ) (-1024 3072 1024 ) (-1024 2240 1024 ) 
4 28 30 (-768 2240 1184 ) (-768 2240 1376 ) (-960 2240 1376 ) (-960 2240 1184 ) 
4 28 29 (-672 2240 1024 ) (0 2240 1024 ) (0 2240 1600 ) (-672 2240 1600 ) 
4 29 31 (-672 2208 1024 ) (0 2208 1024 ) (0 2208 1600 ) (-672 2208 1600 ) 
4 30 32 (-768 2208 1184 ) (-768 2208 1376 ) (-960 2208 1376 ) (-960 2208 1184 ) 
4 31 138 (0 2048 1024 ) (0 2048 1600 ) (-672 2048 1600 ) (-672 2048 1024 ) 
4 32 142 (-1024 2048 1568 ) (-1024 2048 1184 ) (-704 2048 1184 ) (-704 2048 1568 ) 
4 32 64 (-1024 2048 1184 ) (-1024 2048 1312 ) (-1024 2208 1312 ) (-1024 2208 1184 ) 
4 32 63 (-1024 2048 1312 ) (-1024 2048 1568 ) (-1024 2208 1568 ) (-1024 2208 1312 ) 
4 33 144 (0 2048 64 ) (0 2048 992 ) (-1024 2048 992 ) (-1024 2048 64 ) 
4 33 65 (-1024 2048 64 ) (-1024 2048 992 ) (-1024 3072 992 ) (-1024 3072 64 ) 
4 34 50 (-1024 4096 1312 ) (-1024 4096 3008 ) (-2048 4096 3008 ) (-2048 4096 1312 ) 
4 34 45 (-2048 5120 3008 ) (-2048 5120 1312 ) (-2048 4096 1312 ) (-2048 4096 3008 ) 
4 34 37 (-1536 5120 1312 ) (-1216 5120 1312 ) (-1216 4864 1312 ) (-1536 4864 1312 ) 
4 34 38 (-2048 4096 1312 ) (-2048 5120 1312 ) (-1536 5120 1312 ) (-1536 4096 1312 ) 
4 34 35 (-1216 5120 1312 ) (-1024 5120 1312 ) (-1024 4448 1312 ) (-1216 4448 1312 ) 
4 34 36 (-1024 4128 1312 ) (-1024 4096 1312 ) (-1216 4096 1312 ) (-1216 4128 1312 ) 
4 35 39 (-1216 4448 1280 ) (-1216 5120 1280 ) (-1024 5120 1280 ) (-1024 4448 1280 ) 
4 35 37 (-1216 5120 1280 ) (-1216 4864 1280 ) (-1216 4864 1312 ) (-1216 5120 1312 ) 
4 36 51 (-1024 4096 1280 ) (-1024 4096 1312 ) (-1216 4096 1312 ) (-1216 4096 1280 ) 
4 36 39 (-1024 4096 1280 ) (-1216 4096 1280 ) (-1216 4128 1280 ) (-1024 4128 1280 ) 
4 37 40 (-1424 5120 1280 ) (-1328 5120 1280 ) (-1328 4864 1280 ) (-1424 4864 1280 ) 
4 37 39 (-1328 5120 1280 ) (-1216 5120 1280 ) (-1216 4864 1280 ) (-1328 4864 1280 ) 
4 37 42 (-1536 4864 1280 ) (-1536 5120 1280 ) (-1424 5120 1280 ) (-1424 4864 1280 ) 
4 37 38 (-1536 5120 1280 ) (-1536 4864 1280 ) (-1536 4864 1312 ) (-1536 5120 1312 ) 
4 38 52 (-1536 4096 1312 ) (-2048 4096 1312 ) (-2048 4096 1280 ) (-1536 4096 1280 ) 
4 38 45 (-2048 5120 1312 ) (-2048 5120 1280 ) (-2048 4096 1280 ) (-2048 4096 1312 ) 
4 38 42 (-1536 4096 1280 ) (-2048 4096 1280 ) (-2048 5120 1280 ) (-1536 5120 1280 ) 
4 39 55 (-1024 4096 1024 ) (-1024 4096 1280 ) (-1328 4096 1280 ) (-1328 4096 1024 ) 
4 39 43 (-1328 5120 1024 ) (-1024 5120 1024 ) (-1024 4448 1024 ) (-1328 4448 1024 ) 
4 39 40 (-1328 5120 1024 ) (-1328 4336 1024 ) (-1328 4336 1280 ) (-1328 5120 1280 ) 
4 39 41 (-1328 4240 1024 ) (-1328 4096 1024 ) (-1328 4096 1280 ) (-1328 4240 1280 ) 
4 40 43 (-1424 5120 1024 ) (-1328 5120 1024 ) (-1328 4448 1024 ) (-1424 4448 1024 ) 
4 40 42 (-1424 5120 1024 ) (-1424 4336 1024 ) (-1424 4336 1280 ) (-1424 5120 1280 ) 
4 41 56 (-1328 4096 1280 ) (-1424 4096 1280 ) (-1424 4096 1024 ) (-1328 4096 1024 ) 
4 41 42 (-1424 4240 1024 ) (-1424 4096 1024 ) (-1424 4096 1280 ) (-1424 4240 1280 ) 
4 42 58 (-1424 4096 1280 ) (-2048 4096 1280 ) (-2048 4096 1024 ) (-1424 4096 1024 ) 
4 42 45 (-2048 5120 1280 ) (-2048 5120 1024 ) (-2048 4096 1024 ) (-2048 4096 1280 ) 
4 42 43 (-2048 4448 1024 ) (-2048 5120 1024 ) (-1424 5120 1024 ) (-1424 4448 1024 ) 
4 43 46 (-2048 5120 1024 ) (-2048 5120 64 ) (-2048 4448 64 ) (-2048 4448 1024 ) 
4 43 44 (-2048 4448 64 ) (-1024 4448 64 ) (-1024 4448 992 ) (-2048 4448 992 ) 
4 44 59 (-1024 4096 64 ) (-1024 4096 992 ) (-2048 4096 992 ) (-2048 4096 64 ) 
4 44 47 (-2048 4448 64 ) (-2048 4096 64 ) (-2048 4096 992 ) (-2048 4448 992 ) 
4 45 75 (-2112 4096 1280 ) (-2528 4096 1280 ) (-2528 4096 1024 ) (-2112 4096 1024 ) 
4 45 74 (-2048 4096 1024 ) (-2048 4096 1280 ) (-2112 4096 1280 ) (-2112 4096 1024 ) 
4 45 76 (-2528 4096 1280 ) (-3072 4096 1280 ) (-3072 4096 1024 ) (-2528 4096 1024 ) 
4 45 70 (-2112 4096 1856 ) (-3072 4096 1856 ) (-3072 4096 1280 ) (-2112 4096 1280 ) 
4 45 67 (-2048 4096 1280 ) (-2048 4096 1856 ) (-2112 4096 1856 ) (-2112 4096 1280 ) 
4 45 66 (-2048 4096 1856 ) (-2048 4096 3008 ) (-3072 4096 3008 ) (-3072 4096 1856 ) 
4 45 49 (-3072 4096 1024 ) (-3072 4096 3008 ) (-3072 5120 3008 ) (-3072 5120 1024 ) 
4 45 46 (-2112 5120 1024 ) (-2048 5120 1024 ) (-2048 4448 1024 ) (-2112 4448 1024 ) 
4 45 48 (-3072 4096 1024 ) (-3072 5120 1024 ) (-2112 5120 1024 ) (-2112 4096 1024 ) 
4 46 47 (-2112 4448 992 ) (-2112 4448 64 ) (-2048 4448 64 ) (-2048 4448 992 ) 
4 46 48 (-2112 5120 64 ) (-2112 4448 64 ) (-2112 4448 1024 ) (-2112 5120 1024 ) 
4 47 77 (-2048 4096 64 ) (-2048 4096 992 ) (-2112 4096 992 ) (-2112 4096 64 ) 
4 47 48 (-2112 4448 64 ) (-2112 4096 64 ) (-2112 4096 992 ) (-2112 4448 992 ) 
4 48 78 (-2112 4096 1024 ) (-3072 4096 1024 ) (-3072 4096 64 ) (-2112 4096 64 ) 
4 48 49 (-3072 4096 64 ) (-3072 4096 1024 ) (-3072 5120 1024 ) (-3072 5120 64 ) 
4 49 126 (-4096 4096 64 ) (-4096 4096 3008 ) (-4096 5120 3008 ) (-4096 5120 64 ) 
4 49 85 (-4096 4096 1280 ) (-4096 4096 64 ) (-3072 4096 64 ) (-3072 4096 1280 ) 
4 49 79 (-4000 4096 1280 ) (-3072 4096 1280 ) (-3072 4096 3008 ) (-4000 4096 3008 ) 
4 49 81 (-4096 4096 3008 ) (-4096 4096 1280 ) (-4000 4096 1280 ) (-4000 4096 3008 ) 
4 50 68 (-2048 3488 1312 ) (-2048 3168 1312 ) (-2048 3168 1856 ) (-2048 3488 1856 ) 
4 50 67 (-2048 4096 1856 ) (-2048 4096 1312 ) (-2048 3488 1312 ) (-2048 3488 1856 ) 
4 50 69 (-2048 3168 1312 ) (-2048 3072 1312 ) (-2048 3072 1856 ) (-2048 3168 1856 ) 
4 50 66 (-2048 4096 3008 ) (-2048 4096 1856 ) (-2048 3072 1856 ) (-2048 3072 3008 ) 
4 50 60 (-1024 3072 1312 ) (-1024 3072 3008 ) (-2048 3072 3008 ) (-2048 3072 1312 ) 
4 50 54 (-1216 3072 1312 ) (-2048 3072 1312 ) (-2048 3168 1312 ) (-1216 3168 1312 ) 
4 50 53 (-1024 3072 1312 ) (-1216 3072 1312 ) (-1216 3488 1312 ) (-1024 3488 1312 ) 
4 50 51 (-1216 4096 1312 ) (-1024 4096 1312 ) (-1024 3488 1312 ) (-1216 3488 1312 ) 
4 50 52 (-2048 3488 1312 ) (-2048 4096 1312 ) (-1536 4096 1312 ) (-1536 3488 1312 ) 
4 51 55 (-1216 4096 1280 ) (-1024 4096 1280 ) (-1024 3488 1280 ) (-1216 3488 1280 ) 
4 51 53 (-1216 3488 1280 ) (-1024 3488 1280 ) (-1024 3488 1312 ) (-1216 3488 1312 ) 
4 52 67 (-2048 4096 1312 ) (-2048 4096 1280 ) (-2048 3488 1280 ) (-2048 3488 1312 ) 
4 52 58 (-2048 3488 1280 ) (-2048 4096 1280 ) (-1536 4096 1280 ) (-1536 3488 1280 ) 
4 53 60 (-1024 3072 1280 ) (-1024 3072 1312 ) (-1216 3072 1312 ) (-1216 3072 1280 ) 
4 53 55 (-1216 3488 1280 ) (-1024 3488 1280 ) (-1024 3072 1280 ) (-1216 3072 1280 ) 
4 53 54 (-1216 3168 1280 ) (-1216 3072 1280 ) (-1216 3072 1312 ) (-1216 3168 1312 ) 
4 54 69 (-2048 3168 1280 ) (-2048 3072 1280 ) (-2048 3072 1312 ) (-2048 3168 1312 ) 
4 54 60 (-1216 3072 1312 ) (-2048 3072 1312 ) (-2048 3072 1280 ) (-1216 3072 1280 ) 
4 54 57 (-1424 3168 1280 ) (-1328 3168 1280 ) (-1328 3072 1280 ) (-1424 3072 1280 ) 
4 54 55 (-1328 3168 1280 ) (-1216 3168 1280 ) (-1216 3072 1280 ) (-1328 3072 1280 ) 
4 54 58 (-2048 3072 1280 ) (-2048 3168 1280 ) (-1424 3168 1280 ) (-1424 3072 1280 ) 
4 55 60 (-1024 3072 1024 ) (-1024 3072 1280 ) (-1328 3072 1280 ) (-1328 3072 1024 ) 
4 55 56 (-1328 4096 1024 ) (-1328 3376 1024 ) (-1328 3376 1280 ) (-1328 4096 1280 ) 
4 55 57 (-1328 3280 1024 ) (-1328 3072 1024 ) (-1328 3072 1280 ) (-1328 3280 1280 ) 
4 56 58 (-1424 4096 1024 ) (-1424 3376 1024 ) (-1424 3376 1280 ) (-1424 4096 1280 ) 
4 57 60 (-1328 3072 1280 ) (-1424 3072 1280 ) (-1424 3072 1024 ) (-1328 3072 1024 ) 
4 57 58 (-1424 3280 1024 ) (-1424 3072 1024 ) (-1424 3072 1280 ) (-1424 3280 1280 ) 
4 58 74 (-2048 4096 1280 ) (-2048 4096 1024 ) (-2048 3072 1024 ) (-2048 3072 1280 ) 
4 58 60 (-1424 3072 1280 ) (-2048 3072 1280 ) (-2048 3072 1024 ) (-1424 3072 1024 ) 
4 59 77 (-2048 4096 992 ) (-2048 4096 64 ) (-2048 3072 64 ) (-2048 3072 992 ) 
4 59 65 (-1024 3072 64 ) (-1024 3072 992 ) (-2048 3072 992 ) (-2048 3072 64 ) 
4 60 92 (-2048 3072 1856 ) (-2048 3072 1024 ) (-2048 2240 1024 ) (-2048 2240 1856 ) 
4 60 91 (-2048 3072 3008 ) (-2048 3072 1856 ) (-2048 2240 1856 ) (-2048 2240 3008 ) 
4 60 61 (-1024 2240 1600 ) (-1024 2240 3008 ) (-2048 2240 3008 ) (-2048 2240 1600 ) 
4 61 93 (-2048 2208 1600 ) (-2048 2208 1856 ) (-2048 2240 1856 ) (-2048 2240 1600 ) 
4 61 91 (-2048 2208 1856 ) (-2048 2208 3008 ) (-2048 2240 3008 ) (-2048 2240 1856 ) 
4 61 62 (-1024 2208 1600 ) (-1024 2208 3008 ) (-2048 2208 3008 ) (-2048 2208 1600 ) 
4 62 179 (-1024 2048 1600 ) (-1024 2048 3008 ) (-2048 2048 3008 ) (-2048 2048 1600 ) 
4 62 94 (-2048 2048 1600 ) (-2048 2048 1856 ) (-2048 2208 1856 ) (-2048 2208 1600 ) 
4 62 91 (-2048 2048 1856 ) (-2048 2048 3008 ) (-2048 2208 3008 ) (-2048 2208 1856 ) 
4 63 180 (-1024 2048 1312 ) (-1024 2048 1568 ) (-2048 2048 1568 ) (-2048 2048 1312 ) 
4 63 95 (-2048 2048 1312 ) (-2048 2048 1568 ) (-2048 2208 1568 ) (-2048 2208 1312 ) 
4 63 64 (-1024 2048 1312 ) (-1280 2048 1312 ) (-1280 2208 1312 ) (-1024 2208 1312 ) 
3 64 187 (-1024 2048 1184 ) (-1024 2048 1280 ) (-1216 2048 1280 ) 
4 64 181 (-1024 2048 1280 ) (-1024 2048 1312 ) (-1280 2048 1312 ) (-1216 2048 1280 ) 
4 65 190 (-1024 2048 64 ) (-1024 2048 992 ) (-2048 2048 992 ) (-2048 2048 64 ) 
4 65 104 (-2048 2048 64 ) (-2048 2048 992 ) (-2048 3072 992 ) (-2048 3072 64 ) 
4 66 108 (-3040 3072 3008 ) (-3072 3072 3008 ) (-3072 3072 1856 ) (-3040 3072 1856 ) 
4 66 91 (-2048 3072 1856 ) (-2048 3072 3008 ) (-3040 3072 3008 ) (-3040 3072 1856 ) 
4 66 86 (-3072 3168 1856 ) (-3072 3072 1856 ) (-3072 3072 3008 ) (-3072 3168 3008 ) 
4 66 82 (-3072 3488 1856 ) (-3072 3168 1856 ) (-3072 3168 3008 ) (-3072 3488 3008 ) 
4 66 80 (-3072 3648 1856 ) (-3072 3488 1856 ) (-3072 3488 3008 ) (-3072 3648 3008 ) 
4 66 79 (-3072 4096 3008 ) (-3072 4096 1856 ) (-3072 3648 1856 ) (-3072 3648 3008 ) 
4 66 70 (-3072 3648 1856 ) (-3072 4096 1856 ) (-2112 4096 1856 ) (-2112 3648 1856 ) 
4 66 68 (-2048 3488 1856 ) (-2048 3168 1856 ) (-2112 3168 1856 ) (-2112 3488 1856 ) 
4 66 67 (-2112 4096 1856 ) (-2048 4096 1856 ) (-2048 3488 1856 ) (-2112 3488 1856 ) 
4 66 69 (-2048 3168 1856 ) (-2048 3072 1856 ) (-2112 3072 1856 ) (-2112 3168 1856 ) 
4 67 74 (-2112 3488 1280 ) (-2112 4096 1280 ) (-2048 4096 1280 ) (-2048 3488 1280 ) 
4 67 70 (-2112 4096 1280 ) (-2112 3648 1280 ) (-2112 3648 1856 ) (-2112 4096 1856 ) 
4 67 68 (-2112 3488 1856 ) (-2112 3488 1312 ) (-2048 3488 1312 ) (-2048 3488 1856 ) 
4 68 71 (-2112 3168 1312 ) (-2112 3168 1824 ) (-2112 3488 1824 ) (-2112 3488 1312 ) 
4 68 69 (-2112 3168 1856 ) (-2112 3168 1312 ) (-2048 3168 1312 ) (-2048 3168 1856 ) 
4 69 96 (-2080 3072 1856 ) (-2112 3072 1856 ) (-2112 3072 1280 ) (-2080 3072 1280 ) 
4 69 92 (-2048 3072 1280 ) (-2048 3072 1856 ) (-2080 3072 1856 ) (-2080 3072 1280 ) 
4 69 74 (-2048 3072 1280 ) (-2112 3072 1280 ) (-2112 3168 1280 ) (-2048 3168 1280 ) 
4 70 79 (-3072 4096 1856 ) (-3072 4096 1280 ) (-3072 3648 1280 ) (-3072 3648 1856 ) 
4 70 75 (-2528 4096 1280 ) (-2112 4096 1280 ) (-2112 3648 1280 ) (-2528 3648 1280 ) 
4 70 76 (-3072 3648 1280 ) (-3072 4096 1280 ) (-2528 4096 1280 ) (-2528 3648 1280 ) 
4 71 72 (-2288 3488 1312 ) (-2528 3168 1312 ) (-2528.001953 3168 1824 ) (-2288.001953 3488 1824 ) 
4 72 106 (-2968 3072 1312 ) (-2944 3072 1312 ) (-2944 3072 1824 ) (-2968 3072 1824 ) 
4 72 101 (-2944 3072 1312 ) (-2624 3072 1312 ) (-2624 3072 1824 ) (-2944 3072 1824 ) 
4 72 98 (-2624 3072 1312 ) (-2600 3072 1312 ) (-2600 3072 1824 ) (-2624 3072 1824 ) 
4 72 73 (-3040 3488 1824 ) (-3040 3488 1312 ) (-3040 3168 1312 ) (-3040 3168 1824 ) 
4 73 83 (-3072 3488 1824 ) (-3072 3488 1312 ) (-3072 3168 1312 ) (-3072 3168 1824 ) 
4 74 96 (-2080 3072 1280 ) (-2112 3072 1280 ) (-2112 3072 1024 ) (-2080 3072 1024 ) 
4 74 92 (-2048 3072 1024 ) (-2048 3072 1280 ) (-2080 3072 1280 ) (-2080 3072 1024 ) 
4 74 75 (-2112 4096 1024 ) (-2112 3168 1024 ) (-2112 3168 1280 ) (-2112 4096 1280 ) 
4 75 78 (-2528 4096 1024 ) (-2112 4096 1024 ) (-2112 3168 1024 ) (-2528 3168 1024 ) 
4 75 76 (-2528 4096 1024 ) (-2528 3168 1024 ) (-2528 3168 1280 ) (-2528 4096 1280 ) 
4 76 111 (-3040 3072 1280 ) (-3072 3072 1280 ) (-3072 3072 1024 ) (-3040 3072 1024 ) 
4 76 107 (-2944 3072 1280 ) (-3040 3072 1280 ) (-3040 3072 1024 ) (-2944 3072 1024 ) 
4 76 102 (-2624 3072 1280 ) (-2944 3072 1280 ) (-2944 3072 1024 ) (-2624 3072 1024 ) 
4 76 100 (-2528 3072 1280 ) (-2624 3072 1280 ) (-2624 3072 1024 ) (-2528 3072 1024 ) 
4 76 90 (-3072 3168 1024 ) (-3072 3072 1024 ) (-3072 3072 1280 ) (-3072 3168 1280 ) 
4 76 85 (-3072 4096 1280 ) (-3072 4096 1024 ) (-3072 3168 1024 ) (-3072 3168 1280 ) 
4 76 78 (-3072 3072 1024 ) (-3072 4096 1024 ) (-2528 4096 1024 ) (-2528 3072 1024 ) 
4 77 104 (-2048 3072 64 ) (-2048 3072 992 ) (-2112 3072 992 ) (-2112 3072 64 ) 
4 77 78 (-2112 4096 64 ) (-2112 3072 64 ) (-2112 3072 992 ) (-2112 4096 992 ) 
4 78 111 (-3040 3072 1024 ) (-3072 3072 1024 ) (-3072 3072 64 ) (-3040 3072 64 ) 
4 78 107 (-2944 3072 1024 ) (-3040 3072 1024 ) (-3040 3072 64 ) (-2944 3072 64 ) 
4 78 104 (-2944 3072 992 ) (-2944 3072 64 ) (-2112 3072 64 ) (-2112 3072 992 ) 
4 78 103 (-2112 3072 1024 ) (-2944 3072 1024 ) (-2944 3072 992 ) (-2112 3072 992 ) 
4 78 90 (-3072 3168 64 ) (-3072 3072 64 ) (-3072 3072 1024 ) (-3072 3168 1024 ) 
4 78 85 (-3072 4096 1024 ) (-3072 4096 64 ) (-3072 3168 64 ) (-3072 3168 1024 ) 
4 79 85 (-4000 4096 1280 ) (-3072 4096 1280 ) (-3072 3648 1280 ) (-4000 3648 1280 ) 
4 79 80 (-4000 3648 3008 ) (-4000 3648 1856 ) (-3072 3648 1856 ) (-3072 3648 3008 ) 
4 79 81 (-4000 4096 1280 ) (-4000 3648 1280 ) (-4000 3648 3008 ) (-4000 4096 3008 ) 
4 80 82 (-3072 3488 1856 ) (-3072 3488 3008 ) (-4000 3488 3008 ) (-4000 3488 1856 ) 
4 80 81 (-4000 3488 1856 ) (-4000 3488 3008 ) (-4000 3648 3008 ) (-4000 3648 1856 ) 
4 81 127 (-4096 4096 3008 ) (-4096 4096 1280 ) (-4096 3488 1280 ) (-4096 3488 3008 ) 
4 81 85 (-4096 3488 1280 ) (-4096 4096 1280 ) (-4000 4096 1280 ) (-4000 3488 1280 ) 
4 81 82 (-4096 3488 3008 ) (-4096 3488 1856 ) (-4000 3488 1856 ) (-4000 3488 3008 ) 
4 82 128 (-4096 3168 1856 ) (-4096 3168 3008 ) (-4096 3488 3008 ) (-4096 3488 1856 ) 
4 82 86 (-4096 3168 3008 ) (-4096 3168 1856 ) (-3072 3168 1856 ) (-3072 3168 3008 ) 
4 82 84 (-3712 3168 1856 ) (-4000 3168 1856 ) (-4000 3488 1856 ) (-3712 3488 1856 ) 
4 83 87 (-3680 3168 1504 ) (-3680 3168 1312 ) (-3360 3168 1312 ) (-3360 3168 1504 ) 
4 83 84 (-3712 3488 1312 ) (-3712 3168 1312 ) (-3712 3168 1824 ) (-3712 3488 1824 ) 
4 85 131 (-4096 3168 64 ) (-4096 3168 1280 ) (-4096 4096 1280 ) (-4096 4096 64 ) 
4 85 90 (-4096 3168 1280 ) (-4096 3168 64 ) (-3072 3168 64 ) (-3072 3168 1280 ) 
4 86 129 (-4096 3072 1856 ) (-4096 3072 3008 ) (-4096 3168 3008 ) (-4096 3168 1856 ) 
4 86 112 (-4096 3072 3008 ) (-4096 3072 1856 ) (-3072 3072 1856 ) (-3072 3072 3008 ) 
4 86 88 (-4096 3168 1856 ) (-4000 3168 1856 ) (-4000 3072 1856 ) (-4096 3072 1856 ) 
4 87 113 (-3680 3072 1312 ) (-3360 3072 1312 ) (-3360 3072 1504 ) (-3680 3072 1504 ) 
4 88 129 (-4096 3072 1312 ) (-4096 3072 1856 ) (-4096 3168 1856 ) (-4096 3168 1312 ) 
4 88 114 (-4096 3072 1856 ) (-4096 3072 1312 ) (-4000 3072 1312 ) (-4000 3072 1856 ) 
4 88 89 (-4000 3072 1312 ) (-4096 3072 1312 ) (-4096 3168 1312 ) (-4000 3168 1312 ) 
4 89 129 (-4096 3072 1280 ) (-4096 3072 1312 ) (-4096 3168 1312 ) (-4096 3168 1280 ) 
4 89 115 (-4096 3072 1312 ) (-4096 3072 1280 ) (-4000 3072 1280 ) (-4000 3072 1312 ) 
4 89 90 (-4000 3072 1280 ) (-4096 3072 1280 ) (-4096 3168 1280 ) (-4000 3168 1280 ) 
4 90 131 (-4096 3072 64 ) (-4096 3072 1280 ) (-4096 3168 1280 ) (-4096 3168 64 ) 
4 90 116 (-4096 3072 1280 ) (-4096 3072 64 ) (-3072 3072 64 ) (-3072 3072 1280 ) 
4 91 209 (-2944 2048 3008 ) (-3040 2048 3008 ) (-3040 2048 1856 ) (-2944 2048 1856 ) 
4 91 205 (-2624 2048 3008 ) (-2944 2048 3008 ) (-2944 2048 1856 ) (-2624 2048 1856 ) 
4 91 200 (-2112 2048 3008 ) (-2624 2048 3008 ) (-2624 2048 1856 ) (-2112 2048 1856 ) 
4 91 195 (-2080 2048 3008 ) (-2112 2048 3008 ) (-2112 2048 1856 ) (-2080 2048 1856 ) 
4 91 191 (-2048 2048 1856 ) (-2048 2048 3008 ) (-2080 2048 3008 ) (-2080 2048 1856 ) 
4 91 108 (-3040 2048 1856 ) (-3040 2048 3008 ) (-3040 3072 3008 ) (-3040 3072 1856 ) 
4 91 96 (-2112 2240 1856 ) (-2112 3072 1856 ) (-2080 3072 1856 ) (-2080 2240 1856 ) 
4 91 94 (-2048 2048 1856 ) (-2080 2048 1856 ) (-2080 2208 1856 ) (-2048 2208 1856 ) 
4 91 93 (-2080 2208 1856 ) (-2080 2240 1856 ) (-2048 2240 1856 ) (-2048 2208 1856 ) 
4 91 92 (-2080 2240 1856 ) (-2080 3072 1856 ) (-2048 3072 1856 ) (-2048 2240 1856 ) 
4 92 96 (-2080 3072 1024 ) (-2080 2240 1024 ) (-2080 2240 1856 ) (-2080 3072 1856 ) 
4 92 93 (-2080 2240 1856 ) (-2080 2240 1600 ) (-2048 2240 1600 ) (-2048 2240 1856 ) 
4 93 94 (-2080 2208 1856 ) (-2080 2208 1600 ) (-2048 2208 1600 ) (-2048 2208 1856 ) 
4 94 191 (-2048 2048 1600 ) (-2048 2048 1856 ) (-2080 2048 1856 ) (-2080 2048 1600 ) 
4 95 192 (-2048 2048 1312 ) (-2048 2048 1568 ) (-2080 2048 1568 ) (-2080 2048 1312 ) 
4 97 216 (-2528 2048 1280 ) (-2528 2048 1024 ) (-2112 2048 1024 ) (-2112 2048 1280 ) 
4 97 103 (-2112 2048 1024 ) (-2528 2048 1024 ) (-2528 2240 1024 ) (-2112 2240 1024 ) 
4 97 100 (-2528 2240 1024 ) (-2528 2048 1024 ) (-2528 2048 1280 ) (-2528 2240 1280 ) 
4 98 101 (-2624 3072 1824 ) (-2624 3072 1312 ) (-2624 3040 1312 ) (-2624 3040 1824 ) 
4 99 201 (-2624 2048 1824 ) (-2624 2048 1312 ) (-2552 2048 1312 ) (-2552 2048 1824 ) 
4 99 101 (-2624 2048 1312 ) (-2624 2048 1824 ) (-2624 2144 1824 ) (-2624 2144 1312 ) 
4 100 216 (-2624 2048 1280 ) (-2624 2048 1024 ) (-2528 2048 1024 ) (-2528 2048 1280 ) 
4 100 103 (-2528 2048 1024 ) (-2624 2048 1024 ) (-2624 3072 1024 ) (-2528 3072 1024 ) 
4 100 102 (-2624 3072 1024 ) (-2624 2048 1024 ) (-2624 2048 1280 ) (-2624 3072 1280 ) 
4 101 206 (-2944 2048 1824 ) (-2944 2048 1312 ) (-2624 2048 1312 ) (-2624 2048 1824 ) 
4 101 106 (-2944 3040 1824 ) (-2944 3072 1824 ) (-2944 3072 1312 ) (-2944 3040 1312 ) 
4 101 105 (-2944 2048 1312 ) (-2944 2048 1824 ) (-2944 2720 1824 ) (-2944 2720 1312 ) 
4 102 216 (-2944 2048 1280 ) (-2944 2048 1024 ) (-2624 2048 1024 ) (-2624 2048 1280 ) 
4 102 107 (-2944 2048 1024 ) (-2944 2048 1280 ) (-2944 3072 1280 ) (-2944 3072 1024 ) 
4 102 103 (-2624 2048 1024 ) (-2944 2048 1024 ) (-2944 3072 1024 ) (-2624 3072 1024 ) 
4 103 216 (-2112 2048 1024 ) (-2944 2048 1024 ) (-2944 2048 992 ) (-2112 2048 992 ) 
4 103 107 (-2944 2048 992 ) (-2944 2048 1024 ) (-2944 3072 1024 ) (-2944 3072 992 ) 
4 103 104 (-2944 2048 992 ) (-2944 3072 992 ) (-2112 3072 992 ) (-2112 2048 992 ) 
4 104 216 (-2112 2048 992 ) (-2944 2048 992 ) (-2944 2048 64 ) (-2112 2048 64 ) 
4 104 199 (-2080 2048 992 ) (-2112 2048 992 ) (-2112 2048 64 ) (-2080 2048 64 ) 
4 104 194 (-2048 2048 64 ) (-2048 2048 992 ) (-2080 2048 992 ) (-2080 2048 64 ) 
4 104 107 (-2944 2048 64 ) (-2944 2048 992 ) (-2944 3072 992 ) (-2944 3072 64 ) 
4 105 211 (-2944 2048 1312 ) (-2944 2048 1824 ) (-3040 2048 1824 ) (-3040 2048 1312 ) 
4 105 110 (-3040 2048 1312 ) (-3040 2048 1504 ) (-3040 2336 1504 ) (-3040 2336 1312 ) 
4 107 216 (-2944 2048 64 ) (-2944 2048 1280 ) (-3040 2048 1280 ) (-3040 2048 64 ) 
4 107 111 (-3040 2048 64 ) (-3040 2048 1280 ) (-3040 3072 1280 ) (-3040 3072 64 ) 
4 108 212 (-3040 2048 1856 ) (-3040 2048 3008 ) (-3072 2048 3008 ) (-3072 2048 1856 ) 
4 108 117 (-3072 3040 1856 ) (-3072 2048 1856 ) (-3072 2048 3008 ) (-3072 3040 3008 ) 
4 108 112 (-3072 3072 3008 ) (-3072 3072 1856 ) (-3072 3040 1856 ) (-3072 3040 3008 ) 
4 109 118 (-3072 2688 1312 ) (-3072 2688 1824 ) (-3072 3040 1824 ) (-3072 3040 1312 ) 
4 110 213 (-3040 2048 1312 ) (-3040 2048 1504 ) (-3072 2048 1504 ) (-3072 2048 1312 ) 
4 110 119 (-3072 2048 1312 ) (-3072 2048 1504 ) (-3072 2336 1504 ) (-3072 2336 1312 ) 
4 111 216 (-3040 2048 64 ) (-3040 2048 1280 ) (-3072 2048 1280 ) (-3072 2048 64 ) 
4 111 120 (-3072 3040 64 ) (-3072 2048 64 ) (-3072 2048 1280 ) (-3072 3040 1280 ) 
4 111 116 (-3072 3072 1280 ) (-3072 3072 64 ) (-3072 3040 64 ) (-3072 3040 1280 ) 
4 112 132 (-4096 3040 1856 ) (-4096 3040 3008 ) (-4096 3072 3008 ) (-4096 3072 1856 ) 
4 112 123 (-4096 3040 3008 ) (-4096 3040 1856 ) (-3776 3040 1856 ) (-3776 3040 3008 ) 
4 112 121 (-3776 3040 1856 ) (-3168 3040 1856 ) (-3168 3040 3008 ) (-3776 3040 3008 ) 
4 112 117 (-3168 3040 1856 ) (-3072 3040 1856 ) (-3072 3040 3008 ) (-3168 3040 3008 ) 
4 112 114 (-4000 3040 1856 ) (-4096 3040 1856 ) (-4096 3072 1856 ) (-4000 3072 1856 ) 
4 113 122 (-3680 3040 1312 ) (-3360 3040 1312 ) (-3360 3040 1504 ) (-3680 3040 1504 ) 
4 114 132 (-4096 3040 1312 ) (-4096 3040 1856 ) (-4096 3072 1856 ) (-4096 3072 1312 ) 
4 114 124 (-4096 3040 1856 ) (-4096 3040 1312 ) (-4000 3040 1312 ) (-4000 3040 1856 ) 
4 114 115 (-4000 3040 1312 ) (-4096 3040 1312 ) (-4096 3072 1312 ) (-4000 3072 1312 ) 
4 115 132 (-4096 3040 1280 ) (-4096 3040 1312 ) (-4096 3072 1312 ) (-4096 3072 1280 ) 
4 115 124 (-4096 3040 1312 ) (-4096 3040 1280 ) (-4000 3040 1280 ) (-4000 3040 1312 ) 
4 115 116 (-4000 3040 1280 ) (-4096 3040 1280 ) (-4096 3072 1280 ) (-4000 3072 1280 ) 
4 116 132 (-4096 3040 64 ) (-4096 3040 1280 ) (-4096 3072 1280 ) (-4096 3072 64 ) 
4 116 125 (-4096 3040 1280 ) (-4096 3040 64 ) (-3168 3040 64 ) (-3168 3040 1280 ) 
4 116 120 (-3168 3040 64 ) (-3072 3040 64 ) (-3072 3040 1280 ) (-3168 3040 1280 ) 
4 117 217 (-3072 2048 1856 ) (-3072 2048 3008 ) (-3168 2048 3008 ) (-3168 2048 1856 ) 
4 117 121 (-3168 3040 3008 ) (-3168 3040 1856 ) (-3168 2048 1856 ) (-3168 2048 3008 ) 
4 118 122 (-3168 3040 1824 ) (-3168 3040 1312 ) (-3168 2688 1312 ) (-3168 2688 1824 ) 
4 119 218 (-3072 2048 1312 ) (-3072 2048 1504 ) (-3168 2048 1504 ) (-3168 2048 1312 ) 
4 119 122 (-3168 2048 1312 ) (-3168 2048 1504 ) (-3168 2336 1504 ) (-3168 2336 1312 ) 
4 120 221 (-3072 2048 64 ) (-3072 2048 1280 ) (-3168 2048 1280 ) (-3168 2048 64 ) 
4 120 125 (-3168 3040 1280 ) (-3168 3040 64 ) (-3168 2048 64 ) (-3168 2048 1280 ) 
4 121 222 (-3168 2048 1856 ) (-3168 2048 3008 ) (-3776 2048 3008 ) (-3776 2048 1856 ) 
4 121 123 (-3776 3040 3008 ) (-3776 3040 1856 ) (-3776 2048 1856 ) (-3776 2048 3008 ) 
4 122 223 (-3168 2048 1312 ) (-3168 2048 1824 ) (-3776 2048 1824 ) (-3776 2048 1312 ) 
4 123 222 (-4096 2048 3008 ) (-4096 2048 1856 ) (-3776 2048 1856 ) (-3776 2048 3008 ) 
4 123 132 (-4096 2048 1856 ) (-4096 2048 3008 ) (-4096 3040 3008 ) (-4096 3040 1856 ) 
4 123 124 (-4096 2048 1856 ) (-4096 3040 1856 ) (-3872 3040 1856 ) (-3872 2048 1856 ) 
4 124 229 (-4096 2048 1856 ) (-4096 2048 1280 ) (-3872 2048 1280 ) (-3872 2048 1856 ) 
4 124 132 (-4096 2048 1280 ) (-4096 2048 1856 ) (-4096 3040 1856 ) (-4096 3040 1280 ) 
4 124 125 (-4096 2048 1280 ) (-4096 3040 1280 ) (-3872 3040 1280 ) (-3872 2048 1280 ) 
4 125 227 (-3776 2048 1280 ) (-3872 2048 1280 ) (-3872 2048 64 ) (-3776 2048 64 ) 
4 125 229 (-3872 2048 1280 ) (-4096 2048 1280 ) (-4096 2048 64 ) (-3872 2048 64 ) 
4 125 224 (-3168 2048 64 ) (-3168 2048 1280 ) (-3776 2048 1280 ) (-3776 2048 64 ) 
4 125 132 (-4096 2048 64 ) (-4096 2048 1280 ) (-4096 3040 1280 ) (-4096 3040 64 ) 
4 126 131 (-4096 4096 64 ) (-4096 4096 1280 ) (-5120 4096 1280 ) (-5120 4096 64 ) 
4 126 127 (-4096 4096 1280 ) (-4096 4096 3008 ) (-4160 4096 3008 ) (-4160 4096 1280 ) 
4 126 130 (-4160 4096 3008 ) (-5120 4096 3008 ) (-5120 4096 1280 ) (-4160 4096 1280 ) 
4 127 131 (-4160 4096 1280 ) (-4096 4096 1280 ) (-4096 3488 1280 ) (-4160 3488 1280 ) 
4 127 128 (-4160 3488 3008 ) (-4160 3488 1856 ) (-4096 3488 1856 ) (-4096 3488 3008 ) 
4 127 130 (-4160 4096 1280 ) (-4160 3488 1280 ) (-4160 3488 3008 ) (-4160 4096 3008 ) 
4 128 130 (-4160 3168 1856 ) (-4160 3168 3008 ) (-4160 3488 3008 ) (-4160 3488 1856 ) 
4 128 129 (-4160 3168 3008 ) (-4160 3168 1856 ) (-4096 3168 1856 ) (-4096 3168 3008 ) 
4 129 132 (-4096 3072 1280 ) (-4096 3072 3008 ) (-4160 3072 3008 ) (-4160 3072 1280 ) 
4 129 131 (-4096 3168 1280 ) (-4096 3072 1280 ) (-4160 3072 1280 ) (-4160 3168 1280 ) 
4 129 130 (-4160 3168 1280 ) (-4160 3072 1280 ) (-4160 3072 3008 ) (-4160 3168 3008 ) 
4 130 132 (-4160 3072 3008 ) (-5120 3072 3008 ) (-5120 3072 1280 ) (-4160 3072 1280 ) 
4 130 131 (-5120 3072 1280 ) (-5120 4096 1280 ) (-4160 4096 1280 ) (-4160 3072 1280 ) 
4 131 132 (-4096 3072 64 ) (-4096 3072 1280 ) (-5120 3072 1280 ) (-5120 3072 64 ) 
4 132 282 (-4096 2048 64 ) (-4096 2048 3008 ) (-5120 2048 3008 ) (-5120 2048 64 ) 
4 133 145 (2048 1024 1024 ) (2048 1024 3008 ) (1024 1024 3008 ) (1024 1024 1024 ) 
4 133 136 (1024 2048 3008 ) (1024 2048 1024 ) (1024 1024 1024 ) (1024 1024 3008 ) 
4 133 134 (1184 2048 1024 ) (2048 2048 1024 ) (2048 1024 1024 ) (1184 1024 1024 ) 
4 134 147 (2048 1024 64 ) (2048 1024 992 ) (1184 1024 992 ) (1184 1024 64 ) 
4 134 146 (2048 1024 992 ) (2048 1024 1024 ) (1184 1024 1024 ) (1184 1024 992 ) 
4 134 135 (1184 2048 64 ) (1184 1024 64 ) (1184 1024 992 ) (1184 2048 992 ) 
4 135 147 (1024 1024 992 ) (1024 1024 64 ) (1184 1024 64 ) (1184 1024 992 ) 
4 135 137 (1024 2048 992 ) (1024 2048 64 ) (1024 1024 64 ) (1024 1024 992 ) 
4 136 151 (1024 1024 1024 ) (1024 1024 3008 ) (0 1024 3008 ) (0 1024 1024 ) 
4 136 138 (0 1024 1024 ) (0 1024 3008 ) (0 2048 3008 ) (0 2048 1024 ) 
4 137 152 (1024 1024 64 ) (1024 1024 992 ) (0 1024 992 ) (0 1024 64 ) 
4 137 144 (0 1024 64 ) (0 1024 992 ) (0 2048 992 ) (0 2048 64 ) 
4 138 157 (0 1024 1024 ) (0 1024 1312 ) (-672 1024 1312 ) (-672 1024 1024 ) 
4 138 154 (0 1024 1312 ) (0 1024 1600 ) (-672 1024 1600 ) (-672 1024 1312 ) 
4 138 153 (0 1024 1600 ) (0 1024 3008 ) (-672 1024 3008 ) (-672 1024 1600 ) 
4 138 140 (-672 1280 1024 ) (-672 1024 1024 ) (-672 1024 1216 ) (-672 1280 1216 ) 
4 138 139 (-672 2048 3008 ) (-672 2048 1600 ) (-672 1024 1600 ) (-672 1024 3008 ) 
4 139 153 (-704 1024 3008 ) (-704 1024 1600 ) (-672 1024 1600 ) (-672 1024 3008 ) 
4 139 141 (-704 1024 1600 ) (-704 1024 3008 ) (-704 2048 3008 ) (-704 2048 1600 ) 
4 140 158 (-704 1024 1216 ) (-704 1024 1024 ) (-672 1024 1024 ) (-672 1024 1216 ) 
4 140 143 (-704 1280 1024 ) (-704 1024 1024 ) (-704 1024 1184 ) (-704 1280 1184 ) 
4 140 142 (-704 1024 1184 ) (-704 1024 1216 ) (-704 1280 1216 ) (-704 1280 1184 ) 
4 141 179 (-1024 2048 3008 ) (-1024 2048 1600 ) (-1024 1024 1600 ) (-1024 1024 3008 ) 
4 141 153 (-1024 1024 3008 ) (-1024 1024 1600 ) (-704 1024 1600 ) (-704 1024 3008 ) 
4 142 187 (-1024 2048 1280 ) (-1024 2048 1184 ) (-1024 1888 1184 ) (-1024 1888 1280 ) 
4 142 188 (-1024 1888 1184 ) (-1024 1024 1184 ) (-1024 1024 1280 ) (-1024 1888 1280 ) 
4 142 183 (-1024 1472 1280 ) (-1024 1024 1280 ) (-1024 1024 1312 ) (-1024 1472 1312 ) 
4 142 181 (-1024 2048 1312 ) (-1024 2048 1280 ) (-1024 1888 1280 ) (-1024 1888 1312 ) 
4 142 182 (-1024 1888 1280 ) (-1024 1472 1280 ) (-1024 1472 1312 ) (-1024 1888 1312 ) 
4 142 180 (-1024 2048 1568 ) (-1024 2048 1312 ) (-1024 1024 1312 ) (-1024 1024 1568 ) 
4 142 159 (-1024 1024 1312 ) (-1024 1024 1184 ) (-704 1024 1184 ) (-704 1024 1312 ) 
4 142 156 (-1024 1024 1568 ) (-1024 1024 1312 ) (-704 1024 1312 ) (-704 1024 1568 ) 
4 142 143 (-1024 1024 1184 ) (-1024 1632 1184 ) (-704 1632 1184 ) (-704 1024 1184 ) 
4 143 188 (-1024 1376 1024 ) (-1024 1024 1024 ) (-1024 1024 1184 ) (-1024 1632 1184 ) 
4 143 159 (-1024 1024 1184 ) (-1024 1024 1024 ) (-704 1024 1024 ) (-704 1024 1184 ) 
4 144 190 (-1024 2048 992 ) (-1024 2048 64 ) (-1024 1024 64 ) (-1024 1024 992 ) 
4 144 161 (0 1024 64 ) (0 1024 992 ) (-1024 1024 992 ) (-1024 1024 64 ) 
4 145 151 (1024 1024 3008 ) (1024 1024 1024 ) (1024 0 1024 ) (1024 0 3008 ) 
4 145 148 (2048 0 1024 ) (2048 0 3008 ) (1024 0 3008 ) (1024 0 1024 ) 
4 145 146 (1184 672 1024 ) (1184 1024 1024 ) (2048 1024 1024 ) (2048 142.080139 1024 ) 
4 146 147 (1184 1024 992 ) (2048 1024 992 ) (2048 142.080139 992 ) (1184 672 992 ) 
4 147 152 (1024 1024 992 ) (1024 1024 64 ) (1024 0 64 ) (1024 0 992 ) 
4 147 150 (2048 0 64 ) (2048 0 992 ) (1024 0 992 ) (1024 0 64 ) 
4 148 176 (2048 -1024 1024 ) (2048 -1024 3008 ) (1024 -1024 3008 ) (1024 -1024 1024 ) 
4 148 166 (1024 -1024 1024 ) (1024 -1024 3008 ) (1024 0 3008 ) (1024 0 1024 ) 
4 148 149 (2048 -1024 1024 ) (1024 -1024 1024 ) (1024 -800 1024 ) (2048 -800 1024 ) 
4 149 176 (2048 -1024 992 ) (2048 -1024 1024 ) (1024 -1024 1024 ) (1024 -1024 992 ) 
4 149 167 (1024 -1024 992 ) (1024 -1024 1024 ) (1024 -800 1024 ) (1024 -800 992 ) 
4 149 150 (1024 -1024 992 ) (1024 -800 992 ) (2048 -800 992 ) (2048 -1024 992 ) 
4 150 176 (2048 -1024 64 ) (2048 -1024 992 ) (1024 -1024 992 ) (1024 -1024 64 ) 
4 150 168 (1024 -1024 64 ) (1024 -1024 992 ) (1024 0 992 ) (1024 0 64 ) 
4 151 166 (1024 0 1024 ) (1024 0 3008 ) (0 0 3008 ) (0 0 1024 ) 
4 151 163 (0 672 1024 ) (0 0 1024 ) (0 0 1312 ) (0 672 1312 ) 
4 151 162 (0 0 1312 ) (0 0 3008 ) (0 672 3008 ) (0 672 1312 ) 
4 151 157 (0 1024 1312 ) (0 1024 1024 ) (0 672 1024 ) (0 672 1312 ) 
4 151 154 (0 1024 1600 ) (0 1024 1312 ) (0 672 1312 ) (0 672 1600 ) 
4 151 153 (0 1024 3008 ) (0 1024 1600 ) (0 672 1600 ) (0 672 3008 ) 
4 152 168 (1024 0 64 ) (1024 0 992 ) (0 0 992 ) (0 0 64 ) 
4 152 165 (0 672 64 ) (0 0 64 ) (0 0 992 ) (0 672 992 ) 
4 152 161 (0 1024 992 ) (0 1024 64 ) (0 672 64 ) (0 672 992 ) 
4 153 230 (-1024 672 1600 ) (-1024 672 3008 ) (-1024 1024 3008 ) (-1024 1024 1600 ) 
4 153 162 (0 672 1600 ) (0 672 3008 ) (-1024 672 3008 ) (-1024 672 1600 ) 
4 153 155 (-672 672 1600 ) (-704 672 1600 ) (-704 1024 1600 ) (-672 1024 1600 ) 
4 153 154 (0 672 1600 ) (-672 672 1600 ) (-672 1024 1600 ) (0 1024 1600 ) 
4 154 162 (0 672 1312 ) (0 672 1600 ) (-672 672 1600 ) (-672 672 1312 ) 
4 154 157 (0 672 1312 ) (-672 672 1312 ) (-672 1024 1312 ) (0 1024 1312 ) 
4 154 155 (-672 704 1312 ) (-672 672 1312 ) (-672 672 1600 ) (-672 1024 1600 ) 
4 155 162 (-672 672 1600 ) (-704 672 1600 ) (-704 672 1312 ) (-672 672 1312 ) 
3 156 231 (-1024 1024 1600 ) (-1024 1024 1312 ) (-1024 704 1312 ) 
4 156 159 (-1024 704 1312 ) (-1024 1024 1312 ) (-704 1024 1312 ) (-704 704 1312 ) 
4 157 163 (0 672 1024 ) (0 672 1312 ) (-672 672 1312 ) (-672 672 1024 ) 
4 157 158 (-672 1024 1024 ) (-672 928 1024 ) (-672 928 1216 ) (-672 1024 1216 ) 
4 158 159 (-704 1024 1024 ) (-704 928 1024 ) (-704 928 1216 ) (-704 1024 1216 ) 
4 159 239 (-1024 1024 1280 ) (-1024 1024 1024 ) (-1024 704 1024 ) (-1024 704 1280 ) 
4 159 237 (-1024 704 1312 ) (-1024 1024 1312 ) (-1024 1024 1280 ) (-1024 704 1280 ) 
4 159 160 (-1024 704 1024 ) (-960 704 1024 ) (-960 704 1184 ) (-1024 704 1184 ) 
4 160 240 (-1024 672 1024 ) (-1024 672 1184 ) (-1024 704 1184 ) (-1024 704 1024 ) 
4 160 164 (-1024 672 1184 ) (-1024 672 1024 ) (-960 672 1024 ) (-960 672 1184 ) 
4 161 241 (-1024 672 64 ) (-1024 672 992 ) (-1024 1024 992 ) (-1024 1024 64 ) 
4 161 165 (0 672 64 ) (0 672 992 ) (-1024 672 992 ) (-1024 672 64 ) 
4 162 235 (-1024 0 1312 ) (-1024 0 1600 ) (-1024 672 1600 ) (-1024 672 1312 ) 
4 162 230 (-1024 0 1600 ) (-1024 0 3008 ) (-1024 672 3008 ) (-1024 672 1600 ) 
4 162 169 (0 0 1312 ) (0 0 3008 ) (-1024 0 3008 ) (-1024 0 1312 ) 
4 162 163 (-864 672 1312 ) (0 672 1312 ) (0 0 1312 ) (-864 0 1312 ) 
4 163 170 (0 0 1024 ) (0 0 1312 ) (-864 0 1312 ) (-864 0 1024 ) 
4 164 242 (-1024 0 1024 ) (-1024 0 1280 ) (-1024 672 1280 ) (-1024 672 1024 ) 
4 164 173 (-1024 0 1280 ) (-1024 0 1024 ) (-896 0 1024 ) (-896 0 1280 ) 
4 165 245 (-1024 0 64 ) (-1024 0 992 ) (-1024 672 992 ) (-1024 672 64 ) 
4 165 175 (0 0 64 ) (0 0 992 ) (-1024 0 992 ) (-1024 0 64 ) 
4 166 177 (1024 -1024 1024 ) (1024 -1024 3008 ) (0 -1024 3008 ) (0 -1024 1024 ) 
4 166 170 (0 0 1312 ) (0 0 1024 ) (0 -1024 1024 ) (0 -1024 1312 ) 
4 166 169 (0 0 3008 ) (0 0 1312 ) (0 -1024 1312 ) (0 -1024 3008 ) 
4 166 167 (1024 -1024 1024 ) (0 -1024 1024 ) (0 -800 1024 ) (1024 -800 1024 ) 
4 167 177 (1024 -1024 992 ) (1024 -1024 1024 ) (0 -1024 1024 ) (0 -1024 992 ) 
4 167 174 (0 -800 992 ) (0 -1024 992 ) (0 -1024 1024 ) (0 -800 1024 ) 
4 167 168 (1024 -800 992 ) (1024 -1024 992 ) (0 -1024 992 ) (0 -800 992 ) 
4 168 177 (1024 -1024 64 ) (1024 -1024 992 ) (0 -1024 992 ) (0 -1024 64 ) 
4 168 175 (0 0 992 ) (0 0 64 ) (0 -1024 64 ) (0 -1024 992 ) 
4 169 248 (-1024 -1024 1312 ) (-1024 -1024 1600 ) (-1024 0 1600 ) (-1024 0 1312 ) 
4 169 247 (-1024 -1024 1600 ) (-1024 -1024 3008 ) (-1024 0 3008 ) (-1024 0 1600 ) 
4 169 178 (0 -1024 1312 ) (0 -1024 3008 ) (-1024 -1024 3008 ) (-1024 -1024 1312 ) 
4 169 172 (-896 -1024 1312 ) (-1024 -1024 1312 ) (-1024 -64 1312 ) (-896 -64 1312 ) 
4 169 171 (-864 -1024 1312 ) (-896 -1024 1312 ) (-896 -64 1312 ) (-864 -64 1312 ) 
4 169 170 (0 -1024 1312 ) (-864 -1024 1312 ) (-864 0 1312 ) (0 0 1312 ) 
4 170 178 (0 -1024 1024 ) (0 -1024 1312 ) (-864 -1024 1312 ) (-864 -1024 1024 ) 
4 170 174 (0 -800 1024 ) (0 -1024 1024 ) (-864 -1024 1024 ) (-864 -800 1024 ) 
4 170 171 (-864 -64 1024 ) (-864 -1024 1024 ) (-864 -1024 1312 ) (-864 -64 1312 ) 
4 171 178 (-864 -1024 1312 ) (-896 -1024 1312 ) (-896 -1024 1024 ) (-864 -1024 1024 ) 
4 171 174 (-864 -1024 1024 ) (-896 -1024 1024 ) (-896 -800 1024 ) (-864 -800 1024 ) 
4 171 172 (-896 -1024 1280 ) (-896 -1024 1312 ) (-896 -64 1312 ) (-896 -64 1280 ) 
4 171 173 (-896 -64 1024 ) (-896 -1024 1024 ) (-896 -1024 1280 ) (-896 -64 1280 ) 
4 172 258 (-1024 -800 1312 ) (-1024 -64 1312 ) (-1024 -64 1280 ) (-1024 -800 1280 ) 
4 172 259 (-1024 -1024 1280 ) (-1024 -1024 1312 ) (-1024 -800 1312 ) (-1024 -800 1280 ) 
4 172 178 (-896 -1024 1312 ) (-1024 -1024 1312 ) (-1024 -1024 1280 ) (-896 -1024 1280 ) 
4 172 173 (-1024 -1024 1280 ) (-1024 -64 1280 ) (-896 -64 1280 ) (-896 -1024 1280 ) 
4 173 258 (-1024 -800 1280 ) (-1024 -64 1280 ) (-1024 -64 1024 ) (-1024 -800 1024 ) 
4 173 259 (-1024 -1024 1024 ) (-1024 -1024 1280 ) (-1024 -800 1280 ) (-1024 -800 1024 ) 
4 173 253 (-1024 -64 1280 ) (-1024 0 1280 ) (-1024 0 1024 ) (-1024 -64 1024 ) 
4 173 178 (-1024 -1024 1280 ) (-1024 -1024 1024 ) (-896 -1024 1024 ) (-896 -1024 1280 ) 
4 173 174 (-896 -1024 1024 ) (-1024 -1024 1024 ) (-1024 -800 1024 ) (-896 -800 1024 ) 
4 174 259 (-1024 -1024 992 ) (-1024 -1024 1024 ) (-1024 -800 1024 ) (-1024 -800 992 ) 
4 174 178 (0 -1024 992 ) (0 -1024 1024 ) (-1024 -1024 1024 ) (-1024 -1024 992 ) 
4 174 175 (0 -1024 992 ) (-1024 -1024 992 ) (-1024 -800 992 ) (0 -800 992 ) 
4 175 261 (-1024 -1024 64 ) (-1024 -1024 992 ) (-1024 -64 992 ) (-1024 -64 64 ) 
4 175 256 (-1024 -64 992 ) (-1024 0 992 ) (-1024 0 64 ) (-1024 -64 64 ) 
4 175 178 (0 -1024 64 ) (0 -1024 992 ) (-1024 -1024 992 ) (-1024 -1024 64 ) 
4 176 177 (1024 -1024 3008 ) (1024 -1024 64 ) (1024 -2048 64 ) (1024 -2048 3008 ) 
4 177 178 (0 -2048 64 ) (0 -2048 3008 ) (0 -1024 3008 ) (0 -1024 64 ) 
4 178 285 (-1024 -2048 64 ) (-1024 -2048 3008 ) (-1024 -1024 3008 ) (-1024 -1024 64 ) 
4 179 230 (-1024 1024 1600 ) (-1024 1024 3008 ) (-2048 1024 3008 ) (-2048 1024 1600 ) 
4 179 191 (-2048 2048 3008 ) (-2048 2048 1600 ) (-2048 1024 1600 ) (-2048 1024 3008 ) 
4 180 234 (-1856 1024 1568 ) (-2048 1024 1568 ) (-2048 1024 1312 ) (-1856 1024 1312 ) 
4 180 232 (-1472 1024 1568 ) (-1856 1024 1568 ) (-1856 1024 1312 ) (-1472 1024 1312 ) 
4 180 231 (-1024 1024 1312 ) (-1024 1024 1568 ) (-1472 1024 1568 ) (-1472 1024 1312 ) 
4 180 192 (-2048 2048 1568 ) (-2048 2048 1312 ) (-2048 1024 1312 ) (-2048 1024 1568 ) 
4 180 185 (-1856 1088 1312 ) (-1856 1472 1312 ) (-1792 1408 1312 ) (-1792 1152 1312 ) 
4 180 186 (-1856 1024 1312 ) (-2048 1024 1312 ) (-2048 1472 1312 ) (-1856 1472 1312 ) 
4 180 184 (-1536 1152 1312 ) (-1536 1408 1312 ) (-1472 1472 1312 ) (-1472 1088 1312 ) 
4 180 183 (-1024 1024 1312 ) (-1472 1024 1312 ) (-1472 1472 1312 ) (-1024 1472 1312 ) 
4 180 181 (-1280 2048 1312 ) (-1024 2048 1312 ) (-1024 1888 1312 ) (-1280 1888 1312 ) 
4 180 182 (-1024 1888 1312 ) (-1024 1472 1312 ) (-1280 1472 1312 ) (-1280 1888 1312 ) 
4 181 187 (-1216 2048 1280 ) (-1024 2048 1280 ) (-1024 1888 1280 ) (-1216 1888 1280 ) 
4 181 182 (-1280 1888 1312 ) (-1216 1888 1280 ) (-1024 1888 1280 ) (-1024 1888 1312 ) 
4 182 188 (-1024 1888 1280 ) (-1024 1472 1280 ) (-1280 1472 1280 ) (-1280 1888 1280 ) 
4 182 183 (-1280 1472 1280 ) (-1024 1472 1280 ) (-1024 1472 1312 ) (-1280 1472 1312 ) 
4 183 237 (-1024 1024 1280 ) (-1024 1024 1312 ) (-1472 1024 1312 ) (-1472 1024 1280 ) 
4 183 189 (-1472 1472 1280 ) (-1280 1472 1280 ) (-1280 1024 1280 ) (-1472 1024 1280 ) 
4 183 188 (-1280 1472 1280 ) (-1024 1472 1280 ) (-1024 1024 1280 ) (-1280 1024 1280 ) 
4 183 184 (-1472 1472 1312 ) (-1472 1472 1280 ) (-1472 1088 1280 ) (-1472 1088 1312 ) 
4 184 189 (-1472 1472 1280 ) (-1472 1088 1280 ) (-1536 1152 1280 ) (-1536 1408 1280 ) 
4 185 189 (-1856 1472 1280 ) (-1792 1408 1280 ) (-1792 1152 1280 ) (-1856 1088 1280 ) 
4 185 186 (-1856 1472 1312 ) (-1856 1472 1280 ) (-1856 1088 1280 ) (-1856 1088 1312 ) 
4 186 238 (-1856 1024 1312 ) (-2048 1024 1312 ) (-2048 1024 1280 ) (-1856 1024 1280 ) 
4 186 193 (-2048 1472 1280 ) (-2048 1024 1280 ) (-2048 1024 1312 ) (-2048 1472 1312 ) 
4 186 189 (-2048 1024 1280 ) (-2048 1472 1280 ) (-1856 1472 1280 ) (-1856 1024 1280 ) 
3 187 188 (-1024 1888 1184 ) (-1024 1888 1280 ) (-1216 1888 1280 ) 
4 188 239 (-1024 1024 1024 ) (-1024 1024 1280 ) (-1280 1024 1280 ) (-1280 1024 1024 ) 
4 188 189 (-1280 1472 1024 ) (-1280 1024 1024 ) (-1280 1024 1280 ) (-1280 1472 1280 ) 
4 189 239 (-1280 1024 1280 ) (-2048 1024 1280 ) (-2048 1024 1024 ) (-1280 1024 1024 ) 
4 189 193 (-2048 1472 1024 ) (-2048 1024 1024 ) (-2048 1024 1280 ) (-2048 1472 1280 ) 
4 190 241 (-1024 1024 64 ) (-1024 1024 992 ) (-2048 1024 992 ) (-2048 1024 64 ) 
4 190 194 (-2048 2048 992 ) (-2048 2048 64 ) (-2048 1024 64 ) (-2048 1024 992 ) 
4 191 262 (-2048 1024 1600 ) (-2048 1024 3008 ) (-2080 1024 3008 ) (-2080 1024 1600 ) 
4 191 197 (-2080 1024 1600 ) (-2080 1024 1856 ) (-2080 1472 1856 ) (-2080 1472 1600 ) 
4 191 195 (-2080 1024 1856 ) (-2080 1024 3008 ) (-2080 2048 3008 ) (-2080 2048 1856 ) 
4 192 263 (-2048 1024 1312 ) (-2048 1024 1568 ) (-2080 1024 1568 ) (-2080 1024 1312 ) 
4 192 196 (-2080 1984 1504 ) (-2080 1984 1312 ) (-2080 1664 1312 ) (-2080 1664 1504 ) 
4 192 193 (-2048 1024 1312 ) (-2080 1024 1312 ) (-2080 1472 1312 ) (-2048 1472 1312 ) 
4 193 264 (-2048 1024 1024 ) (-2048 1024 1312 ) (-2080 1024 1312 ) (-2080 1024 1024 ) 
4 193 198 (-2080 1024 1024 ) (-2080 1024 1216 ) (-2080 1280 1216 ) (-2080 1280 1024 ) 
4 194 269 (-2048 1024 64 ) (-2048 1024 992 ) (-2080 1024 992 ) (-2080 1024 64 ) 
4 194 199 (-2080 1024 64 ) (-2080 1024 992 ) (-2080 2048 992 ) (-2080 2048 64 ) 
4 195 265 (-2080 1024 1856 ) (-2080 1024 3008 ) (-2112 1024 3008 ) (-2112 1024 1856 ) 
4 195 200 (-2112 2048 3008 ) (-2112 2048 1856 ) (-2112 1024 1856 ) (-2112 1024 3008 ) 
4 195 197 (-2112 1024 1856 ) (-2112 1472 1856 ) (-2080 1472 1856 ) (-2080 1024 1856 ) 
4 196 202 (-2112 1984 1312 ) (-2112 1664 1312 ) (-2112 1664 1504 ) (-2112 1984 1504 ) 
4 197 265 (-2080 1024 1600 ) (-2080 1024 1856 ) (-2112 1024 1856 ) (-2112 1024 1600 ) 
4 197 204 (-2112 1024 1600 ) (-2112 1024 1856 ) (-2112 1472 1856 ) (-2112 1472 1600 ) 
4 198 266 (-2080 1024 1024 ) (-2080 1024 1216 ) (-2112 1024 1216 ) (-2112 1024 1024 ) 
4 198 216 (-2112 1280 1024 ) (-2112 1024 1024 ) (-2112 1024 1216 ) (-2112 1280 1216 ) 
4 199 269 (-2080 1024 64 ) (-2080 1024 992 ) (-2112 1024 992 ) (-2112 1024 64 ) 
4 199 216 (-2112 2048 992 ) (-2112 2048 64 ) (-2112 1024 64 ) (-2112 1024 992 ) 
4 200 267 (-2112 1024 1856 ) (-2112 1024 3008 ) (-2624 1024 3008 ) (-2624 1024 1856 ) 
4 200 207 (-2624 1504 1856 ) (-2624 1024 1856 ) (-2624 1024 3008 ) (-2624 1504 3008 ) 
4 200 205 (-2624 2048 3008 ) (-2624 2048 1856 ) (-2624 1504 1856 ) (-2624 1504 3008 ) 
4 200 204 (-2624 1024 1856 ) (-2624 1504 1856 ) (-2112 1504 1856 ) (-2112 1024 1856 ) 
4 201 206 (-2624 2048 1824 ) (-2624 2048 1312 ) (-2624 2016 1312 ) (-2624 2016 1824 ) 
4 201 202 (-2624 2016 1824 ) (-2624 2016 1312 ) (-2528 2016 1312 ) (-2528 2016 1824 ) 
4 202 206 (-2624 1632 1312 ) (-2624 1632 1824 ) (-2624 2016 1824 ) (-2624 2016 1312 ) 
4 202 203 (-2624 1632 1824 ) (-2624 1632 1312 ) (-2528 1632 1312 ) (-2528 1632 1824 ) 
4 203 206 (-2624 1504 1312 ) (-2624 1504 1824 ) (-2624 1632 1824 ) (-2624 1632 1312 ) 
4 204 267 (-2112 1024 1280 ) (-2112 1024 1856 ) (-2624 1024 1856 ) (-2624 1024 1280 ) 
4 204 216 (-2112 1504 1280 ) (-2112 1024 1280 ) (-2624 1024 1280 ) (-2624 1504 1280 ) 
4 204 208 (-2624 1472 1280 ) (-2624 1024 1280 ) (-2624 1024 1856 ) (-2624 1472 1856 ) 
4 205 209 (-2944 2048 3008 ) (-2944 2048 1856 ) (-2944 1504 1856 ) (-2944 1504 3008 ) 
4 205 207 (-2944 1504 3008 ) (-2944 1504 1856 ) (-2624 1504 1856 ) (-2624 1504 3008 ) 
4 206 211 (-2944 2048 1824 ) (-2944 2048 1312 ) (-2944 1504 1312 ) (-2944 1504 1824 ) 
4 207 267 (-2944 1024 3008 ) (-2944 1024 1856 ) (-2624 1024 1856 ) (-2624 1024 3008 ) 
4 207 209 (-2944 1024 1856 ) (-2944 1024 3008 ) (-2944 1504 3008 ) (-2944 1504 1856 ) 
4 207 208 (-2944 1024 1856 ) (-2944 1472 1856 ) (-2624 1472 1856 ) (-2624 1024 1856 ) 
4 208 267 (-2944 1024 1856 ) (-2944 1024 1280 ) (-2624 1024 1280 ) (-2624 1024 1856 ) 
4 208 216 (-2624 1472 1280 ) (-2624 1024 1280 ) (-2944 1024 1280 ) (-2944 1472 1280 ) 
4 208 210 (-2944 1472 1280 ) (-2944 1024 1280 ) (-2944 1024 1856 ) (-2944 1472 1856 ) 
4 209 267 (-3040 1024 3008 ) (-3040 1024 1856 ) (-2944 1024 1856 ) (-2944 1024 3008 ) 
4 209 212 (-3040 1024 1856 ) (-3040 1024 3008 ) (-3040 2048 3008 ) (-3040 2048 1856 ) 
4 209 210 (-3040 1024 1856 ) (-3040 1504 1856 ) (-2944 1504 1856 ) (-2944 1024 1856 ) 
4 210 267 (-3040 1024 1856 ) (-3040 1024 1280 ) (-2944 1024 1280 ) (-2944 1024 1856 ) 
4 210 216 (-2944 1504 1280 ) (-2944 1024 1280 ) (-3040 1024 1280 ) (-3040 1504 1280 ) 
4 210 215 (-3040 1504 1280 ) (-3040 1024 1280 ) (-3040 1024 1312 ) (-3040 1504 1312 ) 
4 210 214 (-3040 1024 1312 ) (-3040 1024 1856 ) (-3040 1504 1856 ) (-3040 1504 1312 ) 
4 211 213 (-3040 2048 1504 ) (-3040 2048 1312 ) (-3040 2016 1312 ) (-3040 2016 1504 ) 
4 212 267 (-3072 1024 3008 ) (-3072 1024 1856 ) (-3040 1024 1856 ) (-3040 1024 3008 ) 
4 212 217 (-3072 1024 1856 ) (-3072 1024 3008 ) (-3072 2048 3008 ) (-3072 2048 1856 ) 
4 212 214 (-3040 1504 1856 ) (-3040 1024 1856 ) (-3072 1024 1856 ) (-3072 1504 1856 ) 
4 213 218 (-3072 2048 1504 ) (-3072 2048 1312 ) (-3072 2016 1312 ) (-3072 2016 1504 ) 
4 214 267 (-3072 1024 1856 ) (-3072 1024 1312 ) (-3040 1024 1312 ) (-3040 1024 1856 ) 
4 214 219 (-3072 1024 1312 ) (-3072 1024 1856 ) (-3072 1504 1856 ) (-3072 1504 1312 ) 
4 214 215 (-3040 1504 1312 ) (-3040 1024 1312 ) (-3072 1024 1312 ) (-3072 1504 1312 ) 
4 215 267 (-3072 1024 1312 ) (-3072 1024 1280 ) (-3040 1024 1280 ) (-3040 1024 1312 ) 
4 215 220 (-3072 1024 1280 ) (-3072 1024 1312 ) (-3072 1504 1312 ) (-3072 1504 1280 ) 
4 215 216 (-3072 1024 1280 ) (-3072 1504 1280 ) (-3040 1504 1280 ) (-3040 1024 1280 ) 
4 216 269 (-2112 1024 64 ) (-2112 1024 992 ) (-3072 1024 992 ) (-3072 1024 64 ) 
4 216 268 (-2112 1024 992 ) (-2112 1024 1024 ) (-3072 1024 1024 ) (-3072 1024 992 ) 
4 216 267 (-2112 1024 1024 ) (-2112 1024 1280 ) (-3072 1024 1280 ) (-3072 1024 1024 ) 
4 216 221 (-3072 1024 64 ) (-3072 1024 1280 ) (-3072 2048 1280 ) (-3072 2048 64 ) 
4 217 274 (-3072 1024 1856 ) (-3072 1024 3008 ) (-3168 1024 3008 ) (-3168 1024 1856 ) 
4 217 222 (-3168 2048 3008 ) (-3168 2048 1856 ) (-3168 1024 1856 ) (-3168 1024 3008 ) 
4 217 219 (-3168 1024 1856 ) (-3168 1504 1856 ) (-3072 1504 1856 ) (-3072 1024 1856 ) 
4 218 223 (-3168 2048 1504 ) (-3168 2048 1312 ) (-3168 2016 1312 ) (-3168 2016 1504 ) 
4 219 274 (-3072 1024 1312 ) (-3072 1024 1856 ) (-3168 1024 1856 ) (-3168 1024 1312 ) 
4 219 225 (-3168 1024 1312 ) (-3168 1024 1856 ) (-3168 1504 1856 ) (-3168 1504 1312 ) 
4 219 220 (-3168 1024 1312 ) (-3168 1504 1312 ) (-3072 1504 1312 ) (-3072 1024 1312 ) 
4 220 274 (-3072 1024 1280 ) (-3072 1024 1312 ) (-3168 1024 1312 ) (-3168 1024 1280 ) 
4 220 225 (-3168 1504 1280 ) (-3168 1024 1280 ) (-3168 1024 1312 ) (-3168 1504 1312 ) 
4 220 221 (-3072 1024 1280 ) (-3168 1024 1280 ) (-3168 1504 1280 ) (-3072 1504 1280 ) 
4 221 274 (-3072 1024 64 ) (-3072 1024 1280 ) (-3168 1024 1280 ) (-3168 1024 64 ) 
4 221 226 (-3168 1984 64 ) (-3168 1024 64 ) (-3168 1024 1280 ) (-3168 1984 1280 ) 
4 221 224 (-3168 2048 1280 ) (-3168 2048 64 ) (-3168 1984 64 ) (-3168 1984 1280 ) 
4 222 282 (-4096 2048 3008 ) (-4096 2048 1856 ) (-4096 1024 1856 ) (-4096 1024 3008 ) 
4 222 274 (-3168 1024 1856 ) (-3168 1024 3008 ) (-4096 1024 3008 ) (-4096 1024 1856 ) 
4 222 228 (-3776 1888 1856 ) (-3776 1024 1856 ) (-3872 1024 1856 ) (-3872 1888 1856 ) 
4 222 229 (-4096 2048 1856 ) (-3872 2048 1856 ) (-3872 1024 1856 ) (-4096 1024 1856 ) 
4 222 225 (-3168 1888 1856 ) (-3168 1024 1856 ) (-3776 1024 1856 ) (-3776 1888 1856 ) 
4 224 227 (-3776 2048 1280 ) (-3776 2048 64 ) (-3776 1984 64 ) (-3776 1984 1280 ) 
4 224 226 (-3776 1984 1280 ) (-3776 1984 64 ) (-3168 1984 64 ) (-3168 1984 1280 ) 
4 225 274 (-3168 1024 1280 ) (-3168 1024 1856 ) (-3776 1024 1856 ) (-3776 1024 1280 ) 
4 225 228 (-3776 1024 1856 ) (-3776 1888 1856 ) (-3776 1888 1280 ) (-3776 1024 1280 ) 
4 225 226 (-3776 1024 1280 ) (-3776 1888 1280 ) (-3168 1888 1280 ) (-3168 1024 1280 ) 
4 226 274 (-3168 1024 64 ) (-3168 1024 1280 ) (-3776 1024 1280 ) (-3776 1024 64 ) 
4 226 227 (-3776 1984 1280 ) (-3776 1984 64 ) (-3776 1888 64 ) (-3776 1888 1280 ) 
4 226 228 (-3776 1888 64 ) (-3776 1024 64 ) (-3776 1024 1280 ) (-3776 1888 1280 ) 
4 227 228 (-3872 1888 1280 ) (-3872 1888 64 ) (-3776 1888 64 ) (-3776 1888 1280 ) 
4 227 229 (-3872 2048 64 ) (-3872 1888 64 ) (-3872 1888 1280 ) (-3872 2048 1280 ) 
4 228 274 (-3776 1024 64 ) (-3776 1024 1856 ) (-3872 1024 1856 ) (-3872 1024 64 ) 
4 228 229 (-3872 1888 64 ) (-3872 1024 64 ) (-3872 1024 1856 ) (-3872 1888 1856 ) 
4 229 282 (-4096 2048 1856 ) (-4096 2048 64 ) (-4096 1024 64 ) (-4096 1024 1856 ) 
4 229 274 (-3872 1024 1856 ) (-4096 1024 1856 ) (-4096 1024 64 ) (-3872 1024 64 ) 
4 230 270 (-2048 672 1600 ) (-2048 0 1600 ) (-2048 0 3008 ) (-2048 672 3008 ) 
4 230 262 (-2048 1024 3008 ) (-2048 1024 1600 ) (-2048 672 1600 ) (-2048 672 3008 ) 
4 230 247 (-1024 0 1600 ) (-1024 0 3008 ) (-2048 0 3008 ) (-2048 0 1600 ) 
4 230 235 (-1024 0 1600 ) (-1280 0 1600 ) (-1280 672 1600 ) (-1024 672 1600 ) 
4 231 237 (-1472 1024 1312 ) (-1024 1024 1312 ) (-1024 704 1312 ) (-1472 704 1312 ) 
4 231 232 (-1472 1024 1312 ) (-1472 704 1312 ) (-1472 988.444458 1568 ) (-1472 1024 1568 ) 
4 232 234 (-1856 1024 1312 ) (-1856 704 1312 ) (-1856 988.444458 1568 ) (-1856 1024 1568 ) 
4 232 233 (-1824 704 1312 ) (-1504 704 1312 ) (-1504 704 1536 ) (-1824 704 1536 ) 
4 233 236 (-1824 672 1312 ) (-1504 672 1312 ) (-1504 672 1536 ) (-1824 672 1536 ) 
3 234 263 (-2048 1024 1600 ) (-2048 1024 1312 ) (-2048 704 1312 ) 
4 234 238 (-2048 704 1312 ) (-2048 1024 1312 ) (-1856 1024 1312 ) (-1856 704 1312 ) 
4 235 248 (-1024 0 1312 ) (-1024 0 1600 ) (-1280 0 1600 ) (-1280 0 1312 ) 
4 235 243 (-1280 672 1312 ) (-1248 672 1312 ) (-1248 0 1312 ) (-1280 0 1312 ) 
4 236 250 (-1856 0 1568 ) (-1856 0 1312 ) (-1472 0 1312 ) (-1472 0 1568 ) 
4 237 239 (-1472 704 1280 ) (-1472 1024 1280 ) (-1024 1024 1280 ) (-1024 704 1280 ) 
4 238 264 (-2048 1024 1312 ) (-2048 1024 1280 ) (-2048 704 1280 ) (-2048 704 1312 ) 
4 238 239 (-2048 704 1280 ) (-2048 1024 1280 ) (-1856 1024 1280 ) (-1856 704 1280 ) 
4 239 264 (-2048 1024 1280 ) (-2048 1024 1024 ) (-2048 704 1024 ) (-2048 704 1280 ) 
4 239 240 (-1152 704 1024 ) (-1024 704 1024 ) (-1024 704 1184 ) (-1152 704 1184 ) 
4 240 242 (-1024 672 1024 ) (-1024 672 1184 ) (-1152 672 1184 ) (-1152 672 1024 ) 
4 241 269 (-2048 1024 992 ) (-2048 1024 64 ) (-2048 672 64 ) (-2048 672 992 ) 
4 241 245 (-1024 672 64 ) (-1024 672 992 ) (-1248 672 992 ) (-1248 672 64 ) 
4 241 246 (-1248 672 992 ) (-2048 672 992 ) (-2048 672 64 ) (-1248 672 64 ) 
4 242 253 (-1024 0 1024 ) (-1024 0 1280 ) (-1216 0 1280 ) (-1216 0 1024 ) 
4 243 254 (-1248 0 1312 ) (-1280 0 1312 ) (-1280 0 1024 ) (-1248 0 1024 ) 
4 243 246 (-1280 672 1024 ) (-1248 672 1024 ) (-1248 0 1024 ) (-1280 0 1024 ) 
4 243 244 (-1280 672 1280 ) (-1280 672 1024 ) (-1280 0 1024 ) (-1280 0 1280 ) 
4 244 273 (-2048 0 1024 ) (-2048 0 1280 ) (-2048 672 1280 ) (-2048 672 1024 ) 
4 244 255 (-2048 0 1280 ) (-2048 0 1024 ) (-1280 0 1024 ) (-1280 0 1280 ) 
4 244 246 (-2048 0 1024 ) (-2048 672 1024 ) (-1280 672 1024 ) (-1280 0 1024 ) 
4 245 256 (-1024 0 64 ) (-1024 0 992 ) (-1248 0 992 ) (-1248 0 64 ) 
4 245 246 (-1248 672 64 ) (-1248 0 64 ) (-1248 0 992 ) (-1248 672 992 ) 
4 246 273 (-2048 0 64 ) (-2048 0 1024 ) (-2048 672 1024 ) (-2048 672 64 ) 
4 246 257 (-1248 0 1024 ) (-2048 0 1024 ) (-2048 0 64 ) (-1248 0 64 ) 
4 247 285 (-1024 -1024 1600 ) (-1024 -1024 3008 ) (-2048 -1024 3008 ) (-2048 -1024 1600 ) 
4 247 275 (-2048 -64 3008 ) (-2048 0 3008 ) (-2048 0 1600 ) (-2048 -64 1600 ) 
4 247 276 (-2048 -1024 1600 ) (-2048 -1024 3008 ) (-2048 -64 3008 ) (-2048 -64 1600 ) 
4 247 252 (-1856 -1024 1600 ) (-2048 -1024 1600 ) (-2048 -64 1600 ) (-1856 -64 1600 ) 
4 247 251 (-1472 -1024 1600 ) (-1856 -1024 1600 ) (-1856 -32 1600 ) (-1472 -32 1600 ) 
4 247 249 (-1280 -1024 1600 ) (-1472 -1024 1600 ) (-1472 -64 1600 ) (-1280 -64 1600 ) 
4 247 248 (-1024 -1024 1600 ) (-1280 -1024 1600 ) (-1280 0 1600 ) (-1024 0 1600 ) 
4 248 285 (-1024 -1024 1312 ) (-1024 -1024 1600 ) (-1280 -1024 1600 ) (-1280 -1024 1312 ) 
4 248 258 (-1024 -64 1312 ) (-1024 -800 1312 ) (-1216 -800 1312 ) (-1216 -64 1312 ) 
4 248 259 (-1024 -800 1312 ) (-1024 -1024 1312 ) (-1216 -1024 1312 ) (-1216 -800 1312 ) 
4 248 260 (-1216 -1024 1312 ) (-1280 -1024 1312 ) (-1280 -64 1312 ) (-1216 -64 1312 ) 
4 248 254 (-1280 0 1312 ) (-1248 0 1312 ) (-1248 -64 1312 ) (-1280 -64 1312 ) 
4 248 249 (-1280 -64 1312 ) (-1280 -1024 1312 ) (-1280 -1024 1600 ) (-1280 -64 1600 ) 
4 249 285 (-1280 -1024 1600 ) (-1472 -1024 1600 ) (-1472 -1024 1312 ) (-1280 -1024 1312 ) 
4 249 260 (-1280 -64 1312 ) (-1280 -1024 1312 ) (-1472 -1024 1312 ) (-1472 -64 1312 ) 
4 249 251 (-1472 -64 1312 ) (-1472 -1024 1312 ) (-1472 -1024 1600 ) (-1472 -64 1600 ) 
4 250 251 (-1856 -32 1568 ) (-1856 -32 1312 ) (-1472 -32 1312 ) (-1472 -32 1568 ) 
4 251 285 (-1472 -1024 1600 ) (-1856 -1024 1600 ) (-1856 -1024 1312 ) (-1472 -1024 1312 ) 
4 251 260 (-1472 -64 1312 ) (-1472 -1024 1312 ) (-1856 -1024 1312 ) (-1856 -64 1312 ) 
4 251 252 (-1856 -64 1312 ) (-1856 -1024 1312 ) (-1856 -1024 1600 ) (-1856 -64 1600 ) 
4 252 285 (-1856 -1024 1600 ) (-2048 -1024 1600 ) (-2048 -1024 1312 ) (-1856 -1024 1312 ) 
4 252 276 (-2048 -1024 1312 ) (-2048 -1024 1600 ) (-2048 -64 1600 ) (-2048 -64 1312 ) 
4 252 260 (-2048 -1024 1312 ) (-2048 -64 1312 ) (-1856 -64 1312 ) (-1856 -1024 1312 ) 
4 253 258 (-1024 -64 1024 ) (-1024 -64 1280 ) (-1216 -64 1280 ) (-1216 -64 1024 ) 
4 254 260 (-1248 -64 1312 ) (-1280 -64 1312 ) (-1280 -64 1024 ) (-1248 -64 1024 ) 
4 254 257 (-1248 -64 1024 ) (-1280 -64 1024 ) (-1280 0 1024 ) (-1248 0 1024 ) 
4 254 255 (-1280 0 1024 ) (-1280 -64 1024 ) (-1280 -64 1280 ) (-1280 0 1280 ) 
4 255 278 (-2048 -64 1024 ) (-2048 -64 1280 ) (-2048 0 1280 ) (-2048 0 1024 ) 
4 255 260 (-2048 -64 1280 ) (-2048 -64 1024 ) (-1280 -64 1024 ) (-1280 -64 1280 ) 
4 255 257 (-1280 -64 1024 ) (-2048 -64 1024 ) (-2048 0 1024 ) (-1280 0 1024 ) 
4 256 261 (-1024 -64 64 ) (-1024 -64 992 ) (-1248 -64 992 ) (-1248 -64 64 ) 
4 256 257 (-1248 0 64 ) (-1248 -64 64 ) (-1248 -64 992 ) (-1248 0 992 ) 
4 257 278 (-2048 -64 64 ) (-2048 -64 1024 ) (-2048 0 1024 ) (-2048 0 64 ) 
4 257 261 (-2048 -64 992 ) (-2048 -64 64 ) (-1248 -64 64 ) (-1248 -64 992 ) 
4 257 260 (-1248 -64 1024 ) (-2048 -64 1024 ) (-2048 -64 992 ) (-1248 -64 992 ) 
4 258 259 (-1216 -800 1312 ) (-1216 -800 1024 ) (-1024 -800 1024 ) (-1024 -800 1312 ) 
4 258 260 (-1216 -64 1312 ) (-1216 -64 1024 ) (-1216 -800 1024 ) (-1216 -800 1312 ) 
4 259 285 (-1024 -1024 992 ) (-1024 -1024 1312 ) (-1216 -1024 1312 ) (-1216 -1024 992 ) 
4 259 261 (-1024 -800 992 ) (-1024 -1024 992 ) (-1216 -1024 992 ) (-1216 -800 992 ) 
4 259 260 (-1216 -800 992 ) (-1216 -1024 992 ) (-1216 -1024 1312 ) (-1216 -800 1312 ) 
4 260 285 (-1216 -1024 1312 ) (-2048 -1024 1312 ) (-2048 -1024 992 ) (-1216 -1024 992 ) 
4 260 279 (-2048 -1024 992 ) (-2048 -1024 1312 ) (-2048 -64 1312 ) (-2048 -64 992 ) 
4 260 261 (-2048 -1024 992 ) (-2048 -64 992 ) (-1216 -64 992 ) (-1216 -1024 992 ) 
4 261 285 (-1024 -1024 64 ) (-1024 -1024 992 ) (-2048 -1024 992 ) (-2048 -1024 64 ) 
4 261 279 (-2048 -1024 64 ) (-2048 -1024 992 ) (-2048 -64 992 ) (-2048 -64 64 ) 
4 262 270 (-2048 672 1600 ) (-2048 672 3008 ) (-2080 672 3008 ) (-2080 672 1600 ) 
4 262 265 (-2080 672 1600 ) (-2080 672 3008 ) (-2080 1024 3008 ) (-2080 1024 1600 ) 
4 263 264 (-2080 704 1312 ) (-2080 1024 1312 ) (-2048 1024 1312 ) (-2048 704 1312 ) 
4 264 266 (-2080 1024 1024 ) (-2080 928 1024 ) (-2080 928 1216 ) (-2080 1024 1216 ) 
4 265 270 (-2112 672 3008 ) (-2112 672 1600 ) (-2080 672 1600 ) (-2080 672 3008 ) 
4 265 267 (-2112 1024 3008 ) (-2112 1024 1600 ) (-2112 672 1600 ) (-2112 672 3008 ) 
4 266 267 (-2112 1024 1216 ) (-2112 1024 1024 ) (-2112 928 1024 ) (-2112 928 1216 ) 
4 267 274 (-3072 1024 3008 ) (-3072 1024 1024 ) (-3072 672 1024 ) (-3072 672 3008 ) 
4 267 273 (-3072 672 1280 ) (-3072 672 1024 ) (-2112 672 1024 ) (-2112 672 1280 ) 
4 267 272 (-3072 672 1312 ) (-3072 672 1280 ) (-2112 672 1280 ) (-2112 672 1312 ) 
4 267 271 (-3072 672 1600 ) (-3072 672 1312 ) (-2112 672 1312 ) (-2112 672 1600 ) 
4 267 270 (-3072 672 3008 ) (-3072 672 1600 ) (-2112 672 1600 ) (-2112 672 3008 ) 
4 267 268 (-2112 672 1024 ) (-3072 672 1024 ) (-3072 1024 1024 ) (-2112 1024 1024 ) 
4 268 274 (-3072 1024 1024 ) (-3072 1024 992 ) (-3072 672 992 ) (-3072 672 1024 ) 
4 268 273 (-2112 672 1024 ) (-3072 672 1024 ) (-3072 672 992 ) (-2112 672 992 ) 
4 268 269 (-2112 672 992 ) (-3072 672 992 ) (-3072 1024 992 ) (-2112 1024 992 ) 
4 269 274 (-3072 1024 992 ) (-3072 1024 64 ) (-3072 672 64 ) (-3072 672 992 ) 
4 269 273 (-2048 672 64 ) (-2048 672 992 ) (-3072 672 992 ) (-3072 672 64 ) 
4 270 275 (-2048 0 1600 ) (-2048 0 3008 ) (-2080 0 3008 ) (-2080 0 1600 ) 
4 270 277 (-2080 0 3008 ) (-3072 0 3008 ) (-3072 0 1600 ) (-2080 0 1600 ) 
4 270 274 (-3072 0 1600 ) (-3072 0 3008 ) (-3072 672 3008 ) (-3072 672 1600 ) 
4 270 271 (-2080 0 1600 ) (-3072 0 1600 ) (-3072 672 1600 ) (-2080 672 1600 ) 
4 271 277 (-2080 0 1600 ) (-3072 0 1600 ) (-3072 0 1312 ) (-2080 0 1312 ) 
4 271 274 (-3072 0 1312 ) (-3072 0 1600 ) (-3072 672 1600 ) (-3072 672 1312 ) 
4 271 272 (-3072 0 1312 ) (-3072 672 1312 ) (-2080 672 1312 ) (-2080 0 1312 ) 
4 272 280 (-2080 0 1312 ) (-3072 0 1312 ) (-3072 0 1280 ) (-2080 0 1280 ) 
4 272 274 (-3072 0 1280 ) (-3072 0 1312 ) (-3072 672 1312 ) (-3072 672 1280 ) 
4 272 273 (-2080 0 1280 ) (-3072 0 1280 ) (-3072 672 1280 ) (-2080 672 1280 ) 
4 273 278 (-2048 0 64 ) (-2048 0 1280 ) (-2080 0 1280 ) (-2080 0 64 ) 
4 273 280 (-2080 0 1280 ) (-3072 0 1280 ) (-3072 0 64 ) (-2080 0 64 ) 
4 273 274 (-3072 0 64 ) (-3072 0 1280 ) (-3072 672 1280 ) (-3072 672 64 ) 
4 274 283 (-4096 0 64 ) (-4096 0 3008 ) (-4096 1024 3008 ) (-4096 1024 64 ) 
4 274 281 (-3072 0 64 ) (-3072 0 3008 ) (-4096 0 3008 ) (-4096 0 64 ) 
4 275 276 (-2080 -64 3008 ) (-2080 -64 1600 ) (-2048 -64 1600 ) (-2048 -64 3008 ) 
4 275 277 (-2080 -64 1600 ) (-2080 -64 3008 ) (-2080 0 3008 ) (-2080 0 1600 ) 
4 276 286 (-2048 -1024 1312 ) (-2048 -1024 3008 ) (-2080 -1024 3008 ) (-2080 -1024 1312 ) 
4 276 279 (-2048 -64 1312 ) (-2048 -1024 1312 ) (-2080 -1024 1312 ) (-2080 -64 1312 ) 
4 276 277 (-2080 -64 1312 ) (-2080 -1024 1312 ) (-2080 -1024 3008 ) (-2080 -64 3008 ) 
4 277 286 (-2080 -1024 3008 ) (-3072 -1024 3008 ) (-3072 -1024 1312 ) (-2080 -1024 1312 ) 
4 277 281 (-3072 0 3008 ) (-3072 0 1312 ) (-3072 -1024 1312 ) (-3072 -1024 3008 ) 
4 277 280 (-3072 0 1312 ) (-2080 0 1312 ) (-2080 -1024 1312 ) (-3072 -1024 1312 ) 
4 278 279 (-2080 -64 1280 ) (-2080 -64 64 ) (-2048 -64 64 ) (-2048 -64 1280 ) 
4 278 280 (-2080 0 64 ) (-2080 -64 64 ) (-2080 -64 1280 ) (-2080 0 1280 ) 
4 279 286 (-2048 -1024 64 ) (-2048 -1024 1312 ) (-2080 -1024 1312 ) (-2080 -1024 64 ) 
4 279 280 (-2080 -64 64 ) (-2080 -1024 64 ) (-2080 -1024 1312 ) (-2080 -64 1312 ) 
4 280 286 (-2080 -1024 1312 ) (-3072 -1024 1312 ) (-3072 -1024 64 ) (-2080 -1024 64 ) 
4 280 281 (-3072 0 1312 ) (-3072 0 64 ) (-3072 -1024 64 ) (-3072 -1024 1312 ) 
4 281 287 (-3072 -1024 64 ) (-3072 -1024 3008 ) (-4096 -1024 3008 ) (-4096 -1024 64 ) 
4 281 284 (-4096 -1024 64 ) (-4096 -1024 3008 ) (-4096 0 3008 ) (-4096 0 64 ) 
4 282 283 (-4096 1024 64 ) (-4096 1024 3008 ) (-5120 1024 3008 ) (-5120 1024 64 ) 
4 283 284 (-4096 0 64 ) (-4096 0 3008 ) (-5120 0 3008 ) (-5120 0 64 ) 
4 284 288 (-4096 -1024 64 ) (-4096 -1024 3008 ) (-5120 -1024 3008 ) (-5120 -1024 64 ) 
4 285 286 (-2048 -1024 3008 ) (-2048 -1024 64 ) (-2048 -2048 64 ) (-2048 -2048 3008 ) 
4 286 287 (-3072 -2048 64 ) (-3072 -2048 3008 ) (-3072 -1024 3008 ) (-3072 -1024 64 ) 
4 287 288 (-4096 -1024 3008 ) (-4096 -1024 64 ) (-4096 -2048 64 ) (-4096 -2048 3008 ) 
