PRT1
226
606
4 0 3 (2048 4096 64 ) (2048 4096 3008 ) (1024 4096 3008 ) (1024 4096 64 ) 
4 0 1 (1024 4096 64 ) (1024 4096 3008 ) (1024 5120 3008 ) (1024 5120 64 ) 
4 1 5 (1024 4096 64 ) (1024 4096 3008 ) (0 4096 3008 ) (0 4096 64 ) 
4 1 2 (0 5120 3008 ) (0 5120 64 ) (0 4096 64 ) (0 4096 3008 ) 
4 2 16 (-1024 4096 64 ) (-1024 4096 3008 ) (-1024 5120 3008 ) (-1024 5120 64 ) 
4 2 6 (0 4096 64 ) (0 4096 3008 ) (-1024 4096 3008 ) (-1024 4096 64 ) 
4 3 5 (1024 4096 3008 ) (1024 4096 64 ) (1024 3072 64 ) (1024 3072 3008 ) 
4 3 4 (2048 3072 64 ) (2048 3072 3008 ) (1024 3072 3008 ) (1024 3072 64 ) 
4 4 83 (2048 2048 64 ) (2048 2048 3008 ) (1024 2048 3008 ) (1024 2048 64 ) 
4 4 7 (1024 2048 64 ) (1024 2048 3008 ) (1024 3072 3008 ) (1024 3072 64 ) 
4 5 7 (1024 3072 64 ) (1024 3072 3008 ) (0 3072 3008 ) (0 3072 64 ) 
4 5 6 (0 4096 3008 ) (0 4096 64 ) (0 3072 64 ) (0 3072 3008 ) 
4 6 19 (-1024 3072 64 ) (-1024 3072 3008 ) (-1024 4096 3008 ) (-1024 4096 64 ) 
4 6 14 (-672 3072 1024 ) (-1024 3072 1024 ) (-1024 3072 64 ) (-672 3072 64 ) 
4 6 13 (0 3072 64 ) (0 3072 1024 ) (-672 3072 1024 ) (-672 3072 64 ) 
4 6 11 (-704 3072 1600 ) (-1024 3072 1600 ) (-1024 3072 1024 ) (-704 3072 1024 ) 
4 6 9 (0 3072 1024 ) (0 3072 1600 ) (-704 3072 1600 ) (-704 3072 1024 ) 
4 6 8 (0 3072 1600 ) (0 3072 3008 ) (-1024 3072 3008 ) (-1024 3072 1600 ) 
4 7 84 (1024 2048 64 ) (1024 2048 3008 ) (0 2048 3008 ) (0 2048 64 ) 
4 7 13 (0 3072 1024 ) (0 3072 64 ) (0 2048 64 ) (0 2048 1024 ) 
4 7 10 (0 2240 1024 ) (0 2048 1024 ) (0 2048 1600 ) (0 2240 1600 ) 
4 7 9 (0 3072 1600 ) (0 3072 1024 ) (0 2240 1024 ) (0 2240 1600 ) 
4 7 8 (0 3072 3008 ) (0 3072 1600 ) (0 2048 1600 ) (0 2048 3008 ) 
4 8 89 (-704 2048 3008 ) (-1024 2048 3008 ) (-1024 2048 1600 ) (-704 2048 1600 ) 
4 8 86 (-672 2048 3008 ) (-704 2048 3008 ) (-704 2048 1600 ) (-672 2048 1600 ) 
4 8 85 (0 2048 1600 ) (0 2048 3008 ) (-672 2048 3008 ) (-672 2048 1600 ) 
4 8 22 (-1024 2048 1600 ) (-1024 2048 3008 ) (-1024 2208 3008 ) (-1024 2208 1600 ) 
4 8 20 (-1024 2208 3008 ) (-1024 3072 3008 ) (-1024 3072 1600 ) (-1024 2208 1600 ) 
4 8 11 (-1024 2240 1600 ) (-1024 3072 1600 ) (-704 3072 1600 ) (-704 2240 1600 ) 
4 8 10 (0 2048 1600 ) (-672 2048 1600 ) (-672 2240 1600 ) (0 2240 1600 ) 
4 8 9 (-704 2240 1600 ) (-704 3072 1600 ) (0 3072 1600 ) (0 2240 1600 ) 
4 9 14 (-672 2240 1024 ) (-704 2240 1024 ) (-704 3072 1024 ) (-672 3072 1024 ) 
4 9 13 (0 3072 1024 ) (0 2240 1024 ) (-672 2240 1024 ) (-672 3072 1024 ) 
4 9 11 (-704 3072 1024 ) (-704 2240 1024 ) (-704 2240 1600 ) (-704 3072 1600 ) 
4 9 10 (-672 2240 1024 ) (0 2240 1024 ) (0 2240 1600 ) (-672 2240 1600 ) 
4 10 85 (0 2048 1024 ) (0 2048 1600 ) (-672 2048 1600 ) (-672 2048 1024 ) 
4 10 13 (0 2240 1024 ) (0 2048 1024 ) (-672 2048 1024 ) (-672 2240 1024 ) 
4 11 21 (-1024 2240 1600 ) (-1024 3072 1600 ) (-1024 3072 1024 ) (-1024 2240 1024 ) 
4 11 14 (-1024 2240 1024 ) (-1024 3072 1024 ) (-704 3072 1024 ) (-704 2240 1024 ) 
4 12 90 (-1024 2048 1568 ) (-1024 2048 1184 ) (-704 2048 1184 ) (-704 2048 1568 ) 
4 12 24 (-1024 2048 1184 ) (-1024 2048 1312 ) (-1024 2208 1312 ) (-1024 2208 1184 ) 
4 12 23 (-1024 2048 1312 ) (-1024 2048 1568 ) (-1024 2208 1568 ) (-1024 2208 1312 ) 
4 13 85 (0 2048 64 ) (0 2048 1024 ) (-672 2048 1024 ) (-672 2048 64 ) 
4 13 15 (-672 2240 64 ) (-672 2048 64 ) (-672 2048 992 ) (-672 2240 992 ) 
4 13 14 (-672 3072 64 ) (-672 2240 64 ) (-672 2240 1024 ) (-672 3072 1024 ) 
4 14 25 (-1024 2240 1024 ) (-1024 3072 1024 ) (-1024 3072 64 ) (-1024 2240 64 ) 
4 14 15 (-1024 2240 64 ) (-672 2240 64 ) (-672 2240 992 ) (-1024 2240 992 ) 
4 15 92 (-1024 2048 992 ) (-1024 2048 64 ) (-704 2048 64 ) (-704 2048 992 ) 
4 15 88 (-704 2048 64 ) (-672 2048 64 ) (-672 2048 992 ) (-704 2048 992 ) 
4 15 26 (-1024 2048 64 ) (-1024 2048 992 ) (-1024 2240 992 ) (-1024 2240 64 ) 
4 16 19 (-1024 4096 64 ) (-1024 4096 3008 ) (-2048 4096 3008 ) (-2048 4096 64 ) 
4 16 17 (-2048 5120 3008 ) (-2048 5120 64 ) (-2048 4096 64 ) (-2048 4096 3008 ) 
4 17 34 (-2048 4096 64 ) (-2048 4096 1280 ) (-3072 4096 1280 ) (-3072 4096 64 ) 
4 17 29 (-2112 4096 1856 ) (-3072 4096 1856 ) (-3072 4096 1280 ) (-2112 4096 1280 ) 
4 17 28 (-2048 4096 1280 ) (-2048 4096 1856 ) (-2112 4096 1856 ) (-2112 4096 1280 ) 
4 17 27 (-2048 4096 1856 ) (-2048 4096 3008 ) (-3072 4096 3008 ) (-3072 4096 1856 ) 
4 17 18 (-3072 4096 64 ) (-3072 4096 3008 ) (-3072 5120 3008 ) (-3072 5120 64 ) 
4 18 80 (-4096 4096 64 ) (-4096 4096 3008 ) (-4096 5120 3008 ) (-4096 5120 64 ) 
4 18 42 (-4096 4096 1280 ) (-4096 4096 64 ) (-3072 4096 64 ) (-3072 4096 1280 ) 
4 18 36 (-3872 4096 1280 ) (-3072 4096 1280 ) (-3072 4096 1856 ) (-3872 4096 1856 ) 
4 18 37 (-4096 4096 1856 ) (-4096 4096 1280 ) (-3872 4096 1280 ) (-3872 4096 1856 ) 
4 18 35 (-4096 4096 3008 ) (-4096 4096 1856 ) (-3072 4096 1856 ) (-3072 4096 3008 ) 
4 19 34 (-2048 4096 1280 ) (-2048 4096 64 ) (-2048 3072 64 ) (-2048 3072 1280 ) 
4 19 33 (-2048 3168 1280 ) (-2048 3072 1280 ) (-2048 3072 1312 ) (-2048 3168 1312 ) 
4 19 30 (-2048 3072 1312 ) (-2048 3072 3008 ) (-2048 3168 3008 ) (-2048 3168 1312 ) 
4 19 28 (-2048 4096 1856 ) (-2048 4096 1280 ) (-2048 3168 1280 ) (-2048 3168 1856 ) 
4 19 27 (-2048 4096 3008 ) (-2048 4096 1856 ) (-2048 3168 1856 ) (-2048 3168 3008 ) 
4 19 25 (-1024 3072 64 ) (-1024 3072 1024 ) (-2048 3072 1024 ) (-2048 3072 64 ) 
4 19 21 (-1024 3072 1024 ) (-1024 3072 1600 ) (-2048 3072 1600 ) (-2048 3072 1024 ) 
4 19 20 (-1024 3072 1600 ) (-1024 3072 3008 ) (-2048 3072 3008 ) (-2048 3072 1600 ) 
4 20 48 (-2048 2240 1600 ) (-2048 2208 1600 ) (-2048 2208 1856 ) (-2048 2240 1856 ) 
4 20 47 (-2048 2848 1600 ) (-2048 2240 1600 ) (-2048 2240 1856 ) (-2048 2848 1856 ) 
4 20 44 (-2048 3072 1856 ) (-2048 3072 1600 ) (-2048 2848 1600 ) (-2048 2848 1856 ) 
4 20 43 (-2048 3072 3008 ) (-2048 3072 1856 ) (-2048 2208 1856 ) (-2048 2208 3008 ) 
4 20 22 (-1024 2208 1600 ) (-1024 2208 3008 ) (-2048 2208 3008 ) (-2048 2208 1600 ) 
4 20 21 (-2048 2240 1600 ) (-2048 3072 1600 ) (-1024 3072 1600 ) (-1024 2240 1600 ) 
4 21 47 (-2048 2848 1024 ) (-2048 2240 1024 ) (-2048 2240 1600 ) (-2048 2848 1600 ) 
4 21 46 (-2048 3072 1280 ) (-2048 3072 1024 ) (-2048 2848 1024 ) (-2048 2848 1280 ) 
4 21 44 (-2048 3072 1600 ) (-2048 3072 1280 ) (-2048 2848 1280 ) (-2048 2848 1600 ) 
4 21 25 (-2048 2240 1024 ) (-2048 3072 1024 ) (-1024 3072 1024 ) (-1024 2240 1024 ) 
4 22 123 (-1024 2048 1600 ) (-1024 2048 3008 ) (-2048 2048 3008 ) (-2048 2048 1600 ) 
4 22 49 (-2048 2048 1600 ) (-2048 2048 1856 ) (-2048 2208 1856 ) (-2048 2208 1600 ) 
4 22 43 (-2048 2048 1856 ) (-2048 2048 3008 ) (-2048 2208 3008 ) (-2048 2208 1856 ) 
4 23 124 (-1024 2048 1312 ) (-1024 2048 1568 ) (-2048 2048 1568 ) (-2048 2048 1312 ) 
4 23 50 (-2048 2048 1312 ) (-2048 2048 1568 ) (-2048 2208 1568 ) (-2048 2208 1312 ) 
4 23 24 (-1024 2048 1312 ) (-1280 2048 1312 ) (-1280 2208 1312 ) (-1024 2208 1312 ) 
3 24 131 (-1024 2048 1184 ) (-1024 2048 1280 ) (-1216 2048 1280 ) 
4 24 125 (-1024 2048 1280 ) (-1024 2048 1312 ) (-1280 2048 1312 ) (-1216 2048 1280 ) 
4 25 58 (-2048 2848 992 ) (-2048 2848 64 ) (-2048 2240 64 ) (-2048 2240 992 ) 
4 25 56 (-2048 2240 1024 ) (-2048 2848 1024 ) (-2048 2848 992 ) (-2048 2240 992 ) 
4 25 46 (-2048 2848 1024 ) (-2048 3072 1024 ) (-2048 3072 64 ) (-2048 2848 64 ) 
4 25 26 (-2048 2240 64 ) (-1024 2240 64 ) (-1024 2240 992 ) (-2048 2240 992 ) 
4 26 134 (-1024 2048 64 ) (-1024 2048 992 ) (-2048 2048 992 ) (-2048 2048 64 ) 
4 26 58 (-2048 2048 64 ) (-2048 2048 992 ) (-2048 2240 992 ) (-2048 2240 64 ) 
4 27 35 (-3072 4096 3008 ) (-3072 4096 1856 ) (-3072 3168 1856 ) (-3072 3168 3008 ) 
4 27 31 (-3072 3168 3008 ) (-3072 3168 1856 ) (-2112 3168 1856 ) (-2112 3168 3008 ) 
4 27 30 (-2112 3168 1856 ) (-2048 3168 1856 ) (-2048 3168 3008 ) (-2112 3168 3008 ) 
4 27 29 (-3072 3328 1856 ) (-3072 4096 1856 ) (-2112 4096 1856 ) (-2112 3328 1856 ) 
4 27 28 (-2048 3168 1856 ) (-2112 3168 1856 ) (-2112 4096 1856 ) (-2048 4096 1856 ) 
4 28 34 (-2112 4096 1280 ) (-2048 4096 1280 ) (-2048 3168 1280 ) (-2112 3168 1280 ) 
4 28 33 (-2112 3168 1280 ) (-2048 3168 1280 ) (-2048 3168 1312 ) (-2112 3168 1312 ) 
4 28 30 (-2048 3168 1312 ) (-2048 3168 1856 ) (-2112 3168 1856 ) (-2112 3168 1312 ) 
4 28 29 (-2112 4096 1280 ) (-2112 3328 1280 ) (-2112 3328 1856 ) (-2112 4096 1856 ) 
4 29 36 (-3072 4096 1856 ) (-3072 4096 1280 ) (-3072 3328 1280 ) (-3072 3328 1856 ) 
4 29 34 (-3072 3328 1280 ) (-3072 4096 1280 ) (-2112 4096 1280 ) (-2112 3328 1280 ) 
4 30 44 (-2048 3072 1312 ) (-2048 3072 1856 ) (-2112 3072 1856 ) (-2112 3072 1312 ) 
4 30 43 (-2048 3072 1856 ) (-2048 3072 3008 ) (-2112 3072 3008 ) (-2112 3072 1856 ) 
4 30 33 (-2048 3072 1312 ) (-2112 3072 1312 ) (-2112 3168 1312 ) (-2048 3168 1312 ) 
4 30 31 (-2112 3072 1856 ) (-2112 3072 3008 ) (-2112 3168 3008 ) (-2112 3168 1856 ) 
4 30 32 (-2112 3168 1312 ) (-2112 3072 1312 ) (-2112 3072 1824 ) (-2112 3168 1824 ) 
4 31 43 (-2112 3072 3008 ) (-3072 3072 3008 ) (-3072 3072 1856 ) (-2112 3072 1856 ) 
4 31 38 (-3072 3072 1856 ) (-3072 3072 3008 ) (-3072 3168 3008 ) (-3072 3168 1856 ) 
4 32 45 (-3072 3072 1824 ) (-3072 3072 1312 ) (-2112 3072 1312 ) (-2112 3072 1824 ) 
4 32 39 (-3072 3072 1312 ) (-3072 3072 1824 ) (-3072 3168 1824 ) (-3072 3168 1312 ) 
4 33 44 (-2048 3072 1280 ) (-2048 3072 1312 ) (-2112 3072 1312 ) (-2112 3072 1280 ) 
4 33 34 (-2048 3072 1280 ) (-2112 3072 1280 ) (-2112 3168 1280 ) (-2048 3168 1280 ) 
4 34 46 (-2048 3072 64 ) (-2048 3072 1280 ) (-3072 3072 1280 ) (-3072 3072 64 ) 
4 34 42 (-3072 4096 1280 ) (-3072 4096 64 ) (-3072 3072 64 ) (-3072 3072 1280 ) 
4 35 81 (-4096 4096 3008 ) (-4096 4096 1856 ) (-4096 3168 1856 ) (-4096 3168 3008 ) 
4 35 40 (-3712 3168 3008 ) (-3872 3168 3008 ) (-3872 3168 1856 ) (-3712 3168 1856 ) 
4 35 41 (-3872 3168 3008 ) (-4096 3168 3008 ) (-4096 3168 1856 ) (-3872 3168 1856 ) 
4 35 38 (-3072 3168 1856 ) (-3072 3168 3008 ) (-3712 3168 3008 ) (-3712 3168 1856 ) 
4 35 36 (-3872 3328 1856 ) (-3872 4096 1856 ) (-3072 4096 1856 ) (-3072 3328 1856 ) 
4 35 37 (-3872 3168 1856 ) (-4096 3168 1856 ) (-4096 4096 1856 ) (-3872 4096 1856 ) 
4 36 42 (-3072 4096 1280 ) (-3072 3328 1280 ) (-3872 3328 1280 ) (-3872 4096 1280 ) 
4 36 37 (-3872 4096 1280 ) (-3872 3328 1280 ) (-3872 3328 1856 ) (-3872 4096 1856 ) 
4 37 81 (-4096 4096 1856 ) (-4096 4096 1280 ) (-4096 3168 1280 ) (-4096 3168 1856 ) 
4 37 42 (-3872 3168 1280 ) (-4096 3168 1280 ) (-4096 4096 1280 ) (-3872 4096 1280 ) 
4 37 41 (-4096 3168 1280 ) (-3872 3168 1280 ) (-3872 3168 1856 ) (-4096 3168 1856 ) 
4 38 63 (-3072 3072 1856 ) (-3072 3072 3008 ) (-3712 3072 3008 ) (-3712 3072 1856 ) 
4 38 40 (-3712 3168 3008 ) (-3712 3168 1856 ) (-3712 3072 1856 ) (-3712 3072 3008 ) 
4 39 64 (-3072 3072 1312 ) (-3072 3072 1824 ) (-3712 3072 1824 ) (-3712 3072 1312 ) 
4 40 69 (-3712 3072 1856 ) (-3712 3072 3008 ) (-3872 3072 3008 ) (-3872 3072 1856 ) 
4 40 41 (-3872 3072 3008 ) (-3872 3168 3008 ) (-3872 3168 1856 ) (-3872 3072 1856 ) 
4 41 81 (-4096 3072 1280 ) (-4096 3072 3008 ) (-4096 3168 3008 ) (-4096 3168 1280 ) 
4 41 70 (-4096 3072 3008 ) (-4096 3072 1280 ) (-3872 3072 1280 ) (-3872 3072 3008 ) 
4 41 42 (-3872 3072 1280 ) (-4096 3072 1280 ) (-4096 3168 1280 ) (-3872 3168 1280 ) 
4 42 81 (-4096 3072 64 ) (-4096 3072 1280 ) (-4096 4096 1280 ) (-4096 4096 64 ) 
4 42 71 (-4096 3072 1280 ) (-4096 3072 64 ) (-3712 3072 64 ) (-3712 3072 1280 ) 
4 42 65 (-3712 3072 64 ) (-3072 3072 64 ) (-3072 3072 1280 ) (-3712 3072 1280 ) 
4 43 144 (-2112 2048 3008 ) (-3072 2048 3008 ) (-3072 2048 1856 ) (-2112 2048 1856 ) 
4 43 139 (-2080 2048 3008 ) (-2112 2048 3008 ) (-2112 2048 1856 ) (-2080 2048 1856 ) 
4 43 135 (-2048 2048 1856 ) (-2048 2048 3008 ) (-2080 2048 3008 ) (-2080 2048 1856 ) 
4 43 72 (-3072 2720 1856 ) (-3072 2048 1856 ) (-3072 2048 3008 ) (-3072 2720 3008 ) 
4 43 66 (-3072 2848 1856 ) (-3072 2720 1856 ) (-3072 2720 3008 ) (-3072 2848 3008 ) 
4 43 63 (-3072 3072 3008 ) (-3072 3072 1856 ) (-3072 2848 1856 ) (-3072 2848 3008 ) 
4 43 52 (-2112 2240 1856 ) (-2112 2848 1856 ) (-2080 2848 1856 ) (-2080 2240 1856 ) 
4 43 49 (-2048 2208 1856 ) (-2048 2048 1856 ) (-2080 2048 1856 ) (-2080 2208 1856 ) 
4 43 48 (-2048 2240 1856 ) (-2048 2208 1856 ) (-2080 2208 1856 ) (-2080 2240 1856 ) 
4 43 47 (-2048 2848 1856 ) (-2048 2240 1856 ) (-2080 2240 1856 ) (-2080 2848 1856 ) 
4 43 44 (-2112 3072 1856 ) (-2048 3072 1856 ) (-2048 2848 1856 ) (-2112 2848 1856 ) 
4 44 52 (-2080 2848 1856 ) (-2112 2848 1856 ) (-2112 2848 1280 ) (-2080 2848 1280 ) 
4 44 47 (-2048 2848 1856 ) (-2080 2848 1856 ) (-2080 2848 1280 ) (-2048 2848 1280 ) 
4 44 46 (-2048 2848 1280 ) (-2112 2848 1280 ) (-2112 3072 1280 ) (-2048 3072 1280 ) 
4 44 45 (-2112 2848 1312 ) (-2112 2848 1824 ) (-2112 3072 1824 ) (-2112 3072 1312 ) 
4 45 64 (-3072 3072 1824 ) (-3072 3072 1312 ) (-3072 2848 1312 ) (-3072 2848 1824 ) 
4 45 59 (-3040 2848 1312 ) (-2624 2848 1312 ) (-2624 2848 1824 ) (-3040 2848 1824 ) 
4 45 51 (-2624 2848 1312 ) (-2528 2848 1312 ) (-2528 2848 1824 ) (-2624 2848 1824 ) 
4 46 65 (-3072 3072 1280 ) (-3072 3072 64 ) (-3072 2848 64 ) (-3072 2848 1280 ) 
4 46 62 (-3072 2848 1280 ) (-3072 2848 64 ) (-3040 2848 64 ) (-3040 2848 1280 ) 
4 46 60 (-3040 2848 64 ) (-2624 2848 64 ) (-2624 2848 1280 ) (-3040 2848 1280 ) 
4 46 58 (-2624 2848 64 ) (-2048 2848 64 ) (-2048 2848 992 ) (-2624 2848 992 ) 
4 46 56 (-2048 2848 992 ) (-2048 2848 1024 ) (-2112 2848 1024 ) (-2112 2848 992 ) 
4 46 57 (-2112 2848 1024 ) (-2624 2848 1024 ) (-2624 2848 992 ) (-2112 2848 992 ) 
4 46 54 (-2080 2848 1280 ) (-2112 2848 1280 ) (-2112 2848 1024 ) (-2080 2848 1024 ) 
4 46 55 (-2112 2848 1280 ) (-2624 2848 1280 ) (-2624 2848 1024 ) (-2112 2848 1024 ) 
4 46 47 (-2048 2848 1024 ) (-2048 2848 1280 ) (-2080 2848 1280 ) (-2080 2848 1024 ) 
4 47 56 (-2080 2240 1024 ) (-2080 2848 1024 ) (-2048 2848 1024 ) (-2048 2240 1024 ) 
4 47 54 (-2080 2848 1280 ) (-2080 2848 1024 ) (-2080 2240 1024 ) (-2080 2240 1280 ) 
4 47 52 (-2080 2848 1856 ) (-2080 2848 1280 ) (-2080 2240 1280 ) (-2080 2240 1856 ) 
4 47 48 (-2080 2240 1856 ) (-2080 2240 1600 ) (-2048 2240 1600 ) (-2048 2240 1856 ) 
4 48 49 (-2080 2208 1856 ) (-2080 2208 1600 ) (-2048 2208 1600 ) (-2048 2208 1856 ) 
4 49 135 (-2048 2048 1600 ) (-2048 2048 1856 ) (-2080 2048 1856 ) (-2080 2048 1600 ) 
4 50 136 (-2048 2048 1312 ) (-2048 2048 1568 ) (-2080 2048 1568 ) (-2080 2048 1312 ) 
4 51 59 (-2624 2848 1824 ) (-2624 2848 1312 ) (-2624 2720 1312 ) (-2624 2720 1824 ) 
4 52 54 (-2112 2848 1280 ) (-2080 2848 1280 ) (-2080 2240 1280 ) (-2112 2240 1280 ) 
4 53 145 (-2624 2048 1824 ) (-2624 2048 1312 ) (-2552 2048 1312 ) (-2552 2048 1824 ) 
4 53 59 (-2624 2048 1312 ) (-2624 2048 1824 ) (-2624 2144 1824 ) (-2624 2144 1312 ) 
4 54 56 (-2112 2240 1024 ) (-2112 2848 1024 ) (-2080 2848 1024 ) (-2080 2240 1024 ) 
4 54 55 (-2112 2848 1024 ) (-2112 2240 1024 ) (-2112 2240 1280 ) (-2112 2848 1280 ) 
4 55 156 (-2624 2048 1280 ) (-2624 2048 1024 ) (-2112 2048 1024 ) (-2112 2048 1280 ) 
4 55 60 (-2624 2848 1280 ) (-2624 2848 1024 ) (-2624 2048 1024 ) (-2624 2048 1280 ) 
4 55 57 (-2112 2048 1024 ) (-2624 2048 1024 ) (-2624 2848 1024 ) (-2112 2848 1024 ) 
4 56 58 (-2112 2848 992 ) (-2048 2848 992 ) (-2048 2240 992 ) (-2112 2240 992 ) 
4 56 57 (-2112 2848 992 ) (-2112 2240 992 ) (-2112 2240 1024 ) (-2112 2848 1024 ) 
4 57 156 (-2112 2048 1024 ) (-2624 2048 1024 ) (-2624 2048 992 ) (-2112 2048 992 ) 
4 57 60 (-2624 2848 1024 ) (-2624 2848 992 ) (-2624 2048 992 ) (-2624 2048 1024 ) 
4 57 58 (-2624 2048 992 ) (-2624 2848 992 ) (-2112 2848 992 ) (-2112 2048 992 ) 
4 58 156 (-2112 2048 992 ) (-2624 2048 992 ) (-2624 2048 64 ) (-2112 2048 64 ) 
4 58 143 (-2080 2048 992 ) (-2112 2048 992 ) (-2112 2048 64 ) (-2080 2048 64 ) 
4 58 138 (-2048 2048 64 ) (-2048 2048 992 ) (-2080 2048 992 ) (-2080 2048 64 ) 
4 58 60 (-2624 2848 992 ) (-2624 2848 64 ) (-2624 2048 64 ) (-2624 2048 992 ) 
4 59 151 (-2944 2048 1824 ) (-3040 2048 1824 ) (-3040 2048 1312 ) (-2944 2048 1312 ) 
4 59 149 (-2624 2048 1312 ) (-2624 2048 1824 ) (-2944 2048 1824 ) (-2944 2048 1312 ) 
4 59 61 (-3040 2336 1312 ) (-3040 2048 1312 ) (-3040 2048 1504 ) (-3040 2336 1504 ) 
4 60 156 (-2624 2048 64 ) (-2624 2048 1280 ) (-3040 2048 1280 ) (-3040 2048 64 ) 
4 60 62 (-3040 2848 1280 ) (-3040 2848 64 ) (-3040 2048 64 ) (-3040 2048 1280 ) 
4 61 153 (-3040 2048 1312 ) (-3040 2048 1504 ) (-3072 2048 1504 ) (-3072 2048 1312 ) 
4 61 73 (-3072 2048 1312 ) (-3072 2048 1504 ) (-3072 2336 1504 ) (-3072 2336 1312 ) 
4 62 156 (-3040 2048 64 ) (-3040 2048 1280 ) (-3072 2048 1280 ) (-3072 2048 64 ) 
4 62 74 (-3072 2048 64 ) (-3072 2048 1280 ) (-3072 2720 1280 ) (-3072 2720 64 ) 
4 62 68 (-3072 2720 1280 ) (-3072 2848 1280 ) (-3072 2848 64 ) (-3072 2720 64 ) 
4 63 69 (-3712 3072 3008 ) (-3712 3072 1856 ) (-3712 2848 1856 ) (-3712 2848 3008 ) 
4 63 66 (-3712 2848 3008 ) (-3712 2848 1856 ) (-3072 2848 1856 ) (-3072 2848 3008 ) 
4 64 67 (-3680 2848 1312 ) (-3360 2848 1312 ) (-3360 2848 1504 ) (-3680 2848 1504 ) 
4 65 71 (-3712 3072 1280 ) (-3712 3072 64 ) (-3712 2848 64 ) (-3712 2848 1280 ) 
4 65 68 (-3712 2848 1280 ) (-3712 2848 64 ) (-3072 2848 64 ) (-3072 2848 1280 ) 
4 66 75 (-3168 2720 3008 ) (-3712 2720 3008 ) (-3712 2720 1856 ) (-3168 2720 1856 ) 
4 66 72 (-3072 2720 1856 ) (-3072 2720 3008 ) (-3168 2720 3008 ) (-3168 2720 1856 ) 
4 66 69 (-3712 2720 1856 ) (-3712 2720 3008 ) (-3712 2848 3008 ) (-3712 2848 1856 ) 
4 67 76 (-3680 2720 1504 ) (-3680 2720 1312 ) (-3360 2720 1312 ) (-3360 2720 1504 ) 
4 68 79 (-3168 2720 1280 ) (-3712 2720 1280 ) (-3712 2720 64 ) (-3168 2720 64 ) 
4 68 74 (-3072 2720 64 ) (-3072 2720 1280 ) (-3168 2720 1280 ) (-3168 2720 64 ) 
4 68 71 (-3712 2720 64 ) (-3712 2720 1280 ) (-3712 2848 1280 ) (-3712 2848 64 ) 
4 69 77 (-3776 2720 3008 ) (-3872 2720 3008 ) (-3872 2720 1856 ) (-3776 2720 1856 ) 
4 69 75 (-3712 2720 1856 ) (-3712 2720 3008 ) (-3776 2720 3008 ) (-3776 2720 1856 ) 
4 69 70 (-3872 2720 1856 ) (-3872 2720 3008 ) (-3872 3072 3008 ) (-3872 3072 1856 ) 
4 70 82 (-4096 2720 1280 ) (-4096 2720 3008 ) (-4096 3072 3008 ) (-4096 3072 1280 ) 
4 70 78 (-4096 2720 1856 ) (-4096 2720 1280 ) (-3872 2720 1280 ) (-3872 2720 1856 ) 
4 70 77 (-4096 2720 3008 ) (-4096 2720 1856 ) (-3872 2720 1856 ) (-3872 2720 3008 ) 
4 70 71 (-3872 2720 1280 ) (-4096 2720 1280 ) (-4096 3072 1280 ) (-3872 3072 1280 ) 
4 71 82 (-4096 2720 64 ) (-4096 2720 1280 ) (-4096 3072 1280 ) (-4096 3072 64 ) 
4 71 79 (-4096 2720 1280 ) (-4096 2720 64 ) (-3712 2720 64 ) (-3712 2720 1280 ) 
4 72 157 (-3072 2048 1856 ) (-3072 2048 3008 ) (-3168 2048 3008 ) (-3168 2048 1856 ) 
4 72 75 (-3168 2720 3008 ) (-3168 2720 1856 ) (-3168 2048 1856 ) (-3168 2048 3008 ) 
4 73 158 (-3072 2048 1312 ) (-3072 2048 1504 ) (-3168 2048 1504 ) (-3168 2048 1312 ) 
4 73 76 (-3168 2336 1312 ) (-3168 2048 1312 ) (-3168 2048 1504 ) (-3168 2336 1504 ) 
4 74 161 (-3072 2048 64 ) (-3072 2048 1280 ) (-3168 2048 1280 ) (-3168 2048 64 ) 
4 74 79 (-3168 2720 1280 ) (-3168 2720 64 ) (-3168 2048 64 ) (-3168 2048 1280 ) 
4 75 162 (-3168 2048 1856 ) (-3168 2048 3008 ) (-3776 2048 3008 ) (-3776 2048 1856 ) 
4 75 77 (-3776 2720 3008 ) (-3776 2720 1856 ) (-3776 2048 1856 ) (-3776 2048 3008 ) 
4 76 163 (-3168 2048 1312 ) (-3168 2048 1824 ) (-3776 2048 1824 ) (-3776 2048 1312 ) 
4 77 162 (-4096 2048 3008 ) (-4096 2048 1856 ) (-3776 2048 1856 ) (-3776 2048 3008 ) 
4 77 82 (-4096 2048 1856 ) (-4096 2048 3008 ) (-4096 2720 3008 ) (-4096 2720 1856 ) 
4 77 78 (-4096 2048 1856 ) (-4096 2720 1856 ) (-3872 2720 1856 ) (-3872 2048 1856 ) 
4 78 169 (-4096 2048 1856 ) (-4096 2048 1280 ) (-3872 2048 1280 ) (-3872 2048 1856 ) 
4 78 82 (-4096 2048 1280 ) (-4096 2048 1856 ) (-4096 2720 1856 ) (-4096 2720 1280 ) 
4 78 79 (-4096 2048 1280 ) (-4096 2720 1280 ) (-3872 2720 1280 ) (-3872 2048 1280 ) 
4 79 167 (-3776 2048 1280 ) (-3872 2048 1280 ) (-3872 2048 64 ) (-3776 2048 64 ) 
4 79 169 (-3872 2048 1280 ) (-4096 2048 1280 ) (-4096 2048 64 ) (-3872 2048 64 ) 
4 79 164 (-3168 2048 64 ) (-3168 2048 1280 ) (-3776 2048 1280 ) (-3776 2048 64 ) 
4 79 82 (-4096 2048 64 ) (-4096 2048 1280 ) (-4096 2720 1280 ) (-4096 2720 64 ) 
4 80 81 (-4096 4096 64 ) (-4096 4096 3008 ) (-5120 4096 3008 ) (-5120 4096 64 ) 
4 81 82 (-4096 3072 64 ) (-4096 3072 3008 ) (-5120 3072 3008 ) (-5120 3072 64 ) 
4 82 219 (-4096 2048 64 ) (-4096 2048 3008 ) (-5120 2048 3008 ) (-5120 2048 64 ) 
4 83 93 (2048 1024 64 ) (2048 1024 3008 ) (1024 1024 3008 ) (1024 1024 64 ) 
4 83 84 (1024 2048 3008 ) (1024 2048 64 ) (1024 1024 64 ) (1024 1024 3008 ) 
4 84 95 (1024 1024 64 ) (1024 1024 3008 ) (0 1024 3008 ) (0 1024 64 ) 
4 84 85 (0 1024 64 ) (0 1024 3008 ) (0 2048 3008 ) (0 2048 64 ) 
4 85 104 (0 1024 64 ) (0 1024 1024 ) (-672 1024 1024 ) (-672 1024 64 ) 
4 85 100 (0 1024 1024 ) (0 1024 1312 ) (-672 1024 1312 ) (-672 1024 1024 ) 
4 85 97 (0 1024 1312 ) (0 1024 1600 ) (-672 1024 1600 ) (-672 1024 1312 ) 
4 85 96 (0 1024 1600 ) (0 1024 3008 ) (-672 1024 3008 ) (-672 1024 1600 ) 
4 85 88 (-672 1024 64 ) (-672 1024 992 ) (-672 2048 992 ) (-672 2048 64 ) 
4 85 87 (-672 1024 1024 ) (-672 1024 1216 ) (-672 1280 1216 ) (-672 1280 1024 ) 
4 85 86 (-672 1024 1600 ) (-672 1024 3008 ) (-672 2048 3008 ) (-672 2048 1600 ) 
4 86 96 (-672 1024 1600 ) (-672 1024 3008 ) (-704 1024 3008 ) (-704 1024 1600 ) 
4 86 89 (-704 2048 3008 ) (-704 2048 1600 ) (-704 1024 1600 ) (-704 1024 3008 ) 
4 87 101 (-672 1024 1024 ) (-672 1024 1216 ) (-704 1024 1216 ) (-704 1024 1024 ) 
4 87 91 (-704 1280 1024 ) (-704 1024 1024 ) (-704 1024 1184 ) (-704 1280 1184 ) 
4 87 90 (-704 1024 1184 ) (-704 1024 1216 ) (-704 1280 1216 ) (-704 1280 1184 ) 
4 88 105 (-672 1024 64 ) (-672 1024 992 ) (-704 1024 992 ) (-704 1024 64 ) 
4 88 92 (-704 2048 992 ) (-704 2048 64 ) (-704 1024 64 ) (-704 1024 992 ) 
4 89 123 (-1024 2048 3008 ) (-1024 2048 1600 ) (-1024 1024 1600 ) (-1024 1024 3008 ) 
4 89 96 (-704 1024 1600 ) (-704 1024 3008 ) (-1024 1024 3008 ) (-1024 1024 1600 ) 
4 90 131 (-1024 2048 1280 ) (-1024 2048 1184 ) (-1024 1888 1184 ) (-1024 1888 1280 ) 
4 90 132 (-1024 1888 1184 ) (-1024 1024 1184 ) (-1024 1024 1280 ) (-1024 1888 1280 ) 
4 90 127 (-1024 1472 1280 ) (-1024 1024 1280 ) (-1024 1024 1312 ) (-1024 1472 1312 ) 
4 90 125 (-1024 2048 1312 ) (-1024 2048 1280 ) (-1024 1888 1280 ) (-1024 1888 1312 ) 
4 90 126 (-1024 1888 1280 ) (-1024 1472 1280 ) (-1024 1472 1312 ) (-1024 1888 1312 ) 
4 90 124 (-1024 2048 1568 ) (-1024 2048 1312 ) (-1024 1024 1312 ) (-1024 1024 1568 ) 
4 90 102 (-704 1024 1184 ) (-704 1024 1312 ) (-1024 1024 1312 ) (-1024 1024 1184 ) 
4 90 99 (-704 1024 1312 ) (-704 1024 1568 ) (-1024 1024 1568 ) (-1024 1024 1312 ) 
4 90 91 (-1024 1024 1184 ) (-1024 1632 1184 ) (-704 1632 1184 ) (-704 1024 1184 ) 
4 91 132 (-1024 1376 1024 ) (-1024 1024 1024 ) (-1024 1024 1184 ) (-1024 1632 1184 ) 
4 91 102 (-704 1024 1024 ) (-704 1024 1184 ) (-1024 1024 1184 ) (-1024 1024 1024 ) 
4 92 134 (-1024 2048 992 ) (-1024 2048 64 ) (-1024 1024 64 ) (-1024 1024 992 ) 
4 92 105 (-704 1024 64 ) (-704 1024 992 ) (-1024 1024 992 ) (-1024 1024 64 ) 
4 93 95 (1024 1024 3008 ) (1024 1024 64 ) (1024 0 64 ) (1024 0 3008 ) 
4 93 94 (2048 0 64 ) (2048 0 3008 ) (1024 0 3008 ) (1024 0 64 ) 
4 94 120 (2048 -1024 64 ) (2048 -1024 3008 ) (1024 -1024 3008 ) (1024 -1024 64 ) 
4 94 111 (1024 -1024 64 ) (1024 -1024 3008 ) (1024 0 3008 ) (1024 0 64 ) 
4 95 111 (1024 0 64 ) (1024 0 3008 ) (0 0 3008 ) (0 0 64 ) 
4 95 110 (0 672 64 ) (0 0 64 ) (0 0 992 ) (0 672 992 ) 
4 95 109 (0 0 992 ) (0 0 1024 ) (0 672 1024 ) (0 672 992 ) 
4 95 107 (0 0 1024 ) (0 0 1312 ) (0 672 1312 ) (0 672 1024 ) 
4 95 106 (0 0 1312 ) (0 0 3008 ) (0 672 3008 ) (0 672 1312 ) 
4 95 104 (0 1024 1024 ) (0 1024 64 ) (0 672 64 ) (0 672 1024 ) 
4 95 100 (0 1024 1312 ) (0 1024 1024 ) (0 672 1024 ) (0 672 1312 ) 
4 95 97 (0 1024 1600 ) (0 1024 1312 ) (0 672 1312 ) (0 672 1600 ) 
4 95 96 (0 1024 3008 ) (0 1024 1600 ) (0 672 1600 ) (0 672 3008 ) 
4 96 170 (-1024 672 1600 ) (-1024 672 3008 ) (-1024 1024 3008 ) (-1024 1024 1600 ) 
4 96 106 (0 672 1600 ) (0 672 3008 ) (-1024 672 3008 ) (-1024 672 1600 ) 
4 96 98 (-672 672 1600 ) (-704 672 1600 ) (-704 1024 1600 ) (-672 1024 1600 ) 
4 96 97 (0 672 1600 ) (-672 672 1600 ) (-672 1024 1600 ) (0 1024 1600 ) 
4 97 106 (0 672 1312 ) (0 672 1600 ) (-672 672 1600 ) (-672 672 1312 ) 
4 97 100 (0 672 1312 ) (-672 672 1312 ) (-672 1024 1312 ) (0 1024 1312 ) 
4 97 98 (-672 704 1312 ) (-672 672 1312 ) (-672 672 1600 ) (-672 1024 1600 ) 
4 98 106 (-672 672 1600 ) (-704 672 1600 ) (-704 672 1312 ) (-672 672 1312 ) 
3 99 171 (-1024 1024 1600 ) (-1024 1024 1312 ) (-1024 704 1312 ) 
4 99 102 (-1024 704 1312 ) (-1024 1024 1312 ) (-704 1024 1312 ) (-704 704 1312 ) 
4 100 107 (0 672 1024 ) (0 672 1312 ) (-672 672 1312 ) (-672 672 1024 ) 
4 100 104 (0 672 1024 ) (-672 672 1024 ) (-672 1024 1024 ) (0 1024 1024 ) 
4 100 101 (-672 1024 1024 ) (-672 928 1024 ) (-672 928 1216 ) (-672 1024 1216 ) 
4 101 102 (-704 1024 1024 ) (-704 928 1024 ) (-704 928 1216 ) (-704 1024 1216 ) 
4 102 179 (-1024 1024 1280 ) (-1024 1024 1024 ) (-1024 704 1024 ) (-1024 704 1280 ) 
4 102 177 (-1024 704 1312 ) (-1024 1024 1312 ) (-1024 1024 1280 ) (-1024 704 1280 ) 
4 102 103 (-1024 704 1024 ) (-960 704 1024 ) (-960 704 1184 ) (-1024 704 1184 ) 
4 103 180 (-1024 672 1024 ) (-1024 672 1184 ) (-1024 704 1184 ) (-1024 704 1024 ) 
4 103 108 (-1024 672 1184 ) (-1024 672 1024 ) (-960 672 1024 ) (-960 672 1184 ) 
4 104 110 (0 672 64 ) (0 672 992 ) (-672 672 992 ) (-672 672 64 ) 
4 104 109 (0 672 992 ) (0 672 1024 ) (-672 672 1024 ) (-672 672 992 ) 
4 104 105 (-672 1024 64 ) (-672 672 64 ) (-672 672 992 ) (-672 1024 992 ) 
4 105 181 (-1024 672 64 ) (-1024 672 992 ) (-1024 1024 992 ) (-1024 1024 64 ) 
4 105 110 (-1024 672 992 ) (-1024 672 64 ) (-672 672 64 ) (-672 672 992 ) 
4 106 175 (-1024 0 1312 ) (-1024 0 1600 ) (-1024 672 1600 ) (-1024 672 1312 ) 
4 106 170 (-1024 0 1600 ) (-1024 0 3008 ) (-1024 672 3008 ) (-1024 672 1600 ) 
4 106 112 (0 0 1312 ) (0 0 3008 ) (-1024 0 3008 ) (-1024 0 1312 ) 
4 106 107 (-864 672 1312 ) (0 672 1312 ) (0 0 1312 ) (-864 0 1312 ) 
4 107 113 (0 0 1024 ) (0 0 1312 ) (-864 0 1312 ) (-864 0 1024 ) 
4 107 109 (0 0 1024 ) (-864 0 1024 ) (-864 672 1024 ) (0 672 1024 ) 
4 108 182 (-1024 0 1024 ) (-1024 0 1280 ) (-1024 672 1280 ) (-1024 672 1024 ) 
4 108 116 (-1024 0 1280 ) (-1024 0 1024 ) (-896 0 1024 ) (-896 0 1280 ) 
4 109 117 (0 0 992 ) (0 0 1024 ) (-864 0 1024 ) (-864 0 992 ) 
4 109 110 (-864 672 992 ) (0 672 992 ) (0 0 992 ) (-864 0 992 ) 
4 110 185 (-1024 0 64 ) (-1024 0 992 ) (-1024 672 992 ) (-1024 672 64 ) 
4 110 119 (0 0 64 ) (0 0 992 ) (-1024 0 992 ) (-1024 0 64 ) 
4 111 121 (1024 -1024 64 ) (1024 -1024 3008 ) (0 -1024 3008 ) (0 -1024 64 ) 
4 111 119 (0 0 992 ) (0 0 64 ) (0 -1024 64 ) (0 -1024 992 ) 
4 111 117 (0 0 1024 ) (0 0 992 ) (0 -1024 992 ) (0 -1024 1024 ) 
4 111 113 (0 0 1312 ) (0 0 1024 ) (0 -1024 1024 ) (0 -1024 1312 ) 
4 111 112 (0 0 3008 ) (0 0 1312 ) (0 -1024 1312 ) (0 -1024 3008 ) 
4 112 188 (-1024 -1024 1312 ) (-1024 -1024 1600 ) (-1024 0 1600 ) (-1024 0 1312 ) 
4 112 187 (-1024 -1024 1600 ) (-1024 -1024 3008 ) (-1024 0 3008 ) (-1024 0 1600 ) 
4 112 122 (0 -1024 1312 ) (0 -1024 3008 ) (-1024 -1024 3008 ) (-1024 -1024 1312 ) 
4 112 115 (-896 -1024 1312 ) (-1024 -1024 1312 ) (-1024 -64 1312 ) (-896 -64 1312 ) 
4 112 114 (-864 -1024 1312 ) (-896 -1024 1312 ) (-896 -64 1312 ) (-864 -64 1312 ) 
4 112 113 (0 0 1312 ) (0 -1024 1312 ) (-864 -1024 1312 ) (-864 0 1312 ) 
4 113 122 (0 -1024 1024 ) (0 -1024 1312 ) (-864 -1024 1312 ) (-864 -1024 1024 ) 
4 113 117 (0 -1024 1024 ) (-864 -1024 1024 ) (-864 0 1024 ) (0 0 1024 ) 
4 113 114 (-864 -64 1024 ) (-864 -1024 1024 ) (-864 -1024 1312 ) (-864 -64 1312 ) 
4 114 122 (-864 -1024 1312 ) (-896 -1024 1312 ) (-896 -1024 1024 ) (-864 -1024 1024 ) 
4 114 118 (-864 -1024 1024 ) (-896 -1024 1024 ) (-896 -64 1024 ) (-864 -64 1024 ) 
4 114 115 (-896 -1024 1280 ) (-896 -1024 1312 ) (-896 -64 1312 ) (-896 -64 1280 ) 
4 114 116 (-896 -64 1024 ) (-896 -1024 1024 ) (-896 -1024 1280 ) (-896 -64 1280 ) 
4 115 198 (-1024 -1024 1280 ) (-1024 -1024 1312 ) (-1024 -64 1312 ) (-1024 -64 1280 ) 
4 115 122 (-896 -1024 1312 ) (-1024 -1024 1312 ) (-1024 -1024 1280 ) (-896 -1024 1280 ) 
4 115 116 (-1024 -1024 1280 ) (-1024 -64 1280 ) (-896 -64 1280 ) (-896 -1024 1280 ) 
4 116 198 (-1024 -1024 1024 ) (-1024 -1024 1280 ) (-1024 -64 1280 ) (-1024 -64 1024 ) 
4 116 193 (-1024 -64 1280 ) (-1024 0 1280 ) (-1024 0 1024 ) (-1024 -64 1024 ) 
4 116 122 (-1024 -1024 1280 ) (-1024 -1024 1024 ) (-896 -1024 1024 ) (-896 -1024 1280 ) 
4 116 118 (-896 -1024 1024 ) (-1024 -1024 1024 ) (-1024 -64 1024 ) (-896 -64 1024 ) 
4 117 122 (0 -1024 992 ) (0 -1024 1024 ) (-864 -1024 1024 ) (-864 -1024 992 ) 
4 117 119 (0 0 992 ) (0 -1024 992 ) (-864 -1024 992 ) (-864 0 992 ) 
4 117 118 (-864 -64 992 ) (-864 -1024 992 ) (-864 -1024 1024 ) (-864 -64 1024 ) 
4 118 198 (-1024 -1024 992 ) (-1024 -1024 1024 ) (-1024 -64 1024 ) (-1024 -64 992 ) 
4 118 122 (-864 -1024 1024 ) (-1024 -1024 1024 ) (-1024 -1024 992 ) (-864 -1024 992 ) 
4 118 119 (-864 -1024 992 ) (-1024 -1024 992 ) (-1024 -64 992 ) (-864 -64 992 ) 
4 119 198 (-1024 -1024 64 ) (-1024 -1024 992 ) (-1024 -64 992 ) (-1024 -64 64 ) 
4 119 196 (-1024 -64 992 ) (-1024 0 992 ) (-1024 0 64 ) (-1024 -64 64 ) 
4 119 122 (0 -1024 64 ) (0 -1024 992 ) (-1024 -1024 992 ) (-1024 -1024 64 ) 
4 120 121 (1024 -1024 3008 ) (1024 -1024 64 ) (1024 -2048 64 ) (1024 -2048 3008 ) 
4 121 122 (0 -2048 64 ) (0 -2048 3008 ) (0 -1024 3008 ) (0 -1024 64 ) 
4 122 222 (-1024 -2048 64 ) (-1024 -2048 3008 ) (-1024 -1024 3008 ) (-1024 -1024 64 ) 
4 123 170 (-1024 1024 1600 ) (-1024 1024 3008 ) (-2048 1024 3008 ) (-2048 1024 1600 ) 
4 123 135 (-2048 2048 3008 ) (-2048 2048 1600 ) (-2048 1024 1600 ) (-2048 1024 3008 ) 
4 124 174 (-1856 1024 1568 ) (-2048 1024 1568 ) (-2048 1024 1312 ) (-1856 1024 1312 ) 
4 124 172 (-1472 1024 1568 ) (-1856 1024 1568 ) (-1856 1024 1312 ) (-1472 1024 1312 ) 
4 124 171 (-1024 1024 1312 ) (-1024 1024 1568 ) (-1472 1024 1568 ) (-1472 1024 1312 ) 
4 124 136 (-2048 2048 1568 ) (-2048 2048 1312 ) (-2048 1024 1312 ) (-2048 1024 1568 ) 
4 124 129 (-1856 1088 1312 ) (-1856 1472 1312 ) (-1792 1408 1312 ) (-1792 1152 1312 ) 
4 124 130 (-1856 1024 1312 ) (-2048 1024 1312 ) (-2048 1472 1312 ) (-1856 1472 1312 ) 
4 124 128 (-1536 1152 1312 ) (-1536 1408 1312 ) (-1472 1472 1312 ) (-1472 1088 1312 ) 
4 124 127 (-1024 1024 1312 ) (-1472 1024 1312 ) (-1472 1472 1312 ) (-1024 1472 1312 ) 
4 124 125 (-1280 2048 1312 ) (-1024 2048 1312 ) (-1024 1888 1312 ) (-1280 1888 1312 ) 
4 124 126 (-1024 1888 1312 ) (-1024 1472 1312 ) (-1280 1472 1312 ) (-1280 1888 1312 ) 
4 125 131 (-1216 2048 1280 ) (-1024 2048 1280 ) (-1024 1888 1280 ) (-1216 1888 1280 ) 
4 125 126 (-1280 1888 1312 ) (-1216 1888 1280 ) (-1024 1888 1280 ) (-1024 1888 1312 ) 
4 126 132 (-1024 1888 1280 ) (-1024 1472 1280 ) (-1280 1472 1280 ) (-1280 1888 1280 ) 
4 126 127 (-1280 1472 1280 ) (-1024 1472 1280 ) (-1024 1472 1312 ) (-1280 1472 1312 ) 
4 127 177 (-1024 1024 1280 ) (-1024 1024 1312 ) (-1472 1024 1312 ) (-1472 1024 1280 ) 
4 127 133 (-1472 1472 1280 ) (-1280 1472 1280 ) (-1280 1024 1280 ) (-1472 1024 1280 ) 
4 127 132 (-1280 1472 1280 ) (-1024 1472 1280 ) (-1024 1024 1280 ) (-1280 1024 1280 ) 
4 127 128 (-1472 1472 1312 ) (-1472 1472 1280 ) (-1472 1088 1280 ) (-1472 1088 1312 ) 
4 128 133 (-1472 1472 1280 ) (-1472 1088 1280 ) (-1536 1152 1280 ) (-1536 1408 1280 ) 
4 129 133 (-1856 1472 1280 ) (-1792 1408 1280 ) (-1792 1152 1280 ) (-1856 1088 1280 ) 
4 129 130 (-1856 1472 1312 ) (-1856 1472 1280 ) (-1856 1088 1280 ) (-1856 1088 1312 ) 
4 130 178 (-1856 1024 1312 ) (-2048 1024 1312 ) (-2048 1024 1280 ) (-1856 1024 1280 ) 
4 130 137 (-2048 1472 1280 ) (-2048 1024 1280 ) (-2048 1024 1312 ) (-2048 1472 1312 ) 
4 130 133 (-2048 1024 1280 ) (-2048 1472 1280 ) (-1856 1472 1280 ) (-1856 1024 1280 ) 
3 131 132 (-1024 1888 1184 ) (-1024 1888 1280 ) (-1216 1888 1280 ) 
4 132 179 (-1024 1024 1024 ) (-1024 1024 1280 ) (-1280 1024 1280 ) (-1280 1024 1024 ) 
4 132 133 (-1280 1472 1024 ) (-1280 1024 1024 ) (-1280 1024 1280 ) (-1280 1472 1280 ) 
4 133 179 (-1280 1024 1280 ) (-2048 1024 1280 ) (-2048 1024 1024 ) (-1280 1024 1024 ) 
4 133 137 (-2048 1472 1024 ) (-2048 1024 1024 ) (-2048 1024 1280 ) (-2048 1472 1280 ) 
4 134 181 (-1024 1024 64 ) (-1024 1024 992 ) (-2048 1024 992 ) (-2048 1024 64 ) 
4 134 138 (-2048 2048 992 ) (-2048 2048 64 ) (-2048 1024 64 ) (-2048 1024 992 ) 
4 135 199 (-2048 1024 1600 ) (-2048 1024 3008 ) (-2080 1024 3008 ) (-2080 1024 1600 ) 
4 135 141 (-2080 1024 1600 ) (-2080 1024 1856 ) (-2080 1472 1856 ) (-2080 1472 1600 ) 
4 135 139 (-2080 1024 1856 ) (-2080 1024 3008 ) (-2080 2048 3008 ) (-2080 2048 1856 ) 
4 136 200 (-2048 1024 1312 ) (-2048 1024 1568 ) (-2080 1024 1568 ) (-2080 1024 1312 ) 
4 136 140 (-2080 1984 1504 ) (-2080 1984 1312 ) (-2080 1664 1312 ) (-2080 1664 1504 ) 
4 136 137 (-2048 1024 1312 ) (-2080 1024 1312 ) (-2080 1472 1312 ) (-2048 1472 1312 ) 
4 137 201 (-2048 1024 1024 ) (-2048 1024 1312 ) (-2080 1024 1312 ) (-2080 1024 1024 ) 
4 137 142 (-2080 1024 1024 ) (-2080 1024 1216 ) (-2080 1280 1216 ) (-2080 1280 1024 ) 
4 138 206 (-2048 1024 64 ) (-2048 1024 992 ) (-2080 1024 992 ) (-2080 1024 64 ) 
4 138 143 (-2080 1024 64 ) (-2080 1024 992 ) (-2080 2048 992 ) (-2080 2048 64 ) 
4 139 202 (-2080 1024 1856 ) (-2080 1024 3008 ) (-2112 1024 3008 ) (-2112 1024 1856 ) 
4 139 144 (-2112 2048 3008 ) (-2112 2048 1856 ) (-2112 1024 1856 ) (-2112 1024 3008 ) 
4 139 141 (-2112 1024 1856 ) (-2112 1472 1856 ) (-2080 1472 1856 ) (-2080 1024 1856 ) 
4 140 146 (-2112 1984 1312 ) (-2112 1664 1312 ) (-2112 1664 1504 ) (-2112 1984 1504 ) 
4 141 202 (-2080 1024 1600 ) (-2080 1024 1856 ) (-2112 1024 1856 ) (-2112 1024 1600 ) 
4 141 148 (-2112 1024 1600 ) (-2112 1024 1856 ) (-2112 1472 1856 ) (-2112 1472 1600 ) 
4 142 203 (-2080 1024 1024 ) (-2080 1024 1216 ) (-2112 1024 1216 ) (-2112 1024 1024 ) 
4 142 156 (-2112 1280 1024 ) (-2112 1024 1024 ) (-2112 1024 1216 ) (-2112 1280 1216 ) 
4 143 206 (-2080 1024 64 ) (-2080 1024 992 ) (-2112 1024 992 ) (-2112 1024 64 ) 
4 143 156 (-2112 2048 992 ) (-2112 2048 64 ) (-2112 1024 64 ) (-2112 1024 992 ) 
4 144 204 (-2112 1024 1856 ) (-2112 1024 3008 ) (-3072 1024 3008 ) (-3072 1024 1856 ) 
4 144 157 (-3072 1024 1856 ) (-3072 1024 3008 ) (-3072 2048 3008 ) (-3072 2048 1856 ) 
4 144 154 (-3072 1024 1856 ) (-3072 1504 1856 ) (-3040 1504 1856 ) (-3040 1024 1856 ) 
4 144 152 (-2944 1504 1856 ) (-2944 1024 1856 ) (-3040 1024 1856 ) (-3040 1504 1856 ) 
4 144 150 (-2624 1472 1856 ) (-2624 1024 1856 ) (-2944 1024 1856 ) (-2944 1472 1856 ) 
4 144 148 (-2112 1504 1856 ) (-2112 1024 1856 ) (-2624 1024 1856 ) (-2624 1504 1856 ) 
4 145 149 (-2624 2016 1312 ) (-2624 2016 1824 ) (-2624 2048 1824 ) (-2624 2048 1312 ) 
4 145 146 (-2624 2016 1824 ) (-2624 2016 1312 ) (-2528 2016 1312 ) (-2528 2016 1824 ) 
4 146 149 (-2624 1632 1312 ) (-2624 1632 1824 ) (-2624 2016 1824 ) (-2624 2016 1312 ) 
4 146 147 (-2624 1632 1824 ) (-2624 1632 1312 ) (-2528 1632 1312 ) (-2528 1632 1824 ) 
4 147 149 (-2624 1504 1312 ) (-2624 1504 1824 ) (-2624 1632 1824 ) (-2624 1632 1312 ) 
4 148 204 (-2112 1024 1280 ) (-2112 1024 1856 ) (-2624 1024 1856 ) (-2624 1024 1280 ) 
4 148 156 (-2112 1504 1280 ) (-2112 1024 1280 ) (-2624 1024 1280 ) (-2624 1504 1280 ) 
4 148 150 (-2624 1472 1280 ) (-2624 1024 1280 ) (-2624 1024 1856 ) (-2624 1472 1856 ) 
4 149 151 (-2944 1504 1312 ) (-2944 1504 1824 ) (-2944 2048 1824 ) (-2944 2048 1312 ) 
4 150 204 (-2624 1024 1856 ) (-2944 1024 1856 ) (-2944 1024 1280 ) (-2624 1024 1280 ) 
4 150 156 (-2624 1472 1280 ) (-2624 1024 1280 ) (-2944 1024 1280 ) (-2944 1472 1280 ) 
4 150 152 (-2944 1472 1280 ) (-2944 1024 1280 ) (-2944 1024 1856 ) (-2944 1472 1856 ) 
4 151 153 (-3040 2048 1504 ) (-3040 2048 1312 ) (-3040 2016 1312 ) (-3040 2016 1504 ) 
4 152 204 (-2944 1024 1856 ) (-3040 1024 1856 ) (-3040 1024 1280 ) (-2944 1024 1280 ) 
4 152 156 (-2944 1504 1280 ) (-2944 1024 1280 ) (-3040 1024 1280 ) (-3040 1504 1280 ) 
4 152 155 (-3040 1504 1280 ) (-3040 1024 1280 ) (-3040 1024 1312 ) (-3040 1504 1312 ) 
4 152 154 (-3040 1024 1312 ) (-3040 1024 1856 ) (-3040 1504 1856 ) (-3040 1504 1312 ) 
4 153 158 (-3072 2048 1504 ) (-3072 2048 1312 ) (-3072 2016 1312 ) (-3072 2016 1504 ) 
4 154 204 (-3040 1024 1856 ) (-3072 1024 1856 ) (-3072 1024 1312 ) (-3040 1024 1312 ) 
4 154 159 (-3072 1024 1312 ) (-3072 1024 1856 ) (-3072 1504 1856 ) (-3072 1504 1312 ) 
4 154 155 (-3040 1504 1312 ) (-3040 1024 1312 ) (-3072 1024 1312 ) (-3072 1504 1312 ) 
4 155 204 (-3072 1024 1312 ) (-3072 1024 1280 ) (-3040 1024 1280 ) (-3040 1024 1312 ) 
4 155 160 (-3072 1024 1280 ) (-3072 1024 1312 ) (-3072 1504 1312 ) (-3072 1504 1280 ) 
4 155 156 (-3040 1504 1280 ) (-3040 1024 1280 ) (-3072 1024 1280 ) (-3072 1504 1280 ) 
4 156 206 (-2112 1024 64 ) (-2112 1024 992 ) (-3072 1024 992 ) (-3072 1024 64 ) 
4 156 205 (-2112 1024 992 ) (-2112 1024 1024 ) (-3072 1024 1024 ) (-3072 1024 992 ) 
4 156 204 (-2112 1024 1024 ) (-2112 1024 1280 ) (-3072 1024 1280 ) (-3072 1024 1024 ) 
4 156 161 (-3072 1024 64 ) (-3072 1024 1280 ) (-3072 2048 1280 ) (-3072 2048 64 ) 
4 157 211 (-3072 1024 1856 ) (-3072 1024 3008 ) (-3168 1024 3008 ) (-3168 1024 1856 ) 
4 157 162 (-3168 2048 3008 ) (-3168 2048 1856 ) (-3168 1024 1856 ) (-3168 1024 3008 ) 
4 157 159 (-3168 1024 1856 ) (-3168 1504 1856 ) (-3072 1504 1856 ) (-3072 1024 1856 ) 
4 158 163 (-3168 2048 1504 ) (-3168 2048 1312 ) (-3168 2016 1312 ) (-3168 2016 1504 ) 
4 159 211 (-3072 1024 1312 ) (-3072 1024 1856 ) (-3168 1024 1856 ) (-3168 1024 1312 ) 
4 159 165 (-3168 1024 1312 ) (-3168 1024 1856 ) (-3168 1504 1856 ) (-3168 1504 1312 ) 
4 159 160 (-3168 1024 1312 ) (-3168 1504 1312 ) (-3072 1504 1312 ) (-3072 1024 1312 ) 
4 160 211 (-3072 1024 1280 ) (-3072 1024 1312 ) (-3168 1024 1312 ) (-3168 1024 1280 ) 
4 160 165 (-3168 1504 1280 ) (-3168 1024 1280 ) (-3168 1024 1312 ) (-3168 1504 1312 ) 
4 160 161 (-3072 1024 1280 ) (-3168 1024 1280 ) (-3168 1504 1280 ) (-3072 1504 1280 ) 
4 161 211 (-3072 1024 64 ) (-3072 1024 1280 ) (-3168 1024 1280 ) (-3168 1024 64 ) 
4 161 166 (-3168 1984 64 ) (-3168 1024 64 ) (-3168 1024 1280 ) (-3168 1984 1280 ) 
4 161 164 (-3168 2048 1280 ) (-3168 2048 64 ) (-3168 1984 64 ) (-3168 1984 1280 ) 
4 162 219 (-4096 2048 3008 ) (-4096 2048 1856 ) (-4096 1024 1856 ) (-4096 1024 3008 ) 
4 162 211 (-3168 1024 1856 ) (-3168 1024 3008 ) (-4096 1024 3008 ) (-4096 1024 1856 ) 
4 162 168 (-3776 1888 1856 ) (-3776 1024 1856 ) (-3872 1024 1856 ) (-3872 1888 1856 ) 
4 162 169 (-4096 2048 1856 ) (-3872 2048 1856 ) (-3872 1024 1856 ) (-4096 1024 1856 ) 
4 162 165 (-3168 1888 1856 ) (-3168 1024 1856 ) (-3776 1024 1856 ) (-3776 1888 1856 ) 
4 164 167 (-3776 2048 1280 ) (-3776 2048 64 ) (-3776 1984 64 ) (-3776 1984 1280 ) 
4 164 166 (-3776 1984 1280 ) (-3776 1984 64 ) (-3168 1984 64 ) (-3168 1984 1280 ) 
4 165 211 (-3168 1024 1280 ) (-3168 1024 1856 ) (-3776 1024 1856 ) (-3776 1024 1280 ) 
4 165 168 (-3776 1024 1856 ) (-3776 1888 1856 ) (-3776 1888 1280 ) (-3776 1024 1280 ) 
4 165 166 (-3776 1024 1280 ) (-3776 1888 1280 ) (-3168 1888 1280 ) (-3168 1024 1280 ) 
4 166 211 (-3168 1024 64 ) (-3168 1024 1280 ) (-3776 1024 1280 ) (-3776 1024 64 ) 
4 166 167 (-3776 1984 1280 ) (-3776 1984 64 ) (-3776 1888 64 ) (-3776 1888 1280 ) 
4 166 168 (-3776 1888 64 ) (-3776 1024 64 ) (-3776 1024 1280 ) (-3776 1888 1280 ) 
4 167 168 (-3872 1888 1280 ) (-3872 1888 64 ) (-3776 1888 64 ) (-3776 1888 1280 ) 
4 167 169 (-3872 2048 64 ) (-3872 1888 64 ) (-3872 1888 1280 ) (-3872 2048 1280 ) 
4 168 211 (-3776 1024 64 ) (-3776 1024 1856 ) (-3872 1024 1856 ) (-3872 1024 64 ) 
4 168 169 (-3872 1888 64 ) (-3872 1024 64 ) (-3872 1024 1856 ) (-3872 1888 1856 ) 
4 169 219 (-4096 2048 1856 ) (-4096 2048 64 ) (-4096 1024 64 ) (-4096 1024 1856 ) 
4 169 211 (-3872 1024 1856 ) (-4096 1024 1856 ) (-4096 1024 64 ) (-3872 1024 64 ) 
4 170 207 (-2048 672 1600 ) (-2048 0 1600 ) (-2048 0 3008 ) (-2048 672 3008 ) 
4 170 199 (-2048 1024 3008 ) (-2048 1024 1600 ) (-2048 672 1600 ) (-2048 672 3008 ) 
4 170 187 (-1024 0 1600 ) (-1024 0 3008 ) (-2048 0 3008 ) (-2048 0 1600 ) 
4 170 175 (-1024 0 1600 ) (-1280 0 1600 ) (-1280 672 1600 ) (-1024 672 1600 ) 
4 171 177 (-1472 1024 1312 ) (-1024 1024 1312 ) (-1024 704 1312 ) (-1472 704 1312 ) 
4 171 172 (-1472 1024 1312 ) (-1472 704 1312 ) (-1472 988.444458 1568 ) (-1472 1024 1568 ) 
4 172 174 (-1856 1024 1312 ) (-1856 704 1312 ) (-1856 988.444458 1568 ) (-1856 1024 1568 ) 
4 172 173 (-1824 704 1312 ) (-1504 704 1312 ) (-1504 704 1536 ) (-1824 704 1536 ) 
4 173 176 (-1824 672 1312 ) (-1504 672 1312 ) (-1504 672 1536 ) (-1824 672 1536 ) 
3 174 200 (-2048 1024 1600 ) (-2048 1024 1312 ) (-2048 704 1312 ) 
4 174 178 (-2048 704 1312 ) (-2048 1024 1312 ) (-1856 1024 1312 ) (-1856 704 1312 ) 
4 175 188 (-1024 0 1312 ) (-1024 0 1600 ) (-1280 0 1600 ) (-1280 0 1312 ) 
4 175 183 (-1280 672 1312 ) (-1248 672 1312 ) (-1248 0 1312 ) (-1280 0 1312 ) 
4 176 190 (-1856 0 1568 ) (-1856 0 1312 ) (-1472 0 1312 ) (-1472 0 1568 ) 
4 177 179 (-1472 704 1280 ) (-1472 1024 1280 ) (-1024 1024 1280 ) (-1024 704 1280 ) 
4 178 201 (-2048 1024 1312 ) (-2048 1024 1280 ) (-2048 704 1280 ) (-2048 704 1312 ) 
4 178 179 (-2048 704 1280 ) (-2048 1024 1280 ) (-1856 1024 1280 ) (-1856 704 1280 ) 
4 179 201 (-2048 1024 1280 ) (-2048 1024 1024 ) (-2048 704 1024 ) (-2048 704 1280 ) 
4 179 180 (-1152 704 1024 ) (-1024 704 1024 ) (-1024 704 1184 ) (-1152 704 1184 ) 
4 180 182 (-1024 672 1024 ) (-1024 672 1184 ) (-1152 672 1184 ) (-1152 672 1024 ) 
4 181 206 (-2048 1024 992 ) (-2048 1024 64 ) (-2048 672 64 ) (-2048 672 992 ) 
4 181 185 (-1024 672 64 ) (-1024 672 992 ) (-1248 672 992 ) (-1248 672 64 ) 
4 181 186 (-1248 672 992 ) (-2048 672 992 ) (-2048 672 64 ) (-1248 672 64 ) 
4 182 193 (-1024 0 1024 ) (-1024 0 1280 ) (-1216 0 1280 ) (-1216 0 1024 ) 
4 183 194 (-1248 0 1312 ) (-1280 0 1312 ) (-1280 0 1024 ) (-1248 0 1024 ) 
4 183 186 (-1280 672 1024 ) (-1248 672 1024 ) (-1248 0 1024 ) (-1280 0 1024 ) 
4 183 184 (-1280 672 1280 ) (-1280 672 1024 ) (-1280 0 1024 ) (-1280 0 1280 ) 
4 184 210 (-2048 0 1024 ) (-2048 0 1280 ) (-2048 672 1280 ) (-2048 672 1024 ) 
4 184 195 (-2048 0 1280 ) (-2048 0 1024 ) (-1280 0 1024 ) (-1280 0 1280 ) 
4 184 186 (-2048 0 1024 ) (-2048 672 1024 ) (-1280 672 1024 ) (-1280 0 1024 ) 
4 185 196 (-1024 0 64 ) (-1024 0 992 ) (-1248 0 992 ) (-1248 0 64 ) 
4 185 186 (-1248 672 64 ) (-1248 0 64 ) (-1248 0 992 ) (-1248 672 992 ) 
4 186 210 (-2048 0 64 ) (-2048 0 1024 ) (-2048 672 1024 ) (-2048 672 64 ) 
4 186 197 (-1248 0 1024 ) (-2048 0 1024 ) (-2048 0 64 ) (-1248 0 64 ) 
4 187 222 (-1024 -1024 1600 ) (-1024 -1024 3008 ) (-2048 -1024 3008 ) (-2048 -1024 1600 ) 
4 187 212 (-2048 -64 3008 ) (-2048 0 3008 ) (-2048 0 1600 ) (-2048 -64 1600 ) 
4 187 213 (-2048 -1024 1600 ) (-2048 -1024 3008 ) (-2048 -64 3008 ) (-2048 -64 1600 ) 
4 187 192 (-1856 -1024 1600 ) (-2048 -1024 1600 ) (-2048 -64 1600 ) (-1856 -64 1600 ) 
4 187 191 (-1472 -1024 1600 ) (-1856 -1024 1600 ) (-1856 -32 1600 ) (-1472 -32 1600 ) 
4 187 189 (-1280 -1024 1600 ) (-1472 -1024 1600 ) (-1472 -64 1600 ) (-1280 -64 1600 ) 
4 187 188 (-1024 -1024 1600 ) (-1280 -1024 1600 ) (-1280 0 1600 ) (-1024 0 1600 ) 
4 188 222 (-1024 -1024 1312 ) (-1024 -1024 1600 ) (-1280 -1024 1600 ) (-1280 -1024 1312 ) 
4 188 198 (-1024 -64 1312 ) (-1024 -1024 1312 ) (-1280 -1024 1312 ) (-1280 -64 1312 ) 
4 188 194 (-1280 0 1312 ) (-1248 0 1312 ) (-1248 -64 1312 ) (-1280 -64 1312 ) 
4 188 189 (-1280 -64 1312 ) (-1280 -1024 1312 ) (-1280 -1024 1600 ) (-1280 -64 1600 ) 
4 189 222 (-1280 -1024 1600 ) (-1472 -1024 1600 ) (-1472 -1024 1312 ) (-1280 -1024 1312 ) 
4 189 198 (-1280 -64 1312 ) (-1280 -1024 1312 ) (-1472 -1024 1312 ) (-1472 -64 1312 ) 
4 189 191 (-1472 -64 1312 ) (-1472 -1024 1312 ) (-1472 -1024 1600 ) (-1472 -64 1600 ) 
4 190 191 (-1856 -32 1568 ) (-1856 -32 1312 ) (-1472 -32 1312 ) (-1472 -32 1568 ) 
4 191 222 (-1472 -1024 1600 ) (-1856 -1024 1600 ) (-1856 -1024 1312 ) (-1472 -1024 1312 ) 
4 191 198 (-1472 -64 1312 ) (-1472 -1024 1312 ) (-1856 -1024 1312 ) (-1856 -64 1312 ) 
4 191 192 (-1856 -64 1312 ) (-1856 -1024 1312 ) (-1856 -1024 1600 ) (-1856 -64 1600 ) 
4 192 222 (-1856 -1024 1600 ) (-2048 -1024 1600 ) (-2048 -1024 1312 ) (-1856 -1024 1312 ) 
4 192 213 (-2048 -1024 1312 ) (-2048 -1024 1600 ) (-2048 -64 1600 ) (-2048 -64 1312 ) 
4 192 198 (-2048 -1024 1312 ) (-2048 -64 1312 ) (-1856 -64 1312 ) (-1856 -1024 1312 ) 
4 193 198 (-1024 -64 1024 ) (-1024 -64 1280 ) (-1216 -64 1280 ) (-1216 -64 1024 ) 
4 194 198 (-1248 -64 1312 ) (-1280 -64 1312 ) (-1280 -64 1024 ) (-1248 -64 1024 ) 
4 194 197 (-1248 -64 1024 ) (-1280 -64 1024 ) (-1280 0 1024 ) (-1248 0 1024 ) 
4 194 195 (-1280 0 1024 ) (-1280 -64 1024 ) (-1280 -64 1280 ) (-1280 0 1280 ) 
4 195 215 (-2048 -64 1024 ) (-2048 -64 1280 ) (-2048 0 1280 ) (-2048 0 1024 ) 
4 195 198 (-2048 -64 1280 ) (-2048 -64 1024 ) (-1280 -64 1024 ) (-1280 -64 1280 ) 
4 195 197 (-1280 -64 1024 ) (-2048 -64 1024 ) (-2048 0 1024 ) (-1280 0 1024 ) 
4 196 198 (-1024 -64 64 ) (-1024 -64 992 ) (-1248 -64 992 ) (-1248 -64 64 ) 
4 196 197 (-1248 0 64 ) (-1248 -64 64 ) (-1248 -64 992 ) (-1248 0 992 ) 
4 197 215 (-2048 -64 64 ) (-2048 -64 1024 ) (-2048 0 1024 ) (-2048 0 64 ) 
4 197 198 (-1248 -64 1024 ) (-2048 -64 1024 ) (-2048 -64 64 ) (-1248 -64 64 ) 
4 198 222 (-1024 -1024 64 ) (-1024 -1024 1312 ) (-2048 -1024 1312 ) (-2048 -1024 64 ) 
4 198 216 (-2048 -1024 64 ) (-2048 -1024 1312 ) (-2048 -64 1312 ) (-2048 -64 64 ) 
4 199 207 (-2048 672 1600 ) (-2048 672 3008 ) (-2080 672 3008 ) (-2080 672 1600 ) 
4 199 202 (-2080 672 1600 ) (-2080 672 3008 ) (-2080 1024 3008 ) (-2080 1024 1600 ) 
4 200 201 (-2080 704 1312 ) (-2080 1024 1312 ) (-2048 1024 1312 ) (-2048 704 1312 ) 
4 201 203 (-2080 1024 1024 ) (-2080 928 1024 ) (-2080 928 1216 ) (-2080 1024 1216 ) 
4 202 207 (-2112 672 3008 ) (-2112 672 1600 ) (-2080 672 1600 ) (-2080 672 3008 ) 
4 202 204 (-2112 1024 3008 ) (-2112 1024 1600 ) (-2112 672 1600 ) (-2112 672 3008 ) 
4 203 204 (-2112 1024 1216 ) (-2112 1024 1024 ) (-2112 928 1024 ) (-2112 928 1216 ) 
4 204 211 (-3072 1024 3008 ) (-3072 1024 1024 ) (-3072 672 1024 ) (-3072 672 3008 ) 
4 204 210 (-3072 672 1280 ) (-3072 672 1024 ) (-2112 672 1024 ) (-2112 672 1280 ) 
4 204 209 (-3072 672 1312 ) (-3072 672 1280 ) (-2112 672 1280 ) (-2112 672 1312 ) 
4 204 208 (-3072 672 1600 ) (-3072 672 1312 ) (-2112 672 1312 ) (-2112 672 1600 ) 
4 204 207 (-3072 672 3008 ) (-3072 672 1600 ) (-2112 672 1600 ) (-2112 672 3008 ) 
4 204 205 (-2112 672 1024 ) (-3072 672 1024 ) (-3072 1024 1024 ) (-2112 1024 1024 ) 
4 205 211 (-3072 1024 1024 ) (-3072 1024 992 ) (-3072 672 992 ) (-3072 672 1024 ) 
4 205 210 (-2112 672 1024 ) (-3072 672 1024 ) (-3072 672 992 ) (-2112 672 992 ) 
4 205 206 (-2112 672 992 ) (-3072 672 992 ) (-3072 1024 992 ) (-2112 1024 992 ) 
4 206 211 (-3072 1024 992 ) (-3072 1024 64 ) (-3072 672 64 ) (-3072 672 992 ) 
4 206 210 (-2048 672 64 ) (-2048 672 992 ) (-3072 672 992 ) (-3072 672 64 ) 
4 207 212 (-2048 0 1600 ) (-2048 0 3008 ) (-2080 0 3008 ) (-2080 0 1600 ) 
4 207 214 (-2080 0 3008 ) (-3072 0 3008 ) (-3072 0 1600 ) (-2080 0 1600 ) 
4 207 211 (-3072 0 1600 ) (-3072 0 3008 ) (-3072 672 3008 ) (-3072 672 1600 ) 
4 207 208 (-2080 0 1600 ) (-3072 0 1600 ) (-3072 672 1600 ) (-2080 672 1600 ) 
4 208 214 (-2080 0 1600 ) (-3072 0 1600 ) (-3072 0 1312 ) (-2080 0 1312 ) 
4 208 211 (-3072 0 1312 ) (-3072 0 1600 ) (-3072 672 1600 ) (-3072 672 1312 ) 
4 208 209 (-3072 0 1312 ) (-3072 672 1312 ) (-2080 672 1312 ) (-2080 0 1312 ) 
4 209 217 (-2080 0 1312 ) (-3072 0 1312 ) (-3072 0 1280 ) (-2080 0 1280 ) 
4 209 211 (-3072 0 1280 ) (-3072 0 1312 ) (-3072 672 1312 ) (-3072 672 1280 ) 
4 209 210 (-2080 0 1280 ) (-3072 0 1280 ) (-3072 672 1280 ) (-2080 672 1280 ) 
4 210 215 (-2048 0 64 ) (-2048 0 1280 ) (-2080 0 1280 ) (-2080 0 64 ) 
4 210 217 (-2080 0 1280 ) (-3072 0 1280 ) (-3072 0 64 ) (-2080 0 64 ) 
4 210 211 (-3072 0 64 ) (-3072 0 1280 ) (-3072 672 1280 ) (-3072 672 64 ) 
4 211 220 (-4096 0 64 ) (-4096 0 3008 ) (-4096 1024 3008 ) (-4096 1024 64 ) 
4 211 218 (-3072 0 64 ) (-3072 0 3008 ) (-4096 0 3008 ) (-4096 0 64 ) 
4 212 213 (-2080 -64 3008 ) (-2080 -64 1600 ) (-2048 -64 1600 ) (-2048 -64 3008 ) 
4 212 214 (-2080 -64 1600 ) (-2080 -64 3008 ) (-2080 0 3008 ) (-2080 0 1600 ) 
4 213 223 (-2048 -1024 1312 ) (-2048 -1024 3008 ) (-2080 -1024 3008 ) (-2080 -1024 1312 ) 
4 213 216 (-2048 -64 1312 ) (-2048 -1024 1312 ) (-2080 -1024 1312 ) (-2080 -64 1312 ) 
4 213 214 (-2080 -64 1312 ) (-2080 -1024 1312 ) (-2080 -1024 3008 ) (-2080 -64 3008 ) 
4 214 223 (-2080 -1024 3008 ) (-3072 -1024 3008 ) (-3072 -1024 1312 ) (-2080 -1024 1312 ) 
4 214 218 (-3072 0 3008 ) (-3072 0 1312 ) (-3072 -1024 1312 ) (-3072 -1024 3008 ) 
4 214 217 (-3072 0 1312 ) (-2080 0 1312 ) (-2080 -1024 1312 ) (-3072 -1024 1312 ) 
4 215 216 (-2080 -64 1280 ) (-2080 -64 64 ) (-2048 -64 64 ) (-2048 -64 1280 ) 
4 215 217 (-2080 0 64 ) (-2080 -64 64 ) (-2080 -64 1280 ) (-2080 0 1280 ) 
4 216 223 (-2048 -1024 64 ) (-2048 -1024 1312 ) (-2080 -1024 1312 ) (-2080 -1024 64 ) 
4 216 217 (-2080 -64 64 ) (-2080 -1024 64 ) (-2080 -1024 1312 ) (-2080 -64 1312 ) 
4 217 223 (-2080 -1024 1312 ) (-3072 -1024 1312 ) (-3072 -1024 64 ) (-2080 -1024 64 ) 
4 217 218 (-3072 0 1312 ) (-3072 0 64 ) (-3072 -1024 64 ) (-3072 -1024 1312 ) 
4 218 224 (-3072 -1024 64 ) (-3072 -1024 3008 ) (-4096 -1024 3008 ) (-4096 -1024 64 ) 
4 218 221 (-4096 -1024 64 ) (-4096 -1024 3008 ) (-4096 0 3008 ) (-4096 0 64 ) 
4 219 220 (-4096 1024 64 ) (-4096 1024 3008 ) (-5120 1024 3008 ) (-5120 1024 64 ) 
4 220 221 (-4096 0 64 ) (-4096 0 3008 ) (-5120 0 3008 ) (-5120 0 64 ) 
4 221 225 (-4096 -1024 64 ) (-4096 -1024 3008 ) (-5120 -1024 3008 ) (-5120 -1024 64 ) 
4 222 223 (-2048 -1024 3008 ) (-2048 -1024 64 ) (-2048 -2048 64 ) (-2048 -2048 3008 ) 
4 223 224 (-3072 -2048 64 ) (-3072 -2048 3008 ) (-3072 -1024 3008 ) (-3072 -1024 64 ) 
4 224 225 (-4096 -1024 3008 ) (-4096 -1024 64 ) (-4096 -2048 64 ) (-4096 -2048 3008 ) 
