PRT1
327
872
4 0 3 (2048 4096 64 ) (2048 4096 3008 ) (1024 4096 3008 ) (1024 4096 64 ) 
4 0 1 (1024 4096 64 ) (1024 4096 3008 ) (1024 5120 3008 ) (1024 5120 64 ) 
4 1 8 (1024 4096 64 ) (1024 4096 672 ) (0 4096 672 ) (0 4096 64 ) 
4 1 6 (448 4096 3008 ) (0 4096 3008 ) (0 4096 672 ) (448 4096 672 ) 
4 1 5 (1024 4096 672 ) (1024 4096 3008 ) (448 4096 3008 ) (448 4096 672 ) 
4 1 2 (0 5120 3008 ) (0 5120 64 ) (0 4096 64 ) (0 4096 3008 ) 
4 2 78 (-1024 4096 64 ) (-1024 4096 3008 ) (-1024 5120 3008 ) (-1024 5120 64 ) 
4 2 17 (0 4096 64 ) (0 4096 672 ) (-1024 4096 672 ) (-1024 4096 64 ) 
4 2 16 (0 4096 672 ) (0 4096 1312 ) (-1024 4096 1312 ) (-1024 4096 672 ) 
4 2 14 (0 4096 1312 ) (0 4096 1856 ) (-1024 4096 1856 ) (-1024 4096 1312 ) 
4 2 13 (0 4096 1856 ) (0 4096 3008 ) (-1024 4096 3008 ) (-1024 4096 1856 ) 
4 3 12 (1024 3584 64 ) (1024 3072 64 ) (1024 3072 704 ) (1024 3584 704 ) 
4 3 10 (1024 3072 704 ) (1024 3072 1824 ) (1024 3584 1824 ) (1024 3584 704 ) 
4 3 9 (1024 3072 1824 ) (1024 3072 3008 ) (1024 3584 3008 ) (1024 3584 1824 ) 
4 3 8 (1024 4096 672 ) (1024 4096 64 ) (1024 3584 64 ) (1024 3584 672 ) 
4 3 5 (1024 4096 3008 ) (1024 4096 672 ) (1024 3584 672 ) (1024 3584 3008 ) 
4 3 4 (2048 3072 64 ) (2048 3072 3008 ) (1024 3072 3008 ) (1024 3072 64 ) 
4 4 166 (2048 2048 64 ) (2048 2048 3008 ) (1024 2048 3008 ) (1024 2048 64 ) 
4 4 49 (1024 2048 64 ) (1024 2048 1024 ) (1024 2272 1024 ) (1024 2272 64 ) 
4 4 44 (1024 2048 1024 ) (1024 2048 1184 ) (1024 2272 1184 ) (1024 2272 1024 ) 
4 4 39 (1024 2048 1184 ) (1024 2048 3008 ) (1024 2272 3008 ) (1024 2272 1184 ) 
4 4 30 (1024 3072 1024 ) (1024 3072 64 ) (1024 2272 64 ) (1024 2272 1024 ) 
4 4 28 (1024 3072 1184 ) (1024 3072 1024 ) (1024 2272 1024 ) (1024 2272 1184 ) 
4 4 22 (1024 2272 3008 ) (1024 3072 3008 ) (1024 3072 1184 ) (1024 2272 1184 ) 
4 5 12 (1024 3584 672 ) (1024 3584 704 ) (448 3584 704 ) (448 3584 672 ) 
4 5 11 (480 3584 3008 ) (448 3584 3008 ) (448 3584 1856 ) (480 3584 1856 ) 
4 5 10 (1024 3584 704 ) (1024 3584 1824 ) (512 3584 1824 ) (512 3584 704 ) 
4 5 9 (1024 3584 1824 ) (1024 3584 3008 ) (480 3584 3008 ) (480 3584 1824 ) 
4 5 8 (1024 3584 672 ) (448 3584 672 ) (448 4096 672 ) (1024 4096 672 ) 
4 5 7 (448 3584 1856 ) (448 3584 3008 ) (448 3616 3008 ) (448 3616 1856 ) 
4 5 6 (448 4096 672 ) (448 3616 672 ) (448 3616 3008 ) (448 4096 3008 ) 
4 6 16 (0 4096 1312 ) (0 4096 672 ) (0 3616 672 ) (0 3616 1312 ) 
4 6 14 (0 4096 1856 ) (0 4096 1312 ) (0 3616 1312 ) (0 3616 1856 ) 
4 6 13 (0 4096 3008 ) (0 4096 1856 ) (0 3616 1856 ) (0 3616 3008 ) 
4 6 8 (0 3616 672 ) (0 4096 672 ) (448 4096 672 ) (448 3616 672 ) 
4 6 7 (448 3616 1856 ) (448 3616 3008 ) (0 3616 3008 ) (0 3616 1856 ) 
4 7 13 (0 3584 1856 ) (0 3584 3008 ) (0 3616 3008 ) (0 3616 1856 ) 
4 7 11 (448 3584 3008 ) (0 3584 3008 ) (0 3584 1856 ) (448 3584 1856 ) 
4 8 17 (0 4096 672 ) (0 4096 64 ) (0 3584 64 ) (0 3584 672 ) 
4 8 12 (1024 3584 64 ) (1024 3584 672 ) (0 3584 672 ) (0 3584 64 ) 
4 9 31 (512 3072 3008 ) (480 3072 3008 ) (480 3072 1824 ) (512 3072 1824 ) 
4 9 26 (512 3072 1856 ) (512 3072 1824 ) (928 3072 1824 ) (928 3072 1856 ) 
4 9 25 (928 3072 3008 ) (512 3072 3008 ) (512 3072 1856 ) (928 3072 1856 ) 
4 9 23 (960 3072 3008 ) (928 3072 3008 ) (928 3072 1824 ) (960 3072 1824 ) 
4 9 22 (1024 3072 1824 ) (1024 3072 3008 ) (960 3072 3008 ) (960 3072 1824 ) 
4 9 11 (480 3584 3008 ) (480 3584 1856 ) (480 3072 1856 ) (480 3072 3008 ) 
4 9 10 (512 3584 1824 ) (1024 3584 1824 ) (1024 3072 1824 ) (512 3072 1824 ) 
4 10 30 (1024 3072 704 ) (1024 3072 1024 ) (512 3072 1024 ) (512 3072 704 ) 
4 10 29 (960 3072 1184 ) (512 3072 1184 ) (512 3072 1024 ) (960 3072 1024 ) 
4 10 28 (1024 3072 1024 ) (1024 3072 1184 ) (960 3072 1184 ) (960 3072 1024 ) 
4 10 26 (928 3072 1824 ) (512 3072 1824 ) (512 3072 1184 ) (928 3072 1184 ) 
4 10 23 (960 3072 1824 ) (928 3072 1824 ) (928 3072 1184 ) (960 3072 1184 ) 
4 10 22 (1024 3072 1184 ) (1024 3072 1824 ) (960 3072 1824 ) (960 3072 1184 ) 
4 10 12 (512 3584 704 ) (1024 3584 704 ) (1024 3072 704 ) (512 3072 704 ) 
4 11 34 (0 3072 3008 ) (0 3072 1856 ) (480 3072 1856 ) (480 3072 3008 ) 
4 11 13 (0 3072 1856 ) (0 3072 3008 ) (0 3584 3008 ) (0 3584 1856 ) 
4 12 38 (512 3072 704 ) (0 3072 704 ) (0 3072 64 ) (512 3072 64 ) 
4 12 30 (1024 3072 64 ) (1024 3072 704 ) (512 3072 704 ) (512 3072 64 ) 
4 12 21 (0 3072 64 ) (0 3072 704 ) (0 3584 704 ) (0 3584 64 ) 
4 13 82 (-1024 3584 3008 ) (-1024 3616 3008 ) (-1024 3616 1856 ) (-1024 3584 1856 ) 
4 13 81 (-1024 3616 3008 ) (-1024 4096 3008 ) (-1024 4096 1856 ) (-1024 3616 1856 ) 
4 13 83 (-1024 3072 1856 ) (-1024 3072 3008 ) (-1024 3584 3008 ) (-1024 3584 1856 ) 
4 13 58 (-672 3072 3008 ) (-1024 3072 3008 ) (-1024 3072 1856 ) (-672 3072 1856 ) 
4 13 57 (-64 3072 3008 ) (-672 3072 3008 ) (-672 3072 1856 ) (-64 3072 1856 ) 
4 13 51 (0 3072 1856 ) (0 3072 3008 ) (-64 3072 3008 ) (-64 3072 1856 ) 
4 13 15 (-64 3072 1856 ) (-1024 3072 1856 ) (-1024 3584 1856 ) (-64 3584 1856 ) 
4 13 14 (-1024 3616 1856 ) (-1024 4096 1856 ) (0 4096 1856 ) (0 3616 1856 ) 
4 14 81 (-1024 3616 1856 ) (-1024 4096 1856 ) (-1024 4096 1312 ) (-1024 3616 1312 ) 
4 14 16 (0 4096 1312 ) (0 3616 1312 ) (-1024 3616 1312 ) (-1024 4096 1312 ) 
4 15 83 (-1024 3072 1312 ) (-1024 3072 1856 ) (-1024 3584 1856 ) (-1024 3584 1312 ) 
4 15 58 (-672 3072 1856 ) (-1024 3072 1856 ) (-1024 3072 1312 ) (-672 3072 1312 ) 
4 15 57 (-64 3072 1856 ) (-672 3072 1856 ) (-672 3072 1312 ) (-64 3072 1312 ) 
4 15 18 (-928 3328 1312 ) (-288 3328 1312 ) (-288 3296 1312 ) (-960 3296 1312 ) 
4 15 19 (-288 3072 1312 ) (-1024 3072 1312 ) (-1024 3296 1312 ) (-288 3296 1312 ) 
4 16 84 (-1024 3616 1312 ) (-1024 4096 1312 ) (-1024 4096 672 ) (-1024 3616 672 ) 
4 16 17 (-1024 3616 672 ) (-1024 4096 672 ) (0 4096 672 ) (0 3616 672 ) 
4 17 85 (-1024 3584 64 ) (-1024 3584 672 ) (-1024 4096 672 ) (-1024 4096 64 ) 
4 17 21 (-1024 3584 672 ) (-1024 3584 64 ) (0 3584 64 ) (0 3584 672 ) 
4 18 20 (-928 3328 1280 ) (-288 3328 1280 ) (-288 3296 1280 ) (-960 3296 1280 ) 
4 18 19 (-960 3296 1280 ) (-288 3296 1280 ) (-288 3296 1312 ) (-960 3296 1312 ) 
4 19 87 (-1024 3072 1280 ) (-1024 3072 1312 ) (-1024 3296 1312 ) (-1024 3296 1280 ) 
4 19 63 (-288 3072 1312 ) (-1024 3072 1312 ) (-1024 3072 1280 ) (-288 3072 1280 ) 
4 19 20 (-288 3072 1280 ) (-1024 3072 1280 ) (-1024 3296 1280 ) (-288 3296 1280 ) 
4 20 88 (-1024 3072 1024 ) (-1024 3072 1280 ) (-1024 3584 1280 ) (-1024 3584 1024 ) 
4 20 67 (-672 3072 1280 ) (-1024 3072 1280 ) (-1024 3072 1024 ) (-672 3072 1024 ) 
4 20 65 (-64 3072 1280 ) (-672 3072 1280 ) (-672 3072 1024 ) (-64 3072 1024 ) 
4 21 89 (-1024 3072 64 ) (-1024 3072 704 ) (-1024 3584 704 ) (-1024 3584 64 ) 
4 21 68 (-672 3072 704 ) (-1024 3072 704 ) (-1024 3072 64 ) (-672 3072 64 ) 
4 21 66 (0 3072 64 ) (0 3072 704 ) (-672 3072 704 ) (-672 3072 64 ) 
4 22 39 (1024 2272 1184 ) (1024 2272 3008 ) (960 2272 3008 ) (960 2272 1184 ) 
4 22 28 (1024 2272 1184 ) (960 2272 1184 ) (960 3072 1184 ) (1024 3072 1184 ) 
4 22 24 (960 2272 1856 ) (960 2272 3008 ) (960 2688 3008 ) (960 2688 1856 ) 
4 22 23 (960 3072 1184 ) (960 2688 1184 ) (960 2688 3008 ) (960 3072 3008 ) 
4 23 29 (928 2688 1184 ) (928 3072 1184 ) (960 3072 1184 ) (960 2688 1184 ) 
4 23 26 (928 3072 1856 ) (928 3072 1184 ) (928 2688 1184 ) (928 2688 1856 ) 
4 23 25 (928 3072 3008 ) (928 3072 1856 ) (928 2688 1856 ) (928 2688 3008 ) 
4 23 24 (960 2688 1856 ) (960 2688 3008 ) (928 2688 3008 ) (928 2688 1856 ) 
4 24 40 (960 2272 3008 ) (928 2272 3008 ) (928 2272 1856 ) (960 2272 1856 ) 
4 24 27 (928 2272 1856 ) (928 2272 3008 ) (928 2656 3008 ) (928 2656 1856 ) 
4 24 25 (928 2656 3008 ) (928 2688 3008 ) (928 2688 1856 ) (928 2656 1856 ) 
4 25 32 (512 2816 1856 ) (512 2656 1856 ) (512 2656 3008 ) (512 2816 3008 ) 
4 25 31 (512 3072 3008 ) (512 3072 1856 ) (512 2816 1856 ) (512 2816 3008 ) 
4 25 27 (512 2656 3008 ) (512 2656 1856 ) (928 2656 1856 ) (928 2656 3008 ) 
4 25 26 (512 2688 1856 ) (512 3072 1856 ) (928 3072 1856 ) (928 2688 1856 ) 
4 26 31 (512 3072 1856 ) (512 3072 1824 ) (512 2816 1824 ) (512 2816 1856 ) 
4 26 29 (512 2688 1184 ) (512 3072 1184 ) (928 3072 1184 ) (928 2688 1184 ) 
4 27 42 (512 2272 3008 ) (512 2272 1536 ) (672 2272 1536 ) (672 2272 3008 ) 
4 27 41 (672 2272 1536 ) (928 2272 1536 ) (928 2272 3008 ) (672 2272 3008 ) 
4 27 36 (512 2272 1856 ) (512 2272 3008 ) (512 2304 3008 ) (512 2304 1856 ) 
4 27 33 (512 2592 1536 ) (512 2368 1536 ) (512 2368 1728 ) (512 2592 1728 ) 
4 27 32 (512 2304 3008 ) (512 2656 3008 ) (512 2656 1856 ) (512 2304 1856 ) 
4 28 44 (1024 2272 1024 ) (1024 2272 1184 ) (960 2272 1184 ) (960 2272 1024 ) 
4 28 30 (1024 2272 1024 ) (960 2272 1024 ) (960 3072 1024 ) (1024 3072 1024 ) 
4 28 29 (960 3072 1024 ) (960 2464 1024 ) (960 2464 1184 ) (960 3072 1184 ) 
4 29 30 (512 2464 1024 ) (512 3072 1024 ) (960 3072 1024 ) (960 2464 1024 ) 
4 30 49 (1024 2272 64 ) (1024 2272 1024 ) (512 2272 1024 ) (512 2272 64 ) 
4 30 38 (512 3072 704 ) (512 3072 64 ) (512 2272 64 ) (512 2272 704 ) 
4 31 34 (480 2816 3008 ) (480 3072 3008 ) (480 3072 1856 ) (480 2816 1856 ) 
4 31 32 (512 2816 1856 ) (512 2816 3008 ) (480 2816 3008 ) (480 2816 1856 ) 
4 32 36 (512 2304 1856 ) (512 2304 3008 ) (480 2304 3008 ) (480 2304 1856 ) 
4 32 34 (480 2304 1856 ) (480 2304 3008 ) (480 2816 3008 ) (480 2816 1856 ) 
4 33 35 (480 2592 1728 ) (480 2592 1536 ) (480 2368 1536 ) (480 2368 1728 ) 
4 34 51 (0 3072 3008 ) (0 3072 1856 ) (0 2304 1856 ) (0 2304 3008 ) 
4 34 36 (0 2304 3008 ) (0 2304 1856 ) (480 2304 1856 ) (480 2304 3008 ) 
4 35 53 (0 2816 1312 ) (0 2304 1312 ) (0 2304 1824 ) (0 2816 1824 ) 
4 35 37 (64 2304 1312 ) (384 2304 1312 ) (384 2304 1504 ) (64 2304 1504 ) 
4 36 51 (0 2272 1856 ) (0 2272 3008 ) (0 2304 3008 ) (0 2304 1856 ) 
4 36 45 (480 2272 3008 ) (0 2272 3008 ) (0 2272 1856 ) (480 2272 1856 ) 
4 36 42 (512 2272 1856 ) (512 2272 3008 ) (480 2272 3008 ) (480 2272 1856 ) 
4 37 45 (64 2272 1504 ) (64 2272 1312 ) (384 2272 1312 ) (384 2272 1504 ) 
4 38 66 (0 3072 704 ) (0 3072 64 ) (0 2272 64 ) (0 2272 704 ) 
4 38 50 (96 2272 704 ) (0 2272 704 ) (0 2272 64 ) (96 2272 64 ) 
4 38 49 (512 2272 64 ) (512 2272 704 ) (96 2272 704 ) (96 2272 64 ) 
4 39 167 (1024 2048 1184 ) (1024 2048 3008 ) (960 2048 3008 ) (960 2048 1184 ) 
4 39 44 (1024 2048 1184 ) (960 2048 1184 ) (960 2272 1184 ) (1024 2272 1184 ) 
4 39 40 (960 2048 1856 ) (960 2048 3008 ) (960 2272 3008 ) (960 2272 1856 ) 
4 40 168 (960 2048 3008 ) (928 2048 3008 ) (928 2048 1856 ) (960 2048 1856 ) 
4 40 41 (928 2272 3008 ) (928 2272 1856 ) (928 2048 1856 ) (928 2048 3008 ) 
4 41 169 (672 2048 3008 ) (672 2048 1536 ) (928 2048 1536 ) (928 2048 3008 ) 
4 41 42 (672 2272 3008 ) (672 2272 1536 ) (672 2048 1536 ) (672 2048 3008 ) 
4 42 170 (480 2048 3008 ) (480 2048 1536 ) (672 2048 1536 ) (672 2048 3008 ) 
4 42 45 (480 2272 3008 ) (480 2272 1536 ) (480 2048 1536 ) (480 2048 3008 ) 
5 42 43 (480 2048 1536 ) (480 2272 1536 ) (608 2272 1536 ) (672 2176 1536 ) (672 2048 1536 ) 
4 43 170 (480 2048 1536 ) (480 2048 1312 ) (672 2048 1312 ) (672 2048 1536 ) 
4 43 45 (480 2272 1536 ) (480 2272 1312 ) (480 2048 1312 ) (480 2048 1536 ) 
4 44 180 (1024 2048 1024 ) (1024 2048 1184 ) (960 2048 1184 ) (960 2048 1024 ) 
4 44 49 (1024 2048 1024 ) (960 2048 1024 ) (960 2272 1024 ) (1024 2272 1024 ) 
4 45 170 (0 2048 3008 ) (0 2048 1312 ) (480 2048 1312 ) (480 2048 3008 ) 
4 45 54 (0 2048 1312 ) (0 2048 1824 ) (0 2272 1824 ) (0 2272 1312 ) 
4 45 52 (0 2048 1824 ) (0 2048 1856 ) (0 2272 1856 ) (0 2272 1824 ) 
4 45 51 (0 2048 1856 ) (0 2048 3008 ) (0 2272 3008 ) (0 2272 1856 ) 
4 46 47 (32 2048 1184 ) (32 2272 1184 ) (256 2272 1184 ) (256 2048 1184 ) 
4 47 49 (256 2048 1024 ) (96 2048 1024 ) (96 2272 1024 ) (256 2272 1024 ) 
4 48 182 (0 2048 1184 ) (0 2048 1024 ) (32 2048 1024 ) (32 2048 1184 ) 
4 48 174 (0 2048 1280 ) (0 2048 1184 ) (32 2048 1184 ) (32 2048 1280 ) 
4 48 73 (0 2048 1024 ) (0 2048 1280 ) (0 2096 1280 ) (0 2096 1024 ) 
4 49 184 (1024 2048 64 ) (1024 2048 704 ) (96 2048 704 ) (96 2048 64 ) 
4 49 183 (1024 2048 704 ) (1024 2048 1024 ) (96 2048 1024 ) (96 2048 704 ) 
4 49 50 (96 2272 64 ) (96 2048 64 ) (96 2048 704 ) (96 2272 704 ) 
4 50 184 (0 2048 704 ) (0 2048 64 ) (96 2048 64 ) (96 2048 704 ) 
4 50 75 (0 2048 64 ) (0 2048 704 ) (0 2272 704 ) (0 2272 64 ) 
4 51 185 (0 2048 1856 ) (0 2048 3008 ) (-64 2048 3008 ) (-64 2048 1856 ) 
4 51 57 (-64 3072 3008 ) (-64 3072 1856 ) (-64 2048 1856 ) (-64 2048 3008 ) 
4 51 52 (0 2048 1856 ) (-64 2048 1856 ) (-64 2272 1856 ) (0 2272 1856 ) 
4 52 185 (0 2048 1824 ) (0 2048 1856 ) (-64 2048 1856 ) (-64 2048 1824 ) 
4 52 57 (-64 2272 1824 ) (-64 2048 1824 ) (-64 2048 1856 ) (-64 2272 1856 ) 
4 52 56 (-64 2048 1824 ) (-64 2272 1824 ) (-32 2272 1824 ) (-32 2048 1824 ) 
4 52 54 (-32 2272 1824 ) (0 2272 1824 ) (0 2048 1824 ) (-32 2048 1824 ) 
4 53 55 (-32 2720 1312 ) (-32 2400 1312 ) (-32 2400 1504 ) (-32 2720 1504 ) 
4 54 185 (0 2048 1312 ) (0 2048 1824 ) (-32 2048 1824 ) (-32 2048 1312 ) 
4 54 56 (-32 2272 1312 ) (-32 2048 1312 ) (-32 2048 1824 ) (-32 2272 1824 ) 
4 55 57 (-64 2720 1312 ) (-64 2400 1312 ) (-64 2400 1504 ) (-64 2720 1504 ) 
4 56 185 (-32 2048 1824 ) (-64 2048 1824 ) (-64 2048 1312 ) (-32 2048 1312 ) 
4 56 57 (-64 2272 1312 ) (-64 2048 1312 ) (-64 2048 1824 ) (-64 2272 1824 ) 
4 57 185 (-672 2048 1312 ) (-64 2048 1312 ) (-64 2048 3008 ) (-672 2048 3008 ) 
6 57 71 (-288 2048 1312 ) (-672 2048 1312 ) (-672 2239.989990 1312 ) (-633.588867 2272 1312 ) (-326.399902 2272 1312 ) (-288 2240 1312 ) 
3 57 70 (-214.856873 2048 1312 ) (-288 2048 1312 ) (-288 2112 1312 ) 
6 57 63 (-672 2560 1312 ) (-672 3072 1312 ) (-288 3072 1312 ) (-288 2559.998047 1312 ) (-326.396637 2528 1312 ) (-633.600220 2528 1312 ) 
4 57 60 (-672 2048 1856 ) (-672 2048 3008 ) (-672 2208 3008 ) (-672 2208 1856 ) 
4 57 59 (-672 2208 1856 ) (-672 2208 3008 ) (-672 2240 3008 ) (-672 2240 1856 ) 
4 57 58 (-672 3072 1312 ) (-672 2240 1312 ) (-672 2240 3008 ) (-672 3072 3008 ) 
4 58 91 (-1024 2240 3008 ) (-1024 3072 3008 ) (-1024 3072 1312 ) (-1024 2240 1312 ) 
3 58 64 (-1024 2560 1312 ) (-1024 2853.333008 1312 ) (-672 2560 1312 ) 
4 58 63 (-1024 2853.333008 1312 ) (-1024 3072 1312 ) (-672 3072 1312 ) (-672 2560 1312 ) 
4 58 59 (-672 2240 1856 ) (-672 2240 3008 ) (-1024 2240 3008 ) (-1024 2240 1856 ) 
4 59 92 (-1024 2208 3008 ) (-1024 2240 3008 ) (-1024 2240 1856 ) (-1024 2208 1856 ) 
4 59 61 (-704 2208 3008 ) (-1024 2208 3008 ) (-1024 2208 1856 ) (-704 2208 1856 ) 
4 59 60 (-672 2208 1856 ) (-672 2208 3008 ) (-704 2208 3008 ) (-704 2208 1856 ) 
4 60 189 (-672 2048 1856 ) (-672 2048 3008 ) (-704 2048 3008 ) (-704 2048 1856 ) 
4 60 61 (-704 2208 3008 ) (-704 2208 1856 ) (-704 2048 1856 ) (-704 2048 3008 ) 
4 61 192 (-1024 2048 3008 ) (-1024 2048 1856 ) (-704 2048 1856 ) (-704 2048 3008 ) 
4 61 93 (-1024 2048 1856 ) (-1024 2048 3008 ) (-1024 2208 3008 ) (-1024 2208 1856 ) 
4 62 193 (-1024 2048 1568 ) (-1024 2048 1312 ) (-704 2048 1312 ) (-704 2048 1568 ) 
4 62 94 (-1024 2048 1312 ) (-1024 2048 1568 ) (-1024 2208 1568 ) (-1024 2208 1312 ) 
4 62 74 (-704 2048 1312 ) (-1024 2048 1312 ) (-1024 2208 1312 ) (-704 2208 1312 ) 
4 63 95 (-1024 2853.333008 1312 ) (-1024 3072 1312 ) (-1024 3072 1280 ) (-1024 2853.333008 1280 ) 
4 63 67 (-672 2560 1280 ) (-1024 2853.333008 1280 ) (-1024 3072 1280 ) (-672 3072 1280 ) 
6 63 65 (-633.600098 2528 1280 ) (-672 2560 1280 ) (-672 3072 1280 ) (-288 3072 1280 ) (-288 2559.998047 1280 ) (-326.396606 2528 1280 ) 
4 63 64 (-1024 2853.331299 1280 ) (-672 2559.998047 1280 ) (-672 2559.997803 1312 ) (-1024 2853.331055 1312 ) 
4 64 95 (-1024 2560 1312 ) (-1024 2853.333008 1312 ) (-1024 2853.333008 1280 ) (-1024 2560 1280 ) 
3 64 67 (-1024 2560 1280 ) (-1024 2853.333008 1280 ) (-672 2560 1280 ) 
4 65 72 (-64 2272 1280 ) (-672 2272 1280 ) (-672 2272 1024 ) (-64 2272 1024 ) 
4 65 67 (-672 2560 1280 ) (-672 3072 1280 ) (-672 3072 1024 ) (-672 2560 1024 ) 
4 66 75 (0 2272 64 ) (0 2272 704 ) (-672 2272 704 ) (-672 2272 64 ) 
4 66 69 (-672 2272 64 ) (-672 2272 640 ) (-672 2560 640 ) (-672 2560 64 ) 
4 66 68 (-672 2560 704 ) (-672 3072 704 ) (-672 3072 64 ) (-672 2560 64 ) 
4 67 95 (-1024 2560 1024 ) (-1024 2560 1280 ) (-1024 3072 1280 ) (-1024 3072 1024 ) 
4 68 102 (-1024 2560 64 ) (-1024 2560 640 ) (-1024 3072 640 ) (-1024 3072 64 ) 
4 68 96 (-1024 2560 672 ) (-1024 2560 704 ) (-1024 3072 704 ) (-1024 3072 672 ) 
4 68 98 (-1024 2560 640 ) (-1024 2560 672 ) (-1024 3072 672 ) (-1024 3072 640 ) 
4 68 69 (-672 2560 64 ) (-672 2560 640 ) (-1024 2560 640 ) (-1024 2560 64 ) 
4 69 102 (-1024 2272 64 ) (-1024 2272 640 ) (-1024 2560 640 ) (-1024 2560 64 ) 
4 69 76 (-1024 2272 640 ) (-1024 2272 64 ) (-672 2272 64 ) (-672 2272 640 ) 
4 70 185 (-214.856888 2048 1312 ) (-288 2048 1312 ) (-288 2048 1280 ) (-214.856873 2048 1280 ) 
3 70 73 (-214.856888 2048 1280 ) (-288 2048 1280 ) (-288 2112 1280 ) 
4 70 71 (-288 2112 1280 ) (-288 2048 1280 ) (-288 2048 1312 ) (-288 2112 1312 ) 
4 71 185 (-288 2048 1312 ) (-672 2048 1312 ) (-672 2048 1280 ) (-288 2048 1280 ) 
4 71 73 (-672 2048 1280 ) (-672 2176 1280 ) (-288 2176 1280 ) (-288 2048 1280 ) 
6 71 72 (-672 2176 1280 ) (-672 2239.989990 1280 ) (-633.588867 2272 1280 ) (-326.399902 2272 1280 ) (-288 2240 1280 ) (-288 2176 1280 ) 
4 72 73 (-64 2176 1280 ) (-672 2176 1280 ) (-672 2176 1024 ) (-64 2176 1024 ) 
4 73 186 (0 2048 1024 ) (0 2048 1184 ) (-672 2048 1184 ) (-672 2048 1024 ) 
4 73 185 (0 2048 1184 ) (0 2048 1280 ) (-672 2048 1280 ) (-672 2048 1184 ) 
4 74 193 (-704 2048 1312 ) (-1024 2048 1312 ) (-1024 2048 1184 ) (-704 2048 1184 ) 
4 74 104 (-1024 2048 1184 ) (-1024 2048 1312 ) (-1024 2208 1312 ) (-1024 2208 1184 ) 
4 75 195 (0 2048 64 ) (0 2048 704 ) (-672 2048 704 ) (-672 2048 64 ) 
4 75 77 (-672 2240 64 ) (-672 2048 64 ) (-672 2048 704 ) (-672 2240 704 ) 
4 75 76 (-672 2272 640 ) (-672 2272 64 ) (-672 2240 64 ) (-672 2240 640 ) 
4 76 105 (-1024 2240 64 ) (-1024 2240 640 ) (-1024 2272 640 ) (-1024 2272 64 ) 
4 76 77 (-672 2240 64 ) (-672 2240 640 ) (-1024 2240 640 ) (-1024 2240 64 ) 
4 77 195 (-672 2048 64 ) (-672 2048 704 ) (-1024 2048 704 ) (-1024 2048 64 ) 
4 77 106 (-1024 2048 64 ) (-1024 2048 704 ) (-1024 2240 704 ) (-1024 2240 64 ) 
4 78 85 (-1024 4096 64 ) (-1024 4096 672 ) (-2048 4096 672 ) (-2048 4096 64 ) 
4 78 84 (-1024 4096 672 ) (-1024 4096 1312 ) (-2048 4096 1312 ) (-2048 4096 672 ) 
4 78 81 (-1024 4096 1312 ) (-1024 4096 3008 ) (-2048 4096 3008 ) (-2048 4096 1312 ) 
4 78 79 (-2048 5120 3008 ) (-2048 5120 64 ) (-2048 4096 64 ) (-2048 4096 3008 ) 
4 79 112 (-2144 4096 64 ) (-2112 4096 64 ) (-2112 4096 1856 ) (-2144 4096 1856 ) 
4 79 114 (-3072 4096 1856 ) (-3072 4096 64 ) (-2144 4096 64 ) (-2144 4096 1856 ) 
4 79 111 (-2112 4096 3008 ) (-3072 4096 3008 ) (-3072 4096 1856 ) (-2112 4096 1856 ) 
4 79 110 (-2048 4096 64 ) (-2048 4096 672 ) (-2112 4096 672 ) (-2112 4096 64 ) 
4 79 107 (-2048 4096 672 ) (-2048 4096 3008 ) (-2112 4096 3008 ) (-2112 4096 672 ) 
4 79 80 (-3072 4096 64 ) (-3072 4096 3008 ) (-3072 5120 3008 ) (-3072 5120 64 ) 
4 80 163 (-4096 4096 64 ) (-4096 4096 3008 ) (-4096 5120 3008 ) (-4096 5120 64 ) 
4 80 123 (-4096 4096 1280 ) (-4096 4096 64 ) (-3072 4096 64 ) (-3072 4096 1280 ) 
4 80 121 (-3872 4096 1280 ) (-3072 4096 1280 ) (-3072 4096 1856 ) (-3872 4096 1856 ) 
4 80 122 (-4096 4096 1856 ) (-4096 4096 1280 ) (-3872 4096 1280 ) (-3872 4096 1856 ) 
4 80 120 (-4096 4096 3008 ) (-4096 4096 1856 ) (-3072 4096 1856 ) (-3072 4096 3008 ) 
4 81 107 (-2048 4096 3008 ) (-2048 4096 1312 ) (-2048 3616 1312 ) (-2048 3616 3008 ) 
4 81 84 (-2048 3616 1312 ) (-2048 4096 1312 ) (-1024 4096 1312 ) (-1024 3616 1312 ) 
4 81 82 (-1024 3616 1856 ) (-1024 3616 3008 ) (-2048 3616 3008 ) (-2048 3616 1856 ) 
4 82 108 (-2048 3584 1856 ) (-2048 3584 3008 ) (-2048 3616 3008 ) (-2048 3616 1856 ) 
4 82 83 (-1024 3584 1856 ) (-1024 3584 3008 ) (-2048 3584 3008 ) (-2048 3584 1856 ) 
4 83 109 (-2048 3584 1312 ) (-2048 3072 1312 ) (-2048 3072 3008 ) (-2048 3584 3008 ) 
4 83 91 (-1024 3072 1312 ) (-1024 3072 3008 ) (-2048 3072 3008 ) (-2048 3072 1312 ) 
4 83 86 (-1184 3296 1312 ) (-1792 3296 1312 ) (-1792 3328 1312 ) (-1216 3328 1312 ) 
4 83 87 (-1024 3296 1312 ) (-1024 3072 1312 ) (-1792 3072 1312 ) (-1792 3296 1312 ) 
4 84 107 (-2048 4096 1312 ) (-2048 4096 672 ) (-2048 3616 672 ) (-2048 3616 1312 ) 
4 84 85 (-2048 3616 672 ) (-2048 4096 672 ) (-1024 4096 672 ) (-1024 3616 672 ) 
4 85 110 (-2048 4096 672 ) (-2048 4096 64 ) (-2048 3584 64 ) (-2048 3584 672 ) 
4 85 90 (-1792 3584 672 ) (-2048 3584 672 ) (-2048 3584 64 ) (-1792 3584 64 ) 
4 85 89 (-1024 3584 64 ) (-1024 3584 672 ) (-1792 3584 672 ) (-1792 3584 64 ) 
4 86 88 (-1184 3296 1280 ) (-1792 3296 1280 ) (-1792 3328 1280 ) (-1216 3328 1280 ) 
4 86 87 (-1792 3296 1312 ) (-1792 3296 1280 ) (-1184 3296 1280 ) (-1184 3296 1312 ) 
4 87 95 (-1024 3072 1280 ) (-1024 3072 1312 ) (-1792 3072 1312 ) (-1792 3072 1280 ) 
4 87 88 (-1024 3296 1280 ) (-1024 3072 1280 ) (-1792 3072 1280 ) (-1792 3296 1280 ) 
4 88 95 (-1024 3072 1024 ) (-1024 3072 1280 ) (-1792 3072 1280 ) (-1792 3072 1024 ) 
4 89 102 (-1024 3072 64 ) (-1024 3072 640 ) (-1792 3072 640 ) (-1792 3072 64 ) 
4 89 96 (-1024 3072 672 ) (-1024 3072 704 ) (-1792 3072 704 ) (-1792 3072 672 ) 
4 89 98 (-1024 3072 640 ) (-1024 3072 672 ) (-1792 3072 672 ) (-1792 3072 640 ) 
4 89 90 (-1792 3072 64 ) (-1792 3072 672 ) (-1792 3584 672 ) (-1792 3584 64 ) 
4 90 110 (-2048 3072 64 ) (-2048 3072 672 ) (-2048 3584 672 ) (-2048 3584 64 ) 
4 90 103 (-1792 3072 64 ) (-1792 3072 672 ) (-2048 3072 672 ) (-2048 3072 64 ) 
4 91 128 (-2048 2240 3008 ) (-2048 3072 3008 ) (-2048 3072 1312 ) (-2048 2240 1312 ) 
6 91 95 (-1792 3072 1312 ) (-1024 3072 1312 ) (-1024 2560 1312 ) (-1232 2560 1312 ) (-1582.389893 2591.850098 1312 ) (-1792 2784 1312 ) 
4 91 92 (-1024 2240 1856 ) (-1024 2240 3008 ) (-2048 2240 3008 ) (-2048 2240 1856 ) 
4 92 131 (-2048 2208 3008 ) (-2048 2240 3008 ) (-2048 2240 1856 ) (-2048 2208 1856 ) 
4 92 93 (-1024 2208 1856 ) (-1024 2208 3008 ) (-2048 2208 3008 ) (-2048 2208 1856 ) 
4 93 226 (-1024 2048 1856 ) (-1024 2048 3008 ) (-2048 2048 3008 ) (-2048 2048 1856 ) 
4 93 132 (-2048 2048 1856 ) (-2048 2048 3008 ) (-2048 2208 3008 ) (-2048 2208 1856 ) 
4 94 227 (-1024 2048 1312 ) (-1024 2048 1568 ) (-2048 2048 1568 ) (-2048 2048 1312 ) 
4 94 133 (-2048 2048 1312 ) (-2048 2048 1568 ) (-2048 2208 1568 ) (-2048 2208 1312 ) 
4 94 104 (-1024 2048 1312 ) (-1280 2048 1312 ) (-1280 2208 1312 ) (-1024 2208 1312 ) 
6 96 98 (-1024 2560 672 ) (-1232 2560 672 ) (-1582.389893 2591.850098 672 ) (-1792 2784 672 ) (-1792 3072 672 ) (-1024 3072 672 ) 
4 97 99 (-1792 2560 704 ) (-1792 2560 672 ) (-1547.645752 2560 672 ) (-1547.645752 2560 704 ) 
4 97 98 (-1547.645752 2560 672 ) (-1792 2560 672 ) (-1792 2610.909912 672 ) (-1582.390015 2591.850098 672 ) 
4 98 103 (-1792 3072 672 ) (-1792 3072 640 ) (-1792 2560 640 ) (-1792 2560 672 ) 
4 98 102 (-1792 2560 640 ) (-1792 3072 640 ) (-1024 3072 640 ) (-1024 2560 640 ) 
4 98 100 (-1792 2560 672 ) (-1792 2560 640 ) (-1232 2560 640 ) (-1232 2560 672 ) 
4 99 101 (-1792 2336 992 ) (-1792 2336 672 ) (-1451.755859 2472.097656 672 ) (-1451.755981 2472.097656 992 ) 
4 99 100 (-1451.754761 2472.096436 672 ) (-1792 2335.998535 672 ) (-1792 2560 672 ) (-1547.645752 2560 672 ) 
4 100 103 (-1792 2560 672 ) (-1792 2560 640 ) (-1792 2336 640 ) (-1792 2336 672 ) 
3 100 102 (-1792 2336 640 ) (-1792 2560 640 ) (-1232 2560 640 ) 
4 100 101 (-1792 2336 672 ) (-1792 2336 640 ) (-1232 2560 640 ) (-1232 2560 672 ) 
4 101 103 (-1792 2272 640 ) (-1792 2272 672 ) (-1792 2336 672 ) (-1792 2336 640 ) 
4 101 102 (-1232 2272 640 ) (-1792 2272 640 ) (-1792 2336 640 ) (-1232 2560 640 ) 
4 102 105 (-1024 2272 64 ) (-1024 2272 640 ) (-1792 2272 640 ) (-1792 2272 64 ) 
4 102 103 (-1792 2272 64 ) (-1792 2272 640 ) (-1792 3072 640 ) (-1792 3072 64 ) 
4 103 129 (-2048 2272 64 ) (-2048 2272 672 ) (-2048 3072 672 ) (-2048 3072 64 ) 
4 103 105 (-1792 2272 64 ) (-1792 2272 640 ) (-2048 2272 640 ) (-2048 2272 64 ) 
3 104 228 (-1024 2048 1184 ) (-1024 2048 1312 ) (-1280 2048 1312 ) 
4 105 130 (-2048 2240 64 ) (-2048 2240 640 ) (-2048 2272 640 ) (-2048 2272 64 ) 
4 105 106 (-1024 2240 64 ) (-1024 2240 640 ) (-2048 2240 640 ) (-2048 2240 64 ) 
4 106 232 (-1024 2048 64 ) (-1024 2048 704 ) (-2048 2048 704 ) (-2048 2048 64 ) 
4 106 135 (-2048 2048 64 ) (-2048 2048 704 ) (-2048 2240 704 ) (-2048 2240 64 ) 
4 107 112 (-2112 4096 1856 ) (-2112 4096 672 ) (-2112 3616 672 ) (-2112 3616 1856 ) 
4 107 111 (-2112 4096 3008 ) (-2112 4096 1856 ) (-2112 3616 1856 ) (-2112 3616 3008 ) 
4 107 110 (-2112 3616 672 ) (-2112 4096 672 ) (-2048 4096 672 ) (-2048 3616 672 ) 
4 107 108 (-2048 3616 1856 ) (-2048 3616 3008 ) (-2112 3616 3008 ) (-2112 3616 1856 ) 
4 108 111 (-2112 3584 1856 ) (-2112 3584 3008 ) (-2112 3616 3008 ) (-2112 3616 1856 ) 
4 108 109 (-2112 3584 3008 ) (-2112 3584 1856 ) (-2048 3584 1856 ) (-2048 3584 3008 ) 
4 109 128 (-2048 3072 1312 ) (-2048 3072 3008 ) (-2112 3072 3008 ) (-2112 3072 1312 ) 
4 109 117 (-2112 3072 1312 ) (-2112 3072 1504 ) (-2112 3136 1504 ) (-2112 3136 1312 ) 
4 109 116 (-2112 3072 1856 ) (-2112 3072 3008 ) (-2112 3168 3008 ) (-2112 3168 1856 ) 
4 109 111 (-2112 3168 3008 ) (-2112 3584 3008 ) (-2112 3584 1856 ) (-2112 3168 1856 ) 
4 110 129 (-2048 3072 64 ) (-2048 3072 672 ) (-2112 3072 672 ) (-2112 3072 64 ) 
4 110 119 (-2112 3072 64 ) (-2112 3072 672 ) (-2112 3168 672 ) (-2112 3168 64 ) 
4 110 115 (-2112 3168 672 ) (-2112 3328 672 ) (-2112 3328 64 ) (-2112 3168 64 ) 
4 110 113 (-2112 3328 672 ) (-2112 3616 672 ) (-2112 3616 64 ) (-2112 3328 64 ) 
4 110 112 (-2112 3616 672 ) (-2112 4096 672 ) (-2112 4096 64 ) (-2112 3616 64 ) 
4 111 120 (-3072 4096 3008 ) (-3072 4096 1856 ) (-3072 3168 1856 ) (-3072 3168 3008 ) 
4 111 116 (-3072 3168 3008 ) (-3072 3168 1856 ) (-2112 3168 1856 ) (-2112 3168 3008 ) 
4 111 112 (-2144 4096 1856 ) (-2112 4096 1856 ) (-2112 3616 1856 ) (-2144 3616 1856 ) 
4 111 114 (-3072 3328 1856 ) (-3072 4096 1856 ) (-2144 4096 1856 ) (-2144 3328 1856 ) 
4 112 113 (-2144 3616 1312 ) (-2144 3616 64 ) (-2112 3616 64 ) (-2112 3616 1312 ) 
4 112 114 (-2144 4096 64 ) (-2144 3616 64 ) (-2144 3616 1856 ) (-2144 4096 1856 ) 
4 113 115 (-2112 3328 64 ) (-2112 3328 1280 ) (-2144 3328 1280 ) (-2144 3328 64 ) 
4 113 114 (-2144 3616 64 ) (-2144 3328 64 ) (-2144 3328 1312 ) (-2144 3616 1312 ) 
4 114 123 (-3072 4096 1280 ) (-3072 4096 64 ) (-3072 3328 64 ) (-3072 3328 1280 ) 
4 114 121 (-3072 4096 1856 ) (-3072 4096 1280 ) (-3072 3328 1280 ) (-3072 3328 1856 ) 
4 114 115 (-3072 3328 1280 ) (-3072 3328 64 ) (-2144 3328 64 ) (-2144 3328 1280 ) 
4 115 123 (-3072 3168 64 ) (-3072 3168 1280 ) (-3072 3328 1280 ) (-3072 3328 64 ) 
4 115 119 (-3072 3168 1280 ) (-3072 3168 64 ) (-2112 3168 64 ) (-2112 3168 1280 ) 
4 116 136 (-2112 3072 1856 ) (-2112 3072 3008 ) (-3072 3072 3008 ) (-3072 3072 1856 ) 
4 116 120 (-3072 3072 1856 ) (-3072 3072 3008 ) (-3072 3168 3008 ) (-3072 3168 1856 ) 
4 117 137 (-2112 3072 1312 ) (-2112 3072 1504 ) (-2144 3072 1504 ) (-2144 3072 1312 ) 
4 117 118 (-2144 3136 1312 ) (-2144 3072 1312 ) (-2144 3072 1504 ) (-2144 3136 1504 ) 
4 118 138 (-2144 3072 1824 ) (-3072 3072 1824 ) (-3072 3072 1312 ) (-2144 3072 1312 ) 
4 118 124 (-3072 3072 1312 ) (-3072 3072 1824 ) (-3072 3168 1824 ) (-3072 3168 1312 ) 
4 119 139 (-2112 3072 64 ) (-2112 3072 1280 ) (-3072 3072 1280 ) (-3072 3072 64 ) 
4 119 125 (-3072 3072 64 ) (-3072 3072 1280 ) (-3072 3168 1280 ) (-3072 3168 64 ) 
4 120 164 (-4096 3072 1856 ) (-4096 3072 3008 ) (-4096 4096 3008 ) (-4096 4096 1856 ) 
4 120 152 (-3872 3072 1856 ) (-3712 3072 1856 ) (-3712 3072 3008 ) (-3872 3072 3008 ) 
4 120 153 (-4096 3072 3008 ) (-4096 3072 1856 ) (-3872 3072 1856 ) (-3872 3072 3008 ) 
4 120 146 (-3712 3072 1856 ) (-3072 3072 1856 ) (-3072 3072 3008 ) (-3712 3072 3008 ) 
4 120 127 (-3872 3072 1856 ) (-4096 3072 1856 ) (-4096 3168 1856 ) (-3872 3168 1856 ) 
4 120 121 (-3072 4096 1856 ) (-3072 3328 1856 ) (-3872 3328 1856 ) (-3872 4096 1856 ) 
4 120 122 (-3872 3168 1856 ) (-4096 3168 1856 ) (-4096 4096 1856 ) (-3872 4096 1856 ) 
4 121 123 (-3872 3328 1280 ) (-3872 4096 1280 ) (-3072 4096 1280 ) (-3072 3328 1280 ) 
4 121 122 (-3872 4096 1280 ) (-3872 3328 1280 ) (-3872 3328 1856 ) (-3872 4096 1856 ) 
4 122 164 (-4096 3168 1280 ) (-4096 3168 1856 ) (-4096 4096 1856 ) (-4096 4096 1280 ) 
4 122 127 (-3872 3168 1856 ) (-4096 3168 1856 ) (-4096 3168 1280 ) (-3872 3168 1280 ) 
4 122 123 (-3872 3168 1280 ) (-4096 3168 1280 ) (-4096 4096 1280 ) (-3872 4096 1280 ) 
4 123 164 (-4096 3168 64 ) (-4096 3168 1280 ) (-4096 4096 1280 ) (-4096 4096 64 ) 
4 123 126 (-3712 3168 1280 ) (-3872 3168 1280 ) (-3872 3168 64 ) (-3712 3168 64 ) 
4 123 127 (-3872 3168 1280 ) (-4096 3168 1280 ) (-4096 3168 64 ) (-3872 3168 64 ) 
4 123 125 (-3072 3168 64 ) (-3072 3168 1280 ) (-3712 3168 1280 ) (-3712 3168 64 ) 
4 124 147 (-3072 3072 1312 ) (-3072 3072 1824 ) (-3712 3072 1824 ) (-3712 3072 1312 ) 
4 125 148 (-3072 3072 64 ) (-3072 3072 1280 ) (-3712 3072 1280 ) (-3712 3072 64 ) 
4 125 126 (-3712 3168 1280 ) (-3712 3168 64 ) (-3712 3072 64 ) (-3712 3072 1280 ) 
4 126 154 (-3872 3072 64 ) (-3712 3072 64 ) (-3712 3072 1280 ) (-3872 3072 1280 ) 
4 126 127 (-3872 3168 1280 ) (-3872 3168 64 ) (-3872 3072 64 ) (-3872 3072 1280 ) 
4 127 164 (-4096 3072 64 ) (-4096 3072 1856 ) (-4096 3168 1856 ) (-4096 3168 64 ) 
4 127 154 (-4096 3072 1280 ) (-4096 3072 64 ) (-3872 3072 64 ) (-3872 3072 1280 ) 
4 127 153 (-4096 3072 1856 ) (-4096 3072 1280 ) (-3872 3072 1280 ) (-3872 3072 1856 ) 
4 128 140 (-2112 2240 1856 ) (-2112 2240 3008 ) (-2112 2848 3008 ) (-2112 2848 1856 ) 
4 128 137 (-2112 3072 1504 ) (-2112 3072 1312 ) (-2112 2880 1312 ) (-2112 2880 1504 ) 
4 128 136 (-2112 2848 3008 ) (-2112 3072 3008 ) (-2112 3072 1856 ) (-2112 2848 1856 ) 
4 128 134 (-2112 2240 3008 ) (-2112 2240 1856 ) (-2080 2240 1856 ) (-2080 2240 3008 ) 
4 128 131 (-2048 2240 1856 ) (-2048 2240 3008 ) (-2080 2240 3008 ) (-2080 2240 1856 ) 
4 129 145 (-2112 2272 64 ) (-2112 2272 672 ) (-2112 2848 672 ) (-2112 2848 64 ) 
4 129 139 (-2112 2848 672 ) (-2112 3072 672 ) (-2112 3072 64 ) (-2112 2848 64 ) 
4 129 130 (-2112 2272 640 ) (-2112 2272 64 ) (-2048 2272 64 ) (-2048 2272 640 ) 
4 130 145 (-2112 2240 64 ) (-2112 2240 640 ) (-2112 2272 640 ) (-2112 2272 64 ) 
4 130 135 (-2112 2240 640 ) (-2112 2240 64 ) (-2048 2240 64 ) (-2048 2240 640 ) 
4 131 134 (-2080 2240 3008 ) (-2080 2240 1856 ) (-2080 2208 1856 ) (-2080 2208 3008 ) 
4 131 132 (-2080 2208 3008 ) (-2080 2208 1856 ) (-2048 2208 1856 ) (-2048 2208 3008 ) 
4 132 233 (-2048 2048 1856 ) (-2048 2048 3008 ) (-2080 2048 3008 ) (-2080 2048 1856 ) 
4 132 134 (-2080 2048 1856 ) (-2080 2048 3008 ) (-2080 2208 3008 ) (-2080 2208 1856 ) 
4 133 234 (-2048 2048 1312 ) (-2048 2048 1568 ) (-2080 2048 1568 ) (-2080 2048 1312 ) 
4 134 236 (-2112 2048 3008 ) (-2112 2048 1856 ) (-2080 2048 1856 ) (-2080 2048 3008 ) 
4 134 140 (-2112 2048 1856 ) (-2112 2048 3008 ) (-2112 2240 3008 ) (-2112 2240 1856 ) 
4 135 262 (-2048 2048 64 ) (-2048 2048 704 ) (-2112 2048 704 ) (-2112 2048 64 ) 
4 135 145 (-2112 2048 64 ) (-2112 2048 704 ) (-2112 2240 704 ) (-2112 2240 64 ) 
4 136 146 (-3072 3072 3008 ) (-3072 3072 1856 ) (-3072 2848 1856 ) (-3072 2848 3008 ) 
4 136 140 (-3072 2848 3008 ) (-3072 2848 1856 ) (-2112 2848 1856 ) (-2112 2848 3008 ) 
4 137 138 (-2144 3072 1312 ) (-2144 2880 1312 ) (-2144 2880 1504 ) (-2144 3072 1504 ) 
4 138 147 (-3072 3072 1824 ) (-3072 3072 1312 ) (-3072 2848 1312 ) (-3072 2848 1824 ) 
4 138 143 (-3040 2848 1312 ) (-2624 2848 1312 ) (-2624 2848 1824 ) (-3040 2848 1824 ) 
4 138 141 (-2624 2848 1312 ) (-2528 2848 1312 ) (-2528 2848 1824 ) (-2624 2848 1824 ) 
4 139 148 (-3072 3072 1280 ) (-3072 3072 64 ) (-3072 2848 64 ) (-3072 2848 1280 ) 
4 139 145 (-3072 2848 1280 ) (-3072 2848 64 ) (-2112 2848 64 ) (-2112 2848 1280 ) 
4 140 240 (-2112 2048 1856 ) (-2112 2048 3008 ) (-3072 2048 3008 ) (-3072 2048 1856 ) 
4 140 155 (-3072 2048 1856 ) (-3072 2048 3008 ) (-3072 2720 3008 ) (-3072 2720 1856 ) 
4 140 149 (-3072 2720 3008 ) (-3072 2848 3008 ) (-3072 2848 1856 ) (-3072 2720 1856 ) 
4 141 143 (-2624 2720 1312 ) (-2624 2720 1824 ) (-2624 2848 1824 ) (-2624 2848 1312 ) 
4 142 241 (-2624 2048 1824 ) (-2624 2048 1312 ) (-2552 2048 1312 ) (-2552 2048 1824 ) 
4 142 143 (-2624 2048 1312 ) (-2624 2048 1824 ) (-2624 2144 1824 ) (-2624 2144 1312 ) 
4 143 241 (-3040 2048 1824 ) (-3040 2048 1312 ) (-2624 2048 1312 ) (-2624 2048 1824 ) 
4 143 144 (-3040 2048 1312 ) (-3040 2048 1504 ) (-3040 2336 1504 ) (-3040 2336 1312 ) 
4 144 244 (-3072 2048 1504 ) (-3072 2048 1312 ) (-3040 2048 1312 ) (-3040 2048 1504 ) 
4 144 156 (-3072 2048 1312 ) (-3072 2048 1504 ) (-3072 2336 1504 ) (-3072 2336 1312 ) 
4 145 263 (-2112 2048 64 ) (-2112 2048 832 ) (-2656 2048 832 ) (-2585.519287 2048 64 ) 
4 145 261 (-3072 2048 704 ) (-3072 2048 64 ) (-2585.519287 2048 64 ) (-2644.252930 2048 704 ) 
4 145 257 (-2656 2048 832 ) (-2688 2048 832 ) (-2688 2048 704 ) (-2644.252930 2048 704 ) 
4 145 258 (-2688 2048 832 ) (-3072 2048 832 ) (-3072 2048 704 ) (-2688 2048 704 ) 
4 145 245 (-2112 2048 832 ) (-2112 2048 1280 ) (-3072 2048 1280 ) (-3072 2048 832 ) 
4 145 157 (-3072 2048 64 ) (-3072 2048 1280 ) (-3072 2720 1280 ) (-3072 2720 64 ) 
4 145 151 (-3072 2720 1280 ) (-3072 2848 1280 ) (-3072 2848 64 ) (-3072 2720 64 ) 
4 146 152 (-3712 3072 3008 ) (-3712 3072 1856 ) (-3712 2848 1856 ) (-3712 2848 3008 ) 
4 146 149 (-3712 2848 3008 ) (-3712 2848 1856 ) (-3072 2848 1856 ) (-3072 2848 3008 ) 
4 147 150 (-3680 2848 1312 ) (-3360 2848 1312 ) (-3360 2848 1504 ) (-3680 2848 1504 ) 
4 148 154 (-3712 3072 1280 ) (-3712 3072 64 ) (-3712 2848 64 ) (-3712 2848 1280 ) 
4 148 151 (-3712 2848 1280 ) (-3712 2848 64 ) (-3072 2848 64 ) (-3072 2848 1280 ) 
4 149 158 (-3168 2720 3008 ) (-3712 2720 3008 ) (-3712 2720 1856 ) (-3168 2720 1856 ) 
4 149 155 (-3072 2720 1856 ) (-3072 2720 3008 ) (-3168 2720 3008 ) (-3168 2720 1856 ) 
4 149 152 (-3712 2720 1856 ) (-3712 2720 3008 ) (-3712 2848 3008 ) (-3712 2848 1856 ) 
4 150 159 (-3680 2720 1504 ) (-3680 2720 1312 ) (-3360 2720 1312 ) (-3360 2720 1504 ) 
4 151 162 (-3168 2720 1280 ) (-3712 2720 1280 ) (-3712 2720 64 ) (-3168 2720 64 ) 
4 151 157 (-3072 2720 64 ) (-3072 2720 1280 ) (-3168 2720 1280 ) (-3168 2720 64 ) 
4 151 154 (-3712 2720 64 ) (-3712 2720 1280 ) (-3712 2848 1280 ) (-3712 2848 64 ) 
4 152 160 (-3776 2720 3008 ) (-3872 2720 3008 ) (-3872 2720 1856 ) (-3776 2720 1856 ) 
4 152 158 (-3712 2720 1856 ) (-3712 2720 3008 ) (-3776 2720 3008 ) (-3776 2720 1856 ) 
4 152 153 (-3872 2720 1856 ) (-3872 2720 3008 ) (-3872 3072 3008 ) (-3872 3072 1856 ) 
4 153 165 (-4096 2720 1280 ) (-4096 2720 3008 ) (-4096 3072 3008 ) (-4096 3072 1280 ) 
4 153 161 (-4096 2720 1856 ) (-4096 2720 1280 ) (-3872 2720 1280 ) (-3872 2720 1856 ) 
4 153 160 (-4096 2720 3008 ) (-4096 2720 1856 ) (-3872 2720 1856 ) (-3872 2720 3008 ) 
4 153 154 (-3872 2720 1280 ) (-4096 2720 1280 ) (-4096 3072 1280 ) (-3872 3072 1280 ) 
4 154 165 (-4096 2720 64 ) (-4096 2720 1280 ) (-4096 3072 1280 ) (-4096 3072 64 ) 
4 154 162 (-4096 2720 1280 ) (-4096 2720 64 ) (-3712 2720 64 ) (-3712 2720 1280 ) 
4 155 267 (-3072 2048 1856 ) (-3072 2048 3008 ) (-3168 2048 3008 ) (-3168 2048 1856 ) 
4 155 158 (-3168 2720 3008 ) (-3168 2720 1856 ) (-3168 2048 1856 ) (-3168 2048 3008 ) 
4 156 268 (-3072 2048 1312 ) (-3072 2048 1504 ) (-3168 2048 1504 ) (-3168 2048 1312 ) 
4 156 159 (-3168 2336 1312 ) (-3168 2048 1312 ) (-3168 2048 1504 ) (-3168 2336 1504 ) 
4 157 271 (-3072 2048 64 ) (-3072 2048 1280 ) (-3168 2048 1280 ) (-3168 2048 64 ) 
4 157 162 (-3168 2720 1280 ) (-3168 2720 64 ) (-3168 2048 64 ) (-3168 2048 1280 ) 
4 158 272 (-3168 2048 1856 ) (-3168 2048 3008 ) (-3776 2048 3008 ) (-3776 2048 1856 ) 
4 158 160 (-3776 2720 3008 ) (-3776 2720 1856 ) (-3776 2048 1856 ) (-3776 2048 3008 ) 
4 159 273 (-3168 2048 1312 ) (-3168 2048 1824 ) (-3776 2048 1824 ) (-3776 2048 1312 ) 
4 160 272 (-4096 2048 3008 ) (-4096 2048 1856 ) (-3776 2048 1856 ) (-3776 2048 3008 ) 
4 160 165 (-4096 2048 1856 ) (-4096 2048 3008 ) (-4096 2720 3008 ) (-4096 2720 1856 ) 
4 160 161 (-4096 2048 1856 ) (-4096 2720 1856 ) (-3872 2720 1856 ) (-3872 2048 1856 ) 
4 161 279 (-4096 2048 1856 ) (-4096 2048 1280 ) (-3872 2048 1280 ) (-3872 2048 1856 ) 
4 161 165 (-4096 2048 1280 ) (-4096 2048 1856 ) (-4096 2720 1856 ) (-4096 2720 1280 ) 
4 161 162 (-4096 2048 1280 ) (-4096 2720 1280 ) (-3872 2720 1280 ) (-3872 2048 1280 ) 
4 162 277 (-3776 2048 1280 ) (-3872 2048 1280 ) (-3872 2048 64 ) (-3776 2048 64 ) 
4 162 279 (-3872 2048 1280 ) (-4096 2048 1280 ) (-4096 2048 64 ) (-3872 2048 64 ) 
4 162 274 (-3168 2048 64 ) (-3168 2048 1280 ) (-3776 2048 1280 ) (-3776 2048 64 ) 
4 162 165 (-4096 2048 64 ) (-4096 2048 1280 ) (-4096 2720 1280 ) (-4096 2720 64 ) 
4 163 164 (-4096 4096 64 ) (-4096 4096 3008 ) (-5120 4096 3008 ) (-5120 4096 64 ) 
4 164 165 (-4096 3072 64 ) (-4096 3072 3008 ) (-5120 3072 3008 ) (-5120 3072 64 ) 
4 165 320 (-4096 2048 64 ) (-4096 2048 3008 ) (-5120 2048 3008 ) (-5120 2048 64 ) 
4 166 196 (2048 1024 64 ) (2048 1024 3008 ) (1024 1024 3008 ) (1024 1024 64 ) 
4 166 184 (1024 2048 704 ) (1024 2048 64 ) (1024 1024 64 ) (1024 1024 704 ) 
4 166 183 (1024 2048 1024 ) (1024 2048 704 ) (1024 1024 704 ) (1024 1024 1024 ) 
4 166 181 (1024 1344 1024 ) (1024 1024 1024 ) (1024 1024 1184 ) (1024 1344 1184 ) 
4 166 180 (1024 2048 1184 ) (1024 2048 1024 ) (1024 1344 1024 ) (1024 1344 1184 ) 
4 166 178 (1024 1344 1184 ) (1024 1024 1184 ) (1024 1024 1856 ) (1024 1344 1856 ) 
4 166 176 (1024 1408 1184 ) (1024 1344 1184 ) (1024 1344 1856 ) (1024 1408 1856 ) 
4 166 175 (1024 1024 1856 ) (1024 1024 3008 ) (1024 1408 3008 ) (1024 1408 1856 ) 
4 166 167 (1024 2048 3008 ) (1024 2048 1184 ) (1024 1408 1184 ) (1024 1408 3008 ) 
4 167 180 (960 2048 1184 ) (1024 2048 1184 ) (1024 1408 1184 ) (960 1408 1184 ) 
4 167 176 (960 1408 1184 ) (1024 1408 1184 ) (1024 1408 1856 ) (960 1408 1856 ) 
4 167 175 (1024 1408 1856 ) (1024 1408 3008 ) (960 1408 3008 ) (960 1408 1856 ) 
4 167 168 (960 1408 1856 ) (960 1408 3008 ) (960 2048 3008 ) (960 2048 1856 ) 
4 168 175 (960 1408 1856 ) (960 1408 3008 ) (928 1408 3008 ) (928 1408 1856 ) 
4 168 169 (928 1408 1856 ) (928 1408 3008 ) (928 2048 3008 ) (928 2048 1856 ) 
4 169 175 (928 1408 1856 ) (928 1408 3008 ) (672 1408 3008 ) (672 1408 1856 ) 
4 169 170 (672 2048 3008 ) (672 2048 1536 ) (672 1408 1536 ) (672 1408 3008 ) 
4 170 185 (0 2048 3008 ) (0 2048 1312 ) (0 1408 1312 ) (0 1408 3008 ) 
4 170 177 (0 1408 1856 ) (0 1408 1312 ) (672 1408 1312 ) (672 1408 1856 ) 
4 170 175 (0 1408 3008 ) (0 1408 1856 ) (672 1408 1856 ) (672 1408 3008 ) 
4 170 173 (416 1408 1312 ) (32 1408 1312 ) (32 2048 1312 ) (416 2048 1312 ) 
4 170 174 (32 1408 1312 ) (0 1408 1312 ) (0 2048 1312 ) (32 2048 1312 ) 
3 170 171 (501.333008 1408 1312 ) (480 1408 1312 ) (480 1440 1312 ) 
4 170 172 (480 1408 1312 ) (416 1408 1312 ) (416 2048 1312 ) (480 2048 1312 ) 
4 171 177 (480 1408 1184 ) (501.333008 1408 1184 ) (501.333008 1408 1312 ) (480 1408 1312 ) 
4 171 172 (480 1440 1184 ) (480 1408 1184 ) (480 1408 1312 ) (480 1440 1312 ) 
4 172 177 (416 1408 1184 ) (480 1408 1184 ) (480 1408 1312 ) (416 1408 1312 ) 
4 172 173 (416 1856 1184 ) (416 1408 1184 ) (416 1408 1312 ) (416 2048 1312 ) 
4 173 177 (32 1408 1184 ) (416 1408 1184 ) (416 1408 1312 ) (32 1408 1312 ) 
4 173 174 (32 1856 1184 ) (32 1408 1184 ) (32 1408 1312 ) (32 2048 1312 ) 
4 174 185 (0 2048 1312 ) (0 2048 1184 ) (0 1408 1184 ) (0 1408 1312 ) 
4 174 182 (0 1408 1184 ) (0 2048 1184 ) (32 2048 1184 ) (32 1440 1184 ) 
4 174 177 (0 1408 1312 ) (0 1408 1184 ) (32 1408 1184 ) (32 1408 1312 ) 
4 175 199 (704 1024 3008 ) (672 1024 3008 ) (672 1024 1856 ) (704 1024 1856 ) 
4 175 198 (1024 1024 1856 ) (1024 1024 3008 ) (704 1024 3008 ) (704 1024 1856 ) 
4 175 201 (672 1024 3008 ) (0 1024 3008 ) (0 1024 1856 ) (672 1024 1856 ) 
4 175 185 (0 1024 1856 ) (0 1024 3008 ) (0 1408 3008 ) (0 1408 1856 ) 
4 175 178 (1024 1024 1856 ) (704 1024 1856 ) (704 1344 1856 ) (1024 1344 1856 ) 
4 175 179 (672 1024 1856 ) (0 1024 1856 ) (0 1344 1856 ) (672 1344 1856 ) 
4 175 176 (960 1408 1856 ) (1024 1408 1856 ) (1024 1344 1856 ) (960 1344 1856 ) 
4 175 177 (0 1344 1856 ) (0 1408 1856 ) (672 1408 1856 ) (672 1344 1856 ) 
4 176 180 (960 1408 1184 ) (1024 1408 1184 ) (1024 1344 1184 ) (960 1344 1184 ) 
4 176 178 (960 1344 1184 ) (1024 1344 1184 ) (1024 1344 1856 ) (960 1344 1856 ) 
4 177 185 (0 1344 1856 ) (0 1408 1856 ) (0 1408 1184 ) (0 1344 1184 ) 
4 177 179 (0 1344 1184 ) (672 1344 1184 ) (672 1344 1856 ) (0 1344 1856 ) 
4 178 198 (1024 1024 1184 ) (1024 1024 1856 ) (704 1024 1856 ) (704 1024 1184 ) 
4 178 181 (1024 1024 1184 ) (704 1024 1184 ) (704 1344 1184 ) (1024 1344 1184 ) 
4 179 201 (672 1024 1856 ) (0 1024 1856 ) (0 1024 1184 ) (672 1024 1184 ) 
4 179 185 (0 1024 1184 ) (0 1024 1856 ) (0 1344 1856 ) (0 1344 1184 ) 
4 180 183 (960 2048 1024 ) (1024 2048 1024 ) (1024 1344 1024 ) (960 1344 1024 ) 
4 180 181 (960 1344 1024 ) (1024 1344 1024 ) (1024 1344 1184 ) (960 1344 1184 ) 
4 181 202 (1024 1024 1024 ) (1024 1024 1184 ) (672 1024 1184 ) (672 1024 1024 ) 
4 181 183 (1024 1344 1024 ) (1024 1024 1024 ) (672 1024 1024 ) (672 1344 1024 ) 
4 182 186 (0 1408 1184 ) (0 2048 1184 ) (0 2048 1024 ) (0 1408 1024 ) 
4 183 205 (1024 1024 704 ) (1024 1024 1024 ) (96 1024 1024 ) (96 1024 704 ) 
4 183 184 (1024 1024 704 ) (96 1024 704 ) (96 2048 704 ) (1024 2048 704 ) 
4 184 206 (96 1024 704 ) (0 1024 704 ) (0 1024 64 ) (96 1024 64 ) 
4 184 205 (1024 1024 64 ) (1024 1024 704 ) (96 1024 704 ) (96 1024 64 ) 
4 184 195 (0 1024 64 ) (0 1024 704 ) (0 2048 704 ) (0 2048 64 ) 
4 185 210 (-64 1024 3008 ) (-672 1024 3008 ) (-672 1024 1184 ) (-64 1024 1184 ) 
4 185 208 (0 1024 1184 ) (0 1024 3008 ) (-64 1024 3008 ) (-64 1024 1184 ) 
4 185 191 (-672 1280 1184 ) (-672 1024 1184 ) (-672 1024 1216 ) (-672 1280 1216 ) 
4 185 190 (-672 1024 1856 ) (-672 1024 3008 ) (-672 1280 3008 ) (-672 1280 1856 ) 
4 185 189 (-672 2048 3008 ) (-672 2048 1856 ) (-672 1280 1856 ) (-672 1280 3008 ) 
4 185 188 (-64 1024 1184 ) (-672 1024 1184 ) (-672 1312 1184 ) (-64 1312 1184 ) 
3 185 187 (-64 1312 1184 ) (-96 1312 1184 ) (-64 1344 1184 ) 
5 185 186 (-672 1312 1184 ) (-672 2048 1184 ) (0 2048 1184 ) (0 1408 1184 ) (-96 1312 1184 ) 
5 186 188 (-96 1312 1184 ) (-672 1312 1184 ) (-672 1312 1024 ) (-320 1312 1024 ) (-96 1312 1164 ) 
4 186 187 (-96 1312 1184 ) (-96 1312 1024 ) (-64 1344 1024 ) (-64 1344 1184 ) 
3 187 188 (-64 1312 1184 ) (-96 1312 1184 ) (-96 1312 1164 ) 
4 188 210 (-64 1024 1184 ) (-672 1024 1184 ) (-672 1024 1024 ) (-320 1024 1024 ) 
4 188 191 (-672 1280 1024 ) (-672 1024 1024 ) (-672 1024 1184 ) (-672 1280 1184 ) 
4 189 192 (-704 1280 1856 ) (-704 1280 3008 ) (-704 2048 3008 ) (-704 2048 1856 ) 
4 189 190 (-672 1280 1856 ) (-672 1280 3008 ) (-704 1280 3008 ) (-704 1280 1856 ) 
4 190 212 (-704 1024 3008 ) (-704 1024 1856 ) (-672 1024 1856 ) (-672 1024 3008 ) 
4 190 192 (-704 1024 1856 ) (-704 1024 3008 ) (-704 1280 3008 ) (-704 1280 1856 ) 
4 191 213 (-704 1024 1216 ) (-704 1024 1024 ) (-672 1024 1024 ) (-672 1024 1216 ) 
4 191 194 (-704 1280 1024 ) (-704 1024 1024 ) (-704 1024 1184 ) (-704 1280 1184 ) 
4 191 193 (-704 1024 1184 ) (-704 1024 1216 ) (-704 1280 1216 ) (-704 1280 1184 ) 
4 192 226 (-1024 2048 3008 ) (-1024 2048 1856 ) (-1024 1024 1856 ) (-1024 1024 3008 ) 
4 192 214 (-1024 1024 3008 ) (-1024 1024 1856 ) (-704 1024 1856 ) (-704 1024 3008 ) 
4 193 228 (-1024 2048 1312 ) (-1024 2048 1184 ) (-1024 1888 1184 ) (-1024 1888 1312 ) 
4 193 229 (-1024 1888 1184 ) (-1024 1024 1184 ) (-1024 1024 1312 ) (-1024 1888 1312 ) 
4 193 227 (-1024 2048 1568 ) (-1024 2048 1312 ) (-1024 1024 1312 ) (-1024 1024 1568 ) 
4 193 215 (-1024 1024 1568 ) (-1024 1024 1184 ) (-704 1024 1184 ) (-704 1024 1568 ) 
4 193 194 (-1024 1024 1184 ) (-1024 1632 1184 ) (-704 1632 1184 ) (-704 1024 1184 ) 
4 194 229 (-1024 1376 1024 ) (-1024 1024 1024 ) (-1024 1024 1184 ) (-1024 1632 1184 ) 
4 194 215 (-1024 1024 1184 ) (-1024 1024 1024 ) (-704 1024 1024 ) (-704 1024 1184 ) 
4 195 232 (-1024 2048 704 ) (-1024 2048 64 ) (-1024 1024 64 ) (-1024 1024 704 ) 
4 195 220 (0 1024 64 ) (0 1024 704 ) (-1024 1024 704 ) (-1024 1024 64 ) 
4 196 205 (1024 1024 1024 ) (1024 1024 64 ) (1024 0 64 ) (1024 0 1024 ) 
4 196 202 (1024 1024 1184 ) (1024 1024 1024 ) (1024 0 1024 ) (1024 0 1184 ) 
4 196 198 (1024 1024 3008 ) (1024 1024 1184 ) (1024 0 1184 ) (1024 0 3008 ) 
4 196 197 (2048 0 64 ) (2048 0 3008 ) (1024 0 3008 ) (1024 0 64 ) 
4 197 223 (2048 -1024 64 ) (2048 -1024 3008 ) (1024 -1024 3008 ) (1024 -1024 64 ) 
4 197 221 (1024 -1024 64 ) (1024 -1024 3008 ) (1024 0 3008 ) (1024 0 64 ) 
4 198 221 (1024 0 1184 ) (1024 0 3008 ) (704 0 3008 ) (704 0 1184 ) 
4 198 202 (704 1024 1184 ) (1024 1024 1184 ) (1024 0 1184 ) (704 0 1184 ) 
4 198 199 (704 672 1856 ) (704 672 3008 ) (704 1024 3008 ) (704 1024 1856 ) 
4 198 200 (704 672 1184 ) (704 0 1184 ) (704 0 3008 ) (704 672 3008 ) 
4 199 200 (672 672 3008 ) (672 672 1856 ) (704 672 1856 ) (704 672 3008 ) 
4 199 201 (672 672 1856 ) (672 672 3008 ) (672 1024 3008 ) (672 1024 1856 ) 
4 200 221 (704 0 3008 ) (672 0 3008 ) (672 0 1184 ) (704 0 1184 ) 
4 200 202 (704 672 1184 ) (704 0 1184 ) (672 0 1184 ) (672 672 1184 ) 
4 200 201 (672 672 1184 ) (672 0 1184 ) (672 0 3008 ) (672 672 3008 ) 
4 201 221 (672 0 3008 ) (0 0 3008 ) (0 0 1184 ) (672 0 1184 ) 
4 201 218 (0 672 1184 ) (0 0 1184 ) (0 0 3008 ) (0 672 3008 ) 
4 201 208 (0 1024 3008 ) (0 1024 1184 ) (0 672 1184 ) (0 672 3008 ) 
3 201 203 (0 672 1184 ) (0 844.800049 1184 ) (96 672 1184 ) 
4 201 204 (0 0 1184 ) (0 672 1184 ) (672 672 1184 ) (672 0 1184 ) 
4 202 221 (1024 0 1024 ) (1024 0 1184 ) (672 0 1184 ) (672 0 1024 ) 
4 202 205 (1024 0 1024 ) (672 0 1024 ) (672 1024 1024 ) (1024 1024 1024 ) 
4 202 204 (672 672 1024 ) (672 0 1024 ) (672 0 1184 ) (672 672 1184 ) 
4 203 209 (0 844.800049 1024 ) (0 672 1024 ) (0 672 1184 ) (0 844.800049 1184 ) 
4 203 204 (0 672 1024 ) (96 672 1024 ) (96 672 1184 ) (0 672 1184 ) 
4 204 221 (672 0 1184 ) (0 0 1184 ) (0 0 1024 ) (672 0 1024 ) 
4 204 218 (0 672 1024 ) (0 0 1024 ) (0 0 1184 ) (0 672 1184 ) 
4 204 207 (96 0 1024 ) (0 0 1024 ) (0 672 1024 ) (96 672 1024 ) 
4 204 205 (672 0 1024 ) (96 0 1024 ) (96 672 1024 ) (672 672 1024 ) 
4 205 221 (1024 0 64 ) (1024 0 1024 ) (96 0 1024 ) (96 0 64 ) 
4 205 206 (96 1024 64 ) (96 672 64 ) (96 672 704 ) (96 1024 704 ) 
4 205 207 (96 672 64 ) (96 0 64 ) (96 0 1024 ) (96 672 1024 ) 
4 206 220 (0 1024 704 ) (0 1024 64 ) (0 672 64 ) (0 672 704 ) 
4 206 207 (0 672 64 ) (96 672 64 ) (96 672 704 ) (0 672 704 ) 
4 207 221 (96 0 1024 ) (0 0 1024 ) (0 0 64 ) (96 0 64 ) 
4 207 220 (0 672 64 ) (0 0 64 ) (0 0 704 ) (0 672 704 ) 
4 207 219 (0 0 704 ) (0 0 1024 ) (0 672 1024 ) (0 672 704 ) 
4 208 218 (0 672 1184 ) (0 672 3008 ) (-64 672 3008 ) (-64 672 1184 ) 
4 208 210 (-64 960 3008 ) (-64 1024 3008 ) (-64 1024 1184 ) (-64 960 1184 ) 
4 208 211 (-64 672 1184 ) (-64 672 3008 ) (-64 960 3008 ) (-64 960 1184 ) 
4 208 209 (0 672 1184 ) (-64 672 1184 ) (-64 960 1184 ) (0 844.800049 1184 ) 
4 209 218 (-64 672 1024 ) (0 672 1024 ) (0 672 1184 ) (-64 672 1184 ) 
4 209 211 (-64 960 1024 ) (-64 672 1024 ) (-64 672 1184 ) (-64 960 1184 ) 
4 210 213 (-672 1024 1216 ) (-672 1024 1024 ) (-672 960 1024 ) (-672 960 1216 ) 
4 210 212 (-672 1024 3008 ) (-672 1024 1856 ) (-672 960 1856 ) (-672 960 3008 ) 
5 210 211 (-64 960 1184 ) (-64 960 3008 ) (-672 960 3008 ) (-672 960 1024 ) (-320 960 1024 ) 
4 211 218 (-672 672 1024 ) (-64 672 1024 ) (-64 672 3008 ) (-672 672 3008 ) 
4 211 213 (-672 960 1024 ) (-672 928 1024 ) (-672 928 1216 ) (-672 960 1216 ) 
4 211 212 (-672 672 1856 ) (-672 672 3008 ) (-672 960 3008 ) (-672 960 1856 ) 
4 212 218 (-672 672 1856 ) (-672 672 3008 ) (-704 672 3008 ) (-704 672 1856 ) 
4 212 216 (-704 672 1856 ) (-704 672 3008 ) (-704 704 3008 ) (-704 704 1856 ) 
4 212 214 (-704 704 3008 ) (-704 1024 3008 ) (-704 1024 1856 ) (-704 704 1856 ) 
4 213 215 (-704 1024 1024 ) (-704 928 1024 ) (-704 928 1216 ) (-704 1024 1216 ) 
4 214 280 (-1024 1024 3008 ) (-1024 1024 1856 ) (-1024 704 1856 ) (-1024 704 3008 ) 
4 214 216 (-1024 704 3008 ) (-1024 704 1856 ) (-704 704 1856 ) (-704 704 3008 ) 
5 215 281 (-1024 1024 1568 ) (-1024 1024 1024 ) (-1024 704 1024 ) (-1024 704 1312 ) (-1024 988.444458 1568 ) 
4 215 217 (-1024 704 1184 ) (-1024 704 1024 ) (-960 704 1024 ) (-960 704 1184 ) 
4 216 282 (-1024 704 3008 ) (-1024 704 1856 ) (-1024 672 1856 ) (-1024 672 3008 ) 
4 216 218 (-1024 672 3008 ) (-1024 672 1856 ) (-704 672 1856 ) (-704 672 3008 ) 
4 217 283 (-1024 704 1184 ) (-1024 704 1024 ) (-1024 672 1024 ) (-1024 672 1184 ) 
4 217 218 (-1024 672 1184 ) (-1024 672 1024 ) (-960 672 1024 ) (-960 672 1184 ) 
4 218 286 (-1024 0 1024 ) (-1024 0 3008 ) (-1024 672 3008 ) (-1024 672 1024 ) 
4 218 222 (0 0 1024 ) (0 0 3008 ) (-1024 0 3008 ) (-1024 0 1024 ) 
4 218 219 (0 672 1024 ) (0 0 1024 ) (-1024 0 1024 ) (-1024 672 1024 ) 
4 219 286 (-1024 0 704 ) (-1024 0 1024 ) (-1024 672 1024 ) (-1024 672 704 ) 
4 219 222 (0 0 704 ) (0 0 1024 ) (-1024 0 1024 ) (-1024 0 704 ) 
4 219 220 (0 0 704 ) (-1024 0 704 ) (-1024 672 704 ) (0 672 704 ) 
4 220 288 (-1024 0 64 ) (-1024 0 704 ) (-1024 672 704 ) (-1024 672 64 ) 
4 220 285 (-1024 672 704 ) (-1024 1024 704 ) (-1024 1024 64 ) (-1024 672 64 ) 
4 220 222 (0 0 64 ) (0 0 704 ) (-1024 0 704 ) (-1024 0 64 ) 
4 221 224 (1024 -1024 64 ) (1024 -1024 3008 ) (0 -1024 3008 ) (0 -1024 64 ) 
4 221 222 (0 0 3008 ) (0 0 64 ) (0 -1024 64 ) (0 -1024 3008 ) 
4 222 290 (-1024 -1024 64 ) (-1024 -1024 1344 ) (-1024 0 1344 ) (-1024 0 64 ) 
4 222 289 (-1024 -1024 1344 ) (-1024 -1024 3008 ) (-1024 0 3008 ) (-1024 0 1344 ) 
4 222 225 (0 -1024 64 ) (0 -1024 3008 ) (-1024 -1024 3008 ) (-1024 -1024 64 ) 
4 223 224 (1024 -1024 3008 ) (1024 -1024 64 ) (1024 -2048 64 ) (1024 -2048 3008 ) 
4 224 225 (0 -2048 64 ) (0 -2048 3008 ) (0 -1024 3008 ) (0 -1024 64 ) 
4 225 323 (-1024 -2048 64 ) (-1024 -2048 3008 ) (-1024 -1024 3008 ) (-1024 -1024 64 ) 
4 226 280 (-1024 1024 1856 ) (-1024 1024 3008 ) (-2048 1024 3008 ) (-2048 1024 1856 ) 
4 226 233 (-2048 2048 3008 ) (-2048 2048 1856 ) (-2048 1024 1856 ) (-2048 1024 3008 ) 
4 227 281 (-1024 1024 1312 ) (-1024 1024 1568 ) (-2048 1024 1568 ) (-2048 1024 1312 ) 
4 227 234 (-2048 2048 1568 ) (-2048 2048 1312 ) (-2048 1024 1312 ) (-2048 1024 1568 ) 
3 227 230 (-1280 1536 1312 ) (-1280 1472 1312 ) (-1344 1472 1312 ) 
4 227 231 (-2048 1024 1312 ) (-2048 1472 1312 ) (-1280 1472 1312 ) (-1280 1024 1312 ) 
4 227 228 (-1280 2048 1312 ) (-1024 2048 1312 ) (-1024 1888 1312 ) (-1280 1888 1312 ) 
4 227 229 (-1024 1888 1312 ) (-1024 1024 1312 ) (-1280 1024 1312 ) (-1280 1888 1312 ) 
3 228 229 (-1280 1888 1312 ) (-1024 1888 1184 ) (-1024 1888 1312 ) 
4 229 281 (-1024 1024 1024 ) (-1024 1024 1312 ) (-1280 1024 1312 ) (-1280 1024 1024 ) 
4 229 230 (-1280 1536 1024 ) (-1280 1472 1024 ) (-1280 1472 1312 ) (-1280 1536 1312 ) 
4 229 231 (-1280 1472 1024 ) (-1280 1024 1024 ) (-1280 1024 1312 ) (-1280 1472 1312 ) 
4 230 231 (-1344 1472 1024 ) (-1280 1472 1024 ) (-1280 1472 1312 ) (-1344 1472 1312 ) 
4 231 281 (-1280 1024 1312 ) (-2048 1024 1312 ) (-2048 1024 1024 ) (-1280 1024 1024 ) 
4 231 235 (-2048 1472 1024 ) (-2048 1024 1024 ) (-2048 1024 1312 ) (-2048 1472 1312 ) 
4 232 285 (-1024 1024 64 ) (-1024 1024 704 ) (-2048 1024 704 ) (-2048 1024 64 ) 
4 232 262 (-2048 2048 704 ) (-2048 2048 64 ) (-2048 1024 64 ) (-2048 1024 704 ) 
4 233 293 (-2048 1024 1856 ) (-2048 1024 3008 ) (-2080 1024 3008 ) (-2080 1024 1856 ) 
4 233 238 (-2080 1664 1856 ) (-2080 1024 1856 ) (-2080 1024 3008 ) (-2080 1664 3008 ) 
4 233 236 (-2080 2048 3008 ) (-2080 2048 1856 ) (-2080 1664 1856 ) (-2080 1664 3008 ) 
4 234 294 (-2048 1024 1312 ) (-2048 1024 1568 ) (-2080 1024 1568 ) (-2080 1024 1312 ) 
4 234 237 (-2080 1984 1312 ) (-2080 1664 1312 ) (-2080 1664 1504 ) (-2080 1984 1504 ) 
4 234 235 (-2080 1024 1312 ) (-2080 1472 1312 ) (-2048 1472 1312 ) (-2048 1024 1312 ) 
4 235 294 (-2048 1024 1024 ) (-2048 1024 1312 ) (-2080 1024 1312 ) (-2080 1024 1024 ) 
4 235 239 (-2080 1248 1024 ) (-2080 1024 1024 ) (-2080 1024 1216 ) (-2080 1248 1216 ) 
4 236 240 (-2112 2048 3008 ) (-2112 2048 1856 ) (-2112 1664 1856 ) (-2112 1664 3008 ) 
4 236 238 (-2112 1664 3008 ) (-2112 1664 1856 ) (-2080 1664 1856 ) (-2080 1664 3008 ) 
4 237 242 (-2112 1984 1312 ) (-2112 1664 1312 ) (-2112 1664 1504 ) (-2112 1984 1504 ) 
4 238 295 (-2112 1024 3008 ) (-2112 1024 1856 ) (-2080 1024 1856 ) (-2080 1024 3008 ) 
4 238 240 (-2112 1024 1856 ) (-2112 1024 3008 ) (-2112 1664 3008 ) (-2112 1664 1856 ) 
4 239 296 (-2112 1024 1216 ) (-2112 1024 1024 ) (-2080 1024 1024 ) (-2080 1024 1216 ) 
4 239 253 (-2112 1024 1024 ) (-2112 1024 1216 ) (-2112 1248 1216 ) (-2112 1248 1024 ) 
4 240 303 (-2688 1024 1856 ) (-2656 1024 1856 ) (-2656 1024 3008 ) (-2688 1024 3008 ) 
4 240 304 (-3072 1024 3008 ) (-3072 1024 1856 ) (-2688 1024 1856 ) (-2688 1024 3008 ) 
4 240 298 (-2656 1024 1856 ) (-2112 1024 1856 ) (-2112 1024 3008 ) (-2656 1024 3008 ) 
4 240 267 (-3072 1024 1856 ) (-3072 1024 3008 ) (-3072 2048 3008 ) (-3072 2048 1856 ) 
4 240 255 (-2656 1024 1856 ) (-2688 1024 1856 ) (-2688 1280 1856 ) (-2656 1280 1856 ) 
4 240 256 (-2688 1024 1856 ) (-3072 1024 1856 ) (-3072 1280 1856 ) (-2688 1280 1856 ) 
4 240 252 (-2112 1280 1856 ) (-2112 1024 1856 ) (-2656 1024 1856 ) (-2656 1280 1856 ) 
4 240 250 (-2112 1312 1856 ) (-2112 1280 1856 ) (-2688 1280 1856 ) (-2688 1312 1856 ) 
4 240 251 (-2688 1280 1856 ) (-3072 1280 1856 ) (-3072 1312 1856 ) (-2688 1312 1856 ) 
4 240 248 (-2624 1312 1856 ) (-2944 1312 1856 ) (-2944 1472 1856 ) (-2624 1472 1856 ) 
4 240 246 (-2112 1504 1856 ) (-2112 1312 1856 ) (-2624 1312 1856 ) (-2624 1504 1856 ) 
4 240 249 (-2944 1312 1856 ) (-3072 1312 1856 ) (-3072 1504 1856 ) (-2944 1504 1856 ) 
4 241 244 (-3040 2048 1504 ) (-3040 2048 1312 ) (-3040 2016 1312 ) (-3040 2016 1504 ) 
4 241 242 (-3040 2016 1312 ) (-2528 2016 1312 ) (-2528 2016 1824 ) (-3040 2016 1824 ) 
4 242 243 (-3040 1632 1824 ) (-3040 1632 1312 ) (-2528 1632 1312 ) (-2528 1632 1824 ) 
4 244 268 (-3072 2048 1504 ) (-3072 2048 1312 ) (-3072 2016 1312 ) (-3072 2016 1504 ) 
4 245 271 (-3072 2048 1280 ) (-3072 2048 832 ) (-3072 1504 832 ) (-3072 1504 1280 ) 
4 245 263 (-2656 2048 832 ) (-2112 2048 832 ) (-2112 1504 832 ) (-2656 1504 832 ) 
4 245 257 (-2688 2048 832 ) (-2656 2048 832 ) (-2656 1504 832 ) (-2688 1504 832 ) 
4 245 258 (-3072 1504 832 ) (-3072 2048 832 ) (-2688 2048 832 ) (-2688 1504 832 ) 
4 245 247 (-2944 1504 832 ) (-2624 1504 832 ) (-2624 1504 1280 ) (-2944 1504 1280 ) 
4 245 246 (-2624 1504 832 ) (-2112 1504 832 ) (-2112 1504 1280 ) (-2624 1504 1280 ) 
4 245 249 (-3072 1504 832 ) (-2944 1504 832 ) (-2944 1504 1280 ) (-3072 1504 1280 ) 
4 246 263 (-2624 1504 832 ) (-2112 1504 832 ) (-2112 1312 832 ) (-2624 1312 832 ) 
4 246 250 (-2112 1312 1344 ) (-2112 1312 1856 ) (-2624 1312 1856 ) (-2624 1312 1344 ) 
4 246 247 (-2624 1504 1280 ) (-2624 1504 832 ) (-2624 1472 832 ) (-2624 1472 1280 ) 
4 246 248 (-2624 1472 832 ) (-2624 1312 832 ) (-2624 1312 1856 ) (-2624 1472 1856 ) 
4 247 263 (-2656 1504 832 ) (-2624 1504 832 ) (-2624 1472 832 ) (-2656 1472 832 ) 
4 247 257 (-2688 1504 832 ) (-2656 1504 832 ) (-2656 1472 832 ) (-2688 1472 832 ) 
4 247 258 (-2944 1504 832 ) (-2688 1504 832 ) (-2688 1472 832 ) (-2944 1472 832 ) 
4 247 248 (-2944 1472 1280 ) (-2944 1472 832 ) (-2624 1472 832 ) (-2624 1472 1280 ) 
4 247 249 (-2944 1504 1280 ) (-2944 1504 832 ) (-2944 1472 832 ) (-2944 1472 1280 ) 
4 248 263 (-2624 1472 832 ) (-2624 1312 832 ) (-2656 1312 832 ) (-2656 1472 832 ) 
4 248 257 (-2656 1312 832 ) (-2688 1312 832 ) (-2688 1472 832 ) (-2656 1472 832 ) 
4 248 258 (-2688 1312 832 ) (-2944 1312 832 ) (-2944 1472 832 ) (-2688 1472 832 ) 
4 248 250 (-2624 1312 1344 ) (-2624 1312 1856 ) (-2688 1312 1856 ) (-2688 1312 1344 ) 
4 248 251 (-2944 1312 832 ) (-2688 1312 832 ) (-2688 1312 1856 ) (-2944 1312 1856 ) 
4 248 249 (-2944 1472 832 ) (-2944 1312 832 ) (-2944 1312 1856 ) (-2944 1472 1856 ) 
4 249 271 (-3072 1504 1280 ) (-3072 1504 832 ) (-3072 1312 832 ) (-3072 1312 1280 ) 
4 249 270 (-3072 1504 1312 ) (-3072 1504 1280 ) (-3072 1312 1280 ) (-3072 1312 1312 ) 
4 249 269 (-3072 1312 1856 ) (-3072 1504 1856 ) (-3072 1504 1312 ) (-3072 1312 1312 ) 
4 249 258 (-3072 1312 832 ) (-3072 1504 832 ) (-2944 1504 832 ) (-2944 1312 832 ) 
4 249 251 (-3072 1312 832 ) (-2944 1312 832 ) (-2944 1312 1856 ) (-3072 1312 1856 ) 
4 250 255 (-2656 1280 1856 ) (-2688 1280 1856 ) (-2688 1280 1344 ) (-2656 1280 1344 ) 
4 250 252 (-2112 1280 1344 ) (-2112 1280 1856 ) (-2656 1280 1856 ) (-2656 1280 1344 ) 
4 250 251 (-2688 1312 1856 ) (-2688 1312 1344 ) (-2688 1280 1344 ) (-2688 1280 1856 ) 
4 251 271 (-3072 1312 1280 ) (-3072 1312 832 ) (-3072 1280 832 ) (-3072 1280 1280 ) 
4 251 270 (-3072 1312 1312 ) (-3072 1312 1280 ) (-3072 1280 1280 ) (-3072 1280 1312 ) 
4 251 269 (-3072 1280 1856 ) (-3072 1312 1856 ) (-3072 1312 1312 ) (-3072 1280 1312 ) 
4 251 258 (-3072 1280 832 ) (-3072 1312 832 ) (-2688 1312 832 ) (-2688 1280 832 ) 
4 251 256 (-3072 1280 832 ) (-2688 1280 832 ) (-2688 1280 1856 ) (-3072 1280 1856 ) 
4 252 298 (-2112 1024 1344 ) (-2112 1024 1856 ) (-2656 1024 1856 ) (-2656 1024 1344 ) 
4 252 255 (-2656 1280 1856 ) (-2656 1280 1344 ) (-2656 1024 1344 ) (-2656 1024 1856 ) 
4 253 299 (-2112 1024 1024 ) (-2112 1024 1312 ) (-2272 1024 1312 ) (-2272 1024 1024 ) 
4 253 254 (-2272 1024 1312 ) (-2272 1280 1312 ) (-2272 1280 1024 ) (-2272 1024 1024 ) 
4 254 301 (-2656 1024 832 ) (-2272 1024 832 ) (-2272 1024 1024 ) (-2656 1024 1024 ) 
4 254 299 (-2272 1024 1024 ) (-2272 1024 1312 ) (-2656 1024 1312 ) (-2656 1024 1024 ) 
4 254 265 (-2272 1024 832 ) (-2656 1024 832 ) (-2656 1280 832 ) (-2272 1280 832 ) 
4 255 303 (-2656 1024 1344 ) (-2656 1024 1856 ) (-2688 1024 1856 ) (-2688 1024 1344 ) 
4 255 256 (-2688 1280 1856 ) (-2688 1280 1344 ) (-2688 1024 1344 ) (-2688 1024 1856 ) 
4 256 304 (-3072 1024 1856 ) (-3072 1024 832 ) (-2688 1024 832 ) (-2688 1024 1856 ) 
4 256 271 (-3072 1024 832 ) (-3072 1024 1280 ) (-3072 1280 1280 ) (-3072 1280 832 ) 
4 256 270 (-3072 1024 1280 ) (-3072 1024 1312 ) (-3072 1280 1312 ) (-3072 1280 1280 ) 
4 256 269 (-3072 1024 1312 ) (-3072 1024 1856 ) (-3072 1280 1856 ) (-3072 1280 1312 ) 
4 256 260 (-2688 1024 832 ) (-3072 1024 832 ) (-3072 1280 832 ) (-2688 1280 832 ) 
4 257 263 (-2656 2048 832 ) (-2656 1312 832 ) (-2644.252686 1312 704 ) (-2644.252686 2048 704 ) 
4 257 261 (-2688 2048 704 ) (-2644.250244 2048 704 ) (-2644.250244 1312 704 ) (-2688 1312 704 ) 
4 257 258 (-2688 2048 704 ) (-2688 1312 704 ) (-2688 1312 832 ) (-2688 2048 832 ) 
4 258 271 (-3072 1280 832 ) (-3072 2048 832 ) (-3072 2048 704 ) (-3072 1280 704 ) 
4 258 261 (-3072 2048 704 ) (-2688 2048 704 ) (-2688 1280 704 ) (-3072 1280 704 ) 
4 258 260 (-3072 1280 704 ) (-2688 1280 704 ) (-2688 1280 832 ) (-3072 1280 832 ) 
3 259 305 (-2647.189941 1024 736 ) (-2656 1024 832 ) (-2656 1024 736 ) 
4 259 265 (-2656 1280 832 ) (-2656 1024 832 ) (-2647.189453 1024 736 ) (-2647.189453 1280 736 ) 
4 260 308 (-2688 1024 832 ) (-3072 1024 832 ) (-3072 1024 704 ) (-2688 1024 704 ) 
4 260 271 (-3072 1024 704 ) (-3072 1024 832 ) (-3072 1280 832 ) (-3072 1280 704 ) 
4 260 261 (-2688 1024 704 ) (-3072 1024 704 ) (-3072 1280 704 ) (-2688 1280 704 ) 
4 261 307 (-2656 1024 704 ) (-2688 1024 704 ) (-2688 1024 64 ) (-2656 1024 64 ) 
4 261 308 (-2688 1024 704 ) (-3072 1024 704 ) (-3072 1024 64 ) (-2688 1024 64 ) 
4 261 306 (-2585.519531 1024 64 ) (-2644.253174 1024 704 ) (-2656 1024 704 ) (-2656 1024 64 ) 
4 261 271 (-3072 1024 64 ) (-3072 1024 704 ) (-3072 2048 704 ) (-3072 2048 64 ) 
4 261 266 (-2644.252686 1024 704 ) (-2585.519043 1024 64 ) (-2585.519043 1280 64 ) (-2644.252686 1280 704 ) 
4 261 264 (-2585.519043 1280 64 ) (-2585.519043 1312 64 ) (-2644.252686 1312 704 ) (-2644.252686 1280 704 ) 
4 261 263 (-2585.519043 1312 64 ) (-2585.519043 2048 64 ) (-2644.252686 2048 704 ) (-2644.252686 1312 704 ) 
4 262 310 (-2048 1024 64 ) (-2048 1024 704 ) (-2112 1024 704 ) (-2112 1024 64 ) 
4 262 266 (-2112 1280 64 ) (-2112 1024 64 ) (-2112 1024 704 ) (-2112 1280 704 ) 
4 262 264 (-2112 1312 64 ) (-2112 1280 64 ) (-2112 1280 704 ) (-2112 1312 704 ) 
4 262 263 (-2112 2048 704 ) (-2112 2048 64 ) (-2112 1312 64 ) (-2112 1312 704 ) 
4 263 264 (-2644.253174 1312 704 ) (-2585.519531 1312 64 ) (-2112 1312 64 ) (-2112 1312 704 ) 
4 264 266 (-2644.253174 1280 704 ) (-2585.519531 1280 64 ) (-2112 1280 64 ) (-2112 1280 704 ) 
4 265 309 (-2272 1024 832 ) (-2656 1024 832 ) (-2647.189941 1024 736 ) (-2272 1024 736 ) 
4 266 310 (-2112 1024 64 ) (-2112 1024 704 ) (-2644.253174 1024 704 ) (-2585.519531 1024 64 ) 
4 267 311 (-3072 1024 1856 ) (-3072 1024 3008 ) (-3168 1024 3008 ) (-3168 1024 1856 ) 
4 267 272 (-3168 2048 3008 ) (-3168 2048 1856 ) (-3168 1024 1856 ) (-3168 1024 3008 ) 
4 267 269 (-3168 1024 1856 ) (-3168 1504 1856 ) (-3072 1504 1856 ) (-3072 1024 1856 ) 
4 268 273 (-3168 2048 1504 ) (-3168 2048 1312 ) (-3168 2016 1312 ) (-3168 2016 1504 ) 
4 269 311 (-3072 1024 1312 ) (-3072 1024 1856 ) (-3168 1024 1856 ) (-3168 1024 1312 ) 
4 269 275 (-3168 1024 1312 ) (-3168 1024 1856 ) (-3168 1504 1856 ) (-3168 1504 1312 ) 
4 269 270 (-3168 1024 1312 ) (-3168 1504 1312 ) (-3072 1504 1312 ) (-3072 1024 1312 ) 
4 270 311 (-3072 1024 1280 ) (-3072 1024 1312 ) (-3168 1024 1312 ) (-3168 1024 1280 ) 
4 270 275 (-3168 1504 1280 ) (-3168 1024 1280 ) (-3168 1024 1312 ) (-3168 1504 1312 ) 
4 270 271 (-3072 1024 1280 ) (-3168 1024 1280 ) (-3168 1504 1280 ) (-3072 1504 1280 ) 
4 271 311 (-3072 1024 64 ) (-3072 1024 1280 ) (-3168 1024 1280 ) (-3168 1024 64 ) 
4 271 276 (-3168 1984 64 ) (-3168 1024 64 ) (-3168 1024 1280 ) (-3168 1984 1280 ) 
4 271 274 (-3168 2048 1280 ) (-3168 2048 64 ) (-3168 1984 64 ) (-3168 1984 1280 ) 
4 272 320 (-4096 2048 3008 ) (-4096 2048 1856 ) (-4096 1024 1856 ) (-4096 1024 3008 ) 
4 272 311 (-3168 1024 1856 ) (-3168 1024 3008 ) (-4096 1024 3008 ) (-4096 1024 1856 ) 
4 272 278 (-3776 1888 1856 ) (-3776 1024 1856 ) (-3872 1024 1856 ) (-3872 1888 1856 ) 
4 272 279 (-4096 2048 1856 ) (-3872 2048 1856 ) (-3872 1024 1856 ) (-4096 1024 1856 ) 
4 272 275 (-3168 1888 1856 ) (-3168 1024 1856 ) (-3776 1024 1856 ) (-3776 1888 1856 ) 
4 274 277 (-3776 2048 1280 ) (-3776 2048 64 ) (-3776 1984 64 ) (-3776 1984 1280 ) 
4 274 276 (-3776 1984 1280 ) (-3776 1984 64 ) (-3168 1984 64 ) (-3168 1984 1280 ) 
4 275 311 (-3168 1024 1280 ) (-3168 1024 1856 ) (-3776 1024 1856 ) (-3776 1024 1280 ) 
4 275 278 (-3776 1024 1856 ) (-3776 1888 1856 ) (-3776 1888 1280 ) (-3776 1024 1280 ) 
4 275 276 (-3776 1024 1280 ) (-3776 1888 1280 ) (-3168 1888 1280 ) (-3168 1024 1280 ) 
4 276 311 (-3168 1024 64 ) (-3168 1024 1280 ) (-3776 1024 1280 ) (-3776 1024 64 ) 
4 276 277 (-3776 1984 1280 ) (-3776 1984 64 ) (-3776 1888 64 ) (-3776 1888 1280 ) 
4 276 278 (-3776 1888 64 ) (-3776 1024 64 ) (-3776 1024 1280 ) (-3776 1888 1280 ) 
4 277 278 (-3872 1888 1280 ) (-3872 1888 64 ) (-3776 1888 64 ) (-3776 1888 1280 ) 
4 277 279 (-3872 2048 64 ) (-3872 1888 64 ) (-3872 1888 1280 ) (-3872 2048 1280 ) 
4 278 311 (-3776 1024 64 ) (-3776 1024 1856 ) (-3872 1024 1856 ) (-3872 1024 64 ) 
4 278 279 (-3872 1888 64 ) (-3872 1024 64 ) (-3872 1024 1856 ) (-3872 1888 1856 ) 
4 279 320 (-4096 2048 1856 ) (-4096 2048 64 ) (-4096 1024 64 ) (-4096 1024 1856 ) 
4 279 311 (-3872 1024 1856 ) (-4096 1024 1856 ) (-4096 1024 64 ) (-3872 1024 64 ) 
4 280 293 (-2048 1024 3008 ) (-2048 1024 1856 ) (-2048 704 1856 ) (-2048 704 3008 ) 
4 280 284 (-2048 704 3008 ) (-2048 704 1856 ) (-1152 704 1856 ) (-1152 704 3008 ) 
4 280 282 (-1152 704 1856 ) (-1024 704 1856 ) (-1024 704 3008 ) (-1152 704 3008 ) 
5 281 294 (-2048 1024 1568 ) (-2048 1024 1024 ) (-2048 704 1024 ) (-2048 704 1312 ) (-2048 988.444458 1568 ) 
4 281 283 (-1152 704 1024 ) (-1024 704 1024 ) (-1024 704 1184 ) (-1152 704 1184 ) 
4 282 286 (-1024 672 1856 ) (-1024 672 3008 ) (-1152 672 3008 ) (-1152 672 1856 ) 
4 282 284 (-1152 672 3008 ) (-1152 704 3008 ) (-1152 704 1856 ) (-1152 672 1856 ) 
4 283 286 (-1152 672 1024 ) (-1024 672 1024 ) (-1024 672 1184 ) (-1152 672 1184 ) 
4 284 293 (-2048 672 1856 ) (-2048 672 3008 ) (-2048 704 3008 ) (-2048 704 1856 ) 
4 284 287 (-2048 672 3008 ) (-2048 672 1856 ) (-2016 672 1856 ) (-2016 672 3008 ) 
4 284 286 (-2016 672 1856 ) (-1152 672 1856 ) (-1152 672 3008 ) (-2016 672 3008 ) 
4 285 310 (-2048 1024 704 ) (-2048 1024 64 ) (-2048 672 64 ) (-2048 672 704 ) 
4 285 288 (-2048 672 704 ) (-2048 672 64 ) (-1024 672 64 ) (-1024 672 704 ) 
4 286 290 (-1024 0 704 ) (-1024 0 1344 ) (-2016 0 1344 ) (-2016 0 704 ) 
4 286 289 (-1024 0 1344 ) (-1024 0 3008 ) (-2016 0 3008 ) (-2016 0 1344 ) 
4 286 288 (-1024 0 704 ) (-2016 0 704 ) (-2016 672 704 ) (-1024 672 704 ) 
4 286 287 (-2016 0 1344 ) (-2016 0 3008 ) (-2016 672 3008 ) (-2016 672 1344 ) 
4 287 297 (-2048 0 1344 ) (-2048 0 3008 ) (-2048 672 3008 ) (-2048 672 1344 ) 
4 287 289 (-2016 0 3008 ) (-2048 0 3008 ) (-2048 0 1344 ) (-2016 0 1344 ) 
4 288 310 (-2048 0 64 ) (-2048 0 704 ) (-2048 672 704 ) (-2048 672 64 ) 
4 288 291 (-2016 0 704 ) (-2048 0 704 ) (-2048 0 64 ) (-2016 0 64 ) 
4 288 290 (-1024 0 64 ) (-1024 0 704 ) (-2016 0 704 ) (-2016 0 64 ) 
4 289 323 (-1024 -1024 1344 ) (-1024 -1024 3008 ) (-2048 -1024 3008 ) (-2048 -1024 1344 ) 
4 289 312 (-2048 -1024 1344 ) (-2048 -1024 3008 ) (-2048 0 3008 ) (-2048 0 1344 ) 
4 289 292 (-2016 -1024 1344 ) (-2048 -1024 1344 ) (-2048 -96 1344 ) (-2016 -96 1344 ) 
4 289 290 (-1024 -1024 1344 ) (-2016 -1024 1344 ) (-2016 0 1344 ) (-1024 0 1344 ) 
4 290 323 (-1024 -1024 64 ) (-1024 -1024 1344 ) (-2016 -1024 1344 ) (-2016 -1024 64 ) 
4 290 291 (-2016 0 64 ) (-2016 -96 64 ) (-2016 -96 704 ) (-2016 0 704 ) 
4 290 292 (-2016 -96 64 ) (-2016 -1024 64 ) (-2016 -1024 1344 ) (-2016 -96 1344 ) 
4 291 318 (-2048 0 704 ) (-2048 0 64 ) (-2048 -96 64 ) (-2048 -96 704 ) 
4 291 292 (-2048 -96 64 ) (-2016 -96 64 ) (-2016 -96 704 ) (-2048 -96 704 ) 
4 292 323 (-2016 -1024 1344 ) (-2048 -1024 1344 ) (-2048 -1024 64 ) (-2016 -1024 64 ) 
4 292 318 (-2048 -1024 64 ) (-2048 -1024 704 ) (-2048 -96 704 ) (-2048 -96 64 ) 
4 292 313 (-2048 -1024 704 ) (-2048 -1024 1344 ) (-2048 -96 1344 ) (-2048 -96 704 ) 
4 293 297 (-2048 672 1856 ) (-2048 672 3008 ) (-2080 672 3008 ) (-2080 672 1856 ) 
4 293 295 (-2080 1024 3008 ) (-2080 1024 1856 ) (-2080 672 1856 ) (-2080 672 3008 ) 
4 294 296 (-2080 1024 1216 ) (-2080 1024 1024 ) (-2080 928 1024 ) (-2080 928 1216 ) 
4 295 298 (-2112 1024 3008 ) (-2112 1024 1856 ) (-2112 672 1856 ) (-2112 672 3008 ) 
4 295 297 (-2112 672 3008 ) (-2112 672 1856 ) (-2080 672 1856 ) (-2080 672 3008 ) 
4 296 299 (-2112 1024 1216 ) (-2112 1024 1024 ) (-2112 928 1024 ) (-2112 928 1216 ) 
4 297 312 (-2048 0 1344 ) (-2048 0 3008 ) (-2112 0 3008 ) (-2112 0 1344 ) 
4 297 298 (-2112 0 1344 ) (-2112 0 3008 ) (-2112 672 3008 ) (-2112 672 1344 ) 
4 298 312 (-2656 0 3008 ) (-2656 0 1344 ) (-2112 0 1344 ) (-2112 0 3008 ) 
4 298 303 (-2656 0 1344 ) (-2656 0 3008 ) (-2656 1024 3008 ) (-2656 1024 1344 ) 
4 299 314 (-2656 0 1312 ) (-2656 0 1024 ) (-2112 0 1024 ) (-2112 0 1312 ) 
4 299 302 (-2656 0 1024 ) (-2656 704 1024 ) (-2112 704 1024 ) (-2112 0 1024 ) 
4 299 300 (-2112 907.293945 1024 ) (-2112 704 1024 ) (-2272 704 1024 ) (-2272 907.293945 1024 ) 
4 299 301 (-2656 704 1024 ) (-2656 1024 1024 ) (-2272 1024 1024 ) (-2272 704 1024 ) 
4 300 302 (-2112 704 928 ) (-2112 704 1024 ) (-2272 704 1024 ) (-2272 704 928 ) 
3 300 301 (-2272 704 928 ) (-2272 704 1024 ) (-2272 907.293945 1024 ) 
4 301 309 (-2656 704 832 ) (-2656 1024 832 ) (-2272 1024 832 ) (-2272 704 832 ) 
4 301 302 (-2272 704 1024 ) (-2656 704 1024 ) (-2656 704 928 ) (-2272 704 928 ) 
4 302 314 (-2656 0 1024 ) (-2656 0 928 ) (-2112 0 928 ) (-2112 0 1024 ) 
4 303 312 (-2656 0 1344 ) (-2656 0 3008 ) (-2688 0 3008 ) (-2688 0 1344 ) 
4 303 304 (-2688 0 1344 ) (-2688 0 3008 ) (-2688 1024 3008 ) (-2688 1024 1344 ) 
4 304 315 (-3072 0 1344 ) (-3072 0 832 ) (-2688 0 832 ) (-2688 0 1344 ) 
4 304 312 (-3072 0 3008 ) (-3072 0 1344 ) (-2688 0 1344 ) (-2688 0 3008 ) 
4 304 311 (-3072 1024 3008 ) (-3072 1024 832 ) (-3072 0 832 ) (-3072 0 3008 ) 
4 304 308 (-2688 0 832 ) (-3072 0 832 ) (-3072 1024 832 ) (-2688 1024 832 ) 
4 305 309 (-2647.189453 1024 736 ) (-2656 1024 832 ) (-2656 704 832 ) (-2647.189453 704 736 ) 
4 306 318 (-2585.519531 0 64 ) (-2644.253174 0 704 ) (-2656 0 704 ) (-2656 0 64 ) 
4 306 310 (-2585.519287 1024 64 ) (-2644.252686 1024 704 ) (-2644.252686 0 704 ) (-2585.519287 0 64 ) 
4 306 307 (-2656 0 64 ) (-2656 0 704 ) (-2656 1024 704 ) (-2656 1024 64 ) 
4 307 318 (-2656 0 64 ) (-2656 0 704 ) (-2688 0 704 ) (-2688 0 64 ) 
4 307 308 (-2688 1024 64 ) (-2688 0 64 ) (-2688 0 704 ) (-2688 1024 704 ) 
4 308 318 (-3072 0 704 ) (-3072 0 64 ) (-2688 0 64 ) (-2688 0 704 ) 
4 308 315 (-2688 0 832 ) (-3072 0 832 ) (-3072 0 704 ) (-2688 0 704 ) 
4 308 311 (-3072 1024 832 ) (-3072 1024 64 ) (-3072 0 64 ) (-3072 0 832 ) 
4 310 318 (-2048 0 64 ) (-2048 0 704 ) (-2644.253174 0 704 ) (-2585.519531 0 64 ) 
4 311 321 (-4096 0 64 ) (-4096 0 3008 ) (-4096 1024 3008 ) (-4096 1024 64 ) 
4 311 319 (-3072 0 64 ) (-3072 0 3008 ) (-4096 0 3008 ) (-4096 0 64 ) 
4 312 324 (-2048 -1024 1344 ) (-2048 -1024 3008 ) (-3072 -1024 3008 ) (-3072 -1024 1344 ) 
4 312 319 (-3072 0 3008 ) (-3072 0 1344 ) (-3072 -1024 1344 ) (-3072 -1024 3008 ) 
4 312 316 (-2112 -1024 1344 ) (-2688 -1024 1344 ) (-2688 -96 1344 ) (-2112 -96 1344 ) 
4 312 317 (-2688 -1024 1344 ) (-3072 -1024 1344 ) (-3072 -64 1344 ) (-2688 -64 1344 ) 
4 312 315 (-3072 -64 1344 ) (-3072 0 1344 ) (-2688 0 1344 ) (-2688 -64 1344 ) 
4 312 313 (-2048 -1024 1344 ) (-2112 -1024 1344 ) (-2112 -96 1344 ) (-2048 -96 1344 ) 
4 313 324 (-2048 -1024 704 ) (-2048 -1024 1344 ) (-2112 -1024 1344 ) (-2112 -1024 704 ) 
4 313 318 (-2048 -96 704 ) (-2048 -1024 704 ) (-2112 -1024 704 ) (-2112 -96 704 ) 
4 313 316 (-2112 -96 704 ) (-2112 -1024 704 ) (-2112 -1024 1344 ) (-2112 -96 1344 ) 
4 315 319 (-3072 0 1344 ) (-3072 0 704 ) (-3072 -64 704 ) (-3072 -64 1344 ) 
4 315 318 (-3072 0 704 ) (-2688 0 704 ) (-2688 -64 704 ) (-3072 -64 704 ) 
4 315 317 (-3072 -64 704 ) (-2688 -64 704 ) (-2688 -64 1344 ) (-3072 -64 1344 ) 
4 316 324 (-2112 -1024 1344 ) (-2688 -1024 1344 ) (-2688 -1024 704 ) (-2112 -1024 704 ) 
4 316 318 (-2112 -96 704 ) (-2112 -1024 704 ) (-2688 -1024 704 ) (-2688 -96 704 ) 
4 316 317 (-2688 -96 704 ) (-2688 -1024 704 ) (-2688 -1024 1344 ) (-2688 -96 1344 ) 
4 317 324 (-2688 -1024 1344 ) (-3072 -1024 1344 ) (-3072 -1024 704 ) (-2688 -1024 704 ) 
4 317 319 (-3072 -64 704 ) (-3072 -1024 704 ) (-3072 -1024 1344 ) (-3072 -64 1344 ) 
4 317 318 (-2688 -1024 704 ) (-3072 -1024 704 ) (-3072 -64 704 ) (-2688 -64 704 ) 
4 318 324 (-2048 -1024 64 ) (-2048 -1024 704 ) (-3072 -1024 704 ) (-3072 -1024 64 ) 
4 318 319 (-3072 0 704 ) (-3072 0 64 ) (-3072 -1024 64 ) (-3072 -1024 704 ) 
4 319 325 (-3072 -1024 64 ) (-3072 -1024 3008 ) (-4096 -1024 3008 ) (-4096 -1024 64 ) 
4 319 322 (-4096 -1024 64 ) (-4096 -1024 3008 ) (-4096 0 3008 ) (-4096 0 64 ) 
4 320 321 (-4096 1024 64 ) (-4096 1024 3008 ) (-5120 1024 3008 ) (-5120 1024 64 ) 
4 321 322 (-4096 0 64 ) (-4096 0 3008 ) (-5120 0 3008 ) (-5120 0 64 ) 
4 322 326 (-4096 -1024 64 ) (-4096 -1024 3008 ) (-5120 -1024 3008 ) (-5120 -1024 64 ) 
4 323 324 (-2048 -1024 3008 ) (-2048 -1024 64 ) (-2048 -2048 64 ) (-2048 -2048 3008 ) 
4 324 325 (-3072 -2048 64 ) (-3072 -2048 3008 ) (-3072 -1024 3008 ) (-3072 -1024 64 ) 
4 325 326 (-4096 -1024 3008 ) (-4096 -1024 64 ) (-4096 -2048 64 ) (-4096 -2048 3008 ) 
