PRT1
535
1142
4 1 59 (1088 2048 1792 ) (1024 2048 1792 ) (1024 2048 704 ) (1088 2048 704 ) 
4 1 2 (1024 2048 704 ) (1024 2048 1792 ) (1024 2240 1792 ) (1024 2240 704 ) 
4 2 61 (1024 2048 704 ) (1024 2048 1792 ) (212 2048 1792 ) (212 2048 704 ) 
4 2 3 (212 2240 1792 ) (212 2240 704 ) (212 2048 704 ) (212 2048 1792 ) 
4 3 62 (0 2048 1792 ) (0 2048 704 ) (212 2048 704 ) (212 2048 1792 ) 
4 3 8 (0 2048 704 ) (0 2048 1792 ) (0 2240 1792 ) (0 2240 704 ) 
4 4 10 (0 2304 -832 ) (0 3008 -832 ) (0 3008 -1024 ) (0 2304 -1024 ) 
5 4 5 (0 2304 -1024 ) (212 2304 -1024 ) (212 2304 -895.998047 ) (148 2304 -832 ) (0 2304 -832 ) 
4 5 11 (0 2228 -1024 ) (0 2228 -832 ) (0 2304 -832 ) (0 2304 -1024 ) 
5 5 6 (212 2228 -1024 ) (212 2228 -895.998047 ) (148 2228 -832 ) (0 2228 -832 ) (0 2228 -1024 ) 
4 6 12 (0 2228 -832 ) (0 2228 -1024 ) (0 2096 -1024 ) (0 2096 -832 ) 
4 6 7 (0 2096 -1024 ) (212 2096 -1024 ) (212 2096 -832 ) (0 2096 -832 ) 
4 7 94 (212 2048 -1024 ) (212 2048 -768 ) (0 2048 -768 ) (0 2048 -1024 ) 
4 7 13 (0 2048 -1024 ) (0 2048 -768 ) (0 2096 -768 ) (0 2096 -1024 ) 
4 8 324 (0 2048 704 ) (0 2048 1792 ) (-832 2048 1792 ) (-832 2048 704 ) 
4 8 9 (-832 2140 704 ) (-832 2048 704 ) (-832 2048 1792 ) (-832 2140 1792 ) 
4 9 324 (-832 2048 1792 ) (-1024 2048 1792 ) (-1024 2048 704 ) (-832 2048 704 ) 
4 9 14 (-1024 2048 704 ) (-1024 2048 1792 ) (-1024 2140 1792 ) (-1024 2140 704 ) 
5 10 11 (-172 2304 -1024 ) (0 2304 -1024 ) (0 2304 -832 ) (-108 2304 -832 ) (-172 2304 -896 ) 
5 11 12 (-172 2228 -896 ) (-172 2228 -1024 ) (0 2228 -1024 ) (0 2228 -832 ) (-108 2228 -832 ) 
4 12 13 (-172 2096 -832 ) (-172 2096 -1024 ) (0 2096 -1024 ) (0 2096 -832 ) 
4 13 340 (0 2048 -1024 ) (0 2048 -768 ) (-172 2048 -768 ) (-172 2048 -1024 ) 
4 14 347 (-1024 2048 704 ) (-1024 2048 1792 ) (-1280 2048 1792 ) (-1280 2048 704 ) 
4 15 60 (2048 1264 -576 ) (2048 1024 -576 ) (2048 1024 -384 ) (2048 1264 -384 ) 
4 15 33 (2136 1024 -448 ) (2048 1024 -448 ) (2048 1024 -576 ) (2136 1024 -576 ) 
4 15 22 (2392 1024 -448 ) (2136 1024 -448 ) (2136 1024 -576 ) (2392 1024 -576 ) 
4 15 20 (2900 1024 -576 ) (2900 1024 -448 ) (2392 1024 -448 ) (2392 1024 -576 ) 
4 15 16 (2900 1024 -448 ) (2900 1024 -384 ) (2048 1024 -384 ) (2048 1024 -448 ) 
4 16 97 (2048 1024 -384 ) (2048 1024 -448 ) (2048 880 -448 ) (2048 880 -384 ) 
4 16 33 (2048 880 -448 ) (2048 1024 -448 ) (2136 1024 -448 ) (2136 880 -448 ) 
4 16 22 (2136 1024 -448 ) (2392 1024 -448 ) (2392 880 -448 ) (2136 880 -448 ) 
4 16 20 (2392 1024 -448 ) (2900 1024 -448 ) (2900 880 -448 ) (2392 880 -448 ) 
4 17 45 (2392 0 -432 ) (2392 0 -448 ) (2616 0 -448 ) (2616 0 -432 ) 
4 17 21 (2616 0 -448 ) (2392 0 -448 ) (2392 572.800110 -448 ) (2616 304 -448 ) 
4 17 19 (2392 572.800110 -448 ) (2392 304 -448 ) (2392 304 -432 ) (2392 572.800110 -432 ) 
4 18 24 (2152 860.800171 -448 ) (2152 872 -448 ) (2376 872 -448 ) (2376 592 -448 ) 
4 18 19 (2376 591.996887 -432 ) (2152 860.796875 -432 ) (2152 860.796875 -448 ) (2376 591.996887 -448 ) 
4 19 25 (2152 592 -448 ) (2152 860.800171 -448 ) (2392 572.800171 -448 ) (2392 304 -448 ) 
4 20 22 (2392 1024 -576 ) (2392 880 -576 ) (2392 880 -448 ) (2392 1024 -448 ) 
4 21 47 (2616 0 -448 ) (2392 0 -448 ) (2392 0 -576 ) (2616 0 -576 ) 
4 21 26 (2392 172 -576 ) (2392 116 -576 ) (2392 116 -464 ) (2392 172 -464 ) 
4 21 25 (2392 572.800110 -576 ) (2392 304 -576 ) (2392 304 -448 ) (2392 572.800110 -448 ) 
4 22 33 (2136 1024 -576 ) (2136 880 -576 ) (2136 880 -448 ) (2136 1024 -448 ) 
4 22 24 (2152 880 -576 ) (2376 880 -576 ) (2376 880 -448 ) (2152 880 -448 ) 
4 23 42 (2136 288 -576 ) (2136 172 -576 ) (2136 172 -448 ) (2136 288 -448 ) 
4 23 28 (2136 172 -448 ) (2136 172 -576 ) (2376 172 -576 ) (2376 172 -448 ) 
4 24 25 (2152 860.798828 -448 ) (2152 860.798828 -576 ) (2376 591.998718 -576 ) (2376 591.998718 -448 ) 
4 26 27 (2384 116 -576 ) (2384 116 -464 ) (2384 172 -464 ) (2384 172 -576 ) 
4 27 28 (2376 172 -464 ) (2376 172 -576 ) (2376 116 -576 ) (2376 116 -464 ) 
4 28 42 (2136 172 -576 ) (2136 80 -576 ) (2136 80 -448 ) (2136 172 -448 ) 
4 28 30 (2200 80 -576 ) (2256 80 -576 ) (2256 80 -464 ) (2200 80 -464 ) 
4 29 48 (2304 0 -448 ) (2256 0 -448 ) (2256 0 -576 ) (2304 0 -576 ) 
4 29 31 (2256 72 -576 ) (2256 0 -576 ) (2256 0 -448 ) (2256 72 -448 ) 
4 30 31 (2200 72 -464 ) (2200 72 -576 ) (2256 72 -576 ) (2256 72 -464 ) 
4 31 48 (2256 0 -448 ) (2200 0 -448 ) (2200 0 -576 ) (2256 0 -576 ) 
4 31 32 (2200 72 -576 ) (2200 0 -576 ) (2200 0 -448 ) (2200 72 -448 ) 
4 32 48 (2200 0 -448 ) (2136 0 -448 ) (2136 0 -576 ) (2200 0 -576 ) 
4 32 43 (2136 72 -576 ) (2136 0 -576 ) (2136 0 -448 ) (2136 72 -448 ) 
4 33 104 (2048 880 -448 ) (2048 1024 -448 ) (2048 1024 -576 ) (2048 880 -576 ) 
4 34 37 (2126 832 -568 ) (2136 832 -568 ) (2136 794 -568 ) (2126 794 -568 ) 
4 34 38 (2124 794 -568 ) (2124 832 -568 ) (2126 832 -568 ) (2126 794 -568 ) 
4 34 35 (2124 794 -448 ) (2124 794 -544 ) (2136 794 -544 ) (2136 794 -448 ) 
4 34 36 (2124 832 -448 ) (2124 832 -568 ) (2124 794 -568 ) (2124 794 -448 ) 
4 35 39 (2136 696 -544 ) (2136 696 -448 ) (2124 696 -448 ) (2124 696 -544 ) 
4 35 36 (2124 696 -544 ) (2124 696 -448 ) (2124 794 -448 ) (2124 794 -544 ) 
4 36 109 (2048 696 -448 ) (2048 832 -448 ) (2048 832 -568 ) (2048 696 -568 ) 
4 36 40 (2120 696 -448 ) (2048 696 -448 ) (2048 696 -568 ) (2120 696 -568 ) 
4 36 39 (2124 696 -448 ) (2120 696 -448 ) (2120 696 -568 ) (2124 696 -568 ) 
4 36 38 (2124 696 -568 ) (2048 696 -568 ) (2048 832 -568 ) (2124 832 -568 ) 
4 37 38 (2126 792 -568 ) (2126 832 -568 ) (2126 832 -576 ) (2126 792 -576 ) 
4 38 109 (2048 832 -568 ) (2048 832 -576 ) (2048 696 -576 ) (2048 696 -568 ) 
4 38 40 (2048 696 -576 ) (2120 696 -576 ) (2120 696 -568 ) (2048 696 -568 ) 
4 38 39 (2120 696 -576 ) (2126 696 -576 ) (2126 696 -568 ) (2120 696 -568 ) 
4 39 40 (2120 696 -448 ) (2120 696 -576 ) (2120 496 -576 ) (2120 496 -448 ) 
4 40 109 (2048 496 -448 ) (2048 696 -448 ) (2048 696 -576 ) (2048 496 -576 ) 
4 40 41 (2048 496 -576 ) (2120 496 -576 ) (2120 496 -464 ) (2048 496 -464 ) 
4 41 112 (2048 496 -464 ) (2048 496 -576 ) (2048 488 -576 ) (2048 488 -464 ) 
4 41 42 (2048 488 -576 ) (2120 488 -576 ) (2120 488 -464 ) (2048 488 -464 ) 
4 42 121 (2048 80 -448 ) (2048 352 -448 ) (2048 352 -576 ) (2048 80 -576 ) 
4 42 117 (2048 352 -448 ) (2048 488 -448 ) (2048 488 -576 ) (2048 352 -576 ) 
4 43 122 (2048 0 -576 ) (2048 0 -448 ) (2048 72 -448 ) (2048 72 -576 ) 
4 43 48 (2136 0 -448 ) (2048 0 -448 ) (2048 0 -576 ) (2136 0 -576 ) 
4 44 54 (3616 -1024 -560 ) (3616 -1024 -432 ) (3072 -1024 -432 ) (3072 -1024 -560 ) 
4 44 51 (3072 -1000 -560 ) (3072 -1024 -560 ) (3072 -1024 -432 ) (3072 -1000 -432 ) 
4 45 49 (2616 -144 -448 ) (2616 -368 -448 ) (2392 -368 -448 ) (2392 -144 -448 ) 
4 45 47 (2392 0 -448 ) (2616 0 -448 ) (2616 -144 -448 ) (2392 -144 -448 ) 
4 45 46 (2392 -144 -448 ) (2392 -368 -448 ) (2392 -368 -432 ) (2392 -144 -432 ) 
4 46 49 (2160 -368 -448 ) (2160 -144 -448 ) (2392 -144 -448 ) (2392 -368 -448 ) 
4 47 49 (2616 -144 -576 ) (2616 -144 -448 ) (2392 -144 -448 ) (2392 -144 -576 ) 
4 48 202 (2048 -128 -576 ) (2048 -128 -448 ) (2048 0 -448 ) (2048 0 -576 ) 
4 49 50 (2160 -144 -448 ) (2160 -144 -576 ) (2160 -368 -576 ) (2160 -368 -448 ) 
4 50 203 (2048 -432 -576 ) (2048 -432 -448 ) (2048 -144 -448 ) (2048 -144 -576 ) 
4 50 53 (2160 -432 -576 ) (2160 -432 -448 ) (2048 -432 -448 ) (2048 -432 -576 ) 
4 51 56 (3072 -1024 -560 ) (3072 -1024 -432 ) (2624 -1024 -432 ) (2624 -1024 -560 ) 
4 51 53 (2624 -1024 -560 ) (2624 -1024 -432 ) (2624 -1000 -432 ) (2624 -1000 -560 ) 
4 51 52 (2624 -1024 -560 ) (2624 -1000 -560 ) (2640 -1000 -560 ) (2640 -1024 -560 ) 
4 52 57 (2640 -1024 -576 ) (2640 -1024 -560 ) (2624 -1024 -560 ) (2624 -1024 -576 ) 
4 52 53 (2624 -1024 -576 ) (2624 -1024 -560 ) (2624 -984 -560 ) (2624 -984 -576 ) 
4 53 203 (2048 -1024 -576 ) (2048 -1024 -448 ) (2048 -432 -448 ) (2048 -432 -576 ) 
4 53 194 (2048 -1024 -448 ) (2048 -1024 192 ) (2048 -432 192 ) (2048 -432 -448 ) 
4 53 58 (2624 -1024 -576 ) (2624 -1024 192 ) (2048 -1024 192 ) (2048 -1024 -576 ) 
4 54 56 (3072 -1192 -432 ) (3072 -1024 -432 ) (3072 -1024 -560 ) (3072 -1192 -560 ) 
4 55 58 (2256 -1744 192 ) (2080 -1744 192 ) (2080 -1648 192 ) (2256 -1648 192 ) 
4 56 58 (2624 -1024 -432 ) (2624 -1024 -560 ) (2624 -1192 -560 ) (2624 -1192 -432 ) 
4 56 57 (2624 -1192 -560 ) (2624 -1024 -560 ) (2640 -1024 -560 ) (2640 -1192 -560 ) 
4 57 58 (2624 -1024 -560 ) (2624 -1024 -576 ) (2624 -1208 -576 ) (2624 -1208 -560 ) 
4 58 494 (2048 -1744 -576 ) (2048 -1744 192 ) (2048 -1024 192 ) (2048 -1024 -576 ) 
4 59 98 (1088 1024 1792 ) (1024 1024 1792 ) (1024 1024 704 ) (1088 1024 704 ) 
4 59 88 (1024 1360 704 ) (1024 1024 704 ) (1024 1024 1792 ) (1024 1360 1792 ) 
4 59 68 (1024 1840 704 ) (1024 1360 704 ) (1024 1360 1792 ) (1024 1840 1792 ) 
4 59 63 (1024 1848 704 ) (1024 1840 704 ) (1024 1840 1792 ) (1024 1848 1792 ) 
4 59 61 (1024 2048 1792 ) (1024 2048 704 ) (1024 1848 704 ) (1024 1848 1792 ) 
4 60 104 (2048 1024 -576 ) (2048 1024 -448 ) (1024 1024 -448 ) (1024 1024 -576 ) 
4 60 99 (1368 1024 -384 ) (1024 1024 -384 ) (1024 1024 -448 ) (1368 1024 -448 ) 
4 60 97 (2048 1024 -448 ) (2048 1024 -384 ) (1368 1024 -384 ) (1368 1024 -448 ) 
4 60 89 (1024 1264 -576 ) (1024 1024 -576 ) (1024 1024 -384 ) (1024 1264 -384 ) 
4 61 63 (1024 1848 704 ) (1024 1848 1792 ) (212 1848 1792 ) (212 1848 704 ) 
4 61 62 (212 2048 1792 ) (212 2048 704 ) (212 1848 704 ) (212 1848 1792 ) 
4 62 324 (0 2048 1792 ) (0 2048 704 ) (0 1848 704 ) (0 1848 1792 ) 
4 62 63 (212 1848 704 ) (212 1848 1792 ) (0 1848 1792 ) (0 1848 704 ) 
4 63 324 (0 1840 704 ) (0 1840 1792 ) (0 1848 1792 ) (0 1848 704 ) 
4 63 87 (0 1840 1792 ) (0 1840 704 ) (436 1840 704 ) (436 1840 1792 ) 
4 63 76 (436 1840 704 ) (480 1840 704 ) (480 1840 1792 ) (436 1840 1792 ) 
4 63 72 (480 1840 704 ) (608 1840 704 ) (608 1840 1792 ) (480 1840 1792 ) 
4 63 71 (608 1840 704 ) (672 1840 704 ) (672 1840 1792 ) (608 1840 1792 ) 
4 63 70 (672 1840 704 ) (800 1840 704 ) (800 1840 1792 ) (672 1840 1792 ) 
4 63 69 (800 1840 704 ) (1008 1840 704 ) (1008 1840 1792 ) (800 1840 1792 ) 
4 63 68 (1008 1840 704 ) (1024 1840 704 ) (1024 1840 1792 ) (1008 1840 1792 ) 
4 63 66 (28 1840 704 ) (0 1840 704 ) (0 1846 704 ) (28 1846 704 ) 
4 63 64 (300 1840 704 ) (164 1840 704 ) (164 1846 704 ) (300 1846 704 ) 
4 64 87 (300 1840 440 ) (300 1840 704 ) (164 1840 704 ) (164 1840 440 ) 
4 65 87 (164 1840 240 ) (300 1840 240 ) (300 1840 440 ) (164 1840 440 ) 
3 66 325 (0 1840 440 ) (0 1840 704 ) (0 1846 704 ) 
4 66 87 (0 1840 704 ) (0 1840 440 ) (28 1840 440 ) (28 1840 704 ) 
4 67 326 (0 1840 240 ) (0 1840 440 ) (0 1848 440 ) (0 1848 240 ) 
4 67 87 (0 1840 440 ) (0 1840 240 ) (28 1840 240 ) (28 1840 440 ) 
4 68 88 (1024 1360 704 ) (1024 1360 1792 ) (1008 1360 1792 ) (1008 1360 704 ) 
4 68 69 (1008 1840 1792 ) (1008 1840 704 ) (1008 1360 704 ) (1008 1360 1792 ) 
4 69 91 (848 1360 1792 ) (800 1360 1792 ) (800 1360 -316 ) (848 1360 -316 ) 
4 69 88 (1008 1360 704 ) (1008 1360 1792 ) (848 1360 1792 ) (848 1360 704 ) 
4 69 70 (800 1360 -316 ) (800 1360 1792 ) (800 1840 1792 ) (800 1840 -316 ) 
4 70 91 (800 1360 -316 ) (800 1360 1792 ) (672 1360 1792 ) (672 1360 -316 ) 
4 70 71 (672 1360 -316 ) (672 1360 1792 ) (672 1840 1792 ) (672 1840 -316 ) 
4 71 91 (672 1360 -316 ) (672 1360 1792 ) (608 1360 1792 ) (608 1360 -316 ) 
4 71 72 (608 1360 -316 ) (608 1360 1792 ) (608 1840 1792 ) (608 1840 -316 ) 
4 72 91 (544 1360 -316 ) (608 1360 -316 ) (608 1360 1792 ) (544 1360 1792 ) 
4 72 92 (480 1360 1792 ) (480 1360 -316 ) (544 1360 -316 ) (544 1360 1792 ) 
4 72 83 (480 1514 -316 ) (480 1360 -316 ) (480 1360 1792 ) (480 1514 1792 ) 
4 72 81 (480 1576 -316 ) (480 1514 -316 ) (480 1514 1792 ) (480 1576 1792 ) 
4 72 77 (480 1704 -316 ) (480 1576 -316 ) (480 1576 1792 ) (480 1704 1792 ) 
4 72 76 (480 1840 1792 ) (480 1840 -316 ) (480 1704 -316 ) (480 1704 1792 ) 
4 73 91 (672 1360 -412 ) (800 1360 -412 ) (800 1360 -348 ) (672 1360 -348 ) 
4 74 91 (544 1360 -412 ) (608 1360 -412 ) (608 1360 -348 ) (544 1360 -348 ) 
4 74 92 (480 1360 -348 ) (480 1360 -412 ) (544 1360 -412 ) (544 1360 -348 ) 
4 75 91 (740 1360 -464 ) (652 1360 -464 ) (652 1360 -576 ) (740 1360 -576 ) 
4 76 87 (436 1840 1792 ) (436 1840 -316 ) (436 1704 -316 ) (436 1704 1792 ) 
4 76 77 (436 1704 1792 ) (436 1704 -316 ) (480 1704 -316 ) (480 1704 1792 ) 
4 77 87 (436 1576 -316 ) (436 1576 1792 ) (436 1704 1792 ) (436 1704 -316 ) 
4 77 81 (436 1576 1792 ) (436 1576 -316 ) (480 1576 -316 ) (480 1576 1792 ) 
4 78 87 (436 1704 -423 ) (436 1576 -423 ) (436 1576 -341 ) (436 1704 -341 ) 
4 79 95 (436 1704 -672 ) (436 1840 -672 ) (468 1840 -672 ) (468 1704 -672 ) 
4 79 87 (436 1840 -640 ) (436 1840 -672 ) (436 1704 -672 ) (436 1704 -640 ) 
3 79 80 (436 1704 -640 ) (436 1704 -672 ) (468 1704 -672 ) 
4 80 95 (436 1576 -672 ) (436 1704 -672 ) (468 1704 -672 ) (468 1576 -672 ) 
4 80 87 (436 1704 -672 ) (436 1576 -672 ) (436 1576 -640 ) (436 1704 -640 ) 
3 80 82 (436 1576 -640 ) (436 1576 -672 ) (468 1576 -672 ) 
4 81 87 (436 1514 -316 ) (436 1514 1792 ) (436 1576 1792 ) (436 1576 -316 ) 
4 81 83 (436 1514 1792 ) (436 1514 -316 ) (480 1514 -316 ) (480 1514 1792 ) 
4 82 95 (436 1514 -672 ) (436 1576 -672 ) (468 1576 -672 ) (468 1514 -672 ) 
4 82 87 (436 1576 -672 ) (436 1514 -672 ) (436 1514 -640 ) (436 1576 -640 ) 
3 82 85 (436 1514 -640 ) (436 1514 -672 ) (468 1514 -672 ) 
4 83 92 (480 1360 -316 ) (480 1360 1792 ) (436 1360 1792 ) (436 1360 -316 ) 
4 83 87 (436 1360 -316 ) (436 1360 1792 ) (436 1514 1792 ) (436 1514 -316 ) 
4 84 87 (436 1386 -423 ) (436 1386 -341 ) (436 1514 -341 ) (436 1514 -423 ) 
4 85 95 (436 1386 -672 ) (436 1514 -672 ) (468 1514 -672 ) (468 1386 -672 ) 
4 85 87 (436 1514 -672 ) (436 1386 -672 ) (436 1386 -640 ) (436 1514 -640 ) 
3 85 86 (436 1386 -640 ) (436 1386 -672 ) (468 1386 -672 ) 
4 86 95 (468 1360 -672 ) (436 1360 -672 ) (436 1386 -672 ) (468 1386 -672 ) 
3 86 92 (436 1360 -672 ) (468 1360 -672 ) (436 1360 -640 ) 
4 86 87 (436 1386 -672 ) (436 1360 -672 ) (436 1360 -640 ) (436 1386 -640 ) 
4 87 335 (0 1840 -672 ) (0 1360 -672 ) (0 1360 -576 ) (0 1840 -576 ) 
4 87 332 (0 1360 -576 ) (0 1360 -200 ) (0 1840 -200 ) (0 1840 -576 ) 
4 87 329 (0 1360 -200 ) (0 1360 240 ) (0 1840 240 ) (0 1840 -200 ) 
4 87 325 (0 1360 440 ) (0 1360 704 ) (0 1840 704 ) (0 1840 440 ) 
4 87 326 (0 1360 240 ) (0 1360 440 ) (0 1840 440 ) (0 1840 240 ) 
4 87 324 (0 1360 704 ) (0 1360 1792 ) (0 1840 1792 ) (0 1840 704 ) 
4 87 95 (436 1360 -672 ) (0 1360 -672 ) (0 1840 -672 ) (436 1840 -672 ) 
4 87 92 (0 1360 -672 ) (436 1360 -672 ) (436 1360 1792 ) (0 1360 1792 ) 
4 88 139 (1024 1024 704 ) (1024 1024 1792 ) (848 1024 1792 ) (848 1024 704 ) 
4 88 91 (848 1360 1792 ) (848 1360 704 ) (848 1024 704 ) (848 1024 1792 ) 
4 89 154 (976 1024 -448 ) (948 1024 -448 ) (948 1024 -576 ) (976 1024 -576 ) 
4 89 151 (1024 1024 -576 ) (1024 1024 -464 ) (976 1024 -464 ) (976 1024 -576 ) 
4 89 148 (1024 1024 -464 ) (1024 1024 -448 ) (976 1024 -448 ) (976 1024 -464 ) 
4 89 141 (1024 1024 -448 ) (1024 1024 -384 ) (948 1024 -384 ) (948 1024 -448 ) 
4 89 90 (948 1264 -576 ) (948 1024 -576 ) (948 1024 -384 ) (948 1264 -384 ) 
4 90 160 (848 1024 -448 ) (848 1024 -576 ) (856 1024 -576 ) (856 1024 -448 ) 
4 90 156 (864 1024 -576 ) (948 1024 -576 ) (948 1024 -448 ) (864 1024 -448 ) 
4 90 158 (856 1024 -576 ) (864 1024 -576 ) (864 1024 -448 ) (856 1024 -448 ) 
4 90 142 (864 1024 -448 ) (948 1024 -448 ) (948 1024 -288 ) (864 1024 -288 ) 
4 90 144 (848 1024 -288 ) (848 1024 -448 ) (864 1024 -448 ) (864 1024 -288 ) 
4 90 91 (848 1024 -576 ) (848 1024 -288 ) (848 1312 -288 ) (848 1312 -576 ) 
4 91 162 (848 1024 -576 ) (848 1024 -448 ) (544 1024 -448 ) (544 1024 -576 ) 
4 91 144 (848 1024 -448 ) (848 1024 -288 ) (544 1024 -288 ) (544 1024 -448 ) 
4 91 140 (848 1024 -288 ) (848 1024 704 ) (544 1024 704 ) (544 1024 -288 ) 
4 91 139 (848 1024 704 ) (848 1024 1792 ) (544 1024 1792 ) (544 1024 704 ) 
4 91 92 (544 1024 1792 ) (544 1360 1792 ) (544 1360 -576 ) (544 1024 -576 ) 
4 92 338 (0 1168 -672 ) (0 1024 -672 ) (0 1024 -576 ) (0 1168 -576 ) 
4 92 335 (0 1360 -672 ) (0 1168 -672 ) (0 1168 -576 ) (0 1360 -576 ) 
4 92 334 (0 1024 -576 ) (0 1024 -200 ) (0 1168 -200 ) (0 1168 -576 ) 
4 92 332 (0 1168 -200 ) (0 1360 -200 ) (0 1360 -576 ) (0 1168 -576 ) 
4 92 329 (0 1024 -200 ) (0 1024 240 ) (0 1360 240 ) (0 1360 -200 ) 
4 92 325 (0 1024 440 ) (0 1024 704 ) (0 1360 704 ) (0 1360 440 ) 
4 92 326 (0 1024 240 ) (0 1024 440 ) (0 1360 440 ) (0 1360 240 ) 
4 92 324 (0 1024 704 ) (0 1024 1792 ) (0 1360 1792 ) (0 1360 704 ) 
4 92 172 (0 1024 -584 ) (0 1024 -672 ) (544 1024 -672 ) (544 1024 -584 ) 
4 92 163 (0 1024 -576 ) (0 1024 -584 ) (544 1024 -584 ) (544 1024 -576 ) 
4 92 162 (0 1024 -448 ) (0 1024 -576 ) (544 1024 -576 ) (544 1024 -448 ) 
4 92 144 (0 1024 -288 ) (0 1024 -448 ) (544 1024 -448 ) (544 1024 -288 ) 
4 92 140 (0 1024 704 ) (0 1024 -288 ) (544 1024 -288 ) (544 1024 704 ) 
4 92 139 (0 1024 1792 ) (0 1024 704 ) (544 1024 704 ) (544 1024 1792 ) 
4 92 96 (544 1024 -672 ) (0 1024 -672 ) (0 1360 -672 ) (544 1360 -672 ) 
3 93 339 (0 1904 -768 ) (0 1840 -768 ) (0 1840 -704 ) 
4 93 95 (0 1840 -704 ) (0 1840 -768 ) (212 1840 -768 ) (212 1840 -704 ) 
4 93 94 (212 1904 -768 ) (212 1840 -768 ) (0 1840 -768 ) (0 1904 -768 ) 
4 94 340 (0 2048 -768 ) (0 2048 -1024 ) (0 1840 -1024 ) (0 1840 -768 ) 
4 94 95 (0 1840 -768 ) (0 1840 -1024 ) (212 1840 -1024 ) (212 1840 -768 ) 
4 95 341 (0 1360 -1024 ) (0 1360 -672 ) (0 1840 -672 ) (0 1840 -1024 ) 
5 95 96 (468 1360 -672 ) (0 1360 -672 ) (0 1360 -1024 ) (500 1360 -1024 ) (500 1360 -704 ) 
4 96 345 (0 1024 -1024 ) (0 1024 -992 ) (0 1168 -992 ) (0 1168 -1024 ) 
4 96 344 (0 1024 -992 ) (0 1024 -672 ) (0 1168 -672 ) (0 1168 -992 ) 
4 96 341 (0 1168 -672 ) (0 1360 -672 ) (0 1360 -1024 ) (0 1168 -1024 ) 
4 96 185 (544 1024 -672 ) (0 1024 -672 ) (0 1024 -1024 ) (544 1024 -1024 ) 
4 97 104 (1368 1024 -448 ) (2048 1024 -448 ) (2048 880 -448 ) (1368 880 -448 ) 
4 97 99 (1368 1024 -384 ) (1368 1024 -448 ) (1368 880 -448 ) (1368 880 -384 ) 
4 98 139 (1024 1024 1792 ) (1024 1024 704 ) (1024 880 704 ) (1024 880 1792 ) 
4 98 100 (1088 880 1792 ) (1024 880 1792 ) (1024 880 704 ) (1088 880 704 ) 
4 99 141 (1024 1024 -384 ) (1024 1024 -448 ) (1024 880 -448 ) (1024 880 -384 ) 
4 99 104 (1024 880 -448 ) (1024 1024 -448 ) (1368 1024 -448 ) (1368 880 -448 ) 
4 100 139 (1024 880 1792 ) (1024 880 704 ) (1024 832 704 ) (1024 832 1792 ) 
4 100 101 (1024 832 1792 ) (1024 832 704 ) (1088 832 704 ) (1088 832 1792 ) 
4 101 189 (1024 0 1792 ) (1024 0 704 ) (1088 0 704 ) (1088 0 1792 ) 
4 101 139 (1024 0 704 ) (1024 0 1792 ) (1024 832 1792 ) (1024 832 704 ) 
4 102 145 (1024 344 -392 ) (1024 344 -448 ) (1024 152 -448 ) (1024 152 -392 ) 
4 102 135 (1024 152 -448 ) (1024 160 -448 ) (1144 160 -448 ) (1144 152 -448 ) 
4 102 133 (1024 160 -448 ) (1024 344 -448 ) (1144 344 -448 ) (1144 160 -448 ) 
4 102 103 (1024 152 -448 ) (1144 152 -448 ) (1144 152 -392 ) (1024 152 -392 ) 
4 103 191 (1024 0 -392 ) (1024 0 -448 ) (1176 0 -448 ) (1176 0 -392 ) 
4 103 145 (1024 0 -448 ) (1024 0 -392 ) (1024 152 -392 ) (1024 152 -448 ) 
4 103 134 (1144 152 -448 ) (1176 152 -448 ) (1176 0 -448 ) (1144 0 -448 ) 
4 103 135 (1024 0 -448 ) (1024 152 -448 ) (1144 152 -448 ) (1144 0 -448 ) 
4 104 151 (1024 1024 -464 ) (1024 1024 -576 ) (1024 880 -576 ) (1024 880 -464 ) 
4 104 148 (1024 880 -448 ) (1024 1024 -448 ) (1024 1024 -464 ) (1024 880 -464 ) 
4 104 107 (1024 880 -576 ) (1032 880 -576 ) (1032 880 -464 ) (1024 880 -464 ) 
4 104 105 (1248 880 -576 ) (1352 880 -576 ) (1352 880 -466 ) (1248 880 -466 ) 
4 105 106 (1352 840 -576 ) (1352 840 -466 ) (1248 840 -466 ) (1248 840 -576 ) 
4 106 111 (1248 832 -576 ) (1352 832 -576 ) (1352 832 -466 ) (1248 832 -466 ) 
4 107 151 (1024 880 -464 ) (1024 880 -576 ) (1024 840 -576 ) (1024 840 -464 ) 
4 107 108 (1024 840 -576 ) (1032 840 -576 ) (1032 840 -464 ) (1024 840 -464 ) 
4 108 152 (1024 840 -576 ) (1024 832 -576 ) (1024 832 -464 ) (1024 840 -464 ) 
4 108 111 (1024 832 -576 ) (1032 832 -576 ) (1032 832 -464 ) (1024 832 -464 ) 
4 109 114 (1652 496 -528 ) (1652 496 -464 ) (1596 496 -464 ) (1596 496 -528 ) 
4 109 113 (1924 496 -528 ) (1924 496 -464 ) (1868 496 -464 ) (1868 496 -528 ) 
4 109 112 (2012 496 -576 ) (2048 496 -576 ) (2048 496 -464 ) (2012 496 -464 ) 
4 109 110 (1556 740 -576 ) (1556 684 -576 ) (1556 684 -464 ) (1556 740 -464 ) 
4 110 111 (1548 740 -576 ) (1548 684 -576 ) (1548 684 -464 ) (1548 740 -464 ) 
4 111 153 (1024 832 -464 ) (1024 832 -576 ) (1024 496 -576 ) (1024 496 -464 ) 
4 111 149 (1024 496 -448 ) (1024 832 -448 ) (1024 832 -464 ) (1024 496 -464 ) 
4 111 116 (1024 496 -576 ) (1208 496 -576 ) (1208 496 -448 ) (1024 496 -448 ) 
4 111 115 (1420 496 -576 ) (1528 496 -576 ) (1528 496 -464 ) (1420 496 -464 ) 
4 112 117 (2012 488 -576 ) (2048 488 -576 ) (2048 488 -464 ) (2012 488 -464 ) 
4 113 119 (1924 488 -528 ) (1924 488 -464 ) (1868 488 -464 ) (1868 488 -528 ) 
4 114 119 (1652 488 -528 ) (1652 488 -464 ) (1596 488 -464 ) (1596 488 -528 ) 
4 115 119 (1420 488 -576 ) (1528 488 -576 ) (1528 488 -464 ) (1420 488 -464 ) 
4 116 153 (1024 496 -464 ) (1024 496 -576 ) (1024 488 -576 ) (1024 488 -464 ) 
4 116 149 (1024 488 -448 ) (1024 496 -448 ) (1024 496 -464 ) (1024 488 -464 ) 
4 116 120 (1024 488 -576 ) (1208 488 -576 ) (1208 488 -448 ) (1024 488 -448 ) 
4 117 121 (1988 352 -576 ) (2048 352 -576 ) (2048 352 -448 ) (1988 352 -448 ) 
4 117 118 (1988 440 -576 ) (1988 384 -576 ) (1988 384 -464 ) (1988 440 -464 ) 
4 118 119 (1980 440 -576 ) (1980 384 -576 ) (1980 384 -464 ) (1980 440 -464 ) 
4 119 136 (1216 488 -576 ) (1420 488 -576 ) (1420 352 -576 ) (1216 352 -576 ) 
4 119 123 (1760 352 -576 ) (1816 352 -576 ) (1816 352 -464 ) (1760 352 -464 ) 
4 120 153 (1024 488 -464 ) (1024 488 -576 ) (1024 352 -576 ) (1024 352 -464 ) 
4 120 149 (1024 352 -448 ) (1024 488 -448 ) (1024 488 -464 ) (1024 352 -464 ) 
4 120 125 (1024 352 -576 ) (1032 352 -576 ) (1032 352 -464 ) (1024 352 -464 ) 
4 122 202 (2048 0 -576 ) (2048 0 -448 ) (1988 0 -448 ) (1988 0 -576 ) 
4 123 124 (1760 344 -576 ) (1816 344 -576 ) (1816 344 -464 ) (1760 344 -464 ) 
4 124 208 (1972 0 -448 ) (1600 0 -448 ) (1600 0 -576 ) (1972 0 -576 ) 
4 124 127 (1600 0 -544 ) (1600 0 -480 ) (1600 72 -480 ) (1600 72 -544 ) 
4 124 126 (1600 144 -544 ) (1600 144 -480 ) (1600 264 -480 ) (1600 264 -544 ) 
4 125 153 (1024 352 -464 ) (1024 352 -576 ) (1024 344 -576 ) (1024 344 -464 ) 
4 125 133 (1024 344 -576 ) (1032 344 -576 ) (1032 344 -464 ) (1024 344 -464 ) 
4 126 128 (1592 144 -544 ) (1592 144 -480 ) (1592 264 -480 ) (1592 264 -544 ) 
4 127 212 (1592 0 -480 ) (1592 0 -544 ) (1600 0 -544 ) (1600 0 -480 ) 
4 127 128 (1592 0 -544 ) (1592 0 -480 ) (1592 72 -480 ) (1592 72 -544 ) 
4 128 216 (1456 0 -448 ) (1376 0 -448 ) (1376 0 -576 ) (1456 0 -576 ) 
4 128 214 (1512 0 -448 ) (1456 0 -448 ) (1456 0 -576 ) (1512 0 -576 ) 
4 128 213 (1592 0 -448 ) (1512 0 -448 ) (1512 0 -576 ) (1592 0 -576 ) 
4 129 240 (1368 0 -448 ) (1184 0 -448 ) (1184 0 -576 ) (1368 0 -576 ) 
4 129 131 (1184 104 -576 ) (1184 48 -576 ) (1184 48 -464 ) (1184 104 -464 ) 
4 129 130 (1184 344 -448 ) (1184 344 -576 ) (1184 160 -576 ) (1184 160 -448 ) 
4 130 132 (1176 344 -448 ) (1176 344 -576 ) (1176 160 -576 ) (1176 160 -448 ) 
4 131 134 (1176 104 -576 ) (1176 48 -576 ) (1176 48 -464 ) (1176 104 -464 ) 
4 133 153 (1024 344 -464 ) (1024 344 -576 ) (1024 160 -576 ) (1024 160 -464 ) 
4 133 150 (1024 160 -448 ) (1024 344 -448 ) (1024 344 -464 ) (1024 160 -464 ) 
4 133 135 (1024 160 -576 ) (1144 160 -576 ) (1144 160 -448 ) (1024 160 -448 ) 
4 134 241 (1176 0 -448 ) (1144 0 -448 ) (1144 0 -576 ) (1176 0 -576 ) 
4 134 135 (1144 152 -576 ) (1144 0 -576 ) (1144 0 -448 ) (1144 152 -448 ) 
4 135 241 (1144 0 -448 ) (1024 0 -448 ) (1024 0 -576 ) (1144 0 -576 ) 
4 135 153 (1024 0 -576 ) (1024 0 -464 ) (1024 160 -464 ) (1024 160 -576 ) 
4 135 150 (1024 0 -464 ) (1024 0 -448 ) (1024 160 -448 ) (1024 160 -464 ) 
4 136 137 (1216 488 -584 ) (1408 488 -584 ) (1408 352 -584 ) (1216 352 -584 ) 
4 137 179 (1024 488 -672 ) (1024 488 -712 ) (1024 352 -712 ) (1024 352 -672 ) 
4 137 165 (1024 352 -584 ) (1024 488 -584 ) (1024 488 -672 ) (1024 352 -672 ) 
4 138 252 (1344 0 -584 ) (1064 0 -584 ) (1064 0 -712 ) (1344 0 -712 ) 
4 138 181 (1024 0 -712 ) (1024 0 -672 ) (1024 336 -672 ) (1024 336 -712 ) 
4 138 175 (1024 0 -672 ) (1024 0 -584 ) (1024 256 -584 ) (1024 256 -672 ) 
4 138 173 (1024 256 -584 ) (1024 304 -584 ) (1024 304 -672 ) (1024 256 -672 ) 
4 138 169 (1024 304 -584 ) (1024 312 -584 ) (1024 312 -672 ) (1024 304 -672 ) 
4 138 167 (1024 312 -584 ) (1024 336 -584 ) (1024 336 -672 ) (1024 312 -672 ) 
4 139 348 (0 0 704 ) (0 0 1792 ) (0 1024 1792 ) (0 1024 704 ) 
4 139 303 (0 0 1792 ) (0 0 704 ) (100 0 704 ) (100 0 1792 ) 
4 139 299 (100 0 704 ) (116 0 704 ) (116 0 1792 ) (100 0 1792 ) 
4 139 292 (116 0 704 ) (352 0 704 ) (352 0 1792 ) (116 0 1792 ) 
4 139 288 (352 0 704 ) (368 0 704 ) (368 0 1792 ) (352 0 1792 ) 
4 139 286 (368 0 704 ) (752 0 704 ) (752 0 1792 ) (368 0 1792 ) 
4 139 284 (752 0 704 ) (768 0 704 ) (768 0 1792 ) (752 0 1792 ) 
4 139 265 (768 0 704 ) (848 0 704 ) (848 0 1792 ) (768 0 1792 ) 
4 139 258 (848 0 704 ) (1024 0 704 ) (1024 0 1792 ) (848 0 1792 ) 
4 139 140 (0 1024 704 ) (848 1024 704 ) (848 0 704 ) (0 0 704 ) 
4 140 356 (0 0 -288 ) (0 0 -200 ) (0 200 -200 ) (0 200 -288 ) 
4 140 354 (0 200 -200 ) (0 296 -200 ) (0 296 -288 ) (0 200 -288 ) 
4 140 353 (0 296 -200 ) (0 304 -200 ) (0 304 -288 ) (0 296 -288 ) 
4 140 352 (0 304 -200 ) (0 1024 -200 ) (0 1024 -288 ) (0 304 -288 ) 
4 140 351 (0 0 -200 ) (0 0 704 ) (0 304 704 ) (0 304 -200 ) 
4 140 349 (0 304 704 ) (0 1024 704 ) (0 1024 -200 ) (0 304 -200 ) 
4 140 147 (848 0 -288 ) (0 0 -288 ) (0 352 -288 ) (848 352 -288 ) 
4 140 144 (0 352 -288 ) (0 1024 -288 ) (848 1024 -288 ) (848 352 -288 ) 
4 141 154 (948 1024 -448 ) (976 1024 -448 ) (976 880 -448 ) (948 880 -448 ) 
4 141 148 (976 1024 -448 ) (1024 1024 -448 ) (1024 880 -448 ) (976 880 -448 ) 
4 141 142 (948 1024 -448 ) (948 880 -448 ) (948 880 -384 ) (948 1024 -384 ) 
4 142 156 (864 1024 -448 ) (948 1024 -448 ) (948 864 -448 ) (864 864 -448 ) 
4 142 144 (864 1024 -448 ) (864 864 -448 ) (864 864 -288 ) (864 1024 -288 ) 
4 143 157 (948 696 -448 ) (948 352 -448 ) (864 352 -448 ) (864 696 -448 ) 
4 143 144 (864 696 -448 ) (864 352 -448 ) (864 352 -288 ) (864 696 -288 ) 
4 144 352 (0 352 -288 ) (0 1024 -288 ) (0 1024 -448 ) (0 352 -448 ) 
4 144 160 (848 1024 -448 ) (856 1024 -448 ) (856 352 -448 ) (848 352 -448 ) 
4 144 162 (0 1024 -448 ) (848 1024 -448 ) (848 352 -448 ) (0 352 -448 ) 
4 144 158 (856 1024 -448 ) (864 1024 -448 ) (864 352 -448 ) (856 352 -448 ) 
4 144 147 (0 352 -448 ) (848 352 -448 ) (848 352 -288 ) (0 352 -288 ) 
4 145 259 (948 0 -448 ) (1024 0 -448 ) (1024 0 -392 ) (948 0 -392 ) 
4 145 159 (976 0 -448 ) (948 0 -448 ) (948 344 -448 ) (976 344 -448 ) 
4 145 150 (1024 344 -448 ) (1024 0 -448 ) (976 0 -448 ) (976 344 -448 ) 
4 145 146 (948 344 -392 ) (948 344 -448 ) (948 0 -448 ) (948 0 -392 ) 
4 146 260 (876 0 -448 ) (888 0 -448 ) (888 0 -392 ) (876 0 -392 ) 
4 146 259 (888 0 -448 ) (948 0 -448 ) (948 0 -392 ) (888 0 -392 ) 
4 146 264 (856 0 -448 ) (876 0 -448 ) (876 0 -392 ) (856 0 -392 ) 
4 146 159 (948 0 -448 ) (856 0 -448 ) (856 344 -448 ) (948 344 -448 ) 
4 147 356 (0 0 -448 ) (0 0 -288 ) (0 200 -288 ) (0 200 -448 ) 
4 147 354 (0 200 -288 ) (0 296 -288 ) (0 296 -448 ) (0 200 -448 ) 
4 147 353 (0 296 -288 ) (0 304 -288 ) (0 304 -448 ) (0 296 -448 ) 
4 147 352 (0 304 -288 ) (0 352 -288 ) (0 352 -448 ) (0 304 -448 ) 
4 147 304 (0 0 -384 ) (0 0 -448 ) (100 0 -448 ) (100 0 -384 ) 
4 147 287 (368 0 -448 ) (752 0 -448 ) (752 0 -384 ) (368 0 -384 ) 
4 147 162 (848 0 -448 ) (0 0 -448 ) (0 352 -448 ) (848 352 -448 ) 
4 148 154 (976 880 -448 ) (976 1024 -448 ) (976 1024 -464 ) (976 880 -464 ) 
4 148 151 (976 880 -464 ) (976 1024 -464 ) (1024 1024 -464 ) (1024 880 -464 ) 
4 149 155 (976 352 -448 ) (976 832 -448 ) (976 832 -464 ) (976 352 -464 ) 
4 149 153 (976 352 -464 ) (976 832 -464 ) (1024 832 -464 ) (1024 352 -464 ) 
4 150 259 (1024 0 -464 ) (1024 0 -448 ) (976 0 -448 ) (976 0 -464 ) 
4 150 159 (976 0 -464 ) (976 0 -448 ) (976 344 -448 ) (976 344 -464 ) 
4 150 153 (1024 0 -464 ) (976 0 -464 ) (976 344 -464 ) (1024 344 -464 ) 
4 151 154 (976 1024 -576 ) (976 880 -576 ) (976 880 -464 ) (976 1024 -464 ) 
4 151 152 (1024 840 -464 ) (976 840 -464 ) (976 840 -576 ) (1024 840 -576 ) 
4 152 153 (1024 832 -464 ) (976 832 -464 ) (976 832 -576 ) (1024 832 -576 ) 
4 153 259 (976 0 -576 ) (1024 0 -576 ) (1024 0 -464 ) (976 0 -464 ) 
4 153 159 (976 344 -576 ) (976 0 -576 ) (976 0 -464 ) (976 344 -464 ) 
4 153 155 (976 832 -576 ) (976 352 -576 ) (976 352 -464 ) (976 832 -464 ) 
4 154 156 (948 1024 -576 ) (948 880 -576 ) (948 880 -448 ) (948 1024 -448 ) 
4 156 158 (864 1024 -576 ) (864 864 -576 ) (864 864 -448 ) (864 1024 -448 ) 
4 157 158 (864 696 -576 ) (864 352 -576 ) (864 352 -448 ) (864 696 -448 ) 
4 158 160 (856 1024 -576 ) (856 352 -576 ) (856 352 -448 ) (856 1024 -448 ) 
4 159 260 (876 0 -576 ) (888 0 -576 ) (888 0 -448 ) (876 0 -448 ) 
4 159 259 (888 0 -576 ) (976 0 -576 ) (976 0 -448 ) (888 0 -448 ) 
4 159 264 (856 0 -576 ) (876 0 -576 ) (876 0 -448 ) (856 0 -448 ) 
4 159 161 (856 100 -544 ) (856 100 -480 ) (856 220 -480 ) (856 220 -544 ) 
4 160 162 (848 1024 -576 ) (848 352 -576 ) (848 352 -448 ) (848 1024 -448 ) 
4 161 162 (848 100 -544 ) (848 100 -480 ) (848 220 -480 ) (848 220 -544 ) 
4 162 359 (0 0 -576 ) (0 0 -448 ) (0 304 -448 ) (0 304 -576 ) 
4 162 358 (0 304 -448 ) (0 1024 -448 ) (0 1024 -576 ) (0 304 -576 ) 
4 162 304 (0 0 -448 ) (0 0 -576 ) (100 0 -576 ) (100 0 -448 ) 
4 162 287 (368 0 -576 ) (752 0 -576 ) (752 0 -448 ) (368 0 -448 ) 
4 162 164 (192 144 -576 ) (328 144 -576 ) (328 72 -576 ) (192 72 -576 ) 
4 162 163 (0 304 -576 ) (0 1024 -576 ) (544 1024 -576 ) (544 304 -576 ) 
4 163 376 (0 304 -576 ) (0 1024 -576 ) (0 1024 -584 ) (0 304 -584 ) 
4 163 172 (0 1024 -584 ) (544 1024 -584 ) (544 304 -584 ) (0 304 -584 ) 
4 165 179 (1024 488 -672 ) (1024 352 -672 ) (848 352 -672 ) (848 488 -672 ) 
4 165 166 (848 352 -584 ) (848 352 -672 ) (984 352 -672 ) (984 352 -584 ) 
4 166 180 (984 336 -672 ) (848 336 -672 ) (848 352 -672 ) (984 352 -672 ) 
4 166 168 (848 336 -584 ) (848 336 -672 ) (984 336 -672 ) (984 336 -584 ) 
4 167 181 (1024 336 -672 ) (1024 312 -672 ) (992 312 -672 ) (992 336 -672 ) 
4 167 169 (992 312 -672 ) (1024 312 -672 ) (1024 312 -584 ) (992 312 -584 ) 
4 168 183 (984 312 -672 ) (848 312 -672 ) (848 336 -672 ) (984 336 -672 ) 
4 168 171 (848 312 -584 ) (848 312 -672 ) (984 312 -672 ) (984 312 -584 ) 
4 169 181 (1024 312 -672 ) (1024 304 -672 ) (992 304 -672 ) (992 312 -672 ) 
4 169 173 (992 304 -672 ) (1024 304 -672 ) (1024 304 -584 ) (992 304 -584 ) 
4 169 170 (992 312 -600 ) (992 312 -672 ) (992 304 -672 ) (992 304 -600 ) 
4 170 182 (992 304 -672 ) (984 304 -672 ) (984 312 -672 ) (992 312 -672 ) 
4 170 174 (984 304 -672 ) (992 304 -672 ) (992 304 -600 ) (984 304 -600 ) 
4 170 171 (984 312 -600 ) (984 312 -672 ) (984 304 -672 ) (984 304 -600 ) 
4 171 183 (984 304 -672 ) (848 304 -672 ) (848 312 -672 ) (984 312 -672 ) 
4 171 176 (848 304 -672 ) (984 304 -672 ) (984 304 -584 ) (848 304 -584 ) 
4 172 376 (0 304 -584 ) (0 1024 -584 ) (0 1024 -672 ) (0 304 -672 ) 
4 172 185 (0 1024 -672 ) (544 1024 -672 ) (544 304 -672 ) (0 304 -672 ) 
4 172 178 (0 304 -672 ) (436 304 -672 ) (436 304 -640 ) (0 304 -640 ) 
4 173 181 (1024 304 -672 ) (1024 256 -672 ) (992 256 -672 ) (992 304 -672 ) 
4 173 175 (992 256 -672 ) (1024 256 -672 ) (1024 256 -584 ) (992 256 -584 ) 
4 173 174 (992 304 -600 ) (992 304 -672 ) (992 256 -672 ) (992 256 -600 ) 
4 174 182 (992 256 -672 ) (984 256 -672 ) (984 304 -672 ) (992 304 -672 ) 
4 174 176 (984 304 -600 ) (984 304 -672 ) (984 256 -672 ) (984 256 -600 ) 
4 175 181 (1024 256 -672 ) (1024 0 -672 ) (992 0 -672 ) (992 256 -672 ) 
4 176 307 (848 0 -672 ) (984 0 -672 ) (984 0 -618 ) (848 0 -618 ) 
4 176 306 (984 0 -618 ) (984 0 -584 ) (848 0 -584 ) (848 0 -618 ) 
4 176 183 (984 0 -672 ) (848 0 -672 ) (848 304 -672 ) (984 304 -672 ) 
4 177 308 (612 0 -672 ) (676 0 -672 ) (676 0 -618 ) (612 0 -618 ) 
4 177 186 (676 0 -672 ) (612 0 -672 ) (612 64 -672 ) (676 64 -672 ) 
3 178 382 (0 304 -640 ) (0 304 -672 ) (0 272 -672 ) 
4 178 187 (0 272 -672 ) (0 304 -672 ) (436 304 -672 ) (436 272 -672 ) 
4 179 180 (848 352 -672 ) (848 352 -712 ) (984 352 -712 ) (984 352 -672 ) 
4 180 183 (848 336 -672 ) (848 336 -712 ) (984 336 -712 ) (984 336 -672 ) 
4 181 182 (992 312 -712 ) (992 256 -712 ) (992 256 -672 ) (992 312 -672 ) 
4 182 183 (984 312 -712 ) (984 256 -712 ) (984 256 -672 ) (984 312 -672 ) 
4 183 317 (848 0 -704 ) (848 0 -712 ) (984 0 -712 ) (984 0 -704 ) 
4 183 309 (848 0 -682 ) (848 0 -704 ) (984 0 -704 ) (984 0 -682 ) 
4 183 307 (984 0 -672 ) (848 0 -672 ) (848 0 -682 ) (984 0 -682 ) 
4 183 184 (848 0 -712 ) (848 180 -712 ) (984 180 -712 ) (984 0 -712 ) 
4 184 318 (984 0 -712 ) (848 0 -712 ) (848 0 -832 ) (984 0 -832 ) 
4 185 388 (0 304 -1024 ) (0 304 -672 ) (0 592 -672 ) (0 592 -1024 ) 
4 185 387 (0 592 -672 ) (0 712 -672 ) (0 712 -1024 ) (0 592 -1024 ) 
4 185 384 (0 712 -672 ) (0 1024 -672 ) (0 1024 -1024 ) (0 712 -1024 ) 
4 185 187 (436 304 -672 ) (0 304 -672 ) (0 304 -1024 ) (436 304 -1024 ) 
4 186 308 (676 0 -672 ) (612 0 -672 ) (612 0 -682 ) (676 0 -682 ) 
5 187 392 (0 240 -704 ) (0 272 -672 ) (0 304 -672 ) (0 304 -1024 ) (0 240 -1024 ) 
4 188 193 (1952 -416 -232 ) (1952 -416 -168 ) (1888 -416 -168 ) (1888 -416 -232 ) 
4 189 258 (1024 0 1792 ) (1024 0 704 ) (1024 -416 704 ) (1024 -416 1792 ) 
4 189 192 (1024 -416 1792 ) (1024 -416 704 ) (1088 -416 704 ) (1088 -416 1792 ) 
4 190 242 (1368 -112 -448 ) (1368 -416 -448 ) (1176 -416 -448 ) (1176 -112 -448 ) 
4 190 191 (1176 -112 -448 ) (1176 -416 -448 ) (1176 -416 -392 ) (1176 -112 -392 ) 
4 191 259 (1024 0 -392 ) (1024 0 -448 ) (1024 -416 -448 ) (1024 -416 -392 ) 
4 191 243 (1176 -104 -448 ) (1176 -416 -448 ) (1024 -416 -448 ) (1024 -104 -448 ) 
4 191 241 (1024 0 -448 ) (1176 0 -448 ) (1176 -104 -448 ) (1024 -104 -448 ) 
4 192 266 (1024 -432 704 ) (1024 -432 1792 ) (1024 -416 1792 ) (1024 -416 704 ) 
4 192 198 (1088 -432 1792 ) (1024 -432 1792 ) (1024 -432 704 ) (1088 -432 704 ) 
4 193 194 (1952 -432 -168 ) (1888 -432 -168 ) (1888 -432 -232 ) (1952 -432 -232 ) 
4 194 494 (2048 -1024 -448 ) (2048 -1024 192 ) (1600 -1024 192 ) (1600 -1024 -448 ) 
4 194 211 (1972 -1024 -448 ) (1600 -1024 -448 ) (1600 -432 -448 ) (1972 -432 -448 ) 
4 194 207 (1988 -1024 -448 ) (1972 -1024 -448 ) (1972 -432 -448 ) (1988 -432 -448 ) 
4 194 203 (2048 -432 -448 ) (2048 -1024 -448 ) (1988 -1024 -448 ) (1988 -432 -448 ) 
4 194 195 (1600 -752 192 ) (1600 -432 192 ) (1600 -432 -432 ) (1600 -752 -432 ) 
4 194 196 (1600 -1024 192 ) (1600 -752 192 ) (1600 -752 -448 ) (1600 -1024 -448 ) 
4 195 196 (1368 -752 192 ) (1368 -752 -432 ) (1600 -752 -432 ) (1600 -752 192 ) 
4 195 197 (1368 -752 192 ) (1368 -432 192 ) (1368 -432 -432 ) (1368 -752 -432 ) 
4 196 494 (1600 -1024 192 ) (1368 -1024 192 ) (1368 -1024 -448 ) (1600 -1024 -448 ) 
4 196 239 (1600 -1024 -448 ) (1368 -1024 -448 ) (1368 -752 -448 ) (1600 -752 -448 ) 
4 196 197 (1368 -1024 192 ) (1368 -752 192 ) (1368 -752 -448 ) (1368 -1024 -448 ) 
4 197 494 (1368 -1024 192 ) (1096 -1024 192 ) (1096 -1024 -448 ) (1368 -1024 -448 ) 
4 197 246 (1096 -816 -448 ) (1096 -432 -448 ) (1368 -432 -448 ) (1368 -816 -448 ) 
4 197 250 (1368 -1024 -448 ) (1096 -1024 -448 ) (1096 -816 -448 ) (1368 -816 -448 ) 
4 197 199 (1096 -432 192 ) (1096 -432 -422 ) (1096 -816 -422 ) (1096 -816 192 ) 
4 197 201 (1096 -816 -448 ) (1096 -1024 -448 ) (1096 -1024 192 ) (1096 -816 192 ) 
4 198 269 (1024 -896 1792 ) (1024 -432 1792 ) (1024 -432 704 ) (1024 -896 704 ) 
4 199 276 (1024 -816 -390.846161 ) (1024 -816 -348 ) (1024 -784 -348 ) (1024 -784 -390.846161 ) 
4 199 274 (1024 -784 -348 ) (1024 -432 -348 ) (1024 -432 -390.846130 ) (1024 -784 -390.846161 ) 
4 199 271 (1024 -816 -348 ) (1024 -816 -332 ) (1024 -432 -332 ) (1024 -432 -348 ) 
4 199 270 (1024 -816 -332 ) (1024 -816 192 ) (1024 -432 192 ) (1024 -432 -332 ) 
4 199 201 (1096 -816 -422 ) (1096 -816 192 ) (1024 -816 192 ) (1024 -816 -390.846130 ) 
4 200 275 (1024 -432 -448 ) (1024 -784 -448 ) (1024 -784 -406.846161 ) (1024 -432 -406.846130 ) 
4 200 248 (1024 -784 -448 ) (1024 -432 -448 ) (1036 -432 -448 ) (1036 -784 -448 ) 
4 200 247 (1036 -432 -448 ) (1064 -432 -448 ) (1064 -784 -448 ) (1036 -784 -448 ) 
4 201 494 (1024 -1024 192 ) (1024 -1024 -448 ) (1096 -1024 -448 ) (1096 -1024 192 ) 
4 201 279 (1024 -816 -448 ) (1024 -1024 -448 ) (1024 -1024 -348 ) (1024 -816 -348 ) 
4 201 272 (1024 -1024 -348 ) (1024 -1024 -332 ) (1024 -816 -332 ) (1024 -816 -348 ) 
4 201 270 (1024 -1024 -332 ) (1024 -1024 192 ) (1024 -816 192 ) (1024 -816 -332 ) 
4 201 250 (1096 -1024 -448 ) (1024 -1024 -448 ) (1024 -816 -448 ) (1096 -816 -448 ) 
4 203 494 (2048 -1024 -576 ) (2048 -1024 -448 ) (1988 -1024 -448 ) (1988 -1024 -576 ) 
4 203 207 (1988 -432 -576 ) (1988 -1024 -576 ) (1988 -1024 -448 ) (1988 -432 -448 ) 
4 203 204 (1988 -320 -576 ) (1988 -376 -576 ) (1988 -376 -464 ) (1988 -320 -464 ) 
4 204 205 (1984 -376 -576 ) (1984 -376 -464 ) (1984 -320 -464 ) (1984 -320 -576 ) 
4 205 206 (1976 -376 -576 ) (1976 -376 -464 ) (1976 -320 -464 ) (1976 -320 -576 ) 
4 206 210 (1972 -320 -576 ) (1972 -376 -576 ) (1972 -376 -464 ) (1972 -320 -464 ) 
4 207 494 (1988 -1024 -448 ) (1972 -1024 -448 ) (1972 -1024 -576 ) (1988 -1024 -576 ) 
4 207 211 (1972 -432 -576 ) (1972 -1024 -576 ) (1972 -1024 -448 ) (1972 -432 -448 ) 
4 208 217 (1600 -112 -576 ) (1600 -220 -576 ) (1600 -220 -448 ) (1600 -112 -448 ) 
4 208 212 (1600 -48 -544 ) (1600 -48 -480 ) (1600 0 -480 ) (1600 0 -544 ) 
4 208 209 (1632 -272 -576 ) (1688 -272 -576 ) (1688 -272 -464 ) (1632 -272 -464 ) 
4 209 210 (1632 -280 -576 ) (1688 -280 -576 ) (1688 -280 -464 ) (1632 -280 -464 ) 
4 211 494 (1972 -1024 -448 ) (1600 -1024 -448 ) (1600 -1024 -576 ) (1972 -1024 -576 ) 
4 211 239 (1600 -752 -576 ) (1600 -1024 -576 ) (1600 -1024 -448 ) (1600 -752 -448 ) 
4 211 224 (1600 -672 -544 ) (1600 -672 -480 ) (1600 -552 -480 ) (1600 -552 -544 ) 
4 212 213 (1592 -48 -544 ) (1592 -48 -480 ) (1592 0 -480 ) (1592 0 -544 ) 
4 213 214 (1512 0 -576 ) (1512 -104 -576 ) (1512 -104 -448 ) (1512 0 -448 ) 
4 214 216 (1456 0 -576 ) (1456 -104 -576 ) (1456 -104 -448 ) (1456 0 -448 ) 
4 214 215 (1456 -104 -464 ) (1456 -104 -576 ) (1512 -104 -576 ) (1512 -104 -464 ) 
4 215 218 (1456 -112 -576 ) (1512 -112 -576 ) (1512 -112 -464 ) (1456 -112 -464 ) 
4 217 218 (1560 -112 -448 ) (1560 -112 -576 ) (1560 -220 -576 ) (1560 -220 -448 ) 
4 218 242 (1368 -112 -576 ) (1368 -272 -576 ) (1368 -272 -448 ) (1368 -112 -448 ) 
4 218 220 (1456 -272 -576 ) (1512 -272 -576 ) (1512 -272 -464 ) (1456 -272 -464 ) 
4 219 237 (1512 -552 -576 ) (1592 -552 -576 ) (1592 -552 -544 ) (1512 -552 -544 ) 
4 219 225 (1592 -552 -544 ) (1592 -552 -480 ) (1512 -552 -480 ) (1512 -552 -544 ) 
4 219 223 (1592 -552 -480 ) (1592 -552 -448 ) (1512 -552 -448 ) (1512 -552 -480 ) 
4 219 221 (1512 -280 -576 ) (1512 -552 -576 ) (1512 -552 -448 ) (1512 -280 -448 ) 
4 220 221 (1456 -280 -464 ) (1456 -280 -576 ) (1512 -280 -576 ) (1512 -280 -464 ) 
4 221 237 (1456 -552 -576 ) (1512 -552 -576 ) (1512 -552 -544 ) (1456 -552 -544 ) 
4 221 225 (1512 -552 -544 ) (1512 -552 -480 ) (1456 -552 -480 ) (1456 -552 -544 ) 
4 221 223 (1512 -552 -480 ) (1512 -552 -448 ) (1456 -552 -448 ) (1456 -552 -480 ) 
4 221 222 (1456 -280 -576 ) (1456 -552 -576 ) (1456 -552 -448 ) (1456 -280 -448 ) 
4 222 237 (1376 -552 -576 ) (1456 -552 -576 ) (1456 -552 -544 ) (1376 -552 -544 ) 
4 222 225 (1456 -552 -544 ) (1456 -552 -480 ) (1376 -552 -480 ) (1376 -552 -544 ) 
4 222 223 (1456 -552 -480 ) (1456 -552 -448 ) (1376 -552 -448 ) (1376 -552 -480 ) 
4 223 238 (1376 -672 -480 ) (1592 -672 -480 ) (1592 -672 -448 ) (1376 -672 -448 ) 
4 223 235 (1592 -672 -480 ) (1376 -672 -480 ) (1376 -670 -480 ) (1592 -670 -480 ) 
4 223 227 (1376 -670 -480 ) (1376 -640 -480 ) (1592 -640 -480 ) (1592 -670 -480 ) 
4 223 225 (1376 -640 -480 ) (1376 -552 -480 ) (1592 -552 -480 ) (1592 -640 -480 ) 
4 225 237 (1376 -552 -544 ) (1592 -552 -544 ) (1592 -640 -544 ) (1376 -640 -544 ) 
4 225 233 (1376 -640 -544 ) (1595 -640 -544 ) (1595 -640 -542 ) (1376 -640 -542 ) 
4 225 229 (1595 -640 -542 ) (1595 -640 -482 ) (1376 -640 -482 ) (1376 -640 -542 ) 
4 225 227 (1595 -640 -482 ) (1595 -640 -480 ) (1376 -640 -480 ) (1376 -640 -482 ) 
4 225 226 (1376 -552 -544 ) (1376 -640 -544 ) (1376 -640 -480 ) (1376 -552 -480 ) 
4 226 246 (1368 -640 -480 ) (1368 -552 -480 ) (1368 -552 -544 ) (1368 -640 -544 ) 
4 226 234 (1368 -640 -544 ) (1376 -640 -544 ) (1376 -640 -542 ) (1368 -640 -542 ) 
4 226 230 (1376 -640 -542 ) (1376 -640 -482 ) (1373 -640 -482 ) (1373 -640 -542 ) 
4 226 231 (1373 -640 -482 ) (1371 -640 -482 ) (1371 -640 -542 ) (1373 -640 -542 ) 
4 226 232 (1371 -640 -482 ) (1368 -640 -482 ) (1368 -640 -542 ) (1371 -640 -542 ) 
4 226 228 (1376 -640 -482 ) (1376 -640 -480 ) (1368 -640 -480 ) (1368 -640 -482 ) 
4 227 235 (1595 -670 -482 ) (1595 -670 -480 ) (1376 -670 -480 ) (1376 -670 -482 ) 
4 227 229 (1595 -670 -482 ) (1376 -670 -482 ) (1376 -640 -482 ) (1595 -640 -482 ) 
4 227 228 (1376 -640 -480 ) (1376 -640 -482 ) (1376 -670 -482 ) (1376 -670 -480 ) 
4 228 246 (1368 -670 -480 ) (1368 -640 -480 ) (1368 -640 -482 ) (1368 -670 -482 ) 
4 228 236 (1376 -670 -480 ) (1368 -670 -480 ) (1368 -670 -482 ) (1376 -670 -482 ) 
4 228 230 (1376 -670 -482 ) (1373 -670 -482 ) (1373 -640 -482 ) (1376 -640 -482 ) 
4 228 231 (1373 -670 -482 ) (1371 -670 -482 ) (1371 -640 -482 ) (1373 -640 -482 ) 
4 228 232 (1371 -670 -482 ) (1368 -670 -482 ) (1368 -640 -482 ) (1371 -640 -482 ) 
4 229 235 (1595 -670 -542 ) (1595 -670 -482 ) (1376 -670 -482 ) (1376 -670 -542 ) 
4 229 233 (1595 -670 -542 ) (1376 -670 -542 ) (1376 -640 -542 ) (1595 -640 -542 ) 
4 229 230 (1376 -640 -542 ) (1376 -670 -542 ) (1376 -670 -482 ) (1376 -640 -482 ) 
4 230 236 (1376 -670 -482 ) (1373 -670 -482 ) (1373 -670 -542 ) (1376 -670 -542 ) 
4 230 234 (1376 -670 -542 ) (1373 -670 -542 ) (1373 -640 -542 ) (1376 -640 -542 ) 
4 230 231 (1373 -640 -542 ) (1373 -670 -542 ) (1373 -670 -482 ) (1373 -640 -482 ) 
4 231 236 (1373 -670 -482 ) (1371 -670 -482 ) (1371 -670 -542 ) (1373 -670 -542 ) 
4 231 234 (1373 -670 -542 ) (1371 -670 -542 ) (1371 -640 -542 ) (1373 -640 -542 ) 
4 231 232 (1371 -640 -542 ) (1371 -670 -542 ) (1371 -670 -482 ) (1371 -640 -482 ) 
4 232 246 (1368 -640 -482 ) (1368 -640 -542 ) (1368 -670 -542 ) (1368 -670 -482 ) 
4 232 236 (1371 -670 -482 ) (1368 -670 -482 ) (1368 -670 -542 ) (1371 -670 -542 ) 
4 232 234 (1371 -670 -542 ) (1368 -670 -542 ) (1368 -640 -542 ) (1371 -640 -542 ) 
4 233 237 (1376 -640 -544 ) (1592 -640 -544 ) (1592 -670 -544 ) (1376 -670 -544 ) 
4 233 235 (1376 -670 -544 ) (1595 -670 -544 ) (1595 -670 -542 ) (1376 -670 -542 ) 
4 233 234 (1376 -670 -544 ) (1376 -670 -542 ) (1376 -640 -542 ) (1376 -640 -544 ) 
4 234 246 (1368 -640 -542 ) (1368 -640 -544 ) (1368 -670 -544 ) (1368 -670 -542 ) 
4 234 236 (1368 -670 -544 ) (1376 -670 -544 ) (1376 -670 -542 ) (1368 -670 -542 ) 
4 235 238 (1376 -672 -544 ) (1592 -672 -544 ) (1592 -672 -480 ) (1376 -672 -480 ) 
4 235 237 (1592 -672 -544 ) (1376 -672 -544 ) (1376 -670 -544 ) (1592 -670 -544 ) 
4 235 236 (1376 -670 -480 ) (1376 -670 -544 ) (1376 -672 -544 ) (1376 -672 -480 ) 
4 236 246 (1368 -672 -544 ) (1368 -672 -480 ) (1368 -670 -480 ) (1368 -670 -544 ) 
4 237 238 (1376 -672 -576 ) (1592 -672 -576 ) (1592 -672 -544 ) (1376 -672 -544 ) 
4 239 494 (1600 -1024 -448 ) (1368 -1024 -448 ) (1368 -1024 -576 ) (1600 -1024 -576 ) 
4 239 246 (1368 -752 -576 ) (1368 -816 -576 ) (1368 -816 -448 ) (1368 -752 -448 ) 
4 239 250 (1368 -816 -576 ) (1368 -1024 -576 ) (1368 -1024 -448 ) (1368 -816 -448 ) 
4 241 259 (1024 0 -448 ) (1024 0 -576 ) (1024 -104 -576 ) (1024 -104 -448 ) 
4 241 243 (1024 -104 -576 ) (1176 -104 -576 ) (1176 -104 -448 ) (1024 -104 -448 ) 
4 242 243 (1176 -112 -576 ) (1176 -416 -576 ) (1176 -416 -448 ) (1176 -112 -448 ) 
4 243 259 (1024 -104 -576 ) (1024 -416 -576 ) (1024 -416 -448 ) (1024 -104 -448 ) 
4 243 244 (1024 -416 -576 ) (1032 -416 -576 ) (1032 -416 -464 ) (1024 -416 -464 ) 
4 244 267 (1024 -416 -576 ) (1024 -424 -576 ) (1024 -424 -464 ) (1024 -416 -464 ) 
4 244 245 (1024 -424 -576 ) (1032 -424 -576 ) (1032 -424 -464 ) (1024 -424 -464 ) 
4 245 268 (1024 -424 -576 ) (1024 -432 -576 ) (1024 -432 -464 ) (1024 -424 -464 ) 
4 245 248 (1024 -432 -576 ) (1032 -432 -576 ) (1032 -432 -464 ) (1024 -432 -464 ) 
4 246 250 (1096 -816 -576 ) (1368 -816 -576 ) (1368 -816 -448 ) (1096 -816 -448 ) 
4 247 248 (1036 -432 -448 ) (1036 -432 -576 ) (1036 -784 -576 ) (1036 -784 -448 ) 
4 248 275 (1024 -432 -576 ) (1024 -784 -576 ) (1024 -784 -448 ) (1024 -432 -448 ) 
4 248 249 (1024 -784 -576 ) (1036 -784 -576 ) (1036 -784 -466 ) (1024 -784 -466 ) 
4 249 277 (1024 -784 -576 ) (1024 -816 -576 ) (1024 -816 -466 ) (1024 -784 -466 ) 
4 249 250 (1024 -816 -576 ) (1036 -816 -576 ) (1036 -816 -466 ) (1024 -816 -466 ) 
4 250 494 (1368 -1024 -448 ) (1024 -1024 -448 ) (1024 -1024 -576 ) (1368 -1024 -576 ) 
4 250 279 (1024 -816 -576 ) (1024 -1024 -576 ) (1024 -1024 -448 ) (1024 -816 -448 ) 
4 251 257 (1344 -384 -712 ) (1344 -384 -832 ) (1344 -576 -832 ) (1344 -576 -712 ) 
4 251 253 (1344 -384 -668 ) (1344 -384 -712 ) (1344 -576 -712 ) (1344 -576 -668 ) 
4 253 257 (1344 -240 -712 ) (1344 -804 -712 ) (1064 -804 -712 ) (1064 -240 -712 ) 
4 253 254 (1064 -240 -712 ) (1064 -804 -712 ) (1064 -804 -584 ) (1064 -240 -584 ) 
4 254 257 (1064 -240 -712 ) (1064 -804 -712 ) (1056 -804 -712 ) (1056 -240 -712 ) 
4 254 255 (1056 -240 -712 ) (1056 -804 -712 ) (1056 -804 -584 ) (1056 -240 -584 ) 
4 255 319 (1024 -8 -712 ) (1024 -312 -712 ) (1024 -312 -704 ) (1024 -8 -704 ) 
4 255 321 (1024 -312 -712 ) (1024 -804 -712 ) (1024 -804 -704 ) (1024 -312 -704 ) 
4 255 310 (1024 -312 -584 ) (1024 -8 -584 ) (1024 -8 -704 ) (1024 -312 -704 ) 
4 255 314 (1024 -804 -704 ) (1024 -804 -584 ) (1024 -312 -584 ) (1024 -312 -704 ) 
4 255 256 (1024 -240 -712 ) (1024 -8 -712 ) (1056 -8 -712 ) (1056 -240 -712 ) 
4 255 257 (1056 -804 -712 ) (1024 -804 -712 ) (1024 -240 -712 ) (1056 -240 -712 ) 
4 256 319 (1024 -8 -832 ) (1024 -240 -832 ) (1024 -240 -712 ) (1024 -8 -712 ) 
4 256 257 (1024 -240 -832 ) (1056 -240 -832 ) (1056 -240 -712 ) (1024 -240 -712 ) 
4 257 319 (1024 -240 -832 ) (1024 -312 -832 ) (1024 -312 -712 ) (1024 -240 -712 ) 
4 257 321 (1024 -312 -832 ) (1024 -804 -832 ) (1024 -804 -712 ) (1024 -312 -712 ) 
4 258 266 (1024 -416 704 ) (1024 -416 1792 ) (848 -416 1792 ) (848 -416 704 ) 
4 258 265 (848 0 1792 ) (848 0 704 ) (848 -416 704 ) (848 -416 1792 ) 
4 259 267 (976 -416 -576 ) (1024 -416 -576 ) (1024 -416 -464 ) (976 -416 -464 ) 
4 259 262 (888 -394 -559.067017 ) (888 -394 -392 ) (888 -378 -392 ) (888 -378 -559.067017 ) 
4 259 261 (888 -378 -576 ) (888 -394 -576 ) (888 -394 -560 ) (888 -378 -560 ) 
4 259 260 (888 0 -576 ) (888 -378 -576 ) (888 -378 -392 ) (888 0 -392 ) 
4 259 263 (888 -394 -576 ) (888 -416 -576 ) (888 -416 -392 ) (888 -394 -392 ) 
4 260 262 (876 -378 -392 ) (876 -378 -556 ) (888 -378 -559.067017 ) (888 -378 -392 ) 
4 260 261 (876 -378 -557 ) (876 -378 -576 ) (888 -378 -576 ) (888 -378 -560 ) 
4 260 264 (876 0 -576 ) (876 -378 -576 ) (876 -378 -392 ) (876 0 -392 ) 
4 261 264 (876 -378 -576 ) (876 -394 -576 ) (876 -394 -557 ) (876 -378 -557 ) 
4 261 263 (876 -394 -557 ) (876 -394 -576 ) (888 -394 -576 ) (888 -394 -560 ) 
4 262 263 (876 -394 -392 ) (876 -394 -556 ) (888 -394 -559.067017 ) (888 -394 -392 ) 
4 262 264 (876 -394 -556 ) (876 -394 -392 ) (876 -378 -392 ) (876 -378 -556 ) 
4 263 264 (876 -394 -576 ) (876 -416 -576 ) (876 -416 -392 ) (876 -394 -392 ) 
4 265 284 (768 0 1792 ) (768 0 704 ) (768 -416 704 ) (768 -416 1792 ) 
4 265 266 (768 -416 1792 ) (768 -416 704 ) (848 -416 704 ) (848 -416 1792 ) 
4 266 284 (768 -432 704 ) (768 -432 1792 ) (768 -416 1792 ) (768 -416 704 ) 
4 266 269 (768 -432 1792 ) (768 -432 704 ) (1024 -432 704 ) (1024 -432 1792 ) 
4 267 268 (1024 -424 -464 ) (976 -424 -464 ) (976 -424 -576 ) (1024 -424 -576 ) 
4 268 275 (976 -432 -576 ) (1024 -432 -576 ) (1024 -432 -464 ) (976 -432 -464 ) 
4 269 284 (768 -896 1792 ) (768 -432 1792 ) (768 -432 704 ) (768 -896 704 ) 
4 270 498 (1024 -1024 -332 ) (1024 -1024 -216 ) (768 -1024 -216 ) (768 -1024 -332 ) 
4 270 495 (1024 -1024 -216 ) (1024 -1024 192 ) (768 -1024 192 ) (768 -1024 -216 ) 
4 270 273 (872 -1024 -332 ) (768 -1024 -332 ) (768 -824 -332 ) (872 -824 -332 ) 
4 270 272 (1024 -1024 -332 ) (872 -1024 -332 ) (872 -816 -332 ) (1024 -816 -332 ) 
4 270 271 (888 -432 -332 ) (1024 -432 -332 ) (1024 -816 -332 ) (888 -816 -332 ) 
4 271 278 (932 -816 -348 ) (924.977783 -816 -348 ) (924.977783 -784 -348 ) (932 -784 -348 ) 
4 271 276 (1024 -784 -348 ) (1024 -816 -348 ) (932 -816 -348 ) (932 -784 -348 ) 
4 271 274 (924.977783 -432 -348 ) (1024 -432 -348 ) (1024 -784 -348 ) (924.977783 -784 -348 ) 
4 271 272 (924.977783 -816 -348 ) (1024 -816 -348 ) (1024 -816 -332 ) (888 -816 -332 ) 
4 272 498 (1024 -1024 -348 ) (1024 -1024 -332 ) (872 -1024 -332 ) (872 -1024 -348 ) 
4 272 279 (872 -816 -348 ) (1024 -816 -348 ) (1024 -1024 -348 ) (872 -1024 -348 ) 
4 272 273 (872 -824 -348 ) (872 -1024 -348 ) (872 -1024 -332 ) (872 -824 -332 ) 
4 273 498 (872 -1024 -332 ) (768 -1024 -332 ) (768 -1024 -348 ) (872 -1024 -348 ) 
4 273 283 (768 -1024 -348 ) (768 -824 -348 ) (856 -824 -348 ) (856 -1024 -348 ) 
4 273 281 (856 -824 -348 ) (872 -824 -348 ) (872 -1024 -348 ) (856 -1024 -348 ) 
3 274 278 (932 -784 -348 ) (924.977722 -784 -348 ) (932 -784 -351.038483 ) 
4 274 276 (1024 -784 -390.846161 ) (1024 -784 -348 ) (932 -784 -348 ) (932 -784 -351.038483 ) 
4 275 280 (872 -624 -348 ) (872 -432 -348 ) (872 -432 -576 ) (872 -624 -576 ) 
4 275 277 (932 -784 -576 ) (1024 -784 -576 ) (1024 -784 -466 ) (932 -784 -466 ) 
4 276 278 (932 -784 -348 ) (932 -784 -351.038483 ) (932 -816 -351.038483 ) (932 -816 -348 ) 
4 276 279 (1024 -816 -390.846161 ) (1024 -816 -348 ) (932 -816 -348 ) (932 -816 -351.038483 ) 
4 277 279 (932 -816 -576 ) (1024 -816 -576 ) (1024 -816 -466 ) (932 -816 -466 ) 
3 278 279 (932 -816 -351.038483 ) (932 -816 -348 ) (924.977722 -816 -348 ) 
4 279 499 (1024 -1024 -576 ) (1024 -1024 -384 ) (872 -1024 -384 ) (872 -1024 -576 ) 
4 279 498 (1024 -1024 -384 ) (1024 -1024 -348 ) (872 -1024 -348 ) (872 -1024 -384 ) 
4 279 281 (872 -1024 -348 ) (872 -824 -348 ) (872 -824 -576 ) (872 -1024 -576 ) 
4 280 282 (856 -624 -348 ) (856 -432 -348 ) (856 -432 -576 ) (856 -624 -576 ) 
4 281 499 (856 -1024 -384 ) (856 -1024 -576 ) (872 -1024 -576 ) (872 -1024 -384 ) 
4 281 498 (872 -1024 -348 ) (856 -1024 -348 ) (856 -1024 -384 ) (872 -1024 -384 ) 
4 281 283 (856 -1024 -348 ) (856 -824 -348 ) (856 -824 -576 ) (856 -1024 -576 ) 
4 282 285 (768 -432 -576 ) (768 -816 -576 ) (768 -816 -384 ) (768 -432 -384 ) 
4 283 499 (768 -1024 -384 ) (768 -1024 -576 ) (856 -1024 -576 ) (856 -1024 -384 ) 
4 283 498 (856 -1024 -348 ) (768 -1024 -348 ) (768 -1024 -384 ) (856 -1024 -384 ) 
4 284 286 (752 -896 1792 ) (752 0 1792 ) (752 0 704 ) (752 -896 704 ) 
4 285 287 (752 -432 -576 ) (752 -816 -576 ) (752 -816 -384 ) (752 -432 -384 ) 
4 286 291 (368 -796 704 ) (368 -896 704 ) (368 -896 1792 ) (368 -796 1792 ) 
4 286 289 (368 -692 704 ) (368 -796 704 ) (368 -796 1792 ) (368 -692 1792 ) 
4 286 288 (368 0 1792 ) (368 0 704 ) (368 -692 704 ) (368 -692 1792 ) 
4 287 290 (368 -692 -576 ) (368 -796 -576 ) (368 -796 -464 ) (368 -692 -464 ) 
4 288 292 (352 -692 704 ) (352 -692 1792 ) (352 0 1792 ) (352 0 704 ) 
4 288 289 (352 -692 1792 ) (352 -692 704 ) (368 -692 704 ) (368 -692 1792 ) 
4 289 292 (352 -796 704 ) (352 -796 1792 ) (352 -692 1792 ) (352 -692 704 ) 
4 289 291 (352 -796 1792 ) (352 -796 704 ) (368 -796 704 ) (368 -796 1792 ) 
4 290 297 (352 -692 -576 ) (352 -796 -576 ) (352 -796 -464 ) (352 -692 -464 ) 
4 291 292 (352 -896 704 ) (352 -896 1792 ) (352 -796 1792 ) (352 -796 704 ) 
4 292 302 (116 -896 1792 ) (116 -796 1792 ) (116 -796 704 ) (116 -896 704 ) 
4 292 300 (116 -796 1792 ) (116 -692 1792 ) (116 -692 704 ) (116 -796 704 ) 
4 292 299 (116 -692 1792 ) (116 0 1792 ) (116 0 704 ) (116 -692 704 ) 
4 293 296 (116 -640 -575.390015 ) (116 -640 -576 ) (192 -640 -576 ) (192 -640 -575.390015 ) 
4 293 295 (192 -640 -464 ) (192 -640 -576 ) (296 -640 -576 ) (296 -640 -464 ) 
4 293 294 (352 -640 -576 ) (352 -640 -575.390015 ) (296 -640 -575.390015 ) (296 -640 -576 ) 
4 294 297 (352 -648 -576 ) (352 -648 -575.390015 ) (296 -648 -575.390015 ) (296 -648 -576 ) 
4 294 295 (296 -640 -575.390015 ) (296 -640 -576 ) (296 -648 -576 ) (296 -648 -575.390015 ) 
4 295 297 (244 -648 -576 ) (296 -648 -576 ) (296 -648 -464 ) (244 -648 -464 ) 
4 295 298 (192 -648 -464 ) (192 -648 -576 ) (244 -648 -576 ) (244 -648 -464 ) 
4 295 296 (192 -640 -575.390015 ) (192 -640 -576 ) (192 -648 -576 ) (192 -648 -575.390015 ) 
4 296 298 (116 -648 -575.390015 ) (116 -648 -576 ) (192 -648 -576 ) (192 -648 -575.390015 ) 
4 297 298 (244 -648 -448 ) (244 -648 -576 ) (244 -816 -576 ) (244 -816 -448 ) 
4 298 500 (116 -1024 -448 ) (116 -1024 -576 ) (244 -1024 -576 ) (244 -1024 -448 ) 
4 298 305 (244 -1024 -576 ) (116 -1024 -576 ) (116 -816 -576 ) (244 -816 -576 ) 
4 298 301 (116 -692 -576 ) (116 -796 -576 ) (116 -796 -464 ) (116 -692 -464 ) 
4 299 303 (100 0 1792 ) (100 0 704 ) (100 -692 704 ) (100 -692 1792 ) 
4 299 300 (100 -692 1792 ) (100 -692 704 ) (116 -692 704 ) (116 -692 1792 ) 
4 300 303 (100 -796 704 ) (100 -796 1792 ) (100 -692 1792 ) (100 -692 704 ) 
4 300 302 (100 -796 1792 ) (100 -796 704 ) (116 -796 704 ) (116 -796 1792 ) 
4 301 304 (100 -692 -576 ) (100 -796 -576 ) (100 -796 -464 ) (100 -692 -464 ) 
4 302 303 (100 -896 704 ) (100 -896 1792 ) (100 -796 1792 ) (100 -796 704 ) 
4 303 396 (0 0 1792 ) (0 0 704 ) (0 -896 704 ) (0 -896 1792 ) 
4 304 501 (0 -1024 -384 ) (0 -1024 -576 ) (100 -1024 -576 ) (100 -1024 -384 ) 
4 304 421 (0 -1024 -576 ) (0 -1024 -448 ) (0 0 -448 ) (0 0 -576 ) 
4 304 397 (0 -1024 -448 ) (0 -1024 -384 ) (0 0 -384 ) (0 0 -448 ) 
4 305 502 (244 -1024 -576 ) (116 -1024 -576 ) (116 -1024 -584 ) (244 -1024 -584 ) 
4 305 315 (244 -1024 -584 ) (116 -1024 -584 ) (116 -816 -584 ) (244 -816 -584 ) 
4 306 310 (984 -8 -584 ) (848 -8 -584 ) (848 -8 -618 ) (984 -8 -618 ) 
4 306 307 (984 -8 -618 ) (848 -8 -618 ) (848 0 -618 ) (984 0 -618 ) 
4 307 310 (984 -8 -618 ) (848 -8 -618 ) (848 -8 -682 ) (984 -8 -682 ) 
4 307 309 (984 -8 -682 ) (848 -8 -682 ) (848 0 -682 ) (984 0 -682 ) 
4 308 310 (676 -8 -618 ) (612 -8 -618 ) (612 -8 -682 ) (676 -8 -682 ) 
4 309 317 (848 0 -704 ) (984 0 -704 ) (984 -8 -704 ) (848 -8 -704 ) 
4 309 310 (848 -8 -704 ) (984 -8 -704 ) (984 -8 -682 ) (848 -8 -682 ) 
4 310 319 (368 -8 -704 ) (1024 -8 -704 ) (1024 -312 -704 ) (368 -312 -704 ) 
4 310 314 (368 -312 -704 ) (1024 -312 -704 ) (1024 -312 -584 ) (368 -312 -584 ) 
4 311 451 (0 -172 -584 ) (0 -8 -584 ) (0 -8 -704 ) (0 -172 -704 ) 
4 312 452 (0 -304 -584 ) (0 -180 -584 ) (0 -180 -704 ) (0 -304 -704 ) 
4 312 313 (16 -304 -704 ) (72 -304 -704 ) (72 -304 -592 ) (16 -304 -592 ) 
4 313 314 (16 -312 -704 ) (72 -312 -704 ) (72 -312 -592 ) (16 -312 -592 ) 
4 314 456 (0 -804 -584 ) (0 -312 -584 ) (0 -312 -704 ) (0 -804 -704 ) 
4 314 321 (0 -804 -704 ) (0 -312 -704 ) (1024 -312 -704 ) (1024 -804 -704 ) 
4 314 315 (116 -804 -704 ) (244 -804 -704 ) (244 -804 -584 ) (116 -804 -584 ) 
4 315 503 (244 -1024 -584 ) (116 -1024 -584 ) (116 -1024 -704 ) (244 -1024 -704 ) 
4 315 322 (244 -1024 -704 ) (116 -1024 -704 ) (116 -804 -704 ) (244 -804 -704 ) 
4 316 504 (100 -1024 -584 ) (0 -1024 -584 ) (0 -1024 -704 ) (100 -1024 -704 ) 
4 316 457 (0 -1024 -704 ) (0 -1024 -584 ) (0 -812 -584 ) (0 -812 -704 ) 
4 316 323 (100 -1024 -704 ) (0 -1024 -704 ) (0 -812 -704 ) (100 -812 -704 ) 
4 317 319 (984 -8 -704 ) (848 -8 -704 ) (848 -8 -712 ) (984 -8 -712 ) 
4 317 318 (984 -8 -712 ) (848 -8 -712 ) (848 0 -712 ) (984 0 -712 ) 
4 318 319 (848 -8 -832 ) (984 -8 -832 ) (984 -8 -712 ) (848 -8 -712 ) 
4 319 321 (368 -312 -832 ) (1024 -312 -832 ) (1024 -312 -704 ) (368 -312 -704 ) 
4 320 459 (0 -8 -712 ) (0 -8 -832 ) (0 -312 -832 ) (0 -312 -712 ) 
4 320 321 (0 -312 -832 ) (100 -312 -832 ) (100 -312 -712 ) (0 -312 -712 ) 
4 321 459 (0 -312 -712 ) (0 -312 -832 ) (0 -804 -832 ) (0 -804 -712 ) 
4 321 458 (0 -804 -704 ) (0 -312 -704 ) (0 -312 -712 ) (0 -804 -712 ) 
4 321 322 (116 -804 -832 ) (244 -804 -832 ) (244 -804 -704 ) (116 -804 -704 ) 
4 323 507 (100 -1024 -704 ) (0 -1024 -704 ) (0 -1024 -832 ) (100 -1024 -832 ) 
4 323 462 (0 -1024 -832 ) (0 -1024 -704 ) (0 -812 -704 ) (0 -812 -832 ) 
4 324 348 (0 1024 704 ) (0 1024 1792 ) (-1024 1024 1792 ) (-1024 1024 704 ) 
4 324 347 (-1024 2048 1792 ) (-1024 2048 704 ) (-1024 1024 704 ) (-1024 1024 1792 ) 
4 324 328 (-196 1024 704 ) (-300 1024 704 ) (-300 1592 704 ) (-196 1592 704 ) 
4 324 327 (-108 1024 704 ) (-196 1024 704 ) (-196 1840 704 ) (-108 1840 704 ) 
4 324 325 (0 1024 704 ) (-108 1024 704 ) (-108 1846 704 ) (0 1846 704 ) 
4 325 349 (0 1024 440 ) (0 1024 704 ) (-108 1024 704 ) (-108 1024 440 ) 
4 325 327 (-108 1840 440 ) (-108 1024 440 ) (-108 1024 704 ) (-108 1840 704 ) 
4 325 326 (-108 1024 440 ) (-108 1840 440 ) (0 1840 440 ) (0 1024 440 ) 
4 326 349 (0 1024 240 ) (0 1024 440 ) (-108 1024 440 ) (-108 1024 240 ) 
4 326 329 (0 1024 240 ) (-108 1024 240 ) (-108 1840 240 ) (0 1840 240 ) 
4 326 327 (-108 1840 240 ) (-108 1024 240 ) (-108 1024 440 ) (-108 1840 440 ) 
4 327 349 (-108 1024 704 ) (-196 1024 704 ) (-196 1024 240 ) (-108 1024 240 ) 
4 327 329 (-108 1024 240 ) (-196 1024 240 ) (-196 1840 240 ) (-108 1840 240 ) 
4 327 328 (-196 1592 240 ) (-196 1024 240 ) (-196 1024 704 ) (-196 1592 704 ) 
4 328 349 (-196 1024 704 ) (-300 1024 704 ) (-300 1024 240 ) (-196 1024 240 ) 
4 328 330 (-196 1024 240 ) (-300 1024 240 ) (-300 1592 240 ) (-196 1592 240 ) 
4 329 349 (0 1024 -200 ) (0 1024 240 ) (-196 1024 240 ) (-196 1024 -200 ) 
4 329 334 (0 1168 -200 ) (0 1024 -200 ) (-196 1024 -200 ) (-196 1168 -200 ) 
4 329 332 (0 1840 -200 ) (0 1168 -200 ) (-196 1168 -200 ) (-196 1840 -200 ) 
4 329 330 (-196 1024 240 ) (-196 1592 240 ) (-196 1592 -200 ) (-196 1024 -200 ) 
4 330 349 (-196 1024 240 ) (-300 1024 240 ) (-300 1024 -200 ) (-196 1024 -200 ) 
4 330 334 (-196 1168 -200 ) (-196 1024 -200 ) (-300 1024 -200 ) (-300 1168 -200 ) 
4 330 333 (-300 1592 -200 ) (-196 1592 -200 ) (-196 1168 -200 ) (-300 1168 -200 ) 
4 330 331 (-300 1592 -96 ) (-300 1592 -200 ) (-300 1024 -200 ) (-300 1024 -96 ) 
3 331 350 (-376 1024 -200 ) (-300 1024 -200 ) (-300 1024 -96 ) 
4 331 334 (-300 1168 -200 ) (-300 1024 -200 ) (-376 1024 -200 ) (-376 1168 -200 ) 
4 331 333 (-376 1592 -200 ) (-300 1592 -200 ) (-300 1168 -200 ) (-376 1168 -200 ) 
4 332 336 (-172 1168 -576 ) (-196 1168 -576 ) (-196 1840 -576 ) (-172 1840 -576 ) 
4 332 335 (0 1840 -576 ) (0 1168 -576 ) (-172 1168 -576 ) (-172 1840 -576 ) 
4 332 334 (-196 1168 -576 ) (0 1168 -576 ) (0 1168 -200 ) (-196 1168 -200 ) 
4 332 333 (-196 1592 -576 ) (-196 1168 -576 ) (-196 1168 -200 ) (-196 1592 -200 ) 
4 333 337 (-196 1592 -576 ) (-196 1168 -576 ) (-376 1168 -576 ) (-376 1592 -576 ) 
4 333 334 (-376 1168 -576 ) (-196 1168 -576 ) (-196 1168 -200 ) (-376 1168 -200 ) 
4 334 358 (0 1024 -576 ) (0 1024 -448 ) (-704 1024 -448 ) (-704 1024 -576 ) 
4 334 352 (0 1024 -448 ) (0 1024 -200 ) (-704 1024 -200 ) (-704 1024 -448 ) 
4 334 338 (0 1024 -576 ) (-276 1024 -576 ) (-276 1168 -576 ) (0 1168 -576 ) 
4 335 341 (0 1840 -672 ) (0 1168 -672 ) (-172 1168 -672 ) (-172 1840 -672 ) 
4 335 338 (-172 1168 -672 ) (0 1168 -672 ) (0 1168 -576 ) (-172 1168 -576 ) 
4 335 336 (-172 1840 -672 ) (-172 1168 -672 ) (-172 1168 -576 ) (-172 1840 -576 ) 
4 336 342 (-196 1840 -672 ) (-172 1840 -672 ) (-172 1168 -672 ) (-196 1168 -672 ) 
4 336 338 (-196 1168 -672 ) (-172 1168 -672 ) (-172 1168 -576 ) (-196 1168 -576 ) 
4 336 337 (-196 1592 -672 ) (-196 1168 -672 ) (-196 1168 -576 ) (-196 1592 -576 ) 
4 337 343 (-376 1592 -672 ) (-196 1592 -672 ) (-196 1168 -672 ) (-376 1168 -672 ) 
4 337 338 (-276 1168 -672 ) (-196 1168 -672 ) (-196 1168 -576 ) (-276 1168 -576 ) 
4 338 376 (0 1024 -672 ) (0 1024 -576 ) (-276 1024 -576 ) (-276 1024 -672 ) 
4 338 344 (0 1024 -672 ) (-276 1024 -672 ) (-276 1168 -672 ) (0 1168 -672 ) 
4 339 340 (0 1840 -768 ) (-172 1840 -768 ) (-172 1904 -768 ) (0 1904 -768 ) 
4 339 341 (-172 1840 -704 ) (-172 1840 -768 ) (0 1840 -768 ) (0 1840 -704 ) 
4 340 341 (-172 1840 -768 ) (-172 1840 -1024 ) (0 1840 -1024 ) (0 1840 -768 ) 
4 341 345 (-172 1168 -1024 ) (0 1168 -1024 ) (0 1168 -992 ) (-172 1168 -992 ) 
4 341 344 (0 1168 -992 ) (0 1168 -672 ) (-172 1168 -672 ) (-172 1168 -992 ) 
4 341 342 (-172 1840 -1024 ) (-172 1168 -1024 ) (-172 1168 -672 ) (-172 1840 -672 ) 
4 342 345 (-196 1168 -1024 ) (-172 1168 -1024 ) (-172 1168 -992 ) (-196 1168 -992 ) 
4 342 344 (-172 1168 -992 ) (-172 1168 -672 ) (-196 1168 -672 ) (-196 1168 -992 ) 
4 342 343 (-196 1592 -1024 ) (-196 1168 -1024 ) (-196 1168 -672 ) (-196 1592 -672 ) 
4 343 345 (-376 1168 -1024 ) (-196 1168 -1024 ) (-196 1168 -992 ) (-376 1168 -992 ) 
4 343 344 (-196 1168 -992 ) (-196 1168 -672 ) (-276 1168 -672 ) (-276 1168 -992 ) 
4 344 384 (0 1024 -992 ) (0 1024 -672 ) (-276 1024 -672 ) (-276 1024 -992 ) 
4 344 345 (-276 1168 -992 ) (0 1168 -992 ) (0 1024 -992 ) (-276 1024 -992 ) 
4 345 393 (-360 1024 -992 ) (-376 1024 -992 ) (-376 1024 -1024 ) (-360 1024 -1024 ) 
4 345 385 (-276 1024 -992 ) (-360 1024 -992 ) (-360 1024 -1024 ) (-276 1024 -1024 ) 
4 345 384 (0 1024 -1024 ) (0 1024 -992 ) (-276 1024 -992 ) (-276 1024 -1024 ) 
4 345 346 (-376 1024 -992 ) (-376 1168 -992 ) (-376 1168 -1024 ) (-376 1024 -1024 ) 
4 346 394 (-376 1024 -992 ) (-412 1024 -992 ) (-412 1024 -1024 ) (-376 1024 -1024 ) 
4 347 481 (-1108 1024 1792 ) (-1280 1024 1792 ) (-1280 1024 704 ) (-1108 1024 704 ) 
4 347 478 (-1024 1024 704 ) (-1024 1024 1792 ) (-1108 1024 1792 ) (-1108 1024 704 ) 
4 348 478 (-1024 1024 1792 ) (-1024 1024 704 ) (-1024 0 704 ) (-1024 0 1792 ) 
4 348 399 (-300 0 1792 ) (-1024 0 1792 ) (-1024 0 704 ) (-300 0 704 ) 
4 348 398 (-284 0 1792 ) (-300 0 1792 ) (-300 0 704 ) (-284 0 704 ) 
4 348 396 (0 0 704 ) (0 0 1792 ) (-284 0 1792 ) (-284 0 704 ) 
4 348 351 (-300 304 704 ) (0 304 704 ) (0 0 704 ) (-300 0 704 ) 
4 348 349 (-300 1024 704 ) (0 1024 704 ) (0 304 704 ) (-300 304 704 ) 
4 349 352 (-300 1024 -200 ) (0 1024 -200 ) (0 304 -200 ) (-300 304 -200 ) 
4 349 351 (-300 304 -200 ) (0 304 -200 ) (0 304 704 ) (-300 304 704 ) 
4 349 350 (-300 1024 -200 ) (-300 304 -200 ) (-300 304 -96 ) (-300 1024 -96 ) 
4 350 352 (-376 1024 -200 ) (-300 1024 -200 ) (-300 304 -200 ) (-376 304 -200 ) 
4 351 356 (0 0 -200 ) (-300 0 -200 ) (-300 200 -200 ) (0 200 -200 ) 
4 351 354 (-300 200 -200 ) (-300 296 -200 ) (0 296 -200 ) (0 200 -200 ) 
4 351 353 (-300 296 -200 ) (-300 304 -200 ) (0 304 -200 ) (0 296 -200 ) 
4 352 358 (-704 1024 -448 ) (0 1024 -448 ) (0 304 -448 ) (-704 304 -448 ) 
4 352 353 (-300 304 -448 ) (0 304 -448 ) (0 304 -200 ) (-300 304 -200 ) 
4 353 359 (0 304 -448 ) (0 296 -448 ) (-300 296 -448 ) (-300 304 -448 ) 
4 353 354 (-300 296 -448 ) (0 296 -448 ) (0 296 -200 ) (-300 296 -200 ) 
4 354 359 (0 296 -448 ) (0 200 -448 ) (-300 200 -448 ) (-300 296 -448 ) 
4 354 356 (-300 200 -448 ) (0 200 -448 ) (0 200 -200 ) (-300 200 -200 ) 
4 355 373 (-704 200 -448 ) (-724 200 -448 ) (-724 216 -448 ) (-704 216 -448 ) 
4 355 370 (-724 216 -448 ) (-724 296 -448 ) (-704 296 -448 ) (-704 216 -448 ) 
4 355 363 (-558 200 -448 ) (-704 200 -448 ) (-704 296 -448 ) (-558 296 -448 ) 
4 355 362 (-438 200 -448 ) (-558 200 -448 ) (-558 296 -448 ) (-438 296 -448 ) 
4 355 360 (-308 200 -448 ) (-438 200 -448 ) (-438 296 -448 ) (-308 296 -448 ) 
4 355 357 (-724 200 -448 ) (-308 200 -448 ) (-308 200 -384 ) (-724 200 -384 ) 
4 356 397 (0 0 -448 ) (0 0 -384 ) (-284 0 -384 ) (-284 0 -448 ) 
4 356 359 (0 200 -448 ) (0 0 -448 ) (-300 0 -448 ) (-300 200 -448 ) 
4 357 400 (-768 0 -384 ) (-768 0 -448 ) (-308 0 -448 ) (-308 0 -384 ) 
4 357 374 (-704 0 -448 ) (-768 0 -448 ) (-768 64 -448 ) (-704 64 -448 ) 
4 357 373 (-768 64 -448 ) (-768 200 -448 ) (-704 200 -448 ) (-704 64 -448 ) 
4 357 363 (-558 0 -448 ) (-704 0 -448 ) (-704 200 -448 ) (-558 200 -448 ) 
4 357 362 (-438 0 -448 ) (-558 0 -448 ) (-558 200 -448 ) (-438 200 -448 ) 
4 357 360 (-308 0 -448 ) (-438 0 -448 ) (-438 200 -448 ) (-308 200 -448 ) 
4 358 380 (-356 456 -576 ) (-356 440 -576 ) (-360 440 -576 ) (-360 456 -576 ) 
4 358 381 (-356 320 -576 ) (-356 304 -576 ) (-360 304 -576 ) (-360 320 -576 ) 
4 358 379 (-356 592 -576 ) (-356 576 -576 ) (-360 576 -576 ) (-360 592 -576 ) 
4 358 378 (-356 864 -576 ) (-356 712 -576 ) (-360 712 -576 ) (-360 864 -576 ) 
4 358 377 (-276 864 -576 ) (-276 304 -576 ) (-356 304 -576 ) (-356 864 -576 ) 
4 358 376 (-276 1024 -576 ) (0 1024 -576 ) (0 304 -576 ) (-276 304 -576 ) 
4 358 367 (-704 768 -576 ) (-704 644 -576 ) (-704 644 -464 ) (-704 768 -464 ) 
4 358 364 (-664 304 -576 ) (-608 304 -576 ) (-608 304 -464 ) (-664 304 -464 ) 
4 358 361 (-438 304 -544 ) (-438 304 -480 ) (-558 304 -480 ) (-558 304 -544 ) 
4 358 359 (-300 304 -576 ) (0 304 -576 ) (0 304 -448 ) (-300 304 -448 ) 
4 359 421 (0 0 -576 ) (0 0 -448 ) (-284 0 -448 ) (-284 0 -576 ) 
4 360 425 (-308 0 -448 ) (-438 0 -448 ) (-438 0 -576 ) (-308 0 -576 ) 
4 360 362 (-438 296 -576 ) (-438 0 -576 ) (-438 0 -448 ) (-438 296 -448 ) 
4 361 362 (-558 296 -480 ) (-558 296 -544 ) (-438 296 -544 ) (-438 296 -480 ) 
4 362 425 (-438 0 -448 ) (-558 0 -448 ) (-558 0 -576 ) (-438 0 -576 ) 
4 362 365 (-558 296 -576 ) (-558 0 -576 ) (-558 0 -464 ) (-558 296 -464 ) 
4 362 363 (-558 0 -464 ) (-558 0 -448 ) (-558 296 -448 ) (-558 296 -464 ) 
4 363 425 (-558 0 -448 ) (-704 0 -448 ) (-704 0 -464 ) (-558 0 -464 ) 
4 363 374 (-704 0 -464 ) (-704 0 -448 ) (-704 64 -448 ) (-704 64 -464 ) 
4 363 373 (-704 64 -448 ) (-704 216 -448 ) (-704 216 -464 ) (-704 64 -464 ) 
4 363 370 (-704 216 -448 ) (-704 296 -448 ) (-704 296 -464 ) (-704 216 -464 ) 
4 363 365 (-704 0 -464 ) (-704 296 -464 ) (-558 296 -464 ) (-558 0 -464 ) 
4 364 365 (-608 296 -464 ) (-664 296 -464 ) (-664 296 -576 ) (-608 296 -576 ) 
4 365 425 (-704 0 -464 ) (-704 0 -576 ) (-558 0 -576 ) (-558 0 -464 ) 
4 365 374 (-704 64 -576 ) (-704 0 -576 ) (-704 0 -464 ) (-704 64 -464 ) 
4 365 373 (-704 216 -576 ) (-704 64 -576 ) (-704 64 -464 ) (-704 216 -464 ) 
4 365 370 (-704 296 -576 ) (-704 216 -576 ) (-704 216 -464 ) (-704 296 -464 ) 
4 366 371 (-964 632 -464 ) (-768 632 -464 ) (-768 632 -448 ) (-964 632 -448 ) 
4 366 369 (-720 632 -464 ) (-964 632 -464 ) (-964 772 -464 ) (-720 772 -464 ) 
4 367 368 (-712 768 -464 ) (-712 768 -576 ) (-712 644 -576 ) (-712 644 -464 ) 
4 368 369 (-720 644 -464 ) (-720 768 -464 ) (-720 768 -576 ) (-720 644 -576 ) 
4 369 371 (-964 632 -576 ) (-768 632 -576 ) (-768 632 -464 ) (-964 632 -464 ) 
4 370 373 (-768 216 -576 ) (-704 216 -576 ) (-704 216 -448 ) (-768 216 -448 ) 
4 370 371 (-768 296 -576 ) (-768 216 -576 ) (-768 216 -448 ) (-768 296 -448 ) 
4 371 373 (-964 216 -576 ) (-768 216 -576 ) (-768 216 -448 ) (-964 216 -448 ) 
4 371 372 (-964 272 -576 ) (-964 216 -576 ) (-964 216 -464 ) (-964 272 -464 ) 
4 372 375 (-972 272 -576 ) (-972 216 -576 ) (-972 216 -464 ) (-972 272 -464 ) 
4 373 374 (-768 64 -576 ) (-704 64 -576 ) (-704 64 -448 ) (-768 64 -448 ) 
4 374 425 (-704 0 -448 ) (-768 0 -448 ) (-768 0 -576 ) (-704 0 -576 ) 
4 375 479 (-1024 304 -576 ) (-1024 0 -576 ) (-1024 0 -448 ) (-1024 304 -448 ) 
4 375 426 (-972 0 -448 ) (-1024 0 -448 ) (-1024 0 -576 ) (-972 0 -576 ) 
4 375 383 (-972 0 -576 ) (-1024 0 -576 ) (-1024 188 -576 ) (-972 188 -576 ) 
4 376 388 (0 592 -672 ) (0 304 -672 ) (-276 304 -672 ) (-276 592 -672 ) 
4 376 387 (0 712 -672 ) (0 592 -672 ) (-276 592 -672 ) (-276 712 -672 ) 
4 376 384 (-276 1024 -672 ) (0 1024 -672 ) (0 712 -672 ) (-276 712 -672 ) 
4 376 382 (-276 304 -672 ) (0 304 -672 ) (0 304 -640 ) (-276 304 -640 ) 
4 376 377 (-276 864 -672 ) (-276 304 -672 ) (-276 304 -576 ) (-276 864 -576 ) 
4 377 388 (-276 592 -672 ) (-276 304 -672 ) (-356 304 -672 ) (-356 592 -672 ) 
4 377 387 (-276 712 -672 ) (-276 592 -672 ) (-356 592 -672 ) (-356 712 -672 ) 
4 377 386 (-276 864 -672 ) (-276 712 -672 ) (-356 712 -672 ) (-356 864 -672 ) 
4 377 382 (-300 304 -672 ) (-276 304 -672 ) (-276 304 -640 ) (-300 304 -640 ) 
4 377 380 (-356 456 -672 ) (-356 440 -672 ) (-356 440 -576 ) (-356 456 -576 ) 
4 377 381 (-356 320 -672 ) (-356 304 -672 ) (-356 304 -576 ) (-356 320 -576 ) 
4 377 379 (-356 592 -672 ) (-356 576 -672 ) (-356 576 -576 ) (-356 592 -576 ) 
4 377 378 (-356 864 -672 ) (-356 712 -672 ) (-356 712 -576 ) (-356 864 -576 ) 
4 378 386 (-356 864 -672 ) (-356 712 -672 ) (-360 712 -672 ) (-360 864 -672 ) 
4 379 389 (-356 592 -672 ) (-356 576 -672 ) (-360 576 -672 ) (-360 592 -672 ) 
4 380 390 (-356 456 -672 ) (-356 440 -672 ) (-360 440 -672 ) (-360 456 -672 ) 
4 381 391 (-356 320 -672 ) (-356 304 -672 ) (-360 304 -672 ) (-360 320 -672 ) 
4 382 392 (-300 304 -672 ) (0 304 -672 ) (0 272 -672 ) (-300 272 -672 ) 
4 383 480 (-1024 44 -672 ) (-1024 0 -672 ) (-1024 0 -576 ) (-1024 188 -576 ) 
4 383 465 (-1024 0 -584 ) (-1024 0 -672 ) (-972 0 -672 ) (-972 0 -584 ) 
4 383 447 (-972 0 -576 ) (-1024 0 -576 ) (-1024 0 -584 ) (-972 0 -584 ) 
4 383 395 (-1024 0 -672 ) (-1024 44 -672 ) (-972 44 -672 ) (-972 0 -672 ) 
4 384 387 (-276 712 -1024 ) (0 712 -1024 ) (0 712 -672 ) (-276 712 -672 ) 
4 384 385 (-276 1024 -1024 ) (-276 864 -1024 ) (-276 864 -992 ) (-276 1024 -992 ) 
4 384 386 (-276 864 -1024 ) (-276 712 -1024 ) (-276 712 -672 ) (-276 864 -672 ) 
4 385 393 (-360 1024 -1024 ) (-360 864 -1024 ) (-360 864 -992 ) (-360 1024 -992 ) 
4 385 386 (-360 864 -992 ) (-360 864 -1024 ) (-276 864 -1024 ) (-276 864 -992 ) 
4 386 393 (-360 864 -1024 ) (-360 712 -1024 ) (-360 712 -992 ) (-360 864 -992 ) 
4 386 387 (-356 712 -1024 ) (-276 712 -1024 ) (-276 712 -672 ) (-356 712 -672 ) 
4 387 388 (-356 592 -1024 ) (0 592 -1024 ) (0 592 -672 ) (-356 592 -672 ) 
4 388 392 (-300 304 -1024 ) (0 304 -1024 ) (0 304 -672 ) (-300 304 -672 ) 
4 388 391 (-356 320 -1024 ) (-356 304 -1024 ) (-356 304 -672 ) (-356 320 -672 ) 
4 388 389 (-356 592 -672 ) (-356 592 -1024 ) (-356 576 -1024 ) (-356 576 -672 ) 
4 388 390 (-356 456 -1024 ) (-356 440 -1024 ) (-356 440 -672 ) (-356 456 -672 ) 
4 389 393 (-360 592 -1024 ) (-360 576 -1024 ) (-360 576 -992 ) (-360 592 -992 ) 
4 390 393 (-360 456 -1024 ) (-360 440 -1024 ) (-360 440 -992 ) (-360 456 -992 ) 
4 391 393 (-360 320 -1024 ) (-360 304 -1024 ) (-360 304 -992 ) (-360 320 -992 ) 
4 393 394 (-376 1024 -1024 ) (-376 304 -1024 ) (-376 304 -992 ) (-376 1024 -992 ) 
4 395 480 (-1024 8 -696 ) (-1024 0 -696 ) (-1024 0 -672 ) (-1024 44 -672 ) 
4 395 465 (-972 0 -696 ) (-972 0 -672 ) (-1024 0 -672 ) (-1024 0 -696 ) 
4 396 398 (-284 0 1792 ) (-284 0 704 ) (-284 -896 704 ) (-284 -896 1792 ) 
4 397 509 (0 -1024 -448 ) (0 -1024 -384 ) (-284 -1024 -384 ) (-284 -1024 -448 ) 
4 397 421 (0 0 -448 ) (0 -1024 -448 ) (-284 -1024 -448 ) (-284 0 -448 ) 
4 398 402 (-300 -72 704 ) (-300 -896 704 ) (-300 -896 1792 ) (-300 -72 1792 ) 
4 398 401 (-300 -64 704 ) (-300 -72 704 ) (-300 -72 1792 ) (-300 -64 1792 ) 
4 398 399 (-300 0 1792 ) (-300 0 704 ) (-300 -64 704 ) (-300 -64 1792 ) 
4 399 482 (-1024 0 1792 ) (-1024 0 704 ) (-1024 -64 704 ) (-1024 -64 1792 ) 
4 399 401 (-1024 -64 1792 ) (-1024 -64 704 ) (-300 -64 704 ) (-300 -64 1792 ) 
4 400 425 (-768 0 -448 ) (-308 0 -448 ) (-308 -64 -448 ) (-768 -64 -448 ) 
4 401 482 (-1024 -64 1792 ) (-1024 -64 704 ) (-1024 -72 704 ) (-1024 -72 1792 ) 
4 401 402 (-300 -72 704 ) (-300 -72 1792 ) (-1024 -72 1792 ) (-1024 -72 704 ) 
4 402 482 (-1024 -896 1792 ) (-1024 -72 1792 ) (-1024 -72 704 ) (-1024 -896 704 ) 
4 403 404 (-600 -744 -376 ) (-600 -944 -376 ) (-784 -944 -376 ) (-784 -744 -376 ) 
4 404 416 (-600 -744 -384 ) (-600 -936 -384 ) (-784 -936 -384 ) (-784 -744 -384 ) 
4 405 483 (-1024 -480 -376 ) (-1024 -120 -376 ) (-1024 -120 -384 ) (-1024 -480 -384 ) 
4 405 412 (-1024 -480 -384 ) (-1024 -320 -384 ) (-1004 -320 -384 ) (-1004 -480 -384 ) 
4 405 410 (-1024 -320 -384 ) (-1024 -208 -384 ) (-1004 -208 -384 ) (-1004 -320 -384 ) 
4 405 407 (-1024 -208 -384 ) (-1024 -120 -384 ) (-1004 -120 -384 ) (-1004 -208 -384 ) 
4 406 430 (-972 -72 -448 ) (-424 -72 -448 ) (-424 -208 -448 ) (-972 -208 -448 ) 
4 406 408 (-972 -208 -448 ) (-424 -208 -448 ) (-424 -208 -384 ) (-972 -208 -384 ) 
4 407 483 (-1024 -208 -384 ) (-1024 -120 -384 ) (-1024 -120 -448 ) (-1024 -208 -448 ) 
4 407 431 (-1024 -208 -448 ) (-1024 -120 -448 ) (-1004 -120 -448 ) (-1004 -208 -448 ) 
4 407 410 (-1024 -208 -448 ) (-1004 -208 -448 ) (-1004 -208 -384 ) (-1024 -208 -384 ) 
4 408 432 (-972 -208 -448 ) (-424 -208 -448 ) (-424 -320 -448 ) (-972 -320 -448 ) 
4 408 411 (-972 -320 -448 ) (-424 -320 -448 ) (-424 -320 -384 ) (-972 -320 -384 ) 
4 408 409 (-972 -208 -436 ) (-972 -208 -448 ) (-972 -320 -448 ) (-972 -320 -436 ) 
4 409 432 (-1004 -208 -448 ) (-972 -208 -448 ) (-972 -320 -448 ) (-1004 -320 -448 ) 
4 409 410 (-1004 -208 -436 ) (-1004 -208 -448 ) (-1004 -320 -448 ) (-1004 -320 -436 ) 
4 410 483 (-1024 -320 -384 ) (-1024 -208 -384 ) (-1024 -208 -448 ) (-1024 -320 -448 ) 
4 410 432 (-1024 -320 -448 ) (-1024 -208 -448 ) (-1004 -208 -448 ) (-1004 -320 -448 ) 
4 410 412 (-1024 -320 -448 ) (-1004 -320 -448 ) (-1004 -320 -384 ) (-1024 -320 -384 ) 
4 411 434 (-972 -320 -448 ) (-424 -320 -448 ) (-424 -604 -448 ) (-972 -604 -448 ) 
4 412 483 (-1024 -480 -384 ) (-1024 -320 -384 ) (-1024 -320 -448 ) (-1024 -480 -448 ) 
4 412 435 (-1024 -480 -448 ) (-1024 -320 -448 ) (-1004 -320 -448 ) (-1004 -480 -448 ) 
4 413 437 (-576 -620 -448 ) (-424 -620 -448 ) (-424 -936 -448 ) (-576 -936 -448 ) 
4 413 419 (-576 -936 -448 ) (-424 -936 -448 ) (-424 -936 -384 ) (-576 -936 -384 ) 
4 413 414 (-576 -620 -384 ) (-576 -620 -448 ) (-576 -736 -448 ) (-576 -736 -384 ) 
4 414 440 (-600 -620 -448 ) (-592 -620 -448 ) (-592 -736 -448 ) (-600 -736 -448 ) 
4 414 438 (-592 -620 -448 ) (-576 -620 -448 ) (-576 -736 -448 ) (-592 -736 -448 ) 
4 414 415 (-600 -620 -384 ) (-600 -620 -448 ) (-600 -736 -448 ) (-600 -736 -384 ) 
4 415 440 (-784 -620 -448 ) (-600 -620 -448 ) (-600 -736 -448 ) (-784 -736 -448 ) 
4 415 417 (-784 -620 -384 ) (-784 -620 -448 ) (-784 -736 -448 ) (-784 -736 -384 ) 
4 416 442 (-600 -744 -448 ) (-600 -936 -448 ) (-784 -936 -448 ) (-784 -744 -448 ) 
4 417 443 (-792 -620 -448 ) (-784 -620 -448 ) (-784 -736 -448 ) (-792 -736 -448 ) 
4 417 418 (-792 -620 -384 ) (-792 -620 -448 ) (-792 -736 -448 ) (-792 -736 -384 ) 
4 418 484 (-1024 -936 -384 ) (-1024 -620 -384 ) (-1024 -620 -448 ) (-1024 -936 -448 ) 
4 418 444 (-1024 -936 -448 ) (-1024 -620 -448 ) (-792 -620 -448 ) (-792 -936 -448 ) 
4 418 420 (-1024 -936 -448 ) (-792 -936 -448 ) (-792 -936 -384 ) (-1024 -936 -384 ) 
4 419 511 (-576 -1024 -448 ) (-424 -1024 -448 ) (-424 -1024 -384 ) (-576 -1024 -384 ) 
4 419 437 (-424 -1024 -448 ) (-576 -1024 -448 ) (-576 -936 -448 ) (-424 -936 -448 ) 
4 420 512 (-1024 -1024 -384 ) (-1024 -1024 -448 ) (-792 -1024 -448 ) (-792 -1024 -384 ) 
4 420 484 (-1024 -1024 -448 ) (-1024 -1024 -384 ) (-1024 -936 -384 ) (-1024 -936 -448 ) 
4 420 446 (-792 -1024 -448 ) (-1024 -1024 -448 ) (-1024 -936 -448 ) (-792 -936 -448 ) 
4 421 515 (0 -1024 -576 ) (0 -1024 -448 ) (-284 -1024 -448 ) (-284 -1024 -576 ) 
4 421 422 (-284 -232 -576 ) (-284 -288 -576 ) (-284 -288 -464 ) (-284 -232 -464 ) 
4 422 423 (-288 -288 -576 ) (-288 -288 -464 ) (-288 -232 -464 ) (-288 -232 -576 ) 
4 423 424 (-296 -288 -576 ) (-296 -288 -464 ) (-296 -232 -464 ) (-296 -232 -576 ) 
4 424 432 (-300 -232 -576 ) (-300 -288 -576 ) (-300 -288 -464 ) (-300 -232 -464 ) 
4 425 427 (-556 -64 -576 ) (-500 -64 -576 ) (-500 -64 -464 ) (-556 -64 -464 ) 
4 426 485 (-1024 -64 -448 ) (-1024 0 -448 ) (-1024 0 -576 ) (-1024 -64 -576 ) 
4 426 447 (-1024 -64 -576 ) (-1024 0 -576 ) (-972 0 -576 ) (-972 -64 -576 ) 
4 426 428 (-1024 -64 -576 ) (-972 -64 -576 ) (-972 -64 -448 ) (-1024 -64 -448 ) 
4 427 430 (-556 -72 -576 ) (-500 -72 -576 ) (-500 -72 -464 ) (-556 -72 -464 ) 
4 428 485 (-1024 -72 -448 ) (-1024 -64 -448 ) (-1024 -64 -576 ) (-1024 -72 -576 ) 
4 428 447 (-1024 -72 -576 ) (-1024 -64 -576 ) (-972 -64 -576 ) (-972 -72 -576 ) 
4 429 430 (-424 -192 -576 ) (-424 -208 -576 ) (-424 -208 -448 ) (-424 -192 -448 ) 
4 429 432 (-424 -208 -576 ) (-300 -208 -576 ) (-300 -208 -448 ) (-424 -208 -448 ) 
4 430 432 (-972 -208 -576 ) (-424 -208 -576 ) (-424 -208 -448 ) (-972 -208 -448 ) 
4 431 486 (-1024 -208 -448 ) (-1024 -120 -448 ) (-1024 -120 -576 ) (-1024 -208 -576 ) 
4 431 432 (-1024 -208 -576 ) (-1004 -208 -576 ) (-1004 -208 -448 ) (-1024 -208 -448 ) 
4 432 486 (-1024 -320 -448 ) (-1024 -208 -448 ) (-1024 -208 -576 ) (-1024 -320 -576 ) 
4 432 435 (-1024 -320 -576 ) (-1004 -320 -576 ) (-1004 -320 -448 ) (-1024 -320 -448 ) 
4 432 433 (-424 -320 -576 ) (-300 -320 -576 ) (-300 -320 -448 ) (-424 -320 -448 ) 
4 432 434 (-972 -320 -576 ) (-424 -320 -576 ) (-424 -320 -448 ) (-972 -320 -448 ) 
4 433 434 (-424 -320 -448 ) (-424 -320 -576 ) (-424 -328 -576 ) (-424 -328 -448 ) 
4 434 436 (-552 -604 -576 ) (-448 -604 -576 ) (-448 -604 -464 ) (-552 -604 -464 ) 
4 435 486 (-1024 -480 -448 ) (-1024 -320 -448 ) (-1024 -320 -576 ) (-1024 -480 -576 ) 
4 436 437 (-552 -620 -576 ) (-448 -620 -576 ) (-448 -620 -464 ) (-552 -620 -464 ) 
4 437 520 (-552 -1024 -448 ) (-576 -1024 -448 ) (-576 -1024 -576 ) (-552 -1024 -576 ) 
4 437 518 (-448 -1024 -448 ) (-552 -1024 -448 ) (-552 -1024 -576 ) (-448 -1024 -576 ) 
4 437 517 (-424 -1024 -448 ) (-448 -1024 -448 ) (-448 -1024 -576 ) (-424 -1024 -576 ) 
4 437 439 (-576 -768 -576 ) (-576 -912 -576 ) (-576 -912 -448 ) (-576 -768 -448 ) 
4 437 438 (-576 -620 -448 ) (-576 -620 -576 ) (-576 -736 -576 ) (-576 -736 -448 ) 
4 438 440 (-592 -620 -448 ) (-592 -620 -576 ) (-592 -736 -576 ) (-592 -736 -448 ) 
4 439 441 (-592 -768 -576 ) (-592 -912 -576 ) (-592 -912 -448 ) (-592 -768 -448 ) 
4 440 443 (-784 -620 -448 ) (-784 -620 -576 ) (-784 -736 -576 ) (-784 -736 -448 ) 
4 441 442 (-600 -760 -576 ) (-600 -920 -576 ) (-600 -920 -448 ) (-600 -760 -448 ) 
4 442 448 (-600 -936 -576 ) (-784 -936 -576 ) (-784 -744 -576 ) (-600 -744 -576 ) 
4 443 444 (-792 -620 -448 ) (-792 -620 -576 ) (-792 -736 -576 ) (-792 -736 -448 ) 
4 444 487 (-1024 -936 -448 ) (-1024 -620 -448 ) (-1024 -620 -576 ) (-1024 -936 -576 ) 
4 444 450 (-792 -736.002930 -576 ) (-792 -936 -576 ) (-872 -936 -576 ) (-872 -736.002930 -576 ) 
4 444 446 (-1024 -936 -576 ) (-792 -936 -576 ) (-792 -936 -448 ) (-1024 -936 -448 ) 
4 445 521 (-592 -1024 -448 ) (-792 -1024 -448 ) (-792 -1024 -576 ) (-592 -1024 -576 ) 
4 445 449 (-592 -1024 -576 ) (-792 -1024 -576 ) (-792 -952 -576 ) (-592 -952 -576 ) 
4 445 446 (-792 -952 -576 ) (-792 -1024 -576 ) (-792 -1024 -448 ) (-792 -952 -448 ) 
4 446 521 (-792 -1024 -448 ) (-1024 -1024 -448 ) (-1024 -1024 -576 ) (-792 -1024 -576 ) 
4 446 487 (-1024 -1024 -576 ) (-1024 -1024 -448 ) (-1024 -936 -448 ) (-1024 -936 -576 ) 
4 446 450 (-792 -1024 -576 ) (-872 -1024 -576 ) (-872 -936 -576 ) (-792 -936 -576 ) 
4 447 488 (-1024 -72 -576 ) (-1024 0 -576 ) (-1024 0 -584 ) (-1024 -72 -584 ) 
4 447 465 (-1024 -72 -584 ) (-1024 0 -584 ) (-972 0 -584 ) (-972 -72 -584 ) 
4 448 470 (-600 -744 -584 ) (-600 -936 -584 ) (-784 -936 -584 ) (-784 -744 -584 ) 
4 449 524 (-592 -1024 -576 ) (-792 -1024 -576 ) (-792 -1024 -584 ) (-592 -1024 -584 ) 
4 449 472 (-600 -1024 -584 ) (-792 -1024 -584 ) (-792 -952 -584 ) (-600 -952 -584 ) 
4 449 471 (-592 -1024 -584 ) (-600 -1024 -584 ) (-600 -952 -584 ) (-592 -952 -584 ) 
4 449 450 (-792 -952 -584 ) (-792 -1024 -584 ) (-792 -1024 -576 ) (-792 -952 -576 ) 
4 450 524 (-792 -1024 -576 ) (-872 -1024 -576 ) (-872 -1024 -584 ) (-792 -1024 -584 ) 
4 450 476 (-792 -1024 -584 ) (-872 -1024 -584 ) (-872 -748.002930 -584 ) (-792 -748.002930 -584 ) 
4 451 453 (-128 -8 -584 ) (-128 -8 -704 ) (-128 -172 -704 ) (-128 -172 -584 ) 
4 452 455 (-72 -304 -676 ) (-72 -304 -614 ) (-128 -304 -614 ) (-128 -304 -676 ) 
4 452 453 (-128 -180 -704 ) (-128 -304 -704 ) (-128 -304 -584 ) (-128 -180 -584 ) 
4 453 455 (-128 -304 -676 ) (-128 -304 -614 ) (-188 -304 -614 ) (-188 -304 -676 ) 
4 453 454 (-288 -112 -676 ) (-288 -112 -600 ) (-288 -72 -600 ) (-288 -72 -676 ) 
4 454 463 (-296 -72 -600 ) (-296 -72 -676 ) (-296 -112 -676 ) (-296 -112 -600 ) 
4 455 456 (-72 -312 -676 ) (-72 -312 -614 ) (-188 -312 -614 ) (-188 -312 -676 ) 
4 456 466 (-296 -804 -584 ) (-296 -736 -584 ) (-296 -736 -704 ) (-296 -804 -704 ) 
4 456 464 (-296 -736 -584 ) (-296 -312 -584 ) (-296 -312 -704 ) (-296 -736 -704 ) 
4 456 458 (-296 -804 -704 ) (-296 -312 -704 ) (0 -312 -704 ) (0 -804 -704 ) 
4 457 525 (0 -1024 -704 ) (0 -1024 -584 ) (-288 -1024 -584 ) (-288 -1024 -704 ) 
4 457 462 (0 -1024 -704 ) (-288 -1024 -704 ) (-288 -812 -704 ) (0 -812 -704 ) 
4 458 466 (-296 -804 -712 ) (-296 -804 -704 ) (-296 -736 -704 ) (-296 -736 -712 ) 
4 458 464 (-296 -736 -704 ) (-296 -312 -704 ) (-296 -312 -712 ) (-296 -736 -712 ) 
4 458 459 (0 -804 -712 ) (-296 -804 -712 ) (-296 -312 -712 ) (0 -312 -712 ) 
4 459 466 (-296 -736 -832 ) (-296 -804 -832 ) (-296 -804 -712 ) (-296 -736 -712 ) 
4 459 464 (-296 -144 -832 ) (-296 -736 -832 ) (-296 -736 -712 ) (-296 -144 -712 ) 
4 459 463 (-296 -8 -832 ) (-296 -144 -832 ) (-296 -144 -712 ) (-296 -8 -712 ) 
4 459 461 (-144 -804 -832 ) (-88 -804 -832 ) (-88 -804 -720 ) (-144 -804 -720 ) 
4 459 460 (-32 -804 -808 ) (-32 -804 -728 ) (-72 -804 -728 ) (-72 -804 -808 ) 
4 460 462 (-72 -812 -728 ) (-72 -812 -808 ) (-32 -812 -808 ) (-32 -812 -728 ) 
4 461 462 (-144 -812 -720 ) (-144 -812 -832 ) (-88 -812 -832 ) (-88 -812 -720 ) 
4 462 525 (0 -1024 -832 ) (0 -1024 -704 ) (-288 -1024 -704 ) (-288 -1024 -832 ) 
4 463 465 (-972 -144 -696 ) (-972 -144 -584 ) (-972 -8 -584 ) (-972 -8 -696 ) 
5 463 464 (-784 -144 -821.333496 ) (-768 -144 -832 ) (-296 -144 -832 ) (-296 -144 -584 ) (-784 -144 -584 ) 
4 464 466 (-576 -736 -832 ) (-296 -736 -832 ) (-296 -736 -584 ) (-576 -736 -584 ) 
4 465 490 (-1024 -144 -584 ) (-1024 0 -584 ) (-1024 0 -696 ) (-1024 -144 -696 ) 
4 466 526 (-296 -1024 -584 ) (-576 -1024 -584 ) (-576 -1024 -832 ) (-296 -1024 -832 ) 
4 466 468 (-576 -768 -832 ) (-576 -912 -832 ) (-576 -912 -704 ) (-576 -768 -704 ) 
4 466 469 (-576 -952 -832 ) (-576 -1024 -832 ) (-576 -1024 -704 ) (-576 -952 -704 ) 
4 466 467 (-576 -952 -704 ) (-576 -1024 -704 ) (-576 -1024 -584 ) (-576 -952 -584 ) 
4 467 529 (-576 -1024 -584 ) (-592 -1024 -584 ) (-592 -1024 -704 ) (-576 -1024 -704 ) 
4 467 471 (-592 -952 -704 ) (-592 -1024 -704 ) (-592 -1024 -584 ) (-592 -952 -584 ) 
4 467 469 (-592 -1024 -704 ) (-592 -952 -704 ) (-576 -952 -704 ) (-576 -1024 -704 ) 
4 468 473 (-592 -768 -832 ) (-592 -912 -832 ) (-592 -912 -704 ) (-592 -768 -704 ) 
4 469 530 (-592 -1024 -712 ) (-592 -1024 -832 ) (-576 -1024 -832 ) (-576 -1024 -712 ) 
4 469 529 (-592 -1024 -704 ) (-592 -1024 -712 ) (-576 -1024 -712 ) (-576 -1024 -704 ) 
4 469 475 (-592 -952 -832 ) (-592 -1024 -832 ) (-592 -1024 -704 ) (-592 -952 -704 ) 
4 470 474 (-600 -936 -704 ) (-784 -936 -704 ) (-784 -744 -704 ) (-600 -744 -704 ) 
4 471 529 (-592 -1024 -584 ) (-600 -1024 -584 ) (-600 -1024 -704 ) (-592 -1024 -704 ) 
4 471 475 (-592 -952 -704 ) (-592 -1024 -704 ) (-600 -1024 -704 ) (-600 -952 -704 ) 
4 471 472 (-600 -952 -704 ) (-600 -1024 -704 ) (-600 -1024 -584 ) (-600 -952 -584 ) 
4 472 529 (-600 -1024 -584 ) (-792 -1024 -584 ) (-792 -1024 -704 ) (-600 -1024 -704 ) 
4 472 476 (-792 -952 -704 ) (-792 -1024 -704 ) (-792 -1024 -584 ) (-792 -952 -584 ) 
4 472 475 (-792 -1024 -704 ) (-792 -952 -704 ) (-600 -952 -704 ) (-600 -1024 -704 ) 
4 473 474 (-600 -760 -832 ) (-600 -920 -832 ) (-600 -920 -704 ) (-600 -760 -704 ) 
4 474 477 (-600 -936 -832 ) (-784 -936 -832 ) (-784 -744 -832 ) (-600 -744 -832 ) 
4 475 530 (-792 -1024 -712 ) (-612 -1024 -832 ) (-592 -1024 -832 ) (-592 -1024 -712 ) 
4 475 529 (-792 -1024 -704 ) (-792 -1024 -712 ) (-592 -1024 -712 ) (-592 -1024 -704 ) 
4 475 476 (-792 -1024 -712 ) (-792 -1024 -704 ) (-792 -952 -704 ) (-792 -952 -712 ) 
4 476 529 (-792 -1024 -584 ) (-872 -1024 -584 ) (-872 -1024 -712 ) (-792 -1024 -712 ) 
4 478 482 (-1024 0 704 ) (-1024 0 1792 ) (-1108 0 1792 ) (-1108 0 704 ) 
4 478 481 (-1108 0 704 ) (-1108 0 1792 ) (-1108 1024 1792 ) (-1108 1024 704 ) 
4 479 485 (-1024 0 -576 ) (-1024 0 -448 ) (-1108 0 -448 ) (-1108 0 -576 ) 
4 479 480 (-1024 0 -576 ) (-1108 0 -576 ) (-1108 188 -576 ) (-1024 188 -576 ) 
4 480 490 (-1024 0 -696 ) (-1024 0 -584 ) (-1108 0 -584 ) (-1108 0 -696 ) 
4 480 488 (-1024 0 -584 ) (-1024 0 -576 ) (-1108 0 -576 ) (-1108 0 -584 ) 
4 481 482 (-1108 0 704 ) (-1108 0 1792 ) (-1280 0 1792 ) (-1280 0 704 ) 
4 483 492 (-1548 -132 -448 ) (-1548 -196 -448 ) (-1548 -196 -388 ) (-1548 -132 -388 ) 
4 483 486 (-1548 -480 -448 ) (-1548 -120 -448 ) (-1024 -120 -448 ) (-1024 -480 -448 ) 
4 484 532 (-1024 -1024 -448 ) (-1024 -1024 -384 ) (-1152 -1024 -384 ) (-1152 -1024 -448 ) 
4 484 487 (-1024 -1024 -448 ) (-1152 -1024 -448 ) (-1152 -620 -448 ) (-1024 -620 -448 ) 
4 485 488 (-1108 0 -576 ) (-1024 0 -576 ) (-1024 -72 -576 ) (-1108 -72 -576 ) 
4 486 489 (-1548 -480 -576 ) (-1548 -384 -576 ) (-1324 -384 -576 ) (-1324 -480 -576 ) 
4 487 532 (-1024 -1024 -576 ) (-1024 -1024 -448 ) (-1152 -1024 -448 ) (-1152 -1024 -576 ) 
4 488 490 (-1108 0 -584 ) (-1024 0 -584 ) (-1024 -72 -584 ) (-1108 -72 -584 ) 
4 489 491 (-1548 -480 -584 ) (-1548 -384 -584 ) (-1324 -384 -584 ) (-1324 -480 -584 ) 
4 492 493 (-1552 -132 -448 ) (-1552 -196 -448 ) (-1552 -196 -388 ) (-1552 -132 -388 ) 
4 494 499 (1024 -1024 -384 ) (1024 -1024 -576 ) (1024 -1744 -576 ) (1024 -1744 -384 ) 
4 494 498 (1024 -1024 -216 ) (1024 -1024 -384 ) (1024 -1744 -384 ) (1024 -1744 -216 ) 
4 494 495 (1024 -1024 192 ) (1024 -1024 -216 ) (1024 -1744 -216 ) (1024 -1744 192 ) 
4 495 498 (768 -1744 -216 ) (768 -1024 -216 ) (1024 -1024 -216 ) (1024 -1744 -216 ) 
4 495 497 (768 -1248 -216 ) (768 -1312 -216 ) (768 -1312 -152 ) (768 -1248 -152 ) 
4 495 496 (768 -1160 -216 ) (768 -1224 -216 ) (768 -1224 -152 ) (768 -1160 -152 ) 
4 498 499 (768 -1024 -384 ) (1024 -1024 -384 ) (1024 -1744 -384 ) (768 -1744 -384 ) 
4 500 502 (116 -1024 -576 ) (352 -1024 -576 ) (352 -1172 -576 ) (116 -1172 -576 ) 
4 501 515 (0 -1024 -448 ) (0 -1024 -576 ) (0 -2048 -576 ) (0 -2048 -448 ) 
4 501 509 (0 -1024 -384 ) (0 -1024 -448 ) (0 -2048 -448 ) (0 -2048 -384 ) 
4 501 508 (100 -2048 -384 ) (0 -2048 -384 ) (0 -2048 -576 ) (100 -2048 -576 ) 
4 502 503 (116 -1024 -584 ) (352 -1024 -584 ) (352 -1172 -584 ) (116 -1172 -584 ) 
4 503 505 (176 -1172 -704 ) (232 -1172 -704 ) (232 -1172 -592 ) (176 -1172 -592 ) 
4 504 525 (0 -1024 -584 ) (0 -1024 -704 ) (0 -1088 -704 ) (0 -1088 -584 ) 
4 504 528 (0 -1088 -704 ) (0 -1172 -704 ) (0 -1172 -584 ) (0 -1088 -584 ) 
4 504 507 (0 -1172 -704 ) (0 -1024 -704 ) (100 -1024 -704 ) (100 -1172 -704 ) 
4 504 506 (0 -1172 -704 ) (100 -1172 -704 ) (100 -1172 -584 ) (0 -1172 -584 ) 
4 506 528 (0 -1172 -704 ) (0 -1364 -704 ) (0 -1364 -584 ) (0 -1172 -584 ) 
4 506 507 (0 -1364 -704 ) (0 -1172 -704 ) (100 -1172 -704 ) (100 -1364 -704 ) 
4 507 525 (0 -1024 -704 ) (0 -1024 -832 ) (0 -1088 -832 ) (0 -1088 -704 ) 
4 507 528 (0 -1088 -832 ) (0 -1364 -832 ) (0 -1364 -704 ) (0 -1088 -704 ) 
4 508 534 (0 -2080 -576 ) (0 -2080 -384 ) (0 -2048 -384 ) (0 -2048 -576 ) 
4 509 534 (0 -2048 -448 ) (0 -2048 -384 ) (-284 -2048 -384 ) (-284 -2048 -448 ) 
4 509 515 (-284 -1024 -448 ) (0 -1024 -448 ) (0 -2048 -448 ) (-284 -2048 -448 ) 
4 509 510 (-284 -1532 -448 ) (-284 -1644 -448 ) (-284 -1644 -412 ) (-284 -1532 -412 ) 
4 510 516 (-284 -1532 -448 ) (-284 -1644 -448 ) (-300 -1644 -448 ) (-300 -1532 -448 ) 
4 510 514 (-300 -1532 -448 ) (-300 -1644 -448 ) (-300 -1644 -412 ) (-300 -1532 -412 ) 
4 511 520 (-576 -1024 -448 ) (-552 -1024 -448 ) (-552 -1200 -448 ) (-576 -1200 -448 ) 
4 511 518 (-552 -1024 -448 ) (-448 -1024 -448 ) (-448 -1200 -448 ) (-552 -1200 -448 ) 
4 511 517 (-448 -1024 -448 ) (-424 -1024 -448 ) (-424 -1200 -448 ) (-448 -1200 -448 ) 
4 512 532 (-1024 -1024 -384 ) (-1024 -1024 -448 ) (-1024 -1216 -448 ) (-1024 -1216 -384 ) 
4 512 521 (-1024 -1216 -448 ) (-1024 -1024 -448 ) (-792 -1024 -448 ) (-792 -1216 -448 ) 
4 512 513 (-1024 -1216 -448 ) (-792 -1216 -448 ) (-792 -1216 -384 ) (-1024 -1216 -384 ) 
4 513 532 (-1024 -1216 -448 ) (-1024 -1504 -448 ) (-1024 -1504 -384 ) (-1024 -1216 -384 ) 
4 513 522 (-1024 -1504 -448 ) (-1024 -1216 -448 ) (-424 -1216 -448 ) (-424 -1504 -448 ) 
4 513 514 (-1024 -1504 -448 ) (-424 -1504 -448 ) (-424 -1504 -384 ) (-1024 -1504 -384 ) 
4 514 532 (-1024 -1504 -448 ) (-1024 -1664 -448 ) (-1024 -1664 -384 ) (-1024 -1504 -384 ) 
4 514 523 (-1024 -1664 -448 ) (-1024 -1504 -448 ) (-300 -1504 -448 ) (-300 -1664 -448 ) 
4 515 534 (0 -2048 -576 ) (0 -2048 -448 ) (-284 -2048 -448 ) (-284 -2048 -576 ) 
4 515 516 (-284 -1532 -576 ) (-284 -1644 -576 ) (-284 -1644 -448 ) (-284 -1532 -448 ) 
4 516 523 (-300 -1532 -576 ) (-300 -1644 -576 ) (-300 -1644 -448 ) (-300 -1532 -448 ) 
4 517 518 (-448 -1024 -576 ) (-448 -1200 -576 ) (-448 -1200 -448 ) (-448 -1024 -448 ) 
4 518 520 (-552 -1024 -576 ) (-552 -1200 -576 ) (-552 -1200 -448 ) (-552 -1024 -448 ) 
4 518 519 (-552 -1200 -464 ) (-552 -1200 -576 ) (-448 -1200 -576 ) (-448 -1200 -464 ) 
4 519 522 (-552 -1216 -576 ) (-448 -1216 -576 ) (-448 -1216 -464 ) (-552 -1216 -464 ) 
4 521 532 (-1024 -1024 -448 ) (-1024 -1024 -576 ) (-1024 -1216 -576 ) (-1024 -1216 -448 ) 
4 521 524 (-872 -1024 -576 ) (-592 -1024 -576 ) (-592 -1032 -576 ) (-872 -1032 -576 ) 
4 521 522 (-1024 -1216 -576 ) (-592 -1216 -576 ) (-592 -1216 -448 ) (-1024 -1216 -448 ) 
4 522 532 (-1024 -1216 -576 ) (-1024 -1504 -576 ) (-1024 -1504 -448 ) (-1024 -1216 -448 ) 
4 522 523 (-1024 -1504 -576 ) (-424 -1504 -576 ) (-424 -1504 -448 ) (-1024 -1504 -448 ) 
4 523 532 (-1024 -1504 -576 ) (-1024 -1664 -576 ) (-1024 -1664 -448 ) (-1024 -1504 -448 ) 
4 524 529 (-872 -1032 -584 ) (-872 -1024 -584 ) (-592 -1024 -584 ) (-592 -1032 -584 ) 
4 525 528 (-288 -1088 -832 ) (0 -1088 -832 ) (0 -1088 -584 ) (-288 -1088 -584 ) 
4 526 530 (-576 -1024 -832 ) (-576 -1032 -832 ) (-576 -1032 -712 ) (-576 -1024 -712 ) 
4 526 529 (-576 -1032 -712 ) (-576 -1032 -584 ) (-576 -1024 -584 ) (-576 -1024 -712 ) 
4 526 527 (-568 -1072 -832 ) (-424 -1072 -832 ) (-424 -1072 -720 ) (-568 -1072 -720 ) 
4 527 528 (-568 -1088 -832 ) (-424 -1088 -832 ) (-424 -1088 -720 ) (-568 -1088 -720 ) 
4 528 531 (-312 -1364 -682 ) (-312 -1364 -618 ) (-376 -1364 -618 ) (-376 -1364 -682 ) 
4 529 530 (-576 -1032 -712 ) (-792 -1032 -712 ) (-792 -1024 -712 ) (-576 -1024 -712 ) 
4 532 533 (-1152 -1248 -576 ) (-1152 -1632 -576 ) (-1152 -1632 -384 ) (-1152 -1248 -384 ) 
