PRT1
73
139
4 0 2 (6592 6144 608 ) (6592 6144 1536 ) (6144 6144 1536 ) (6144 6144 608 ) 
4 0 1 (6144 6144 608 ) (6144 6144 1536 ) (6144 6208 1536 ) (6144 6208 608 ) 
4 1 4 (5120 6144 608 ) (5120 6144 1536 ) (5120 6208 1536 ) (5120 6208 608 ) 
4 1 3 (6144 6144 608 ) (6144 6144 1536 ) (5120 6144 1536 ) (5120 6144 608 ) 
4 2 10 (6592 5120 608 ) (6592 5120 1536 ) (6144 5120 1536 ) (6144 5120 608 ) 
4 2 3 (6144 6144 1536 ) (6144 6144 608 ) (6144 5120 608 ) (6144 5120 1536 ) 
4 3 12 (5360 5120 1536 ) (5120 5120 1536 ) (5120 5120 608 ) (5360 5120 608 ) 
4 3 11 (6144 5120 608 ) (6144 5120 1536 ) (5360 5120 1536 ) (5360 5120 608 ) 
4 3 5 (5120 5120 608 ) (5120 5120 1536 ) (5120 6144 1536 ) (5120 6144 608 ) 
4 4 6 (4096 6144 608 ) (4096 6144 1536 ) (4096 6208 1536 ) (4096 6208 608 ) 
4 4 5 (5120 6144 608 ) (5120 6144 1536 ) (4096 6144 1536 ) (4096 6144 608 ) 
4 5 24 (5120 5120 608 ) (5120 5120 1536 ) (4096 5120 1536 ) (4096 5120 608 ) 
4 5 8 (4096 5120 608 ) (4096 5120 1536 ) (4096 6144 1536 ) (4096 6144 608 ) 
4 6 8 (4096 6144 608 ) (4096 6144 1536 ) (3072 6144 1536 ) (3072 6144 608 ) 
4 6 7 (3072 6144 608 ) (3072 6144 1536 ) (3072 6208 1536 ) (3072 6208 608 ) 
4 7 56 (2048 6144 608 ) (2048 6144 1536 ) (2048 6208 1536 ) (2048 6208 608 ) 
4 7 9 (3072 6144 608 ) (3072 6144 1536 ) (2048 6144 1536 ) (2048 6144 608 ) 
4 8 27 (4096 5120 608 ) (4096 5120 1536 ) (3072 5120 1536 ) (3072 5120 608 ) 
4 8 9 (3072 6144 1536 ) (3072 6144 608 ) (3072 5120 608 ) (3072 5120 1536 ) 
4 9 57 (2048 5120 608 ) (2048 5120 1536 ) (2048 6144 1536 ) (2048 6144 608 ) 
4 9 30 (3072 5120 608 ) (3072 5120 1536 ) (2512 5120 1536 ) (2512 5120 608 ) 
4 9 32 (2512 5120 1536 ) (2048 5120 1536 ) (2048 5120 608 ) (2512 5120 608 ) 
4 10 15 (6592 4096 608 ) (6592 4096 1536 ) (6144 4096 1536 ) (6144 4096 608 ) 
4 10 11 (6144 4096 608 ) (6144 4096 1536 ) (6144 5120 1536 ) (6144 5120 608 ) 
4 11 16 (6144 4096 608 ) (6144 4096 1536 ) (5360 4096 1536 ) (5360 4096 608 ) 
4 11 13 (5360 4976 608 ) (5360 4096 608 ) (5360 4096 1536 ) (5360 4976 1536 ) 
4 11 12 (5360 5120 608 ) (5360 4976 608 ) (5360 4976 1536 ) (5360 5120 1536 ) 
4 12 24 (5120 5120 1536 ) (5120 5120 608 ) (5120 4976 608 ) (5120 4976 1536 ) 
4 12 13 (5120 4976 608 ) (5360 4976 608 ) (5360 4976 1536 ) (5120 4976 1536 ) 
4 13 25 (5120 4976 608 ) (5120 4096 608 ) (5120 4096 1536 ) (5120 4976 1536 ) 
4 13 17 (5360 4096 1536 ) (5120 4096 1536 ) (5120 4096 608 ) (5360 4096 608 ) 
4 13 14 (5120 4096 608 ) (5120 4976 608 ) (5360 4976 608 ) (5360 4096 608 ) 
4 14 26 (5120 4096 256 ) (5120 4096 608 ) (5120 4976 608 ) (5120 4976 256 ) 
4 14 18 (5360 4096 608 ) (5120 4096 608 ) (5120 4096 256 ) (5360 4096 256 ) 
4 15 19 (6592 3072 608 ) (6592 3072 1536 ) (6144 3072 1536 ) (6144 3072 608 ) 
4 15 16 (6144 4096 1536 ) (6144 4096 608 ) (6144 3072 608 ) (6144 3072 1536 ) 
4 16 20 (6144 3072 608 ) (6144 3072 1536 ) (5360 3072 1536 ) (5360 3072 608 ) 
4 16 17 (5360 4096 1536 ) (5360 4096 608 ) (5360 3072 608 ) (5360 3072 1536 ) 
4 17 34 (5120 3072 608 ) (5120 3072 1536 ) (5120 4096 1536 ) (5120 4096 608 ) 
4 17 21 (5120 3072 1536 ) (5120 3072 608 ) (5360 3072 608 ) (5360 3072 1536 ) 
4 17 18 (5120 3072 608 ) (5120 4096 608 ) (5360 4096 608 ) (5360 3072 608 ) 
4 18 35 (5120 3072 256 ) (5120 3072 608 ) (5120 4096 608 ) (5120 4096 256 ) 
4 18 23 (5120 3072 608 ) (5120 3072 256 ) (5360 3072 256 ) (5360 3072 608 ) 
4 19 61 (6592 2048 608 ) (6592 2048 1536 ) (6144 2048 1536 ) (6144 2048 608 ) 
4 19 20 (6144 3072 1536 ) (6144 3072 608 ) (6144 2128 608 ) (6144 2128 1536 ) 
4 19 22 (6144 2128 608 ) (6144 2048 608 ) (6144 2048 1536 ) (6144 2128 1536 ) 
4 20 22 (5360 2128 608 ) (6144 2128 608 ) (6144 2128 1536 ) (5360 2128 1536 ) 
4 20 21 (5360 3072 608 ) (5360 2128 608 ) (5360 2128 1536 ) (5360 3072 1536 ) 
4 21 37 (5120 2128 1536 ) (5120 3072 1536 ) (5120 3072 608 ) (5120 2128 608 ) 
4 21 23 (5360 2128 608 ) (5120 2128 608 ) (5120 3072 608 ) (5360 3072 608 ) 
4 21 22 (5120 2128 608 ) (5360 2128 608 ) (5360 2128 1536 ) (5120 2128 1536 ) 
4 22 62 (6144 2048 608 ) (6144 2048 1536 ) (5120 2048 1536 ) (5120 2048 608 ) 
4 22 38 (5120 2048 608 ) (5120 2048 1536 ) (5120 2128 1536 ) (5120 2128 608 ) 
4 23 39 (5120 2128 608 ) (5120 3072 608 ) (5120 3072 256 ) (5120 2128 256 ) 
4 24 27 (4096 5120 1536 ) (4096 5120 608 ) (4096 4976 608 ) (4096 4976 1536 ) 
4 24 25 (4096 4976 1536 ) (4096 4976 608 ) (5120 4976 608 ) (5120 4976 1536 ) 
4 25 34 (5120 4096 608 ) (5120 4096 1536 ) (4096 4096 1536 ) (4096 4096 608 ) 
4 25 28 (4096 4096 608 ) (4096 4096 1536 ) (4096 4976 1536 ) (4096 4976 608 ) 
4 25 26 (4096 4096 608 ) (4096 4976 608 ) (5120 4976 608 ) (5120 4096 608 ) 
4 26 35 (5120 4096 256 ) (5120 4096 608 ) (4096 4096 608 ) (4096 4096 256 ) 
4 26 29 (4096 4096 256 ) (4096 4096 608 ) (4096 4976 608 ) (4096 4976 256 ) 
4 27 30 (3072 5120 1536 ) (3072 5120 608 ) (3072 4976 608 ) (3072 4976 1536 ) 
4 27 28 (3072 4976 1536 ) (3072 4976 608 ) (4096 4976 608 ) (4096 4976 1536 ) 
4 28 40 (4096 4096 608 ) (4096 4096 1536 ) (3072 4096 1536 ) (3072 4096 608 ) 
4 28 31 (3072 4096 608 ) (3072 4096 1536 ) (3072 4976 1536 ) (3072 4976 608 ) 
4 28 29 (3072 4096 608 ) (3072 4976 608 ) (4096 4976 608 ) (4096 4096 608 ) 
4 29 41 (4096 4096 256 ) (4096 4096 608 ) (3072 4096 608 ) (3072 4096 256 ) 
4 29 33 (3072 4096 256 ) (3072 4096 608 ) (3072 4976 608 ) (3072 4976 256 ) 
4 30 32 (2512 5120 608 ) (2512 4976 608 ) (2512 4976 1536 ) (2512 5120 1536 ) 
4 30 31 (2512 4976 1536 ) (2512 4976 608 ) (3072 4976 608 ) (3072 4976 1536 ) 
4 31 43 (3072 4096 608 ) (3072 4096 1536 ) (2512 4096 1536 ) (2512 4096 608 ) 
4 31 33 (3072 4976 608 ) (3072 4096 608 ) (2512 4096 608 ) (2512 4976 608 ) 
4 31 32 (2512 4976 608 ) (2512 4096 608 ) (2512 4096 1536 ) (2512 4976 1536 ) 
4 32 58 (2048 4096 608 ) (2048 4096 1536 ) (2048 5120 1536 ) (2048 5120 608 ) 
4 32 46 (2512 4096 1536 ) (2048 4096 1536 ) (2048 4096 608 ) (2512 4096 608 ) 
4 33 44 (3072 4096 256 ) (3072 4096 608 ) (2512 4096 608 ) (2512 4096 256 ) 
4 34 40 (4096 4096 1536 ) (4096 4096 608 ) (4096 3072 608 ) (4096 3072 1536 ) 
4 34 37 (5120 3072 608 ) (5120 3072 1536 ) (4096 3072 1536 ) (4096 3072 608 ) 
4 34 35 (5120 3072 608 ) (4096 3072 608 ) (4096 4096 608 ) (5120 4096 608 ) 
4 35 41 (4096 4096 608 ) (4096 4096 256 ) (4096 3072 256 ) (4096 3072 608 ) 
4 35 39 (5120 3072 256 ) (5120 3072 608 ) (4096 3072 608 ) (4096 3072 256 ) 
4 35 36 (4464 3424 256 ) (4464 4080 256 ) (5072 4080 256 ) (5072 3424 256 ) 
4 37 47 (4096 2128 1536 ) (4096 3072 1536 ) (4096 3072 608 ) (4096 2128 608 ) 
4 37 39 (4096 2128 608 ) (4096 3072 608 ) (5120 3072 608 ) (5120 2128 608 ) 
4 37 38 (4096 2128 608 ) (5120 2128 608 ) (5120 2128 1536 ) (4096 2128 1536 ) 
4 38 65 (5120 2048 608 ) (5120 2048 1536 ) (4096 2048 1536 ) (4096 2048 608 ) 
4 38 49 (4096 2048 608 ) (4096 2048 1536 ) (4096 2128 1536 ) (4096 2128 608 ) 
4 39 48 (4096 2128 608 ) (4096 3072 608 ) (4096 3072 256 ) (4096 2128 256 ) 
4 40 47 (4096 3072 608 ) (4096 3072 1536 ) (3072 3072 1536 ) (3072 3072 608 ) 
4 40 43 (3072 4096 1536 ) (3072 4096 608 ) (3072 3072 608 ) (3072 3072 1536 ) 
4 40 41 (3072 3072 608 ) (3072 4096 608 ) (4096 4096 608 ) (4096 3072 608 ) 
4 41 48 (4096 3072 256 ) (4096 3072 608 ) (3072 3072 608 ) (3072 3072 256 ) 
4 41 44 (3072 4096 608 ) (3072 4096 256 ) (3072 3072 256 ) (3072 3072 608 ) 
4 41 42 (3072 3296 256 ) (3072 3872 256 ) (3264 3872 256 ) (3264 3296 256 ) 
4 42 45 (3072 3872 -192 ) (3072 3296 -192 ) (3072 3296 256 ) (3072 3872 256 ) 
4 43 50 (3072 3072 608 ) (3072 3072 1536 ) (2512 3072 1536 ) (2512 3072 608 ) 
4 43 46 (2512 4096 1536 ) (2512 4096 608 ) (2512 3072 608 ) (2512 3072 1536 ) 
4 43 44 (3072 3072 608 ) (2512 3072 608 ) (2512 4096 608 ) (3072 4096 608 ) 
4 44 54 (2688 3072 608 ) (2512 3072 608 ) (2512 3072 256 ) (2688 3072 256 ) 
4 44 53 (3072 3072 256 ) (3072 3072 608 ) (2688 3072 608 ) (2688 3072 256 ) 
4 44 45 (2688 3872 256 ) (3072 3872 256 ) (3072 3296 256 ) (2688 3296 256 ) 
4 46 59 (2048 3072 608 ) (2048 3072 1536 ) (2048 4096 1536 ) (2048 4096 608 ) 
4 46 51 (2048 3072 1536 ) (2048 3072 608 ) (2512 3072 608 ) (2512 3072 1536 ) 
4 47 50 (3072 3072 1536 ) (3072 3072 608 ) (3072 2128 608 ) (3072 2128 1536 ) 
4 47 49 (3072 2128 1536 ) (3072 2128 608 ) (4096 2128 608 ) (4096 2128 1536 ) 
4 47 48 (4096 2128 608 ) (3072 2128 608 ) (3072 3072 608 ) (4096 3072 608 ) 
4 48 53 (3072 3072 608 ) (3072 3072 256 ) (3072 2128 256 ) (3072 2128 608 ) 
4 49 66 (4096 2048 608 ) (4096 2048 1536 ) (3072 2048 1536 ) (3072 2048 608 ) 
4 49 52 (3072 2048 608 ) (3072 2048 1536 ) (3072 2128 1536 ) (3072 2128 608 ) 
4 50 54 (2512 3072 608 ) (2688 3072 608 ) (2688 2128 608 ) (2512 2128 608 ) 
4 50 53 (2688 3072 608 ) (3072 3072 608 ) (3072 2128 608 ) (2688 2128 608 ) 
4 50 52 (2512 2128 608 ) (3072 2128 608 ) (3072 2128 1536 ) (2512 2128 1536 ) 
4 50 51 (2512 3072 608 ) (2512 2128 608 ) (2512 2128 1536 ) (2512 3072 1536 ) 
4 51 60 (2048 2128 1536 ) (2048 3072 1536 ) (2048 3072 608 ) (2048 2128 608 ) 
4 51 52 (2048 2128 608 ) (2512 2128 608 ) (2512 2128 1536 ) (2048 2128 1536 ) 
4 52 67 (3072 2048 608 ) (3072 2048 1536 ) (2048 2048 1536 ) (2048 2048 608 ) 
4 52 60 (2048 2048 608 ) (2048 2048 1536 ) (2048 2128 1536 ) (2048 2128 608 ) 
4 53 54 (2688 2128 256 ) (2688 2128 608 ) (2688 3072 608 ) (2688 3072 256 ) 
4 56 57 (2048 6144 608 ) (2048 6144 1536 ) (1280 6144 1536 ) (1280 6144 608 ) 
4 57 58 (2048 5120 608 ) (2048 5120 1536 ) (1280 5120 1536 ) (1280 5120 608 ) 
4 58 59 (2048 4096 608 ) (2048 4096 1536 ) (1280 4096 1536 ) (1280 4096 608 ) 
4 59 60 (2048 3072 608 ) (2048 3072 1536 ) (1280 3072 1536 ) (1280 3072 608 ) 
4 60 71 (2048 2048 608 ) (2048 2048 1536 ) (1280 2048 1536 ) (1280 2048 608 ) 
4 61 63 (6592 1024 608 ) (6592 1024 1536 ) (6144 1024 1536 ) (6144 1024 608 ) 
4 61 62 (6144 1024 608 ) (6144 1024 1536 ) (6144 2048 1536 ) (6144 2048 608 ) 
4 62 65 (5120 2048 1536 ) (5120 2048 608 ) (5120 1024 608 ) (5120 1024 1536 ) 
4 62 64 (6144 1024 608 ) (6144 1024 1536 ) (5120 1024 1536 ) (5120 1024 608 ) 
4 63 64 (6144 1024 1536 ) (6144 1024 608 ) (6144 896 608 ) (6144 896 1536 ) 
4 64 68 (5120 896 608 ) (5120 896 1536 ) (5120 1024 1536 ) (5120 1024 608 ) 
4 65 68 (5120 1024 608 ) (5120 1024 1536 ) (4096 1024 1536 ) (4096 1024 608 ) 
4 65 66 (4096 2048 1536 ) (4096 2048 608 ) (4096 1024 608 ) (4096 1024 1536 ) 
4 66 69 (4096 1024 608 ) (4096 1024 1536 ) (3072 1024 1536 ) (3072 1024 608 ) 
4 66 67 (3072 1024 608 ) (3072 1024 1536 ) (3072 2048 1536 ) (3072 2048 608 ) 
4 67 71 (2048 2048 1536 ) (2048 2048 608 ) (2048 1024 608 ) (2048 1024 1536 ) 
4 67 70 (3072 1024 608 ) (3072 1024 1536 ) (2048 1024 1536 ) (2048 1024 608 ) 
4 68 69 (4096 1024 1536 ) (4096 1024 608 ) (4096 896 608 ) (4096 896 1536 ) 
4 69 70 (3072 1024 1536 ) (3072 1024 608 ) (3072 896 608 ) (3072 896 1536 ) 
4 70 72 (2048 1024 1536 ) (2048 1024 608 ) (2048 896 608 ) (2048 896 1536 ) 
4 71 72 (2048 1024 608 ) (2048 1024 1536 ) (1280 1024 1536 ) (1280 1024 608 ) 
