PRT1
172
454
4 1 7 (2048 2048 704 ) (2048 2048 1280 ) (2048 2080 1280 ) (2048 2080 704 ) 
4 1 2 (2176 2048 704 ) (2176 2048 1280 ) (2048 2048 1280 ) (2048 2048 704 ) 
4 2 57 (2176 1024 704 ) (2176 1024 1280 ) (2048 1024 1280 ) (2048 1024 704 ) 
4 2 13 (2048 1024 704 ) (2048 1024 1280 ) (2048 2048 1280 ) (2048 2048 704 ) 
4 2 3 (2048 1248 704 ) (2048 1824 704 ) (2176 1824 704 ) (2176 1248 704 ) 
4 2 4 (2048 1024 704 ) (2048 1248 704 ) (2176 1248 704 ) (2176 1024 704 ) 
4 3 14 (2048 1248 704 ) (2048 1824 704 ) (2048 1824 288 ) (2048 1248 288 ) 
4 3 4 (2176 1248 288 ) (2176 1248 704 ) (2048 1248 704 ) (2048 1248 288 ) 
4 4 57 (2176 1024 256 ) (2176 1024 704 ) (2048 1024 704 ) (2048 1024 256 ) 
4 4 16 (2048 1024 256 ) (2048 1024 288 ) (2048 1248 288 ) (2048 1248 256 ) 
4 4 14 (2048 1024 288 ) (2048 1024 704 ) (2048 1248 704 ) (2048 1248 288 ) 
4 4 6 (2080 1024 256 ) (2048 1024 256 ) (2048 1248 256 ) (2080 1248 256 ) 
4 5 24 (2048 1264 256 ) (2048 1424 256 ) (2048 1424 32 ) (2048 1264 32 ) 
4 5 22 (2048 1424 256 ) (2048 1616 256 ) (2048 1616 32 ) (2048 1424 32 ) 
4 5 21 (2048 1616 256 ) (2048 1792 256 ) (2048 1792 32 ) (2048 1616 32 ) 
4 6 59 (2080 1024 256 ) (2048 1024 256 ) (2048 1024 32 ) (2080 1024 32 ) 
4 6 27 (2048 1024 32 ) (2048 1024 160 ) (2048 1248 160 ) (2048 1248 32 ) 
4 6 25 (2048 1024 160 ) (2048 1024 256 ) (2048 1248 256 ) (2048 1248 160 ) 
4 7 13 (2048 2048 704 ) (2048 2048 1280 ) (1024 2048 1280 ) (1024 2048 704 ) 
4 7 10 (1024 2048 704 ) (1024 2048 1280 ) (1024 2080 1280 ) (1024 2080 704 ) 
4 7 8 (1536 2048 704 ) (1280 2048 704 ) (1280 2080 704 ) (1536 2080 704 ) 
4 7 9 (1280 2048 704 ) (1024 2048 704 ) (1024 2080 704 ) (1280 2080 704 ) 
4 8 15 (1536 2048 704 ) (1280 2048 704 ) (1280 2048 288 ) (1536 2048 288 ) 
4 8 9 (1280 2048 288 ) (1280 2048 704 ) (1280 2080 704 ) (1280 2080 288 ) 
4 9 19 (1024 2048 288 ) (1024 2048 256 ) (1280 2048 256 ) (1280 2048 288 ) 
4 9 15 (1280 2048 704 ) (1024 2048 704 ) (1024 2048 288 ) (1280 2048 288 ) 
4 9 10 (1024 2048 256 ) (1024 2048 704 ) (1024 2080 704 ) (1024 2080 256 ) 
4 10 38 (1024 2048 256 ) (1024 2048 288 ) (512 2048 288 ) (512 2048 256 ) 
4 10 35 (1024 2048 288 ) (1024 2048 1280 ) (512 2048 1280 ) (512 2048 288 ) 
4 10 11 (512 2048 288 ) (512 2048 1280 ) (512 2080 1280 ) (512 2080 288 ) 
4 11 35 (512 2048 288 ) (512 2048 1280 ) (256 2048 1280 ) (256 2048 288 ) 
4 11 12 (256 2080 1280 ) (256 2080 704 ) (256 2048 704 ) (256 2048 1280 ) 
4 12 148 (0 2048 704 ) (0 2048 1280 ) (0 2080 1280 ) (0 2080 704 ) 
4 12 36 (256 2048 704 ) (256 2048 1280 ) (0 2048 1280 ) (0 2048 704 ) 
4 13 62 (2048 1024 704 ) (2048 1024 1280 ) (1024 1024 1280 ) (1024 1024 704 ) 
4 13 35 (1024 2048 1280 ) (1024 2048 704 ) (1024 1024 704 ) (1024 1024 1280 ) 
4 13 14 (2048 1824 704 ) (2048 1024 704 ) (1536 1024 704 ) (1536 1824 704 ) 
4 13 15 (1024 2048 704 ) (1536 2048 704 ) (1536 1024 704 ) (1024 1024 704 ) 
4 14 62 (2048 1024 288 ) (2048 1024 704 ) (1536 1024 704 ) (1536 1024 288 ) 
4 14 16 (2048 1024 288 ) (1536 1024 288 ) (1536 1248 288 ) (2048 1248 288 ) 
4 14 15 (1536 1824 288 ) (1536 1024 288 ) (1536 1024 704 ) (1536 1824 704 ) 
4 15 62 (1536 1024 704 ) (1024 1024 704 ) (1024 1024 288 ) (1536 1024 288 ) 
4 15 35 (1024 2048 704 ) (1024 2048 288 ) (1024 1024 288 ) (1024 1024 704 ) 
4 15 19 (1024 1168 288 ) (1024 2048 288 ) (1280 2048 288 ) (1280 1168 288 ) 
4 15 20 (1280 1024 288 ) (1024 1024 288 ) (1024 1152 288 ) (1280 1152 288 ) 
4 15 18 (1280 1168 288 ) (1280 1792 288 ) (1536 1792 288 ) (1536 1264 288 ) 
4 15 17 (1536 1024 288 ) (1280 1024 288 ) (1280 1152 288 ) (1536 1248 288 ) 
4 16 62 (2048 1024 256 ) (2048 1024 288 ) (1536 1024 288 ) (1536 1024 256 ) 
4 16 25 (2048 1248 256 ) (2048 1024 256 ) (1536 1024 256 ) (1536 1248 256 ) 
4 16 17 (1536 1248 256 ) (1536 1024 256 ) (1536 1024 288 ) (1536 1248 288 ) 
4 17 62 (1536 1024 288 ) (1280 1024 288 ) (1280 1024 256 ) (1536 1024 256 ) 
4 17 28 (1536 1248 256 ) (1536 1024 256 ) (1280 1024 256 ) (1280 1152 256 ) 
4 17 20 (1280 1152 256 ) (1280 1024 256 ) (1280 1024 288 ) (1280 1152 288 ) 
4 18 29 (1536 1792 256 ) (1536 1264 256 ) (1280 1168 256 ) (1280 1792 256 ) 
4 18 19 (1280 1792 256 ) (1280 1168 256 ) (1280 1168 288 ) (1280 1792 288 ) 
4 19 38 (1024 2048 288 ) (1024 2048 256 ) (1024 1168 256 ) (1024 1168 288 ) 
4 19 33 (1024 2048 256 ) (1088 2048 256 ) (1088 1168 256 ) (1024 1168 256 ) 
4 19 30 (1088 2048 256 ) (1280 2048 256 ) (1280 1168 256 ) (1088 1168 256 ) 
4 20 62 (1280 1024 288 ) (1024 1024 288 ) (1024 1024 256 ) (1280 1024 256 ) 
4 20 39 (1024 1152 256 ) (1024 1024 256 ) (1024 1024 288 ) (1024 1152 288 ) 
4 20 34 (1088 1024 256 ) (1024 1024 256 ) (1024 1152 256 ) (1088 1152 256 ) 
4 20 32 (1280 1152 256 ) (1280 1024 256 ) (1088 1024 256 ) (1088 1152 256 ) 
4 21 22 (1552 1616 32 ) (2048 1616 32 ) (2048 1616 256 ) (1552 1616 256 ) 
4 22 24 (1552 1424 32 ) (2048 1424 32 ) (2048 1424 256 ) (1552 1424 256 ) 
4 22 23 (1552 1616 160 ) (1552 1616 32 ) (1552 1424 32 ) (1552 1424 160 ) 
4 23 29 (1536 1616 32 ) (1536 1424 32 ) (1536 1424 160 ) (1536 1616 160 ) 
4 24 26 (1696 1264 32 ) (1888 1264 32 ) (1888 1264 160 ) (1696 1264 160 ) 
4 25 62 (2048 1024 160 ) (2048 1024 256 ) (1536 1024 256 ) (1536 1024 160 ) 
4 25 28 (1536 1024 160 ) (1536 1024 256 ) (1536 1248 256 ) (1536 1248 160 ) 
4 25 27 (1536 1024 160 ) (1536 1248 160 ) (2048 1248 160 ) (2048 1024 160 ) 
4 26 27 (1888 1248 160 ) (1696 1248 160 ) (1696 1248 32 ) (1888 1248 32 ) 
4 27 63 (2048 1024 32 ) (2048 1024 128 ) (1536 1024 128 ) (1536 1024 32 ) 
4 27 62 (2048 1024 128 ) (2048 1024 160 ) (1536 1024 160 ) (1536 1024 128 ) 
4 27 28 (1536 1248 32 ) (1536 1024 32 ) (1536 1024 160 ) (1536 1248 160 ) 
4 28 64 (1280 1024 128 ) (1280 1024 32 ) (1360 1024 32 ) (1360 1024 128 ) 
4 28 63 (1360 1024 32 ) (1536 1024 32 ) (1536 1024 128 ) (1360 1024 128 ) 
4 28 62 (1536 1024 256 ) (1280 1024 256 ) (1280 1024 128 ) (1536 1024 128 ) 
4 28 32 (1280 1152 32 ) (1280 1024 32 ) (1280 1024 256 ) (1280 1152 256 ) 
4 29 30 (1280 1792 32 ) (1280 1168 32 ) (1280 1168 256 ) (1280 1792 256 ) 
4 30 33 (1088 2048 32 ) (1088 1168 32 ) (1088 1168 256 ) (1088 2048 256 ) 
4 30 31 (1088 1168 160 ) (1088 1168 32 ) (1280 1168 32 ) (1280 1168 160 ) 
4 31 32 (1088 1152 160 ) (1088 1152 32 ) (1280 1152 32 ) (1280 1152 160 ) 
4 32 64 (1136 1024 32 ) (1280 1024 32 ) (1280 1024 128 ) (1136 1024 128 ) 
4 32 66 (1088 1024 128 ) (1088 1024 32 ) (1136 1024 32 ) (1136 1024 128 ) 
4 32 62 (1280 1024 256 ) (1088 1024 256 ) (1088 1024 128 ) (1280 1024 128 ) 
4 32 34 (1088 1152 32 ) (1088 1024 32 ) (1088 1024 256 ) (1088 1152 256 ) 
4 33 43 (1024 2048 256 ) (1024 2048 32 ) (1024 1168 32 ) (1024 1168 256 ) 
4 34 66 (1024 1024 128 ) (1024 1024 32 ) (1088 1024 32 ) (1088 1024 128 ) 
4 34 62 (1088 1024 256 ) (1024 1024 256 ) (1024 1024 128 ) (1088 1024 128 ) 
4 34 44 (1024 1152 32 ) (1024 1024 32 ) (1024 1024 256 ) (1024 1152 256 ) 
4 35 68 (1024 1024 288 ) (1024 1024 1280 ) (256 1024 1280 ) (256 1024 288 ) 
4 35 41 (256 1264 288 ) (256 1792 288 ) (512 1792 288 ) (512 1168 288 ) 
4 35 40 (512 1024 288 ) (256 1024 288 ) (256 1248 288 ) (512 1152 288 ) 
4 35 38 (512 1168 288 ) (512 2048 288 ) (1024 2048 288 ) (1024 1168 288 ) 
4 35 39 (1024 1024 288 ) (512 1024 288 ) (512 1152 288 ) (1024 1152 288 ) 
4 35 36 (256 1824 704 ) (256 1824 1280 ) (256 2048 1280 ) (256 2048 704 ) 
4 35 37 (256 1824 288 ) (256 1024 288 ) (256 1024 1280 ) (256 1824 1280 ) 
4 36 149 (0 1824 1280 ) (0 2048 1280 ) (0 2048 704 ) (0 1824 704 ) 
4 36 37 (256 1824 704 ) (256 1824 1280 ) (0 1824 1280 ) (0 1824 704 ) 
4 37 150 (0 1248 704 ) (0 1824 704 ) (0 1824 288 ) (0 1248 288 ) 
4 37 151 (0 1024 288 ) (0 1024 704 ) (0 1248 704 ) (0 1248 288 ) 
4 37 149 (0 1024 704 ) (0 1024 1280 ) (0 1824 1280 ) (0 1824 704 ) 
4 37 68 (256 1024 1280 ) (0 1024 1280 ) (0 1024 288 ) (256 1024 288 ) 
4 37 42 (256 1024 288 ) (0 1024 288 ) (0 1248 288 ) (256 1248 288 ) 
4 38 45 (704 1168 256 ) (512 1168 256 ) (512 2048 256 ) (704 2048 256 ) 
4 38 43 (1024 2048 256 ) (1024 1168 256 ) (704 1168 256 ) (704 2048 256 ) 
4 38 41 (512 1792 256 ) (512 1168 256 ) (512 1168 288 ) (512 1792 288 ) 
4 39 68 (1024 1024 256 ) (1024 1024 288 ) (512 1024 288 ) (512 1024 256 ) 
4 39 47 (704 1024 256 ) (512 1024 256 ) (512 1152 256 ) (704 1152 256 ) 
4 39 44 (1024 1152 256 ) (1024 1024 256 ) (704 1024 256 ) (704 1152 256 ) 
4 39 40 (512 1152 256 ) (512 1024 256 ) (512 1024 288 ) (512 1152 288 ) 
4 40 68 (512 1024 288 ) (256 1024 288 ) (256 1024 256 ) (512 1024 256 ) 
4 40 48 (512 1024 256 ) (256 1024 256 ) (256 1248 256 ) (512 1152 256 ) 
4 40 42 (256 1248 256 ) (256 1024 256 ) (256 1024 288 ) (256 1248 288 ) 
4 41 49 (256 1264 256 ) (256 1792 256 ) (512 1792 256 ) (512 1168 256 ) 
4 42 151 (0 1024 256 ) (0 1024 288 ) (0 1248 288 ) (0 1248 256 ) 
4 42 68 (256 1024 288 ) (0 1024 288 ) (0 1024 256 ) (256 1024 256 ) 
4 42 56 (64 1024 256 ) (0 1024 256 ) (0 1248 256 ) (64 1248 256 ) 
4 42 54 (256 1024 256 ) (64 1024 256 ) (64 1248 256 ) (256 1248 256 ) 
4 43 45 (704 2048 32 ) (704 1168 32 ) (704 1168 256 ) (704 2048 256 ) 
4 44 69 (1024 1024 32 ) (1024 1024 128 ) (704 1024 128 ) (704 1024 32 ) 
4 44 68 (1024 1024 128 ) (1024 1024 256 ) (704 1024 256 ) (704 1024 128 ) 
4 44 47 (704 1152 32 ) (704 1024 32 ) (704 1024 256 ) (704 1152 256 ) 
4 45 49 (512 1792 32 ) (512 1168 32 ) (512 1168 256 ) (512 1792 256 ) 
4 45 46 (512 1168 160 ) (512 1168 32 ) (704 1168 32 ) (704 1168 160 ) 
4 46 47 (512 1152 160 ) (512 1152 32 ) (704 1152 32 ) (704 1152 160 ) 
4 47 70 (512 1024 128 ) (512 1024 32 ) (624 1024 32 ) (624 1024 128 ) 
4 47 69 (624 1024 32 ) (704 1024 32 ) (704 1024 128 ) (624 1024 128 ) 
4 47 68 (704 1024 256 ) (512 1024 256 ) (512 1024 128 ) (704 1024 128 ) 
4 47 48 (512 1152 32 ) (512 1024 32 ) (512 1024 256 ) (512 1152 256 ) 
4 48 70 (400 1024 32 ) (512 1024 32 ) (512 1024 128 ) (400 1024 128 ) 
4 48 72 (256 1024 128 ) (256 1024 32 ) (400 1024 32 ) (400 1024 128 ) 
4 48 68 (512 1024 256 ) (256 1024 256 ) (256 1024 128 ) (512 1024 128 ) 
4 48 54 (256 1248 32 ) (256 1024 32 ) (256 1024 256 ) (256 1248 256 ) 
4 49 51 (256 1632 32 ) (256 1440 32 ) (256 1440 160 ) (256 1632 160 ) 
4 50 153 (0 1792 160 ) (0 1792 32 ) (0 1632 32 ) (0 1632 160 ) 
4 50 152 (0 1632 256 ) (0 1792 256 ) (0 1792 160 ) (0 1632 160 ) 
4 50 52 (0 1632 32 ) (240 1632 32 ) (240 1632 256 ) (0 1632 256 ) 
4 51 52 (240 1632 160 ) (240 1632 32 ) (240 1440 32 ) (240 1440 160 ) 
4 52 153 (0 1632 160 ) (0 1632 32 ) (0 1440 32 ) (0 1440 160 ) 
4 52 152 (0 1440 256 ) (0 1632 256 ) (0 1632 160 ) (0 1440 160 ) 
4 52 53 (0 1440 32 ) (240 1440 32 ) (240 1440 256 ) (0 1440 256 ) 
4 53 153 (0 1440 160 ) (0 1440 32 ) (0 1264 32 ) (0 1264 160 ) 
4 53 152 (0 1264 256 ) (0 1440 256 ) (0 1440 160 ) (0 1264 160 ) 
4 53 55 (0 1264 32 ) (64 1264 32 ) (64 1264 160 ) (0 1264 160 ) 
4 54 72 (64 1024 128 ) (64 1024 32 ) (256 1024 32 ) (256 1024 128 ) 
4 54 68 (256 1024 256 ) (64 1024 256 ) (64 1024 128 ) (256 1024 128 ) 
4 54 56 (64 1248 32 ) (64 1024 32 ) (64 1024 256 ) (64 1248 256 ) 
4 55 153 (0 1264 160 ) (0 1264 32 ) (0 1248 32 ) (0 1248 160 ) 
4 55 56 (0 1248 32 ) (64 1248 32 ) (64 1248 160 ) (0 1248 160 ) 
4 56 155 (0 1024 32 ) (0 1024 256 ) (0 1248 256 ) (0 1248 32 ) 
4 56 72 (0 1024 128 ) (0 1024 32 ) (64 1024 32 ) (64 1024 128 ) 
4 56 68 (64 1024 256 ) (0 1024 256 ) (0 1024 128 ) (64 1024 128 ) 
4 57 62 (2048 1024 1280 ) (2048 1024 256 ) (2048 0 256 ) (2048 0 1280 ) 
4 57 61 (2176 0 256 ) (2176 0 1280 ) (2048 0 1280 ) (2048 0 256 ) 
4 57 58 (2176 512 256 ) (2176 0 256 ) (2080 0 256 ) (2080 512 256 ) 
4 57 59 (2048 0 256 ) (2048 1024 256 ) (2080 1024 256 ) (2080 0 256 ) 
4 58 61 (2176 0 32 ) (2176 0 256 ) (2080 0 256 ) (2080 0 32 ) 
4 58 60 (2176 512 32 ) (2176 0 32 ) (2080 0 32 ) (2080 512 32 ) 
4 58 59 (2080 512 32 ) (2080 0 32 ) (2080 0 256 ) (2080 512 256 ) 
4 59 63 (2048 1024 128 ) (2048 1024 32 ) (2048 0 32 ) (2048 0 128 ) 
4 59 62 (2048 1024 256 ) (2048 1024 128 ) (2048 0 128 ) (2048 0 256 ) 
4 59 61 (2080 0 256 ) (2048 0 256 ) (2048 0 32 ) (2080 0 32 ) 
4 59 60 (2080 512 32 ) (2080 0 32 ) (2048 0 32 ) (2048 512 32 ) 
4 60 67 (2048 0 -32 ) (2048 0 32 ) (2048 512 32 ) (2048 512 -32 ) 
4 60 61 (2176 0 -32 ) (2176 0 32 ) (2048 0 32 ) (2048 0 -32 ) 
4 61 79 (2176 -1024 -32 ) (2176 -1024 32 ) (2048 -1024 32 ) (2048 -1024 -32 ) 
4 61 77 (2176 -1024 32 ) (2176 -1024 256 ) (2080 -1024 256 ) (2080 -1024 32 ) 
4 61 78 (2080 -1024 256 ) (2048 -1024 256 ) (2048 -1024 32 ) (2080 -1024 32 ) 
4 61 76 (2176 -1024 256 ) (2176 -1024 1280 ) (2048 -1024 1280 ) (2048 -1024 256 ) 
4 61 74 (2048 -1024 -32 ) (2048 -1024 1280 ) (2048 0 1280 ) (2048 0 -32 ) 
4 62 74 (2048 0 128 ) (2048 0 1280 ) (1024 0 1280 ) (1024 0 128 ) 
4 62 68 (1024 1024 1280 ) (1024 1024 128 ) (1024 0 128 ) (1024 0 1280 ) 
4 62 64 (1136 528 128 ) (1136 1024 128 ) (1360 1024 128 ) (1360 528 128 ) 
4 62 65 (1360 0 128 ) (1136 0 128 ) (1136 512 128 ) (1360 512 128 ) 
4 62 63 (2048 0 128 ) (1360 0 128 ) (1360 1024 128 ) (2048 1024 128 ) 
4 62 66 (1136 0 128 ) (1024 0 128 ) (1024 1024 128 ) (1136 1024 128 ) 
4 63 74 (2048 0 32 ) (2048 0 128 ) (1360 0 128 ) (1360 0 32 ) 
4 63 67 (2048 0 32 ) (1360 0 32 ) (1360 512 32 ) (2048 512 32 ) 
4 63 64 (1360 1024 32 ) (1360 528 32 ) (1360 528 128 ) (1360 1024 128 ) 
4 63 65 (1360 512 32 ) (1360 0 32 ) (1360 0 128 ) (1360 512 128 ) 
4 64 66 (1136 1024 32 ) (1136 528 32 ) (1136 528 128 ) (1136 1024 128 ) 
4 65 74 (1360 0 128 ) (1136 0 128 ) (1136 0 32 ) (1360 0 32 ) 
4 65 67 (1360 0 32 ) (1136 0 32 ) (1136 512 32 ) (1360 512 32 ) 
4 65 66 (1136 512 32 ) (1136 0 32 ) (1136 0 128 ) (1136 512 128 ) 
4 66 74 (1136 0 128 ) (1024 0 128 ) (1024 0 32 ) (1136 0 32 ) 
4 66 69 (1024 1024 128 ) (1024 1024 32 ) (1024 0 32 ) (1024 0 128 ) 
4 66 67 (1136 0 32 ) (1024 0 32 ) (1024 512 32 ) (1136 512 32 ) 
4 67 74 (2048 0 -32 ) (2048 0 32 ) (1024 0 32 ) (1024 0 -32 ) 
4 67 73 (1024 0 -32 ) (1024 0 32 ) (1024 512 32 ) (1024 512 -32 ) 
4 68 157 (0 0 128 ) (0 0 256 ) (0 1024 256 ) (0 1024 128 ) 
4 68 156 (0 0 256 ) (0 0 1280 ) (0 1024 1280 ) (0 1024 256 ) 
4 68 75 (1024 0 128 ) (1024 0 1280 ) (0 0 1280 ) (0 0 128 ) 
4 68 70 (400 528 128 ) (400 1024 128 ) (624 1024 128 ) (624 528 128 ) 
4 68 71 (624 0 128 ) (400 0 128 ) (400 512 128 ) (624 512 128 ) 
4 68 69 (1024 1024 128 ) (1024 0 128 ) (624 0 128 ) (624 1024 128 ) 
4 68 72 (400 0 128 ) (0 0 128 ) (0 1024 128 ) (400 1024 128 ) 
4 69 75 (1024 0 32 ) (1024 0 128 ) (624 0 128 ) (624 0 32 ) 
4 69 73 (1024 512 32 ) (1024 0 32 ) (624 0 32 ) (624 512 32 ) 
4 69 70 (624 1024 32 ) (624 528 32 ) (624 528 128 ) (624 1024 128 ) 
4 69 71 (624 512 32 ) (624 0 32 ) (624 0 128 ) (624 512 128 ) 
4 70 72 (400 1024 32 ) (400 528 32 ) (400 528 128 ) (400 1024 128 ) 
4 71 75 (624 0 128 ) (400 0 128 ) (400 0 32 ) (624 0 32 ) 
4 71 73 (624 0 32 ) (400 0 32 ) (400 512 32 ) (624 512 32 ) 
4 71 72 (400 512 32 ) (400 0 32 ) (400 0 128 ) (400 512 128 ) 
4 72 157 (0 0 32 ) (0 0 128 ) (0 1024 128 ) (0 1024 32 ) 
4 72 75 (400 0 128 ) (0 0 128 ) (0 0 32 ) (400 0 32 ) 
4 72 73 (400 0 32 ) (0 0 32 ) (0 512 32 ) (400 512 32 ) 
4 73 159 (0 0 -32 ) (0 0 32 ) (0 512 32 ) (0 512 -32 ) 
4 73 75 (1024 0 -32 ) (1024 0 32 ) (0 0 32 ) (0 0 -32 ) 
4 74 90 (2048 -1024 -32 ) (2048 -1024 32 ) (1024 -1024 32 ) (1024 -1024 -32 ) 
4 74 87 (1392 -1024 128 ) (1168 -1024 128 ) (1168 -1024 32 ) (1392 -1024 32 ) 
4 74 86 (2048 -1024 32 ) (2048 -1024 128 ) (1392 -1024 128 ) (1392 -1024 32 ) 
4 74 89 (1168 -1024 128 ) (1024 -1024 128 ) (1024 -1024 32 ) (1168 -1024 32 ) 
4 74 85 (2048 -1024 128 ) (2048 -1024 1280 ) (1024 -1024 1280 ) (1024 -1024 128 ) 
4 74 75 (1024 0 1280 ) (1024 0 -32 ) (1024 -1024 -32 ) (1024 -1024 1280 ) 
4 75 160 (0 -1024 -32 ) (0 -1024 1280 ) (0 0 1280 ) (0 0 -32 ) 
4 75 96 (1024 -1024 -32 ) (1024 -1024 32 ) (0 -1024 32 ) (0 -1024 -32 ) 
4 75 93 (656 -1024 128 ) (432 -1024 128 ) (432 -1024 32 ) (656 -1024 32 ) 
4 75 92 (1024 -1024 32 ) (1024 -1024 128 ) (656 -1024 128 ) (656 -1024 32 ) 
4 75 95 (432 -1024 128 ) (0 -1024 128 ) (0 -1024 32 ) (432 -1024 32 ) 
4 75 91 (1024 -1024 128 ) (1024 -1024 1280 ) (0 -1024 1280 ) (0 -1024 128 ) 
4 76 85 (2048 -1024 1280 ) (2048 -1024 256 ) (2048 -2048 256 ) (2048 -2048 1280 ) 
4 76 81 (2176 -2048 256 ) (2176 -2048 704 ) (2048 -2048 704 ) (2048 -2048 256 ) 
4 76 80 (2176 -2048 704 ) (2176 -2048 1280 ) (2048 -2048 1280 ) (2048 -2048 704 ) 
4 76 77 (2080 -1024 256 ) (2176 -1024 256 ) (2176 -1536 256 ) (2080 -1536 256 ) 
4 76 78 (2048 -2048 256 ) (2048 -1024 256 ) (2080 -1024 256 ) (2080 -2048 256 ) 
4 77 79 (2080 -1024 32 ) (2176 -1024 32 ) (2176 -1536 32 ) (2080 -1536 32 ) 
4 77 78 (2080 -1024 32 ) (2080 -1536 32 ) (2080 -1536 256 ) (2080 -1024 256 ) 
4 78 86 (2048 -1024 128 ) (2048 -1024 32 ) (2048 -2048 32 ) (2048 -2048 128 ) 
4 78 85 (2048 -1024 256 ) (2048 -1024 128 ) (2048 -2048 128 ) (2048 -2048 256 ) 
4 78 83 (2080 -2048 256 ) (2048 -2048 256 ) (2048 -2048 32 ) (2080 -2048 32 ) 
4 78 79 (2048 -1024 32 ) (2080 -1024 32 ) (2080 -1536 32 ) (2048 -1536 32 ) 
4 79 90 (2048 -1024 32 ) (2048 -1024 -32 ) (2048 -1536 -32 ) (2048 -1536 32 ) 
4 80 141 (2176 -3072 704 ) (2176 -3072 1280 ) (2048 -3072 1280 ) (2048 -3072 704 ) 
4 80 97 (2048 -3072 704 ) (2048 -3072 1280 ) (2048 -2048 1280 ) (2048 -2048 704 ) 
4 80 82 (2048 -2848 704 ) (2048 -2272 704 ) (2176 -2272 704 ) (2176 -2848 704 ) 
4 80 81 (2048 -2272 704 ) (2048 -2048 704 ) (2176 -2048 704 ) (2176 -2272 704 ) 
4 81 100 (2048 -2048 288 ) (2048 -2048 256 ) (2048 -2272 256 ) (2048 -2272 288 ) 
4 81 98 (2048 -2272 704 ) (2048 -2048 704 ) (2048 -2048 288 ) (2048 -2272 288 ) 
4 81 83 (2080 -2272 256 ) (2048 -2272 256 ) (2048 -2048 256 ) (2080 -2048 256 ) 
4 81 82 (2176 -2272 288 ) (2176 -2272 704 ) (2048 -2272 704 ) (2048 -2272 288 ) 
4 82 98 (2048 -2848 704 ) (2048 -2272 704 ) (2048 -2272 288 ) (2048 -2848 288 ) 
4 83 106 (2048 -2272 32 ) (2048 -2272 160 ) (2048 -2048 160 ) (2048 -2048 32 ) 
4 83 105 (2048 -2272 160 ) (2048 -2272 256 ) (2048 -2048 256 ) (2048 -2048 160 ) 
4 84 111 (2048 -2816 256 ) (2048 -2656 256 ) (2048 -2656 32 ) (2048 -2816 32 ) 
4 84 109 (2048 -2656 256 ) (2048 -2464 256 ) (2048 -2464 32 ) (2048 -2656 32 ) 
4 84 108 (2048 -2464 256 ) (2048 -2288 256 ) (2048 -2288 32 ) (2048 -2464 32 ) 
4 85 117 (1088 -2048 256 ) (1024 -2048 256 ) (1024 -2048 128 ) (1088 -2048 128 ) 
4 85 114 (1280 -2048 256 ) (1088 -2048 256 ) (1088 -2048 128 ) (1280 -2048 128 ) 
4 85 113 (1536 -2048 256 ) (1280 -2048 256 ) (1280 -2048 128 ) (1536 -2048 128 ) 
4 85 106 (2048 -2048 128 ) (2048 -2048 160 ) (1536 -2048 160 ) (1536 -2048 128 ) 
4 85 105 (2048 -2048 160 ) (2048 -2048 256 ) (1536 -2048 256 ) (1536 -2048 160 ) 
4 85 103 (1280 -2048 288 ) (1024 -2048 288 ) (1024 -2048 256 ) (1280 -2048 256 ) 
4 85 101 (1536 -2048 288 ) (1280 -2048 288 ) (1280 -2048 256 ) (1536 -2048 256 ) 
4 85 100 (2048 -2048 256 ) (2048 -2048 288 ) (1536 -2048 288 ) (1536 -2048 256 ) 
4 85 98 (2048 -2048 288 ) (2048 -2048 704 ) (1536 -2048 704 ) (1536 -2048 288 ) 
4 85 99 (1536 -2048 704 ) (1024 -2048 704 ) (1024 -2048 288 ) (1536 -2048 288 ) 
4 85 97 (2048 -2048 704 ) (2048 -2048 1280 ) (1024 -2048 1280 ) (1024 -2048 704 ) 
4 85 91 (1024 -1024 1280 ) (1024 -1024 128 ) (1024 -2048 128 ) (1024 -2048 1280 ) 
4 85 87 (1168 -1536 128 ) (1168 -1024 128 ) (1392 -1024 128 ) (1392 -1536 128 ) 
4 85 88 (1392 -2048 128 ) (1168 -2048 128 ) (1168 -1552 128 ) (1392 -1552 128 ) 
4 85 86 (2048 -2048 128 ) (1392 -2048 128 ) (1392 -1024 128 ) (2048 -1024 128 ) 
4 85 89 (1168 -2048 128 ) (1024 -2048 128 ) (1024 -1024 128 ) (1168 -1024 128 ) 
4 86 113 (1536 -2048 128 ) (1392 -2048 128 ) (1392 -2048 32 ) (1536 -2048 32 ) 
4 86 106 (2048 -2048 32 ) (2048 -2048 128 ) (1536 -2048 128 ) (1536 -2048 32 ) 
4 86 90 (1392 -1536 32 ) (1392 -1024 32 ) (2048 -1024 32 ) (2048 -1536 32 ) 
4 86 87 (1392 -1024 32 ) (1392 -1536 32 ) (1392 -1536 128 ) (1392 -1024 128 ) 
4 86 88 (1392 -1552 32 ) (1392 -2048 32 ) (1392 -2048 128 ) (1392 -1552 128 ) 
4 87 90 (1168 -1536 32 ) (1168 -1024 32 ) (1392 -1024 32 ) (1392 -1536 32 ) 
4 87 89 (1168 -1024 32 ) (1168 -1536 32 ) (1168 -1536 128 ) (1168 -1024 128 ) 
4 88 114 (1280 -2048 128 ) (1168 -2048 128 ) (1168 -2048 32 ) (1280 -2048 32 ) 
4 88 113 (1392 -2048 128 ) (1280 -2048 128 ) (1280 -2048 32 ) (1392 -2048 32 ) 
4 88 89 (1168 -1552 32 ) (1168 -2048 32 ) (1168 -2048 128 ) (1168 -1552 128 ) 
4 89 117 (1088 -2048 128 ) (1024 -2048 128 ) (1024 -2048 32 ) (1088 -2048 32 ) 
4 89 114 (1168 -2048 128 ) (1088 -2048 128 ) (1088 -2048 32 ) (1168 -2048 32 ) 
4 89 92 (1024 -1024 128 ) (1024 -1024 32 ) (1024 -2048 32 ) (1024 -2048 128 ) 
4 89 90 (1024 -1536 32 ) (1024 -1024 32 ) (1168 -1024 32 ) (1168 -1536 32 ) 
4 90 96 (1024 -1024 32 ) (1024 -1024 -32 ) (1024 -1536 -32 ) (1024 -1536 32 ) 
4 91 162 (0 -2048 128 ) (0 -2048 256 ) (0 -1024 256 ) (0 -1024 128 ) 
4 91 161 (0 -2048 256 ) (0 -2048 1280 ) (0 -1024 1280 ) (0 -1024 256 ) 
4 91 135 (96 -2048 128 ) (256 -2048 128 ) (256 -2048 160 ) (96 -2048 160 ) 
4 91 136 (0 -2048 160 ) (0 -2048 128 ) (96 -2048 128 ) (96 -2048 160 ) 
4 91 134 (256 -2048 256 ) (0 -2048 256 ) (0 -2048 160 ) (256 -2048 160 ) 
4 91 133 (512 -2048 256 ) (256 -2048 256 ) (256 -2048 128 ) (512 -2048 128 ) 
4 91 129 (704 -2048 256 ) (512 -2048 256 ) (512 -2048 128 ) (704 -2048 128 ) 
4 91 127 (1024 -2048 128 ) (1024 -2048 256 ) (704 -2048 256 ) (704 -2048 128 ) 
4 91 126 (256 -2048 288 ) (0 -2048 288 ) (0 -2048 256 ) (256 -2048 256 ) 
4 91 124 (512 -2048 288 ) (256 -2048 288 ) (256 -2048 256 ) (512 -2048 256 ) 
4 91 122 (1024 -2048 256 ) (1024 -2048 288 ) (512 -2048 288 ) (512 -2048 256 ) 
4 91 121 (256 -2048 704 ) (0 -2048 704 ) (0 -2048 288 ) (256 -2048 288 ) 
4 91 120 (1024 -2048 288 ) (1024 -2048 704 ) (256 -2048 704 ) (256 -2048 288 ) 
4 91 119 (1024 -2048 704 ) (1024 -2048 1280 ) (0 -2048 1280 ) (0 -2048 704 ) 
4 91 93 (432 -1536 128 ) (432 -1024 128 ) (656 -1024 128 ) (656 -1536 128 ) 
4 91 94 (656 -2048 128 ) (432 -2048 128 ) (432 -1552 128 ) (656 -1552 128 ) 
4 91 92 (1024 -1024 128 ) (1024 -2048 128 ) (656 -2048 128 ) (656 -1024 128 ) 
4 91 95 (432 -2048 128 ) (0 -2048 128 ) (0 -1024 128 ) (432 -1024 128 ) 
4 92 129 (704 -2048 128 ) (656 -2048 128 ) (656 -2048 32 ) (704 -2048 32 ) 
4 92 127 (1024 -2048 32 ) (1024 -2048 128 ) (704 -2048 128 ) (704 -2048 32 ) 
4 92 96 (1024 -1024 32 ) (1024 -1536 32 ) (656 -1536 32 ) (656 -1024 32 ) 
4 92 93 (656 -1024 32 ) (656 -1536 32 ) (656 -1536 128 ) (656 -1024 128 ) 
4 92 94 (656 -1552 32 ) (656 -2048 32 ) (656 -2048 128 ) (656 -1552 128 ) 
4 93 96 (432 -1536 32 ) (432 -1024 32 ) (656 -1024 32 ) (656 -1536 32 ) 
4 93 95 (432 -1024 32 ) (432 -1536 32 ) (432 -1536 128 ) (432 -1024 128 ) 
4 94 133 (512 -2048 128 ) (432 -2048 128 ) (432 -2048 32 ) (512 -2048 32 ) 
4 94 129 (656 -2048 128 ) (512 -2048 128 ) (512 -2048 32 ) (656 -2048 32 ) 
4 94 95 (432 -1552 32 ) (432 -2048 32 ) (432 -2048 128 ) (432 -1552 128 ) 
4 95 162 (0 -2048 32 ) (0 -2048 128 ) (0 -1024 128 ) (0 -1024 32 ) 
4 95 135 (256 -2048 128 ) (96 -2048 128 ) (96 -2048 32 ) (256 -2048 32 ) 
4 95 136 (96 -2048 128 ) (0 -2048 128 ) (0 -2048 32 ) (96 -2048 32 ) 
4 95 133 (432 -2048 128 ) (256 -2048 128 ) (256 -2048 32 ) (432 -2048 32 ) 
4 95 96 (0 -1536 32 ) (0 -1024 32 ) (432 -1024 32 ) (432 -1536 32 ) 
4 96 164 (0 -1536 -32 ) (0 -1536 32 ) (0 -1024 32 ) (0 -1024 -32 ) 
4 97 142 (2048 -3072 704 ) (2048 -3072 1280 ) (1024 -3072 1280 ) (1024 -3072 704 ) 
4 97 119 (1024 -2048 1280 ) (1024 -2048 704 ) (1024 -3072 704 ) (1024 -3072 1280 ) 
4 97 98 (1536 -2048 704 ) (2048 -2048 704 ) (2048 -2848 704 ) (1536 -2848 704 ) 
4 97 99 (1024 -2048 704 ) (1536 -2048 704 ) (1536 -3072 704 ) (1024 -3072 704 ) 
4 98 100 (1536 -2272 288 ) (1536 -2048 288 ) (2048 -2048 288 ) (2048 -2272 288 ) 
4 98 99 (1536 -2048 288 ) (1536 -2848 288 ) (1536 -2848 704 ) (1536 -2048 704 ) 
4 99 143 (1536 -3072 704 ) (1280 -3072 704 ) (1280 -3072 288 ) (1536 -3072 288 ) 
4 99 144 (1280 -3072 704 ) (1024 -3072 704 ) (1024 -3072 288 ) (1280 -3072 288 ) 
4 99 120 (1024 -2048 704 ) (1024 -2048 288 ) (1024 -3072 288 ) (1024 -3072 704 ) 
4 99 103 (1024 -2176 288 ) (1024 -2048 288 ) (1280 -2048 288 ) (1280 -2176 288 ) 
4 99 104 (1280 -3072 288 ) (1024 -3072 288 ) (1024 -2192 288 ) (1280 -2192 288 ) 
4 99 102 (1280 -2816 288 ) (1280 -2192.004639 288 ) (1536 -2288.004639 288 ) (1536 -2816 288 ) 
4 99 101 (1280 -2176 288 ) (1280 -2048 288 ) (1536 -2048 288 ) (1536 -2272 288 ) 
4 100 105 (1536 -2048 256 ) (2048 -2048 256 ) (2048 -2272 256 ) (1536 -2272 256 ) 
4 100 101 (1536 -2048 256 ) (1536 -2272 256 ) (1536 -2272 288 ) (1536 -2048 288 ) 
4 101 113 (1280 -2048 256 ) (1536 -2048 256 ) (1536 -2272 256 ) (1280 -2176 256 ) 
4 101 103 (1280 -2048 256 ) (1280 -2176 256 ) (1280 -2176 288 ) (1280 -2048 288 ) 
4 102 112 (1536 -2288.004639 256 ) (1536 -2816 256 ) (1280 -2816 256 ) (1280 -2192.004639 256 ) 
4 102 104 (1280 -2192.004639 256 ) (1280 -2816 256 ) (1280 -2816 288 ) (1280 -2192.004639 288 ) 
4 103 122 (1024 -2048 288 ) (1024 -2048 256 ) (1024 -2176 256 ) (1024 -2176 288 ) 
4 103 117 (1024 -2048 256 ) (1088 -2048 256 ) (1088 -2176 256 ) (1024 -2176 256 ) 
4 103 114 (1088 -2048 256 ) (1280 -2048 256 ) (1280 -2176 256 ) (1088 -2176 256 ) 
4 104 144 (1280 -3072 288 ) (1024 -3072 288 ) (1024 -3072 256 ) (1280 -3072 256 ) 
4 104 123 (1024 -2192 256 ) (1024 -3072 256 ) (1024 -3072 288 ) (1024 -2192 288 ) 
4 104 118 (1088 -3072 256 ) (1024 -3072 256 ) (1024 -2192 256 ) (1088 -2192 256 ) 
4 104 116 (1280 -2192 256 ) (1280 -3072 256 ) (1088 -3072 256 ) (1088 -2192 256 ) 
4 105 113 (1536 -2272 256 ) (1536 -2048 256 ) (1536 -2048 160 ) (1536 -2272 160 ) 
4 105 106 (1536 -2272 160 ) (1536 -2048 160 ) (2048 -2048 160 ) (2048 -2272 160 ) 
4 106 113 (1536 -2048 32 ) (1536 -2272 32 ) (1536 -2272 160 ) (1536 -2048 160 ) 
4 106 107 (1920 -2272 160 ) (1728 -2272 160 ) (1728 -2272 32 ) (1920 -2272 32 ) 
4 107 108 (1728 -2288 32 ) (1920 -2288 32 ) (1920 -2288 160 ) (1728 -2288 160 ) 
4 108 109 (1552 -2464 32 ) (2048 -2464 32 ) (2048 -2464 256 ) (1552 -2464 256 ) 
4 109 111 (1552 -2656 32 ) (2048 -2656 32 ) (2048 -2656 256 ) (1552 -2656 256 ) 
4 109 110 (1552 -2464 160 ) (1552 -2464 32 ) (1552 -2656 32 ) (1552 -2656 160 ) 
4 110 112 (1536 -2464 32 ) (1536 -2656 32 ) (1536 -2656 160 ) (1536 -2464 160 ) 
4 112 116 (1280 -2192.004639 32 ) (1280 -2816 32 ) (1280 -2816 256 ) (1280 -2192.004639 256 ) 
4 113 114 (1280 -2048 32 ) (1280 -2176 32 ) (1280 -2176 256 ) (1280 -2048 256 ) 
4 114 117 (1088 -2048 32 ) (1088 -2176 32 ) (1088 -2176 256 ) (1088 -2048 256 ) 
4 114 115 (1088 -2176 160 ) (1088 -2176 32 ) (1280 -2176 32 ) (1280 -2176 160 ) 
4 115 116 (1088 -2192 160 ) (1088 -2192 32 ) (1280 -2192 32 ) (1280 -2192 160 ) 
4 116 118 (1088 -2192 32 ) (1088 -3072 32 ) (1088 -3072 256 ) (1088 -2192 256 ) 
4 117 127 (1024 -2048 256 ) (1024 -2048 32 ) (1024 -2176 32 ) (1024 -2176 256 ) 
4 118 128 (1024 -2192 32 ) (1024 -3072 32 ) (1024 -3072 256 ) (1024 -2192 256 ) 
4 119 165 (0 -3072 704 ) (0 -3072 1280 ) (0 -2048 1280 ) (0 -2048 704 ) 
4 119 145 (0 -3072 1280 ) (0 -3072 704 ) (1024 -3072 704 ) (1024 -3072 1280 ) 
4 119 121 (0 -2848 704 ) (0 -2048 704 ) (256 -2048 704 ) (256 -2848 704 ) 
4 119 120 (256 -2048 704 ) (1024 -2048 704 ) (1024 -3072 704 ) (256 -3072 704 ) 
4 120 147 (256 -3072 288 ) (512 -3072 288 ) (512 -3072 704 ) (256 -3072 704 ) 
4 120 146 (512 -3072 288 ) (1024 -3072 288 ) (1024 -3072 704 ) (512 -3072 704 ) 
4 120 125 (256 -2816 288 ) (256 -2288 288 ) (512 -2192 288 ) (512 -2816 288 ) 
4 120 124 (256 -2272 288 ) (256 -2048 288 ) (512 -2048 288 ) (512 -2176 288 ) 
4 120 122 (512 -2176 288 ) (512 -2048 288 ) (1024 -2048 288 ) (1024 -2176 288 ) 
4 120 123 (1024 -3072 288 ) (512 -3072 288 ) (512 -2192 288 ) (1024 -2192 288 ) 
4 120 121 (256 -2048 288 ) (256 -2848 288 ) (256 -2848 704 ) (256 -2048 704 ) 
4 121 167 (0 -2848 704 ) (0 -2272 704 ) (0 -2272 288 ) (0 -2848 288 ) 
4 121 166 (0 -2272 704 ) (0 -2048 704 ) (0 -2048 288 ) (0 -2272 288 ) 
4 121 126 (0 -2272 288 ) (0 -2048 288 ) (256 -2048 288 ) (256 -2272 288 ) 
4 122 129 (512 -2048 256 ) (704 -2048 256 ) (704 -2176 256 ) (512 -2176 256 ) 
4 122 127 (704 -2048 256 ) (1024 -2048 256 ) (1024 -2176 256 ) (704 -2176 256 ) 
4 122 124 (512 -2048 256 ) (512 -2176 256 ) (512 -2176 288 ) (512 -2048 288 ) 
4 123 146 (512 -3072 256 ) (1024 -3072 256 ) (1024 -3072 288 ) (512 -3072 288 ) 
4 123 131 (704 -3072 256 ) (512 -3072 256 ) (512 -2192 256 ) (704 -2192 256 ) 
4 123 128 (1024 -2192 256 ) (1024 -3072 256 ) (704 -3072 256 ) (704 -2192 256 ) 
4 123 125 (512 -2192 256 ) (512 -2816 256 ) (512 -2816 288 ) (512 -2192 288 ) 
4 124 133 (256 -2048 256 ) (512 -2048 256 ) (512 -2176 256 ) (256 -2272 256 ) 
4 124 126 (256 -2048 256 ) (256 -2272 256 ) (256 -2272 288 ) (256 -2048 288 ) 
4 125 132 (512 -2192 256 ) (512 -2816 256 ) (256 -2816 256 ) (256 -2288 256 ) 
4 126 166 (0 -2272 288 ) (0 -2048 288 ) (0 -2048 256 ) (0 -2272 256 ) 
4 126 134 (0 -2272 256 ) (0 -2048 256 ) (256 -2048 256 ) (256 -2272 256 ) 
4 127 129 (704 -2048 32 ) (704 -2176 32 ) (704 -2176 256 ) (704 -2048 256 ) 
4 128 131 (704 -2192 32 ) (704 -3072 32 ) (704 -3072 256 ) (704 -2192 256 ) 
4 129 133 (512 -2048 32 ) (512 -2176 32 ) (512 -2176 256 ) (512 -2048 256 ) 
4 129 130 (512 -2176 160 ) (512 -2176 32 ) (704 -2176 32 ) (704 -2176 160 ) 
4 130 131 (512 -2192 160 ) (512 -2192 32 ) (704 -2192 32 ) (704 -2192 160 ) 
4 131 132 (512 -2192 32 ) (512 -2816 32 ) (512 -2816 256 ) (512 -2192 256 ) 
4 132 138 (256 -2448 32 ) (256 -2640 32 ) (256 -2640 160 ) (256 -2448 160 ) 
4 133 135 (256 -2048 32 ) (256 -2272 32 ) (256 -2272 160 ) (256 -2048 160 ) 
4 133 134 (256 -2272 160 ) (256 -2272 256 ) (256 -2048 256 ) (256 -2048 160 ) 
4 134 168 (0 -2272 256 ) (0 -2048 256 ) (0 -2048 160 ) (0 -2272 160 ) 
4 134 135 (96 -2048 160 ) (256 -2048 160 ) (256 -2272 160 ) (96 -2272 160 ) 
4 134 136 (0 -2272 160 ) (0 -2048 160 ) (96 -2048 160 ) (96 -2272 160 ) 
4 135 136 (96 -2048 32 ) (96 -2272 32 ) (96 -2272 160 ) (96 -2048 160 ) 
4 136 169 (0 -2272 32 ) (0 -2288 32 ) (0 -2288 160 ) (0 -2272 160 ) 
4 136 168 (0 -2048 160 ) (0 -2048 32 ) (0 -2272 32 ) (0 -2272 160 ) 
4 136 137 (0 -2288 32 ) (96 -2288 32 ) (96 -2288 160 ) (0 -2288 160 ) 
4 137 170 (0 -2448 256 ) (0 -2288 256 ) (0 -2288 32 ) (0 -2448 32 ) 
4 137 139 (0 -2448 32 ) (240 -2448 32 ) (240 -2448 256 ) (0 -2448 256 ) 
4 138 139 (240 -2448 160 ) (240 -2448 32 ) (240 -2640 32 ) (240 -2640 160 ) 
4 139 170 (0 -2640 256 ) (0 -2448 256 ) (0 -2448 32 ) (0 -2640 32 ) 
4 139 140 (0 -2640 32 ) (240 -2640 32 ) (240 -2640 256 ) (0 -2640 256 ) 
4 140 170 (0 -2816 256 ) (0 -2640 256 ) (0 -2640 32 ) (0 -2816 32 ) 
4 141 142 (2048 -3072 1280 ) (2048 -3072 704 ) (2048 -3104 704 ) (2048 -3104 1280 ) 
4 142 145 (1024 -3104 704 ) (1024 -3104 1280 ) (1024 -3072 1280 ) (1024 -3072 704 ) 
4 142 143 (1536 -3104 704 ) (1280 -3104 704 ) (1280 -3072 704 ) (1536 -3072 704 ) 
4 142 144 (1280 -3104 704 ) (1024 -3104 704 ) (1024 -3072 704 ) (1280 -3072 704 ) 
4 143 144 (1280 -3104 288 ) (1280 -3104 704 ) (1280 -3072 704 ) (1280 -3072 288 ) 
4 144 146 (1024 -3104 256 ) (1024 -3104 704 ) (1024 -3072 704 ) (1024 -3072 256 ) 
4 145 171 (0 -3104 704 ) (0 -3104 1280 ) (0 -3072 1280 ) (0 -3072 704 ) 
4 145 147 (512 -3104 704 ) (256 -3104 704 ) (256 -3072 704 ) (512 -3072 704 ) 
4 145 146 (1024 -3104 704 ) (512 -3104 704 ) (512 -3072 704 ) (1024 -3072 704 ) 
4 146 147 (512 -3104 288 ) (512 -3104 704 ) (512 -3072 704 ) (512 -3072 288 ) 
4 148 149 (0 2048 704 ) (0 2048 1280 ) (-384 2048 1280 ) (-384 2048 704 ) 
4 149 156 (0 1024 704 ) (0 1024 1280 ) (-384 1024 1280 ) (-384 1024 704 ) 
4 149 150 (-384 1248 704 ) (-384 1824 704 ) (0 1824 704 ) (0 1248 704 ) 
4 149 151 (-384 1024 704 ) (-384 1248 704 ) (0 1248 704 ) (0 1024 704 ) 
4 150 151 (0 1248 288 ) (0 1248 704 ) (-384 1248 704 ) (-384 1248 288 ) 
4 151 156 (0 1024 256 ) (0 1024 704 ) (-384 1024 704 ) (-384 1024 256 ) 
4 151 155 (0 1024 256 ) (-288 1024 256 ) (-288 1248 256 ) (0 1248 256 ) 
4 152 154 (-288 1264 160 ) (-288 1792 160 ) (-128 1792 160 ) (-128 1264 160 ) 
4 152 153 (-128 1792 160 ) (0 1792 160 ) (0 1264 160 ) (-128 1264 160 ) 
4 153 155 (-128 1248 32 ) (0 1248 32 ) (0 1248 160 ) (-128 1248 160 ) 
4 153 154 (-128 1792 160 ) (-128 1792 32 ) (-128 1264 32 ) (-128 1264 160 ) 
4 155 157 (0 1024 32 ) (0 1024 256 ) (-288 1024 256 ) (-288 1024 32 ) 
4 156 160 (0 0 256 ) (0 0 1280 ) (-384 0 1280 ) (-384 0 256 ) 
4 156 158 (-288 0 256 ) (-384 0 256 ) (-384 512 256 ) (-288 512 256 ) 
4 156 157 (0 0 256 ) (-288 0 256 ) (-288 1024 256 ) (0 1024 256 ) 
4 157 160 (0 0 32 ) (0 0 256 ) (-288 0 256 ) (-288 0 32 ) 
4 157 159 (0 512 32 ) (0 0 32 ) (-288 0 32 ) (-288 512 32 ) 
4 157 158 (-288 512 32 ) (-288 0 32 ) (-288 0 256 ) (-288 512 256 ) 
4 158 160 (-288 0 256 ) (-384 0 256 ) (-384 0 32 ) (-288 0 32 ) 
4 158 159 (-384 0 32 ) (-384 512 32 ) (-288 512 32 ) (-288 0 32 ) 
4 159 160 (0 0 -32 ) (0 0 32 ) (-384 0 32 ) (-384 0 -32 ) 
4 160 164 (0 -1024 -32 ) (0 -1024 32 ) (-384 -1024 32 ) (-384 -1024 -32 ) 
4 160 163 (-288 -1024 256 ) (-384 -1024 256 ) (-384 -1024 32 ) (-288 -1024 32 ) 
4 160 162 (0 -1024 32 ) (0 -1024 256 ) (-288 -1024 256 ) (-288 -1024 32 ) 
4 160 161 (0 -1024 256 ) (0 -1024 1280 ) (-384 -1024 1280 ) (-384 -1024 256 ) 
4 161 166 (0 -2048 256 ) (0 -2048 704 ) (-384 -2048 704 ) (-384 -2048 256 ) 
4 161 165 (0 -2048 704 ) (0 -2048 1280 ) (-384 -2048 1280 ) (-384 -2048 704 ) 
4 161 163 (-384 -1536 256 ) (-384 -1024 256 ) (-288 -1024 256 ) (-288 -1536 256 ) 
4 161 162 (0 -2048 256 ) (-288 -2048 256 ) (-288 -1024 256 ) (0 -1024 256 ) 
4 162 168 (0 -2048 32 ) (0 -2048 256 ) (-288 -2048 256 ) (-288 -2048 32 ) 
4 162 164 (-288 -1024 32 ) (0 -1024 32 ) (0 -1536 32 ) (-288 -1536 32 ) 
4 162 163 (-288 -1024 32 ) (-288 -1536 32 ) (-288 -1536 256 ) (-288 -1024 256 ) 
4 163 164 (-384 -1536 32 ) (-384 -1024 32 ) (-288 -1024 32 ) (-288 -1536 32 ) 
4 165 171 (0 -3072 704 ) (0 -3072 1280 ) (-384 -3072 1280 ) (-384 -3072 704 ) 
4 165 167 (-384 -2848 704 ) (-384 -2272 704 ) (0 -2272 704 ) (0 -2848 704 ) 
4 165 166 (-384 -2272 704 ) (-384 -2048 704 ) (0 -2048 704 ) (0 -2272 704 ) 
4 166 168 (-288 -2048 256 ) (0 -2048 256 ) (0 -2272 256 ) (-288 -2272 256 ) 
4 166 167 (0 -2272 288 ) (0 -2272 704 ) (-384 -2272 704 ) (-384 -2272 288 ) 
4 168 169 (-96 -2272 32 ) (0 -2272 32 ) (0 -2272 160 ) (-96 -2272 160 ) 
4 169 170 (-96 -2288 32 ) (0 -2288 32 ) (0 -2288 160 ) (-96 -2288 160 ) 
