PRT1
237
905
4 0 2 (5696 5120 -192 ) (5696 5120 1536 ) (5120 5120 1536 ) (5120 5120 -192 ) 
4 0 1 (5120 5120 -192 ) (5120 5120 1536 ) (5120 5312 1536 ) (5120 5312 -192 ) 
4 1 4 (4096 5120 -192 ) (4096 5120 1536 ) (4096 5312 1536 ) (4096 5312 -192 ) 
4 1 3 (5120 5120 -192 ) (5120 5120 1536 ) (4096 5120 1536 ) (4096 5120 -192 ) 
4 2 8 (5696 4096 -192 ) (5696 4096 1536 ) (5120 4096 1536 ) (5120 4096 -192 ) 
4 2 3 (5120 5120 1536 ) (5120 5120 -192 ) (5120 4096 -192 ) (5120 4096 1536 ) 
4 3 96 (4670 4096 1536 ) (4654 4096 1536 ) (4654 4096 -192 ) (4670 4096 -192 ) 
4 3 95 (4684 4096 1536 ) (4670 4096 1536 ) (4670 4096 -192 ) (4684 4096 -192 ) 
4 3 102 (4654 4096 1536 ) (4096 4096 1536 ) (4096 4096 -192 ) (4654 4096 -192 ) 
4 3 66 (4700 4096 1536 ) (4684 4096 1536 ) (4684 4096 -171 ) (4700 4096 -171 ) 
4 3 65 (4746 4096 1536 ) (4700 4096 1536 ) (4700 4096 -171 ) (4746 4096 -171 ) 
4 3 94 (4684 4096 -171 ) (4684 4096 -192 ) (4746 4096 -192 ) (4746 4096 -171 ) 
4 3 27 (4756 4096 201.161621 ) (4756 4096 -192 ) (4772 4096 -192 ) (4772 4096 286.734283 ) 
4 3 25 (4772 4096 1536 ) (4756 4096 1536 ) (4756 4096 201.161621 ) (4772 4096 286.734283 ) 
4 3 24 (4786 4096 1536 ) (4772 4096 1536 ) (4772 4096 -192 ) (4786 4096 -192 ) 
4 3 32 (4756 4096 1536 ) (4746 4096 1536 ) (4746 4096 -192 ) (4756 4096 -192 ) 
4 3 10 (4802 4096 1536 ) (4786 4096 1536 ) (4786 4096 -192 ) (4802 4096 -192 ) 
4 3 9 (5120 4096 -192 ) (5120 4096 1536 ) (4802 4096 1536 ) (4802 4096 -192 ) 
4 3 5 (4096 4096 -192 ) (4096 4096 1536 ) (4096 5120 1536 ) (4096 5120 -192 ) 
4 4 6 (3072 5120 -192 ) (3072 5120 1536 ) (3072 5312 1536 ) (3072 5312 -192 ) 
4 4 5 (4096 5120 -192 ) (4096 5120 1536 ) (3072 5120 1536 ) (3072 5120 -192 ) 
4 5 124 (4096 4096 -192 ) (4096 4096 1536 ) (3072 4096 1536 ) (3072 4096 -192 ) 
4 5 7 (3072 4096 -192 ) (3072 4096 1536 ) (3072 5120 1536 ) (3072 5120 -192 ) 
4 6 7 (3072 5120 -192 ) (3072 5120 1536 ) (2176 5120 1536 ) (2176 5120 -192 ) 
4 7 231 (3072 4096 -192 ) (3072 4096 -178 ) (2176 4096 -178 ) (2176 4096 -192 ) 
4 7 186 (2882 4096 1536 ) (2866 4096 1536 ) (2866 4096 -178 ) (2882 4096 -178 ) 
4 7 185 (2963 4096 1536 ) (2882 4096 1536 ) (2882 4096 -178 ) (2963 4096 -178 ) 
4 7 191 (2866 4096 1536 ) (2176 4096 1536 ) (2176 4096 -178 ) (2866 4096 -178 ) 
4 7 173 (2968 4096 230.696899 ) (2968 4096 -178 ) (2984 4096 -178 ) (2984 4096 316.269409 ) 
4 7 171 (2984 4096 1536 ) (2968 4096 1536 ) (2968 4096 230.696899 ) (2984 4096 316.269409 ) 
4 7 178 (2968 4096 1536 ) (2963 4096 1536 ) (2963 4096 -178 ) (2968 4096 -178 ) 
4 7 163 (3015 4096 1536 ) (2999 4096 1536 ) (2999 4096 -178 ) (3015 4096 -178 ) 
4 7 170 (2999 4096 1536 ) (2984 4096 1536 ) (2984 4096 -178 ) (2999 4096 -178 ) 
4 7 133 (3072 4096 -178 ) (3072 4096 1536 ) (3015 4096 1536 ) (3015 4096 -178 ) 
4 8 120 (5696 3072 -192 ) (5696 3072 1536 ) (5120 3072 1536 ) (5120 3072 -192 ) 
4 8 53 (5120 3662 251.785767 ) (5120 3662 157.056122 ) (5120 3642.247314 -99.177582 ) (5120 3510.745850 -63.931763 ) 
4 8 51 (5120 3642.247314 -99.177582 ) (5120 3635.091797 -192 ) (5120 3449.390869 -192 ) (5120 3510.745850 -63.931763 ) 
3 8 50 (5120 3662 157.056122 ) (5120 3662 -192 ) (5120 3635.091797 -192 ) 
5 8 49 (5120 3072 -192 ) (5120 3072 1536 ) (5120 3662 1536 ) (5120 3662 251.785767 ) (5120 3449.390869 -192 ) 
4 8 40 (5120 3662 1536 ) (5120 3700 1536 ) (5120 3700 -192 ) (5120 3662 -192 ) 
5 8 21 (5120 3728 251.407379 ) (5120 3728 -70.234131 ) (5120 3712 -70.234138 ) (5120 3712 251.406128 ) (5120 3720 294.192505 ) 
4 8 19 (5120 3728 -70.234131 ) (5120 3728 -192 ) (5120 3712 -192 ) (5120 3712 -70.234138 ) 
3 8 18 (5120 3728 336.977539 ) (5120 3728 251.407379 ) (5120 3720 294.192505 ) 
4 8 17 (5120 3712 1536 ) (5120 3728 1536 ) (5120 3728 336.977539 ) (5120 3712 251.406128 ) 
4 8 23 (5120 3700 1536 ) (5120 3712 1536 ) (5120 3712 -192 ) (5120 3700 -192 ) 
4 8 9 (5120 3728 1536 ) (5120 4096 1536 ) (5120 4096 -192 ) (5120 3728 -192 ) 
4 9 21 (5120 3728 -70.234146 ) (5120 3728 251.407501 ) (4824.589844 3728 172.228790 ) (4905 3728 -127.858917 ) 
3 9 20 (4809.140137 3728 168.087784 ) (4831.467773 3728 -147.567154 ) (4889.549316 3728 -132 ) 
4 9 19 (4834.610840 3728 -192 ) (5120 3728 -192 ) (5120 3728 -70.234146 ) (4831.467773 3728 -147.567154 ) 
4 9 18 (5120 3728 251.407501 ) (5120 3728 336.977661 ) (4803.199707 3728 252.065887 ) (4809.140137 3728 168.087784 ) 
5 9 17 (5120 3728 336.977661 ) (5120 3728 1536 ) (4802 3728 1536 ) (4802 3728 269.024658 ) (4803.199707 3728 252.065887 ) 
3 9 16 (4802 3728 -192 ) (4834.610840 3728 -192 ) (4802 3728 269.024658 ) 
3 9 14 (4802 3763 113.671539 ) (4802 3771 155 ) (4802 3779 113.671516 ) 
3 9 13 (4802 3771 155 ) (4802 3779 196.326660 ) (4802 3779 113.671516 ) 
3 9 12 (4802 3763 113.671539 ) (4802 3763 196.326660 ) (4802 3779 196.326660 ) 
4 9 11 (4802 3763 196.326660 ) (4802 3763 1536 ) (4802 3779 1536 ) (4802 3779 196.326660 ) 
4 9 10 (4802 4096 -192 ) (4802 3779 -192 ) (4802 3779 1536 ) (4802 4096 1536 ) 
4 9 15 (4802 3763 -192 ) (4802 3728 -192 ) (4802 3728 1536 ) (4802 3763 1536 ) 
4 10 24 (4786 4096 -192 ) (4786 3779 -192 ) (4786 3779 1536 ) (4786 4096 1536 ) 
3 10 13 (4786 3779 113.670288 ) (4802 3779 113.671539 ) (4802 3779 196.326660 ) 
4 10 11 (4786 3779 1536 ) (4786 3779 113.670288 ) (4802 3779 196.326660 ) (4802 3779 1536 ) 
4 11 24 (4786 3763 113.670258 ) (4786 3763 1536 ) (4786 3779 1536 ) (4786 3779 113.670288 ) 
3 11 13 (4786 3779 113.675781 ) (4802 3779 196.332031 ) (4794 3771 155.001114 ) 
3 11 12 (4802 3763 196.328125 ) (4786 3763 113.672127 ) (4802 3779 196.332031 ) 
4 11 15 (4786 3763 1536 ) (4786 3763 113.670288 ) (4802 3763 196.326660 ) (4802 3763 1536 ) 
3 12 14 (4802 3763 113.667969 ) (4794 3771 154.997879 ) (4802 3771 154.998016 ) 
4 12 13 (4793.997559 3771 154.997879 ) (4801.997070 3779 196.324219 ) (4802 3779 196.324219 ) (4802 3771 154.998016 ) 
3 12 15 (4786 3763 113.670288 ) (4802 3763 113.671539 ) (4802 3763 196.326660 ) 
4 13 14 (4802 3771 154.998184 ) (4794.003906 3771 154.998184 ) (4794.001953 3771.002197 154.989197 ) (4802 3779 113.672699 ) 
4 15 24 (4786 3763 -192 ) (4786 3728 -192 ) (4786 3728 1536 ) (4786 3763 1536 ) 
4 15 17 (4786 3728 1536 ) (4786 3728 495.215454 ) (4802 3728 269.024658 ) (4802 3728 1536 ) 
4 15 16 (4786 3728 495.215454 ) (4786 3728 -192 ) (4802 3728 -192 ) (4802 3728 269.024658 ) 
4 16 33 (4786 3716 -192 ) (4786 3712 -192 ) (4786 3712 495.215454 ) (4786 3716 495.215454 ) 
4 16 24 (4786 3728 -192 ) (4786 3716 -192 ) (4786 3716 495.215454 ) (4786 3728 495.215454 ) 
4 16 20 (4809.139160 3712 168.085846 ) (4831.467285 3712 -147.567291 ) (4831.467773 3728 -147.567184 ) (4809.139648 3728 168.088226 ) 
4 16 19 (4831.467285 3712 -147.567291 ) (4834.610352 3712 -192 ) (4834.610840 3728 -192 ) (4831.467773 3728 -147.567184 ) 
3 16 18 (4809.139648 3728 168.088226 ) (4803.199219 3728 252.065125 ) (4806.168945 3720 210.076782 ) 
4 16 17 (4786 3712 495.207031 ) (4809.139160 3712 168.085846 ) (4803.199219 3728 252.065125 ) (4786 3728 495.214844 ) 
3 16 23 (4786 3712 495.215454 ) (4786 3712 -192 ) (4834.610840 3712 -192 ) 
4 17 33 (4786 3712 495.215454 ) (4786 3712 1536 ) (4786 3716 1536 ) (4786 3716 495.215454 ) 
4 17 24 (4786 3716 1536 ) (4786 3728 1536 ) (4786 3728 495.215454 ) (4786 3716 495.215454 ) 
4 17 22 (4824.591309 3712 172.222931 ) (4806.172363 3720 210.070724 ) (4806.171875 3720 210.074646 ) (4813.893555 3720 212.144287 ) 
4 17 21 (5120 3712 251.401733 ) (4824.591309 3712 172.222931 ) (4813.893555 3720 212.144287 ) (5120 3720 294.190796 ) 
4 17 18 (4806.171875 3720 210.074646 ) (4803.201660 3728 252.062027 ) (5120 3728 336.973907 ) (5120 3720 294.190796 ) 
5 17 23 (4786 3712 1536 ) (4786 3712 495.215454 ) (4809.139648 3712 168.086151 ) (5120 3712 251.406128 ) (5120 3712 1536 ) 
3 18 22 (4813.893555 3720 212.146820 ) (4806.169922 3720 210.076691 ) (4824.588867 3728 172.230026 ) 
4 18 21 (5120 3720 294.192993 ) (4813.893555 3720 212.146820 ) (4824.588867 3728 172.230026 ) (5120 3728 251.409424 ) 
4 19 21 (5120 3728 -70.233887 ) (4905 3728 -127.858757 ) (4905 3712 -127.858910 ) (5120 3712 -70.234093 ) 
4 19 20 (4889.549316 3728 -132 ) (4831.470215 3728 -147.566406 ) (4831.470703 3712 -147.566406 ) (4889.549316 3712 -132 ) 
4 19 23 (4831.467773 3712 -147.567200 ) (4834.610840 3712 -192 ) (5120 3712 -192 ) (5120 3712 -70.234138 ) 
3 20 23 (4809.139648 3712 168.086151 ) (4831.467773 3712 -147.567200 ) (4889.549316 3712 -132 ) 
3 21 22 (4813.894531 3720 212.140625 ) (4824.591309 3728 172.221130 ) (4824.590820 3712 172.222275 ) 
4 21 23 (4905 3712 -127.858940 ) (5120 3712 -70.234138 ) (5120 3712 251.406128 ) (4824.589844 3712 172.227295 ) 
4 23 57 (4786 3700 -192 ) (4792 3700 -192 ) (4792 3700 1536 ) (4786 3700 1536 ) 
4 23 41 (4861.549805 3700 -192 ) (4877.549805 3700 -192 ) (4877.549805 3700 1536 ) (4861.549805 3700 1536 ) 
4 23 40 (4877.549805 3700 -192 ) (5120 3700 -192 ) (5120 3700 1536 ) (4877.549805 3700 1536 ) 
4 23 47 (4792 3700 -192 ) (4861.549805 3700 -192 ) (4861.549805 3700 1536 ) (4792 3700 1536 ) 
4 23 33 (4786 3712 -192 ) (4786 3700 -192 ) (4786 3700 1536 ) (4786 3712 1536 ) 
4 24 33 (4786 3716 -192 ) (4786 3716 1536 ) (4772 3716 1536 ) (4772 3716 -192 ) 
3 24 31 (4772 3804.419922 123.014221 ) (4772 3801.449951 165.003052 ) (4772 3819.869873 127.154617 ) 
4 24 30 (4772 3829.091064 -192 ) (4772 3826.700928 -192 ) (4772 3804.419922 123.014221 ) (4772 3884.820313 -177.072800 ) 
3 24 29 (4772 3819.869873 127.154617 ) (4772 3958.345459 -157.378937 ) (4772 3900.280029 -172.931885 ) 
3 24 28 (4772 3975.194580 -192 ) (4772 3829.091064 -192 ) (4772 3958.345459 -157.378937 ) 
5 24 27 (4772 4096 -192 ) (4772 3975.194580 -192 ) (4772 3801.449951 165.003052 ) (4772 3798.479980 206.992111 ) (4772 4096 286.734253 ) 
4 24 26 (4772 3826.700928 -192 ) (4772 3716 -192 ) (4772 3716 184.885559 ) (4772 3798.479980 206.992111 ) 
4 24 25 (4772 3716 184.885559 ) (4772 3716 1536 ) (4772 4096 1536 ) (4772 4096 286.734253 ) 
4 25 36 (4756 3716 201 ) (4756 3716 159.673187 ) (4764 3716 159.673172 ) (4764 3716 242.327026 ) 
4 25 34 (4764 3716 1536 ) (4756 3716 1536 ) (4756 3716 201 ) (4764 3716 242.327026 ) 
4 25 33 (4772 3716 1536 ) (4764 3716 1536 ) (4764 3716 142.099274 ) (4772 3716 184.885559 ) 
5 25 27 (4756 3819.870361 127.153999 ) (4756 4096 201.162979 ) (4772 4096 286.733276 ) (4772 3798.479980 206.991272 ) (4764 3801.449951 165.003098 ) 
4 25 26 (4756 3716 99.314453 ) (4756 3804.419922 123.012962 ) (4772 3798.479980 206.991272 ) (4772 3716 184.884766 ) 
4 25 32 (4756 3716 99.312958 ) (4756 3716 1536 ) (4756 4096 1536 ) (4756 4096 201.161621 ) 
4 26 38 (4756 3716 -151 ) (4756 3716 -192 ) (4764 3716 -192 ) (4764 3716 -151 ) 
4 26 33 (4764 3716 -192 ) (4772 3716 -192 ) (4772 3716 184.885559 ) (4764 3716 142.099274 ) 
3 26 31 (4764 3801.449951 165.003265 ) (4772 3801.449951 165.003113 ) (4772 3804.419922 123.014282 ) 
4 26 30 (4756 3826.701172 -192 ) (4756 3804.419922 123.011719 ) (4772 3804.419922 123.014282 ) (4772 3826.700928 -192 ) 
3 26 27 (4764 3801.449951 165.003265 ) (4772 3798.479980 206.992188 ) (4772 3801.449951 165.003113 ) 
4 26 32 (4756 3826.700928 -192 ) (4756 3716 -192 ) (4756 3716 99.312958 ) (4756 3804.420166 123.011574 ) 
3 27 31 (4772 3819.868896 127.158157 ) (4772 3801.451172 165.002090 ) (4764 3801.451172 165.002090 ) 
4 27 29 (4772 3958.345947 -157.378708 ) (4772 3819.868896 127.158157 ) (4756 3819.869141 127.157684 ) (4756 3958.345703 -157.378830 ) 
4 27 28 (4772 3975.195313 -192 ) (4772 3958.345947 -157.378708 ) (4756 3958.345703 -157.378830 ) (4756 3975.195068 -192 ) 
4 27 32 (4756 4096 -192 ) (4756 3975.194580 -192 ) (4756 3819.870850 127.152679 ) (4756 4096 201.161621 ) 
4 28 30 (4756 3884.820313 -177.072830 ) (4756 3829.091309 -192 ) (4772 3829.091309 -192 ) (4772 3884.820313 -177.072830 ) 
4 28 29 (4772 3958.342041 -157.379807 ) (4756 3958.342041 -157.379807 ) (4756 3900.280029 -172.931900 ) (4772 3900.280029 -172.931900 ) 
3 28 32 (4756 3975.194580 -192 ) (4756 3829.091064 -192 ) (4756 3958.345459 -157.378937 ) 
3 29 32 (4756 3819.870850 127.152679 ) (4756 3958.345459 -157.378937 ) (4756 3900.280029 -172.931885 ) 
4 30 32 (4756 3829.091064 -192 ) (4756 3826.700928 -192 ) (4756 3804.420166 123.011574 ) (4756 3884.820313 -177.072800 ) 
4 32 65 (4746 3716 -171 ) (4746 3716 1536 ) (4746 4096 1536 ) (4746 4096 -171 ) 
4 32 94 (4746 4096 -192 ) (4746 3716 -192 ) (4746 3716 -171 ) (4746 4096 -171 ) 
3 32 36 (4748 3716 159.672729 ) (4756 3716 159.673889 ) (4756 3716 201 ) 
4 32 34 (4756 3716 1536 ) (4748 3716 1536 ) (4748 3716 159.672729 ) (4756 3716 201 ) 
4 32 38 (4748 3716 -151 ) (4748 3716 -192 ) (4756 3716 -192 ) (4756 3716 -151 ) 
4 32 39 (4748 3716 1536 ) (4746 3716 1536 ) (4746 3716 -192 ) (4748 3716 -192 ) 
4 33 57 (4776 3700 -192 ) (4786 3700 -192 ) (4786 3700 1536 ) (4776 3700 1536 ) 
4 33 64 (4764 3700 -192 ) (4776 3700 -192 ) (4776 3700 1536 ) (4764 3700 1536 ) 
3 33 37 (4764 3716 159.672760 ) (4764 3700 159.672516 ) (4764 3708 201 ) 
3 33 36 (4764 3716 242.326660 ) (4764 3716 159.672760 ) (4764 3708 201 ) 
3 33 35 (4764 3716 242.326660 ) (4764 3700 159.672516 ) (4764 3700 242.326660 ) 
4 33 34 (4764 3716 1536 ) (4764 3716 242.326660 ) (4764 3700 242.326660 ) (4764 3700 1536 ) 
4 33 38 (4764 3716 -151 ) (4764 3716 -192 ) (4764 3700 -192 ) (4764 3700 -151 ) 
4 34 64 (4764 3700 242.326660 ) (4764 3700 1536 ) (4748 3700 1536 ) (4748 3700 159.672729 ) 
3 34 36 (4748 3716 159.672974 ) (4764 3716 242.329041 ) (4756 3708 201.001007 ) 
3 34 35 (4748 3700 159.672974 ) (4764 3716 242.329041 ) (4764 3700 242.329041 ) 
4 34 39 (4748 3716 1536 ) (4748 3716 159.672729 ) (4748 3700 159.672760 ) (4748 3700 1536 ) 
3 35 64 (4764 3700 159.672516 ) (4764 3700 242.326660 ) (4748 3700 159.672729 ) 
4 35 37 (4756.001953 3707.998291 200.990021 ) (4756.003906 3708 201 ) (4764 3708 201 ) (4764 3700 159.671463 ) 
3 35 36 (4756.003906 3708 201 ) (4764 3715.996094 242.307312 ) (4764 3708 201 ) 
3 36 37 (4764 3708 201.002090 ) (4756 3708 201.002090 ) (4764 3716 159.671509 ) 
4 38 64 (4748 3700 -192 ) (4764 3700 -192 ) (4764 3700 -151 ) (4748 3700 -151 ) 
4 38 39 (4748 3716 -151 ) (4748 3716 -192 ) (4748 3700 -192 ) (4748 3700 -151 ) 
4 39 73 (4746 3700 -171 ) (4746 3700 1536 ) (4746 3714 1536 ) (4746 3714 -171 ) 
4 39 65 (4746 3714 1536 ) (4746 3716 1536 ) (4746 3716 -171 ) (4746 3714 -171 ) 
4 39 94 (4746 3716 -192 ) (4746 3700 -192 ) (4746 3700 -171 ) (4746 3716 -171 ) 
4 39 64 (4746 3700 1536 ) (4746 3700 -192 ) (4748 3700 -192 ) (4748 3700 1536 ) 
3 40 53 (5120 3662 157.056152 ) (5120 3662 251.785767 ) (4994.084961 3662 237.559906 ) 
5 40 50 (4877.549805 3662 -192 ) (5120 3662 -192 ) (5120 3662 157.056152 ) (4994.084961 3662 237.559906 ) (4877.549805 3662 224.393799 ) 
4 40 49 (5120 3662 251.785767 ) (5120 3662 1536 ) (4877.549805 3662 1536 ) (4877.549805 3662 224.393799 ) 
3 40 45 (4877.549805 3662 135.672821 ) (4877.549805 3670 177 ) (4877.549805 3678 135.672760 ) 
3 40 44 (4877.549805 3670 177 ) (4877.549805 3678 218.326660 ) (4877.549805 3678 135.672760 ) 
3 40 43 (4877.549805 3662 135.672821 ) (4877.549805 3662 218.326721 ) (4877.549805 3678 218.326660 ) 
4 40 42 (4877.549805 3662 218.326721 ) (4877.549805 3662 1536 ) (4877.549805 3678 1536 ) (4877.549805 3678 218.326660 ) 
4 40 46 (4877.549805 3662 -192 ) (4877.549805 3662 -175 ) (4877.549805 3678 -175 ) (4877.549805 3678 -192 ) 
4 40 41 (4877.549805 3678 1536 ) (4877.549805 3700 1536 ) (4877.549805 3700 -192 ) (4877.549805 3678 -192 ) 
3 41 44 (4861.549805 3678 135.670288 ) (4877.549805 3678 135.672821 ) (4877.549805 3678 218.326721 ) 
4 41 42 (4861.549805 3678 1536 ) (4861.549805 3678 135.670288 ) (4877.549805 3678 218.326721 ) (4877.549805 3678 1536 ) 
4 41 46 (4861.549805 3678 -175 ) (4861.549805 3678 -192 ) (4877.549805 3678 -192 ) (4877.549805 3678 -175 ) 
4 41 47 (4861.549805 3678 1536 ) (4861.549805 3700 1536 ) (4861.549805 3700 -192 ) (4861.549805 3678 -192 ) 
4 42 50 (4877.549805 3662 218.326721 ) (4877.549805 3662 224.394272 ) (4861.549805 3662 222.586426 ) (4861.549805 3662 135.670288 ) 
4 42 49 (4877.549805 3662 224.394272 ) (4877.549805 3662 1536 ) (4861.549805 3662 1536 ) (4861.549805 3662 222.586426 ) 
3 42 44 (4861.549805 3678 135.673859 ) (4877.549805 3678 218.329865 ) (4869.549805 3670 177.001221 ) 
3 42 43 (4861.549805 3662 135.673859 ) (4877.549805 3678 218.329865 ) (4877.549805 3662 218.329865 ) 
4 42 47 (4861.549805 3662 135.670227 ) (4861.549805 3662 1536 ) (4861.549805 3678 1536 ) (4861.549805 3678 135.670288 ) 
3 43 50 (4877.549805 3662 135.672821 ) (4877.549805 3662 218.326721 ) (4861.549805 3662 135.670288 ) 
3 43 45 (4869.548828 3670 177 ) (4877.548828 3670 177 ) (4877.548828 3662.001465 135.679062 ) 
3 43 44 (4869.548828 3670 177 ) (4877.548828 3678 218.327362 ) (4877.548828 3670 177 ) 
3 44 45 (4877.549805 3670 177 ) (4869.550781 3670 177 ) (4877.549805 3678 135.672333 ) 
4 46 50 (4861.549805 3662 -192 ) (4877.549805 3662 -192 ) (4877.549805 3662 -175 ) (4861.549805 3662 -175 ) 
4 46 47 (4861.549805 3662 -192 ) (4861.549805 3662 -175 ) (4861.549805 3678 -175 ) (4861.549805 3678 -192 ) 
4 47 57 (4792 3662 1536 ) (4792 3700 1536 ) (4792 3700 -192 ) (4792 3662 -192 ) 
4 47 50 (4803.924316 3662 216.075516 ) (4831.806641 3662 -192 ) (4861.549805 3662 -192 ) (4861.549805 3662 222.586273 ) 
5 47 49 (4792 3662 1536 ) (4792 3662 390.598267 ) (4803.924316 3662 216.075516 ) (4861.549805 3662 222.586273 ) (4861.549805 3662 1536 ) 
3 47 48 (4792 3662 390.598267 ) (4792 3662 -192 ) (4831.806641 3662 -192 ) 
3 48 121 (4792 3072 548.632874 ) (4792 3072 -192 ) (4842.604492 3072 -192 ) 
3 48 61 (4792 3620 159.673645 ) (4792 3628 201 ) (4792 3636 159.672302 ) 
3 48 60 (4792 3628 201 ) (4792 3636 242.326416 ) (4792 3636 159.672302 ) 
3 48 59 (4792 3620 159.673645 ) (4792 3620 242.326477 ) (4792 3636 242.326416 ) 
4 48 58 (4792 3620 242.326477 ) (4792 3620 401.848175 ) (4792 3636 397.562500 ) (4792 3636 242.326416 ) 
4 48 62 (4792 3636 -192 ) (4792 3620 -192 ) (4792 3620 -151 ) (4792 3636 -151 ) 
4 48 57 (4792 3662 390.598267 ) (4792 3662 -192 ) (4792 3636 -192 ) (4792 3636 397.562500 ) 
4 48 63 (4792 3620 -192 ) (4792 3072 -192 ) (4792 3072 548.632813 ) (4792 3620 401.848175 ) 
4 48 52 (4831.299316 3622.256104 -173.922165 ) (4808.971680 3645.859619 146.540207 ) (4808.971680 3630.397949 150.681488 ) (4831.297852 3490.585205 -138.631332 ) 
4 48 51 (4835.416504 3464.794434 -192 ) (4832.559082 3620.924561 -192 ) (4831.299316 3622.256104 -173.922165 ) (4831.297852 3490.585205 -138.631332 ) 
4 48 50 (4832.559082 3620.924561 -192 ) (4831.807129 3662 -192 ) (4803.924805 3662 216.075439 ) (4806 3649 189.174149 ) 
5 48 49 (4842.604980 3072 -192 ) (4835.416504 3464.794434 -192 ) (4803.924805 3662 216.075439 ) (4792 3662 390.601563 ) (4792 3072 548.632751 ) 
5 49 121 (5120 3072 -192 ) (5120 3072 1536 ) (4792 3072 1536 ) (4792 3072 548.632874 ) (4842.604492 3072 -192 ) 
4 49 58 (4792 3620 1536 ) (4792 3636 1536 ) (4792 3636 397.562500 ) (4792 3620 401.848175 ) 
4 49 57 (4792 3636 1536 ) (4792 3662 1536 ) (4792 3662 390.598267 ) (4792 3636 397.562500 ) 
4 49 63 (4792 3072 1536 ) (4792 3620 1536 ) (4792 3620 401.848175 ) (4792 3072 548.632813 ) 
4 49 56 (4806.005859 3648.995361 189.163940 ) (4806.004883 3649 189.173523 ) (4813.727539 3649.533691 191.160141 ) (4824.420898 3631.479248 154.682571 ) 
5 49 55 (4808.976563 3630.389160 150.662506 ) (4808.975098 3630.398926 150.682465 ) (4824.420898 3631.479248 154.682571 ) (4904.830078 3495.720703 -119.605591 ) (4889.376953 3494.641602 -123.603989 ) 
5 49 53 (4813.727539 3649.533691 191.160141 ) (4994.088867 3662 237.558655 ) (5120 3662 251.784180 ) (5120 3510.746582 -63.931946 ) (4904.830078 3495.720703 -119.605591 ) 
3 49 52 (4831.301270 3490.586182 -138.630615 ) (4808.976563 3630.389160 150.662506 ) (4889.376953 3494.641602 -123.603989 ) 
4 49 51 (5120 3449.391602 -192 ) (4835.419922 3464.794922 -192 ) (4831.301270 3490.586182 -138.630615 ) (5120 3510.746582 -63.931946 ) 
3 49 50 (4806.004883 3649 189.173523 ) (4803.928711 3662 216.074219 ) (4994.088867 3662 237.558655 ) 
3 50 56 (4813.726074 3649.533936 191.164337 ) (4806 3649 189.176758 ) (4824.420410 3646.929688 150.543839 ) 
4 50 54 (4808.970215 3645.859863 146.543091 ) (4889.382324 3626.278076 -158.884460 ) (4904.830078 3627.347656 -154.885086 ) (4824.420410 3646.929688 150.543839 ) 
5 50 53 (5120 3662 157.055267 ) (4994.082031 3662 237.561523 ) (4813.726074 3649.533936 191.164337 ) (4904.830078 3627.347656 -154.885086 ) (5120 3642.247314 -99.177582 ) 
3 50 52 (4808.970215 3645.859863 146.543091 ) (4831.298340 3622.256104 -173.922394 ) (4889.382324 3626.278076 -158.884460 ) 
4 50 51 (4831.298340 3622.256104 -173.922394 ) (4832.558105 3620.924561 -192 ) (5120 3635.091797 -192 ) (5120 3642.247314 -99.177582 ) 
4 51 55 (4889.379395 3552.739258 -139.176666 ) (4889.376953 3494.642090 -123.605919 ) (4904.830566 3495.721191 -119.607391 ) (4904.830566 3553.819092 -135.178909 ) 
4 51 54 (4904.830566 3627.346436 -154.885895 ) (4889.382324 3626.276611 -158.885498 ) (4889.379883 3568.189697 -143.317535 ) (4904.830566 3569.259521 -139.317276 ) 
4 51 53 (5120 3642.245605 -99.178635 ) (4904.830566 3627.346436 -154.885895 ) (4904.830566 3495.721191 -119.607391 ) (5120 3510.746826 -63.933861 ) 
4 51 52 (4889.382324 3626.276611 -158.885498 ) (4831.300781 3622.254639 -173.922852 ) (4831.292969 3490.585938 -138.634766 ) (4889.376953 3494.642090 -123.605919 ) 
3 52 55 (4889.375977 3494.644531 -123.603516 ) (4889.378906 3552.740234 -139.173950 ) (4808.971191 3630.398682 150.682358 ) 
3 52 54 (4889.379395 3568.190186 -143.314713 ) (4889.381836 3626.277344 -158.882813 ) (4808.971191 3645.858887 146.541504 ) 
3 53 56 (4813.724609 3649.534180 191.164063 ) (4824.417969 3646.929932 150.545929 ) (4824.417969 3631.480713 154.688431 ) 
3 53 55 (4904.830078 3553.818359 -135.180923 ) (4904.830078 3495.718506 -119.608597 ) (4824.417969 3631.480713 154.688431 ) 
3 53 54 (4824.417969 3646.929932 150.545929 ) (4904.830078 3627.347656 -154.888672 ) (4904.830078 3569.259033 -139.319397 ) 
3 57 60 (4776 3636 159.672729 ) (4792 3636 159.671478 ) (4792 3636 242.326660 ) 
4 57 58 (4776 3636 1536 ) (4776 3636 159.672729 ) (4792 3636 242.326660 ) (4792 3636 1536 ) 
4 57 62 (4776 3636 -151 ) (4776 3636 -192 ) (4792 3636 -192 ) (4792 3636 -151 ) 
4 57 64 (4776 3636 1536 ) (4776 3700 1536 ) (4776 3700 -192 ) (4776 3636 -192 ) 
3 58 60 (4776 3636 159.676392 ) (4792 3636 242.332397 ) (4784 3628 201.001846 ) 
3 58 59 (4792 3620 242.332031 ) (4776 3620 159.675781 ) (4792 3636 242.332397 ) 
4 58 63 (4776 3620 1536 ) (4776 3620 159.672729 ) (4792 3620 242.326660 ) (4792 3620 1536 ) 
4 58 64 (4776 3620 1536 ) (4776 3636 1536 ) (4776 3636 159.672729 ) (4776 3620 159.672760 ) 
4 59 61 (4792 3620 159.671356 ) (4784 3628 200.994629 ) (4784.001953 3628 201 ) (4792 3628 201 ) 
3 59 60 (4784.001953 3628 201 ) (4792 3635.998047 242.317276 ) (4792 3628 201 ) 
3 59 63 (4776 3620 159.672729 ) (4792 3620 159.673798 ) (4792 3620 242.326660 ) 
3 60 61 (4792 3628 201 ) (4784 3628 201 ) (4792 3636 159.672073 ) 
4 62 64 (4776 3636 -151 ) (4776 3636 -192 ) (4776 3620 -192 ) (4776 3620 -151 ) 
4 62 63 (4776 3620 -151 ) (4776 3620 -192 ) (4792 3620 -192 ) (4792 3620 -151 ) 
4 63 121 (4792 3072 1536 ) (4776 3072 1536 ) (4776 3072 -192 ) (4792 3072 -192 ) 
4 63 64 (4776 3072 1536 ) (4776 3620 1536 ) (4776 3620 -192 ) (4776 3072 -192 ) 
4 64 121 (4776 3072 1536 ) (4746 3072 1536 ) (4746 3072 -192 ) (4776 3072 -192 ) 
3 64 85 (4746 3565.129639 157.153564 ) (4746 3583.550049 195.003204 ) (4746 3580.580322 153.016022 ) 
3 64 84 (4746 3426.654541 -127.379059 ) (4746 3565.129639 157.153564 ) (4746 3484.719727 -142.932022 ) 
3 64 83 (4746 3580.579102 153 ) (4746 3558.254639 -162.628510 ) (4746 3500.182373 -147.073700 ) 
4 64 82 (4746 3557.662598 -171 ) (4746 3405.425293 -171 ) (4746 3426.654541 -127.379059 ) (4746 3558.254639 -162.628510 ) 
5 64 81 (4746 3601.969238 232.850372 ) (4746 3698 207.111816 ) (4746 3698 -171 ) (4746 3557.662598 -171 ) (4746 3583.550049 195.003204 ) 
4 64 80 (4746 3072 -171 ) (4746 3072 374.894958 ) (4746 3601.969238 232.850372 ) (4746 3405.425293 -171 ) 
4 64 79 (4746 3072 374.894958 ) (4746 3072 1536 ) (4746 3698 1536 ) (4746 3698 207.111816 ) 
4 64 73 (4746 3698 1536 ) (4746 3700 1536 ) (4746 3700 -171 ) (4746 3698 -171 ) 
4 64 94 (4746 3700 -192 ) (4746 3072 -192 ) (4746 3072 -171 ) (4746 3700 -171 ) 
4 65 76 (4703 3714 139.671600 ) (4703 3714 222.326813 ) (4700 3714 206.828857 ) (4700 3714 139.671585 ) 
4 65 74 (4703 3714 222.326813 ) (4703 3714 1536 ) (4700 3714 1536 ) (4700 3714 206.828857 ) 
4 65 73 (4703 3714 -171 ) (4746 3714 -171 ) (4746 3714 1536 ) (4703 3714 1536 ) 
3 65 70 (4700 3840 159.671478 ) (4700 3848 201 ) (4700 3856 159.671478 ) 
3 65 69 (4700 3848 201 ) (4700 3856 242.326660 ) (4700 3856 159.671478 ) 
3 65 68 (4700 3840 159.671478 ) (4700 3840 242.326660 ) (4700 3856 242.326660 ) 
4 65 67 (4700 3840 242.326660 ) (4700 3840 1536 ) (4700 3856 1536 ) (4700 3856 242.326660 ) 
4 65 71 (4700 3856 -171 ) (4700 3840 -171 ) (4700 3840 -151 ) (4700 3856 -151 ) 
4 65 66 (4700 4096 -171 ) (4700 3856 -171 ) (4700 3856 1536 ) (4700 4096 1536 ) 
4 65 72 (4700 3840 -171 ) (4700 3714 -171 ) (4700 3714 1536 ) (4700 3840 1536 ) 
4 65 94 (4700 4096 -171 ) (4746 4096 -171 ) (4746 3714 -171 ) (4700 3714 -171 ) 
4 66 95 (4684 3856 1536 ) (4684 4096 1536 ) (4684 4096 -171 ) (4684 3856 -171 ) 
3 66 69 (4684 3856 159.670166 ) (4700 3856 159.671478 ) (4700 3856 242.326660 ) 
4 66 67 (4684 3856 1536 ) (4684 3856 159.670166 ) (4700 3856 242.326660 ) (4700 3856 1536 ) 
4 66 71 (4684 3856 -151 ) (4684 3856 -171 ) (4700 3856 -171 ) (4700 3856 -151 ) 
4 66 94 (4684 3856 -171 ) (4684 4096 -171 ) (4700 4096 -171 ) (4700 3856 -171 ) 
4 67 95 (4684 3840 1536 ) (4684 3856 1536 ) (4684 3856 159.670166 ) (4684 3840 159.670197 ) 
3 67 69 (4684 3856 159.668854 ) (4700 3856 242.324860 ) (4692 3848 200.998520 ) 
3 67 68 (4700 3840 242.324219 ) (4684 3840 159.668335 ) (4700 3856 242.324860 ) 
4 67 72 (4684 3840 1536 ) (4684 3840 159.670166 ) (4700 3840 242.326660 ) (4700 3840 1536 ) 
3 68 70 (4700 3840 159.676361 ) (4692 3848 201.002350 ) (4700 3848 201.002441 ) 
4 68 69 (4691.997559 3848 201.002350 ) (4699.998047 3856 242.332367 ) (4700 3856 242.332367 ) (4700 3848 201.002441 ) 
3 68 72 (4684 3840 159.670166 ) (4700 3840 159.671478 ) (4700 3840 242.326660 ) 
3 69 70 (4700 3848 200.998184 ) (4692 3848 200.998184 ) (4700 3856 159.670166 ) 
4 71 95 (4684 3856 -151 ) (4684 3856 -171 ) (4684 3840 -171 ) (4684 3840 -151 ) 
4 71 94 (4684 3840 -171 ) (4684 3856 -171 ) (4700 3856 -171 ) (4700 3840 -171 ) 
4 71 72 (4684 3840 -151 ) (4684 3840 -171 ) (4700 3840 -171 ) (4700 3840 -151 ) 
4 72 104 (4684 3714 1536 ) (4684 3779 1536 ) (4684 3779 921.774048 ) (4684 3714 429.882141 ) 
4 72 103 (4684 3779 921.774048 ) (4684 3779 -171 ) (4684 3714 -171 ) (4684 3714 429.882141 ) 
4 72 95 (4684 3779 1536 ) (4684 3840 1536 ) (4684 3840 -171 ) (4684 3779 -171 ) 
3 72 76 (4700 3714 139.671600 ) (4700 3714 206.828888 ) (4687 3714 139.670288 ) 
4 72 74 (4700 3714 206.828888 ) (4700 3714 1536 ) (4687 3714 1536 ) (4687 3714 139.670288 ) 
4 72 78 (4684 3714 1536 ) (4684 3714 -171 ) (4687 3714 -171 ) (4687 3714 1536 ) 
4 72 94 (4684 3714 -171 ) (4684 3840 -171 ) (4700 3840 -171 ) (4700 3714 -171 ) 
4 73 87 (4703 3698 -171 ) (4712 3698 -171 ) (4712 3698 1536 ) (4703 3698 1536 ) 
4 73 81 (4730 3698 -171 ) (4746 3698 -171 ) (4746 3698 207.111847 ) (4730 3698 121.541870 ) 
4 73 79 (4746 3698 207.111847 ) (4746 3698 1536 ) (4730 3698 1536 ) (4730 3698 121.541870 ) 
4 73 86 (4712 3698 -171 ) (4730 3698 -171 ) (4730 3698 1536 ) (4712 3698 1536 ) 
3 73 77 (4703 3714 139.671585 ) (4703 3698 139.671600 ) (4703 3706 181 ) 
3 73 76 (4703 3714 222.326782 ) (4703 3714 139.671585 ) (4703 3706 181 ) 
3 73 75 (4703 3714 222.326782 ) (4703 3698 139.671600 ) (4703 3698 222.326813 ) 
4 73 74 (4703 3714 1536 ) (4703 3714 222.326782 ) (4703 3698 222.326813 ) (4703 3698 1536 ) 
4 73 94 (4703 3714 -171 ) (4746 3714 -171 ) (4746 3698 -171 ) (4703 3698 -171 ) 
4 74 87 (4703 3698 222.326813 ) (4703 3698 1536 ) (4696 3698 1536 ) (4696 3698 186.164581 ) 
4 74 93 (4696 3698 1536 ) (4687 3698 1536 ) (4687 3698 139.670288 ) (4696 3698 186.164581 ) 
3 74 76 (4687 3714 139.674057 ) (4703 3714 222.330185 ) (4695 3706 181 ) 
3 74 75 (4687 3698 139.674057 ) (4703 3714 222.330185 ) (4703 3698 222.330185 ) 
4 74 78 (4687 3714 1536 ) (4687 3714 139.670288 ) (4687 3698 139.670319 ) (4687 3698 1536 ) 
4 75 87 (4703 3698 139.671600 ) (4703 3698 222.326813 ) (4696 3698 186.164581 ) (4696 3698 139.671021 ) 
3 75 93 (4696 3698 186.164581 ) (4687 3698 139.670288 ) (4696 3698 139.671021 ) 
3 75 77 (4695 3706 181 ) (4703 3706 181 ) (4703 3698 139.673248 ) 
3 75 76 (4695 3706 181 ) (4703 3714 222.324219 ) (4703 3706 181 ) 
4 76 77 (4703 3714 139.683594 ) (4703 3706 181.002090 ) (4695 3706 181.002090 ) (4702.998047 3714 139.683594 ) 
4 78 104 (4684 3698 1536 ) (4684 3714 1536 ) (4684 3714 429.882080 ) (4684 3698 308.796997 ) 
4 78 103 (4684 3714 429.882080 ) (4684 3714 -171 ) (4684 3698 -171 ) (4684 3698 308.796997 ) 
4 78 93 (4684 3698 1536 ) (4684 3698 -171 ) (4687 3698 -171 ) (4687 3698 1536 ) 
4 78 94 (4684 3698 -171 ) (4684 3714 -171 ) (4687 3714 -171 ) (4687 3698 -171 ) 
4 79 121 (4746 3072 374.894958 ) (4746 3072 1536 ) (4730 3072 1536 ) (4730 3072 289.324951 ) 
5 79 81 (4730 3580.580322 153.016083 ) (4730 3698 121.544922 ) (4746 3698 207.116898 ) (4746 3601.971436 232.854767 ) (4738 3583.550049 195.003448 ) 
4 79 80 (4730 3072 289.327271 ) (4730 3565.131104 157.156830 ) (4746 3601.971436 232.854767 ) (4746 3072 374.899200 ) 
4 79 86 (4730 3698 1536 ) (4730 3698 121.541870 ) (4730 3072 289.324982 ) (4730 3072 1536 ) 
4 80 121 (4746 3072 -171 ) (4746 3072 374.894958 ) (4730 3072 289.324951 ) (4730 3072 -171 ) 
3 80 85 (4738 3583.550049 195.003159 ) (4746 3583.550049 195.003632 ) (4746 3565.130371 157.155823 ) 
4 80 84 (4730 3426.653320 -127.378723 ) (4730 3565.129639 157.153656 ) (4746 3565.130371 157.155823 ) (4746 3426.653320 -127.378693 ) 
4 80 82 (4746 3405.423828 -171 ) (4730 3405.423828 -171 ) (4730 3426.653320 -127.378723 ) (4746 3426.653320 -127.378693 ) 
3 80 81 (4737.998047 3583.550049 195.003159 ) (4746 3601.975098 232.862259 ) (4746 3583.550049 195.003632 ) 
4 80 94 (4746 3405.425293 -171 ) (4746 3072 -171 ) (4730 3072 -171 ) (4730 3405.425293 -171 ) 
4 80 86 (4730 3405.425293 -171 ) (4730 3072 -171 ) (4730 3072 289.324982 ) (4730 3565.129883 157.154312 ) 
3 81 85 (4746 3583.550293 195.001816 ) (4738 3583.550293 195.001816 ) (4746 3580.580322 153.011978 ) 
4 81 83 (4730 3580.579590 153.001556 ) (4730 3558.254883 -162.628571 ) (4746 3558.254883 -162.628586 ) (4746 3580.579590 153.001541 ) 
4 81 82 (4730 3558.254883 -162.628571 ) (4730 3557.662842 -171 ) (4746 3557.662842 -171 ) (4746 3558.254883 -162.628586 ) 
4 81 86 (4730 3698 121.541870 ) (4730 3698 -171 ) (4730 3557.662598 -171 ) (4730 3580.580078 153.013275 ) 
4 81 94 (4730 3698 -171 ) (4746 3698 -171 ) (4746 3557.662598 -171 ) (4730 3557.662598 -171 ) 
4 82 84 (4730 3484.719971 -142.931564 ) (4730 3426.655518 -127.378807 ) (4746 3426.655518 -127.378807 ) (4746 3484.719971 -142.931564 ) 
4 82 83 (4746 3558.256104 -162.628448 ) (4730 3558.256104 -162.628448 ) (4730 3500.182373 -147.073242 ) (4746 3500.182373 -147.073242 ) 
4 82 94 (4746 3557.662598 -171 ) (4746 3405.425293 -171 ) (4730 3405.425293 -171 ) (4730 3557.662598 -171 ) 
4 82 86 (4730 3557.662598 -171 ) (4730 3405.425293 -171 ) (4730 3426.654541 -127.379051 ) (4730 3558.254639 -162.628540 ) 
3 83 86 (4730 3580.579102 153 ) (4730 3558.254639 -162.628540 ) (4730 3500.182373 -147.073715 ) 
3 84 86 (4730 3426.654541 -127.379051 ) (4730 3565.129883 157.154312 ) (4730 3484.719727 -142.932022 ) 
4 86 121 (4730 3072 1536 ) (4712 3072 1536 ) (4712 3072 -171 ) (4730 3072 -171 ) 
3 86 91 (4712 3621 139.671600 ) (4712 3629 181 ) (4712 3637 139.671585 ) 
3 86 90 (4712 3629 181 ) (4712 3637 222.326782 ) (4712 3637 139.671585 ) 
3 86 89 (4712 3621 139.671600 ) (4712 3621 222.326813 ) (4712 3637 222.326782 ) 
4 86 88 (4712 3621 222.326813 ) (4712 3621 1536 ) (4712 3637 1536 ) (4712 3637 222.326782 ) 
4 86 87 (4712 3698 1536 ) (4712 3698 -171 ) (4712 3637 -171 ) (4712 3637 1536 ) 
4 86 92 (4712 3621 -171 ) (4712 3072 -171 ) (4712 3072 1536 ) (4712 3621 1536 ) 
4 86 94 (4712 3698 -171 ) (4730 3698 -171 ) (4730 3072 -171 ) (4712 3072 -171 ) 
3 87 90 (4696 3637 139.670288 ) (4712 3637 139.671600 ) (4712 3637 222.326813 ) 
4 87 88 (4696 3637 1536 ) (4696 3637 139.670288 ) (4712 3637 222.326813 ) (4712 3637 1536 ) 
4 87 94 (4696 3698 -171 ) (4712 3698 -171 ) (4712 3637 -171 ) (4696 3637 -171 ) 
4 87 93 (4696 3698 1536 ) (4696 3698 -171 ) (4696 3637 -171 ) (4696 3637 1536 ) 
3 88 90 (4696 3637 139.667969 ) (4712 3637 222.323975 ) (4704 3629 181 ) 
3 88 89 (4712 3621 222.332031 ) (4696 3621 139.675781 ) (4712 3637 222.323975 ) 
4 88 93 (4696 3621 139.670319 ) (4696 3621 1536 ) (4696 3637 1536 ) (4696 3637 139.670288 ) 
4 88 92 (4696 3621 1536 ) (4696 3621 139.670288 ) (4712 3621 222.326813 ) (4712 3621 1536 ) 
3 89 91 (4712 3621 139.667969 ) (4704.001465 3629 180.998016 ) (4712 3629 180.998016 ) 
3 89 90 (4704.001465 3629 180.998016 ) (4712 3637 222.324219 ) (4712 3629 180.998016 ) 
3 89 92 (4696 3621 139.670288 ) (4712 3621 139.671600 ) (4712 3621 222.326813 ) 
3 90 91 (4712 3629 180.996368 ) (4704 3629 180.996368 ) (4712 3637 139.673416 ) 
4 92 121 (4712 3072 1536 ) (4696 3072 1536 ) (4696 3072 -171 ) (4712 3072 -171 ) 
4 92 93 (4696 3621 -171 ) (4696 3072 -171 ) (4696 3072 1536 ) (4696 3621 1536 ) 
4 92 94 (4712 3621 -171 ) (4712 3072 -171 ) (4696 3072 -171 ) (4696 3621 -171 ) 
4 93 121 (4696 3072 1536 ) (4684 3072 1536 ) (4684 3072 -171 ) (4696 3072 -171 ) 
5 93 117 (4684 3674 145.932007 ) (4684 3674 -171 ) (4684 3658 -171 ) (4684 3658 145.932007 ) (4684 3666 188.718307 ) 
3 93 114 (4684 3674 231.504608 ) (4684 3674 145.932007 ) (4684 3666 188.718307 ) 
4 93 113 (4684 3674 243.188354 ) (4684 3674 231.504608 ) (4684 3658 145.932007 ) (4684 3658 243.188354 ) 
4 93 112 (4684 3658 1536 ) (4684 3674 1536 ) (4684 3674 243.188354 ) (4684 3658 243.188354 ) 
4 93 119 (4684 3072 -171 ) (4684 3072 1536 ) (4684 3658 1536 ) (4684 3658 -171 ) 
3 93 105 (4684 3690.252197 250.166748 ) (4684 3674 127.180023 ) (4684 3674 280.475525 ) 
5 93 104 (4684 3674 1536 ) (4684 3698 1536 ) (4684 3698 308.796997 ) (4684 3690.252197 250.166748 ) (4684 3674 280.475525 ) 
4 93 103 (4684 3698 308.796997 ) (4684 3698 -171 ) (4684 3674 -171 ) (4684 3674 127.180023 ) 
4 93 94 (4684 3072 -171 ) (4684 3698 -171 ) (4696 3698 -171 ) (4696 3072 -171 ) 
4 94 121 (4684 3072 -192 ) (4746 3072 -192 ) (4746 3072 -171 ) (4684 3072 -171 ) 
4 94 117 (4684 3658 -175.706726 ) (4684 3658 -171 ) (4684 3674 -171 ) (4684 3674 -175.706726 ) 
4 94 115 (4684 3674 -192 ) (4684 3658 -192 ) (4684 3658 -175.706726 ) (4684 3674 -175.706726 ) 
4 94 119 (4684 3658 -192 ) (4684 3072 -192 ) (4684 3072 -171 ) (4684 3658 -171 ) 
4 94 103 (4684 3779 -192 ) (4684 3674 -192 ) (4684 3674 -171 ) (4684 3779 -171 ) 
4 94 95 (4684 4096 -192 ) (4684 3779 -192 ) (4684 3779 -171 ) (4684 4096 -171 ) 
4 95 104 (4684 3779 921.775024 ) (4684 3779 1536 ) (4670 3779 1536 ) (4670 3779 745.893494 ) 
4 95 103 (4670 3779 -192 ) (4684 3779 -192 ) (4684 3779 921.775024 ) (4670 3779 745.893494 ) 
3 95 100 (4670 3779 129.673492 ) (4670 3787 171 ) (4670 3795 129.672211 ) 
3 95 99 (4670 3787 171 ) (4670 3795 212.328857 ) (4670 3795 129.672211 ) 
3 95 98 (4670 3779 129.673492 ) (4670 3779 212.328857 ) (4670 3795 212.328857 ) 
4 95 97 (4670 3779 212.328857 ) (4670 3779 1536 ) (4670 3795 1536 ) (4670 3795 212.328857 ) 
4 95 101 (4670 3795 -192 ) (4670 3779 -192 ) (4670 3779 -181 ) (4670 3795 -181 ) 
4 95 96 (4670 4096 -192 ) (4670 3795 -192 ) (4670 3795 1536 ) (4670 4096 1536 ) 
3 96 99 (4654 3795 129.672485 ) (4670 3795 129.672211 ) (4670 3795 212.328857 ) 
4 96 97 (4654 3795 1536 ) (4654 3795 129.672485 ) (4670 3795 212.328857 ) (4670 3795 1536 ) 
4 96 101 (4654 3795 -181 ) (4654 3795 -192 ) (4670 3795 -192 ) (4670 3795 -181 ) 
4 96 102 (4654 4096 -192 ) (4654 3795 -192 ) (4654 3795 1536 ) (4654 4096 1536 ) 
4 97 104 (4670 3779 745.890198 ) (4670 3779 1536 ) (4654 3779 1536 ) (4654 3779 544.881653 ) 
4 97 103 (4670 3779 212.328857 ) (4670 3779 745.890198 ) (4654 3779 544.881653 ) (4654 3779 129.672485 ) 
3 97 99 (4654 3795 129.671387 ) (4670 3795 212.327393 ) (4662 3787 171 ) 
3 97 98 (4654 3779 129.671387 ) (4670 3795 212.327393 ) (4670 3779 212.327393 ) 
4 97 102 (4654 3779 129.672485 ) (4654 3779 1536 ) (4654 3795 1536 ) (4654 3795 129.672485 ) 
3 98 103 (4670 3779 129.673492 ) (4670 3779 212.328857 ) (4654 3779 129.672485 ) 
4 98 100 (4662.001465 3787 170.991577 ) (4662.002441 3787 170.996719 ) (4670 3787 170.996704 ) (4670 3779 129.666351 ) 
3 98 99 (4662.002441 3787 170.996719 ) (4670 3794.998047 212.312286 ) (4670 3787 170.996704 ) 
3 99 100 (4670 3787 171.002090 ) (4662 3787 171.002090 ) (4670 3795 129.671539 ) 
4 101 103 (4654 3779 -192 ) (4670 3779 -192 ) (4670 3779 -181 ) (4654 3779 -181 ) 
4 101 102 (4654 3795 -192 ) (4654 3779 -192 ) (4654 3779 -181 ) (4654 3795 -181 ) 
4 102 124 (4096 4096 1536 ) (4096 4096 -192 ) (4096 3779 -192 ) (4096 3779 1536 ) 
4 102 110 (4562.712402 3779 -30.024479 ) (4534.472168 3779 -56.727940 ) (4513.189453 3779 -125.097946 ) (4531.037109 3779 -131.775116 ) 
3 102 108 (4534.472168 3779 -56.727940 ) (4476.631348 3779 -111.420807 ) (4513.189453 3779 -125.097946 ) 
4 102 107 (4598.141602 3779 -156.880386 ) (4611.944336 3779 16.527878 ) (4562.712402 3779 -30.024479 ) (4531.037109 3779 -131.775116 ) 
4 102 106 (4391.414063 3779 -192 ) (4595.346191 3779 -192 ) (4598.141602 3779 -156.880386 ) (4476.631348 3779 -111.420807 ) 
6 102 104 (4096 3779 -192 ) (4391.414063 3779 -192 ) (4611.944336 3779 16.527878 ) (4654 3779 544.881958 ) (4654 3779 1536 ) (4096 3779 1536 ) 
3 102 103 (4595.346191 3779 -192 ) (4654 3779 -192 ) (4654 3779 544.881958 ) 
3 103 117 (4684 3674 -175.706696 ) (4684 3674 127.182251 ) (4660.394043 3674 -169.379608 ) 
4 103 115 (4658.593750 3674 -192 ) (4684 3674 -192 ) (4684 3674 -175.706696 ) (4660.394043 3674 -169.379608 ) 
5 103 107 (4611.941406 3779 16.524963 ) (4598.138672 3779 -156.879288 ) (4629.925293 3723.979248 -173.907806 ) (4661.045898 3714.658691 146.529175 ) (4653.312988 3728.043945 150.672287 ) 
4 103 106 (4598.138672 3779 -156.879288 ) (4595.343262 3779 -192 ) (4628.168457 3724.505615 -192 ) (4629.925293 3723.979248 -173.907806 ) 
5 103 105 (4628.168457 3724.505615 -192 ) (4658.591309 3674 -192 ) (4684 3674 127.218750 ) (4684 3690.247803 250.175308 ) (4665.187500 3713.418213 189.176239 ) 
3 103 104 (4684 3779 921.820313 ) (4611.941406 3779 16.524963 ) (4684 3690.247803 250.175308 ) 
4 104 124 (4096 3779 -192 ) (4096 3674 -192 ) (4096 3674 1536 ) (4096 3779 1536 ) 
5 104 112 (4096 3674 -192 ) (4184.329590 3674 -192 ) (4684 3674 280.475494 ) (4684 3674 1536 ) (4096 3674 1536 ) 
4 104 111 (4665.186523 3713.422119 189.170975 ) (4665.188965 3713.418945 189.179352 ) (4658.766113 3709.090332 191.178329 ) (4640.473633 3719.379150 154.693848 ) 
5 104 110 (4534.473145 3779 -56.724270 ) (4562.713867 3779 -30.020027 ) (4653.315430 3728.043213 150.679764 ) (4653.320313 3728.037109 150.695618 ) (4640.473633 3719.379150 154.693848 ) 
5 104 108 (4476.629883 3779 -111.420364 ) (4534.473145 3779 -56.724270 ) (4658.766113 3709.090332 191.178329 ) (4606.698242 3674 207.383545 ) (4320.823730 3674 -62.931976 ) 
3 104 107 (4562.713867 3779 -30.020027 ) (4611.943359 3779 16.531250 ) (4653.315430 3728.043213 150.679764 ) 
4 104 106 (4391.414063 3779 -192 ) (4476.629883 3779 -111.420364 ) (4320.823730 3674 -62.931976 ) (4184.326660 3674 -192 ) 
4 104 105 (4665.188965 3713.418945 189.179352 ) (4684 3690.250000 250.173843 ) (4684 3674 280.477844 ) (4606.698242 3674 207.383545 ) 
5 105 117 (4660.394043 3674 -169.379623 ) (4684 3674 127.182251 ) (4684 3674 145.931915 ) (4657.580078 3674 153.013000 ) (4577.169922 3674 -147.073059 ) 
4 105 116 (4642.129395 3674 157.154099 ) (4581.983887 3674 33.567673 ) (4557.064941 3674 -141.684250 ) (4561.719727 3674 -142.931931 ) 
4 105 115 (4549.910645 3674 -192 ) (4658.593750 3674 -192 ) (4660.394043 3674 -169.379623 ) (4557.064941 3674 -141.684250 ) 
4 105 114 (4684 3674 145.931915 ) (4684 3674 231.503662 ) (4678.969238 3674 232.851883 ) (4642.129395 3674 157.154099 ) 
3 105 113 (4684 3674 231.503662 ) (4684 3674 243.188629 ) (4678.969238 3674 232.851883 ) 
4 105 112 (4684 3674 243.188629 ) (4684 3674 280.475494 ) (4606.698242 3674 207.380798 ) (4581.983887 3674 33.567673 ) 
4 105 111 (4658.766113 3709.090332 191.178452 ) (4665.187500 3713.417969 189.179688 ) (4665.186523 3713.418213 189.167770 ) (4648.200684 3706 150.545197 ) 
5 105 109 (4661.047363 3714.658203 146.545532 ) (4661.045410 3714.658691 146.527649 ) (4581.627930 3691.429688 -158.877121 ) (4568.782715 3682.772949 -154.879669 ) (4648.200684 3706 150.545197 ) 
4 105 108 (4555.765137 3674 -150.828522 ) (4606.699219 3674 207.384766 ) (4658.766113 3709.090332 191.178452 ) (4568.782715 3682.772949 -154.879669 ) 
3 105 107 (4661.045410 3714.658691 146.527649 ) (4629.925293 3723.979004 -173.907562 ) (4581.627930 3691.429688 -158.877121 ) 
4 105 106 (4549.911133 3674 -192 ) (4555.765137 3674 -150.828522 ) (4629.925293 3723.979004 -173.907562 ) (4628.167969 3724.505371 -192 ) 
4 106 115 (4472.207031 3674 -192 ) (4549.910645 3674 -192 ) (4555.764648 3674 -150.828293 ) (4502.028320 3674 -130.724472 ) 
4 106 112 (4184.329590 3674 -192 ) (4472.207031 3674 -192 ) (4502.028320 3674 -130.724472 ) (4320.825684 3674 -62.932709 ) 
4 106 110 (4544.846191 3755.096680 -139.172058 ) (4531.036621 3779 -131.774414 ) (4513.189453 3779 -125.097458 ) (4532 3746.439697 -135.174469 ) 
4 106 109 (4568.782227 3682.774414 -154.878098 ) (4581.627441 3691.431152 -158.875610 ) (4552.576172 3741.716797 -143.312958 ) (4539.730469 3733.060059 -139.315308 ) 
5 106 108 (4476.625000 3779 -111.418106 ) (4320.819336 3674 -62.930038 ) (4555.761719 3674 -150.826172 ) (4568.782227 3682.774414 -154.878098 ) (4513.189453 3779 -125.097458 ) 
4 106 107 (4581.627441 3691.431152 -158.875610 ) (4629.925781 3723.980469 -173.906250 ) (4598.138672 3779 -156.878372 ) (4531.036621 3779 -131.774414 ) 
5 107 110 (4531.041016 3779 -131.777878 ) (4544.849121 3755.098877 -139.174713 ) (4653.316895 3728.042725 150.671082 ) (4653.315430 3728.045410 150.671906 ) (4562.721191 3779 -30.013931 ) 
4 107 109 (4552.578613 3741.718994 -143.315475 ) (4581.630859 3691.429688 -158.878906 ) (4661.049316 3714.658936 146.529907 ) (4661.047363 3714.662598 146.531067 ) 
3 108 116 (4557.064941 3674 -141.684204 ) (4581.983887 3674 33.566650 ) (4503.660645 3674 -127.370270 ) 
4 108 115 (4555.764648 3674 -150.828293 ) (4557.064941 3674 -141.684204 ) (4503.660645 3674 -127.370270 ) (4502.028320 3674 -130.724487 ) 
4 108 112 (4581.983887 3674 33.566650 ) (4606.698242 3674 207.380798 ) (4320.825684 3674 -62.932709 ) (4502.028320 3674 -130.724487 ) 
3 108 111 (4658.764648 3709.093750 191.167969 ) (4648.206055 3706.005615 150.562836 ) (4640.480957 3719.377441 154.701477 ) 
4 108 110 (4532.004395 3746.441650 -135.173294 ) (4513.194336 3779 -125.096611 ) (4534.478027 3779 -56.722130 ) (4640.474121 3719.381348 154.687866 ) 
3 108 109 (4648.197754 3706.003174 150.529999 ) (4568.785156 3682.777344 -154.876953 ) (4539.734375 3733.062012 -139.314178 ) 
4 112 124 (4096 3674 -192 ) (4096 3658 -192 ) (4096 3658 1536 ) (4096 3674 1536 ) 
6 112 116 (4642.128418 3658 157.154083 ) (4503.659668 3658 -127.369995 ) (4503.657227 3674 -127.369347 ) (4642.126953 3674 157.155334 ) (4642.134766 3673.996582 157.171509 ) (4642.131836 3658.001465 157.161011 ) 
4 112 115 (4503.659668 3658 -127.369995 ) (4472.206055 3658 -192 ) (4472.203125 3674 -192 ) (4503.657227 3674 -127.369347 ) 
3 112 114 (4642.126953 3674 157.155334 ) (4678.966797 3674 232.852692 ) (4660.547852 3666 195.003967 ) 
4 112 113 (4684 3658 243.191406 ) (4642.128418 3658 157.154083 ) (4678.966797 3674 232.852692 ) (4684 3674 243.195313 ) 
5 112 119 (4096 3658 -192 ) (4472.207031 3658 -192 ) (4684 3658 243.189026 ) (4684 3658 1536 ) (4096 3658 1536 ) 
5 113 118 (4657.582520 3658 153.020599 ) (4657.580566 3658 153.021118 ) (4660.548828 3665.996582 194.992981 ) (4660.555176 3666 195.005920 ) (4668.277832 3666 192.935974 ) 
4 113 117 (4684 3658 145.940430 ) (4657.582520 3658 153.020599 ) (4668.277832 3666 192.935974 ) (4684 3666 188.721771 ) 
4 113 114 (4660.555176 3666 195.005920 ) (4678.976563 3674 232.858154 ) (4684 3674 231.511765 ) (4684 3666 188.721771 ) 
3 113 119 (4684 3658 145.931519 ) (4684 3658 243.189026 ) (4642.129395 3658 157.153839 ) 
3 114 118 (4668.277832 3666 192.935699 ) (4660.549805 3666 195.007034 ) (4657.580078 3674 153.013168 ) 
4 114 117 (4684 3666 188.721680 ) (4668.277832 3666 192.935699 ) (4657.580078 3674 153.013168 ) (4684 3674 145.932007 ) 
4 115 117 (4684 3674 -175.706055 ) (4577.169922 3674 -147.073059 ) (4577.169922 3658 -147.073349 ) (4684 3658 -175.707092 ) 
4 115 116 (4561.719727 3674 -142.932037 ) (4503.658691 3674 -127.370232 ) (4503.658203 3658 -127.370003 ) (4561.720215 3658 -142.932343 ) 
4 115 119 (4472.207031 3658 -192 ) (4684 3658 -192 ) (4684 3658 -175.706711 ) (4503.660156 3658 -127.370209 ) 
3 116 119 (4642.129395 3658 157.153839 ) (4503.660156 3658 -127.370209 ) (4561.720215 3658 -142.932068 ) 
4 117 118 (4668.277344 3666 192.933594 ) (4657.579590 3674 153.009338 ) (4657.580078 3658 153.011337 ) (4657.582031 3658 153.018784 ) 
4 117 119 (4684 3658 -175.706711 ) (4684 3658 145.931519 ) (4657.579590 3658 153.012772 ) (4577.169922 3658 -147.073059 ) 
4 119 130 (4096 3072 211.274506 ) (4096 3072 1536 ) (4096 3613 1536 ) (4096 3613 66.272339 ) 
4 119 128 (4096 3613 -192 ) (4096 3072 -192 ) (4096 3072 211.274506 ) (4096 3613 66.272339 ) 
4 119 127 (4096 3613 87.667267 ) (4096 3613 1536 ) (4096 3629 1536 ) (4096 3629 87.667236 ) 
4 119 125 (4096 3629 -192 ) (4096 3613 -192 ) (4096 3613 87.667267 ) (4096 3629 87.667236 ) 
4 119 124 (4096 3658 -192 ) (4096 3629 -192 ) (4096 3629 1536 ) (4096 3658 1536 ) 
4 119 121 (4096 3072 1536 ) (4096 3072 -192 ) (4684 3072 -192 ) (4684 3072 1536 ) 
4 120 122 (5696 2048 -192 ) (5696 2048 1536 ) (5120 2048 1536 ) (5120 2048 -192 ) 
4 120 121 (5120 3072 1536 ) (5120 3072 -192 ) (5120 2048 -192 ) (5120 2048 1536 ) 
4 121 232 (4096 2048 -192 ) (4096 2048 1536 ) (4096 3072 1536 ) (4096 3072 -192 ) 
4 121 123 (5120 2048 -192 ) (5120 2048 1536 ) (4096 2048 1536 ) (4096 2048 -192 ) 
4 122 123 (5120 2048 1536 ) (5120 2048 -192 ) (5120 1760 -192 ) (5120 1760 1536 ) 
4 123 233 (4096 1760 -192 ) (4096 1760 1536 ) (4096 2048 1536 ) (4096 2048 -192 ) 
4 124 231 (3072 4096 -178 ) (3072 4096 -192 ) (3072 3629 -192 ) (3072 3629 -178 ) 
4 124 133 (3072 4096 1536 ) (3072 4096 -178 ) (3072 3629 -178 ) (3072 3629 1536 ) 
5 124 127 (4096 3629 87.667267 ) (4096 3629 1536 ) (3072 3629 1536 ) (3072 3629 62.494019 ) (3134.280029 3629 -169.932053 ) 
3 124 126 (3072 3629 0.678223 ) (3072 3629 -186.613892 ) (3118.820068 3629 -174.073029 ) 
4 124 125 (3072 3629 -192 ) (4096 3629 -192 ) (4096 3629 87.667267 ) (3072 3629 -186.613892 ) 
4 125 231 (3072 3629 -192 ) (3072 3613 -192 ) (3072 3613 -186.613907 ) (3072 3629 -186.613892 ) 
4 125 131 (3100.022217 3613 -192 ) (3116.575684 3613 -192 ) (3112.382324 3613 -175.797394 ) (3096.901855 3613 -179.943848 ) 
5 125 130 (3116.575684 3613 -192 ) (3165.153564 3613 -192 ) (4096 3613 66.272400 ) (4096 3613 87.667267 ) (3112.382324 3613 -175.797394 ) 
4 125 129 (3072 3613 -192 ) (3100.022217 3613 -192 ) (3096.901855 3613 -179.943848 ) (3072 3613 -186.613892 ) 
3 125 128 (3165.153564 3613 -192 ) (4096 3613 -192 ) (4096 3613 66.272400 ) 
4 125 127 (4096 3629 87.666382 ) (3134.280273 3629 -169.932800 ) (3134.280273 3613 -169.932800 ) (4096 3613 87.666412 ) 
4 125 126 (3118.820313 3629 -174.073761 ) (3072 3629 -186.614685 ) (3072 3613 -186.614700 ) (3118.820313 3613 -174.073776 ) 
4 126 231 (3072 3613 -186.613907 ) (3072 3613 -178 ) (3072 3629 -178 ) (3072 3629 -186.613892 ) 
4 126 137 (3072 3613 -178 ) (3072 3613 0.678207 ) (3072 3629 0.678223 ) (3072 3629 -178 ) 
4 126 131 (3072 3613 -19.773582 ) (3072 3613 -83.735405 ) (3096.901855 3613 -179.943878 ) (3112.382080 3613 -175.797440 ) 
4 126 130 (3072 3613 0.678223 ) (3072 3613 -19.773582 ) (3112.382080 3613 -175.797440 ) (3118.820068 3613 -174.073029 ) 
3 126 129 (3072 3613 -83.735405 ) (3072 3613 -186.613892 ) (3096.901855 3613 -179.943878 ) 
5 127 138 (3072 3613 62.494080 ) (3072 3613 135.013031 ) (3072 3621 177.799301 ) (3072 3629 135.013000 ) (3072 3629 62.494019 ) 
3 127 136 (3072 3621 177.799301 ) (3072 3629 220.585571 ) (3072 3629 135.013000 ) 
4 127 135 (3072 3613 135.013031 ) (3072 3613 1536 ) (3072 3629 1536 ) (3072 3629 220.585571 ) 
5 127 130 (4096 3613 87.667267 ) (4096 3613 1536 ) (3072 3613 1536 ) (3072 3613 62.494019 ) (3134.280029 3613 -169.932053 ) 
4 128 232 (4096 3072 -192 ) (4096 3072 211.274506 ) (3072 3072 -72.844238 ) (3072 3072 -192 ) 
4 128 231 (3072 3516.567871 -192 ) (3072 3072 -192 ) (3072 3072 -178 ) (3072 3464.334229 -178 ) 
3 128 140 (3072 3072 -158 ) (3072 3072 -72.844223 ) (3072 3389.714600 -158 ) 
4 128 162 (3072 3072 -178 ) (3072 3072 -158 ) (3072 3389.714600 -158 ) (3072 3464.334229 -178 ) 
4 128 132 (3104.379639 3453.739258 -166.177002 ) (3104.363525 3072 -63.865337 ) (3119.830566 3072 -59.573837 ) (3119.830566 3454.819092 -162.179459 ) 
4 128 131 (3119.830566 3566.078857 -192 ) (3104.383789 3550.088623 -192 ) (3104.380371 3469.189453 -170.317841 ) (3119.830566 3470.259277 -166.317825 ) 
5 128 130 (4096 3613 66.271484 ) (3165.156250 3613 -192 ) (3119.830566 3566.078857 -192 ) (3119.830566 3072 -59.573837 ) (4096 3072 211.273804 ) 
4 128 129 (3104.383789 3550.088623 -192 ) (3072 3516.564941 -192 ) (3072 3072 -72.844887 ) (3104.363525 3072 -63.865337 ) 
3 129 232 (3072 3072 61.170898 ) (3072 3072 -72.844238 ) (3104.363281 3072 -63.864754 ) 
4 129 231 (3072 3613 -192 ) (3072 3516.567871 -192 ) (3072 3464.334229 -178 ) (3072 3613 -178 ) 
4 129 141 (3072 3482.028564 -48.654861 ) (3072 3613 -83.735474 ) (3072 3613 -158 ) (3072 3460.862305 -158 ) 
5 129 140 (3072 3389.714600 -158 ) (3072 3072 -72.844223 ) (3072 3072 61.170959 ) (3072 3482.028564 -48.654861 ) (3072 3460.862305 -158 ) 
4 129 162 (3072 3464.334229 -178 ) (3072 3389.714600 -158 ) (3072 3613 -158 ) (3072 3613 -178 ) 
4 129 132 (3104.363037 3072 -63.864990 ) (3104.379395 3453.739746 -166.176758 ) (3072 3485.011230 -49.456387 ) (3072 3072 61.169922 ) 
5 129 131 (3104.380127 3469.189697 -170.317596 ) (3104.383545 3550.089844 -192 ) (3100.021484 3613 -192 ) (3072 3613 -83.738541 ) (3072 3500.466064 -53.595978 ) 
5 130 232 (4096 3072 211.274506 ) (4096 3072 1536 ) (3072 3072 1536 ) (3072 3072 125.229126 ) (3119.830566 3072 -59.573189 ) 
3 130 142 (3072 3613 627.943909 ) (3072 3613 -19.772949 ) (3072 3493.803467 12.174818 ) 
5 130 140 (3072 3072 125.229172 ) (3072 3072 1536 ) (3072 3613 1536 ) (3072 3613 627.943909 ) (3072 3493.803467 12.174818 ) 
4 130 132 (3119.829590 3454.819824 -162.175812 ) (3119.829590 3072 -59.570099 ) (3072 3072 125.229736 ) (3072 3501.014404 10.242622 ) 
5 130 131 (3072 3613 -19.772461 ) (3116.576172 3613 -192 ) (3119.829590 3566.093262 -192 ) (3119.829590 3470.260498 -166.314301 ) (3072 3516.460693 6.102615 ) 
4 131 143 (3072 3516.460449 6.102165 ) (3072 3613 -19.772949 ) (3072 3613 -83.735474 ) (3072 3500.466553 -53.593494 ) 
4 132 232 (3072 3072 125.229126 ) (3072 3072 61.170898 ) (3104.363281 3072 -63.864754 ) (3119.830566 3072 -59.573189 ) 
4 132 144 (3072 3493.803467 12.174812 ) (3072 3501.014404 10.242104 ) (3072 3485.011963 -49.454018 ) (3072 3482.028564 -48.654938 ) 
4 132 140 (3072 3072 61.170959 ) (3072 3072 125.229172 ) (3072 3493.803467 12.174812 ) (3072 3482.028564 -48.654938 ) 
4 133 231 (3015 4096 -178 ) (3072 4096 -178 ) (3072 3629 -178 ) (3015 3629 -178 ) 
3 133 167 (3015 3664 153.671600 ) (3015 3672 195 ) (3015 3680 153.671631 ) 
3 133 166 (3015 3672 195 ) (3015 3680 236.328125 ) (3015 3680 153.671631 ) 
3 133 165 (3015 3664 153.671600 ) (3015 3664 236.328094 ) (3015 3680 236.328125 ) 
4 133 164 (3015 3664 236.328094 ) (3015 3664 1536 ) (3015 3680 1536 ) (3015 3680 236.328125 ) 
4 133 168 (3015 3680 -178 ) (3015 3664 -178 ) (3015 3664 -157 ) (3015 3680 -157 ) 
4 133 163 (3015 4096 -178 ) (3015 3680 -178 ) (3015 3680 1536 ) (3015 4096 1536 ) 
4 133 169 (3015 3664 -178 ) (3015 3629 -178 ) (3015 3629 1536 ) (3015 3664 1536 ) 
3 133 138 (3072 3629 62.494293 ) (3072 3629 135.012543 ) (3053.870361 3629 130.153503 ) 
4 133 137 (3038.419922 3629 126.012589 ) (3059.922852 3629 -178 ) (3072 3629 -178 ) (3072 3629 0.678329 ) 
4 133 136 (3032.479980 3629 209.993256 ) (3038.419922 3629 126.012589 ) (3072 3629 135.012543 ) (3072 3629 220.585114 ) 
5 133 135 (3072 3629 1536 ) (3015 3629 1536 ) (3015 3629 457.126831 ) (3032.479980 3629 209.993256 ) (3072 3629 220.585114 ) 
3 133 134 (3015 3629 457.126831 ) (3015 3629 -178 ) (3059.922852 3629 -178 ) 
4 134 231 (3059.922852 3613 -178 ) (3015 3613 -178 ) (3015 3629 -178 ) (3059.922852 3629 -178 ) 
4 134 169 (3015 3629 -178 ) (3015 3613 -178 ) (3015 3613 457.126892 ) (3015 3629 457.126831 ) 
6 134 148 (3015 3613 292.154297 ) (3015 3613 233.120300 ) (3041.721680 3613 -158 ) (3042 3613 -158 ) (3042 3613 75.396820 ) (3033.387207 3613 197.167114 ) 
3 134 146 (3026 3613 -158 ) (3041.721680 3613 -158 ) (3026 3613 72.115326 ) 
4 134 147 (3015 3613 233.120300 ) (3015 3613 -158 ) (3026 3613 -158 ) (3026 3613 72.115326 ) 
3 134 145 (3015 3613 457.126831 ) (3015 3613 292.154297 ) (3033.387207 3613 197.167114 ) 
3 134 143 (3046.207031 3613 15.916214 ) (3042 3613 75.396820 ) (3042 3613 32.170414 ) 
4 134 141 (3042 3613 -158 ) (3058.508301 3613 -158 ) (3046.207031 3613 15.916214 ) (3042 3613 32.170414 ) 
4 134 162 (3015 3613 -158 ) (3015 3613 -178 ) (3059.922852 3613 -178 ) (3058.508301 3613 -158 ) 
4 134 137 (3038.420166 3613 126.012268 ) (3059.923096 3613 -178 ) (3059.923340 3629 -178 ) (3038.420410 3629 126.012360 ) 
3 134 136 (3038.420410 3629 126.012360 ) (3032.480469 3629 209.992950 ) (3035.450195 3621 168.002609 ) 
4 134 135 (3015 3613 457.131348 ) (3038.420166 3613 126.012268 ) (3032.480469 3629 209.992950 ) (3015 3629 457.136719 ) 
4 135 169 (3015 3613 457.126892 ) (3015 3613 1536 ) (3015 3629 1536 ) (3015 3629 457.126831 ) 
4 135 148 (3033.387207 3613 197.165497 ) (3038.419922 3613 126.012604 ) (3042 3613 126.972115 ) (3042 3613 152.673935 ) 
5 135 145 (3015 3613 627.943298 ) (3015 3613 457.126831 ) (3033.387207 3613 197.165497 ) (3042 3613 152.673935 ) (3042 3613 627.943604 ) 
4 135 142 (3042 3613 126.972115 ) (3072 3613 135.012512 ) (3072 3613 627.943970 ) (3042 3613 627.943604 ) 
4 135 140 (3072 3613 1536 ) (3015 3613 1536 ) (3015 3613 627.943298 ) (3072 3613 627.943970 ) 
3 135 139 (3053.870361 3613 130.152939 ) (3035.449463 3621 168.002274 ) (3043.173828 3621 170.072586 ) 
4 135 138 (3072 3613 135.012085 ) (3053.870361 3613 130.152939 ) (3043.173828 3621 170.072586 ) (3072 3621 177.798676 ) 
4 135 136 (3035.449463 3621 168.002274 ) (3032.479492 3629 209.992188 ) (3072 3629 220.584595 ) (3072 3621 177.798676 ) 
3 136 139 (3043.173096 3621 170.075104 ) (3035.448975 3621 168.004868 ) (3053.870117 3629 130.153549 ) 
4 136 138 (3072 3621 177.801392 ) (3043.173096 3621 170.075104 ) (3053.870117 3629 130.153549 ) (3072 3629 135.012741 ) 
4 137 231 (3072 3629 -178 ) (3072 3613 -178 ) (3059.922852 3613 -178 ) (3059.922852 3629 -178 ) 
3 137 148 (3038.419922 3613 126.012604 ) (3042 3613 75.396904 ) (3042 3613 112.650322 ) 
5 137 143 (3042 3613 75.396904 ) (3046.207031 3613 15.916271 ) (3072 3613 -83.735291 ) (3072 3613 -19.773720 ) (3042 3613 96.135895 ) 
4 137 142 (3072 3613 -19.773720 ) (3072 3613 0.678314 ) (3042 3613 112.650322 ) (3042 3613 96.135895 ) 
4 137 141 (3046.207031 3613 15.916271 ) (3058.508301 3613 -158 ) (3072 3613 -158 ) (3072 3613 -83.735291 ) 
4 137 162 (3058.508301 3613 -158 ) (3059.922852 3613 -178 ) (3072 3613 -178 ) (3072 3613 -158 ) 
3 138 142 (3072 3613 62.494270 ) (3072 3613 135.012512 ) (3053.870361 3613 130.153503 ) 
5 138 139 (3043.169922 3621 170.085938 ) (3053.866455 3629 130.166855 ) (3053.869873 3629 130.154434 ) (3053.867676 3613 130.159271 ) (3053.865234 3613 130.167969 ) 
4 140 234 (3072 3072 -158 ) (3072 3072 1536 ) (3015 3072 1536 ) (3015 3072 -158 ) 
5 140 169 (3015 3072 -158 ) (3015 3072 1536 ) (3015 3613 1536 ) (3015 3613 627.943481 ) (3015 3460.862305 -158 ) 
3 140 161 (3017.190186 3521 152.666031 ) (3042 3521 152.666519 ) (3042 3503.359863 61.537689 ) 
5 140 160 (3042 3460.863281 -158 ) (3015 3460.863281 -158 ) (3015 3521 152.665985 ) (3017.190186 3521 152.666031 ) (3042 3503.359863 61.537689 ) 
5 140 150 (3015 3540.341064 252.582123 ) (3015 3548.001221 292.154175 ) (3034 3529 194 ) (3025.998779 3521 152.666199 ) (3022.180176 3521 152.666122 ) 
3 140 147 (3015 3521 152.665985 ) (3015 3540.341064 252.582123 ) (3022.180176 3521 152.666122 ) 
4 140 145 (3015 3548.001221 292.154175 ) (3015 3613 627.937927 ) (3042 3613 627.937927 ) (3042 3521.001221 152.672821 ) 
4 140 144 (3042 3503.359863 61.537781 ) (3042 3515.134766 122.366776 ) (3072 3493.804443 12.173706 ) (3072 3482.029785 -48.654419 ) 
4 140 142 (3042 3515.134766 122.366776 ) (3042 3613 627.937927 ) (3072 3613 627.937927 ) (3072 3493.804443 12.173706 ) 
4 140 141 (3072 3460.863281 -158 ) (3042 3460.863281 -158 ) (3042 3503.359863 61.537781 ) (3072 3482.029785 -48.654419 ) 
4 140 162 (3072 3072 -158 ) (3015 3072 -158 ) (3015 3460.862305 -158 ) (3072 3460.862305 -158 ) 
4 141 160 (3042 3521 -158 ) (3042 3460.860352 -158 ) (3042 3503.357178 61.538712 ) (3042 3521 56.813034 ) 
3 141 149 (3042 3537 52.527420 ) (3042 3542.469727 51.062340 ) (3042 3537 -19.891937 ) 
6 141 148 (3042 3613 -158 ) (3042 3597.793701 -158 ) (3042 3537 -141.715820 ) (3042 3537 -19.891930 ) (3042 3542.469727 51.062340 ) (3042 3613 32.170593 ) 
3 141 146 (3042 3597.793701 -158 ) (3042 3537 -158 ) (3042 3537 -141.715805 ) 
4 141 144 (3042 3513.986572 58.691502 ) (3042 3503.355469 61.539063 ) (3072 3482.025146 -48.653290 ) (3072 3485.012207 -49.453365 ) 
4 141 143 (3042 3613 32.170853 ) (3042 3529.444580 54.551102 ) (3072 3500.466553 -53.592831 ) (3072 3613 -83.734764 ) 
4 141 162 (3042 3613 -158 ) (3072 3613 -158 ) (3072 3460.862305 -158 ) (3042 3460.862305 -158 ) 
4 142 161 (3042 3515.131836 122.366890 ) (3042 3520.998291 152.672913 ) (3042 3521 152.672913 ) (3042 3521 120.794090 ) 
6 142 155 (3042 3544.311035 152.672989 ) (3042 3550.302490 152.673004 ) (3042 3548.108887 124.214111 ) (3042 3545.437744 114.244293 ) (3042 3537 116.505768 ) (3042 3537 137.412415 ) 
3 142 152 (3042 3537 152.672958 ) (3042 3544.311035 152.672989 ) (3042 3537 137.412415 ) 
3 142 149 (3042 3548.108887 124.214111 ) (3042 3547.301758 113.744667 ) (3042 3545.437744 114.244293 ) 
4 142 148 (3042 3550.302490 152.673004 ) (3042 3613 152.673187 ) (3042 3613 96.136047 ) (3042 3547.301758 113.744667 ) 
3 142 145 (3042 3520.998291 152.672913 ) (3042 3613 627.953735 ) (3042 3613 152.673187 ) 
4 142 144 (3072 3493.805908 12.176880 ) (3042 3515.136719 122.371094 ) (3042 3529.989502 118.390137 ) (3072 3501.015137 10.244650 ) 
4 142 143 (3042 3545.438965 114.249268 ) (3042 3613 96.141121 ) (3072 3613 -19.770317 ) (3072 3516.461182 6.104681 ) 
5 143 149 (3042 3545.437744 114.244255 ) (3042 3547.301758 113.744682 ) (3042 3542.469727 51.062347 ) (3042 3537 52.527428 ) (3042 3537 82.751114 ) 
4 143 148 (3042 3547.301758 113.744682 ) (3042 3613 96.136047 ) (3042 3613 32.170593 ) (3042 3542.469727 51.062347 ) 
5 144 161 (3042 3503.357178 61.538712 ) (3042 3515.131836 122.366890 ) (3042 3521 120.794090 ) (3042 3521 84.854675 ) (3042 3513.986816 58.691578 ) 
3 145 169 (3015 3613 627.943481 ) (3015 3613 292.154419 ) (3015 3548 292.154449 ) 
3 145 155 (3042 3550.302734 152.675781 ) (3042 3544.312256 152.675781 ) (3039.252197 3551.261475 166.870667 ) 
3 145 153 (3042 3537 152.675781 ) (3034 3529 194.001648 ) (3034 3537 194.001648 ) 
5 145 152 (3042 3544.312256 152.675781 ) (3042 3537 152.675781 ) (3034 3537 194.001648 ) (3034 3553.094238 194.001648 ) (3039.252197 3551.261475 166.870667 ) 
4 145 150 (3034 3529 194.001648 ) (3015 3548 292.157837 ) (3015 3559.724609 292.157837 ) (3034 3553.094238 194.001648 ) 
4 145 148 (3042 3613 152.675781 ) (3042 3550.302734 152.675781 ) (3015 3559.724609 292.157837 ) (3015 3613 292.157837 ) 
3 146 157 (3026 3539.429199 91.810745 ) (3026 3537 92.461441 ) (3026.663818 3537 82.744080 ) 
4 146 149 (3026 3544.713379 90.395340 ) (3026 3539.429199 91.810745 ) (3026.663818 3537 82.744080 ) (3033.295898 3537 -14.327682 ) 
6 146 148 (3042 3537 -141.728394 ) (3042 3597.749268 -158 ) (3041.720947 3613 -158 ) (3026 3613 72.103851 ) (3026 3544.713379 90.395340 ) (3033.295898 3537 -14.327682 ) 
4 146 147 (3026 3537 92.474182 ) (3026 3613 72.117668 ) (3026 3613 -158 ) (3026 3537 -158 ) 
5 146 162 (3026 3613 -158 ) (3041.721680 3613 -158 ) (3042 3597.793701 -158 ) (3042 3537 -158 ) (3026 3537 -158 ) 
5 147 169 (3015 3613 233.120422 ) (3015 3613 -158 ) (3015 3521 -158 ) (3015 3521 152.671234 ) (3015 3540.340332 252.582840 ) 
3 147 161 (3023.969727 3521 126.472382 ) (3022.179443 3521 152.675781 ) (3017.187500 3521 152.675781 ) 
6 147 160 (3015 3521 -158 ) (3026 3521 -158 ) (3026 3521 96.755737 ) (3023.969727 3521 126.472382 ) (3017.187500 3521 152.675781 ) (3015 3521 152.675781 ) 
4 147 159 (3026 3523.966797 95.952576 ) (3026 3539.429199 91.810768 ) (3023.969238 3546.860107 119.545395 ) (3023.969238 3531.399902 123.685913 ) 
4 147 156 (3025.629883 3521 102.165390 ) (3026 3521 96.747246 ) (3026 3523.966797 95.952576 ) (3023.969238 3531.399902 123.685913 ) 
3 147 154 (3023.176025 3521 138.082535 ) (3025.629883 3521 102.165390 ) (3022.948975 3537.790283 136.909439 ) 
6 147 150 (3022.179199 3521 152.671844 ) (3023.176025 3521 138.082535 ) (3022.948975 3537.790283 136.909439 ) (3021 3550 162.175064 ) (3015 3556.342529 248.284927 ) (3015 3540.337891 252.572006 ) 
3 147 149 (3026 3539.429199 91.810768 ) (3026 3544.713135 90.395401 ) (3023.969238 3546.860107 119.545395 ) 
4 147 148 (3026 3544.713135 90.395401 ) (3026 3613 72.103851 ) (3015 3613 233.108276 ) (3015 3556.342529 248.284927 ) 
4 147 162 (3015 3521 -158 ) (3015 3613 -158 ) (3026 3613 -158 ) (3026 3521 -158 ) 
4 148 169 (3015 3613 292.154419 ) (3015 3613 233.120422 ) (3015 3556.343262 248.296356 ) (3015 3559.724365 292.154449 ) 
5 148 158 (3039.419678 3547.929932 123.545799 ) (3028.726563 3550.534180 164.162628 ) (3028.197998 3550.497559 164.026611 ) (3026 3549.513916 152.671783 ) (3026 3549.438232 151.689362 ) 
5 148 155 (3039.419678 3547.929932 123.545799 ) (3042 3548.108643 124.213768 ) (3042 3550.302490 152.672516 ) (3039.251709 3551.261475 166.870560 ) (3028.726563 3550.534180 164.162628 ) 
3 148 152 (3039.251709 3551.261475 166.870560 ) (3034 3553.093994 194 ) (3028.197998 3550.497559 164.026611 ) 
4 148 151 (3021.003174 3550 162.175690 ) (3021.003662 3550 162.167740 ) (3025.864746 3549.453369 151.972855 ) (3028.197998 3550.497559 164.026611 ) 
5 148 150 (3015 3556.346924 248.342850 ) (3021.003174 3550 162.175690 ) (3028.197998 3550.497559 164.026611 ) (3034 3553.093994 194 ) (3015 3559.724121 292.154663 ) 
4 148 149 (3023.973145 3546.860596 119.547211 ) (3033.300049 3537 -14.328812 ) (3042 3537 -19.890526 ) (3042 3548.108643 124.213768 ) 
3 148 162 (3041.721680 3613 -158 ) (3042 3613 -158 ) (3042 3597.793701 -158 ) 
3 149 159 (3023.973389 3546.856934 119.531830 ) (3026 3539.441406 91.855453 ) (3026 3544.899414 112.226860 ) 
4 149 157 (3026 3544.899414 112.226860 ) (3026 3539.441406 91.855453 ) (3026.667236 3537 82.742981 ) (3034.178223 3537 82.746338 ) 
3 149 155 (3042 3548.108154 124.210144 ) (3039.420654 3547.929443 123.542358 ) (3042 3545.437988 114.244362 ) 
4 150 169 (3015 3556.343262 248.296356 ) (3015 3540.340332 252.582840 ) (3015 3548 292.154449 ) (3015 3559.724365 292.154449 ) 
3 150 161 (3026 3521 152.675781 ) (3022.179443 3521 152.675781 ) (3023.176270 3521 138.084702 ) 
3 150 153 (3026 3537 152.673477 ) (3034 3537 194 ) (3034 3529 194 ) 
5 150 152 (3026 3537 152.673477 ) (3026 3545.177734 152.674271 ) (3028.197021 3550.496338 164.024033 ) (3034 3553.093262 194.001114 ) (3034 3537 194 ) 
4 150 154 (3026 3521 152.671906 ) (3023.176514 3521 138.087402 ) (3022.949219 3537.792480 136.914001 ) (3026 3545.177734 152.674271 ) 
3 150 151 (3028.196777 3550.497314 164.024857 ) (3026.019531 3545.226318 152.776505 ) (3021 3550 162.173828 ) 
4 151 158 (3026 3549.512939 152.673874 ) (3028.197021 3550.496338 164.024033 ) (3026.019775 3545.225586 152.776428 ) (3026 3545.763916 152.674210 ) 
5 152 158 (3026.019287 3545.227783 152.776093 ) (3028.196289 3550.498047 164.023438 ) (3028.727295 3550.534668 164.160049 ) (3036.744141 3537 136.813599 ) (3034.669922 3537 136.579239 ) 
5 152 155 (3028.727295 3550.534668 164.160049 ) (3039.252197 3551.262207 166.867584 ) (3042 3544.313232 152.672989 ) (3042 3537 137.407471 ) (3036.744141 3537 136.813599 ) 
3 152 153 (3034 3537 194 ) (3026 3537 152.671875 ) (3042 3537 152.672485 ) 
3 152 154 (3026 3545.173828 152.671875 ) (3026 3537 135.610352 ) (3026 3537 152.671875 ) 
4 154 161 (3026 3521 152.675781 ) (3023.176270 3521 138.084702 ) (3023.969482 3521 126.473389 ) (3026 3521 118.627487 ) 
4 154 160 (3023.969482 3521 126.473389 ) (3025.630371 3521 102.165512 ) (3026 3521 102.207275 ) (3026 3521 118.627487 ) 
4 154 156 (3026 3521 102.201859 ) (3025.630859 3521 102.160156 ) (3023.970703 3531.397217 123.675095 ) (3026 3531.539063 124.200584 ) 
5 155 158 (3036.745605 3537 136.814056 ) (3028.728516 3550.535156 164.160156 ) (3039.421875 3547.930176 123.546043 ) (3039.424805 3547.927246 123.535248 ) (3039.424561 3537 126.464317 ) 
3 156 160 (3026 3521 102.207275 ) (3025.630371 3521 102.165512 ) (3026 3521 96.755287 ) 
4 156 159 (3026 3523.968750 95.959473 ) (3023.970215 3531.398926 123.681122 ) (3023.971436 3531.398926 123.681427 ) (3026 3529.439697 116.368217 ) 
4 157 159 (3026 3537 114.342598 ) (3026 3544.899170 112.226700 ) (3026 3539.431641 91.819832 ) (3026 3537 92.470512 ) 
3 160 169 (3015 3521 -158 ) (3015 3460.862305 -158 ) (3015 3521 152.671234 ) 
4 160 161 (3042 3503.358398 61.535873 ) (3042 3513.986084 58.689331 ) (3034.737793 3521 84.868607 ) (3017.187988 3521 152.671997 ) 
4 160 162 (3015 3460.862305 -158 ) (3015 3521 -158 ) (3042 3521 -158 ) (3042 3460.862305 -158 ) 
4 162 234 (3072 3072 -178 ) (3072 3072 -158 ) (3015 3072 -158 ) (3015 3072 -178 ) 
4 162 231 (3072 3613 -178 ) (3072 3072 -178 ) (3015 3072 -178 ) (3015 3613 -178 ) 
4 162 169 (3015 3613 -178 ) (3015 3072 -178 ) (3015 3072 -158 ) (3015 3613 -158 ) 
4 163 231 (2999 4096 -178 ) (3015 4096 -178 ) (3015 3680 -178 ) (2999 3680 -178 ) 
3 163 166 (2999 3680 153.671631 ) (3015 3680 153.671600 ) (3015 3680 236.328094 ) 
4 163 164 (2999 3680 1536 ) (2999 3680 153.671631 ) (3015 3680 236.328094 ) (3015 3680 1536 ) 
4 163 168 (2999 3680 -157 ) (2999 3680 -178 ) (3015 3680 -178 ) (3015 3680 -157 ) 
4 163 170 (2999 4096 -178 ) (2999 3680 -178 ) (2999 3680 1536 ) (2999 4096 1536 ) 
3 164 166 (2999 3680 153.673859 ) (3015 3680 236.329865 ) (3007 3672 195.001541 ) 
3 164 165 (3015 3664 236.331787 ) (2999 3664 153.675781 ) (3015 3680 236.329865 ) 
4 164 169 (2999 3664 1536 ) (2999 3664 153.671631 ) (3015 3664 236.328094 ) (3015 3664 1536 ) 
4 164 170 (2999 3664 153.671631 ) (2999 3664 1536 ) (2999 3680 1536 ) (2999 3680 153.671631 ) 
4 165 167 (3015 3664 153.671356 ) (3007 3672 194.994308 ) (3007.001953 3672 195 ) (3015 3672 195 ) 
3 165 166 (3007.001953 3672 195 ) (3015 3679.998047 236.317276 ) (3015 3672 195 ) 
3 165 169 (2999 3664 153.671631 ) (3015 3664 153.671600 ) (3015 3664 236.328094 ) 
3 166 167 (3015 3672 195.001862 ) (3007 3672 195.001862 ) (3015 3680 153.671341 ) 
4 168 231 (3015 3680 -178 ) (3015 3664 -178 ) (2999 3664 -178 ) (2999 3680 -178 ) 
4 168 170 (2999 3680 -178 ) (2999 3664 -178 ) (2999 3664 -157 ) (2999 3680 -157 ) 
4 168 169 (2999 3664 -157 ) (2999 3664 -178 ) (3015 3664 -178 ) (3015 3664 -157 ) 
4 169 234 (2999 3072 -178 ) (3015 3072 -178 ) (3015 3072 1536 ) (2999 3072 1536 ) 
4 169 231 (3015 3664 -178 ) (3015 3072 -178 ) (2999 3072 -178 ) (2999 3664 -178 ) 
4 169 170 (2999 3664 -178 ) (2999 3072 -178 ) (2999 3072 1536 ) (2999 3664 1536 ) 
4 170 234 (2984 3072 -178 ) (2999 3072 -178 ) (2999 3072 1536 ) (2984 3072 1536 ) 
4 170 231 (2984 4096 -178 ) (2999 4096 -178 ) (2999 3072 -178 ) (2984 3072 -178 ) 
4 170 179 (2984 3617 -178 ) (2984 3072 -178 ) (2984 3072 1536 ) (2984 3617 1536 ) 
3 170 177 (2984 3705.419922 126.013336 ) (2984 3702.449951 168.003326 ) (2984 3720.869873 130.154694 ) 
4 170 176 (2984 3771.159180 -178 ) (2984 3726.922852 -178 ) (2984 3705.419922 126.013336 ) (2984 3785.820068 -174.073029 ) 
3 170 175 (2984 3720.869873 130.154694 ) (2984 3859.345459 -154.379120 ) (2984 3801.280029 -169.932053 ) 
3 170 174 (2984 3870.841064 -178 ) (2984 3771.159180 -178 ) (2984 3859.345459 -154.379120 ) 
5 170 173 (2984 4096 -178 ) (2984 3870.841064 -178 ) (2984 3702.449951 168.003326 ) (2984 3699.479980 209.993073 ) (2984 4096 316.269409 ) 
4 170 172 (2984 3726.922852 -178 ) (2984 3617 -178 ) (2984 3617 187.886566 ) (2984 3699.479980 209.993073 ) 
4 170 171 (2984 3617 187.886566 ) (2984 3617 1536 ) (2984 4096 1536 ) (2984 4096 316.269409 ) 
5 171 182 (2968 3617 158.501709 ) (2968 3617 132.671387 ) (2973.676025 3617 132.671188 ) (2979 3617 161.145126 ) (2979 3617 215.327530 ) 
4 171 180 (2979 3617 1536 ) (2968 3617 1536 ) (2968 3617 158.501709 ) (2979 3617 215.327530 ) 
4 171 179 (2984 3617 187.886566 ) (2984 3617 1536 ) (2979 3617 1536 ) (2979 3617 161.145126 ) 
5 171 173 (2968 3720.868652 130.157501 ) (2968 4096 230.701355 ) (2984 4096 316.273682 ) (2984 3699.479736 209.997116 ) (2976 3702.449951 168.003387 ) 
4 171 172 (2984 3617 187.890625 ) (2968 3617 102.318359 ) (2968 3705.419678 126.016846 ) (2984 3699.479736 209.997116 ) 
4 171 178 (2968 3617 102.313995 ) (2968 3617 1536 ) (2968 4096 1536 ) (2968 4096 230.696899 ) 
4 172 231 (2984 3726.922852 -178 ) (2984 3617 -178 ) (2968 3617 -178 ) (2968 3726.922852 -178 ) 
3 172 182 (2979 3617 161.145126 ) (2973.676025 3617 132.671188 ) (2979 3617 132.671082 ) 
4 172 179 (2984 3617 -178 ) (2984 3617 187.886566 ) (2979 3617 161.145126 ) (2979 3617 -178 ) 
3 172 177 (2976 3702.450439 168.002060 ) (2984 3702.450439 168.002014 ) (2984 3705.420410 126.010757 ) 
4 172 176 (2968 3726.923340 -178 ) (2968 3705.420410 126.011719 ) (2984 3705.420410 126.010757 ) (2984 3726.923340 -178 ) 
3 172 173 (2976 3702.450439 168.002060 ) (2984 3699.480469 209.991760 ) (2984 3702.450439 168.002014 ) 
4 172 178 (2968 3726.922852 -178 ) (2968 3617 -178 ) (2968 3617 102.313995 ) (2968 3705.419922 126.012543 ) 
4 173 231 (2968 4096 -178 ) (2984 4096 -178 ) (2984 3870.841064 -178 ) (2968 3870.841064 -178 ) 
5 173 177 (2984 3720.868896 130.159576 ) (2984 3702.448242 168.009674 ) (2976 3702.448242 168.009674 ) (2976 3702.449707 168.006729 ) (2983.998779 3720.868896 130.159576 ) 
4 173 175 (2984 3859.345947 -154.378876 ) (2984 3720.868896 130.159576 ) (2968 3720.868408 130.160660 ) (2968 3859.346680 -154.378738 ) 
4 173 174 (2984 3870.841797 -178 ) (2984 3859.345947 -154.378876 ) (2968 3859.346680 -154.378738 ) (2968 3870.842529 -178 ) 
4 173 178 (2968 4096 -178 ) (2968 3870.841064 -178 ) (2968 3720.870361 130.153580 ) (2968 4096 230.696899 ) 
4 174 231 (2984 3870.841064 -178 ) (2984 3771.159180 -178 ) (2968 3771.159180 -178 ) (2968 3870.841064 -178 ) 
4 174 176 (2968 3785.820557 -174.074310 ) (2968 3771.164307 -178 ) (2984 3771.164307 -178 ) (2984 3785.820557 -174.074310 ) 
4 174 175 (2984 3859.343750 -154.380859 ) (2968 3859.343750 -154.380859 ) (2968 3801.280518 -169.933289 ) (2984 3801.280518 -169.933289 ) 
3 174 178 (2968 3870.841064 -178 ) (2968 3771.159180 -178 ) (2968 3859.345459 -154.379074 ) 
3 175 178 (2968 3720.870361 130.153580 ) (2968 3859.345459 -154.379074 ) (2968 3801.280029 -169.932037 ) 
4 176 231 (2984 3771.159180 -178 ) (2984 3726.922852 -178 ) (2968 3726.922852 -178 ) (2968 3771.159180 -178 ) 
4 176 178 (2968 3771.159180 -178 ) (2968 3726.922852 -178 ) (2968 3705.419922 126.012543 ) (2968 3785.820068 -174.073029 ) 
4 178 231 (2963 4096 -178 ) (2968 4096 -178 ) (2968 3617 -178 ) (2963 3617 -178 ) 
4 178 192 (2963 3680 -178 ) (2963 3617 -178 ) (2963 3617 1536 ) (2963 3680 1536 ) 
4 178 185 (2963 4096 1536 ) (2963 4096 -178 ) (2963 3680 -178 ) (2963 3680 1536 ) 
3 178 182 (2963 3617 132.672852 ) (2968 3617 132.671600 ) (2968 3617 158.501892 ) 
4 178 180 (2968 3617 1536 ) (2963 3617 1536 ) (2963 3617 132.672852 ) (2968 3617 158.501892 ) 
4 179 234 (2979 3072 -178 ) (2984 3072 -178 ) (2984 3072 1536 ) (2979 3072 1536 ) 
4 179 231 (2984 3617 -178 ) (2984 3072 -178 ) (2979 3072 -178 ) (2979 3617 -178 ) 
3 179 183 (2979 3617 132.671539 ) (2979 3601 132.671570 ) (2979 3609 174 ) 
3 179 182 (2979 3617 215.328003 ) (2979 3617 132.671539 ) (2979 3609 174 ) 
3 179 181 (2979 3617 215.328003 ) (2979 3601 132.671570 ) (2979 3601 215.328064 ) 
4 179 180 (2979 3617 1536 ) (2979 3617 215.328003 ) (2979 3601 215.328064 ) (2979 3601 1536 ) 
4 179 184 (2979 3601 -178 ) (2979 3072 -178 ) (2979 3072 1536 ) (2979 3601 1536 ) 
4 180 192 (2963 3601 132.672882 ) (2963 3601 1536 ) (2963 3617 1536 ) (2963 3617 132.672852 ) 
3 180 182 (2963 3617 132.667969 ) (2979 3617 215.324219 ) (2971 3609 173.998138 ) 
3 180 181 (2979 3601 215.324219 ) (2963 3601 132.668213 ) (2979 3617 215.324219 ) 
4 180 184 (2979 3601 215.328064 ) (2979 3601 1536 ) (2963 3601 1536 ) (2963 3601 132.672852 ) 
4 181 183 (2979 3601 132.671875 ) (2971.001953 3608.998047 173.989807 ) (2971.003906 3609 174 ) (2979 3609 174 ) 
3 181 182 (2971.003906 3609 174 ) (2979 3616.996094 215.307709 ) (2979 3609 174 ) 
3 181 184 (2979 3601 132.671570 ) (2979 3601 215.328064 ) (2963 3601 132.672852 ) 
4 182 183 (2979 3617 132.679688 ) (2979 3609 174 ) (2971 3609 174 ) (2978.998535 3617 132.679688 ) 
4 184 234 (2963 3072 1536 ) (2963 3072 -178 ) (2979 3072 -178 ) (2979 3072 1536 ) 
4 184 231 (2979 3072 -178 ) (2963 3072 -178 ) (2963 3601 -178 ) (2979 3601 -178 ) 
3 184 213 (2963 3466.129639 173.152832 ) (2963 3484.550049 211.002380 ) (2963 3481.580078 169.012451 ) 
3 184 212 (2963 3327.654785 -111.379158 ) (2963 3466.129639 173.152832 ) (2963 3385.719971 -126.932106 ) 
3 184 211 (2963 3481.580078 169.012451 ) (2963 3459.254639 -146.628571 ) (2963 3401.179932 -131.073090 ) 
4 184 210 (2963 3457.035645 -178 ) (2963 3295.232178 -178 ) (2963 3327.654785 -111.379158 ) (2963 3459.254639 -146.628571 ) 
5 184 209 (2963 3599 -178 ) (2963 3457.035645 -178 ) (2963 3484.550049 211.002380 ) (2963 3502.970215 248.851410 ) (2963 3599 223.113281 ) 
4 184 208 (2963 3295.232178 -178 ) (2963 3072 -178 ) (2963 3072 364.360901 ) (2963 3502.970215 248.851410 ) 
4 184 207 (2963 3072 364.360901 ) (2963 3072 1536 ) (2963 3599 1536 ) (2963 3599 223.113281 ) 
4 184 192 (2963 3601 -178 ) (2963 3599 -178 ) (2963 3599 1536 ) (2963 3601 1536 ) 
4 185 231 (2882 4096 -178 ) (2963 4096 -178 ) (2963 3680 -178 ) (2882 3680 -178 ) 
4 185 200 (2918 3680 -33.775101 ) (2918 3680 390.867126 ) (2882 3680 275.216553 ) (2882 3680 -100.958649 ) 
4 185 195 (2902 3680 -178 ) (2918 3680 -178 ) (2918 3680 -33.775101 ) (2902 3680 -63.634453 ) 
4 185 199 (2882 3680 -178 ) (2902 3680 -178 ) (2902 3680 -63.634453 ) (2882 3680 -100.958649 ) 
4 185 193 (2918 3680 390.867126 ) (2918 3680 1536 ) (2882 3680 1536 ) (2882 3680 275.216553 ) 
4 185 192 (2918 3680 -178 ) (2963 3680 -178 ) (2963 3680 1536 ) (2918 3680 1536 ) 
3 185 190 (2882 3680 132.671570 ) (2882 3688 174 ) (2882 3696 132.672821 ) 
3 185 189 (2882 3688 174 ) (2882 3696 215.328003 ) (2882 3696 132.672821 ) 
3 185 188 (2882 3680 132.671570 ) (2882 3680 215.328064 ) (2882 3696 215.328003 ) 
4 185 187 (2882 3680 215.328064 ) (2882 3680 1536 ) (2882 3696 1536 ) (2882 3696 215.328003 ) 
4 185 186 (2882 4096 -178 ) (2882 3696 -178 ) (2882 3696 1536 ) (2882 4096 1536 ) 
4 186 231 (2866 4096 -178 ) (2882 4096 -178 ) (2882 3696 -178 ) (2866 3696 -178 ) 
3 186 189 (2866 3696 132.672852 ) (2882 3696 132.672852 ) (2882 3696 215.328064 ) 
4 186 187 (2866 3696 1536 ) (2866 3696 132.672852 ) (2882 3696 215.328064 ) (2882 3696 1536 ) 
4 186 191 (2866 4096 -178 ) (2866 3696 -178 ) (2866 3696 1536 ) (2866 4096 1536 ) 
4 187 201 (2877.726807 3680 261.488525 ) (2866 3680 223.816284 ) (2866 3680 132.672852 ) (2868.503418 3680 145.604965 ) 
4 187 200 (2882 3680 215.328064 ) (2882 3680 275.216431 ) (2877.726807 3680 261.488525 ) (2868.503418 3680 145.604965 ) 
4 187 193 (2882 3680 275.216431 ) (2882 3680 1536 ) (2866 3680 1536 ) (2866 3680 223.816284 ) 
3 187 189 (2866 3696 132.671875 ) (2882 3696 215.328125 ) (2874 3688 174 ) 
3 187 188 (2866 3680 132.671875 ) (2882 3696 215.328125 ) (2882 3680 215.328125 ) 
4 187 191 (2866 3680 132.672882 ) (2866 3680 1536 ) (2866 3696 1536 ) (2866 3696 132.672852 ) 
3 188 201 (2868.503418 3680 145.604950 ) (2866 3680 132.672852 ) (2867.474121 3680 132.672729 ) 
4 188 200 (2882 3680 132.671570 ) (2882 3680 215.328064 ) (2868.503418 3680 145.604950 ) (2867.474121 3680 132.672729 ) 
4 188 190 (2874 3687.998779 173.995941 ) (2874.001709 3688 174.001083 ) (2882 3688 174.001221 ) (2882 3680 132.674408 ) 
3 188 189 (2874.001709 3688 174.001083 ) (2882 3695.998047 215.320313 ) (2882 3688 174.001221 ) 
3 189 190 (2882 3688 173.998138 ) (2874 3688 173.998138 ) (2882 3696 132.672653 ) 
4 191 231 (2176 3680 -178 ) (2176 4096 -178 ) (2866 4096 -178 ) (2866 3680 -178 ) 
4 191 205 (2809.713135 3680 -21.024300 ) (2781.471924 3680 -47.727875 ) (2760.189209 3680 -116.098000 ) (2778.037354 3680 -122.775322 ) 
4 191 204 (2845.144287 3680 -147.881409 ) (2858.946289 3680 25.528488 ) (2809.713135 3680 -21.024300 ) (2778.037354 3680 -122.775322 ) 
5 191 203 (2740.920166 3680 -178 ) (2840.717773 3680 -178 ) (2843.101074 3680 -173.552032 ) (2845.144287 3680 -147.881409 ) (2760.189209 3680 -116.098000 ) 
4 191 201 (2858.946289 3680 25.528488 ) (2866 3680 114.152420 ) (2866 3680 223.817017 ) (2781.471924 3680 -47.727875 ) 
3 191 200 (2843.101074 3680 -173.552032 ) (2866 3680 -130.818008 ) (2866 3680 114.152420 ) 
3 191 199 (2840.717773 3680 -178 ) (2866 3680 -178 ) (2866 3680 -130.818008 ) 
5 191 193 (2176 3680 -178 ) (2740.920166 3680 -178 ) (2866 3680 223.817017 ) (2866 3680 1536 ) (2176 3680 1536 ) 
4 192 231 (2918 3680 -178 ) (2963 3680 -178 ) (2963 3599 -178 ) (2918 3599 -178 ) 
4 192 215 (2918 3599 -178 ) (2929 3599 -178 ) (2929 3599 1536 ) (2918 3599 1536 ) 
4 192 214 (2929 3599 -178 ) (2947 3599 -178 ) (2947 3599 1536 ) (2929 3599 1536 ) 
4 192 209 (2947 3599 -178 ) (2963 3599 -178 ) (2963 3599 223.113373 ) (2947 3599 137.542114 ) 
4 192 207 (2963 3599 223.113373 ) (2963 3599 1536 ) (2947 3599 1536 ) (2947 3599 137.542114 ) 
4 192 200 (2918 3680 390.867065 ) (2918 3680 -33.775116 ) (2918 3610.345703 191.283875 ) (2918 3626.592773 275.216095 ) 
3 192 198 (2918 3599 132.671173 ) (2918 3607 174 ) (2918 3615 132.671631 ) 
4 192 197 (2918 3607 174 ) (2918 3610.345703 191.283875 ) (2918 3615 176.245438 ) (2918 3615 132.671631 ) 
4 192 195 (2918 3680 -33.775116 ) (2918 3680 -178 ) (2918 3615 -178 ) (2918 3615 176.245438 ) 
3 192 194 (2918 3599 132.671173 ) (2918 3599 215.464996 ) (2918 3626.592773 275.216095 ) 
4 192 193 (2918 3680 1536 ) (2918 3680 390.867065 ) (2918 3599 215.464996 ) (2918 3599 1536 ) 
4 193 231 (2176 3599 -178 ) (2176 3680 -178 ) (2740.919922 3680 -178 ) (2795.520020 3599 -178 ) 
5 193 222 (2176 3599 1536 ) (2176 3599 -178 ) (2795.520020 3599 -178 ) (2913 3599 199.402588 ) (2913 3599 1536 ) 
4 193 215 (2913 3599 199.402588 ) (2918 3599 215.464996 ) (2918 3599 1536 ) (2913 3599 1536 ) 
6 193 206 (2903.679199 3611.261963 196.017258 ) (2901.388672 3608.809570 183.348389 ) (2895.199463 3607 159.545990 ) (2895.196777 3607 159.538803 ) (2887.467773 3620.379639 163.681763 ) (2887.469971 3620.379150 163.687744 ) 
4 193 205 (2779 3647.439209 -126.174751 ) (2760.187500 3680 -116.097321 ) (2781.469238 3680 -47.730438 ) (2887.469971 3620.379150 163.687744 ) 
4 193 203 (2786.729004 3634.059326 -130.315765 ) (2768.885010 3638.510986 -178 ) (2740.917969 3680 -178 ) (2760.187500 3680 -116.097321 ) 
3 193 202 (2901.388672 3608.809570 183.348389 ) (2898.847900 3606.089355 169.295380 ) (2895.199463 3607 159.545990 ) 
4 193 201 (2912.180176 3620.363281 243.034698 ) (2903.679199 3611.261963 196.017258 ) (2781.469238 3680 -47.730438 ) (2877.726563 3680 261.494019 ) 
4 193 200 (2918 3680 390.871094 ) (2918 3626.593994 275.223358 ) (2912.180176 3620.363281 243.034698 ) (2877.726563 3680 261.494019 ) 
4 193 199 (2898.847900 3606.089355 169.295380 ) (2892.226318 3599 132.671860 ) (2795.518555 3599 -178 ) (2768.885010 3638.510986 -178 ) 
3 193 194 (2918 3626.593994 275.223358 ) (2918 3599 215.469727 ) (2892.226318 3599 132.671860 ) 
3 194 222 (2913 3599 199.402542 ) (2892.227539 3599 132.671173 ) (2913 3599 132.671173 ) 
4 194 215 (2918 3599 132.671173 ) (2918 3599 215.464996 ) (2913 3599 199.402542 ) (2913 3599 132.671173 ) 
3 194 206 (2901.382568 3608.806885 183.334000 ) (2903.675293 3611.261475 196.014435 ) (2908.458252 3611.904785 199.337387 ) 
5 194 202 (2898.843506 3606.088379 169.290222 ) (2901.382568 3608.806885 183.334000 ) (2908.458252 3611.904785 199.337387 ) (2913.663574 3612.604736 202.953766 ) (2914.254639 3609.513428 186.984070 ) 
3 194 201 (2903.675293 3611.261475 196.014435 ) (2912.179688 3620.366211 243.050781 ) (2913.663574 3612.604736 202.953766 ) 
4 194 200 (2912.179688 3620.366211 243.050781 ) (2918 3626.597656 275.242188 ) (2918 3610.345703 191.284363 ) (2914.254639 3609.513428 186.984070 ) 
3 194 198 (2918 3607 174 ) (2918 3599 132.672684 ) (2910 3607 174 ) 
4 194 197 (2912.015869 3609.015869 184.413849 ) (2918 3610.345703 191.284363 ) (2918 3607 174 ) (2910 3607 174 ) 
3 194 196 (2902 3606.789795 172.914291 ) (2912.015869 3609.015869 184.413849 ) (2902 3599 132.672180 ) 
4 194 199 (2892.222656 3599 132.671875 ) (2898.843506 3606.088379 169.290222 ) (2902 3606.789795 172.914291 ) (2902 3599 132.672180 ) 
4 195 231 (2902 3680 -178 ) (2918 3680 -178 ) (2918 3615 -178 ) (2902 3615 -178 ) 
4 195 204 (2902 3621.651855 124.883369 ) (2902 3617.167236 139.373352 ) (2908.046875 3615.658936 155.532043 ) (2908.048828 3615.660156 155.531433 ) 
3 195 202 (2907.069336 3615 155.836395 ) (2908.715088 3615 158.907776 ) (2908.048828 3615.660156 155.531433 ) 
5 195 200 (2918 3615 176.235565 ) (2918 3680 -33.785278 ) (2902 3680 -63.644615 ) (2902 3621.651855 124.883369 ) (2908.715088 3615 158.907776 ) 
4 195 197 (2918 3615 176.244812 ) (2906.156250 3615 154.142746 ) (2902 3615 132.671860 ) (2918 3615 132.671082 ) 
3 195 196 (2906.156250 3615 154.142746 ) (2902 3615 146.386719 ) (2902 3615 132.671860 ) 
4 195 199 (2902 3615 146.379883 ) (2902 3680 -63.640961 ) (2902 3680 -178 ) (2902 3615 -178 ) 
4 196 202 (2902 3606.788330 172.908890 ) (2912.014404 3609.013916 184.406616 ) (2906.517334 3614.627930 156.008286 ) (2902 3611.583740 157.414658 ) 
4 196 197 (2902 3615 132.671875 ) (2906.156494 3615 154.143768 ) (2912.015869 3609.015869 184.413788 ) (2910 3607 174 ) 
4 196 199 (2902 3606.789063 172.910156 ) (2902 3615 146.379883 ) (2902 3615 132.671463 ) (2902 3599 132.667969 ) 
5 197 202 (2912.014404 3609.013916 184.406616 ) (2914.254883 3609.511963 186.979019 ) (2908.715088 3615 158.907913 ) (2907.069336 3615 155.836517 ) (2906.517334 3614.627930 156.008286 ) 
4 197 200 (2914.254883 3609.511963 186.979019 ) (2918 3610.344238 191.278748 ) (2918 3615 176.235565 ) (2908.715088 3615 158.907913 ) 
4 197 198 (2910 3607 174.002136 ) (2910 3607 173.998932 ) (2918 3615 132.675781 ) (2918 3607 174.002136 ) 
5 199 231 (2840.717773 3680 -178 ) (2902 3680 -178 ) (2902 3599 -178 ) (2795.520020 3599 -178 ) (2768.886230 3638.511719 -178 ) 
4 199 222 (2795.520020 3599 -178 ) (2902 3599 -178 ) (2902 3599 132.671173 ) (2892.227539 3599 132.671173 ) 
4 199 204 (2902 3617.167236 139.373795 ) (2902 3621.651611 124.884262 ) (2847.879883 3675.265625 -149.346756 ) (2799.577393 3642.714844 -134.314529 ) 
5 199 203 (2768.884766 3638.507813 -178 ) (2786.728760 3634.056152 -130.315918 ) (2847.879883 3675.265625 -149.346756 ) (2843.100586 3680 -173.563324 ) (2840.723145 3680 -178 ) 
4 199 202 (2895.194580 3606.997314 159.533386 ) (2898.843750 3606.086914 169.285156 ) (2902 3606.788330 172.908890 ) (2902 3611.583740 157.414658 ) 
3 199 200 (2902 3621.651611 124.884262 ) (2902 3680 -63.644615 ) (2843.100586 3680 -173.563324 ) 
5 200 204 (2847.878174 3675.270020 -149.345764 ) (2908.051025 3615.661377 155.551697 ) (2900.321777 3629.039551 159.688889 ) (2858.947754 3680 25.530014 ) (2845.145508 3680 -147.881912 ) 
3 200 203 (2843.103516 3680 -173.539063 ) (2847.878174 3675.270020 -149.345764 ) (2845.145508 3680 -147.881912 ) 
4 200 202 (2908.052490 3615.659912 155.559143 ) (2914.255859 3609.514648 186.992188 ) (2913.665039 3612.604736 202.955276 ) (2912.190918 3614.420166 198.175674 ) 
4 200 201 (2913.665039 3612.604736 202.955276 ) (2912.181885 3620.363037 243.035583 ) (2877.728516 3680 261.495758 ) (2858.947754 3680 25.530014 ) 
5 201 206 (2912.187744 3614.421143 198.172684 ) (2912.189453 3614.419189 198.178070 ) (2908.460205 3611.906006 199.339111 ) (2903.680664 3611.263184 196.018509 ) (2887.472412 3620.379639 163.691238 ) 
5 201 205 (2900.317139 3629.042236 159.681641 ) (2900.320313 3629.038330 159.692215 ) (2887.472412 3620.379639 163.691238 ) (2781.473633 3680 -47.723999 ) (2809.714111 3680 -21.020456 ) 
3 201 204 (2858.945313 3680 25.531250 ) (2900.317139 3629.042236 159.681641 ) (2809.714111 3680 -21.020456 ) 
3 201 202 (2912.189453 3614.419189 198.178070 ) (2913.662109 3612.605469 202.953125 ) (2908.460205 3611.906006 199.339111 ) 
4 202 206 (2908.457031 3611.906250 199.337891 ) (2912.189941 3614.420898 198.176224 ) (2895.200439 3607.001221 159.546722 ) (2901.391357 3608.812256 183.357590 ) 
3 203 231 (2740.919922 3680 -178 ) (2840.717773 3680 -178 ) (2768.886230 3638.511719 -178 ) 
4 203 205 (2760.189453 3680 -116.098389 ) (2779 3647.439941 -126.175705 ) (2791.845947 3656.096924 -130.173416 ) (2778.036621 3680 -122.775452 ) 
4 203 204 (2799.575928 3642.716797 -134.314575 ) (2847.872559 3675.264160 -149.345016 ) (2845.136963 3680 -147.879456 ) (2778.036621 3680 -122.775452 ) 
4 204 205 (2778.039063 3680 -122.773041 ) (2791.847656 3656.097412 -130.170609 ) (2900.318604 3629.041260 159.682571 ) (2809.715088 3680 -21.021851 ) 
4 207 234 (2963 3072 364.360901 ) (2963 3072 1536 ) (2947 3072 1536 ) (2947 3072 278.789673 ) 
4 207 214 (2947 3072 1536 ) (2947 3599 1536 ) (2947 3599 137.542114 ) (2947 3072 278.789673 ) 
5 207 209 (2947 3481.579834 169.011078 ) (2947 3599 137.539795 ) (2963 3599 223.111877 ) (2963 3502.969482 248.850266 ) (2955 3484.549805 211.002426 ) 
4 207 208 (2947 3072 278.787842 ) (2947 3466.129150 173.152222 ) (2963 3502.969482 248.850266 ) (2963 3072 364.359985 ) 
4 208 234 (2947 3072 -178 ) (2963 3072 -178 ) (2963 3072 364.360901 ) (2947 3072 278.789673 ) 
4 208 231 (2963 3295.232178 -178 ) (2963 3072 -178 ) (2947 3072 -178 ) (2947 3295.232178 -178 ) 
4 208 214 (2947 3295.232178 -178 ) (2947 3072 -178 ) (2947 3072 278.789673 ) (2947 3466.130127 173.154160 ) 
4 208 213 (2955.001465 3484.546631 210.996613 ) (2955.002930 3484.550049 211.003662 ) (2963 3484.550049 211.003571 ) (2963 3466.130127 173.155060 ) 
5 208 212 (2947 3327.653564 -111.378807 ) (2947 3466.123047 173.140625 ) (2947.003174 3466.130371 173.155655 ) (2963 3466.130127 173.155060 ) (2963 3327.654541 -111.379028 ) 
4 208 210 (2947 3295.230469 -178 ) (2947 3327.653564 -111.378807 ) (2963 3327.654541 -111.379028 ) (2963 3295.231689 -178 ) 
3 208 209 (2955.002930 3484.550049 211.003662 ) (2963 3502.963379 248.838470 ) (2963 3484.550049 211.003571 ) 
4 209 231 (2947 3599 -178 ) (2963 3599 -178 ) (2963 3457.035645 -178 ) (2947 3457.035645 -178 ) 
4 209 214 (2947 3599 137.542114 ) (2947 3599 -178 ) (2947 3457.035645 -178 ) (2947 3481.580078 169.013245 ) 
3 209 213 (2963 3481.580811 169.015350 ) (2963 3484.550537 211.003723 ) (2955 3484.550537 211.003723 ) 
4 209 211 (2963 3459.255371 -146.628784 ) (2963 3481.580811 169.015350 ) (2947 3481.580566 169.013718 ) (2947 3459.255127 -146.628677 ) 
4 209 210 (2963 3457.036621 -178 ) (2963 3459.255371 -146.628784 ) (2947 3459.255127 -146.628677 ) (2947 3457.036133 -178 ) 
4 210 231 (2963 3457.035645 -178 ) (2963 3295.232178 -178 ) (2947 3295.232178 -178 ) (2947 3457.035645 -178 ) 
4 210 214 (2947 3457.035645 -178 ) (2947 3295.232178 -178 ) (2947 3327.654785 -111.379135 ) (2947 3459.254639 -146.628540 ) 
4 210 212 (2947 3385.720215 -126.931183 ) (2947 3327.653564 -111.377823 ) (2963 3327.653564 -111.377823 ) (2963 3385.720215 -126.931183 ) 
4 210 211 (2963 3459.253906 -146.627426 ) (2947 3459.253906 -146.627426 ) (2947 3401.180176 -131.072174 ) (2963 3401.180176 -131.072174 ) 
3 211 214 (2947 3481.580078 169.013245 ) (2947 3459.254639 -146.628540 ) (2947 3401.179932 -131.073059 ) 
3 212 214 (2947 3327.654785 -111.379135 ) (2947 3466.130127 173.154160 ) (2947 3385.719971 -126.932076 ) 
4 214 234 (2929 3072 -178 ) (2947 3072 -178 ) (2947 3072 1536 ) (2929 3072 1536 ) 
4 214 231 (2929 3599 -178 ) (2947 3599 -178 ) (2947 3072 -178 ) (2929 3072 -178 ) 
5 214 219 (2929 3538 175.672760 ) (2929 3538 175.643219 ) (2929 3522 175.643250 ) (2929 3522 175.672791 ) (2929 3530 217.001007 ) 
3 214 218 (2929 3538 258.329224 ) (2929 3538 175.672760 ) (2929 3530 217.001007 ) 
3 214 217 (2929 3538 258.329224 ) (2929 3522 175.672791 ) (2929 3522 258.329254 ) 
4 214 216 (2929 3522 1536 ) (2929 3538 1536 ) (2929 3538 258.329224 ) (2929 3522 258.329254 ) 
4 214 220 (2929 3538 -135 ) (2929 3538 -178 ) (2929 3522 -178 ) (2929 3522 -135 ) 
4 214 215 (2929 3538 1536 ) (2929 3599 1536 ) (2929 3599 -178 ) (2929 3538 -178 ) 
4 214 221 (2929 3072 1536 ) (2929 3522 1536 ) (2929 3522 -178 ) (2929 3072 -178 ) 
4 215 231 (2913 3599 -178 ) (2929 3599 -178 ) (2929 3538 -178 ) (2913 3538 -178 ) 
5 215 228 (2913 3575 144.179276 ) (2913 3575 -177.434952 ) (2913 3559 -177.434982 ) (2913 3559 144.180603 ) (2913 3567 186.965652 ) 
4 215 226 (2913 3575 -177.434952 ) (2913 3575 -178 ) (2913 3559 -178 ) (2913 3559 -177.434982 ) 
3 215 225 (2913 3575 229.752029 ) (2913 3575 144.179276 ) (2913 3567 186.965652 ) 
4 215 224 (2913 3575 273.953491 ) (2913 3575 229.752029 ) (2913 3559 144.180603 ) (2913 3559 273.953461 ) 
4 215 223 (2913 3559 1536 ) (2913 3575 1536 ) (2913 3575 273.953491 ) (2913 3559 273.953461 ) 
4 215 222 (2913 3575 1536 ) (2913 3599 1536 ) (2913 3599 -178 ) (2913 3575 -178 ) 
4 215 230 (2913 3538 1536 ) (2913 3559 1536 ) (2913 3559 -178 ) (2913 3538 -178 ) 
3 215 218 (2913 3538 175.672852 ) (2929 3538 175.672791 ) (2929 3538 258.329254 ) 
4 215 216 (2913 3538 1536 ) (2913 3538 175.672852 ) (2929 3538 258.329254 ) (2929 3538 1536 ) 
4 215 220 (2913 3538 -135 ) (2913 3538 -178 ) (2929 3538 -178 ) (2929 3538 -135 ) 
4 216 230 (2913 3522 1536 ) (2913 3538 1536 ) (2913 3538 175.672852 ) (2913 3522 175.672791 ) 
3 216 218 (2913 3538 175.676392 ) (2929 3538 258.332397 ) (2921 3530 217.002319 ) 
3 216 217 (2929 3522 258.332031 ) (2913 3522 175.676102 ) (2929 3538 258.332397 ) 
4 216 221 (2913 3522 1536 ) (2913 3522 175.672852 ) (2929 3522 258.329254 ) (2929 3522 1536 ) 
5 217 219 (2929 3522 175.671356 ) (2928.994629 3522 175.671356 ) (2920.996338 3529.998291 216.990921 ) (2920.998047 3530 217 ) (2929 3530 217 ) 
4 217 218 (2920.998047 3530 217 ) (2928.998047 3538 258.327362 ) (2929 3538 258.327362 ) (2929 3530 217 ) 
3 217 221 (2913 3522 175.672852 ) (2929 3522 175.672791 ) (2929 3522 258.329254 ) 
5 218 219 (2929 3530 217.003906 ) (2921.003906 3530 217.003906 ) (2920.998779 3530.004150 216.976929 ) (2928.994629 3538 175.670914 ) (2929 3538 175.670914 ) 
4 220 231 (2929 3538 -178 ) (2929 3522 -178 ) (2913 3522 -178 ) (2913 3538 -178 ) 
4 220 230 (2913 3538 -135 ) (2913 3538 -178 ) (2913 3522 -178 ) (2913 3522 -135 ) 
4 220 221 (2913 3522 -135 ) (2913 3522 -178 ) (2929 3522 -178 ) (2929 3522 -135 ) 
4 221 234 (2913 3072 -178 ) (2929 3072 -178 ) (2929 3072 1536 ) (2913 3072 1536 ) 
4 221 231 (2929 3522 -178 ) (2929 3072 -178 ) (2913 3072 -178 ) (2913 3522 -178 ) 
4 221 230 (2913 3072 1536 ) (2913 3522 1536 ) (2913 3522 -178 ) (2913 3072 -178 ) 
4 222 231 (2176 3575 -178 ) (2176 3599 -178 ) (2913 3599 -178 ) (2913 3575 -178 ) 
4 222 228 (2913 3575 -177.434982 ) (2913 3575 144.179260 ) (2872.580078 3575 155.012527 ) (2792.180176 3575 -145.073044 ) 
3 222 227 (2857.129639 3575 159.153564 ) (2718.654785 3575 -125.379089 ) (2776.719971 3575 -140.932007 ) 
4 222 226 (2693.045410 3575 -178 ) (2913 3575 -178 ) (2913 3575 -177.434982 ) (2718.654785 3575 -125.379089 ) 
4 222 225 (2913 3575 144.179260 ) (2913 3575 229.752014 ) (2893.970459 3575 234.852295 ) (2857.129639 3575 159.153564 ) 
3 222 224 (2913 3575 229.752014 ) (2913 3575 273.953461 ) (2893.970459 3575 234.852295 ) 
5 222 223 (2176 3575 -178 ) (2693.045410 3575 -178 ) (2913 3575 273.953461 ) (2913 3575 1536 ) (2176 3575 1536 ) 
4 223 231 (2176 3559 -178 ) (2176 3575 -178 ) (2693.045410 3575 -178 ) (2693.045654 3559 -178 ) 
5 223 227 (2857.130371 3559 159.154495 ) (2718.655029 3559 -125.379135 ) (2718.652588 3575 -125.378494 ) (2857.127930 3575 159.153931 ) (2857.131836 3574.998291 159.162018 ) 
4 223 226 (2718.655029 3559 -125.379135 ) (2693.045654 3559 -178 ) (2693.042969 3575 -178 ) (2718.652588 3575 -125.378494 ) 
3 223 225 (2857.127930 3575 159.153931 ) (2893.968750 3575 234.852448 ) (2875.549316 3567 197.002884 ) 
4 223 224 (2913 3559 273.953125 ) (2857.130371 3559 159.154495 ) (2893.968750 3575 234.852448 ) (2913 3575 273.957031 ) 
5 223 230 (2176 3559 -178 ) (2693.045410 3559 -178 ) (2913 3559 273.953461 ) (2913 3559 1536 ) (2176 3559 1536 ) 
5 224 229 (2872.581787 3559 155.019196 ) (2872.580322 3559 155.019577 ) (2875.549805 3566.998535 197.001923 ) (2875.551270 3567 197.004868 ) (2883.276123 3567 194.934387 ) 
4 224 228 (2913 3559 144.185547 ) (2872.581787 3559 155.019196 ) (2883.276123 3567 194.934387 ) (2913 3567 186.967636 ) 
4 224 225 (2875.551270 3567 197.004868 ) (2893.972656 3575 234.855469 ) (2913 3575 229.755707 ) (2913 3567 186.967636 ) 
3 224 230 (2913 3559 144.180603 ) (2913 3559 273.953461 ) (2857.130371 3559 159.154755 ) 
4 225 229 (2883.276367 3567 194.934555 ) (2875.554688 3567 197.003906 ) (2875.549316 3567.001953 196.992722 ) (2872.580078 3575 155.012497 ) 
4 225 228 (2913 3567 186.968750 ) (2883.276367 3567 194.934555 ) (2872.580078 3575 155.012497 ) (2913 3575 144.179031 ) 
4 226 231 (2693.045410 3575 -178 ) (2913 3575 -178 ) (2913 3559 -178 ) (2693.045654 3559 -178 ) 
4 226 228 (2913 3575 -177.435547 ) (2792.179932 3575 -145.073685 ) (2792.179932 3559 -145.073898 ) (2913 3559 -177.435913 ) 
4 226 227 (2776.719727 3575 -140.932663 ) (2718.656250 3575 -125.380310 ) (2718.656250 3559 -125.380424 ) (2776.719727 3559 -140.932861 ) 
4 226 230 (2693.045410 3559 -178 ) (2913 3559 -178 ) (2913 3559 -177.434982 ) (2718.654785 3559 -125.379089 ) 
3 227 230 (2857.130371 3559 159.154755 ) (2718.654785 3559 -125.379089 ) (2776.719971 3559 -140.932007 ) 
4 228 229 (2883.277344 3567 194.937500 ) (2872.583252 3575 155.023193 ) (2872.579590 3575 155.009537 ) (2872.580566 3559 155.013168 ) 
4 228 230 (2913 3559 -177.434982 ) (2913 3559 144.180603 ) (2872.580566 3559 155.013779 ) (2792.180176 3559 -145.073044 ) 
4 230 234 (2176 3072 1536 ) (2176 3072 -178 ) (2913 3072 -178 ) (2913 3072 1536 ) 
4 230 231 (2176 3072 -178 ) (2176 3559 -178 ) (2913 3559 -178 ) (2913 3072 -178 ) 
4 231 234 (3072 3072 -192 ) (3072 3072 -178 ) (2176 3072 -178 ) (2176 3072 -192 ) 
4 232 234 (3072 3072 1536 ) (3072 3072 -192 ) (3072 2048 -192 ) (3072 2048 1536 ) 
4 232 233 (4096 2048 -192 ) (4096 2048 1536 ) (3072 2048 1536 ) (3072 2048 -192 ) 
4 233 236 (3072 1760 -192 ) (3072 1760 1536 ) (3072 2048 1536 ) (3072 2048 -192 ) 
4 234 236 (3072 2048 -192 ) (3072 2048 1536 ) (2176 2048 1536 ) (2176 2048 -192 ) 
