PRT1
525
1151
4 0 81 (1024 2048 704 ) (1024 2048 1792 ) (1024 2240 1792 ) (1024 2240 704 ) 
4 0 2 (1088 2048 1792 ) (1024 2048 1792 ) (1024 2048 704 ) (1088 2048 704 ) 
4 1 16 (2136 1024 -448 ) (2048 1024 -448 ) (2048 1024 -576 ) (2136 1024 -576 ) 
4 1 14 (2152 1024 -448 ) (2136 1024 -448 ) (2136 1024 -576 ) (2152 1024 -576 ) 
4 1 13 (2376 1024 -448 ) (2152 1024 -448 ) (2152 1024 -576 ) (2376 1024 -576 ) 
4 1 10 (2392 1024 -448 ) (2376 1024 -448 ) (2376 1024 -576 ) (2392 1024 -576 ) 
4 1 8 (2900 1024 -576 ) (2900 1024 -448 ) (2392 1024 -448 ) (2392 1024 -576 ) 
4 1 4 (2900 1024 -448 ) (2900 1024 -384 ) (2048 1024 -384 ) (2048 1024 -448 ) 
4 1 3 (2048 1264 -576 ) (2048 1024 -576 ) (2048 1024 -384 ) (2048 1264 -384 ) 
4 2 108 (1024 1024 704 ) (1024 1024 1792 ) (1024 1360 1792 ) (1024 1360 704 ) 
4 2 100 (1024 1360 1792 ) (1024 1840 1792 ) (1024 1840 704 ) (1024 1360 704 ) 
4 2 95 (1024 1840 1792 ) (1024 1848 1792 ) (1024 1848 704 ) (1024 1840 704 ) 
4 2 94 (1024 1848 1792 ) (1024 2048 1792 ) (1024 2048 704 ) (1024 1848 704 ) 
4 2 28 (1088 1024 1792 ) (1024 1024 1792 ) (1024 1024 704 ) (1088 1024 704 ) 
4 3 109 (1024 1024 -576 ) (1024 1024 -384 ) (1024 1264 -384 ) (1024 1264 -576 ) 
4 3 34 (2048 1024 -576 ) (2048 1024 -448 ) (1024 1024 -448 ) (1024 1024 -576 ) 
4 3 29 (1368 1024 -384 ) (1024 1024 -384 ) (1024 1024 -448 ) (1368 1024 -448 ) 
4 3 27 (2048 1024 -448 ) (2048 1024 -384 ) (1368 1024 -384 ) (1368 1024 -448 ) 
4 4 27 (2048 1024 -384 ) (2048 1024 -448 ) (2048 880 -448 ) (2048 880 -384 ) 
4 4 16 (2048 880 -448 ) (2048 1024 -448 ) (2136 1024 -448 ) (2136 880 -448 ) 
4 4 14 (2136 1024 -448 ) (2152 1024 -448 ) (2152 880 -448 ) (2136 880 -448 ) 
4 4 13 (2152 1024 -448 ) (2376 1024 -448 ) (2376 880 -448 ) (2152 880 -448 ) 
4 4 10 (2376 1024 -448 ) (2392 1024 -448 ) (2392 880 -448 ) (2376 880 -448 ) 
4 4 8 (2392 1024 -448 ) (2900 1024 -448 ) (2900 880 -448 ) (2392 880 -448 ) 
4 5 243 (2392 0 -432 ) (2392 0 -448 ) (2616 0 -448 ) (2616 0 -432 ) 
4 5 9 (2616 0 -448 ) (2392 0 -448 ) (2392 572.800171 -448 ) (2616 304 -448 ) 
4 5 6 (2392 572.800171 -448 ) (2392 304 -448 ) (2392 304 -432 ) (2392 572.800171 -432 ) 
4 6 11 (2376 323.199982 -448 ) (2376 592 -448 ) (2392 572.800171 -448 ) (2392 304 -448 ) 
4 6 7 (2376 592 -448 ) (2376 323.199951 -448 ) (2376 323.199951 -432 ) (2376 592 -432 ) 
4 7 13 (2152 592 -448 ) (2152 872 -448 ) (2376 872 -448 ) (2376 323.200012 -448 ) 
4 8 10 (2392 1024 -576 ) (2392 880 -576 ) (2392 880 -448 ) (2392 1024 -448 ) 
4 9 245 (2616 0 -448 ) (2392 0 -448 ) (2392 0 -576 ) (2616 0 -576 ) 
4 9 12 (2392 172 -576 ) (2392 116 -576 ) (2392 116 -464 ) (2392 172 -464 ) 
4 9 11 (2392 572.800171 -576 ) (2392 304 -576 ) (2392 304 -448 ) (2392 572.800171 -448 ) 
4 10 13 (2376 1024 -576 ) (2376 880 -576 ) (2376 880 -448 ) (2376 1024 -448 ) 
4 11 13 (2376 592 -576 ) (2376 323.200012 -576 ) (2376 323.200012 -448 ) (2376 592 -448 ) 
4 12 15 (2376 172 -576 ) (2376 116 -576 ) (2376 116 -464 ) (2376 172 -464 ) 
4 13 14 (2152 1024 -576 ) (2152 880 -576 ) (2152 880 -448 ) (2152 1024 -448 ) 
4 14 16 (2136 1024 -576 ) (2136 880 -576 ) (2136 880 -448 ) (2136 1024 -448 ) 
4 15 24 (2200 80 -576 ) (2256 80 -576 ) (2256 80 -464 ) (2200 80 -464 ) 
4 15 18 (2136 216 -576 ) (2136 80 -576 ) (2136 80 -448 ) (2136 216 -448 ) 
4 16 34 (2048 1024 -448 ) (2048 1024 -576 ) (2048 880 -576 ) (2048 880 -448 ) 
4 17 37 (2048 832 -576 ) (2048 496 -576 ) (2048 496 -448 ) (2048 832 -448 ) 
4 17 21 (2064 496 -576 ) (2120 496 -576 ) (2120 496 -468 ) (2064 496 -468 ) 
4 17 19 (2120 496 -468 ) (2120 496 -464 ) (2048 496 -464 ) (2048 496 -468 ) 
4 18 21 (2120 488 -576 ) (2120 80 -576 ) (2120 80 -468 ) (2120 488 -468 ) 
4 18 20 (2120 80 -468 ) (2120 80 -448 ) (2120 488 -448 ) (2120 488 -468 ) 
4 19 40 (2048 496 -464 ) (2048 496 -468 ) (2048 488 -468 ) (2048 488 -464 ) 
4 19 22 (2064 492 -468 ) (2064 488 -468 ) (2048 488 -468 ) (2048 492 -468 ) 
4 19 21 (2064 496 -468 ) (2120 496 -468 ) (2120 488 -468 ) (2064 488 -468 ) 
4 19 20 (2048 488 -468 ) (2120 488 -468 ) (2120 488 -464 ) (2048 488 -464 ) 
4 20 63 (2048 80 -468 ) (2048 80 -448 ) (2048 352 -448 ) (2048 352 -468 ) 
4 20 59 (2048 352 -448 ) (2048 488 -448 ) (2048 488 -468 ) (2048 352 -468 ) 
4 20 22 (2064 80 -468 ) (2048 80 -468 ) (2048 488 -468 ) (2064 488 -468 ) 
4 20 21 (2120 488 -468 ) (2120 80 -468 ) (2064 80 -468 ) (2064 488 -468 ) 
4 21 22 (2064 80 -576 ) (2064 80 -468 ) (2064 492 -468 ) (2064 492 -576 ) 
4 22 63 (2048 352 -576 ) (2048 80 -576 ) (2048 80 -468 ) (2048 352 -468 ) 
4 22 59 (2048 488 -576 ) (2048 352 -576 ) (2048 352 -468 ) (2048 488 -468 ) 
4 22 41 (2048 492 -576 ) (2048 488 -576 ) (2048 488 -468 ) (2048 492 -468 ) 
4 23 246 (2304 0 -448 ) (2256 0 -448 ) (2256 0 -576 ) (2304 0 -576 ) 
4 23 25 (2256 72 -576 ) (2256 0 -576 ) (2256 0 -448 ) (2256 72 -448 ) 
4 24 25 (2200 72 -464 ) (2200 72 -576 ) (2256 72 -576 ) (2256 72 -464 ) 
4 25 246 (2256 0 -448 ) (2200 0 -448 ) (2200 0 -576 ) (2256 0 -576 ) 
4 25 26 (2200 72 -576 ) (2200 0 -576 ) (2200 0 -448 ) (2200 72 -448 ) 
4 26 246 (2200 0 -448 ) (2048 0 -448 ) (2048 0 -576 ) (2200 0 -576 ) 
4 26 64 (2048 72 -576 ) (2048 0 -576 ) (2048 0 -448 ) (2048 72 -448 ) 
4 27 34 (2048 1024 -448 ) (2048 880 -448 ) (1368 880 -448 ) (1368 1024 -448 ) 
4 27 29 (1368 1024 -384 ) (1368 1024 -448 ) (1368 880 -448 ) (1368 880 -384 ) 
4 28 140 (1024 1024 1792 ) (1024 1024 704 ) (1024 880 704 ) (1024 880 1792 ) 
4 28 30 (1024 880 1792 ) (1024 880 704 ) (1088 880 704 ) (1088 880 1792 ) 
4 29 142 (1024 1024 -384 ) (1024 1024 -448 ) (1024 880 -448 ) (1024 880 -384 ) 
4 29 34 (1024 880 -448 ) (1024 1024 -448 ) (1368 1024 -448 ) (1368 880 -448 ) 
4 30 140 (1024 880 1792 ) (1024 880 704 ) (1024 832 704 ) (1024 832 1792 ) 
4 30 31 (1088 832 1792 ) (1024 832 1792 ) (1024 832 704 ) (1088 832 704 ) 
4 31 259 (1024 0 1792 ) (1024 0 704 ) (1088 0 704 ) (1088 0 1792 ) 
4 31 140 (1024 0 704 ) (1024 0 1792 ) (1024 832 1792 ) (1024 832 704 ) 
4 32 146 (1024 344 -392 ) (1024 344 -448 ) (1024 152 -448 ) (1024 152 -392 ) 
4 32 77 (1024 152 -448 ) (1024 160 -448 ) (1144 160 -448 ) (1144 152 -448 ) 
4 32 75 (1024 160 -448 ) (1024 344 -448 ) (1144 344 -448 ) (1144 160 -448 ) 
4 32 33 (1024 152 -448 ) (1144 152 -448 ) (1144 152 -392 ) (1024 152 -392 ) 
4 33 261 (1024 0 -392 ) (1024 0 -448 ) (1176 0 -448 ) (1176 0 -392 ) 
4 33 146 (1024 0 -448 ) (1024 0 -392 ) (1024 152 -392 ) (1024 152 -448 ) 
4 33 76 (1176 0 -448 ) (1144 0 -448 ) (1144 152 -448 ) (1176 152 -448 ) 
4 33 77 (1144 0 -448 ) (1024 0 -448 ) (1024 152 -448 ) (1144 152 -448 ) 
4 34 149 (1024 880 -448 ) (1024 1024 -448 ) (1024 1024 -576 ) (1024 880 -576 ) 
4 34 36 (1024 880 -576 ) (1032 880 -576 ) (1032 880 -464 ) (1024 880 -464 ) 
4 34 35 (1248 880 -576 ) (1352 880 -576 ) (1352 880 -466 ) (1248 880 -466 ) 
4 35 39 (1248 832 -576 ) (1352 832 -576 ) (1352 832 -466 ) (1248 832 -466 ) 
4 36 150 (1024 880 -464 ) (1024 880 -576 ) (1024 832 -576 ) (1024 832 -464 ) 
4 36 39 (1024 832 -576 ) (1032 832 -576 ) (1032 832 -464 ) (1024 832 -464 ) 
4 37 56 (1656 496 -527 ) (1656 496 -525 ) (1592 496 -525 ) (1592 496 -527 ) 
4 37 52 (1594 496 -489 ) (1594 496 -525 ) (1654 496 -525 ) (1654 496 -489 ) 
4 37 51 (1654 496 -487 ) (1594 496 -487 ) (1594 496 -489 ) (1654 496 -489 ) 
4 37 50 (1656 496 -525 ) (1656 496 -487 ) (1654 496 -487 ) (1654 496 -525 ) 
4 37 55 (1594 496 -487 ) (1592 496 -487 ) (1592 496 -525 ) (1594 496 -525 ) 
4 37 45 (1926 496 -489 ) (1866 496 -489 ) (1866 496 -525 ) (1926 496 -525 ) 
4 37 48 (1866 496 -525 ) (1866 496 -527 ) (1926 496 -527 ) (1926 496 -525 ) 
4 37 44 (1928 496 -527 ) (1928 496 -489 ) (1926 496 -489 ) (1926 496 -527 ) 
4 37 49 (1866 496 -489 ) (1864 496 -489 ) (1864 496 -527 ) (1866 496 -527 ) 
4 37 43 (1928 496 -489 ) (1928 496 -488 ) (1864 496 -488 ) (1864 496 -489 ) 
4 37 42 (2012 496 -576 ) (2016 496 -576 ) (2016 496 -468 ) (2012 496 -468 ) 
4 37 40 (2048 496 -468 ) (2048 496 -464 ) (2012 496 -464 ) (2012 496 -468 ) 
4 37 38 (1556 740 -576 ) (1556 684 -576 ) (1556 684 -464 ) (1556 740 -464 ) 
4 38 39 (1548 740 -576 ) (1548 684 -576 ) (1548 684 -464 ) (1548 740 -464 ) 
4 39 152 (1024 496 -448 ) (1024 832 -448 ) (1024 832 -576 ) (1024 496 -576 ) 
4 39 58 (1024 496 -576 ) (1208 496 -576 ) (1208 496 -448 ) (1024 496 -448 ) 
4 39 57 (1420 496 -576 ) (1528 496 -576 ) (1528 496 -464 ) (1420 496 -464 ) 
4 40 59 (2048 488 -468 ) (2048 488 -464 ) (2012 488 -464 ) (2012 488 -468 ) 
4 40 41 (2048 488 -468 ) (2016 488 -468 ) (2016 492 -468 ) (2048 492 -468 ) 
4 40 42 (2016 488 -468 ) (2012 488 -468 ) (2012 496 -468 ) (2016 496 -468 ) 
4 41 59 (2016 488 -576 ) (2048 488 -576 ) (2048 488 -468 ) (2016 488 -468 ) 
4 41 42 (2016 488 -576 ) (2016 488 -468 ) (2016 492 -468 ) (2016 492 -576 ) 
4 42 59 (2012 488 -576 ) (2016 488 -576 ) (2016 488 -468 ) (2012 488 -468 ) 
4 43 61 (1928 488 -489 ) (1928 488 -488 ) (1864 488 -488 ) (1864 488 -489 ) 
4 43 46 (1926 493 -489 ) (1926 491 -489 ) (1866 491 -489 ) (1866 493 -489 ) 
4 43 45 (1866 496 -489 ) (1926 496 -489 ) (1926 493 -489 ) (1866 493 -489 ) 
4 43 47 (1926 491 -489 ) (1926 488 -489 ) (1866 488 -489 ) (1866 491 -489 ) 
4 43 44 (1926 496 -489 ) (1928 496 -489 ) (1928 488 -489 ) (1926 488 -489 ) 
4 43 49 (1864 488 -489 ) (1864 496 -489 ) (1866 496 -489 ) (1866 488 -489 ) 
4 44 61 (1928 488 -527 ) (1928 488 -489 ) (1926 488 -489 ) (1926 488 -527 ) 
4 44 46 (1926 491 -489 ) (1926 493 -489 ) (1926 493 -525 ) (1926 491 -525 ) 
4 44 45 (1926 493 -489 ) (1926 496 -489 ) (1926 496 -525 ) (1926 493 -525 ) 
4 44 47 (1926 488 -525 ) (1926 488 -489 ) (1926 491 -489 ) (1926 491 -525 ) 
4 44 48 (1926 496 -527 ) (1926 488 -527 ) (1926 488 -525 ) (1926 496 -525 ) 
4 45 49 (1866 493 -489 ) (1866 496 -489 ) (1866 496 -525 ) (1866 493 -525 ) 
4 45 48 (1866 493 -525 ) (1866 496 -525 ) (1926 496 -525 ) (1926 493 -525 ) 
4 45 46 (1866 493 -489 ) (1866 493 -525 ) (1926 493 -525 ) (1926 493 -489 ) 
4 46 47 (1866 491 -489 ) (1866 491 -525 ) (1926 491 -525 ) (1926 491 -489 ) 
4 46 49 (1866 491 -489 ) (1866 493 -489 ) (1866 493 -525 ) (1866 491 -525 ) 
4 46 48 (1866 491 -525 ) (1866 493 -525 ) (1926 493 -525 ) (1926 491 -525 ) 
4 47 61 (1926 488 -489 ) (1866 488 -489 ) (1866 488 -525 ) (1926 488 -525 ) 
4 47 48 (1866 488 -525 ) (1866 491 -525 ) (1926 491 -525 ) (1926 488 -525 ) 
4 47 49 (1866 488 -525 ) (1866 488 -489 ) (1866 491 -489 ) (1866 491 -525 ) 
4 48 61 (1866 488 -525 ) (1866 488 -527 ) (1926 488 -527 ) (1926 488 -525 ) 
4 48 49 (1866 496 -527 ) (1866 488 -527 ) (1866 488 -525 ) (1866 496 -525 ) 
4 49 61 (1866 488 -489 ) (1864 488 -489 ) (1864 488 -527 ) (1866 488 -527 ) 
4 50 61 (1656 488 -525 ) (1656 488 -487 ) (1654 488 -487 ) (1654 488 -525 ) 
4 50 56 (1654 496 -525 ) (1656 496 -525 ) (1656 488 -525 ) (1654 488 -525 ) 
4 50 53 (1654 493 -525 ) (1654 491 -525 ) (1654 491 -489 ) (1654 493 -489 ) 
4 50 52 (1654 496 -525 ) (1654 493 -525 ) (1654 493 -489 ) (1654 496 -489 ) 
4 50 54 (1654 491 -525 ) (1654 488 -525 ) (1654 488 -489 ) (1654 491 -489 ) 
4 50 51 (1654 488 -489 ) (1654 488 -487 ) (1654 496 -487 ) (1654 496 -489 ) 
4 51 61 (1654 488 -487 ) (1594 488 -487 ) (1594 488 -489 ) (1654 488 -489 ) 
4 51 53 (1594 491 -489 ) (1594 493 -489 ) (1654 493 -489 ) (1654 491 -489 ) 
4 51 52 (1594 493 -489 ) (1594 496 -489 ) (1654 496 -489 ) (1654 493 -489 ) 
4 51 54 (1594 488 -489 ) (1594 491 -489 ) (1654 491 -489 ) (1654 488 -489 ) 
4 51 55 (1594 488 -489 ) (1594 488 -487 ) (1594 496 -487 ) (1594 496 -489 ) 
4 52 56 (1594 496 -525 ) (1654 496 -525 ) (1654 493 -525 ) (1594 493 -525 ) 
4 52 55 (1594 496 -525 ) (1594 493 -525 ) (1594 493 -489 ) (1594 496 -489 ) 
4 52 53 (1654 493 -525 ) (1654 493 -489 ) (1594 493 -489 ) (1594 493 -525 ) 
4 53 56 (1654 493 -525 ) (1654 491 -525 ) (1594 491 -525 ) (1594 493 -525 ) 
4 53 54 (1654 491 -525 ) (1654 491 -489 ) (1594 491 -489 ) (1594 491 -525 ) 
4 53 55 (1594 493 -525 ) (1594 491 -525 ) (1594 491 -489 ) (1594 493 -489 ) 
4 54 61 (1594 488 -489 ) (1594 488 -525 ) (1654 488 -525 ) (1654 488 -489 ) 
4 54 56 (1654 491 -525 ) (1654 488 -525 ) (1594 488 -525 ) (1594 491 -525 ) 
4 54 55 (1594 491 -525 ) (1594 488 -525 ) (1594 488 -489 ) (1594 491 -489 ) 
4 55 61 (1594 488 -487 ) (1592 488 -487 ) (1592 488 -525 ) (1594 488 -525 ) 
4 55 56 (1592 488 -525 ) (1592 496 -525 ) (1594 496 -525 ) (1594 488 -525 ) 
4 56 61 (1656 488 -527 ) (1656 488 -525 ) (1592 488 -525 ) (1592 488 -527 ) 
4 57 61 (1420 488 -576 ) (1528 488 -576 ) (1528 488 -464 ) (1420 488 -464 ) 
4 58 152 (1024 488 -448 ) (1024 496 -448 ) (1024 496 -576 ) (1024 488 -576 ) 
4 58 62 (1024 488 -576 ) (1208 488 -576 ) (1208 488 -448 ) (1024 488 -448 ) 
4 59 63 (1988 352 -576 ) (2048 352 -576 ) (2048 352 -448 ) (1988 352 -448 ) 
4 59 60 (1988 440 -576 ) (1988 384 -576 ) (1988 384 -464 ) (1988 440 -464 ) 
4 60 61 (1980 440 -576 ) (1980 384 -576 ) (1980 384 -464 ) (1980 440 -464 ) 
4 61 78 (1216 488 -576 ) (1420 488 -576 ) (1420 352 -576 ) (1216 352 -576 ) 
4 61 65 (1760 352 -576 ) (1816 352 -576 ) (1816 352 -464 ) (1760 352 -464 ) 
4 62 152 (1024 352 -448 ) (1024 488 -448 ) (1024 488 -576 ) (1024 352 -576 ) 
4 62 67 (1024 352 -576 ) (1032 352 -576 ) (1032 352 -464 ) (1024 352 -464 ) 
4 64 269 (2048 0 -576 ) (2048 0 -448 ) (1988 0 -448 ) (1988 0 -576 ) 
4 65 66 (1760 344 -576 ) (1816 344 -576 ) (1816 344 -464 ) (1760 344 -464 ) 
4 66 273 (1972 0 -448 ) (1600 0 -448 ) (1600 0 -576 ) (1972 0 -576 ) 
4 66 69 (1600 0 -544 ) (1600 0 -472 ) (1600 73 -472 ) (1600 73 -544 ) 
4 66 68 (1600 144 -544 ) (1600 144 -472 ) (1600 297 -472 ) (1600 297 -544 ) 
4 67 156 (1024 352 -464 ) (1024 352 -576 ) (1024 344 -576 ) (1024 344 -464 ) 
4 67 75 (1024 344 -576 ) (1032 344 -576 ) (1032 344 -464 ) (1024 344 -464 ) 
4 68 70 (1592 144 -544 ) (1592 144 -472 ) (1592 297 -472 ) (1592 297 -544 ) 
4 69 277 (1592 0 -472 ) (1592 0 -544 ) (1600 0 -544 ) (1600 0 -472 ) 
4 69 70 (1592 0 -544 ) (1592 0 -472 ) (1592 73 -472 ) (1592 73 -544 ) 
4 70 290 (1592 0 -448 ) (1376 0 -448 ) (1376 0 -576 ) (1592 0 -576 ) 
4 71 300 (1368 0 -448 ) (1184 0 -448 ) (1184 0 -576 ) (1368 0 -576 ) 
4 71 73 (1184 104 -576 ) (1184 48 -576 ) (1184 48 -464 ) (1184 104 -464 ) 
4 71 72 (1184 344 -448 ) (1184 344 -576 ) (1184 160 -576 ) (1184 160 -448 ) 
4 72 74 (1176 344 -448 ) (1176 344 -576 ) (1176 160 -576 ) (1176 160 -448 ) 
4 73 76 (1176 104 -576 ) (1176 48 -576 ) (1176 48 -464 ) (1176 104 -464 ) 
4 75 157 (1024 160 -448 ) (1024 344 -448 ) (1024 344 -576 ) (1024 160 -576 ) 
4 75 77 (1024 160 -576 ) (1144 160 -576 ) (1144 160 -448 ) (1024 160 -448 ) 
4 76 301 (1176 0 -448 ) (1144 0 -448 ) (1144 0 -576 ) (1176 0 -576 ) 
4 76 77 (1144 152 -576 ) (1144 0 -576 ) (1144 0 -448 ) (1144 152 -448 ) 
4 77 301 (1144 0 -448 ) (1024 0 -448 ) (1024 0 -576 ) (1144 0 -576 ) 
4 77 157 (1024 0 -576 ) (1024 0 -448 ) (1024 160 -448 ) (1024 160 -576 ) 
4 78 79 (1408 352 -584 ) (1216 352 -584 ) (1216 488 -584 ) (1408 488 -584 ) 
4 79 174 (1024 488 -672 ) (1024 488 -712 ) (1024 352 -712 ) (1024 352 -672 ) 
4 79 162 (1024 352 -584 ) (1024 488 -584 ) (1024 488 -672 ) (1024 352 -672 ) 
4 80 307 (1344 0 -584 ) (1064 0 -584 ) (1064 0 -712 ) (1344 0 -712 ) 
4 80 176 (1024 0 -712 ) (1024 0 -672 ) (1024 336 -672 ) (1024 336 -712 ) 
4 80 170 (1024 0 -672 ) (1024 0 -584 ) (1024 256 -584 ) (1024 256 -672 ) 
4 80 168 (1024 256 -584 ) (1024 304 -584 ) (1024 304 -672 ) (1024 256 -672 ) 
4 80 164 (1024 304 -584 ) (1024 312 -584 ) (1024 312 -672 ) (1024 304 -672 ) 
4 80 163 (1024 312 -584 ) (1024 336 -584 ) (1024 336 -672 ) (1024 312 -672 ) 
4 81 94 (1024 2048 704 ) (1024 2048 1792 ) (212 2048 1792 ) (212 2048 704 ) 
4 81 82 (212 2240 1792 ) (212 2240 704 ) (212 2048 704 ) (212 2048 1792 ) 
4 82 94 (0 2048 1792 ) (0 2048 704 ) (212 2048 704 ) (212 2048 1792 ) 
4 82 87 (0 2048 704 ) (0 2048 1792 ) (0 2240 1792 ) (0 2240 704 ) 
4 83 89 (0 2304 -832 ) (0 3008 -832 ) (0 3008 -1024 ) (0 2304 -1024 ) 
5 83 84 (0 2304 -1024 ) (212 2304 -1024 ) (212 2304 -895.998047 ) (148 2304 -832 ) (0 2304 -832 ) 
4 84 90 (0 2228 -1024 ) (0 2228 -832 ) (0 2304 -832 ) (0 2304 -1024 ) 
5 84 85 (212 2228 -1024 ) (212 2228 -895.998047 ) (148 2228 -832 ) (0 2228 -832 ) (0 2228 -1024 ) 
4 85 91 (0 2228 -832 ) (0 2228 -1024 ) (0 2096 -1024 ) (0 2096 -832 ) 
4 85 86 (0 2096 -1024 ) (212 2096 -1024 ) (212 2096 -832 ) (0 2096 -832 ) 
4 86 114 (212 2048 -1024 ) (212 2048 -768 ) (0 2048 -768 ) (0 2048 -1024 ) 
4 86 92 (0 2048 -1024 ) (0 2048 -768 ) (0 2096 -768 ) (0 2096 -1024 ) 
4 87 117 (0 2048 704 ) (0 2048 1792 ) (-832 2048 1792 ) (-832 2048 704 ) 
4 87 88 (-832 2140 704 ) (-832 2048 704 ) (-832 2048 1792 ) (-832 2140 1792 ) 
4 88 117 (-832 2048 1792 ) (-1024 2048 1792 ) (-1024 2048 704 ) (-832 2048 704 ) 
4 88 93 (-1024 2048 704 ) (-1024 2048 1792 ) (-1024 2140 1792 ) (-1024 2140 704 ) 
5 89 90 (-172 2304 -1024 ) (0 2304 -1024 ) (0 2304 -832 ) (-108 2304 -832 ) (-172 2304 -896 ) 
5 90 91 (-172 2228 -896 ) (-172 2228 -1024 ) (0 2228 -1024 ) (0 2228 -832 ) (-108 2228 -832 ) 
4 91 92 (-172 2096 -832 ) (-172 2096 -1024 ) (0 2096 -1024 ) (0 2096 -832 ) 
4 92 133 (0 2048 -1024 ) (0 2048 -768 ) (-172 2048 -768 ) (-172 2048 -1024 ) 
4 93 233 (-1024 2048 704 ) (-1024 2048 1792 ) (-1280 2048 1792 ) (-1280 2048 704 ) 
4 94 117 (0 2048 1792 ) (0 2048 704 ) (0 1848 704 ) (0 1848 1792 ) 
4 94 95 (0 1848 1792 ) (0 1848 704 ) (1024 1848 704 ) (1024 1848 1792 ) 
4 95 117 (0 1840 704 ) (0 1840 1792 ) (0 1848 1792 ) (0 1848 704 ) 
4 95 103 (436 1840 1792 ) (0 1840 1792 ) (0 1840 704 ) (436 1840 704 ) 
4 95 102 (1008 1840 1792 ) (436 1840 1792 ) (436 1840 704 ) (1008 1840 704 ) 
4 95 100 (1024 1840 704 ) (1024 1840 1792 ) (1008 1840 1792 ) (1008 1840 704 ) 
4 95 98 (28 1840 704 ) (0 1840 704 ) (0 1846 704 ) (28 1846 704 ) 
4 95 96 (300 1840 704 ) (164 1840 704 ) (164 1846 704 ) (300 1846 704 ) 
4 96 103 (300 1840 704 ) (164 1840 704 ) (164 1840 440 ) (300 1840 440 ) 
4 97 103 (164 1840 440 ) (164 1840 240 ) (300 1840 240 ) (300 1840 440 ) 
3 98 118 (0 1840 440 ) (0 1840 704 ) (0 1846 704 ) 
4 98 103 (28 1840 704 ) (0 1840 704 ) (0 1840 440 ) (28 1840 440 ) 
4 99 119 (0 1840 240 ) (0 1840 440 ) (0 1848 440 ) (0 1848 240 ) 
4 99 103 (0 1840 440 ) (0 1840 240 ) (28 1840 240 ) (28 1840 440 ) 
4 100 108 (1024 1360 704 ) (1024 1360 1792 ) (1008 1360 1792 ) (1008 1360 704 ) 
4 100 102 (1008 1840 1792 ) (1008 1840 704 ) (1008 1360 704 ) (1008 1360 1792 ) 
4 101 102 (1008 1840 -272 ) (1008 1840 -316 ) (1008 1836.880127 -316 ) (1008 1836.880127 -272 ) 
4 102 111 (848 1360 1792 ) (436 1360 1792 ) (436 1360 -316 ) (848 1360 -316 ) 
4 102 108 (1008 1360 704 ) (1008 1360 1792 ) (848 1360 1792 ) (848 1360 704 ) 
4 102 103 (436 1840 1792 ) (436 1840 -316 ) (436 1360 -316 ) (436 1360 1792 ) 
4 103 125 (0 1360 -464 ) (0 1360 -200 ) (0 1840 -200 ) (0 1840 -464 ) 
4 103 122 (0 1360 -200 ) (0 1360 240 ) (0 1840 240 ) (0 1840 -200 ) 
4 103 118 (0 1360 440 ) (0 1360 704 ) (0 1840 704 ) (0 1840 440 ) 
4 103 119 (0 1360 240 ) (0 1360 440 ) (0 1840 440 ) (0 1840 240 ) 
4 103 117 (0 1360 704 ) (0 1360 1792 ) (0 1840 1792 ) (0 1840 704 ) 
4 103 111 (0 1360 1792 ) (0 1360 -464 ) (436 1360 -464 ) (436 1360 1792 ) 
4 103 105 (0 1840 -464 ) (436 1840 -464 ) (436 1360 -464 ) (0 1360 -464 ) 
4 104 111 (652 1360 -576 ) (740 1360 -576 ) (740 1360 -464 ) (652 1360 -464 ) 
4 105 125 (0 1360 -576 ) (0 1360 -464 ) (0 1840 -464 ) (0 1840 -576 ) 
4 105 111 (0 1360 -464 ) (0 1360 -576 ) (436 1360 -576 ) (436 1360 -464 ) 
4 105 107 (436 1360 -576 ) (0 1360 -576 ) (0 1840 -576 ) (436 1840 -576 ) 
4 106 115 (436 1840 -672 ) (468 1840 -672 ) (468 1360 -672 ) (436 1360 -672 ) 
3 106 112 (436 1360 -672 ) (468 1360 -672 ) (436 1360 -640 ) 
4 106 107 (436 1360 -672 ) (436 1360 -640 ) (436 1840 -640 ) (436 1840 -672 ) 
4 107 128 (0 1840 -672 ) (0 1360 -672 ) (0 1360 -576 ) (0 1840 -576 ) 
4 107 115 (0 1360 -672 ) (0 1840 -672 ) (436 1840 -672 ) (436 1360 -672 ) 
4 107 112 (0 1360 -576 ) (0 1360 -672 ) (436 1360 -672 ) (436 1360 -576 ) 
4 108 140 (1024 1024 704 ) (1024 1024 1792 ) (848 1024 1792 ) (848 1024 704 ) 
4 108 111 (848 1360 1792 ) (848 1360 704 ) (848 1024 704 ) (848 1024 1792 ) 
4 109 151 (976 1024 -448 ) (948 1024 -448 ) (948 1024 -576 ) (976 1024 -576 ) 
4 109 149 (1024 1024 -576 ) (1024 1024 -448 ) (976 1024 -448 ) (976 1024 -576 ) 
4 109 142 (1024 1024 -448 ) (1024 1024 -384 ) (948 1024 -384 ) (948 1024 -448 ) 
4 109 110 (948 1264 -576 ) (948 1024 -576 ) (948 1024 -384 ) (948 1264 -384 ) 
4 110 153 (864 1024 -576 ) (948 1024 -576 ) (948 1024 -448 ) (864 1024 -448 ) 
4 110 155 (848 1024 -448 ) (848 1024 -576 ) (864 1024 -576 ) (864 1024 -448 ) 
4 110 143 (864 1024 -448 ) (948 1024 -448 ) (948 1024 -288 ) (864 1024 -288 ) 
4 110 145 (848 1024 -288 ) (848 1024 -448 ) (864 1024 -448 ) (864 1024 -288 ) 
4 110 111 (848 1024 -576 ) (848 1024 -288 ) (848 1312 -288 ) (848 1312 -576 ) 
4 111 155 (0 1024 -448 ) (0 1024 -576 ) (848 1024 -576 ) (848 1024 -448 ) 
4 111 145 (0 1024 -288 ) (0 1024 -448 ) (848 1024 -448 ) (848 1024 -288 ) 
4 111 141 (0 1024 704 ) (0 1024 -288 ) (848 1024 -288 ) (848 1024 704 ) 
4 111 140 (0 1024 1792 ) (0 1024 704 ) (848 1024 704 ) (848 1024 1792 ) 
4 111 127 (0 1024 -576 ) (0 1024 -200 ) (0 1168 -200 ) (0 1168 -576 ) 
4 111 125 (0 1168 -200 ) (0 1360 -200 ) (0 1360 -576 ) (0 1168 -576 ) 
4 111 122 (0 1024 -200 ) (0 1024 240 ) (0 1360 240 ) (0 1360 -200 ) 
4 111 118 (0 1024 440 ) (0 1024 704 ) (0 1360 704 ) (0 1360 440 ) 
4 111 119 (0 1024 240 ) (0 1024 440 ) (0 1360 440 ) (0 1360 240 ) 
4 111 117 (0 1024 704 ) (0 1024 1792 ) (0 1360 1792 ) (0 1360 704 ) 
4 111 112 (0 1024 -576 ) (0 1360 -576 ) (544 1360 -576 ) (544 1024 -576 ) 
4 112 167 (0 1024 -584 ) (0 1024 -672 ) (544 1024 -672 ) (544 1024 -584 ) 
4 112 160 (0 1024 -576 ) (0 1024 -584 ) (544 1024 -584 ) (544 1024 -576 ) 
4 112 131 (0 1168 -672 ) (0 1024 -672 ) (0 1024 -576 ) (0 1168 -576 ) 
4 112 128 (0 1360 -672 ) (0 1168 -672 ) (0 1168 -576 ) (0 1360 -576 ) 
4 112 116 (544 1024 -672 ) (0 1024 -672 ) (0 1360 -672 ) (544 1360 -672 ) 
3 113 132 (0 1904 -768 ) (0 1840 -768 ) (0 1840 -704 ) 
4 113 115 (0 1840 -704 ) (0 1840 -768 ) (212 1840 -768 ) (212 1840 -704 ) 
4 113 114 (212 1904 -768 ) (212 1840 -768 ) (0 1840 -768 ) (0 1904 -768 ) 
4 114 133 (0 2048 -768 ) (0 2048 -1024 ) (0 1840 -1024 ) (0 1840 -768 ) 
4 114 115 (0 1840 -768 ) (0 1840 -1024 ) (212 1840 -1024 ) (212 1840 -768 ) 
4 115 134 (0 1360 -1024 ) (0 1360 -672 ) (0 1840 -672 ) (0 1840 -1024 ) 
5 115 116 (468 1360 -672 ) (0 1360 -672 ) (0 1360 -1024 ) (500 1360 -1024 ) (500 1360 -704 ) 
4 116 180 (544 1024 -672 ) (0 1024 -672 ) (0 1024 -1024 ) (544 1024 -1024 ) 
4 116 138 (0 1024 -1024 ) (0 1024 -992 ) (0 1168 -992 ) (0 1168 -1024 ) 
4 116 137 (0 1024 -992 ) (0 1024 -672 ) (0 1168 -672 ) (0 1168 -992 ) 
4 116 134 (0 1168 -672 ) (0 1360 -672 ) (0 1360 -1024 ) (0 1168 -1024 ) 
4 117 233 (-1024 2048 1792 ) (-1024 2048 704 ) (-1024 1024 704 ) (-1024 1024 1792 ) 
4 117 183 (0 1024 704 ) (0 1024 1792 ) (-1024 1024 1792 ) (-1024 1024 704 ) 
4 117 121 (-196 1024 704 ) (-300 1024 704 ) (-300 1592 704 ) (-196 1592 704 ) 
4 117 120 (-108 1024 704 ) (-196 1024 704 ) (-196 1840 704 ) (-108 1840 704 ) 
4 117 118 (0 1846 704 ) (0 1024 704 ) (-108 1024 704 ) (-108 1846 704 ) 
4 118 184 (0 1024 440 ) (0 1024 704 ) (-108 1024 704 ) (-108 1024 440 ) 
4 118 120 (-108 1840 440 ) (-108 1024 440 ) (-108 1024 704 ) (-108 1840 704 ) 
4 118 119 (0 1024 440 ) (-108 1024 440 ) (-108 1840 440 ) (0 1840 440 ) 
4 119 184 (0 1024 240 ) (0 1024 440 ) (-108 1024 440 ) (-108 1024 240 ) 
4 119 122 (0 1840 240 ) (0 1024 240 ) (-108 1024 240 ) (-108 1840 240 ) 
4 119 120 (-108 1840 240 ) (-108 1024 240 ) (-108 1024 440 ) (-108 1840 440 ) 
4 120 184 (-108 1024 704 ) (-196 1024 704 ) (-196 1024 240 ) (-108 1024 240 ) 
4 120 122 (-108 1840 240 ) (-108 1024 240 ) (-196 1024 240 ) (-196 1840 240 ) 
4 120 121 (-196 1592 240 ) (-196 1024 240 ) (-196 1024 704 ) (-196 1592 704 ) 
4 121 184 (-196 1024 704 ) (-300 1024 704 ) (-300 1024 240 ) (-196 1024 240 ) 
4 121 123 (-196 1592 240 ) (-196 1024 240 ) (-300 1024 240 ) (-300 1592 240 ) 
4 122 184 (0 1024 -200 ) (0 1024 240 ) (-196 1024 240 ) (-196 1024 -200 ) 
4 122 127 (0 1024 -200 ) (-196 1024 -200 ) (-196 1168 -200 ) (0 1168 -200 ) 
4 122 125 (-196 1168 -200 ) (-196 1840 -200 ) (0 1840 -200 ) (0 1168 -200 ) 
4 122 123 (-196 1024 240 ) (-196 1592 240 ) (-196 1592 -200 ) (-196 1024 -200 ) 
4 123 184 (-196 1024 240 ) (-300 1024 240 ) (-300 1024 -200 ) (-196 1024 -200 ) 
4 123 127 (-196 1024 -200 ) (-300 1024 -200 ) (-300 1168 -200 ) (-196 1168 -200 ) 
4 123 126 (-300 1168 -200 ) (-300 1592 -200 ) (-196 1592 -200 ) (-196 1168 -200 ) 
4 123 124 (-300 1592 -96 ) (-300 1592 -200 ) (-300 1024 -200 ) (-300 1024 -96 ) 
3 124 185 (-376 1024 -200 ) (-300 1024 -200 ) (-300 1024 -96 ) 
4 124 127 (-300 1024 -200 ) (-376 1024 -200 ) (-376 1168 -200 ) (-300 1168 -200 ) 
4 124 126 (-376 1168 -200 ) (-376 1592 -200 ) (-300 1592 -200 ) (-300 1168 -200 ) 
4 125 129 (-172 1168 -576 ) (-196 1168 -576 ) (-196 1840 -576 ) (-172 1840 -576 ) 
4 125 128 (0 1840 -576 ) (0 1168 -576 ) (-172 1168 -576 ) (-172 1840 -576 ) 
4 125 127 (-196 1168 -576 ) (0 1168 -576 ) (0 1168 -200 ) (-196 1168 -200 ) 
4 125 126 (-196 1592 -576 ) (-196 1168 -576 ) (-196 1168 -200 ) (-196 1592 -200 ) 
4 126 130 (-196 1592 -576 ) (-196 1168 -576 ) (-376 1168 -576 ) (-376 1592 -576 ) 
4 126 127 (-376 1168 -576 ) (-196 1168 -576 ) (-196 1168 -200 ) (-376 1168 -200 ) 
4 127 193 (0 1024 -576 ) (0 1024 -448 ) (-704 1024 -448 ) (-704 1024 -576 ) 
4 127 187 (0 1024 -448 ) (0 1024 -200 ) (-704 1024 -200 ) (-704 1024 -448 ) 
4 127 131 (0 1168 -576 ) (0 1024 -576 ) (-276 1024 -576 ) (-276 1168 -576 ) 
4 128 134 (0 1840 -672 ) (0 1168 -672 ) (-172 1168 -672 ) (-172 1840 -672 ) 
4 128 131 (-172 1168 -672 ) (0 1168 -672 ) (0 1168 -576 ) (-172 1168 -576 ) 
4 128 129 (-172 1840 -672 ) (-172 1168 -672 ) (-172 1168 -576 ) (-172 1840 -576 ) 
4 129 135 (-172 1840 -672 ) (-172 1168 -672 ) (-196 1168 -672 ) (-196 1840 -672 ) 
4 129 131 (-196 1168 -672 ) (-172 1168 -672 ) (-172 1168 -576 ) (-196 1168 -576 ) 
4 129 130 (-196 1592 -672 ) (-196 1168 -672 ) (-196 1168 -576 ) (-196 1592 -576 ) 
4 130 136 (-196 1168 -672 ) (-376 1168 -672 ) (-376 1592 -672 ) (-196 1592 -672 ) 
4 130 131 (-276 1168 -672 ) (-196 1168 -672 ) (-196 1168 -576 ) (-276 1168 -576 ) 
4 131 213 (0 1024 -672 ) (0 1024 -576 ) (-276 1024 -576 ) (-276 1024 -672 ) 
4 131 137 (0 1168 -672 ) (0 1024 -672 ) (-276 1024 -672 ) (-276 1168 -672 ) 
4 132 133 (0 1840 -768 ) (-172 1840 -768 ) (-172 1904 -768 ) (0 1904 -768 ) 
4 132 134 (-172 1840 -704 ) (-172 1840 -768 ) (0 1840 -768 ) (0 1840 -704 ) 
4 133 134 (-172 1840 -768 ) (-172 1840 -1024 ) (0 1840 -1024 ) (0 1840 -768 ) 
4 134 138 (-172 1168 -1024 ) (0 1168 -1024 ) (0 1168 -992 ) (-172 1168 -992 ) 
4 134 137 (0 1168 -992 ) (0 1168 -672 ) (-172 1168 -672 ) (-172 1168 -992 ) 
4 134 135 (-172 1840 -1024 ) (-172 1168 -1024 ) (-172 1168 -672 ) (-172 1840 -672 ) 
4 135 138 (-196 1168 -1024 ) (-172 1168 -1024 ) (-172 1168 -992 ) (-196 1168 -992 ) 
4 135 137 (-172 1168 -992 ) (-172 1168 -672 ) (-196 1168 -672 ) (-196 1168 -992 ) 
4 135 136 (-196 1592 -1024 ) (-196 1168 -1024 ) (-196 1168 -672 ) (-196 1592 -672 ) 
4 136 138 (-376 1168 -1024 ) (-196 1168 -1024 ) (-196 1168 -992 ) (-376 1168 -992 ) 
4 136 137 (-196 1168 -992 ) (-196 1168 -672 ) (-276 1168 -672 ) (-276 1168 -992 ) 
4 137 221 (0 1024 -992 ) (0 1024 -672 ) (-276 1024 -672 ) (-276 1024 -992 ) 
4 137 138 (0 1024 -992 ) (-276 1024 -992 ) (-276 1168 -992 ) (0 1168 -992 ) 
4 138 230 (-360 1024 -992 ) (-376 1024 -992 ) (-376 1024 -1024 ) (-360 1024 -1024 ) 
4 138 222 (-276 1024 -992 ) (-360 1024 -992 ) (-360 1024 -1024 ) (-276 1024 -1024 ) 
4 138 221 (0 1024 -1024 ) (0 1024 -992 ) (-276 1024 -992 ) (-276 1024 -1024 ) 
4 138 139 (-376 1024 -992 ) (-376 1168 -992 ) (-376 1168 -1024 ) (-376 1024 -1024 ) 
4 139 231 (-376 1024 -992 ) (-412 1024 -992 ) (-412 1024 -1024 ) (-376 1024 -1024 ) 
4 140 356 (100 0 1792 ) (0 0 1792 ) (0 0 704 ) (100 0 704 ) 
4 140 352 (116 0 1792 ) (100 0 1792 ) (100 0 704 ) (116 0 704 ) 
4 140 346 (352 0 1792 ) (116 0 1792 ) (116 0 704 ) (352 0 704 ) 
4 140 344 (368 0 1792 ) (352 0 1792 ) (352 0 704 ) (368 0 704 ) 
4 140 342 (752 0 1792 ) (368 0 1792 ) (368 0 704 ) (752 0 704 ) 
4 140 334 (848 0 1792 ) (752 0 1792 ) (752 0 704 ) (848 0 704 ) 
4 140 332 (1024 0 704 ) (1024 0 1792 ) (848 0 1792 ) (848 0 704 ) 
4 140 183 (0 1024 1792 ) (0 1024 704 ) (0 0 704 ) (0 0 1792 ) 
4 140 141 (0 1024 704 ) (848 1024 704 ) (848 0 704 ) (0 0 704 ) 
4 141 191 (0 200 -288 ) (0 0 -288 ) (0 0 -200 ) (0 200 -200 ) 
4 141 189 (0 296 -288 ) (0 200 -288 ) (0 200 -200 ) (0 296 -200 ) 
4 141 188 (0 304 -288 ) (0 296 -288 ) (0 296 -200 ) (0 304 -200 ) 
4 141 187 (0 1024 -200 ) (0 1024 -288 ) (0 304 -288 ) (0 304 -200 ) 
4 141 186 (0 304 -200 ) (0 0 -200 ) (0 0 704 ) (0 304 704 ) 
4 141 184 (0 1024 704 ) (0 1024 -200 ) (0 304 -200 ) (0 304 704 ) 
4 141 148 (848 0 -288 ) (0 0 -288 ) (0 352 -288 ) (848 352 -288 ) 
4 141 145 (0 352 -288 ) (0 1024 -288 ) (848 1024 -288 ) (848 352 -288 ) 
4 142 151 (948 1024 -448 ) (976 1024 -448 ) (976 880 -448 ) (948 880 -448 ) 
4 142 149 (976 1024 -448 ) (1024 1024 -448 ) (1024 880 -448 ) (976 880 -448 ) 
4 142 143 (948 1024 -448 ) (948 880 -448 ) (948 880 -384 ) (948 1024 -384 ) 
4 143 153 (864 1024 -448 ) (948 1024 -448 ) (948 864 -448 ) (864 864 -448 ) 
4 143 145 (864 1024 -448 ) (864 864 -448 ) (864 864 -288 ) (864 1024 -288 ) 
4 144 154 (948 696 -448 ) (948 352 -448 ) (864 352 -448 ) (864 696 -448 ) 
4 144 145 (864 696 -448 ) (864 352 -448 ) (864 352 -288 ) (864 696 -288 ) 
4 145 187 (0 1024 -288 ) (0 1024 -448 ) (0 352 -448 ) (0 352 -288 ) 
4 145 155 (0 1024 -448 ) (864 1024 -448 ) (864 352 -448 ) (0 352 -448 ) 
4 145 148 (0 352 -448 ) (848 352 -448 ) (848 352 -288 ) (0 352 -288 ) 
4 146 333 (1024 0 -448 ) (1024 0 -392 ) (948 0 -392 ) (948 0 -448 ) 
4 146 157 (1024 344 -448 ) (1024 0 -448 ) (948 0 -448 ) (948 344 -448 ) 
4 146 147 (948 344 -392 ) (948 344 -448 ) (948 0 -448 ) (948 0 -392 ) 
4 147 333 (856 0 -392 ) (856 0 -448 ) (948 0 -448 ) (948 0 -392 ) 
4 147 157 (948 0 -448 ) (856 0 -448 ) (856 344 -448 ) (948 344 -448 ) 
4 148 357 (0 0 -384 ) (0 0 -448 ) (100 0 -448 ) (100 0 -384 ) 
4 148 343 (368 0 -384 ) (368 0 -448 ) (752 0 -448 ) (752 0 -384 ) 
4 148 191 (0 200 -448 ) (0 0 -448 ) (0 0 -288 ) (0 200 -288 ) 
4 148 189 (0 296 -448 ) (0 200 -448 ) (0 200 -288 ) (0 296 -288 ) 
4 148 188 (0 304 -448 ) (0 296 -448 ) (0 296 -288 ) (0 304 -288 ) 
4 148 187 (0 352 -448 ) (0 304 -448 ) (0 304 -288 ) (0 352 -288 ) 
4 148 159 (848 0 -448 ) (0 0 -448 ) (0 352 -448 ) (848 352 -448 ) 
4 149 151 (976 1024 -576 ) (976 880 -576 ) (976 880 -448 ) (976 1024 -448 ) 
4 149 150 (976 880 -464 ) (976 880 -576 ) (1024 880 -576 ) (1024 880 -464 ) 
4 150 152 (976 832 -576 ) (1024 832 -576 ) (1024 832 -464 ) (976 832 -464 ) 
4 151 153 (948 1024 -576 ) (948 880 -576 ) (948 880 -448 ) (948 1024 -448 ) 
4 152 156 (976 352 -576 ) (1024 352 -576 ) (1024 352 -464 ) (976 352 -464 ) 
4 153 155 (864 1024 -576 ) (864 864 -576 ) (864 864 -448 ) (864 1024 -448 ) 
4 154 155 (864 696 -576 ) (864 352 -576 ) (864 352 -448 ) (864 696 -448 ) 
4 155 194 (0 772 -576 ) (0 352 -576 ) (0 352 -448 ) (0 772 -448 ) 
4 155 193 (0 1024 -448 ) (0 1024 -576 ) (0 772 -576 ) (0 772 -448 ) 
4 155 160 (0 352 -576 ) (0 1024 -576 ) (544 1024 -576 ) (544 352 -576 ) 
4 155 159 (0 352 -576 ) (848 352 -576 ) (848 352 -448 ) (0 352 -448 ) 
4 156 157 (976 344 -576 ) (1024 344 -576 ) (1024 344 -464 ) (976 344 -464 ) 
4 157 333 (1024 0 -576 ) (1024 0 -448 ) (856 0 -448 ) (856 0 -576 ) 
4 157 158 (856 60 -544 ) (856 60 -464 ) (856 188 -464 ) (856 188 -544 ) 
4 158 159 (848 60 -544 ) (848 60 -464 ) (848 188 -464 ) (848 188 -544 ) 
4 159 357 (100 0 -448 ) (0 0 -448 ) (0 0 -576 ) (100 0 -576 ) 
4 159 343 (752 0 -448 ) (368 0 -448 ) (368 0 -576 ) (752 0 -576 ) 
4 159 205 (0 296 -576 ) (0 0 -576 ) (0 0 -448 ) (0 296 -448 ) 
4 159 198 (0 304 -576 ) (0 296 -576 ) (0 296 -448 ) (0 304 -448 ) 
4 159 194 (0 352 -576 ) (0 304 -576 ) (0 304 -448 ) (0 352 -448 ) 
4 159 161 (328 72 -576 ) (192 72 -576 ) (192 144 -576 ) (328 144 -576 ) 
4 159 160 (0 304 -576 ) (0 352 -576 ) (544 352 -576 ) (544 304 -576 ) 
4 160 213 (0 1024 -576 ) (0 1024 -584 ) (0 304 -584 ) (0 304 -576 ) 
4 160 167 (0 1024 -584 ) (544 1024 -584 ) (544 304 -584 ) (0 304 -584 ) 
4 162 174 (1024 488 -672 ) (1024 352 -672 ) (984 352 -672 ) (984 488 -672 ) 
4 162 166 (984 488 -672 ) (984 352 -672 ) (984 352 -584 ) (984 488 -584 ) 
4 163 176 (1024 336 -672 ) (1024 312 -672 ) (992 312 -672 ) (992 336 -672 ) 
4 163 164 (992 312 -672 ) (1024 312 -672 ) (1024 312 -584 ) (992 312 -584 ) 
4 164 176 (1024 312 -672 ) (1024 304 -672 ) (992 304 -672 ) (992 312 -672 ) 
4 164 168 (992 304 -672 ) (1024 304 -672 ) (1024 304 -584 ) (992 304 -584 ) 
4 164 165 (992 312 -600 ) (992 312 -672 ) (992 304 -672 ) (992 304 -600 ) 
4 165 177 (992 304 -672 ) (984 304 -672 ) (984 312 -672 ) (992 312 -672 ) 
4 165 169 (984 304 -672 ) (992 304 -672 ) (992 304 -600 ) (984 304 -600 ) 
4 165 166 (984 312 -672 ) (984 304 -672 ) (984 304 -600 ) (984 312 -600 ) 
4 166 178 (984 336 -672 ) (984 304 -672 ) (848 304 -672 ) (848 336 -672 ) 
4 166 175 (984 488 -672 ) (984 336 -672 ) (848 336 -672 ) (848 488 -672 ) 
4 166 171 (848 304 -672 ) (984 304 -672 ) (984 304 -584 ) (848 304 -584 ) 
4 167 213 (0 1024 -584 ) (0 1024 -672 ) (0 304 -672 ) (0 304 -584 ) 
4 167 180 (0 1024 -672 ) (544 1024 -672 ) (544 304 -672 ) (0 304 -672 ) 
4 167 173 (0 304 -672 ) (436 304 -672 ) (436 304 -640 ) (0 304 -640 ) 
4 168 176 (1024 304 -672 ) (1024 256 -672 ) (992 256 -672 ) (992 304 -672 ) 
4 168 170 (992 256 -672 ) (1024 256 -672 ) (1024 256 -584 ) (992 256 -584 ) 
4 168 169 (992 304 -600 ) (992 304 -672 ) (992 256 -672 ) (992 256 -600 ) 
4 169 177 (992 256 -672 ) (984 256 -672 ) (984 304 -672 ) (992 304 -672 ) 
4 169 171 (984 304 -600 ) (984 304 -672 ) (984 256 -672 ) (984 256 -600 ) 
4 170 176 (1024 256 -672 ) (1024 0 -672 ) (992 0 -672 ) (992 256 -672 ) 
4 171 360 (848 0 -618 ) (848 0 -672 ) (984 0 -672 ) (984 0 -618 ) 
4 171 359 (984 0 -584 ) (848 0 -584 ) (848 0 -618 ) (984 0 -618 ) 
4 171 178 (984 0 -672 ) (848 0 -672 ) (848 304 -672 ) (984 304 -672 ) 
4 172 361 (612 0 -618 ) (612 0 -672 ) (676 0 -672 ) (676 0 -618 ) 
4 172 181 (676 0 -672 ) (612 0 -672 ) (612 64 -672 ) (676 64 -672 ) 
3 173 219 (0 304 -672 ) (0 272 -672 ) (0 304 -640 ) 
4 173 182 (0 272 -672 ) (0 304 -672 ) (436 304 -672 ) (436 272 -672 ) 
4 174 175 (984 488 -672 ) (984 488 -712 ) (984 352 -712 ) (984 352 -672 ) 
4 175 178 (848 336 -672 ) (848 336 -712 ) (984 336 -712 ) (984 336 -672 ) 
4 176 177 (992 312 -712 ) (992 256 -712 ) (992 256 -672 ) (992 312 -672 ) 
4 177 178 (984 312 -712 ) (984 256 -712 ) (984 256 -672 ) (984 312 -672 ) 
4 178 374 (848 0 -704 ) (848 0 -712 ) (984 0 -712 ) (984 0 -704 ) 
4 178 362 (848 0 -682 ) (848 0 -704 ) (984 0 -704 ) (984 0 -682 ) 
4 178 360 (984 0 -672 ) (848 0 -672 ) (848 0 -682 ) (984 0 -682 ) 
4 178 179 (848 0 -712 ) (848 180 -712 ) (984 180 -712 ) (984 0 -712 ) 
4 179 375 (984 0 -712 ) (848 0 -712 ) (848 0 -832 ) (984 0 -832 ) 
4 180 225 (0 592 -1024 ) (0 304 -1024 ) (0 304 -672 ) (0 592 -672 ) 
4 180 223 (0 864 -1024 ) (0 592 -1024 ) (0 592 -672 ) (0 864 -672 ) 
4 180 221 (0 1024 -672 ) (0 1024 -1024 ) (0 864 -1024 ) (0 864 -672 ) 
4 180 182 (436 304 -672 ) (0 304 -672 ) (0 304 -1024 ) (436 304 -1024 ) 
4 181 361 (676 0 -672 ) (612 0 -672 ) (612 0 -682 ) (676 0 -682 ) 
5 182 229 (0 272 -672 ) (0 304 -672 ) (0 304 -1024 ) (0 240 -1024 ) (0 240 -704 ) 
4 183 390 (-300 0 1792 ) (-1024 0 1792 ) (-1024 0 704 ) (-300 0 704 ) 
4 183 389 (-284 0 1792 ) (-300 0 1792 ) (-300 0 704 ) (-284 0 704 ) 
4 183 387 (0 0 704 ) (0 0 1792 ) (-284 0 1792 ) (-284 0 704 ) 
4 183 234 (-1024 0 704 ) (-1024 0 1792 ) (-1024 1024 1792 ) (-1024 1024 704 ) 
4 183 186 (0 304 704 ) (0 0 704 ) (-300 0 704 ) (-300 304 704 ) 
4 183 184 (0 1024 704 ) (0 304 704 ) (-300 304 704 ) (-300 1024 704 ) 
4 184 187 (-300 1024 -200 ) (0 1024 -200 ) (0 304 -200 ) (-300 304 -200 ) 
4 184 186 (-300 304 -200 ) (0 304 -200 ) (0 304 704 ) (-300 304 704 ) 
4 184 185 (-300 1024 -200 ) (-300 304 -200 ) (-300 304 -96 ) (-300 1024 -96 ) 
4 185 187 (-376 1024 -200 ) (-300 1024 -200 ) (-300 304 -200 ) (-376 304 -200 ) 
4 186 191 (0 0 -200 ) (-300 0 -200 ) (-300 200 -200 ) (0 200 -200 ) 
4 186 189 (-300 200 -200 ) (-300 296 -200 ) (0 296 -200 ) (0 200 -200 ) 
4 186 188 (-300 296 -200 ) (-300 304 -200 ) (0 304 -200 ) (0 296 -200 ) 
4 187 194 (0 772 -448 ) (0 304 -448 ) (-704 304 -448 ) (-704 772 -448 ) 
4 187 193 (0 1024 -448 ) (0 772 -448 ) (-704 772 -448 ) (-704 1024 -448 ) 
4 187 188 (-300 304 -448 ) (0 304 -448 ) (0 304 -200 ) (-300 304 -200 ) 
4 188 198 (0 304 -448 ) (0 296 -448 ) (-300 296 -448 ) (-300 304 -448 ) 
4 188 189 (-300 296 -448 ) (0 296 -448 ) (0 296 -200 ) (-300 296 -200 ) 
4 189 205 (0 296 -448 ) (0 200 -448 ) (-300 200 -448 ) (-300 296 -448 ) 
4 189 191 (-300 200 -448 ) (0 200 -448 ) (0 200 -200 ) (-300 200 -200 ) 
4 190 206 (-308 200 -448 ) (-724 200 -448 ) (-724 296 -448 ) (-308 296 -448 ) 
4 190 192 (-724 200 -448 ) (-308 200 -448 ) (-308 200 -384 ) (-724 200 -384 ) 
4 191 388 (0 0 -448 ) (0 0 -384 ) (-284 0 -384 ) (-284 0 -448 ) 
4 191 205 (0 200 -448 ) (0 0 -448 ) (-300 0 -448 ) (-300 200 -448 ) 
4 192 391 (-768 0 -384 ) (-768 0 -448 ) (-308 0 -448 ) (-308 0 -384 ) 
4 192 206 (-308 0 -448 ) (-768 0 -448 ) (-768 200 -448 ) (-308 200 -448 ) 
4 193 215 (-356 864 -576 ) (-356 772 -576 ) (-360 772 -576 ) (-360 864 -576 ) 
4 193 214 (-276 864 -576 ) (-276 772 -576 ) (-356 772 -576 ) (-356 864 -576 ) 
4 193 213 (-276 1024 -576 ) (0 1024 -576 ) (0 772 -576 ) (-276 772 -576 ) 
4 193 194 (-704 772 -576 ) (0 772 -576 ) (0 772 -448 ) (-704 772 -448 ) 
4 194 217 (-356 456 -576 ) (-356 440 -576 ) (-360 440 -576 ) (-360 456 -576 ) 
4 194 218 (-356 320 -576 ) (-356 304 -576 ) (-360 304 -576 ) (-360 320 -576 ) 
4 194 216 (-356 592 -576 ) (-356 576 -576 ) (-360 576 -576 ) (-360 592 -576 ) 
4 194 215 (-360 772 -576 ) (-356 772 -576 ) (-356 712 -576 ) (-360 712 -576 ) 
4 194 214 (-356 772 -576 ) (-276 772 -576 ) (-276 304 -576 ) (-356 304 -576 ) 
4 194 213 (-276 772 -576 ) (0 772 -576 ) (0 304 -576 ) (-276 304 -576 ) 
4 194 202 (-664 304 -576 ) (-608 304 -576 ) (-608 304 -464 ) (-664 304 -464 ) 
4 194 201 (-452 304 -544 ) (-452 304 -472 ) (-558 304 -472 ) (-558 304 -544 ) 
4 194 199 (-440 304 -576 ) (-392 304 -576 ) (-392 304 -468 ) (-440 304 -468 ) 
4 194 198 (-300 304 -576 ) (0 304 -576 ) (0 304 -448 ) (-300 304 -448 ) 
4 194 195 (-704 768 -576 ) (-704 644 -576 ) (-704 644 -464 ) (-704 768 -464 ) 
4 195 196 (-720 768 -576 ) (-720 644 -576 ) (-720 644 -464 ) (-720 768 -464 ) 
4 196 197 (-768 772 -448 ) (-768 772 -576 ) (-768 632 -576 ) (-768 632 -448 ) 
4 197 203 (-964 304 -576 ) (-768 304 -576 ) (-768 304 -448 ) (-964 304 -448 ) 
4 198 205 (-300 296 -576 ) (0 296 -576 ) (0 296 -448 ) (-300 296 -448 ) 
4 200 206 (-440 296 -576 ) (-392 296 -576 ) (-392 296 -468 ) (-440 296 -468 ) 
4 201 206 (-452 296 -544 ) (-452 296 -472 ) (-558 296 -472 ) (-558 296 -544 ) 
4 202 206 (-664 296 -576 ) (-608 296 -576 ) (-608 296 -464 ) (-664 296 -464 ) 
4 203 207 (-964 296 -576 ) (-768 296 -576 ) (-768 296 -448 ) (-964 296 -448 ) 
4 204 235 (-1024 296 -448 ) (-1024 304 -448 ) (-1024 304 -576 ) (-1024 296 -576 ) 
4 204 209 (-1024 296 -576 ) (-972 296 -576 ) (-972 296 -448 ) (-1024 296 -448 ) 
4 205 412 (0 0 -576 ) (0 0 -448 ) (-284 0 -448 ) (-284 0 -576 ) 
4 206 414 (-308 0 -448 ) (-768 0 -448 ) (-768 0 -576 ) (-308 0 -576 ) 
4 206 207 (-768 296 -448 ) (-768 296 -576 ) (-768 64 -576 ) (-768 64 -448 ) 
4 207 208 (-964 272 -576 ) (-964 216 -576 ) (-964 216 -464 ) (-964 272 -464 ) 
4 208 209 (-972 272 -576 ) (-972 216 -576 ) (-972 216 -464 ) (-972 272 -464 ) 
4 209 235 (-1024 40 -448 ) (-1024 296 -448 ) (-1024 296 -576 ) (-1024 40 -576 ) 
4 209 220 (-1024 40 -576 ) (-1024 188 -576 ) (-972 188 -576 ) (-972 40 -576 ) 
4 209 211 (-1024 40 -576 ) (-972 40 -576 ) (-972 40 -480 ) (-1024 40 -480 ) 
4 209 210 (-972 40 -480 ) (-972 40 -448 ) (-1024 40 -448 ) (-1024 40 -480 ) 
4 210 236 (-1024 36 -448 ) (-1024 40 -448 ) (-1024 40 -480 ) (-1024 36 -480 ) 
4 210 212 (-972 36 -480 ) (-972 36 -448 ) (-1024 36 -448 ) (-1024 36 -480 ) 
4 210 211 (-972 36 -480 ) (-1024 36 -480 ) (-1024 40 -480 ) (-972 40 -480 ) 
4 211 237 (-1024 40 -480 ) (-1024 40 -576 ) (-1024 36 -576 ) (-1024 36 -480 ) 
4 211 220 (-1024 36 -576 ) (-1024 40 -576 ) (-972 40 -576 ) (-972 36 -576 ) 
4 211 212 (-1024 36 -576 ) (-972 36 -576 ) (-972 36 -480 ) (-1024 36 -480 ) 
4 212 415 (-972 0 -448 ) (-1024 0 -448 ) (-1024 0 -576 ) (-972 0 -576 ) 
4 212 238 (-1024 0 -576 ) (-1024 0 -448 ) (-1024 36 -448 ) (-1024 36 -576 ) 
4 212 220 (-972 0 -576 ) (-1024 0 -576 ) (-1024 36 -576 ) (-972 36 -576 ) 
4 213 225 (0 592 -672 ) (0 304 -672 ) (-276 304 -672 ) (-276 592 -672 ) 
4 213 223 (0 864 -672 ) (0 592 -672 ) (-276 592 -672 ) (-276 864 -672 ) 
4 213 221 (0 1024 -672 ) (0 864 -672 ) (-276 864 -672 ) (-276 1024 -672 ) 
4 213 219 (-276 304 -672 ) (0 304 -672 ) (0 304 -640 ) (-276 304 -640 ) 
4 213 214 (-276 864 -672 ) (-276 304 -672 ) (-276 304 -576 ) (-276 864 -576 ) 
4 214 225 (-276 304 -672 ) (-356 304 -672 ) (-356 592 -672 ) (-276 592 -672 ) 
4 214 223 (-356 592 -672 ) (-356 864 -672 ) (-276 864 -672 ) (-276 592 -672 ) 
4 214 219 (-300 304 -672 ) (-276 304 -672 ) (-276 304 -640 ) (-300 304 -640 ) 
4 214 217 (-356 456 -672 ) (-356 440 -672 ) (-356 440 -576 ) (-356 456 -576 ) 
4 214 218 (-356 320 -672 ) (-356 304 -672 ) (-356 304 -576 ) (-356 320 -576 ) 
4 214 216 (-356 592 -672 ) (-356 576 -672 ) (-356 576 -576 ) (-356 592 -576 ) 
4 214 215 (-356 864 -672 ) (-356 712 -672 ) (-356 712 -576 ) (-356 864 -576 ) 
4 215 224 (-360 712 -672 ) (-360 864 -672 ) (-356 864 -672 ) (-356 712 -672 ) 
4 216 226 (-360 576 -672 ) (-360 592 -672 ) (-356 592 -672 ) (-356 576 -672 ) 
4 217 227 (-360 440 -672 ) (-360 456 -672 ) (-356 456 -672 ) (-356 440 -672 ) 
4 218 228 (-356 304 -672 ) (-360 304 -672 ) (-360 320 -672 ) (-356 320 -672 ) 
4 219 229 (0 304 -672 ) (0 272 -672 ) (-300 272 -672 ) (-300 304 -672 ) 
4 220 459 (-1024 0 -584 ) (-1024 0 -672 ) (-972 0 -672 ) (-972 0 -584 ) 
4 220 438 (-972 0 -576 ) (-1024 0 -576 ) (-1024 0 -584 ) (-972 0 -584 ) 
4 220 239 (-1024 0 -672 ) (-1024 0 -576 ) (-1024 188 -576 ) (-1024 44 -672 ) 
4 220 232 (-972 0 -672 ) (-1024 0 -672 ) (-1024 44 -672 ) (-972 44 -672 ) 
4 221 223 (-276 864 -1024 ) (0 864 -1024 ) (0 864 -672 ) (-276 864 -672 ) 
4 221 222 (-276 1024 -1024 ) (-276 864 -1024 ) (-276 864 -992 ) (-276 1024 -992 ) 
4 222 230 (-360 1024 -1024 ) (-360 864 -1024 ) (-360 864 -992 ) (-360 1024 -992 ) 
4 222 224 (-360 864 -992 ) (-360 864 -1024 ) (-356 864 -1024 ) (-356 864 -992 ) 
4 222 223 (-356 864 -1024 ) (-276 864 -1024 ) (-276 864 -992 ) (-356 864 -992 ) 
4 223 225 (-356 592 -1024 ) (0 592 -1024 ) (0 592 -672 ) (-356 592 -672 ) 
4 223 224 (-356 864 -672 ) (-356 864 -1024 ) (-356 712 -1024 ) (-356 712 -672 ) 
4 224 230 (-360 864 -1024 ) (-360 712 -1024 ) (-360 712 -992 ) (-360 864 -992 ) 
4 225 229 (-300 304 -1024 ) (0 304 -1024 ) (0 304 -672 ) (-300 304 -672 ) 
4 225 228 (-356 320 -1024 ) (-356 304 -1024 ) (-356 304 -672 ) (-356 320 -672 ) 
4 225 226 (-356 592 -672 ) (-356 592 -1024 ) (-356 576 -1024 ) (-356 576 -672 ) 
4 225 227 (-356 456 -1024 ) (-356 440 -1024 ) (-356 440 -672 ) (-356 456 -672 ) 
4 226 230 (-360 592 -1024 ) (-360 576 -1024 ) (-360 576 -992 ) (-360 592 -992 ) 
4 227 230 (-360 456 -1024 ) (-360 440 -1024 ) (-360 440 -992 ) (-360 456 -992 ) 
4 228 230 (-360 320 -1024 ) (-360 304 -1024 ) (-360 304 -992 ) (-360 320 -992 ) 
4 230 231 (-376 1024 -1024 ) (-376 304 -1024 ) (-376 304 -992 ) (-376 1024 -992 ) 
4 232 459 (-972 0 -696 ) (-972 0 -672 ) (-1024 0 -672 ) (-1024 0 -696 ) 
4 232 239 (-1024 0 -696 ) (-1024 0 -672 ) (-1024 44 -672 ) (-1024 8 -696 ) 
4 233 240 (-1108 1024 1792 ) (-1280 1024 1792 ) (-1280 1024 704 ) (-1108 1024 704 ) 
4 233 234 (-1024 1024 704 ) (-1024 1024 1792 ) (-1108 1024 1792 ) (-1108 1024 704 ) 
4 234 507 (-1024 0 704 ) (-1024 0 1792 ) (-1108 0 1792 ) (-1108 0 704 ) 
4 234 240 (-1108 0 704 ) (-1108 0 1792 ) (-1108 1024 1792 ) (-1108 1024 704 ) 
4 235 239 (-1108 40 -576 ) (-1108 188 -576 ) (-1024 188 -576 ) (-1024 40 -576 ) 
4 235 237 (-1108 40 -576 ) (-1024 40 -576 ) (-1024 40 -480 ) (-1108 40 -480 ) 
4 235 236 (-1024 40 -480 ) (-1024 40 -448 ) (-1108 40 -448 ) (-1108 40 -480 ) 
4 236 238 (-1024 36 -480 ) (-1024 36 -448 ) (-1108 36 -448 ) (-1108 36 -480 ) 
4 236 237 (-1024 36 -480 ) (-1108 36 -480 ) (-1108 40 -480 ) (-1024 40 -480 ) 
4 237 239 (-1108 36 -576 ) (-1108 40 -576 ) (-1024 40 -576 ) (-1024 36 -576 ) 
4 237 238 (-1108 36 -576 ) (-1024 36 -576 ) (-1024 36 -480 ) (-1108 36 -480 ) 
4 238 510 (-1024 0 -576 ) (-1024 0 -448 ) (-1108 0 -448 ) (-1108 0 -576 ) 
4 238 239 (-1108 0 -576 ) (-1108 36 -576 ) (-1024 36 -576 ) (-1024 0 -576 ) 
4 239 517 (-1024 0 -696 ) (-1024 0 -584 ) (-1108 0 -584 ) (-1108 0 -696 ) 
4 239 515 (-1024 0 -584 ) (-1024 0 -576 ) (-1108 0 -576 ) (-1108 0 -584 ) 
4 240 507 (-1108 0 704 ) (-1108 0 1792 ) (-1280 0 1792 ) (-1280 0 704 ) 
5 241 255 (3072 -1024 -560 ) (3072 -1024 -404 ) (3072 -1016 -404 ) (3072 -968 -452 ) (3072 -968 -560 ) 
4 241 242 (4024 -1024 -560 ) (4024 -1024 -404 ) (3072 -1024 -404 ) (3072 -1024 -560 ) 
5 242 313 (3072 -1216 -560 ) (3072 -1216 -452 ) (3072 -1168 -404 ) (3072 -1024 -404 ) (3072 -1024 -560 ) 
4 243 245 (2392 0 -448 ) (2616 0 -448 ) (2616 -144 -448 ) (2392 -144 -448 ) 
4 243 244 (2392 -144 -448 ) (2616 -144 -448 ) (2616 -144 -432 ) (2392 -144 -432 ) 
4 244 247 (2160 -368 -448 ) (2160 -144 -448 ) (2616 -144 -448 ) (2616 -368 -448 ) 
4 245 247 (2616 -144 -576 ) (2616 -144 -448 ) (2392 -144 -448 ) (2392 -144 -576 ) 
4 246 269 (2048 0 -448 ) (2048 0 -576 ) (2048 -128 -576 ) (2048 -128 -448 ) 
4 247 248 (2160 -144 -448 ) (2160 -144 -576 ) (2160 -368 -576 ) (2160 -368 -448 ) 
4 248 270 (2048 -432 -576 ) (2048 -432 -448 ) (2048 -144 -448 ) (2048 -144 -576 ) 
4 248 254 (2160 -432 -576 ) (2160 -432 -448 ) (2048 -432 -448 ) (2048 -432 -576 ) 
4 249 319 (2552 -1024 -128 ) (2544 -1024 -128 ) (2544 -1024 -404 ) (2552 -1024 -404 ) 
4 249 318 (2624 -1024 -128 ) (2552 -1024 -128 ) (2552 -1024 -404 ) (2624 -1024 -404 ) 
4 249 322 (2544 -1024 -128 ) (2372 -1024 -128 ) (2372 -1024 -404 ) (2544 -1024 -404 ) 
4 249 258 (2624 -968 -404 ) (2624 -1024 -404 ) (2372 -1024 -404 ) (2372 -968 -404 ) 
4 249 254 (2372 -432 -404 ) (2624 -432 -404 ) (2624 -968 -404 ) (2372 -968 -404 ) 
4 249 252 (2372 -768 -404 ) (2372 -1024 -404 ) (2372 -1024 -128 ) (2372 -768 -128 ) 
4 249 251 (2372 -432 -128 ) (2372 -432 -404 ) (2372 -768 -404 ) (2372 -768 -128 ) 
4 250 267 (2048 -752 -128 ) (2048 -768 -128 ) (2048 -768 0 ) (2048 -752 -25.599920 ) 
3 250 263 (2048 -688 -128 ) (2048 -752 -128 ) (2048 -752 -25.599920 ) 
4 250 253 (2048 -768 0 ) (2048 -768 -128 ) (2256 -768 -128 ) (2256 -768 0 ) 
4 250 252 (2256 -768 -128 ) (2372 -768 -128 ) (2372 -768 0 ) (2256 -768 0 ) 
4 250 251 (2372 -768 -128 ) (2048 -768 -128 ) (2048 -688 -128 ) (2372 -688 -128 ) 
4 251 267 (2048 -752 -404 ) (2048 -768 -404 ) (2048 -768 -128 ) (2048 -752 -128 ) 
4 251 264 (2048 -432 -128 ) (2048 -432 -404 ) (2048 -752 -404 ) (2048 -752 -128 ) 
4 251 254 (2048 -768 -404 ) (2048 -432 -404 ) (2372 -432 -404 ) (2372 -768 -404 ) 
4 251 253 (2048 -768 -128 ) (2048 -768 -404 ) (2256 -768 -404 ) (2256 -768 -128 ) 
4 251 252 (2256 -768 -404 ) (2372 -768 -404 ) (2372 -768 -128 ) (2256 -768 -128 ) 
4 252 322 (2256 -1024 -128 ) (2256 -1024 -404 ) (2372 -1024 -404 ) (2372 -1024 -128 ) 
4 252 317 (2256 -1024 192 ) (2256 -1024 -128 ) (2372 -1024 -128 ) (2372 -1024 192 ) 
4 252 258 (2372 -968 -404 ) (2372 -1024 -404 ) (2256 -1024 -404 ) (2256 -968 -404 ) 
4 252 254 (2256 -768 -404 ) (2372 -768 -404 ) (2372 -968 -404 ) (2256 -968 -404 ) 
4 252 253 (2256 -768 192 ) (2256 -768 -404 ) (2256 -1024 -404 ) (2256 -1024 192 ) 
4 253 327 (2048 -1024 192 ) (2048 -1024 -404 ) (2256 -1024 -404 ) (2256 -1024 192 ) 
4 253 268 (2048 -1024 -404 ) (2048 -1024 192 ) (2048 -768 192 ) (2048 -768 -404 ) 
4 253 258 (2048 -1024 -404 ) (2048 -968 -404 ) (2256 -968 -404 ) (2256 -1024 -404 ) 
4 253 254 (2048 -968 -404 ) (2048 -768 -404 ) (2256 -768 -404 ) (2256 -968 -404 ) 
4 254 270 (2048 -968 -576 ) (2048 -968 -448 ) (2048 -432 -448 ) (2048 -432 -576 ) 
4 254 267 (2048 -768 -404 ) (2048 -752 -404 ) (2048 -752 -448 ) (2048 -768 -448 ) 
4 254 268 (2048 -968 -448 ) (2048 -968 -404 ) (2048 -768 -404 ) (2048 -768 -448 ) 
4 254 264 (2048 -752 -404 ) (2048 -432 -404 ) (2048 -432 -448 ) (2048 -752 -448 ) 
4 254 258 (2624 -968 -404 ) (2048 -968 -404 ) (2048 -968 -576 ) (2624 -968 -576 ) 
4 255 313 (3072 -1024 -560 ) (3072 -1024 -404 ) (2666 -1024 -404 ) (2666 -1024 -560 ) 
4 255 257 (2680 -1024 -560 ) (2666 -1024 -560 ) (2666 -968 -560 ) (2680 -968 -560 ) 
5 255 256 (2666 -980 -560 ) (2666 -1024 -560 ) (2666 -1024 -416 ) (2666 -1016 -416 ) (2666 -980 -452 ) 
4 256 314 (2656 -1024 -416 ) (2656 -1024 -560 ) (2666 -1024 -560 ) (2666 -1024 -416 ) 
5 256 258 (2656 -980 -560 ) (2656 -1024 -560 ) (2656 -1024 -416 ) (2656 -1016 -416 ) (2656 -980 -452 ) 
4 256 257 (2666 -1024 -560 ) (2656 -1024 -560 ) (2656 -980 -560 ) (2666 -980 -560 ) 
4 257 315 (2680 -1024 -560 ) (2656 -1024 -560 ) (2656 -1024 -576 ) (2680 -1024 -576 ) 
4 257 258 (2656 -968 -560 ) (2656 -968 -576 ) (2656 -1024 -576 ) (2656 -1024 -560 ) 
4 258 327 (2256 -1024 -404 ) (2048 -1024 -404 ) (2048 -1024 -576 ) (2256 -1024 -576 ) 
4 258 325 (2256 -1024 -560 ) (2256 -1024 -576 ) (2624 -1024 -576 ) (2624 -1024 -560 ) 
4 258 319 (2552 -1024 -404 ) (2544 -1024 -404 ) (2544 -1024 -560 ) (2552 -1024 -560 ) 
4 258 318 (2624 -1024 -404 ) (2552 -1024 -404 ) (2552 -1024 -560 ) (2624 -1024 -560 ) 
4 258 322 (2544 -1024 -404 ) (2256 -1024 -404 ) (2256 -1024 -560 ) (2544 -1024 -560 ) 
4 258 316 (2656 -1024 -576 ) (2656 -1024 -404 ) (2624 -1024 -404 ) (2624 -1024 -576 ) 
4 258 270 (2048 -1024 -576 ) (2048 -1024 -448 ) (2048 -968 -448 ) (2048 -968 -576 ) 
4 258 268 (2048 -1024 -448 ) (2048 -1024 -404 ) (2048 -968 -404 ) (2048 -968 -448 ) 
4 259 332 (1024 0 1792 ) (1024 0 704 ) (1024 -416 704 ) (1024 -416 1792 ) 
4 259 262 (1024 -416 1792 ) (1024 -416 704 ) (1088 -416 704 ) (1088 -416 1792 ) 
4 260 302 (1368 -112 -448 ) (1368 -416 -448 ) (1176 -416 -448 ) (1176 -112 -448 ) 
4 260 261 (1176 -112 -448 ) (1176 -416 -448 ) (1176 -416 -392 ) (1176 -112 -392 ) 
4 261 333 (1024 0 -392 ) (1024 0 -448 ) (1024 -416 -448 ) (1024 -416 -392 ) 
4 261 303 (1176 -104 -448 ) (1176 -416 -448 ) (1024 -416 -448 ) (1024 -104 -448 ) 
4 261 301 (1024 0 -448 ) (1176 0 -448 ) (1176 -104 -448 ) (1024 -104 -448 ) 
4 262 335 (1024 -416 1792 ) (1024 -416 704 ) (1024 -896 704 ) (1024 -896 1792 ) 
3 263 337 (1024 -752 -128 ) (1024 -752 -25.599937 ) (1024 -688 -128 ) 
4 263 267 (2048 -752 -128 ) (2048 -752 -25.599937 ) (1024 -752 -25.599930 ) (1024 -752 -128 ) 
4 263 265 (1600 -752 -128 ) (1368 -752 -128 ) (1368 -688 -128 ) (1600 -688 -128 ) 
4 263 264 (2048 -752 -128 ) (1600 -752 -128 ) (1600 -688 -128 ) (2048 -688 -128 ) 
4 263 266 (1368 -752 -128 ) (1024 -752 -128 ) (1024 -688 -128 ) (1368 -688 -128 ) 
4 264 276 (1972 -752 -448 ) (1600 -752 -448 ) (1600 -432 -448 ) (1972 -432 -448 ) 
4 264 272 (1988 -752 -448 ) (1972 -752 -448 ) (1972 -432 -448 ) (1988 -432 -448 ) 
4 264 270 (2048 -432 -448 ) (2048 -752 -448 ) (1988 -752 -448 ) (1988 -432 -448 ) 
4 264 267 (1600 -752 -448 ) (2048 -752 -448 ) (2048 -752 -128 ) (1600 -752 -128 ) 
4 264 265 (1600 -752 -432 ) (1600 -752 -128 ) (1600 -432 -128 ) (1600 -432 -432 ) 
4 265 267 (1600 -752 -432 ) (1600 -752 -128 ) (1368 -752 -128 ) (1368 -752 -432 ) 
4 265 266 (1368 -752 -432 ) (1368 -752 -128 ) (1368 -432 -128 ) (1368 -432 -432 ) 
4 266 339 (1024 -432 -448 ) (1024 -752 -448 ) (1024 -752 -128 ) (1024 -432 -128 ) 
4 266 305 (1368 -752 -448 ) (1024 -752 -448 ) (1024 -432 -448 ) (1368 -432 -448 ) 
4 266 267 (1024 -752 -448 ) (1368 -752 -448 ) (1368 -752 -128 ) (1024 -752 -128 ) 
4 267 337 (1024 -768 -128 ) (1024 -768 0 ) (1024 -752 -25.599884 ) (1024 -752 -128 ) 
4 267 339 (1024 -752 -448 ) (1024 -768 -448 ) (1024 -768 -128 ) (1024 -752 -128 ) 
4 267 305 (1368 -768 -448 ) (1024 -768 -448 ) (1024 -752 -448 ) (1368 -752 -448 ) 
4 267 299 (1376 -768 -448 ) (1368 -768 -448 ) (1368 -752 -448 ) (1376 -752 -448 ) 
4 267 296 (1592 -768 -448 ) (1376 -768 -448 ) (1376 -752 -448 ) (1592 -752 -448 ) 
4 267 279 (1600 -768 -448 ) (1592 -768 -448 ) (1592 -752 -448 ) (1600 -752 -448 ) 
4 267 276 (1972 -768 -448 ) (1600 -768 -448 ) (1600 -752 -448 ) (1972 -752 -448 ) 
4 267 272 (1988 -768 -448 ) (1972 -768 -448 ) (1972 -752 -448 ) (1988 -752 -448 ) 
4 267 270 (2048 -752 -448 ) (2048 -768 -448 ) (1988 -768 -448 ) (1988 -752 -448 ) 
4 267 268 (1024 -768 -448 ) (2048 -768 -448 ) (2048 -768 0 ) (1024 -768 0 ) 
4 268 338 (1024 -1024 -128 ) (1024 -1024 192 ) (1024 -768 192 ) (1024 -768 -128 ) 
4 268 339 (1024 -768 -448 ) (1024 -1024 -448 ) (1024 -1024 -128 ) (1024 -768 -128 ) 
4 268 330 (1584 -1024 192 ) (1024 -1024 192 ) (1024 -1024 -448 ) (1584 -1024 -448 ) 
4 268 328 (2048 -1024 -448 ) (2048 -1024 192 ) (1584 -1024 192 ) (1584 -1024 -448 ) 
4 268 305 (1368 -1024 -448 ) (1024 -1024 -448 ) (1024 -768 -448 ) (1368 -768 -448 ) 
4 268 299 (1376 -1024 -448 ) (1368 -1024 -448 ) (1368 -768 -448 ) (1376 -768 -448 ) 
4 268 296 (1592 -1024 -448 ) (1376 -1024 -448 ) (1376 -768 -448 ) (1592 -768 -448 ) 
4 268 279 (1600 -1024 -448 ) (1592 -1024 -448 ) (1592 -768 -448 ) (1600 -768 -448 ) 
4 268 276 (1972 -1024 -448 ) (1600 -1024 -448 ) (1600 -768 -448 ) (1972 -768 -448 ) 
4 268 272 (1988 -1024 -448 ) (1972 -1024 -448 ) (1972 -768 -448 ) (1988 -768 -448 ) 
4 268 270 (2048 -768 -448 ) (2048 -1024 -448 ) (1988 -1024 -448 ) (1988 -768 -448 ) 
4 270 328 (2048 -1024 -576 ) (2048 -1024 -448 ) (1988 -1024 -448 ) (1988 -1024 -576 ) 
4 270 272 (1988 -432 -576 ) (1988 -1024 -576 ) (1988 -1024 -448 ) (1988 -432 -448 ) 
4 270 271 (1988 -320 -576 ) (1988 -376 -576 ) (1988 -376 -464 ) (1988 -320 -464 ) 
4 271 275 (1972 -320 -576 ) (1972 -376 -576 ) (1972 -376 -464 ) (1972 -320 -464 ) 
4 272 328 (1988 -1024 -448 ) (1972 -1024 -448 ) (1972 -1024 -576 ) (1988 -1024 -576 ) 
4 272 276 (1972 -432 -576 ) (1972 -1024 -576 ) (1972 -1024 -448 ) (1972 -432 -448 ) 
4 273 288 (1600 -112 -576 ) (1600 -220 -576 ) (1600 -220 -540 ) (1600 -112 -540 ) 
4 273 280 (1600 -220 -476 ) (1600 -112 -476 ) (1600 -112 -540 ) (1600 -220 -540 ) 
4 273 278 (1600 -220 -448 ) (1600 -112 -448 ) (1600 -112 -476 ) (1600 -220 -476 ) 
4 273 277 (1600 -80 -544 ) (1600 -80 -472 ) (1600 0 -472 ) (1600 0 -544 ) 
4 273 274 (1632 -272 -576 ) (1688 -272 -576 ) (1688 -272 -464 ) (1632 -272 -464 ) 
4 274 275 (1632 -280 -576 ) (1688 -280 -576 ) (1688 -280 -464 ) (1632 -280 -464 ) 
4 276 328 (1972 -1024 -448 ) (1600 -1024 -448 ) (1600 -1024 -576 ) (1972 -1024 -576 ) 
4 276 289 (1600 -752 -576 ) (1600 -1024 -576 ) (1600 -1024 -540 ) (1600 -752 -540 ) 
4 276 287 (1600 -1024 -540 ) (1600 -1024 -476 ) (1600 -752 -476 ) (1600 -752 -540 ) 
4 276 285 (1600 -677 -476 ) (1600 -630 -476 ) (1600 -630 -540 ) (1600 -677 -540 ) 
4 276 283 (1600 -628 -476 ) (1600 -581 -476 ) (1600 -581 -540 ) (1600 -628 -540 ) 
4 276 281 (1600 -579 -476 ) (1600 -532 -476 ) (1600 -532 -540 ) (1600 -579 -540 ) 
4 276 279 (1600 -1024 -476 ) (1600 -1024 -448 ) (1600 -752 -448 ) (1600 -752 -476 ) 
4 277 290 (1592 -80 -544 ) (1592 -80 -472 ) (1592 0 -472 ) (1592 0 -544 ) 
4 278 292 (1592 -220 -448 ) (1592 -112 -448 ) (1592 -112 -476 ) (1592 -220 -476 ) 
4 278 280 (1592 -220 -476 ) (1592 -112 -476 ) (1600 -112 -476 ) (1600 -220 -476 ) 
4 279 328 (1600 -1024 -448 ) (1592 -1024 -448 ) (1592 -1024 -476 ) (1600 -1024 -476 ) 
4 279 296 (1592 -1024 -476 ) (1592 -1024 -448 ) (1592 -752 -448 ) (1592 -752 -476 ) 
4 279 287 (1592 -1024 -476 ) (1592 -752 -476 ) (1600 -752 -476 ) (1600 -1024 -476 ) 
4 280 292 (1592 -220 -476 ) (1592 -112 -476 ) (1592 -112 -540 ) (1592 -220 -540 ) 
4 280 288 (1592 -220 -540 ) (1592 -112 -540 ) (1600 -112 -540 ) (1600 -220 -540 ) 
4 282 295 (1592 -579 -476 ) (1592 -532 -476 ) (1592 -532 -540 ) (1592 -579 -540 ) 
4 284 295 (1592 -628 -476 ) (1592 -581 -476 ) (1592 -581 -540 ) (1592 -628 -540 ) 
4 286 295 (1592 -677 -476 ) (1592 -630 -476 ) (1592 -630 -540 ) (1592 -677 -540 ) 
4 287 328 (1592 -1024 -476 ) (1592 -1024 -540 ) (1600 -1024 -540 ) (1600 -1024 -476 ) 
4 287 296 (1592 -1024 -540 ) (1592 -1024 -476 ) (1592 -752 -476 ) (1592 -752 -540 ) 
4 287 289 (1592 -1024 -540 ) (1592 -752 -540 ) (1600 -752 -540 ) (1600 -1024 -540 ) 
4 288 292 (1592 -112 -576 ) (1592 -220 -576 ) (1592 -220 -540 ) (1592 -112 -540 ) 
4 289 328 (1592 -1024 -540 ) (1592 -1024 -576 ) (1600 -1024 -576 ) (1600 -1024 -540 ) 
4 289 296 (1592 -752 -576 ) (1592 -1024 -576 ) (1592 -1024 -540 ) (1592 -752 -540 ) 
4 290 291 (1456 -104 -576 ) (1512 -104 -576 ) (1512 -104 -464 ) (1456 -104 -464 ) 
4 291 293 (1456 -112 -576 ) (1512 -112 -576 ) (1512 -112 -464 ) (1456 -112 -464 ) 
4 292 293 (1560 -112 -448 ) (1560 -112 -576 ) (1560 -220 -576 ) (1560 -220 -448 ) 
4 293 297 (1376 -112 -576 ) (1376 -272 -576 ) (1376 -272 -448 ) (1376 -112 -448 ) 
4 293 294 (1456 -272 -576 ) (1512 -272 -576 ) (1512 -272 -464 ) (1456 -272 -464 ) 
4 294 295 (1456 -280 -576 ) (1512 -280 -576 ) (1512 -280 -464 ) (1456 -280 -464 ) 
4 295 298 (1376 -681 -544 ) (1376 -681 -472 ) (1376 -528 -472 ) (1376 -528 -544 ) 
4 296 330 (1584 -1024 -448 ) (1376 -1024 -448 ) (1376 -1024 -576 ) (1584 -1024 -576 ) 
4 296 328 (1592 -1024 -448 ) (1584 -1024 -448 ) (1584 -1024 -576 ) (1592 -1024 -576 ) 
4 296 299 (1376 -752 -576 ) (1376 -1024 -576 ) (1376 -1024 -448 ) (1376 -752 -448 ) 
4 297 302 (1368 -112 -576 ) (1368 -272 -576 ) (1368 -272 -448 ) (1368 -112 -448 ) 
4 298 305 (1368 -681 -544 ) (1368 -681 -472 ) (1368 -528 -472 ) (1368 -528 -544 ) 
4 299 330 (1376 -1024 -448 ) (1368 -1024 -448 ) (1368 -1024 -576 ) (1376 -1024 -576 ) 
4 299 305 (1368 -752 -576 ) (1368 -1024 -576 ) (1368 -1024 -448 ) (1368 -752 -448 ) 
4 301 333 (1024 0 -448 ) (1024 0 -576 ) (1024 -104 -576 ) (1024 -104 -448 ) 
4 301 303 (1024 -104 -576 ) (1176 -104 -576 ) (1176 -104 -448 ) (1024 -104 -448 ) 
4 302 303 (1176 -112 -576 ) (1176 -416 -576 ) (1176 -416 -448 ) (1176 -112 -448 ) 
4 303 333 (1024 -104 -576 ) (1024 -416 -576 ) (1024 -416 -448 ) (1024 -104 -448 ) 
4 303 304 (1024 -416 -576 ) (1032 -416 -576 ) (1032 -416 -464 ) (1024 -416 -464 ) 
4 304 336 (1024 -416 -576 ) (1024 -432 -576 ) (1024 -432 -464 ) (1024 -416 -464 ) 
4 304 305 (1024 -432 -576 ) (1032 -432 -576 ) (1032 -432 -464 ) (1024 -432 -464 ) 
4 305 339 (1024 -432 -576 ) (1024 -1024 -576 ) (1024 -1024 -448 ) (1024 -432 -448 ) 
4 305 330 (1368 -1024 -448 ) (1024 -1024 -448 ) (1024 -1024 -576 ) (1368 -1024 -576 ) 
4 306 311 (1344 -384 -712 ) (1344 -384 -832 ) (1344 -576 -832 ) (1344 -576 -712 ) 
4 306 308 (1344 -384 -668 ) (1344 -384 -712 ) (1344 -576 -712 ) (1344 -576 -668 ) 
4 308 311 (1344 -240 -712 ) (1344 -804 -712 ) (1064 -804 -712 ) (1064 -240 -712 ) 
4 308 309 (1064 -240 -712 ) (1064 -804 -712 ) (1064 -804 -584 ) (1064 -240 -584 ) 
4 309 311 (1064 -240 -712 ) (1064 -804 -712 ) (1056 -804 -712 ) (1056 -240 -712 ) 
4 309 310 (1056 -240 -712 ) (1056 -804 -712 ) (1056 -804 -584 ) (1056 -240 -584 ) 
4 310 376 (1024 -8 -712 ) (1024 -804 -712 ) (1024 -804 -704 ) (1024 -8 -704 ) 
4 310 366 (1024 -804 -704 ) (1024 -804 -584 ) (1024 -672 -584 ) (1024 -672 -704 ) 
4 310 364 (1024 -672 -584 ) (1024 -312 -584 ) (1024 -312 -704 ) (1024 -672 -704 ) 
4 310 363 (1024 -312 -584 ) (1024 -8 -584 ) (1024 -8 -704 ) (1024 -312 -704 ) 
4 310 312 (1056 -804 -712 ) (1024 -804 -712 ) (1024 -8 -712 ) (1056 -8 -712 ) 
4 311 312 (1056 -240 -832 ) (1056 -804 -832 ) (1056 -804 -712 ) (1056 -240 -712 ) 
4 312 376 (1024 -8 -832 ) (1024 -804 -832 ) (1024 -804 -712 ) (1024 -8 -712 ) 
4 313 315 (2680 -1216 -560 ) (2666 -1216 -560 ) (2666 -1024 -560 ) (2680 -1024 -560 ) 
5 313 314 (2666 -1024 -560 ) (2666 -1204 -560 ) (2666 -1204 -452 ) (2666 -1168 -416 ) (2666 -1024 -416 ) 
5 314 316 (2656 -1168 -416 ) (2656 -1024 -416 ) (2656 -1024 -560 ) (2656 -1204 -560 ) (2656 -1204 -452 ) 
4 314 315 (2656 -1204 -560 ) (2656 -1024 -560 ) (2666 -1024 -560 ) (2666 -1204 -560 ) 
4 315 316 (2656 -1216 -576 ) (2656 -1216 -560 ) (2656 -1024 -560 ) (2656 -1024 -576 ) 
4 316 325 (2624 -1216 -576 ) (2624 -1216 -560 ) (2624 -1024 -560 ) (2624 -1024 -576 ) 
4 316 318 (2624 -1216 -560 ) (2624 -1216 -404 ) (2624 -1024 -404 ) (2624 -1024 -560 ) 
4 317 327 (2256 -1024 192 ) (2256 -1024 -128 ) (2256 -1480 -128 ) (2256 -1480 192 ) 
4 317 323 (2372 -1480 192 ) (2256 -1480 192 ) (2256 -1480 -128 ) (2372 -1480 -128 ) 
4 317 322 (2372 -1480 -128 ) (2256 -1480 -128 ) (2256 -1024 -128 ) (2372 -1024 -128 ) 
4 318 325 (2552 -1024 -560 ) (2624 -1024 -560 ) (2624 -1480 -560 ) (2552 -1480 -560 ) 
4 318 324 (2624 -1480 -288 ) (2624 -1480 -128 ) (2552 -1480 -128 ) (2552 -1480 -288 ) 
4 318 320 (2552 -1400 -440 ) (2552 -1400 -128 ) (2552 -1392 -128 ) (2552 -1392 -440 ) 
4 318 319 (2552 -1024 -560 ) (2552 -1392 -560 ) (2552 -1392 -128 ) (2552 -1024 -128 ) 
4 318 321 (2552 -1400 -560 ) (2552 -1480 -560 ) (2552 -1480 -128 ) (2552 -1400 -128 ) 
4 319 325 (2544 -1024 -560 ) (2552 -1024 -560 ) (2552 -1392 -560 ) (2544 -1392 -560 ) 
4 319 320 (2544 -1392 -128 ) (2544 -1392 -440 ) (2552 -1392 -440 ) (2552 -1392 -128 ) 
4 319 322 (2544 -1024 -560 ) (2544 -1392 -560 ) (2544 -1392 -128 ) (2544 -1024 -128 ) 
4 320 322 (2544 -1400 -440 ) (2544 -1400 -128 ) (2544 -1392 -128 ) (2544 -1392 -440 ) 
4 320 321 (2544 -1400 -128 ) (2544 -1400 -440 ) (2552 -1400 -440 ) (2552 -1400 -128 ) 
4 321 325 (2552 -1400 -560 ) (2552 -1480 -560 ) (2544 -1480 -560 ) (2544 -1400 -560 ) 
4 321 324 (2552 -1480 -288 ) (2552 -1480 -128 ) (2544 -1480 -128 ) (2544 -1480 -288 ) 
4 321 322 (2544 -1400 -560 ) (2544 -1480 -560 ) (2544 -1480 -128 ) (2544 -1400 -128 ) 
4 322 327 (2256 -1024 -128 ) (2256 -1024 -560 ) (2256 -1480 -560 ) (2256 -1480 -128 ) 
4 322 325 (2256 -1480 -560 ) (2256 -1024 -560 ) (2544 -1024 -560 ) (2544 -1480 -560 ) 
4 322 324 (2544 -1480 -288 ) (2544 -1480 -128 ) (2256 -1480 -128 ) (2256 -1480 -288 ) 
4 323 327 (2256 -1744 -128 ) (2256 -1744 192 ) (2256 -1480 192 ) (2256 -1480 -128 ) 
4 323 324 (2256 -1744 -128 ) (2256 -1480 -128 ) (2372 -1480 -128 ) (2372 -1744 -128 ) 
4 324 327 (2256 -1744 -288 ) (2256 -1744 -128 ) (2256 -1480 -128 ) (2256 -1480 -288 ) 
4 325 327 (2256 -1024 -560 ) (2256 -1024 -576 ) (2256 -1744 -576 ) (2256 -1744 -560 ) 
4 326 327 (2256 -1648 192 ) (2256 -1744 192 ) (2080 -1744 192 ) (2080 -1648 192 ) 
4 327 329 (2048 -1648 -576 ) (2048 -1744 -576 ) (2048 -1744 192 ) (2048 -1648 192 ) 
4 327 328 (2048 -1024 192 ) (2048 -1024 -576 ) (2048 -1648 -576 ) (2048 -1648 192 ) 
4 328 331 (1584 -1456 -576 ) (1584 -1648 -576 ) (1584 -1648 -128 ) (1584 -1456 -128 ) 
4 328 330 (1584 -1024 192 ) (1584 -1024 -576 ) (1584 -1456 -576 ) (1584 -1456 192 ) 
4 328 329 (1584 -1648 192 ) (1584 -1648 -576 ) (2048 -1648 -576 ) (2048 -1648 192 ) 
4 329 331 (1584 -1648 -576 ) (1584 -1744 -576 ) (1584 -1744 -128 ) (1584 -1648 -128 ) 
4 330 475 (1024 -1172 -576 ) (1024 -1456 -576 ) (1024 -1456 -384 ) (1024 -1172 -384 ) 
4 330 474 (1024 -1024 -384 ) (1024 -1024 -576 ) (1024 -1172 -576 ) (1024 -1172 -384 ) 
4 330 472 (1024 -1456 192 ) (1024 -1024 192 ) (1024 -1024 -128 ) (1024 -1456 -128 ) 
4 330 473 (1024 -1024 -128 ) (1024 -1024 -384 ) (1024 -1456 -384 ) (1024 -1456 -128 ) 
4 330 331 (1024 -1456 -576 ) (1584 -1456 -576 ) (1584 -1456 -128 ) (1024 -1456 -128 ) 
4 331 475 (1024 -1744 -576 ) (1024 -1744 -384 ) (1024 -1456 -384 ) (1024 -1456 -576 ) 
4 331 473 (1024 -1744 -384 ) (1024 -1744 -128 ) (1024 -1456 -128 ) (1024 -1456 -384 ) 
4 332 335 (1024 -416 704 ) (1024 -416 1792 ) (848 -416 1792 ) (848 -416 704 ) 
4 332 334 (848 -416 704 ) (848 -416 1792 ) (848 0 1792 ) (848 0 704 ) 
4 333 336 (976 -416 -576 ) (1024 -416 -576 ) (1024 -416 -464 ) (976 -416 -464 ) 
4 334 342 (752 -416 704 ) (752 -416 1792 ) (752 0 1792 ) (752 0 704 ) 
4 334 340 (752 -416 1792 ) (752 -416 704 ) (768 -416 704 ) (768 -416 1792 ) 
4 334 335 (768 -416 704 ) (848 -416 704 ) (848 -416 1792 ) (768 -416 1792 ) 
4 335 340 (768 -416 1792 ) (768 -416 704 ) (768 -896 704 ) (768 -896 1792 ) 
4 336 339 (976 -432 -576 ) (1024 -432 -576 ) (1024 -432 -464 ) (976 -432 -464 ) 
4 337 338 (976 -768 -128 ) (1024 -768 -128 ) (1024 -768 0 ) (976 -768 0 ) 
4 337 339 (976 -688 -128 ) (1024 -688 -128 ) (1024 -768 -128 ) (976 -768 -128 ) 
4 338 472 (1024 -1024 -128 ) (1024 -1024 192 ) (976 -1024 192 ) (976 -1024 -128 ) 
4 338 339 (976 -768 -128 ) (1024 -768 -128 ) (1024 -1024 -128 ) (976 -1024 -128 ) 
4 339 474 (1024 -1024 -576 ) (1024 -1024 -384 ) (768 -1024 -384 ) (768 -1024 -576 ) 
4 339 473 (1024 -1024 -384 ) (1024 -1024 -128 ) (768 -1024 -128 ) (768 -1024 -384 ) 
4 339 341 (768 -432 -576 ) (768 -816 -576 ) (768 -816 -384 ) (768 -432 -384 ) 
4 340 342 (752 -416 1792 ) (752 -416 704 ) (752 -896 704 ) (752 -896 1792 ) 
4 341 343 (752 -432 -576 ) (752 -816 -576 ) (752 -816 -384 ) (752 -432 -384 ) 
4 342 344 (368 0 1792 ) (368 0 704 ) (368 -896 704 ) (368 -896 1792 ) 
4 343 345 (368 -692 -576 ) (368 -796 -576 ) (368 -796 -464 ) (368 -692 -464 ) 
4 344 346 (352 0 1792 ) (352 0 704 ) (352 -896 704 ) (352 -896 1792 ) 
4 345 351 (352 -692 -576 ) (352 -796 -576 ) (352 -796 -464 ) (352 -692 -464 ) 
4 346 355 (116 -796 704 ) (116 -896 704 ) (116 -896 1792 ) (116 -796 1792 ) 
4 346 353 (116 -692 704 ) (116 -796 704 ) (116 -796 1792 ) (116 -692 1792 ) 
4 346 352 (116 0 1792 ) (116 0 704 ) (116 -692 704 ) (116 -692 1792 ) 
4 347 350 (116 -640 -575.390015 ) (116 -640 -576 ) (192 -640 -576 ) (192 -640 -575.390015 ) 
4 347 349 (192 -640 -464 ) (192 -640 -576 ) (296 -640 -576 ) (296 -640 -464 ) 
4 347 348 (352 -640 -576 ) (352 -640 -575.390015 ) (296 -640 -575.390015 ) (296 -640 -576 ) 
4 348 349 (296 -640 -575.390015 ) (296 -640 -576 ) (296 -648 -576 ) (296 -648 -575.390015 ) 
4 348 351 (352 -648 -576 ) (352 -648 -575.390015 ) (296 -648 -575.390015 ) (296 -648 -576 ) 
4 349 350 (192 -640 -575.390015 ) (192 -640 -576 ) (192 -648 -576 ) (192 -648 -575.390015 ) 
4 349 351 (192 -648 -464 ) (192 -648 -576 ) (296 -648 -576 ) (296 -648 -464 ) 
4 350 351 (116 -648 -575.390015 ) (116 -648 -576 ) (192 -648 -576 ) (192 -648 -575.390015 ) 
4 351 476 (116 -1024 -448 ) (116 -1024 -576 ) (352 -1024 -576 ) (352 -1024 -448 ) 
4 351 358 (352 -1024 -576 ) (116 -1024 -576 ) (116 -816 -576 ) (352 -816 -576 ) 
4 351 354 (116 -692 -576 ) (116 -796 -576 ) (116 -796 -464 ) (116 -692 -464 ) 
4 352 356 (100 -692 704 ) (100 -692 1792 ) (100 0 1792 ) (100 0 704 ) 
4 352 353 (100 -692 1792 ) (100 -692 704 ) (116 -692 704 ) (116 -692 1792 ) 
4 353 356 (100 -796 704 ) (100 -796 1792 ) (100 -692 1792 ) (100 -692 704 ) 
4 353 355 (116 -796 704 ) (116 -796 1792 ) (100 -796 1792 ) (100 -796 704 ) 
4 354 357 (100 -692 -576 ) (100 -796 -576 ) (100 -796 -464 ) (100 -692 -464 ) 
4 355 356 (100 -896 704 ) (100 -896 1792 ) (100 -796 1792 ) (100 -796 704 ) 
4 356 387 (0 0 1792 ) (0 0 704 ) (0 -896 704 ) (0 -896 1792 ) 
4 357 477 (0 -1024 -384 ) (0 -1024 -576 ) (100 -1024 -576 ) (100 -1024 -384 ) 
4 357 412 (0 0 -448 ) (0 0 -576 ) (0 -1024 -576 ) (0 -1024 -448 ) 
4 357 388 (0 0 -384 ) (0 0 -448 ) (0 -1024 -448 ) (0 -1024 -384 ) 
4 358 478 (352 -1024 -576 ) (116 -1024 -576 ) (116 -1024 -584 ) (352 -1024 -584 ) 
4 358 368 (352 -1024 -584 ) (116 -1024 -584 ) (116 -816 -584 ) (352 -816 -584 ) 
4 359 363 (984 -8 -584 ) (848 -8 -584 ) (848 -8 -618 ) (984 -8 -618 ) 
4 359 360 (984 -8 -618 ) (848 -8 -618 ) (848 0 -618 ) (984 0 -618 ) 
4 360 363 (984 -8 -618 ) (848 -8 -618 ) (848 -8 -682 ) (984 -8 -682 ) 
4 360 362 (984 -8 -682 ) (848 -8 -682 ) (848 0 -682 ) (984 0 -682 ) 
4 361 363 (676 -8 -618 ) (612 -8 -618 ) (612 -8 -682 ) (676 -8 -682 ) 
4 362 374 (848 0 -704 ) (984 0 -704 ) (984 -8 -704 ) (848 -8 -704 ) 
4 362 363 (848 -8 -704 ) (984 -8 -704 ) (984 -8 -682 ) (848 -8 -682 ) 
4 363 377 (368 -8 -704 ) (496 -8 -704 ) (496 -312 -704 ) (368 -312 -704 ) 
4 363 376 (496 -8 -704 ) (1024 -8 -704 ) (1024 -312 -704 ) (496 -312 -704 ) 
4 363 365 (368 -312 -704 ) (496 -312 -704 ) (496 -312 -584 ) (368 -312 -584 ) 
4 363 364 (496 -312 -704 ) (1024 -312 -704 ) (1024 -312 -584 ) (496 -312 -584 ) 
4 364 376 (1024 -312 -704 ) (1024 -672 -704 ) (496 -672 -704 ) (496 -312 -704 ) 
4 364 366 (496 -672 -704 ) (1024 -672 -704 ) (1024 -672 -584 ) (496 -672 -584 ) 
4 364 365 (496 -312 -584 ) (496 -312 -704 ) (496 -664 -704 ) (496 -664 -584 ) 
4 365 378 (100 -664 -704 ) (100 -312 -704 ) (496 -312 -704 ) (496 -664 -704 ) 
4 365 372 (100 -312 -704 ) (100 -664 -704 ) (100 -664 -584 ) (100 -312 -584 ) 
4 366 376 (1024 -672 -704 ) (1024 -804 -704 ) (496 -804 -704 ) (496 -672 -704 ) 
4 367 383 (352 -804 -704 ) (116 -804 -704 ) (116 -744 -704 ) (352 -744 -704 ) 
4 367 382 (488 -804 -704 ) (352 -804 -704 ) (352 -744 -704 ) (488 -744 -704 ) 
4 367 380 (116 -744 -704 ) (116 -688 -704 ) (488 -688 -704 ) (488 -744 -704 ) 
4 367 379 (116 -688 -704 ) (116 -672 -704 ) (488 -672 -704 ) (488 -688 -704 ) 
4 367 368 (116 -804 -704 ) (352 -804 -704 ) (352 -804 -584 ) (116 -804 -584 ) 
4 368 479 (352 -1024 -584 ) (116 -1024 -584 ) (116 -1024 -704 ) (352 -1024 -704 ) 
4 368 383 (116 -1008 -704 ) (116 -804 -704 ) (352 -804 -704 ) (352 -1008 -704 ) 
4 369 442 (0 -8 -704 ) (0 -172 -704 ) (0 -172 -584 ) (0 -8 -584 ) 
4 370 443 (0 -180 -704 ) (0 -304 -704 ) (0 -304 -584 ) (0 -180 -584 ) 
4 370 371 (16 -304 -704 ) (72 -304 -704 ) (72 -304 -592 ) (16 -304 -592 ) 
4 371 372 (16 -312 -704 ) (72 -312 -704 ) (72 -312 -592 ) (16 -312 -592 ) 
4 372 447 (0 -312 -704 ) (0 -768 -704 ) (0 -768 -584 ) (0 -312 -584 ) 
4 372 385 (0 -768 -704 ) (0 -312 -704 ) (100 -312 -704 ) (100 -768 -704 ) 
4 373 480 (100 -1024 -584 ) (0 -1024 -584 ) (0 -1024 -704 ) (100 -1024 -704 ) 
4 373 448 (0 -776 -704 ) (0 -1024 -704 ) (0 -1024 -584 ) (0 -776 -584 ) 
4 373 386 (0 -1024 -704 ) (0 -776 -704 ) (100 -776 -704 ) (100 -1024 -704 ) 
4 374 376 (984 -8 -704 ) (848 -8 -704 ) (848 -8 -712 ) (984 -8 -712 ) 
4 374 375 (984 -8 -712 ) (848 -8 -712 ) (848 0 -712 ) (984 0 -712 ) 
4 375 376 (848 -8 -832 ) (984 -8 -832 ) (984 -8 -712 ) (848 -8 -712 ) 
4 376 381 (496 -688 -832 ) (496 -744 -832 ) (496 -744 -720 ) (496 -688 -720 ) 
4 376 378 (496 -312 -832 ) (496 -664 -832 ) (496 -664 -704 ) (496 -312 -704 ) 
4 376 377 (496 -8 -704 ) (496 -8 -832 ) (496 -312 -832 ) (496 -312 -704 ) 
4 377 378 (368 -312 -832 ) (496 -312 -832 ) (496 -312 -704 ) (368 -312 -704 ) 
4 378 385 (100 -312 -832 ) (100 -664 -832 ) (100 -664 -704 ) (100 -312 -704 ) 
4 379 380 (488 -688 -720 ) (488 -688 -704 ) (116 -688 -704 ) (116 -688 -720 ) 
4 379 381 (116 -688 -832 ) (488 -688 -832 ) (488 -688 -720 ) (116 -688 -720 ) 
4 380 383 (116 -744 -720 ) (352 -744 -720 ) (352 -744 -704 ) (116 -744 -704 ) 
4 380 382 (352 -744 -720 ) (488 -744 -720 ) (488 -744 -704 ) (352 -744 -704 ) 
4 380 381 (488 -744 -720 ) (116 -744 -720 ) (116 -688 -720 ) (488 -688 -720 ) 
4 381 385 (100 -688 -832 ) (100 -744 -832 ) (100 -744 -720 ) (100 -688 -720 ) 
4 381 383 (116 -744 -832 ) (352 -744 -832 ) (352 -744 -720 ) (116 -744 -720 ) 
4 381 382 (352 -744 -832 ) (488 -744 -832 ) (488 -744 -720 ) (352 -744 -720 ) 
4 382 383 (352 -744 -704 ) (352 -744 -832 ) (352 -804 -832 ) (352 -804 -704 ) 
4 384 452 (0 -300 -832 ) (0 -312 -832 ) (0 -312 -712 ) (0 -300 -712 ) 
4 384 450 (0 -8 -832 ) (0 -300 -832 ) (0 -300 -712 ) (0 -8 -712 ) 
4 384 385 (0 -312 -832 ) (100 -312 -832 ) (100 -312 -712 ) (0 -312 -712 ) 
4 385 452 (0 -312 -832 ) (0 -768 -832 ) (0 -768 -712 ) (0 -312 -712 ) 
4 385 449 (0 -768 -712 ) (0 -768 -704 ) (0 -312 -704 ) (0 -312 -712 ) 
4 386 483 (100 -1024 -704 ) (0 -1024 -704 ) (0 -1024 -832 ) (100 -1024 -832 ) 
4 386 456 (0 -776 -832 ) (0 -1024 -832 ) (0 -1024 -704 ) (0 -776 -704 ) 
4 387 389 (-284 0 1792 ) (-284 0 704 ) (-284 -896 704 ) (-284 -896 1792 ) 
4 388 484 (0 -1024 -448 ) (0 -1024 -384 ) (-284 -1024 -384 ) (-284 -1024 -448 ) 
4 388 412 (0 -1024 -448 ) (-284 -1024 -448 ) (-284 0 -448 ) (0 0 -448 ) 
4 389 393 (-300 -896 704 ) (-300 -896 1792 ) (-300 -72 1792 ) (-300 -72 704 ) 
4 389 392 (-300 -72 1792 ) (-300 -64 1792 ) (-300 -64 704 ) (-300 -72 704 ) 
4 389 390 (-300 -64 1792 ) (-300 0 1792 ) (-300 0 704 ) (-300 -64 704 ) 
4 390 507 (-1024 0 1792 ) (-1024 0 704 ) (-1024 -64 704 ) (-1024 -64 1792 ) 
4 390 392 (-300 -64 704 ) (-300 -64 1792 ) (-1024 -64 1792 ) (-1024 -64 704 ) 
4 391 414 (-768 0 -448 ) (-308 0 -448 ) (-308 -64 -448 ) (-768 -64 -448 ) 
4 392 507 (-1024 -72 704 ) (-1024 -72 1792 ) (-1024 -64 1792 ) (-1024 -64 704 ) 
4 392 393 (-1024 -72 1792 ) (-1024 -72 704 ) (-300 -72 704 ) (-300 -72 1792 ) 
4 393 507 (-1024 -896 1792 ) (-1024 -72 1792 ) (-1024 -72 704 ) (-1024 -896 704 ) 
4 394 395 (-600 -744 -376 ) (-600 -944 -376 ) (-784 -944 -376 ) (-784 -744 -376 ) 
4 395 407 (-600 -744 -384 ) (-600 -936 -384 ) (-784 -936 -384 ) (-784 -744 -384 ) 
4 396 508 (-1024 -480 -376 ) (-1024 -120 -376 ) (-1024 -120 -384 ) (-1024 -480 -384 ) 
4 396 403 (-1004 -480 -384 ) (-1024 -480 -384 ) (-1024 -320 -384 ) (-1004 -320 -384 ) 
4 396 401 (-1024 -320 -384 ) (-1024 -208 -384 ) (-1004 -208 -384 ) (-1004 -320 -384 ) 
4 396 398 (-1024 -208 -384 ) (-1024 -120 -384 ) (-1004 -120 -384 ) (-1004 -208 -384 ) 
4 397 421 (-972 -72 -448 ) (-424 -72 -448 ) (-424 -208 -448 ) (-972 -208 -448 ) 
4 397 399 (-972 -208 -448 ) (-424 -208 -448 ) (-424 -208 -384 ) (-972 -208 -384 ) 
4 398 508 (-1024 -120 -448 ) (-1024 -208 -448 ) (-1024 -208 -384 ) (-1024 -120 -384 ) 
4 398 422 (-1024 -208 -448 ) (-1024 -120 -448 ) (-1004 -120 -448 ) (-1004 -208 -448 ) 
4 398 401 (-1024 -208 -448 ) (-1004 -208 -448 ) (-1004 -208 -384 ) (-1024 -208 -384 ) 
4 399 423 (-972 -208 -448 ) (-424 -208 -448 ) (-424 -320 -448 ) (-972 -320 -448 ) 
4 399 402 (-972 -320 -448 ) (-424 -320 -448 ) (-424 -320 -384 ) (-972 -320 -384 ) 
4 399 400 (-972 -208 -436 ) (-972 -208 -448 ) (-972 -320 -448 ) (-972 -320 -436 ) 
4 400 423 (-1004 -208 -448 ) (-972 -208 -448 ) (-972 -320 -448 ) (-1004 -320 -448 ) 
4 400 401 (-1004 -208 -436 ) (-1004 -208 -448 ) (-1004 -320 -448 ) (-1004 -320 -436 ) 
4 401 508 (-1024 -208 -448 ) (-1024 -320 -448 ) (-1024 -320 -384 ) (-1024 -208 -384 ) 
4 401 423 (-1024 -320 -448 ) (-1024 -208 -448 ) (-1004 -208 -448 ) (-1004 -320 -448 ) 
4 401 403 (-1024 -320 -448 ) (-1004 -320 -448 ) (-1004 -320 -384 ) (-1024 -320 -384 ) 
4 402 425 (-972 -320 -448 ) (-424 -320 -448 ) (-424 -604 -448 ) (-972 -604 -448 ) 
4 403 508 (-1024 -320 -448 ) (-1024 -480 -448 ) (-1024 -480 -384 ) (-1024 -320 -384 ) 
4 403 426 (-1024 -480 -448 ) (-1024 -320 -448 ) (-1004 -320 -448 ) (-1004 -480 -448 ) 
4 404 428 (-576 -620 -448 ) (-424 -620 -448 ) (-424 -936 -448 ) (-576 -936 -448 ) 
4 404 410 (-576 -936 -448 ) (-424 -936 -448 ) (-424 -936 -384 ) (-576 -936 -384 ) 
4 404 405 (-576 -620 -384 ) (-576 -620 -448 ) (-576 -736 -448 ) (-576 -736 -384 ) 
4 405 431 (-600 -620 -448 ) (-592 -620 -448 ) (-592 -736 -448 ) (-600 -736 -448 ) 
4 405 429 (-592 -620 -448 ) (-576 -620 -448 ) (-576 -736 -448 ) (-592 -736 -448 ) 
4 405 406 (-600 -620 -384 ) (-600 -620 -448 ) (-600 -736 -448 ) (-600 -736 -384 ) 
4 406 431 (-784 -620 -448 ) (-600 -620 -448 ) (-600 -736 -448 ) (-784 -736 -448 ) 
4 406 408 (-784 -620 -384 ) (-784 -620 -448 ) (-784 -736 -448 ) (-784 -736 -384 ) 
4 407 433 (-600 -744 -448 ) (-600 -936 -448 ) (-784 -936 -448 ) (-784 -744 -448 ) 
4 408 434 (-792 -620 -448 ) (-784 -620 -448 ) (-784 -736 -448 ) (-792 -736 -448 ) 
4 408 409 (-792 -620 -384 ) (-792 -620 -448 ) (-792 -736 -448 ) (-792 -736 -384 ) 
4 409 509 (-1024 -620 -448 ) (-1024 -936 -448 ) (-1024 -936 -384 ) (-1024 -620 -384 ) 
4 409 435 (-1024 -936 -448 ) (-1024 -620 -448 ) (-792 -620 -448 ) (-792 -936 -448 ) 
4 409 411 (-1024 -936 -448 ) (-792 -936 -448 ) (-792 -936 -384 ) (-1024 -936 -384 ) 
4 410 486 (-576 -1024 -448 ) (-424 -1024 -448 ) (-424 -1024 -384 ) (-576 -1024 -384 ) 
4 410 428 (-424 -1024 -448 ) (-576 -1024 -448 ) (-576 -936 -448 ) (-424 -936 -448 ) 
4 411 509 (-1024 -936 -448 ) (-1024 -1024 -448 ) (-1024 -1024 -384 ) (-1024 -936 -384 ) 
4 411 487 (-1024 -1024 -384 ) (-1024 -1024 -448 ) (-792 -1024 -448 ) (-792 -1024 -384 ) 
4 411 437 (-792 -1024 -448 ) (-1024 -1024 -448 ) (-1024 -936 -448 ) (-792 -936 -448 ) 
4 412 490 (0 -1024 -576 ) (0 -1024 -448 ) (-284 -1024 -448 ) (-284 -1024 -576 ) 
4 412 413 (-284 -232 -576 ) (-284 -288 -576 ) (-284 -288 -464 ) (-284 -232 -464 ) 
4 413 423 (-300 -232 -576 ) (-300 -288 -576 ) (-300 -288 -464 ) (-300 -232 -464 ) 
4 414 416 (-556 -64 -576 ) (-500 -64 -576 ) (-500 -64 -464 ) (-556 -64 -464 ) 
4 415 510 (-1024 0 -448 ) (-1024 0 -576 ) (-1024 -64 -576 ) (-1024 -64 -448 ) 
4 415 438 (-1024 0 -576 ) (-972 0 -576 ) (-972 -64 -576 ) (-1024 -64 -576 ) 
4 415 417 (-1024 -64 -576 ) (-972 -64 -576 ) (-972 -64 -448 ) (-1024 -64 -448 ) 
4 416 421 (-556 -72 -576 ) (-500 -72 -576 ) (-500 -72 -464 ) (-556 -72 -464 ) 
4 417 510 (-1024 -64 -576 ) (-1024 -68 -576 ) (-1024 -68 -448 ) (-1024 -64 -448 ) 
4 417 438 (-1024 -68 -576 ) (-1024 -64 -576 ) (-972 -64 -576 ) (-972 -68 -576 ) 
4 417 419 (-1024 -68 -576 ) (-972 -68 -576 ) (-972 -68 -480 ) (-1024 -68 -480 ) 
4 417 418 (-972 -68 -480 ) (-972 -68 -448 ) (-1024 -68 -448 ) (-1024 -68 -480 ) 
4 418 511 (-1024 -72 -480 ) (-1024 -72 -448 ) (-1024 -68 -448 ) (-1024 -68 -480 ) 
4 418 419 (-1024 -68 -480 ) (-972 -68 -480 ) (-972 -72 -480 ) (-1024 -72 -480 ) 
4 419 512 (-1024 -68 -576 ) (-1024 -72 -576 ) (-1024 -72 -480 ) (-1024 -68 -480 ) 
4 419 438 (-972 -72 -576 ) (-1024 -72 -576 ) (-1024 -68 -576 ) (-972 -68 -576 ) 
4 420 421 (-424 -192 -576 ) (-424 -208 -576 ) (-424 -208 -448 ) (-424 -192 -448 ) 
4 420 423 (-424 -208 -576 ) (-300 -208 -576 ) (-300 -208 -448 ) (-424 -208 -448 ) 
4 421 423 (-972 -208 -576 ) (-424 -208 -576 ) (-424 -208 -448 ) (-972 -208 -448 ) 
4 422 513 (-1024 -120 -576 ) (-1024 -208 -576 ) (-1024 -208 -448 ) (-1024 -120 -448 ) 
4 422 423 (-1024 -208 -576 ) (-1004 -208 -576 ) (-1004 -208 -448 ) (-1024 -208 -448 ) 
4 423 513 (-1024 -208 -576 ) (-1024 -320 -576 ) (-1024 -320 -448 ) (-1024 -208 -448 ) 
4 423 426 (-1024 -320 -576 ) (-1004 -320 -576 ) (-1004 -320 -448 ) (-1024 -320 -448 ) 
4 423 425 (-972 -320 -576 ) (-424 -320 -576 ) (-424 -320 -448 ) (-972 -320 -448 ) 
4 423 424 (-424 -320 -576 ) (-300 -320 -576 ) (-300 -320 -448 ) (-424 -320 -448 ) 
4 424 425 (-424 -320 -448 ) (-424 -320 -576 ) (-424 -328 -576 ) (-424 -328 -448 ) 
4 425 427 (-552 -604 -576 ) (-448 -604 -576 ) (-448 -604 -464 ) (-552 -604 -464 ) 
4 426 513 (-1024 -320 -576 ) (-1024 -480 -576 ) (-1024 -480 -448 ) (-1024 -320 -448 ) 
4 427 428 (-552 -620 -576 ) (-448 -620 -576 ) (-448 -620 -464 ) (-552 -620 -464 ) 
4 428 495 (-552 -1024 -448 ) (-576 -1024 -448 ) (-576 -1024 -576 ) (-552 -1024 -576 ) 
4 428 493 (-448 -1024 -448 ) (-552 -1024 -448 ) (-552 -1024 -576 ) (-448 -1024 -576 ) 
4 428 492 (-424 -1024 -448 ) (-448 -1024 -448 ) (-448 -1024 -576 ) (-424 -1024 -576 ) 
4 428 430 (-576 -768 -576 ) (-576 -912 -576 ) (-576 -912 -448 ) (-576 -768 -448 ) 
4 428 429 (-576 -620 -448 ) (-576 -620 -576 ) (-576 -736 -576 ) (-576 -736 -448 ) 
4 429 431 (-592 -620 -448 ) (-592 -620 -576 ) (-592 -736 -576 ) (-592 -736 -448 ) 
4 430 432 (-592 -768 -576 ) (-592 -912 -576 ) (-592 -912 -448 ) (-592 -768 -448 ) 
4 431 434 (-784 -620 -448 ) (-784 -620 -576 ) (-784 -736 -576 ) (-784 -736 -448 ) 
4 432 433 (-600 -760 -576 ) (-600 -920 -576 ) (-600 -920 -448 ) (-600 -760 -448 ) 
4 433 439 (-600 -936 -576 ) (-784 -936 -576 ) (-784 -744 -576 ) (-600 -744 -576 ) 
4 434 435 (-792 -620 -448 ) (-792 -620 -576 ) (-792 -736 -576 ) (-792 -736 -448 ) 
4 435 514 (-1024 -620 -576 ) (-1024 -936 -576 ) (-1024 -936 -448 ) (-1024 -620 -448 ) 
4 435 441 (-792 -736.002869 -576 ) (-792 -936 -576 ) (-872 -936 -576 ) (-872 -736.002869 -576 ) 
4 435 437 (-1024 -936 -576 ) (-792 -936 -576 ) (-792 -936 -448 ) (-1024 -936 -448 ) 
4 436 496 (-592 -1024 -448 ) (-792 -1024 -448 ) (-792 -1024 -576 ) (-592 -1024 -576 ) 
4 436 440 (-592 -1024 -576 ) (-792 -1024 -576 ) (-792 -952 -576 ) (-592 -952 -576 ) 
4 436 437 (-792 -952 -576 ) (-792 -1024 -576 ) (-792 -1024 -448 ) (-792 -952 -448 ) 
4 437 514 (-1024 -936 -576 ) (-1024 -1024 -576 ) (-1024 -1024 -448 ) (-1024 -936 -448 ) 
4 437 496 (-792 -1024 -448 ) (-1024 -1024 -448 ) (-1024 -1024 -576 ) (-792 -1024 -576 ) 
4 437 441 (-792 -1024 -576 ) (-872 -1024 -576 ) (-872 -936 -576 ) (-792 -936 -576 ) 
4 438 515 (-1024 0 -576 ) (-1024 0 -584 ) (-1024 -72 -584 ) (-1024 -72 -576 ) 
4 438 459 (-1024 -72 -584 ) (-1024 0 -584 ) (-972 0 -584 ) (-972 -72 -584 ) 
4 439 464 (-600 -744 -584 ) (-600 -936 -584 ) (-784 -936 -584 ) (-784 -744 -584 ) 
4 440 499 (-592 -1024 -576 ) (-792 -1024 -576 ) (-792 -1024 -584 ) (-592 -1024 -584 ) 
4 440 466 (-600 -1024 -584 ) (-792 -1024 -584 ) (-792 -952 -584 ) (-600 -952 -584 ) 
4 440 465 (-592 -1024 -584 ) (-600 -1024 -584 ) (-600 -952 -584 ) (-592 -952 -584 ) 
4 440 441 (-792 -952 -584 ) (-792 -1024 -584 ) (-792 -1024 -576 ) (-792 -952 -576 ) 
4 441 499 (-792 -1024 -576 ) (-872 -1024 -576 ) (-872 -1024 -584 ) (-792 -1024 -584 ) 
4 441 470 (-792 -1024 -584 ) (-872 -1024 -584 ) (-872 -748.002930 -584 ) (-792 -748.002930 -584 ) 
4 442 444 (-128 -8 -584 ) (-128 -8 -704 ) (-128 -172 -704 ) (-128 -172 -584 ) 
4 443 446 (-72 -304 -676 ) (-72 -304 -614 ) (-128 -304 -614 ) (-128 -304 -676 ) 
4 443 444 (-128 -180 -704 ) (-128 -304 -704 ) (-128 -304 -584 ) (-128 -180 -584 ) 
4 444 446 (-128 -304 -676 ) (-128 -304 -614 ) (-188 -304 -614 ) (-188 -304 -676 ) 
4 444 445 (-288 -112 -676 ) (-288 -112 -600 ) (-288 -72 -600 ) (-288 -72 -676 ) 
4 445 457 (-296 -72 -600 ) (-296 -72 -676 ) (-296 -112 -676 ) (-296 -112 -600 ) 
4 446 447 (-72 -312 -676 ) (-72 -312 -614 ) (-188 -312 -614 ) (-188 -312 -676 ) 
4 447 460 (-296 -768 -584 ) (-296 -736 -584 ) (-296 -736 -704 ) (-296 -768 -704 ) 
4 447 458 (-296 -736 -584 ) (-296 -312 -584 ) (-296 -312 -704 ) (-296 -736 -704 ) 
4 447 449 (-296 -768 -704 ) (-296 -312 -704 ) (0 -312 -704 ) (0 -768 -704 ) 
4 448 500 (0 -1024 -704 ) (0 -1024 -584 ) (-288 -1024 -584 ) (-288 -1024 -704 ) 
4 448 456 (-288 -776 -704 ) (0 -776 -704 ) (0 -1024 -704 ) (-288 -1024 -704 ) 
4 449 460 (-296 -768 -712 ) (-296 -768 -704 ) (-296 -736 -704 ) (-296 -736 -712 ) 
4 449 458 (-296 -736 -704 ) (-296 -312 -704 ) (-296 -312 -712 ) (-296 -736 -712 ) 
4 449 453 (-284 -768 -712 ) (-296 -768 -712 ) (-296 -312 -712 ) (-284 -312 -712 ) 
4 449 452 (0 -768 -712 ) (-284 -768 -712 ) (-284 -312 -712 ) (0 -312 -712 ) 
4 450 452 (0 -300 -712 ) (-284 -300 -712 ) (-284 -300 -832 ) (0 -300 -832 ) 
4 450 451 (-288 -28 -832 ) (-288 -300 -832 ) (-288 -300 -712 ) (-288 -28 -712 ) 
4 451 458 (-296 -144 -832 ) (-296 -300 -832 ) (-296 -300 -712 ) (-296 -144 -712 ) 
4 451 457 (-296 -28 -832 ) (-296 -144 -832 ) (-296 -144 -712 ) (-296 -28 -712 ) 
4 452 455 (-144 -768 -832 ) (-88 -768 -832 ) (-88 -768 -720 ) (-144 -768 -720 ) 
4 452 454 (-32 -768 -808 ) (-32 -768 -728 ) (-72 -768 -728 ) (-72 -768 -808 ) 
4 452 453 (-284 -312 -832 ) (-284 -768 -832 ) (-284 -768 -712 ) (-284 -312 -712 ) 
4 453 460 (-296 -736 -832 ) (-296 -768 -832 ) (-296 -768 -712 ) (-296 -736 -712 ) 
4 453 458 (-296 -312 -832 ) (-296 -736 -832 ) (-296 -736 -712 ) (-296 -312 -712 ) 
4 454 456 (-72 -776 -728 ) (-72 -776 -808 ) (-32 -776 -808 ) (-32 -776 -728 ) 
4 455 456 (-144 -776 -720 ) (-144 -776 -832 ) (-88 -776 -832 ) (-88 -776 -720 ) 
4 456 500 (0 -1024 -832 ) (0 -1024 -704 ) (-288 -1024 -704 ) (-288 -1024 -832 ) 
4 457 459 (-972 -144 -696 ) (-972 -144 -584 ) (-972 -8 -584 ) (-972 -8 -696 ) 
5 457 458 (-784 -144 -821.333252 ) (-768 -144 -832 ) (-296 -144 -832 ) (-296 -144 -584 ) (-784 -144 -584 ) 
4 458 460 (-576 -736 -832 ) (-296 -736 -832 ) (-296 -736 -584 ) (-576 -736 -584 ) 
4 459 517 (-1024 0 -584 ) (-1024 0 -696 ) (-1024 -144 -696 ) (-1024 -144 -584 ) 
4 460 501 (-296 -1024 -584 ) (-576 -1024 -584 ) (-576 -1024 -832 ) (-296 -1024 -832 ) 
4 460 462 (-576 -768 -832 ) (-576 -912 -832 ) (-576 -912 -704 ) (-576 -768 -704 ) 
4 460 463 (-576 -952 -832 ) (-576 -1024 -832 ) (-576 -1024 -704 ) (-576 -952 -704 ) 
4 460 461 (-576 -952 -704 ) (-576 -1024 -704 ) (-576 -1024 -584 ) (-576 -952 -584 ) 
4 461 504 (-576 -1024 -584 ) (-592 -1024 -584 ) (-592 -1024 -704 ) (-576 -1024 -704 ) 
4 461 465 (-592 -952 -704 ) (-592 -1024 -704 ) (-592 -1024 -584 ) (-592 -952 -584 ) 
4 461 463 (-592 -1024 -704 ) (-592 -952 -704 ) (-576 -952 -704 ) (-576 -1024 -704 ) 
4 462 467 (-592 -768 -832 ) (-592 -912 -832 ) (-592 -912 -704 ) (-592 -768 -704 ) 
4 463 505 (-592 -1024 -712 ) (-592 -1024 -832 ) (-576 -1024 -832 ) (-576 -1024 -712 ) 
4 463 504 (-592 -1024 -704 ) (-592 -1024 -712 ) (-576 -1024 -712 ) (-576 -1024 -704 ) 
4 463 469 (-592 -952 -832 ) (-592 -1024 -832 ) (-592 -1024 -704 ) (-592 -952 -704 ) 
4 464 468 (-600 -936 -704 ) (-784 -936 -704 ) (-784 -744 -704 ) (-600 -744 -704 ) 
4 465 504 (-592 -1024 -584 ) (-600 -1024 -584 ) (-600 -1024 -704 ) (-592 -1024 -704 ) 
4 465 469 (-592 -952 -704 ) (-592 -1024 -704 ) (-600 -1024 -704 ) (-600 -952 -704 ) 
4 465 466 (-600 -952 -704 ) (-600 -1024 -704 ) (-600 -1024 -584 ) (-600 -952 -584 ) 
4 466 504 (-600 -1024 -584 ) (-792 -1024 -584 ) (-792 -1024 -704 ) (-600 -1024 -704 ) 
4 466 470 (-792 -952 -704 ) (-792 -1024 -704 ) (-792 -1024 -584 ) (-792 -952 -584 ) 
4 466 469 (-792 -1024 -704 ) (-792 -952 -704 ) (-600 -952 -704 ) (-600 -1024 -704 ) 
4 467 468 (-600 -760 -832 ) (-600 -920 -832 ) (-600 -920 -704 ) (-600 -760 -704 ) 
4 468 471 (-600 -936 -832 ) (-784 -936 -832 ) (-784 -744 -832 ) (-600 -744 -832 ) 
4 469 505 (-792 -1024 -712 ) (-612 -1024 -832 ) (-592 -1024 -832 ) (-592 -1024 -712 ) 
4 469 504 (-792 -1024 -704 ) (-792 -1024 -712 ) (-592 -1024 -712 ) (-592 -1024 -704 ) 
4 469 470 (-792 -1024 -712 ) (-792 -1024 -704 ) (-792 -952 -704 ) (-792 -952 -712 ) 
4 470 504 (-792 -1024 -584 ) (-872 -1024 -584 ) (-872 -1024 -712 ) (-792 -1024 -712 ) 
4 472 473 (976 -1024 -128 ) (1024 -1024 -128 ) (1024 -1456 -128 ) (976 -1456 -128 ) 
4 473 475 (1024 -1172 -384 ) (1024 -1744 -384 ) (768 -1744 -384 ) (768 -1172 -384 ) 
4 473 474 (768 -1024 -384 ) (1024 -1024 -384 ) (1024 -1172 -384 ) (768 -1172 -384 ) 
4 474 475 (768 -1172 -576 ) (1024 -1172 -576 ) (1024 -1172 -384 ) (768 -1172 -384 ) 
4 476 478 (116 -1172 -576 ) (116 -1024 -576 ) (352 -1024 -576 ) (352 -1172 -576 ) 
4 477 523 (100 -2048 -384 ) (0 -2048 -384 ) (0 -2048 -576 ) (100 -2048 -576 ) 
4 477 490 (0 -1024 -448 ) (0 -1024 -576 ) (0 -2048 -576 ) (0 -2048 -448 ) 
4 477 484 (0 -1024 -384 ) (0 -1024 -448 ) (0 -2048 -448 ) (0 -2048 -384 ) 
4 478 479 (116 -1172 -584 ) (116 -1024 -584 ) (352 -1024 -584 ) (352 -1172 -584 ) 
4 479 481 (176 -1172 -704 ) (232 -1172 -704 ) (232 -1172 -592 ) (176 -1172 -592 ) 
4 480 500 (0 -1024 -584 ) (0 -1024 -704 ) (0 -1088 -704 ) (0 -1088 -584 ) 
4 480 503 (0 -1088 -704 ) (0 -1172 -704 ) (0 -1172 -584 ) (0 -1088 -584 ) 
4 480 483 (0 -1172 -704 ) (0 -1024 -704 ) (100 -1024 -704 ) (100 -1172 -704 ) 
4 480 482 (0 -1172 -704 ) (100 -1172 -704 ) (100 -1172 -584 ) (0 -1172 -584 ) 
4 482 503 (0 -1172 -704 ) (0 -1364 -704 ) (0 -1364 -584 ) (0 -1172 -584 ) 
4 482 483 (0 -1364 -704 ) (0 -1172 -704 ) (100 -1172 -704 ) (100 -1364 -704 ) 
4 483 500 (0 -1024 -704 ) (0 -1024 -832 ) (0 -1088 -832 ) (0 -1088 -704 ) 
4 483 503 (0 -1088 -832 ) (0 -1364 -832 ) (0 -1364 -704 ) (0 -1088 -704 ) 
4 484 524 (0 -2048 -448 ) (0 -2048 -384 ) (-284 -2048 -384 ) (-284 -2048 -448 ) 
4 484 490 (0 -2048 -448 ) (-284 -2048 -448 ) (-284 -1024 -448 ) (0 -1024 -448 ) 
4 484 485 (-284 -1532 -448 ) (-284 -1644 -448 ) (-284 -1644 -412 ) (-284 -1532 -412 ) 
4 485 491 (-300 -1644 -448 ) (-300 -1532 -448 ) (-284 -1532 -448 ) (-284 -1644 -448 ) 
4 485 489 (-300 -1532 -448 ) (-300 -1644 -448 ) (-300 -1644 -412 ) (-300 -1532 -412 ) 
4 486 495 (-576 -1024 -448 ) (-552 -1024 -448 ) (-552 -1200 -448 ) (-576 -1200 -448 ) 
4 486 493 (-552 -1024 -448 ) (-448 -1024 -448 ) (-448 -1200 -448 ) (-552 -1200 -448 ) 
4 486 492 (-448 -1024 -448 ) (-424 -1024 -448 ) (-424 -1200 -448 ) (-448 -1200 -448 ) 
4 487 521 (-1024 -1216 -384 ) (-1024 -1024 -384 ) (-1024 -1024 -448 ) (-1024 -1216 -448 ) 
4 487 496 (-1024 -1216 -448 ) (-1024 -1024 -448 ) (-792 -1024 -448 ) (-792 -1216 -448 ) 
4 487 488 (-1024 -1216 -448 ) (-792 -1216 -448 ) (-792 -1216 -384 ) (-1024 -1216 -384 ) 
4 488 521 (-1024 -1504 -384 ) (-1024 -1216 -384 ) (-1024 -1216 -448 ) (-1024 -1504 -448 ) 
4 488 497 (-1024 -1504 -448 ) (-1024 -1216 -448 ) (-424 -1216 -448 ) (-424 -1504 -448 ) 
4 488 489 (-1024 -1504 -448 ) (-424 -1504 -448 ) (-424 -1504 -384 ) (-1024 -1504 -384 ) 
4 489 521 (-1024 -1664 -384 ) (-1024 -1504 -384 ) (-1024 -1504 -448 ) (-1024 -1664 -448 ) 
4 489 498 (-1024 -1664 -448 ) (-1024 -1504 -448 ) (-300 -1504 -448 ) (-300 -1664 -448 ) 
4 490 524 (0 -2048 -576 ) (0 -2048 -448 ) (-284 -2048 -448 ) (-284 -2048 -576 ) 
4 490 491 (-284 -1532 -576 ) (-284 -1644 -576 ) (-284 -1644 -448 ) (-284 -1532 -448 ) 
4 491 498 (-300 -1532 -576 ) (-300 -1644 -576 ) (-300 -1644 -448 ) (-300 -1532 -448 ) 
4 492 493 (-448 -1024 -576 ) (-448 -1200 -576 ) (-448 -1200 -448 ) (-448 -1024 -448 ) 
4 493 495 (-552 -1024 -576 ) (-552 -1200 -576 ) (-552 -1200 -448 ) (-552 -1024 -448 ) 
4 493 494 (-552 -1200 -464 ) (-552 -1200 -576 ) (-448 -1200 -576 ) (-448 -1200 -464 ) 
4 494 497 (-552 -1216 -576 ) (-448 -1216 -576 ) (-448 -1216 -464 ) (-552 -1216 -464 ) 
4 496 521 (-1024 -1216 -448 ) (-1024 -1024 -448 ) (-1024 -1024 -576 ) (-1024 -1216 -576 ) 
4 496 499 (-872 -1024 -576 ) (-592 -1024 -576 ) (-592 -1032 -576 ) (-872 -1032 -576 ) 
4 496 497 (-1024 -1216 -576 ) (-592 -1216 -576 ) (-592 -1216 -448 ) (-1024 -1216 -448 ) 
4 497 521 (-1024 -1504 -448 ) (-1024 -1216 -448 ) (-1024 -1216 -576 ) (-1024 -1504 -576 ) 
4 497 498 (-1024 -1504 -576 ) (-424 -1504 -576 ) (-424 -1504 -448 ) (-1024 -1504 -448 ) 
4 498 521 (-1024 -1664 -448 ) (-1024 -1504 -448 ) (-1024 -1504 -576 ) (-1024 -1664 -576 ) 
4 499 504 (-872 -1032 -584 ) (-872 -1024 -584 ) (-592 -1024 -584 ) (-592 -1032 -584 ) 
4 500 503 (-288 -1088 -832 ) (0 -1088 -832 ) (0 -1088 -584 ) (-288 -1088 -584 ) 
4 501 505 (-576 -1024 -832 ) (-576 -1032 -832 ) (-576 -1032 -712 ) (-576 -1024 -712 ) 
4 501 504 (-576 -1032 -712 ) (-576 -1032 -584 ) (-576 -1024 -584 ) (-576 -1024 -712 ) 
4 501 502 (-568 -1072 -832 ) (-424 -1072 -832 ) (-424 -1072 -720 ) (-568 -1072 -720 ) 
4 502 503 (-568 -1088 -832 ) (-424 -1088 -832 ) (-424 -1088 -720 ) (-568 -1088 -720 ) 
4 503 506 (-312 -1364 -682 ) (-312 -1364 -618 ) (-376 -1364 -618 ) (-376 -1364 -682 ) 
4 504 505 (-576 -1032 -712 ) (-792 -1032 -712 ) (-792 -1024 -712 ) (-576 -1024 -712 ) 
4 508 519 (-1548 -132 -448 ) (-1548 -196 -448 ) (-1548 -196 -388 ) (-1548 -132 -388 ) 
4 508 513 (-1548 -480 -448 ) (-1548 -120 -448 ) (-1024 -120 -448 ) (-1024 -480 -448 ) 
4 509 521 (-1024 -1024 -448 ) (-1024 -1024 -384 ) (-1152 -1024 -384 ) (-1152 -1024 -448 ) 
4 509 514 (-1152 -620 -448 ) (-1024 -620 -448 ) (-1024 -1024 -448 ) (-1152 -1024 -448 ) 
4 510 515 (-1108 0 -576 ) (-1024 0 -576 ) (-1024 -68 -576 ) (-1108 -68 -576 ) 
4 510 512 (-1108 -68 -480 ) (-1108 -68 -576 ) (-1024 -68 -576 ) (-1024 -68 -480 ) 
4 510 511 (-1108 -68 -448 ) (-1108 -68 -480 ) (-1024 -68 -480 ) (-1024 -68 -448 ) 
4 511 512 (-1024 -72 -480 ) (-1108 -72 -480 ) (-1108 -68 -480 ) (-1024 -68 -480 ) 
4 512 515 (-1024 -68 -576 ) (-1024 -72 -576 ) (-1108 -72 -576 ) (-1108 -68 -576 ) 
4 513 516 (-1548 -480 -576 ) (-1548 -384 -576 ) (-1324 -384 -576 ) (-1324 -480 -576 ) 
4 514 521 (-1024 -1024 -576 ) (-1024 -1024 -448 ) (-1152 -1024 -448 ) (-1152 -1024 -576 ) 
4 515 517 (-1108 0 -584 ) (-1024 0 -584 ) (-1024 -72 -584 ) (-1108 -72 -584 ) 
4 516 518 (-1548 -480 -584 ) (-1548 -384 -584 ) (-1324 -384 -584 ) (-1324 -480 -584 ) 
4 519 520 (-1552 -132 -448 ) (-1552 -196 -448 ) (-1552 -196 -388 ) (-1552 -132 -388 ) 
4 521 522 (-1152 -1632 -384 ) (-1152 -1248 -384 ) (-1152 -1248 -576 ) (-1152 -1632 -576 ) 
4 523 524 (0 -2048 -384 ) (0 -2048 -576 ) (0 -2080 -576 ) (0 -2080 -384 ) 
