PRT1
406
1118
4 0 18 (1024 1024 -192 ) (1024 1024 -536 ) (1040 1024 -536 ) (1040 1024 -192 ) 
4 0 17 (1024 1024 -160 ) (1024 1024 -192 ) (1040 1024 -192 ) (1040 1024 -160 ) 
4 0 15 (1024 1024 0 ) (1024 1024 -160 ) (1040 1024 -160 ) (1040 1024 0 ) 
4 0 13 (1040 1024 -536 ) (1056 1024 -536 ) (1056 1024 0 ) (1040 1024 0 ) 
4 0 12 (1056 1024 -536 ) (1544 1024 -536 ) (1544 1024 0 ) (1056 1024 0 ) 
4 0 11 (1544 1024 440 ) (1024 1024 440 ) (1024 1024 0 ) (1544 1024 0 ) 
4 0 5 (1024 1024 -536 ) (1024 1024 440 ) (1024 1152 440 ) (1024 1152 -536 ) 
4 0 2 (1024 1152 440 ) (1024 1168 440 ) (1024 1168 -536 ) (1024 1152 -536 ) 
4 0 1 (1024 1168 440 ) (1024 1248 440 ) (1024 1248 -536 ) (1024 1168 -536 ) 
4 1 110 (0 1168 440 ) (0 1248 440 ) (0 1248 -536 ) (0 1168 -536 ) 
4 1 3 (512 1168 320 ) (512 1168 440 ) (0 1168 440 ) (0 1168 320 ) 
4 1 4 (0 1168 -536 ) (512 1168 -536 ) (512 1168 -64 ) (0 1168 -64 ) 
4 1 2 (512 1168 -536 ) (1024 1168 -536 ) (1024 1168 440 ) (512 1168 440 ) 
4 2 7 (512 1152 -64 ) (512 1152 -536 ) (528 1152 -536 ) (528 1152 -64 ) 
4 2 6 (528 1152 440 ) (512 1152 440 ) (512 1152 320 ) (528 1152 320 ) 
4 2 5 (1024 1152 -536 ) (1024 1152 440 ) (528 1152 440 ) (528 1152 -536 ) 
4 2 3 (512 1168 440 ) (512 1168 320 ) (512 1152 320 ) (512 1152 440 ) 
4 2 4 (512 1168 -64 ) (512 1168 -536 ) (512 1152 -536 ) (512 1152 -64 ) 
4 3 111 (0 1152 320 ) (0 1152 440 ) (0 1168 440 ) (0 1168 320 ) 
4 3 8 (512 1152 440 ) (0 1152 440 ) (0 1152 320 ) (512 1152 320 ) 
4 4 112 (0 1152 -536 ) (0 1152 -64 ) (0 1168 -64 ) (0 1168 -536 ) 
4 4 10 (0 1152 -288 ) (0 1152 -536 ) (512 1152 -536 ) (512 1152 -288 ) 
4 5 52 (528 1024 96 ) (528 1024 -64 ) (848 1024 -160 ) (848 1024 0 ) 
4 5 51 (848 1024 440 ) (528 1024 440 ) (528 1024 96 ) (848 1024 0 ) 
4 5 48 (528 1024 -64 ) (528 1024 -536 ) (848 1024 -536 ) (848 1024 -160 ) 
4 5 43 (1024 1024 -536 ) (1024 1024 -192 ) (848 1024 -192 ) (848 1024 -536 ) 
4 5 42 (1024 1024 -192 ) (1024 1024 -160 ) (848 1024 -160 ) (848 1024 -192 ) 
4 5 39 (1024 1024 -160 ) (1024 1024 0 ) (848 1024 0 ) (848 1024 -160 ) 
4 5 38 (1024 1024 0 ) (1024 1024 440 ) (848 1024 440 ) (848 1024 0 ) 
4 5 7 (528 1152 -64 ) (528 1152 -536 ) (528 1024 -536 ) (528 1024 -64 ) 
4 5 6 (528 1152 440 ) (528 1152 320 ) (528 1024 320 ) (528 1024 440 ) 
4 6 82 (528 1024 320 ) (528 1024 440 ) (512 1024 440 ) (512 1024 320 ) 
4 6 8 (512 1152 440 ) (512 1152 320 ) (512 1024 320 ) (512 1024 440 ) 
4 7 91 (528 1024 -536 ) (528 1024 -320 ) (512 1024 -320 ) (512 1024 -536 ) 
4 7 90 (528 1024 -320 ) (528 1024 -288 ) (512 1024 -288 ) (512 1024 -320 ) 
4 7 86 (528 1024 -288 ) (528 1024 -64 ) (512 1024 -64 ) (512 1024 -288 ) 
4 7 10 (512 1152 -288 ) (512 1152 -536 ) (512 1024 -536 ) (512 1024 -288 ) 
4 8 114 (0 1024 320 ) (0 1024 440 ) (0 1152 440 ) (0 1152 320 ) 
4 8 92 (512 1024 320 ) (512 1024 440 ) (0 1024 440 ) (0 1024 320 ) 
4 9 116 (0 1024 -64 ) (0 1024 72 ) (0 1152 72 ) (0 1152 -64 ) 
4 9 115 (0 1024 72 ) (0 1024 240 ) (0 1152 224 ) (0 1152 72 ) 
4 9 100 (512 1024 -64 ) (512 1024 128 ) (160 1024 128 ) (160 1024 -64 ) 
4 9 101 (160 1024 128 ) (0 1024 128 ) (0 1024 -64 ) (160 1024 -64 ) 
4 9 99 (512 1024 128 ) (512 1024 240 ) (0 1024 240 ) (0 1024 128 ) 
4 10 120 (0 1024 -536 ) (0 1024 -288 ) (0 1152 -288 ) (0 1152 -536 ) 
4 10 109 (512 1024 -536 ) (512 1024 -352 ) (0 1024 -352 ) (0 1024 -536 ) 
4 10 105 (160 1024 -288 ) (0 1024 -288 ) (0 1024 -352 ) (160 1024 -352 ) 
4 10 103 (512 1024 -352 ) (512 1024 -288 ) (160 1024 -288 ) (160 1024 -352 ) 
4 11 38 (1024 1024 440 ) (1024 1024 0 ) (1024 336 0 ) (1024 336 440 ) 
4 11 24 (1024 336 440 ) (1024 336 64 ) (1216 336 64 ) (1216 336 440 ) 
4 11 23 (1216 336 0 ) (1544 336 0 ) (1544 336 440 ) (1216 336 440 ) 
4 11 21 (1056 336 0 ) (1040 336 0 ) (1040 656 0 ) (1056 656 0 ) 
4 11 22 (1040 336 0 ) (1024 336 0 ) (1024 656 0 ) (1040 656 0 ) 
4 11 19 (1544 336 0 ) (1056 336 0 ) (1056 656 0 ) (1544 656 0 ) 
4 11 15 (1024 864 0 ) (1024 1024 0 ) (1040 1024 0 ) (1040 864 0 ) 
4 11 16 (1024 656 0 ) (1024 848 0 ) (1040 848 0 ) (1040 656 0 ) 
4 11 13 (1040 1024 0 ) (1056 1024 0 ) (1056 848 0 ) (1040 848 0 ) 
4 11 12 (1056 1024 0 ) (1544 1024 0 ) (1544 656 0 ) (1056 656 0 ) 
4 12 19 (1544 656 0 ) (1056 656 0 ) (1056 656 -536 ) (1544 656 -536 ) 
4 12 14 (1056 848 -536 ) (1056 656 -536 ) (1056 656 -160 ) (1056 848 -160 ) 
4 12 13 (1056 1024 -536 ) (1056 848 -536 ) (1056 848 0 ) (1056 1024 0 ) 
4 13 18 (1040 1024 -192 ) (1040 1024 -536 ) (1040 848 -536 ) (1040 848 -192 ) 
4 13 17 (1040 1024 -160 ) (1040 1024 -192 ) (1040 848 -192 ) (1040 848 -160 ) 
4 13 15 (1040 864 0 ) (1040 1024 0 ) (1040 1024 -160 ) (1040 864 -160 ) 
4 13 14 (1040 848 -160 ) (1040 848 -536 ) (1056 848 -536 ) (1056 848 -160 ) 
4 14 20 (1040 656 -192 ) (1040 656 -536 ) (1056 656 -536 ) (1056 656 -192 ) 
4 14 18 (1040 656 -536 ) (1040 656 -192 ) (1040 848 -192 ) (1040 848 -536 ) 
4 15 39 (1024 1024 0 ) (1024 1024 -160 ) (1024 864 -160 ) (1024 864 0 ) 
4 15 17 (1040 1024 -160 ) (1040 864 -160 ) (1024 864 -160 ) (1024 1024 -160 ) 
4 16 40 (1024 848 -160 ) (1024 656 -160 ) (1024 656 0 ) (1024 848 0 ) 
4 16 22 (1040 656 0 ) (1024 656 0 ) (1024 656 -160 ) (1040 656 -160 ) 
4 17 42 (1024 1024 -160 ) (1024 1024 -192 ) (1024 848 -192 ) (1024 848 -160 ) 
4 17 18 (1024 1024 -192 ) (1040 1024 -192 ) (1040 848 -192 ) (1024 848 -192 ) 
4 18 43 (1024 1024 -192 ) (1024 1024 -536 ) (1024 656 -536 ) (1024 656 -192 ) 
4 18 20 (1024 656 -192 ) (1024 656 -536 ) (1040 656 -536 ) (1040 656 -192 ) 
4 19 27 (1088 336 -536 ) (1216 336 -536 ) (1216 336 -288 ) (1088 336 -288 ) 
4 19 26 (1216 336 -536 ) (1544 336 -536 ) (1544 336 -256 ) (1216 336 -256 ) 
4 19 28 (1056 336 -536 ) (1088 336 -536 ) (1088 336 -256 ) (1056 336 -256 ) 
4 19 23 (1544 336 -256 ) (1544 336 0 ) (1216 336 0 ) (1216 336 -256 ) 
3 19 21 (1056 656 0 ) (1056 336 -88 ) (1056 336 0 ) 
4 19 20 (1056 656 -192 ) (1056 656 -536 ) (1056 336 -536 ) (1056 336 -288 ) 
4 20 44 (1024 336 -536 ) (1024 336 -288 ) (1024 656 -192 ) (1024 656 -536 ) 
4 20 29 (1024 336 -288 ) (1024 336 -536 ) (1040 336 -536 ) (1040 336 -288 ) 
4 20 28 (1040 336 -536 ) (1056 336 -536 ) (1056 336 -288 ) (1040 336 -288 ) 
3 21 22 (1040 656 0 ) (1040 336 -88 ) (1040 336 0 ) 
4 22 45 (1024 336 -256 ) (1024 336 0 ) (1024 656 0 ) (1024 656 -160 ) 
4 22 25 (1024 336 -32 ) (1024 336 -256 ) (1040 336 -256 ) (1040 336 -32 ) 
4 23 31 (1232 320 440 ) (1216 320 440 ) (1216 320 64 ) (1232 320 64 ) 
4 23 30 (1544 320 440 ) (1232 320 440 ) (1232 320 -256 ) (1544 320 -256 ) 
4 23 26 (1544 320 -256 ) (1216 320 -256 ) (1216 336 -256 ) (1544 336 -256 ) 
4 23 24 (1216 320 64 ) (1216 320 440 ) (1216 336 440 ) (1216 336 64 ) 
4 24 55 (1024 320 64 ) (1024 320 440 ) (1024 336 440 ) (1024 336 64 ) 
4 24 32 (1216 320 440 ) (1024 320 440 ) (1024 320 80 ) (1216 320 80 ) 
4 25 57 (1024 320 -256 ) (1024 320 -32 ) (1024 336 -32 ) (1024 336 -256 ) 
4 25 33 (1024 320 -32 ) (1024 320 -256 ) (1040 320 -256 ) (1040 320 -32 ) 
4 26 35 (1216 320 -288 ) (1216 320 -536 ) (1544 320 -536 ) (1544 320 -288 ) 
4 26 30 (1544 320 -256 ) (1232 320 -256 ) (1232 320 -288 ) (1544 320 -288 ) 
4 26 27 (1216 336 -536 ) (1216 320 -536 ) (1216 320 -288 ) (1216 336 -288 ) 
4 27 36 (1104 320 -536 ) (1216 320 -536 ) (1216 320 -304 ) (1104 320 -304 ) 
4 27 37 (1088 320 -288 ) (1088 320 -536 ) (1104 320 -536 ) (1104 320 -288 ) 
4 27 28 (1088 336 -536 ) (1088 320 -536 ) (1088 320 -288 ) (1088 336 -288 ) 
4 28 37 (1040 320 -288 ) (1040 320 -536 ) (1088 320 -536 ) (1088 320 -288 ) 
4 28 29 (1040 336 -536 ) (1040 320 -536 ) (1040 320 -288 ) (1040 336 -288 ) 
4 29 59 (1024 320 -536 ) (1024 320 -288 ) (1024 336 -288 ) (1024 336 -536 ) 
4 29 37 (1024 320 -288 ) (1024 320 -536 ) (1040 320 -536 ) (1040 320 -288 ) 
4 30 228 (1544 0 440 ) (1232 0 440 ) (1232 0 -288 ) (1544 0 -288 ) 
4 30 35 (1232 320 -288 ) (1544 320 -288 ) (1544 0 -288 ) (1232 0 -288 ) 
4 30 31 (1232 0 64 ) (1232 0 440 ) (1232 320 440 ) (1232 320 64 ) 
4 31 229 (1232 0 440 ) (1216 0 440 ) (1216 0 64 ) (1232 0 64 ) 
4 31 32 (1216 0 80 ) (1216 0 440 ) (1216 320 440 ) (1216 320 80 ) 
4 32 230 (1216 0 440 ) (1024 0 440 ) (1024 0 80 ) (1216 0 80 ) 
4 32 61 (1024 0 80 ) (1024 0 440 ) (1024 320 440 ) (1024 320 80 ) 
4 33 231 (1024 0 64 ) (1024 0 -256 ) (1216 0 -256 ) (1216 0 64 ) 
4 33 66 (1024 0 -256 ) (1024 0 -80 ) (1024 320 -80 ) (1024 320 -256 ) 
4 33 63 (1024 0 -80 ) (1024 0 64 ) (1024 320 64 ) (1024 320 -80 ) 
4 33 34 (1104 320 -256 ) (1216 320 -256 ) (1216 0 -256 ) (1104 0 -256 ) 
4 34 232 (1104 0 -288 ) (1216 0 -288 ) (1216 0 -256 ) (1104 0 -256 ) 
4 35 233 (1544 0 -288 ) (1216 0 -288 ) (1216 0 -536 ) (1544 0 -536 ) 
4 35 36 (1216 320 -536 ) (1216 0 -536 ) (1216 0 -304 ) (1216 320 -304 ) 
4 36 234 (1104 0 -304 ) (1104 0 -536 ) (1216 0 -536 ) (1216 0 -304 ) 
4 36 37 (1104 320 -536 ) (1104 0 -536 ) (1104 0 -304 ) (1104 320 -304 ) 
4 37 235 (1104 0 -288 ) (1024 0 -288 ) (1024 0 -536 ) (1104 0 -536 ) 
4 37 69 (1024 0 -536 ) (1024 0 -288 ) (1024 320 -288 ) (1024 320 -536 ) 
4 38 55 (1024 336 64 ) (1024 336 440 ) (848 336 440 ) (848 336 64 ) 
4 38 51 (848 336 0 ) (848 336 440 ) (848 1024 440 ) (848 1024 0 ) 
4 38 46 (880 336 0 ) (864 336 0 ) (864 656 0 ) (880 656 0 ) 
4 38 45 (1024 336 0 ) (880 336 0 ) (880 656 0 ) (1024 656 0 ) 
4 38 47 (864 336 0 ) (848 336 0 ) (848 656 0 ) (864 656 0 ) 
4 38 41 (848 688 0 ) (848 848 0 ) (880 848 0 ) (880 688 0 ) 
4 38 40 (880 848 0 ) (1024 848 0 ) (1024 656 0 ) (880 656 0 ) 
4 38 39 (848 864 0 ) (848 1024 0 ) (1024 1024 0 ) (1024 864 0 ) 
4 39 52 (848 864 0 ) (848 1024 0 ) (848 1024 -160 ) (848 864 -160 ) 
4 39 42 (848 864 -160 ) (848 1024 -160 ) (1024 1024 -160 ) (1024 864 -160 ) 
4 40 45 (1024 656 -160 ) (1024 656 0 ) (880 656 0 ) (880 656 -160 ) 
4 40 41 (880 848 0 ) (880 848 -160 ) (880 688 -160 ) (880 688 0 ) 
4 41 53 (848 688 0 ) (848 848 0 ) (848 848 -160 ) (848 688 -160 ) 
4 42 48 (848 864 -160 ) (848 1024 -160 ) (848 1024 -192 ) (848 864 -192 ) 
4 42 43 (848 848 -192 ) (848 1024 -192 ) (1024 1024 -192 ) (1024 848 -192 ) 
4 43 49 (848 672 -192 ) (848 864 -192 ) (848 864 -536 ) (848 672 -536 ) 
4 43 48 (848 864 -192 ) (848 1024 -192 ) (848 1024 -536 ) (848 864 -536 ) 
4 43 50 (848 656 -536 ) (848 656 -192 ) (848 672 -192 ) (848 672 -536 ) 
4 43 44 (1024 656 -536 ) (1024 656 -192 ) (864 656 -192 ) (864 656 -536 ) 
4 43 47 (864 656 -192 ) (848 656 -192 ) (848 656 -536 ) (864 656 -536 ) 
4 44 59 (1024 336 -536 ) (1024 336 -288 ) (880 336 -288 ) (880 336 -536 ) 
4 44 60 (880 336 -288 ) (864 336 -288 ) (864 336 -536 ) (880 336 -536 ) 
4 44 47 (864 656 -192 ) (864 656 -536 ) (864 336 -536 ) (864 336 -288 ) 
4 45 57 (1024 336 -256 ) (1024 336 -32 ) (880 336 -32 ) (880 336 -256 ) 
3 45 46 (880 656 0 ) (880 336 -88 ) (880 336 0 ) 
3 46 47 (864 656 0 ) (864 336 -88 ) (864 336 0 ) 
4 47 60 (848 336 -256 ) (848 336 -536 ) (864 336 -536 ) (864 336 -256 ) 
4 47 54 (848 336 -160 ) (848 336 0 ) (848 656 0 ) (848 656 -160 ) 
4 47 50 (848 336 -536 ) (848 336 -160 ) (848 656 -160 ) (848 656 -536 ) 
4 48 91 (528 1024 -320 ) (528 1024 -536 ) (528 864 -536 ) (528 864 -320 ) 
4 48 90 (528 1024 -288 ) (528 1024 -320 ) (528 864 -320 ) (528 864 -288 ) 
4 48 86 (528 1024 -64 ) (528 1024 -288 ) (528 864 -288 ) (528 864 -64 ) 
4 48 52 (528 1024 -64 ) (528 864 -64 ) (848 864 -160 ) (848 1024 -160 ) 
4 48 49 (528 864 -536 ) (848 864 -536 ) (848 864 -192 ) (528 864 -96 ) 
4 49 91 (528 864 -536 ) (528 672 -536 ) (528 672 -320 ) (528 864 -320 ) 
4 49 90 (528 672 -320 ) (528 672 -288 ) (528 864 -288 ) (528 864 -320 ) 
4 49 87 (528 672 -288 ) (528 672 -256 ) (528 848 -256 ) (528 848 -288 ) 
4 49 86 (528 848 -96 ) (528 864 -96 ) (528 864 -288 ) (528 848 -288 ) 
4 49 50 (528 672 -536 ) (848 672 -536 ) (848 672 -192 ) (528 672 -96 ) 
4 50 91 (528 672 -536 ) (528 336 -536 ) (528 336 -320 ) (528 672 -320 ) 
4 50 90 (528 336 -320 ) (528 336 -288 ) (528 672 -288 ) (528 672 -320 ) 
4 50 88 (528 512 -64 ) (528 672 -64 ) (528 672 -288 ) (528 512 -288 ) 
4 50 60 (528 336 -256 ) (528 336 -536 ) (848 336 -536 ) (848 336 -256 ) 
4 50 58 (528 336 -64 ) (528 336 -256 ) (704 336 -256 ) (704 336 -116.800003 ) 
4 50 54 (528 672 -64 ) (528 336 -64 ) (848 336 -160 ) (848 672 -160 ) 
4 51 85 (528 848 96 ) (528 688 96 ) (528 688 152 ) (528 848 152 ) 
4 51 84 (528 336 240 ) (528 336 320 ) (528 512 320 ) (528 512 240 ) 
4 51 83 (528 576 208 ) (528 512 208 ) (528 512 320 ) (528 576 320 ) 
4 51 82 (528 1024 440 ) (528 1024 320 ) (528 336 320 ) (528 336 440 ) 
3 51 56 (634.666687 336 64 ) (736 336 33.600002 ) (736 336 64 ) 
5 51 55 (528 336 440 ) (528 336 96 ) (634.666687 336 64 ) (848 336 64 ) (848 336 440 ) 
4 51 54 (848 672 0 ) (848 336 0 ) (528 336 96 ) (528 672 96 ) 
4 51 52 (848 1024 0 ) (848 864 0 ) (528 864 96 ) (528 1024 96 ) 
4 51 53 (848 848 0 ) (848 688 0 ) (528 688 96 ) (528 848 96 ) 
4 53 85 (528 848 -64 ) (528 688 -64 ) (528 688 96 ) (528 848 96 ) 
4 54 58 (528 336 -32 ) (528 336 -64 ) (704 336 -116.800003 ) (704 336 -32 ) 
5 54 56 (528 336 64 ) (528 336 -32 ) (736 336 -32 ) (736 336 33.599995 ) (634.666626 336 64 ) 
3 54 55 (528 336 96 ) (528 336 64 ) (634.666626 336 64 ) 
4 55 84 (528 320 240 ) (528 320 320 ) (528 336 320 ) (528 336 240 ) 
4 55 82 (528 320 320 ) (528 320 440 ) (528 336 440 ) (528 336 320 ) 
4 55 76 (528 320 440 ) (528 320 64 ) (576 320 64 ) (576 320 440 ) 
4 55 70 (576 320 64 ) (704 320 64 ) (704 320 440 ) (576 320 440 ) 
4 55 62 (704 320 64 ) (720 320 64 ) (720 320 80 ) (704 320 80 ) 
4 55 61 (1024 320 80 ) (1024 320 440 ) (704 320 440 ) (704 320 80 ) 
4 55 56 (736 320 64 ) (528 320 64 ) (528 336 64 ) (736 336 64 ) 
4 56 76 (528 320 64 ) (528 320 -32 ) (576 320 -32 ) (576 320 64 ) 
4 56 70 (576 320 -32 ) (704 320 -32 ) (704 320 64 ) (576 320 64 ) 
4 56 65 (704 320 -32 ) (720 320 -32 ) (720 320 64 ) (704 320 64 ) 
4 56 58 (704 320 -32 ) (528 320 -32 ) (528 336 -32 ) (704 336 -32 ) 
4 57 66 (880 320 -256 ) (1024 320 -256 ) (1024 320 -80 ) (880 320 -80 ) 
4 57 63 (1024 320 -80 ) (1024 320 -32 ) (880 320 -32 ) (880 320 -80 ) 
4 58 78 (528 320 -144 ) (528 320 -256 ) (576 320 -256 ) (576 320 -144 ) 
4 58 76 (528 320 -32 ) (528 320 -144 ) (576 320 -144 ) (576 320 -32 ) 
4 58 70 (576 320 -256 ) (704 320 -256 ) (704 320 -32 ) (576 320 -32 ) 
4 58 60 (704 320 -256 ) (528 320 -256 ) (528 336 -256 ) (704 336 -256 ) 
4 59 69 (880 320 -536 ) (1024 320 -536 ) (1024 320 -288 ) (880 320 -288 ) 
4 59 60 (880 336 -536 ) (880 320 -536 ) (880 320 -288 ) (880 336 -288 ) 
4 60 91 (528 320 -536 ) (528 320 -320 ) (528 336 -320 ) (528 336 -536 ) 
4 60 90 (528 320 -320 ) (528 320 -288 ) (528 336 -288 ) (528 336 -320 ) 
4 60 81 (528 320 -320 ) (528 320 -536 ) (576 320 -536 ) (576 320 -320 ) 
4 60 80 (528 320 -288 ) (528 320 -320 ) (576 320 -320 ) (576 320 -288 ) 
4 60 78 (528 320 -256 ) (528 320 -288 ) (576 320 -288 ) (576 320 -256 ) 
4 60 70 (576 320 -536 ) (704 320 -536 ) (704 320 -256 ) (576 320 -256 ) 
4 60 69 (704 320 -536 ) (880 320 -536 ) (880 320 -288 ) (704 320 -288 ) 
4 60 68 (736 320 -256 ) (704 320 -256 ) (704 320 -288 ) (736 320 -288 ) 
4 61 262 (1024 0 80 ) (1024 0 240 ) (720 0 240 ) (720 0 80 ) 
4 61 263 (720 0 240 ) (704 0 240 ) (704 0 80 ) (720 0 80 ) 
4 61 258 (1024 0 240 ) (1024 0 256 ) (704 0 256 ) (704 0 240 ) 
4 61 254 (1024 0 256 ) (1024 0 320 ) (704 0 320 ) (704 0 256 ) 
4 61 252 (1024 0 320 ) (1024 0 440 ) (704 0 440 ) (704 0 320 ) 
4 61 74 (704 256 80 ) (704 0 80 ) (704 0 440 ) (704 256 440 ) 
4 61 72 (704 272 80 ) (704 256 80 ) (704 256 440 ) (704 272 440 ) 
4 61 70 (704 320 440 ) (704 320 80 ) (704 272 80 ) (704 272 440 ) 
4 61 62 (704 0 80 ) (704 320 80 ) (720 320 80 ) (720 0 80 ) 
4 62 263 (720 0 80 ) (704 0 80 ) (704 0 64 ) (720 0 64 ) 
4 62 74 (704 256 64 ) (704 0 64 ) (704 0 80 ) (704 256 80 ) 
4 62 72 (704 272 64 ) (704 256 64 ) (704 256 80 ) (704 272 80 ) 
4 62 70 (704 320 80 ) (704 320 64 ) (704 272 64 ) (704 272 80 ) 
4 62 65 (720 0 64 ) (704 0 64 ) (704 320 64 ) (720 320 64 ) 
4 63 264 (1024 0 -80 ) (1024 0 64 ) (816 0 64 ) (816 0 -80 ) 
4 63 66 (816 320 -80 ) (1024 320 -80 ) (1024 0 -80 ) (816 0 -80 ) 
4 63 64 (816 320 -80 ) (816 0 -80 ) (816 0 -32 ) (816 320 -32 ) 
4 64 265 (736 0 -32 ) (736 0 -80 ) (816 0 -80 ) (816 0 -32 ) 
4 64 66 (736 320 -80 ) (816 320 -80 ) (816 0 -80 ) (736 0 -80 ) 
4 65 266 (720 0 64 ) (704 0 64 ) (704 0 -80 ) (720 0 -80 ) 
4 65 74 (704 256 -80 ) (704 0 -80 ) (704 0 64 ) (704 256 64 ) 
4 65 72 (704 272 -80 ) (704 256 -80 ) (704 256 64 ) (704 272 64 ) 
4 65 70 (704 320 64 ) (704 320 -80 ) (704 272 -80 ) (704 272 64 ) 
4 66 267 (1024 0 -256 ) (1024 0 -80 ) (736 0 -80 ) (736 0 -256 ) 
4 66 67 (736 256 -256 ) (736 0 -256 ) (736 0 -112 ) (736 256 -112 ) 
4 67 73 (704 256 -256 ) (704 0 -256 ) (704 0 -112 ) (704 256 -112 ) 
4 68 71 (704 272 -288 ) (704 256 -288 ) (704 256 -256 ) (704 272 -256 ) 
4 68 70 (704 320 -256 ) (704 320 -288 ) (704 272 -288 ) (704 272 -256 ) 
4 68 69 (704 256 -288 ) (704 320 -288 ) (736 320 -288 ) (736 256 -288 ) 
4 69 288 (1024 0 -536 ) (1024 0 -320 ) (704 0 -320 ) (704 0 -536 ) 
4 69 286 (1024 0 -320 ) (1024 0 -288 ) (704 0 -288 ) (704 0 -320 ) 
4 69 75 (704 256 -536 ) (704 0 -536 ) (704 0 -288 ) (704 256 -288 ) 
4 69 71 (704 272 -536 ) (704 256 -536 ) (704 256 -288 ) (704 272 -288 ) 
4 69 70 (704 320 -288 ) (704 320 -536 ) (704 272 -536 ) (704 272 -288 ) 
4 70 81 (576 320 -320 ) (576 320 -536 ) (576 272 -536 ) (576 272 -320 ) 
4 70 80 (576 320 -288 ) (576 320 -320 ) (576 272 -320 ) (576 272 -288 ) 
4 70 78 (576 320 -144 ) (576 320 -288 ) (576 272 -288 ) (576 272 -144 ) 
4 70 76 (576 320 440 ) (576 320 -144 ) (576 272 -144 ) (576 272 440 ) 
4 70 71 (576 272 -536 ) (704 272 -536 ) (704 272 -256 ) (576 272 -288 ) 
4 70 72 (704 272 -111.998993 ) (704 272 440 ) (576 272 440 ) (576 272 -144 ) 
4 71 81 (576 272 -536 ) (576 256 -536 ) (576 256 -320 ) (576 272 -320 ) 
4 71 80 (576 256 -320 ) (576 256 -288 ) (576 272 -288 ) (576 272 -320 ) 
4 71 75 (576 256 -320.001038 ) (576 256 -536 ) (704 256 -536 ) (704 256 -288 ) 
4 72 77 (576 256 -64 ) (576 256 440 ) (576 272 440 ) (576 272 -64 ) 
4 72 74 (576 256 440 ) (576 256 -111.998962 ) (704 256 -79.998497 ) (704 256 440 ) 
4 73 79 (576 0 -288 ) (576 0 -144 ) (576 256 -144 ) (576 256 -288 ) 
3 74 269 (576 0 -80 ) (576 0 -111.998962 ) (703.994019 0 -80 ) 
5 74 266 (704 0 -79.998497 ) (704 0 64 ) (576 0 64 ) (576 0 -80 ) (703.994019 0 -80 ) 
4 74 263 (704 0 64 ) (704 0 240 ) (576 0 240 ) (576 0 64 ) 
4 74 258 (704 0 240 ) (704 0 256 ) (576 0 256 ) (576 0 240 ) 
4 74 254 (704 0 256 ) (704 0 320 ) (576 0 320 ) (576 0 256 ) 
4 74 252 (704 0 320 ) (704 0 440 ) (576 0 440 ) (576 0 320 ) 
4 74 77 (576 0 -64 ) (576 0 440 ) (576 256 440 ) (576 256 -64 ) 
5 75 288 (704 0 -536 ) (704 0 -320 ) (576.004028 0 -320 ) (576 0 -320.001007 ) (576 0 -536 ) 
3 75 286 (704 0 -320 ) (704 0 -288 ) (576.004028 0 -320 ) 
4 75 81 (576 0 -536 ) (576 0 -320.001038 ) (576 256 -320.001007 ) (576 256 -536 ) 
4 76 84 (528 320 320 ) (528 320 240 ) (528 272 240 ) (528 272 320 ) 
4 76 82 (528 272 440 ) (528 320 440 ) (528 320 320 ) (528 272 320 ) 
4 76 78 (528 272 -144 ) (528 320 -144 ) (576 320 -144 ) (576 272 -144 ) 
4 76 77 (576 272 -64 ) (576 272 440 ) (528 272 440 ) (528 272 -64 ) 
4 77 272 (576 0 -64 ) (576 0 240 ) (528 0 240 ) (528 0 -64 ) 
4 77 258 (576 0 240 ) (576 0 256 ) (528 0 256 ) (528 0 240 ) 
4 77 254 (576 0 256 ) (576 0 320 ) (528 0 320 ) (528 0 256 ) 
4 77 252 (576 0 320 ) (576 0 440 ) (528 0 440 ) (528 0 320 ) 
4 77 84 (528 0 240 ) (528 0 320 ) (528 272 320 ) (528 272 240 ) 
4 77 82 (528 0 320 ) (528 0 440 ) (528 272 440 ) (528 272 320 ) 
4 78 80 (528 272 -288 ) (528 320 -288 ) (576 320 -288 ) (576 272 -288 ) 
4 79 89 (528 8 -168 ) (528 248 -168 ) (528 248 -288 ) (528 8 -288 ) 
4 80 90 (528 256 -288 ) (528 320 -288 ) (528 320 -320 ) (528 256 -320 ) 
4 80 81 (528 256 -320 ) (528 320 -320 ) (576 320 -320 ) (576 256 -320 ) 
4 81 288 (576 0 -536 ) (576 0 -320 ) (528 0 -320 ) (528 0 -536 ) 
4 81 91 (528 0 -536 ) (528 0 -320 ) (528 320 -320 ) (528 320 -536 ) 
4 82 252 (528 0 320 ) (528 0 440 ) (512 0 440 ) (512 0 320 ) 
4 82 93 (512 576 440 ) (512 896 440 ) (512 896 336 ) (512 576 336 ) 
4 82 92 (512 896 440 ) (512 1024 440 ) (512 1024 320 ) (512 896 320 ) 
4 82 94 (512 0 320 ) (512 0 440 ) (512 576 440 ) (512 576 320 ) 
4 82 84 (512 0 320 ) (512 512 320 ) (528 512 320 ) (528 0 320 ) 
4 82 83 (512 512 320 ) (512 576 320 ) (528 576 320 ) (528 512 320 ) 
4 83 84 (528 512 240 ) (528 512 320 ) (512 512 320 ) (512 512 240 ) 
4 84 258 (528 0 240 ) (528 0 256 ) (512 0 256 ) (512 0 240 ) 
4 84 254 (528 0 256 ) (528 0 320 ) (512 0 320 ) (512 0 256 ) 
4 84 96 (512 0 256 ) (512 0 320 ) (512 512 320 ) (512 512 256 ) 
4 85 100 (512 848 128 ) (512 848 -64 ) (512 688 -64 ) (512 688 128 ) 
4 85 99 (512 848 152 ) (512 848 128 ) (512 688 128 ) (512 688 152 ) 
4 86 90 (512 848 -288 ) (512 1024 -288 ) (528 1024 -288 ) (528 848 -288 ) 
4 86 87 (512 848 -288 ) (528 848 -288 ) (528 848 -256 ) (512 848 -256 ) 
4 87 90 (512 672 -288 ) (512 848 -288 ) (528 848 -288 ) (528 672 -288 ) 
4 87 88 (512 672 -288 ) (528 672 -288 ) (528 672 -256 ) (512 672 -256 ) 
4 88 90 (512 512 -288 ) (512 672 -288 ) (528 672 -288 ) (528 512 -288 ) 
4 89 102 (512 8 -168 ) (512 248 -168 ) (512 248 -288 ) (512 8 -288 ) 
4 90 103 (512 512 -288 ) (512 1024 -288 ) (512 1024 -320 ) (512 512 -320 ) 
4 90 91 (512 256 -320 ) (512 1024 -320 ) (528 1024 -320 ) (528 256 -320 ) 
4 91 288 (528 0 -536 ) (528 0 -320 ) (512 0 -320 ) (512 0 -536 ) 
4 91 109 (512 0 -536 ) (512 0 -352 ) (512 1024 -352 ) (512 1024 -536 ) 
4 91 107 (512 0 -352 ) (512 0 -320 ) (512 128 -320 ) (512 128 -352 ) 
4 91 104 (512 128 -320 ) (512 512 -320 ) (512 512 -352 ) (512 128 -352 ) 
4 91 103 (512 512 -320 ) (512 1024 -320 ) (512 1024 -352 ) (512 512 -352 ) 
4 92 125 (0 896 440 ) (0 1024 440 ) (0 1024 320 ) (0 896 320 ) 
4 92 93 (512 896 336 ) (512 896 440 ) (0 896 440 ) (0 896 336 ) 
4 93 126 (0 576 440 ) (0 896 440 ) (0 896 336 ) (0 576 336 ) 
4 93 94 (512 576 336 ) (512 576 440 ) (0 576 440 ) (0 576 336 ) 
4 94 252 (512 0 320 ) (512 0 440 ) (0 0 440 ) (0 0 320 ) 
4 94 127 (0 0 320 ) (0 0 440 ) (0 576 440 ) (0 576 320 ) 
4 94 96 (512 512 320 ) (512 0 320 ) (0 0 320 ) (0 512 320 ) 
4 95 128 (0 576 320 ) (0 896 320 ) (0 896 256 ) (0 576 256 ) 
4 95 98 (0 576 256 ) (0 896 256 ) (512 896 256 ) (512 576 256 ) 
4 96 254 (512 0 256 ) (512 0 320 ) (0 0 320 ) (0 0 256 ) 
4 96 129 (0 0 256 ) (0 0 320 ) (0 512 320 ) (0 512 256 ) 
3 97 130 (0 896 256 ) (0 1024 240 ) (0 896 240 ) 
4 97 99 (512 1024 240 ) (512 896 240 ) (0 896 240 ) (0 1024 240 ) 
4 97 98 (0 896 240 ) (512 896 240 ) (512 896 256 ) (0 896 256 ) 
4 98 131 (0 576 256 ) (0 896 256 ) (0 896 240 ) (0 576 240 ) 
4 98 99 (512 896 240 ) (512 576 240 ) (0 576 240 ) (0 896 240 ) 
4 99 132 (0 576 240 ) (0 1024 240 ) (0 1024 128 ) (0 576 128 ) 
4 99 100 (160 1024 128 ) (512 1024 128 ) (512 576 128 ) (160 576 128 ) 
4 99 101 (0 576 128 ) (0 1024 128 ) (160 1024 128 ) (160 576 128 ) 
4 100 101 (160 1024 -64 ) (160 576 -64 ) (160 576 128 ) (160 1024 128 ) 
4 101 137 (0 936 -64 ) (0 512 -64 ) (0 512 128 ) (0 936 128 ) 
4 101 133 (0 1024 128 ) (0 1024 -64 ) (0 936 -64 ) (0 936 128 ) 
4 101 102 (160 512 128 ) (0 512 128 ) (0 512 -64 ) (160 512 -64 ) 
4 102 278 (512 0 -288 ) (512 0 -64 ) (160 0 -64 ) (160 0 -288 ) 
4 102 280 (160 0 -64 ) (0 0 -64 ) (0 0 -288 ) (160 0 -288 ) 
4 102 276 (512 0 -64 ) (512 0 240 ) (0 0 240 ) (0 0 -64 ) 
4 102 139 (0 0 -288 ) (0 0 240 ) (0 512 240 ) (0 512 -288 ) 
4 103 109 (512 1024 -352 ) (512 512 -352 ) (160 512 -352 ) (160 1024 -352 ) 
4 103 105 (160 1024 -352 ) (160 512 -352 ) (160 512 -288 ) (160 1024 -288 ) 
4 103 104 (160 512 -320 ) (160 512 -352 ) (512 512 -352 ) (512 512 -320 ) 
4 104 109 (512 512 -352 ) (512 128 -352 ) (160 128 -352 ) (160 512 -352 ) 
4 104 107 (160 128 -352 ) (512 128 -352 ) (512 128 -320 ) (160 128 -320 ) 
4 104 106 (160 512 -352 ) (160 448 -352 ) (160 448 -320 ) (160 512 -320 ) 
4 105 140 (0 512 -288 ) (0 1024 -288 ) (0 1024 -352 ) (0 512 -352 ) 
4 105 109 (0 512 -352 ) (0 1024 -352 ) (160 1024 -352 ) (160 512 -352 ) 
4 105 106 (0 512 -352 ) (160 512 -352 ) (160 512 -320 ) (0 512 -320 ) 
4 106 141 (0 512 -320 ) (0 512 -352 ) (0 448 -352 ) (0 448 -320 ) 
4 106 109 (0 448 -352 ) (0 512 -352 ) (160 512 -352 ) (160 448 -352 ) 
4 107 288 (512 0 -352 ) (512 0 -320 ) (160 0 -320 ) (160 0 -352 ) 
4 107 109 (512 128 -352 ) (512 0 -352 ) (160 0 -352 ) (160 128 -352 ) 
4 107 108 (160 128 -320 ) (160 128 -352 ) (160 0 -352 ) (160 0 -320 ) 
4 108 288 (0 0 -320 ) (0 0 -352 ) (160 0 -352 ) (160 0 -320 ) 
4 108 144 (0 0 -352 ) (0 0 -320 ) (0 128 -320 ) (0 128 -352 ) 
4 108 109 (160 0 -352 ) (0 0 -352 ) (0 128 -352 ) (160 128 -352 ) 
4 109 288 (512 0 -536 ) (512 0 -352 ) (0 0 -352 ) (0 0 -536 ) 
4 109 146 (0 0 -536 ) (0 0 -352 ) (0 1024 -352 ) (0 1024 -536 ) 
4 110 124 (-1024 1248 -536 ) (-1024 1168 -536 ) (-1024 1168 440 ) (-1024 1248 440 ) 
4 110 111 (0 1168 320 ) (0 1168 440 ) (-512 1168 440 ) (-512 1168 320 ) 
4 110 112 (-512 1168 -536 ) (0 1168 -536 ) (0 1168 -64 ) (-512 1168 -64 ) 
4 110 113 (-1024 1168 -536 ) (-512 1168 -536 ) (-512 1168 440 ) (-1024 1168 440 ) 
4 111 114 (0 1152 320 ) (0 1152 440 ) (-512 1152 440 ) (-512 1152 320 ) 
4 111 113 (-512 1168 440 ) (-512 1168 320 ) (-512 1152 320 ) (-512 1152 440 ) 
4 112 120 (0 1152 -536 ) (0 1152 -288 ) (-512 1152 -288 ) (-512 1152 -536 ) 
4 112 113 (-512 1168 -64 ) (-512 1168 -536 ) (-512 1152 -536 ) (-512 1152 -64 ) 
4 113 124 (-1024 1168 -536 ) (-1024 1152 -536 ) (-1024 1152 440 ) (-1024 1168 440 ) 
4 113 123 (-528 1152 440 ) (-1024 1152 440 ) (-1024 1152 -536 ) (-528 1152 -536 ) 
4 113 122 (-528 1152 -64 ) (-528 1152 -536 ) (-512 1152 -536 ) (-512 1152 -64 ) 
4 113 121 (-512 1152 440 ) (-528 1152 440 ) (-528 1152 320 ) (-512 1152 320 ) 
4 114 125 (0 1024 320 ) (0 1024 440 ) (-512 1024 440 ) (-512 1024 320 ) 
4 114 121 (-512 1152 440 ) (-512 1152 320 ) (-512 1024 320 ) (-512 1024 440 ) 
4 115 134 (-472 1024 128 ) (-480 1024 128 ) (-480 1024 72 ) (-472 1024 72 ) 
4 115 133 (0 1024 72 ) (0 1024 128 ) (-472 1024 128 ) (-472 1024 72 ) 
4 115 136 (-480 1024 128 ) (-512 1024 128 ) (-512 1024 72 ) (-480 1024 72 ) 
4 115 132 (0 1024 128 ) (0 1024 240 ) (-512 1024 240 ) (-512 1024 128 ) 
4 115 117 (-480 1064 72 ) (-480 1152 72 ) (-472 1152 72 ) (-472 1064 72 ) 
4 115 116 (0 1024 72 ) (-472 1024 72 ) (-472 1152 72 ) (0 1152 72 ) 
4 115 119 (-480 1024 72 ) (-512 1024 72 ) (-512 1152 72 ) (-480 1152 72 ) 
4 116 133 (0 1024 -64 ) (0 1024 72 ) (-472 1024 72 ) (-472 1024 -64 ) 
4 116 118 (-472 1064 -64 ) (-472 1024 -64 ) (-472 1024 -56 ) (-472 1064 -56 ) 
4 116 117 (-472 1152 -64 ) (-472 1064 -64 ) (-472 1064 72 ) (-472 1152 72 ) 
4 117 118 (-480 1064 -56 ) (-480 1064 -64 ) (-472 1064 -64 ) (-472 1064 -56 ) 
4 117 119 (-480 1152 -64 ) (-480 1064 -64 ) (-480 1064 72 ) (-480 1152 72 ) 
4 118 135 (-480 1024 -56 ) (-480 1024 -64 ) (-472 1024 -64 ) (-472 1024 -56 ) 
4 118 119 (-480 1064 -64 ) (-480 1024 -64 ) (-480 1024 -56 ) (-480 1064 -56 ) 
4 119 136 (-480 1024 72 ) (-512 1024 72 ) (-512 1024 -64 ) (-480 1024 -64 ) 
4 120 146 (0 1024 -536 ) (0 1024 -352 ) (-512 1024 -352 ) (-512 1024 -536 ) 
4 120 142 (-160 1024 -288 ) (-512 1024 -288 ) (-512 1024 -352 ) (-160 1024 -352 ) 
4 120 140 (0 1024 -352 ) (0 1024 -288 ) (-160 1024 -288 ) (-160 1024 -352 ) 
4 120 122 (-512 1152 -288 ) (-512 1152 -536 ) (-512 1024 -536 ) (-512 1024 -288 ) 
4 121 147 (-512 1024 320 ) (-512 1024 440 ) (-528 1024 440 ) (-528 1024 320 ) 
4 121 123 (-528 1152 440 ) (-528 1152 320 ) (-528 1024 320 ) (-528 1024 440 ) 
4 122 156 (-512 1024 -536 ) (-512 1024 -320 ) (-528 1024 -320 ) (-528 1024 -536 ) 
4 122 155 (-512 1024 -320 ) (-512 1024 -288 ) (-528 1024 -288 ) (-528 1024 -320 ) 
4 122 151 (-512 1024 -288 ) (-512 1024 -64 ) (-528 1024 -64 ) (-528 1024 -288 ) 
4 122 123 (-528 1152 -64 ) (-528 1152 -536 ) (-528 1024 -536 ) (-528 1024 -64 ) 
4 123 169 (-1024 1024 -192 ) (-1024 1024 -536 ) (-848 1024 -536 ) (-848 1024 -192 ) 
4 123 168 (-1024 1024 -160 ) (-1024 1024 -192 ) (-848 1024 -192 ) (-848 1024 -160 ) 
4 123 165 (-1024 1024 0 ) (-1024 1024 -160 ) (-848 1024 -160 ) (-848 1024 0 ) 
4 123 164 (-848 1024 440 ) (-1024 1024 440 ) (-1024 1024 0 ) (-848 1024 0 ) 
4 123 161 (-528 1024 -64 ) (-528 1024 96 ) (-848 1024 0 ) (-848 1024 -160 ) 
4 123 160 (-528 1024 96 ) (-528 1024 440 ) (-848 1024 440 ) (-848 1024 0 ) 
4 123 157 (-528 1024 -536 ) (-528 1024 -64 ) (-848 1024 -160 ) (-848 1024 -536 ) 
4 123 124 (-1024 1024 -536 ) (-1024 1024 440 ) (-1024 1152 440 ) (-1024 1152 -536 ) 
4 124 208 (-1600 1024 -536 ) (-1056 1024 -536 ) (-1056 1024 0 ) (-1600 1024 0 ) 
4 124 206 (-1056 1024 -536 ) (-1040 1024 -536 ) (-1040 1024 0 ) (-1056 1024 0 ) 
4 124 205 (-1040 1024 -536 ) (-1024 1024 -536 ) (-1024 1024 -192 ) (-1040 1024 -192 ) 
4 124 204 (-1024 1024 -192 ) (-1024 1024 -160 ) (-1040 1024 -160 ) (-1040 1024 -192 ) 
4 124 202 (-1024 1024 -160 ) (-1024 1024 0 ) (-1040 1024 0 ) (-1040 1024 -160 ) 
4 124 201 (-1024 1024 0 ) (-1024 1024 440 ) (-1600 1024 440 ) (-1600 1024 0 ) 
4 125 147 (-512 896 440 ) (-512 1024 440 ) (-512 1024 320 ) (-512 896 320 ) 
4 125 126 (0 896 336 ) (0 896 440 ) (-512 896 440 ) (-512 896 336 ) 
4 126 147 (-512 576 440 ) (-512 896 440 ) (-512 896 336 ) (-512 576 336 ) 
4 126 127 (0 576 336 ) (0 576 440 ) (-512 576 440 ) (-512 576 336 ) 
4 127 317 (0 0 320 ) (0 0 440 ) (-512 0 440 ) (-512 0 320 ) 
4 127 147 (-512 0 320 ) (-512 0 440 ) (-512 576 440 ) (-512 576 320 ) 
4 127 129 (0 0 320 ) (-512 0 320 ) (-512 512 320 ) (0 512 320 ) 
4 128 131 (-512 576 256 ) (-512 896 256 ) (0 896 256 ) (0 576 256 ) 
4 129 317 (0 0 256 ) (0 0 320 ) (-512 0 320 ) (-512 0 256 ) 
4 129 149 (-512 0 256 ) (-512 0 320 ) (-512 512 320 ) (-512 512 256 ) 
4 130 132 (-512 896 240 ) (-512 1024 240 ) (0 1024 240 ) (0 896 240 ) 
4 130 131 (-512 896 240 ) (0 896 240 ) (0 896 256 ) (-512 896 256 ) 
4 131 132 (-512 576 240 ) (-512 896 240 ) (0 896 240 ) (0 576 240 ) 
4 132 150 (-512 848 128 ) (-512 688 128 ) (-512 688 152 ) (-512 848 152 ) 
4 132 138 (-512 576 128 ) (-512 936 128 ) (-160 936 128 ) (-160 576 128 ) 
4 132 137 (-160 936 128 ) (0 936 128 ) (0 576 128 ) (-160 576 128 ) 
4 132 134 (-480 1024 128 ) (-472 1024 128 ) (-472 936 128 ) (-480 936 128 ) 
4 132 133 (-472 1024 128 ) (0 1024 128 ) (0 936 128 ) (-472 936 128 ) 
4 132 136 (-512 936 128 ) (-512 1024 128 ) (-480 1024 128 ) (-480 936 128 ) 
4 133 138 (-472 936 -64 ) (-160 936 -64 ) (-160 936 128 ) (-472 936 128 ) 
4 133 137 (-160 936 -64 ) (0 936 -64 ) (0 936 128 ) (-160 936 128 ) 
4 133 134 (-472 936 72 ) (-472 936 128 ) (-472 1024 128 ) (-472 1024 72 ) 
4 133 135 (-472 1024 -64 ) (-472 936 -64 ) (-472 936 -56 ) (-472 1024 -56 ) 
4 134 138 (-472 936 72 ) (-472 936 128 ) (-480 936 128 ) (-480 936 72 ) 
4 134 136 (-480 936 72 ) (-480 936 128 ) (-480 1024 128 ) (-480 1024 72 ) 
4 135 138 (-480 936 -64 ) (-472 936 -64 ) (-472 936 -56 ) (-480 936 -56 ) 
4 135 136 (-480 1024 -64 ) (-480 936 -64 ) (-480 936 -56 ) (-480 1024 -56 ) 
4 136 138 (-512 936 -64 ) (-480 936 -64 ) (-480 936 128 ) (-512 936 128 ) 
4 137 138 (-160 936 128 ) (-160 936 -64 ) (-160 576 -64 ) (-160 576 128 ) 
4 137 139 (0 512 -64 ) (0 512 128 ) (-160 512 128 ) (-160 512 -64 ) 
4 138 150 (-512 848 -64 ) (-512 688 -64 ) (-512 688 128 ) (-512 848 128 ) 
4 139 322 (-160 0 -64 ) (-512 0 -64 ) (-512 0 -288 ) (-160 0 -288 ) 
4 139 321 (0 0 -288 ) (0 0 -64 ) (-160 0 -64 ) (-160 0 -288 ) 
4 139 319 (0 0 -64 ) (0 0 240 ) (-512 0 240 ) (-512 0 -64 ) 
4 139 154 (-512 0 -288 ) (-512 0 -160 ) (-512 256 -160 ) (-512 256 -288 ) 
4 140 146 (-160 1024 -352 ) (0 1024 -352 ) (0 512 -352 ) (-160 512 -352 ) 
4 140 142 (-160 1024 -352 ) (-160 512 -352 ) (-160 512 -288 ) (-160 1024 -288 ) 
4 140 141 (-160 512 -320 ) (-160 512 -352 ) (0 512 -352 ) (0 512 -320 ) 
4 141 146 (0 512 -352 ) (0 448 -352 ) (-160 448 -352 ) (-160 512 -352 ) 
4 141 143 (-160 512 -352 ) (-160 448 -352 ) (-160 448 -320 ) (-160 512 -320 ) 
4 142 156 (-512 1024 -320 ) (-512 1024 -352 ) (-512 512 -352 ) (-512 512 -320 ) 
4 142 155 (-512 512 -288 ) (-512 1024 -288 ) (-512 1024 -320 ) (-512 512 -320 ) 
4 142 146 (-512 512 -352 ) (-512 1024 -352 ) (-160 1024 -352 ) (-160 512 -352 ) 
4 142 143 (-512 512 -352 ) (-160 512 -352 ) (-160 512 -320 ) (-512 512 -320 ) 
4 143 156 (-512 512 -320 ) (-512 512 -352 ) (-512 128 -352 ) (-512 128 -320 ) 
4 143 146 (-512 128 -352 ) (-512 512 -352 ) (-160 512 -352 ) (-160 128 -352 ) 
4 143 145 (-512 128 -352 ) (-160 128 -352 ) (-160 128 -320 ) (-512 128 -320 ) 
4 144 326 (0 0 -352 ) (0 0 -320 ) (-160 0 -320 ) (-160 0 -352 ) 
4 144 146 (0 0 -352 ) (-160 0 -352 ) (-160 128 -352 ) (0 128 -352 ) 
4 144 145 (-160 128 -320 ) (-160 128 -352 ) (-160 0 -352 ) (-160 0 -320 ) 
4 145 326 (-512 0 -320 ) (-512 0 -352 ) (-160 0 -352 ) (-160 0 -320 ) 
4 145 156 (-512 0 -352 ) (-512 0 -320 ) (-512 128 -320 ) (-512 128 -352 ) 
4 145 146 (-160 0 -352 ) (-512 0 -352 ) (-512 128 -352 ) (-160 128 -352 ) 
4 146 326 (0 0 -536 ) (0 0 -352 ) (-512 0 -352 ) (-512 0 -536 ) 
4 146 156 (-512 0 -536 ) (-512 0 -352 ) (-512 1024 -352 ) (-512 1024 -536 ) 
4 147 327 (-512 0 320 ) (-512 0 440 ) (-528 0 440 ) (-528 0 320 ) 
4 147 181 (-528 272 320 ) (-528 0 320 ) (-528 0 440 ) (-528 272 440 ) 
4 147 180 (-528 320 320 ) (-528 272 320 ) (-528 272 440 ) (-528 320 440 ) 
4 147 174 (-528 336 320 ) (-528 320 320 ) (-528 320 440 ) (-528 336 440 ) 
4 147 160 (-528 1024 440 ) (-528 1024 320 ) (-528 336 320 ) (-528 336 440 ) 
4 147 149 (-528 0 320 ) (-528 512 320 ) (-512 512 320 ) (-512 0 320 ) 
4 147 148 (-528 512 320 ) (-528 576 320 ) (-512 576 320 ) (-512 512 320 ) 
4 148 160 (-528 576 208 ) (-528 512 208 ) (-528 512 320 ) (-528 576 320 ) 
4 148 149 (-512 512 240 ) (-512 512 320 ) (-528 512 320 ) (-528 512 240 ) 
4 149 327 (-512 0 240 ) (-512 0 320 ) (-528 0 320 ) (-528 0 240 ) 
4 149 181 (-528 0 240 ) (-528 0 320 ) (-528 272 320 ) (-528 272 240 ) 
4 149 180 (-528 272 320 ) (-528 320 320 ) (-528 320 240 ) (-528 272 240 ) 
4 149 174 (-528 320 320 ) (-528 336 320 ) (-528 336 240 ) (-528 320 240 ) 
4 149 160 (-528 336 320 ) (-528 512 320 ) (-528 512 240 ) (-528 336 240 ) 
4 150 162 (-528 848 -64 ) (-528 688 -64 ) (-528 688 96 ) (-528 848 96 ) 
4 150 160 (-528 688 96 ) (-528 688 152 ) (-528 848 152 ) (-528 848 96 ) 
4 151 157 (-528 1024 -64 ) (-528 1024 -288 ) (-528 864 -288 ) (-528 864 -64 ) 
4 151 155 (-528 864 -288 ) (-528 1024 -288 ) (-512 1024 -288 ) (-512 864 -288 ) 
4 151 152 (-528 864 -288 ) (-512 864 -288 ) (-512 864 -96 ) (-528 864 -96 ) 
4 152 158 (-528 864 -288 ) (-528 672 -288 ) (-528 672 -96 ) (-528 864 -96 ) 
4 152 155 (-528 672 -288 ) (-528 864 -288 ) (-512 864 -288 ) (-512 672 -288 ) 
4 152 153 (-528 672 -288 ) (-512 672 -288 ) (-512 672 -96 ) (-528 672 -96 ) 
4 153 159 (-528 672 -288 ) (-528 512 -288 ) (-528 512 -64 ) (-528 672 -64 ) 
4 153 155 (-528 512 -288 ) (-528 672 -288 ) (-512 672 -288 ) (-512 512 -288 ) 
4 154 183 (-528 256 -288 ) (-528 0 -288 ) (-528 0 -160 ) (-528 256 -160 ) 
4 155 184 (-528 320 -320 ) (-528 256 -320 ) (-528 256 -288 ) (-528 320 -288 ) 
4 155 178 (-528 336 -320 ) (-528 320 -320 ) (-528 320 -288 ) (-528 336 -288 ) 
4 155 158 (-528 864 -320 ) (-528 672 -320 ) (-528 672 -288 ) (-528 864 -288 ) 
4 155 157 (-528 1024 -288 ) (-528 1024 -320 ) (-528 864 -320 ) (-528 864 -288 ) 
4 155 159 (-528 672 -320 ) (-528 336 -320 ) (-528 336 -288 ) (-528 672 -288 ) 
4 155 156 (-528 256 -320 ) (-528 1024 -320 ) (-512 1024 -320 ) (-512 256 -320 ) 
4 156 341 (-512 0 -536 ) (-512 0 -320 ) (-528 0 -320 ) (-528 0 -536 ) 
4 156 185 (-528 320 -536 ) (-528 0 -536 ) (-528 0 -320 ) (-528 320 -320 ) 
4 156 178 (-528 336 -536 ) (-528 320 -536 ) (-528 320 -320 ) (-528 336 -320 ) 
4 156 158 (-528 864 -536 ) (-528 672 -536 ) (-528 672 -320 ) (-528 864 -320 ) 
4 156 157 (-528 1024 -320 ) (-528 1024 -536 ) (-528 864 -536 ) (-528 864 -320 ) 
4 156 159 (-528 672 -536 ) (-528 336 -536 ) (-528 336 -320 ) (-528 672 -320 ) 
4 157 169 (-848 1024 -192 ) (-848 1024 -536 ) (-848 864 -536 ) (-848 864 -192 ) 
4 157 168 (-848 864 -160 ) (-848 1024 -160 ) (-848 1024 -192 ) (-848 864 -192 ) 
4 157 161 (-848 1024 -160 ) (-848 864 -160 ) (-528 864 -64 ) (-528 1024 -64 ) 
4 157 158 (-848 864 -536 ) (-528 864 -536 ) (-528 864 -96 ) (-848 864 -192 ) 
4 158 169 (-848 864 -192 ) (-848 864 -536 ) (-848 672 -536 ) (-848 672 -192 ) 
4 158 159 (-848 672 -536 ) (-528 672 -536 ) (-528 672 -96 ) (-848 672 -192 ) 
4 159 178 (-528 336 -536 ) (-528 336 -256 ) (-848 336 -256 ) (-848 336 -536 ) 
4 159 176 (-528 336 -256 ) (-528 336 -64 ) (-736 336 -126.399994 ) (-736 336 -256 ) 
4 159 170 (-848 336 -536 ) (-848 336 -160 ) (-848 656 -160 ) (-848 656 -536 ) 
4 159 169 (-848 672 -192 ) (-848 672 -536 ) (-848 656 -536 ) (-848 656 -192 ) 
4 159 163 (-848 672 -160 ) (-848 336 -160 ) (-528 336 -64 ) (-528 672 -64 ) 
3 160 175 (-736 336 33.599995 ) (-634.666626 336 64 ) (-736 336 64 ) 
5 160 174 (-528 336 96 ) (-528 336 440 ) (-848 336 440 ) (-848 336 64 ) (-634.666626 336 64 ) 
4 160 164 (-848 336 0 ) (-848 336 440 ) (-848 1024 440 ) (-848 1024 0 ) 
4 160 162 (-848 688 0 ) (-848 848 0 ) (-528 848 96 ) (-528 688 96 ) 
4 160 163 (-528 336 96 ) (-848 336 0 ) (-848 672 0 ) (-528 672 96 ) 
4 160 161 (-848 864 0 ) (-848 1024 0 ) (-528 1024 96 ) (-528 864 96 ) 
4 161 165 (-848 864 0 ) (-848 1024 0 ) (-848 1024 -160 ) (-848 864 -160 ) 
4 162 166 (-848 688 0 ) (-848 848 0 ) (-848 848 -160 ) (-848 688 -160 ) 
4 163 176 (-528 336 -64 ) (-528 336 -32 ) (-736 336 -32 ) (-736 336 -126.400002 ) 
5 163 175 (-528 336 -32 ) (-528 336 64 ) (-634.666626 336 64 ) (-736 336 33.599991 ) (-736 336 -32 ) 
3 163 174 (-528 336 64 ) (-528 336 96 ) (-634.666626 336 64 ) 
4 163 170 (-848 336 -160 ) (-848 336 0 ) (-848 656 0 ) (-848 656 -160 ) 
4 164 201 (-1024 1024 440 ) (-1024 1024 0 ) (-1024 336 0 ) (-1024 336 440 ) 
4 164 174 (-1024 336 440 ) (-1024 336 64 ) (-848 336 64 ) (-848 336 440 ) 
4 164 172 (-864 336 0 ) (-880 336 0 ) (-880 656 0 ) (-864 656 0 ) 
4 164 173 (-880 336 0 ) (-1024 336 0 ) (-1024 656 0 ) (-880 656 0 ) 
4 164 170 (-848 656 0 ) (-848 336 0 ) (-864 336 0 ) (-864 656 0 ) 
4 164 166 (-848 848 0 ) (-848 688 0 ) (-880 688 0 ) (-880 848 0 ) 
4 164 167 (-880 656 0 ) (-1024 656 0 ) (-1024 848 0 ) (-880 848 0 ) 
4 164 165 (-848 1024 0 ) (-848 864 0 ) (-1024 864 0 ) (-1024 1024 0 ) 
4 165 202 (-1024 1024 0 ) (-1024 1024 -160 ) (-1024 864 -160 ) (-1024 864 0 ) 
4 165 168 (-1024 864 -160 ) (-1024 1024 -160 ) (-848 1024 -160 ) (-848 864 -160 ) 
4 166 167 (-880 848 0 ) (-880 848 -160 ) (-880 688 -160 ) (-880 688 0 ) 
4 167 203 (-1024 848 -160 ) (-1024 656 -160 ) (-1024 656 0 ) (-1024 848 0 ) 
4 167 173 (-880 656 0 ) (-1024 656 0 ) (-1024 656 -160 ) (-880 656 -160 ) 
4 168 204 (-1024 1024 -160 ) (-1024 1024 -192 ) (-1024 848 -192 ) (-1024 848 -160 ) 
4 168 169 (-1024 848 -192 ) (-1024 1024 -192 ) (-848 1024 -192 ) (-848 848 -192 ) 
4 169 205 (-1024 1024 -192 ) (-1024 1024 -536 ) (-1024 656 -536 ) (-1024 656 -192 ) 
4 169 171 (-864 656 -192 ) (-1024 656 -192 ) (-1024 656 -536 ) (-864 656 -536 ) 
4 169 170 (-848 656 -536 ) (-848 656 -192 ) (-864 656 -192 ) (-864 656 -536 ) 
4 170 178 (-864 336 -536 ) (-848 336 -536 ) (-848 336 -256 ) (-864 336 -256 ) 
3 170 172 (-864 656 0 ) (-864 336 -88 ) (-864 336 0 ) 
4 170 171 (-864 656 -192 ) (-864 656 -536 ) (-864 336 -536 ) (-864 336 -288 ) 
4 171 209 (-1024 336 -536 ) (-1024 336 -288 ) (-1024 656 -192 ) (-1024 656 -536 ) 
4 171 179 (-1024 336 -288 ) (-1024 336 -536 ) (-880 336 -536 ) (-880 336 -288 ) 
4 171 178 (-880 336 -536 ) (-864 336 -536 ) (-864 336 -288 ) (-880 336 -288 ) 
3 172 173 (-880 656 0 ) (-880 336 -88 ) (-880 336 0 ) 
4 173 210 (-1024 336 -256 ) (-1024 336 0 ) (-1024 656 0 ) (-1024 656 -160 ) 
4 173 177 (-1024 336 -32 ) (-1024 336 -256 ) (-880 336 -256 ) (-880 336 -32 ) 
4 174 213 (-1024 320 64 ) (-1024 320 440 ) (-1024 336 440 ) (-1024 336 64 ) 
4 174 193 (-720 320 64 ) (-704 320 64 ) (-704 320 80 ) (-720 320 80 ) 
4 174 192 (-704 320 440 ) (-1024 320 440 ) (-1024 320 80 ) (-704 320 80 ) 
4 174 186 (-576 320 440 ) (-704 320 440 ) (-704 320 64 ) (-576 320 64 ) 
4 174 180 (-528 320 64 ) (-528 320 440 ) (-576 320 440 ) (-576 320 64 ) 
4 174 175 (-528 320 64 ) (-736 320 64 ) (-736 336 64 ) (-528 336 64 ) 
4 175 194 (-704 320 64 ) (-720 320 64 ) (-720 320 -32 ) (-704 320 -32 ) 
4 175 186 (-576 320 64 ) (-704 320 64 ) (-704 320 -32 ) (-576 320 -32 ) 
4 175 180 (-528 320 -32 ) (-528 320 64 ) (-576 320 64 ) (-576 320 -32 ) 
4 175 176 (-528 320 -32 ) (-736 320 -32 ) (-736 336 -32 ) (-528 336 -32 ) 
4 176 194 (-704 320 -32 ) (-720 320 -32 ) (-720 320 -80 ) (-704 320 -80 ) 
4 176 186 (-576 320 -32 ) (-704 320 -32 ) (-704 320 -256 ) (-576 320 -256 ) 
4 176 182 (-528 320 -256 ) (-528 320 -144 ) (-576 320 -144 ) (-576 320 -256 ) 
4 176 180 (-528 320 -144 ) (-528 320 -32 ) (-576 320 -32 ) (-576 320 -144 ) 
4 176 178 (-528 320 -256 ) (-736 320 -256 ) (-736 336 -256 ) (-528 336 -256 ) 
4 177 214 (-1024 320 -256 ) (-1024 320 -32 ) (-1024 336 -32 ) (-1024 336 -256 ) 
4 177 198 (-1024 320 -80 ) (-1024 320 -256 ) (-880 320 -256 ) (-880 320 -80 ) 
4 177 196 (-880 320 -32 ) (-1024 320 -32 ) (-1024 320 -80 ) (-880 320 -80 ) 
4 178 200 (-880 320 -288 ) (-880 320 -536 ) (-704 320 -536 ) (-704 320 -288 ) 
4 178 199 (-704 320 -256 ) (-736 320 -256 ) (-736 320 -288 ) (-704 320 -288 ) 
4 178 186 (-576 320 -256 ) (-704 320 -256 ) (-704 320 -536 ) (-576 320 -536 ) 
4 178 185 (-528 320 -536 ) (-528 320 -320 ) (-576 320 -320 ) (-576 320 -536 ) 
4 178 184 (-528 320 -320 ) (-528 320 -288 ) (-576 320 -288 ) (-576 320 -320 ) 
4 178 182 (-528 320 -288 ) (-528 320 -256 ) (-576 320 -256 ) (-576 320 -288 ) 
4 178 179 (-880 336 -536 ) (-880 320 -536 ) (-880 320 -288 ) (-880 336 -288 ) 
4 179 216 (-1024 320 -536 ) (-1024 320 -288 ) (-1024 336 -288 ) (-1024 336 -536 ) 
4 179 200 (-1024 320 -288 ) (-1024 320 -536 ) (-880 320 -536 ) (-880 320 -288 ) 
4 180 186 (-576 320 440 ) (-576 320 -144 ) (-576 272 -144 ) (-576 272 440 ) 
4 180 182 (-576 272 -144 ) (-576 320 -144 ) (-528 320 -144 ) (-528 272 -144 ) 
4 180 181 (-528 272 -64 ) (-528 272 440 ) (-576 272 440 ) (-576 272 -64 ) 
4 181 329 (-528 0 -64 ) (-528 0 440 ) (-576 0 440 ) (-576 0 -64 ) 
4 181 189 (-576 0 -64 ) (-576 0 440 ) (-576 256 440 ) (-576 256 -64 ) 
4 181 187 (-576 256 440 ) (-576 272 440 ) (-576 272 -64 ) (-576 256 -64 ) 
4 182 186 (-576 320 -144 ) (-576 320 -288 ) (-576 272 -288 ) (-576 272 -144 ) 
4 182 184 (-576 272 -288 ) (-576 320 -288 ) (-528 320 -288 ) (-528 272 -288 ) 
4 183 190 (-576 256 -288 ) (-576 0 -288 ) (-576 0 -144 ) (-576 256 -144 ) 
4 184 188 (-576 272 -320 ) (-576 256 -320 ) (-576 256 -288 ) (-576 272 -288 ) 
4 184 186 (-576 320 -288 ) (-576 320 -320 ) (-576 272 -320 ) (-576 272 -288 ) 
4 184 185 (-576 256 -320 ) (-576 320 -320 ) (-528 320 -320 ) (-528 256 -320 ) 
4 185 341 (-528 0 -536 ) (-528 0 -320 ) (-576 0 -320 ) (-576 0 -536 ) 
4 185 191 (-576 256 -536 ) (-576 0 -536 ) (-576 0 -320 ) (-576 256 -320 ) 
4 185 188 (-576 272 -536 ) (-576 256 -536 ) (-576 256 -320 ) (-576 272 -320 ) 
4 185 186 (-576 320 -320 ) (-576 320 -536 ) (-576 272 -536 ) (-576 272 -320 ) 
4 186 200 (-704 320 -288 ) (-704 320 -536 ) (-704 272 -536 ) (-704 272 -288 ) 
4 186 199 (-704 320 -256 ) (-704 320 -288 ) (-704 272 -288 ) (-704 272 -256 ) 
4 186 194 (-704 320 64 ) (-704 320 -80 ) (-704 272 -80 ) (-704 272 64 ) 
4 186 193 (-704 320 80 ) (-704 320 64 ) (-704 272 64 ) (-704 272 80 ) 
4 186 192 (-704 320 440 ) (-704 320 80 ) (-704 272 80 ) (-704 272 440 ) 
4 186 187 (-576 272 -144 ) (-576 272 440 ) (-704 272 440 ) (-704 272 -112 ) 
4 186 188 (-704 272 -536 ) (-576 272 -536 ) (-576 272 -288 ) (-704 272 -256 ) 
4 187 194 (-704 256 -80 ) (-704 256 64 ) (-704 272 64 ) (-704 272 -80 ) 
4 187 193 (-704 256 64 ) (-704 256 80 ) (-704 272 80 ) (-704 272 64 ) 
4 187 192 (-704 256 80 ) (-704 256 440 ) (-704 272 440 ) (-704 272 80 ) 
4 187 189 (-704 256 440 ) (-704 256 -79.998474 ) (-576 256 -111.998978 ) (-576 256 440 ) 
4 188 200 (-704 272 -536 ) (-704 256 -536 ) (-704 256 -288 ) (-704 272 -288 ) 
4 188 199 (-704 256 -288 ) (-704 256 -256 ) (-704 272 -256 ) (-704 272 -288 ) 
4 188 191 (-704 256 -288 ) (-704 256 -536 ) (-576 256 -536 ) (-576 256 -320.001007 ) 
4 189 335 (-576 0 -112 ) (-576 0 64 ) (-704 0 64 ) (-704 0 -79.998474 ) 
4 189 332 (-576 0 64 ) (-576 0 440 ) (-704 0 440 ) (-704 0 64 ) 
4 189 194 (-704 0 -79.998489 ) (-704 0 64 ) (-704 256 64 ) (-704 256 -79.998474 ) 
4 189 193 (-704 0 64 ) (-704 0 80 ) (-704 256 80 ) (-704 256 64 ) 
4 189 192 (-704 0 80 ) (-704 0 440 ) (-704 256 440 ) (-704 256 80 ) 
4 190 197 (-704 0 -256 ) (-704 0 -112 ) (-704 256 -112 ) (-704 256 -256 ) 
4 191 341 (-576 0 -536 ) (-576 0 -320.001007 ) (-704 0 -288 ) (-704 0 -536 ) 
4 191 200 (-704 0 -536 ) (-704 0 -288 ) (-704 256 -288 ) (-704 256 -536 ) 
4 192 333 (-720 0 440 ) (-1024 0 440 ) (-1024 0 80 ) (-720 0 80 ) 
4 192 332 (-704 0 80 ) (-704 0 440 ) (-720 0 440 ) (-720 0 80 ) 
4 192 220 (-1024 0 80 ) (-1024 0 440 ) (-1024 320 440 ) (-1024 320 80 ) 
4 192 193 (-720 320 80 ) (-704 320 80 ) (-704 0 80 ) (-720 0 80 ) 
4 193 332 (-704 0 64 ) (-704 0 80 ) (-720 0 80 ) (-720 0 64 ) 
4 193 194 (-720 320 64 ) (-704 320 64 ) (-704 0 64 ) (-720 0 64 ) 
4 194 337 (-704 0 -80 ) (-704 0 64 ) (-720 0 64 ) (-720 0 -80 ) 
4 195 339 (-816 0 -32 ) (-816 0 -80 ) (-736 0 -80 ) (-736 0 -32 ) 
4 195 198 (-816 320 -80 ) (-736 320 -80 ) (-736 0 -80 ) (-816 0 -80 ) 
4 195 196 (-816 320 -80 ) (-816 0 -80 ) (-816 0 -32 ) (-816 320 -32 ) 
4 196 340 (-816 0 64 ) (-1024 0 64 ) (-1024 0 -80 ) (-816 0 -80 ) 
4 196 221 (-1024 0 -80 ) (-1024 0 64 ) (-1024 320 64 ) (-1024 320 -80 ) 
4 196 198 (-1024 320 -80 ) (-816 320 -80 ) (-816 0 -80 ) (-1024 0 -80 ) 
4 197 198 (-736 256 -256 ) (-736 0 -256 ) (-736 0 -112 ) (-736 256 -112 ) 
4 198 340 (-816 0 -80 ) (-1024 0 -80 ) (-1024 0 -256 ) (-816 0 -256 ) 
4 198 339 (-736 0 -80 ) (-816 0 -80 ) (-816 0 -256 ) (-736 0 -256 ) 
4 198 221 (-1024 0 -256 ) (-1024 0 -80 ) (-1024 320 -80 ) (-1024 320 -256 ) 
4 199 200 (-736 320 -288 ) (-704 320 -288 ) (-704 256 -288 ) (-736 256 -288 ) 
4 200 341 (-704 0 -536 ) (-704 0 -288 ) (-1024 0 -288 ) (-1024 0 -536 ) 
4 200 225 (-1024 0 -536 ) (-1024 0 -288 ) (-1024 320 -288 ) (-1024 320 -536 ) 
4 201 215 (-1216 336 440 ) (-1600 336 440 ) (-1600 336 0 ) (-1216 336 0 ) 
4 201 213 (-1024 336 64 ) (-1024 336 440 ) (-1216 336 440 ) (-1216 336 64 ) 
4 201 212 (-1056 336 0 ) (-1600 336 0 ) (-1600 656 0 ) (-1056 656 0 ) 
4 201 211 (-1040 336 0 ) (-1056 336 0 ) (-1056 656 0 ) (-1040 656 0 ) 
4 201 210 (-1024 336 0 ) (-1040 336 0 ) (-1040 656 0 ) (-1024 656 0 ) 
4 201 208 (-1600 656 0 ) (-1600 1024 0 ) (-1056 1024 0 ) (-1056 656 0 ) 
4 201 206 (-1056 1024 0 ) (-1040 1024 0 ) (-1040 848 0 ) (-1056 848 0 ) 
4 201 202 (-1040 1024 0 ) (-1024 1024 0 ) (-1024 864 0 ) (-1040 864 0 ) 
4 201 203 (-1024 848 0 ) (-1024 656 0 ) (-1040 656 0 ) (-1040 848 0 ) 
4 202 206 (-1040 864 0 ) (-1040 1024 0 ) (-1040 1024 -160 ) (-1040 864 -160 ) 
4 202 204 (-1040 864 -160 ) (-1040 1024 -160 ) (-1024 1024 -160 ) (-1024 864 -160 ) 
4 203 210 (-1024 656 -160 ) (-1024 656 0 ) (-1040 656 0 ) (-1040 656 -160 ) 
4 204 206 (-1040 848 -160 ) (-1040 1024 -160 ) (-1040 1024 -192 ) (-1040 848 -192 ) 
4 204 205 (-1040 848 -192 ) (-1040 1024 -192 ) (-1024 1024 -192 ) (-1024 848 -192 ) 
4 205 209 (-1024 656 -536 ) (-1024 656 -192 ) (-1040 656 -192 ) (-1040 656 -536 ) 
4 205 207 (-1040 656 -536 ) (-1040 656 -192 ) (-1040 848 -192 ) (-1040 848 -536 ) 
4 205 206 (-1040 848 -192 ) (-1040 1024 -192 ) (-1040 1024 -536 ) (-1040 848 -536 ) 
4 206 208 (-1056 1024 -536 ) (-1056 848 -536 ) (-1056 848 0 ) (-1056 1024 0 ) 
4 206 207 (-1056 848 -160 ) (-1056 848 -536 ) (-1040 848 -536 ) (-1040 848 -160 ) 
4 207 209 (-1040 656 -536 ) (-1040 656 -192 ) (-1056 656 -192 ) (-1056 656 -536 ) 
4 207 208 (-1056 848 -536 ) (-1056 656 -536 ) (-1056 656 -160 ) (-1056 848 -160 ) 
4 208 212 (-1056 656 0 ) (-1600 656 0 ) (-1600 656 -536 ) (-1056 656 -536 ) 
4 209 217 (-1040 336 -288 ) (-1056 336 -288 ) (-1056 336 -536 ) (-1040 336 -536 ) 
4 209 216 (-1024 336 -536 ) (-1024 336 -288 ) (-1040 336 -288 ) (-1040 336 -536 ) 
4 209 212 (-1056 656 -192 ) (-1056 656 -536 ) (-1056 336 -536 ) (-1056 336 -288 ) 
4 210 214 (-1024 336 -256 ) (-1024 336 -32 ) (-1040 336 -32 ) (-1040 336 -256 ) 
3 210 211 (-1040 656 0 ) (-1040 336 -88 ) (-1040 336 0 ) 
3 211 212 (-1056 656 0 ) (-1056 336 -88 ) (-1056 336 0 ) 
4 212 218 (-1216 336 -536 ) (-1088 336 -536 ) (-1088 336 -288 ) (-1216 336 -288 ) 
4 212 217 (-1088 336 -536 ) (-1056 336 -536 ) (-1056 336 -256 ) (-1088 336 -256 ) 
4 212 219 (-1600 336 -256 ) (-1600 336 -536 ) (-1216 336 -536 ) (-1216 336 -256 ) 
4 212 215 (-1216 336 0 ) (-1600 336 0 ) (-1600 336 -256 ) (-1216 336 -256 ) 
4 213 220 (-1024 320 80 ) (-1024 320 440 ) (-1216 320 440 ) (-1216 320 80 ) 
4 213 215 (-1216 320 64 ) (-1216 320 440 ) (-1216 336 440 ) (-1216 336 64 ) 
4 214 221 (-1040 320 -256 ) (-1024 320 -256 ) (-1024 320 -32 ) (-1040 320 -32 ) 
4 215 224 (-1600 320 -256 ) (-1232 320 -256 ) (-1232 320 440 ) (-1600 320 440 ) 
4 215 223 (-1216 320 64 ) (-1216 320 440 ) (-1232 320 440 ) (-1232 320 64 ) 
4 215 219 (-1216 320 -256 ) (-1600 320 -256 ) (-1600 336 -256 ) (-1216 336 -256 ) 
4 216 225 (-1040 320 -536 ) (-1024 320 -536 ) (-1024 320 -288 ) (-1040 320 -288 ) 
4 216 217 (-1040 336 -536 ) (-1040 320 -536 ) (-1040 320 -288 ) (-1040 336 -288 ) 
4 217 225 (-1088 320 -536 ) (-1040 320 -536 ) (-1040 320 -288 ) (-1088 320 -288 ) 
4 217 218 (-1088 336 -536 ) (-1088 320 -536 ) (-1088 320 -288 ) (-1088 336 -288 ) 
4 218 226 (-1216 320 -536 ) (-1104 320 -536 ) (-1104 320 -304 ) (-1216 320 -304 ) 
4 218 225 (-1104 320 -536 ) (-1088 320 -536 ) (-1088 320 -288 ) (-1104 320 -288 ) 
4 218 219 (-1216 336 -536 ) (-1216 320 -536 ) (-1216 320 -288 ) (-1216 336 -288 ) 
4 219 227 (-1600 320 -536 ) (-1216 320 -536 ) (-1216 320 -288 ) (-1600 320 -288 ) 
4 219 224 (-1232 320 -256 ) (-1600 320 -256 ) (-1600 320 -288 ) (-1232 320 -288 ) 
4 220 357 (-1024 0 80 ) (-1024 0 440 ) (-1216 0 440 ) (-1216 0 80 ) 
4 220 223 (-1216 0 80 ) (-1216 0 440 ) (-1216 320 440 ) (-1216 320 80 ) 
4 221 358 (-1024 0 -256 ) (-1024 0 64 ) (-1216 0 64 ) (-1216 0 -256 ) 
4 221 222 (-1216 0 -256 ) (-1216 320 -256 ) (-1104 320 -256 ) (-1104 0 -256 ) 
4 222 359 (-1104 0 -256 ) (-1216 0 -256 ) (-1216 0 -288 ) (-1104 0 -288 ) 
4 223 360 (-1216 0 440 ) (-1232 0 440 ) (-1232 0 64 ) (-1216 0 64 ) 
4 223 224 (-1232 0 64 ) (-1232 0 440 ) (-1232 320 440 ) (-1232 320 64 ) 
4 224 361 (-1232 0 440 ) (-1600 0 440 ) (-1600 0 -288 ) (-1232 0 -288 ) 
4 224 227 (-1232 0 -288 ) (-1600 0 -288 ) (-1600 320 -288 ) (-1232 320 -288 ) 
4 225 362 (-1024 0 -536 ) (-1024 0 -288 ) (-1104 0 -288 ) (-1104 0 -536 ) 
4 225 226 (-1104 320 -536 ) (-1104 0 -536 ) (-1104 0 -304 ) (-1104 320 -304 ) 
4 226 363 (-1216 0 -304 ) (-1216 0 -536 ) (-1104 0 -536 ) (-1104 0 -304 ) 
4 226 227 (-1216 320 -536 ) (-1216 0 -536 ) (-1216 0 -304 ) (-1216 320 -304 ) 
4 227 364 (-1216 0 -288 ) (-1600 0 -288 ) (-1600 0 -536 ) (-1216 0 -536 ) 
4 228 239 (1232 -576 -256 ) (1232 -576 -288 ) (1408 -576 -288 ) (1408 -576 -256 ) 
4 228 238 (1408 -576 -288 ) (1544 -576 -288 ) (1544 -576 64 ) (1408 -576 64 ) 
4 228 237 (1408 -576 440 ) (1232 -576 440 ) (1232 -576 320 ) (1408 -576 320 ) 
4 228 236 (1544 -576 440 ) (1408 -576 440 ) (1408 -576 64 ) (1544 -576 64 ) 
4 228 233 (1544 -576 -288 ) (1232 -576 -288 ) (1232 0 -288 ) (1544 0 -288 ) 
4 228 229 (1232 -576 64 ) (1232 -576 440 ) (1232 0 440 ) (1232 0 64 ) 
4 229 237 (1232 -576 440 ) (1216 -576 440 ) (1216 -576 320 ) (1232 -576 320 ) 
4 229 230 (1216 -576 80 ) (1216 -576 440 ) (1216 0 440 ) (1216 0 80 ) 
4 230 262 (1024 -576 80 ) (1024 -576 240 ) (1024 0 240 ) (1024 0 80 ) 
4 230 258 (1024 -576 240 ) (1024 -576 256 ) (1024 0 256 ) (1024 0 240 ) 
4 230 254 (1024 -576 256 ) (1024 -576 320 ) (1024 0 320 ) (1024 0 256 ) 
4 230 252 (1024 -576 320 ) (1024 -576 440 ) (1024 0 440 ) (1024 0 320 ) 
4 230 237 (1216 -576 440 ) (1024 -576 440 ) (1024 -576 320 ) (1216 -576 320 ) 
4 231 267 (1024 -576 -256 ) (1024 -576 -80 ) (1024 0 -80 ) (1024 0 -256 ) 
4 231 264 (1024 -576 -80 ) (1024 -576 64 ) (1024 0 64 ) (1024 0 -80 ) 
4 231 241 (1024 -576 -32 ) (1024 -576 -256 ) (1088 -576 -256 ) (1088 -576 -32 ) 
4 231 232 (1104 0 -256 ) (1216 0 -256 ) (1216 -576 -256 ) (1104 -576 -256 ) 
4 233 239 (1408 -576 -288 ) (1216 -576 -288 ) (1216 -576 -536 ) (1408 -576 -536 ) 
4 233 238 (1544 -576 -288 ) (1408 -576 -288 ) (1408 -576 -536 ) (1544 -576 -536 ) 
4 233 234 (1216 0 -536 ) (1216 -576 -536 ) (1216 -576 -304 ) (1216 0 -304 ) 
4 234 240 (1104 -576 -304 ) (1104 -576 -536 ) (1216 -576 -536 ) (1216 -576 -304 ) 
4 234 235 (1104 0 -536 ) (1104 -576 -536 ) (1104 -576 -304 ) (1104 0 -304 ) 
4 235 289 (1024 -576 -536 ) (1024 -576 -288 ) (1024 -496 -288 ) (1024 -496 -536 ) 
4 235 288 (1024 0 -320 ) (1024 0 -536 ) (1024 -496 -536 ) (1024 -496 -320 ) 
4 235 286 (1024 -496 -288 ) (1024 0 -288 ) (1024 0 -320 ) (1024 -496 -320 ) 
4 235 240 (1104 -576 -288 ) (1088 -576 -288 ) (1088 -576 -536 ) (1104 -576 -536 ) 
4 235 241 (1088 -576 -288 ) (1024 -576 -288 ) (1024 -576 -536 ) (1088 -576 -536 ) 
4 236 243 (1424 -592 320 ) (1424 -592 440 ) (1408 -592 440 ) (1408 -592 320 ) 
4 236 242 (1424 -592 64 ) (1544 -592 64 ) (1544 -592 440 ) (1424 -592 440 ) 
4 236 238 (1544 -592 64 ) (1408 -592 64 ) (1408 -576 64 ) (1544 -576 64 ) 
4 236 237 (1408 -592 320 ) (1408 -592 440 ) (1408 -576 440 ) (1408 -576 320 ) 
4 237 252 (1024 -592 320 ) (1024 -592 440 ) (1024 -576 440 ) (1024 -576 320 ) 
4 237 245 (1024 -592 440 ) (1024 -592 336 ) (1408 -592 336 ) (1408 -592 440 ) 
4 238 244 (1408 -592 -256 ) (1408 -592 -536 ) (1424 -592 -536 ) (1424 -592 -256 ) 
4 238 242 (1544 -592 64 ) (1424 -592 64 ) (1424 -592 -536 ) (1544 -592 -536 ) 
4 238 239 (1408 -576 -536 ) (1408 -592 -536 ) (1408 -592 -256 ) (1408 -576 -256 ) 
4 239 251 (1216 -592 -288 ) (1216 -592 -536 ) (1408 -592 -536 ) (1408 -592 -288 ) 
4 239 240 (1216 -592 -536 ) (1216 -592 -288 ) (1216 -576 -288 ) (1216 -576 -536 ) 
4 240 251 (1088 -592 -536 ) (1216 -592 -536 ) (1216 -592 -288 ) (1088 -592 -288 ) 
4 240 241 (1088 -576 -536 ) (1088 -592 -536 ) (1088 -592 -288 ) (1088 -576 -288 ) 
4 241 289 (1024 -592 -536 ) (1024 -592 -288 ) (1024 -576 -288 ) (1024 -576 -536 ) 
4 241 281 (1024 -592 -288 ) (1024 -592 -32 ) (1024 -576 -32 ) (1024 -576 -288 ) 
4 241 251 (1024 -592 -288 ) (1024 -592 -536 ) (1088 -592 -536 ) (1088 -592 -288 ) 
4 241 248 (1024 -592 -32 ) (1024 -592 -256 ) (1088 -592 -256 ) (1088 -592 -32 ) 
4 242 292 (1544 -1024 440 ) (1424 -1024 440 ) (1424 -1024 -536 ) (1544 -1024 -536 ) 
4 242 243 (1424 -592 440 ) (1424 -592 320 ) (1424 -1024 320 ) (1424 -1024 440 ) 
4 242 244 (1424 -592 -256 ) (1424 -592 -536 ) (1424 -1024 -536 ) (1424 -1024 -256 ) 
4 243 293 (1408 -1024 440 ) (1408 -1024 320 ) (1424 -1024 320 ) (1424 -1024 440 ) 
4 243 245 (1408 -592 440 ) (1408 -592 336 ) (1408 -1024 336 ) (1408 -1024 440 ) 
4 244 294 (1408 -1024 -256 ) (1408 -1024 -536 ) (1424 -1024 -536 ) (1424 -1024 -256 ) 
4 244 251 (1408 -592 -288 ) (1408 -592 -536 ) (1408 -1024 -536 ) (1408 -1024 -288 ) 
4 245 295 (1408 -1024 336 ) (1408 -1024 440 ) (1024 -1024 440 ) (1024 -1024 336 ) 
4 245 253 (1024 -1024 336 ) (1024 -1024 440 ) (1024 -592 440 ) (1024 -592 336 ) 
4 246 248 (1376 -592 -256 ) (1376 -736 -256 ) (1376 -736 320 ) (1376 -592 320 ) 
4 247 296 (1408 -1024 -256 ) (1408 -1024 320 ) (1376 -1024 320 ) (1376 -1024 -256 ) 
4 247 250 (1376 -800 -256 ) (1376 -1024 -256 ) (1376 -1024 320 ) (1376 -800 320 ) 
4 248 284 (1024 -592 240 ) (1024 -592 -256 ) (1024 -744 -256 ) (1024 -744 240 ) 
4 248 259 (1024 -592 256 ) (1024 -592 240 ) (1024 -744 240 ) (1024 -744 256 ) 
4 248 255 (1024 -744 320 ) (1024 -592 320 ) (1024 -592 256 ) (1024 -744 256 ) 
4 248 249 (1024 -744 -256 ) (1376 -744 -256 ) (1376 -744 272 ) (1024 -744 272 ) 
4 249 284 (1024 -744 240 ) (1024 -744 -256 ) (1024 -792 -256 ) (1024 -792 240 ) 
4 249 259 (1024 -744 256 ) (1024 -744 240 ) (1024 -792 240 ) (1024 -792 256 ) 
4 249 256 (1024 -744 272 ) (1024 -744 256 ) (1024 -792 256 ) (1024 -792 272 ) 
4 249 250 (1024 -792 -256 ) (1376 -792 -256 ) (1376 -792 272 ) (1024 -792 272 ) 
4 250 296 (1376 -1024 320 ) (1024 -1024 320 ) (1024 -1024 -256 ) (1376 -1024 -256 ) 
4 250 284 (1024 -1024 -256 ) (1024 -1024 240 ) (1024 -792 240 ) (1024 -792 -256 ) 
4 250 259 (1024 -1024 240 ) (1024 -1024 256 ) (1024 -792 256 ) (1024 -792 240 ) 
4 250 257 (1024 -1024 256 ) (1024 -1024 320 ) (1024 -792 320 ) (1024 -792 256 ) 
4 251 297 (1408 -1024 -536 ) (1408 -1024 -288 ) (1024 -1024 -288 ) (1024 -1024 -536 ) 
4 251 290 (1024 -1024 -536 ) (1024 -1024 -288 ) (1024 -592 -288 ) (1024 -592 -536 ) 
4 252 342 (0 -576 320 ) (0 -592 320 ) (0 -592 440 ) (0 -576 440 ) 
4 252 317 (0 0 440 ) (0 0 320 ) (0 -576 320 ) (0 -576 440 ) 
4 252 254 (1024 0 320 ) (1024 -576 320 ) (0 -576 320 ) (0 0 320 ) 
4 252 253 (1024 -592 336 ) (1024 -592 440 ) (0 -592 440 ) (0 -592 336 ) 
4 253 350 (0 -1024 336 ) (0 -1024 440 ) (0 -592 440 ) (0 -592 336 ) 
4 253 298 (0 -1024 440 ) (0 -1024 336 ) (1024 -1024 336 ) (1024 -1024 440 ) 
4 254 317 (0 0 320 ) (0 0 256 ) (0 -576 256 ) (0 -576 320 ) 
4 254 260 (0 -576 256 ) (0 -480 256 ) (512 -480 256 ) (512 -576 256 ) 
4 254 258 (512 0 256 ) (1024 0 256 ) (1024 -576 256 ) (512 -576 256 ) 
4 255 351 (0 -592 256 ) (0 -744 256 ) (0 -744 320 ) (0 -592 320 ) 
4 255 261 (0 -744 256 ) (0 -592 256 ) (512 -592 256 ) (512 -744 256 ) 
4 255 259 (512 -592 256 ) (1024 -592 256 ) (1024 -744 256 ) (512 -744 256 ) 
4 255 256 (0 -744 256 ) (1024 -744 256 ) (1024 -744 272 ) (0 -744 272 ) 
4 256 352 (0 -744 256 ) (0 -792 256 ) (0 -792 272 ) (0 -744 272 ) 
4 256 261 (0 -792 256 ) (0 -744 256 ) (512 -744 256 ) (512 -792 256 ) 
4 256 259 (512 -744 256 ) (1024 -744 256 ) (1024 -792 256 ) (512 -792 256 ) 
4 256 257 (0 -792 256 ) (1024 -792 256 ) (1024 -792 272 ) (0 -792 272 ) 
4 257 353 (0 -792 256 ) (0 -1024 256 ) (0 -1024 320 ) (0 -792 320 ) 
4 257 299 (0 -1024 320 ) (0 -1024 256 ) (1024 -1024 256 ) (1024 -1024 320 ) 
4 257 261 (512 -1024 256 ) (0 -1024 256 ) (0 -792 256 ) (512 -792 256 ) 
4 257 259 (1024 -1024 256 ) (512 -1024 256 ) (512 -792 256 ) (1024 -792 256 ) 
4 258 273 (528 -576 240 ) (512 -576 240 ) (512 -480 240 ) (528 -480 240 ) 
4 258 272 (576 -576 240 ) (528 -576 240 ) (528 0 240 ) (576 0 240 ) 
4 258 262 (1024 0 240 ) (1024 -576 240 ) (720 -576 240 ) (720 0 240 ) 
4 258 263 (720 -576 240 ) (576 -576 240 ) (576 0 240 ) (720 0 240 ) 
4 258 260 (512 -480 240 ) (512 -576 240 ) (512 -576 256 ) (512 -480 256 ) 
4 259 299 (512 -1024 240 ) (1024 -1024 240 ) (1024 -1024 256 ) (512 -1024 256 ) 
4 259 284 (1024 -592 240 ) (1024 -1024 240 ) (512 -1024 240 ) (512 -592 240 ) 
4 259 261 (512 -592 240 ) (512 -1024 240 ) (512 -1024 256 ) (512 -592 256 ) 
4 260 318 (0 -480 240 ) (0 -576 240 ) (0 -576 256 ) (0 -480 256 ) 
4 260 277 (0 -576 240 ) (0 -496 240 ) (512 -496 240 ) (512 -576 240 ) 
4 261 352 (0 -744 240 ) (0 -792 240 ) (0 -792 256 ) (0 -744 256 ) 
4 261 351 (0 -592 240 ) (0 -744 240 ) (0 -744 256 ) (0 -592 256 ) 
4 261 353 (0 -792 240 ) (0 -1024 240 ) (0 -1024 256 ) (0 -792 256 ) 
4 261 299 (0 -1024 256 ) (0 -1024 240 ) (512 -1024 240 ) (512 -1024 256 ) 
4 261 284 (512 -1024 240 ) (0 -1024 240 ) (0 -592 240 ) (512 -592 240 ) 
4 262 263 (720 -576 80 ) (720 -576 240 ) (720 0 240 ) (720 0 80 ) 
4 263 272 (576 -576 64 ) (576 -576 240 ) (576 0 240 ) (576 0 64 ) 
4 263 266 (720 -576 64 ) (576 -576 64 ) (576 0 64 ) (720 0 64 ) 
4 264 281 (1024 -576 -80 ) (1024 -576 -32 ) (816 -576 -32 ) (816 -576 -80 ) 
4 264 267 (1024 -576 -80 ) (816 -576 -80 ) (816 0 -80 ) (1024 0 -80 ) 
4 264 265 (816 0 -80 ) (816 -576 -80 ) (816 -576 -32 ) (816 0 -32 ) 
4 265 281 (736 -576 -32 ) (736 -576 -80 ) (816 -576 -80 ) (816 -576 -32 ) 
4 265 267 (816 -576 -80 ) (736 -576 -80 ) (736 0 -80 ) (816 0 -80 ) 
4 266 274 (576 -576 -80 ) (576 -576 -64 ) (576 -16 -64 ) (576 -16 -80 ) 
4 266 272 (576 -576 -64 ) (576 -576 64 ) (576 0 64 ) (576 0 -64 ) 
4 266 269 (576 -16 -80 ) (576 0 -80 ) (704 0 -80 ) (704 -16 -80 ) 
4 266 271 (704 -576 -80 ) (576 -576 -80 ) (576 -16 -80 ) (704 -16 -80 ) 
4 267 281 (1024 -576 -256 ) (1024 -576 -80 ) (736 -576 -80 ) (736 -576 -256 ) 
4 268 289 (736 -496 -288 ) (736 -576 -288 ) (704 -576 -288 ) (704 -496 -288 ) 
4 268 286 (704 0 -288 ) (736 0 -288 ) (736 -496 -288 ) (704 -496 -288 ) 
4 268 282 (704 -576 -288 ) (736 -576 -288 ) (736 -576 -256 ) (704 -576 -256 ) 
4 268 270 (704 0 -288 ) (704 -16 -288 ) (704 -16 -256 ) (704 0 -256 ) 
4 268 271 (704 -16 -288 ) (704 -576 -288 ) (704 -576 -256 ) (704 -16 -256 ) 
4 269 271 (704 -16 -111.998978 ) (704 -16 -80 ) (576 -16 -80 ) (576 -16 -144 ) 
4 270 286 (576 0 -288 ) (704 0 -288 ) (704 -16 -288 ) (576 -16 -288 ) 
3 270 271 (704 -16 -288 ) (704 -16 -256 ) (576 -16 -288 ) 
4 271 289 (704 -496 -288 ) (704 -576 -288 ) (576 -576 -288 ) (576 -496 -288 ) 
4 271 286 (704 -16 -288 ) (704 -496 -288 ) (576 -496 -288 ) (576 -16 -288 ) 
4 271 282 (576 -576 -288 ) (704 -576 -288 ) (704 -576 -256 ) (576 -576 -256 ) 
4 271 274 (576 -16 -288 ) (576 -576 -288 ) (576 -576 -80 ) (576 -16 -80 ) 
4 272 274 (576 -16 -64 ) (576 -576 -64 ) (528 -576 -64 ) (528 -16 -64 ) 
4 272 273 (528 -480 -64 ) (528 -576 -64 ) (528 -576 240 ) (528 -480 240 ) 
4 273 277 (512 -576 -64 ) (512 -576 240 ) (512 -496 240 ) (512 -496 -64 ) 
4 273 275 (512 -576 -64 ) (512 -480 -64 ) (528 -480 -64 ) (528 -576 -64 ) 
4 274 289 (576 -496 -288 ) (576 -576 -288 ) (528 -576 -288 ) (528 -496 -288 ) 
4 274 286 (576 -16 -288 ) (576 -496 -288 ) (528 -496 -288 ) (528 -16 -288 ) 
4 274 282 (528 -576 -288 ) (576 -576 -288 ) (576 -576 -256 ) (528 -576 -256 ) 
4 274 275 (528 -480 -288 ) (528 -576 -288 ) (528 -576 -64 ) (528 -480 -64 ) 
4 275 289 (528 -576 -288 ) (512 -576 -288 ) (512 -496 -288 ) (528 -496 -288 ) 
4 275 286 (512 -496 -288 ) (512 -480 -288 ) (528 -480 -288 ) (528 -496 -288 ) 
4 275 282 (512 -576 -288 ) (528 -576 -288 ) (528 -576 -256 ) (512 -576 -256 ) 
4 275 279 (512 -496 -288 ) (512 -576 -288 ) (512 -576 -64 ) (512 -496 -64 ) 
4 276 319 (0 0 240 ) (0 0 -64 ) (0 -480 -64 ) (0 -480 240 ) 
4 276 278 (512 0 -64 ) (512 -480 -64 ) (160 -480 -64 ) (160 0 -64 ) 
4 276 280 (160 -480 -64 ) (0 -480 -64 ) (0 0 -64 ) (160 0 -64 ) 
4 277 320 (0 -496 -64 ) (0 -576 -64 ) (0 -576 240 ) (0 -496 240 ) 
4 277 283 (192 -576 64 ) (0 -576 64 ) (0 -576 -64 ) (192 -576 -64 ) 
4 277 279 (512 -496 -64 ) (512 -576 -64 ) (160 -576 -64 ) (160 -496 -64 ) 
4 277 280 (160 -576 -64 ) (0 -576 -64 ) (0 -496 -64 ) (160 -496 -64 ) 
4 278 280 (160 0 -288 ) (160 -480 -288 ) (160 -480 -64 ) (160 0 -64 ) 
4 279 289 (512 -496 -288 ) (512 -576 -288 ) (192 -576 -288 ) (192 -496 -288 ) 
4 279 282 (192 -576 -288 ) (512 -576 -288 ) (512 -576 -256 ) (384 -576 -256 ) 
4 279 283 (160 -576 -288 ) (192 -576 -288 ) (192 -576 -64 ) (160 -576 -64 ) 
4 279 280 (160 -496 -288 ) (160 -576 -288 ) (160 -576 -64 ) (160 -496 -64 ) 
4 280 321 (0 0 -64 ) (0 0 -288 ) (0 -576 -288 ) (0 -576 -64 ) 
4 280 283 (0 -576 -288 ) (160 -576 -288 ) (160 -576 -64 ) (0 -576 -64 ) 
4 281 289 (736 -576 -288 ) (1024 -576 -288 ) (1024 -592 -288 ) (736 -592 -288 ) 
4 281 284 (1024 -592 -256 ) (1024 -592 -32 ) (736 -592 -32 ) (736 -592 -256 ) 
4 281 282 (736 -592 -288 ) (736 -592 -256 ) (736 -576 -256 ) (736 -576 -288 ) 
4 282 289 (192 -576 -288 ) (736 -576 -288 ) (736 -592 -288 ) (192 -592 -288 ) 
4 283 346 (0 -576 -288 ) (0 -592 -288 ) (0 -592 -256 ) (0 -576 -256 ) 
4 283 344 (0 -592 -256 ) (0 -592 -80 ) (0 -576 -80 ) (0 -576 -256 ) 
4 283 343 (0 -592 -80 ) (0 -592 64 ) (0 -576 64 ) (0 -576 -80 ) 
4 283 285 (0 -592 -288 ) (192 -592 -288 ) (192 -592 -256 ) (0 -592 -256 ) 
4 283 284 (192 -592 -256 ) (192 -592 64 ) (0 -592 64 ) (0 -592 -256 ) 
4 284 352 (0 -792 240 ) (0 -744 240 ) (0 -744 -256 ) (0 -792 -256 ) 
4 284 351 (0 -744 240 ) (0 -592 240 ) (0 -592 -256 ) (0 -744 -256 ) 
4 284 353 (0 -1024 -256 ) (0 -1024 240 ) (0 -792 240 ) (0 -792 -256 ) 
4 284 299 (0 -1024 240 ) (0 -1024 -256 ) (1024 -1024 -256 ) (1024 -1024 240 ) 
4 284 285 (0 -592 -256 ) (384 -592 -256 ) (384 -1024 -256 ) (0 -1024 -256 ) 
4 285 354 (0 -592 -288 ) (0 -1024 -288 ) (0 -1024 -256 ) (0 -592 -256 ) 
4 285 300 (0 -1024 -256 ) (0 -1024 -288 ) (192 -1024 -288 ) (384 -1024 -256 ) 
4 286 289 (1024 -496 -320 ) (1024 -496 -288 ) (512 -496 -288 ) (512 -496 -320 ) 
4 286 288 (1024 -496 -320 ) (512 -496 -320 ) (512 0 -320 ) (1024 0 -320 ) 
4 286 287 (512 -480 -320 ) (512 -496 -320 ) (512 -496 -288 ) (512 -480 -288 ) 
4 287 289 (512 -496 -288 ) (192 -496 -288 ) (192 -496 -320 ) (512 -496 -320 ) 
4 287 288 (512 -496 -320 ) (160 -496 -320 ) (160 -480 -320 ) (512 -480 -320 ) 
4 288 326 (0 0 -320 ) (0 0 -536 ) (0 -496 -536 ) (0 -496 -320 ) 
4 288 291 (192 -496 -320 ) (0 -496 -320 ) (0 -496 -536 ) (192 -496 -536 ) 
4 288 289 (1024 -496 -536 ) (1024 -496 -320 ) (192 -496 -320 ) (192 -496 -536 ) 
4 289 291 (192 -496 -320 ) (192 -496 -536 ) (192 -592 -536 ) (192 -592 -320 ) 
5 289 290 (192 -592 -320 ) (192 -592 -536 ) (1024 -592 -536 ) (1024 -592 -288 ) (384 -592 -288 ) 
5 290 301 (1024 -1024 -536 ) (1024 -1024 -288 ) (384 -1024 -288 ) (192 -1024 -320 ) (192 -1024 -536 ) 
4 290 291 (192 -592 -536 ) (192 -1024 -536 ) (192 -1024 -320 ) (192 -592 -320 ) 
4 291 355 (0 -1024 -536 ) (0 -1024 -320 ) (0 -592 -320 ) (0 -592 -536 ) 
4 291 348 (0 -592 -320 ) (0 -576 -320 ) (0 -576 -536 ) (0 -592 -536 ) 
4 291 326 (0 -576 -320 ) (0 -496 -320 ) (0 -496 -536 ) (0 -576 -536 ) 
4 291 302 (0 -1024 -320 ) (0 -1024 -536 ) (192 -1024 -536 ) (192 -1024 -320 ) 
4 292 303 (1544 -2048 440 ) (1424 -2048 440 ) (1424 -2048 -536 ) (1544 -2048 -536 ) 
4 292 293 (1424 -2048 320 ) (1424 -2048 440 ) (1424 -1024 440 ) (1424 -1024 320 ) 
4 292 294 (1424 -1024 -536 ) (1424 -2048 -536 ) (1424 -2048 -256 ) (1424 -1024 -256 ) 
4 293 304 (1408 -2048 440 ) (1408 -2048 320 ) (1424 -2048 320 ) (1424 -2048 440 ) 
4 293 295 (1408 -2048 336 ) (1408 -2048 440 ) (1408 -1024 440 ) (1408 -1024 336 ) 
4 294 305 (1408 -2048 -256 ) (1408 -2048 -536 ) (1424 -2048 -536 ) (1424 -2048 -256 ) 
4 294 297 (1408 -2048 -536 ) (1408 -2048 -288 ) (1408 -1024 -288 ) (1408 -1024 -536 ) 
4 295 307 (1408 -2048 336 ) (1408 -2048 440 ) (1024 -2048 440 ) (1024 -2048 336 ) 
4 295 298 (1024 -1024 440 ) (1024 -1024 336 ) (1024 -2048 336 ) (1024 -2048 440 ) 
4 296 308 (1408 -2048 -256 ) (1408 -2048 320 ) (1024 -2048 320 ) (1024 -2048 -256 ) 
4 296 299 (1024 -1024 320 ) (1024 -1024 -256 ) (1024 -2048 -256 ) (1024 -2048 320 ) 
4 297 309 (1408 -2048 -536 ) (1408 -2048 -288 ) (1024 -2048 -288 ) (1024 -2048 -536 ) 
4 297 301 (1024 -1024 -288 ) (1024 -1024 -536 ) (1024 -2048 -536 ) (1024 -2048 -288 ) 
4 298 381 (0 -2048 336 ) (0 -2048 440 ) (0 -1024 440 ) (0 -1024 336 ) 
4 298 311 (0 -2048 440 ) (0 -2048 336 ) (1024 -2048 336 ) (1024 -2048 440 ) 
4 299 382 (0 -2048 -256 ) (0 -2048 320 ) (0 -1024 320 ) (0 -1024 -256 ) 
4 299 312 (0 -2048 320 ) (0 -2048 -256 ) (1024 -2048 -256 ) (1024 -2048 320 ) 
4 299 300 (384 -2048 -256 ) (0 -2048 -256 ) (0 -1024 -256 ) (384 -1024 -256 ) 
4 300 383 (0 -2048 -288 ) (0 -2048 -256 ) (0 -1024 -256 ) (0 -1024 -288 ) 
4 300 313 (0 -2048 -256 ) (0 -2048 -288 ) (192 -2048 -288 ) (384 -2048 -256 ) 
5 301 314 (1024 -2048 -536 ) (1024 -2048 -288 ) (384 -2048 -288 ) (192 -2048 -320 ) (192 -2048 -536 ) 
4 301 302 (192 -1024 -320 ) (192 -1024 -536 ) (192 -2048 -536 ) (192 -2048 -320 ) 
4 302 384 (0 -2048 -536 ) (0 -2048 -320 ) (0 -1024 -320 ) (0 -1024 -536 ) 
4 302 315 (0 -2048 -320 ) (0 -2048 -536 ) (192 -2048 -536 ) (192 -2048 -320 ) 
4 303 306 (1424 -2064 -536 ) (1424 -2176 -536 ) (1424 -2176 440 ) (1424 -2064 440 ) 
4 303 305 (1424 -2048 -536 ) (1424 -2064 -536 ) (1424 -2064 -256 ) (1424 -2048 -256 ) 
4 303 304 (1424 -2064 320 ) (1424 -2064 440 ) (1424 -2048 440 ) (1424 -2048 320 ) 
4 304 307 (1408 -2064 440 ) (1408 -2048 440 ) (1408 -2048 336 ) (1408 -2064 336 ) 
4 304 306 (1424 -2064 320 ) (1424 -2064 440 ) (1408 -2064 440 ) (1408 -2064 320 ) 
4 305 309 (1408 -2048 -288 ) (1408 -2048 -536 ) (1408 -2064 -536 ) (1408 -2064 -288 ) 
4 305 306 (1408 -2064 -536 ) (1424 -2064 -536 ) (1424 -2064 -256 ) (1408 -2064 -256 ) 
4 306 310 (1408 -2176 440 ) (1408 -2064 440 ) (1408 -2064 -536 ) (1408 -2176 -536 ) 
4 307 311 (1024 -2048 440 ) (1024 -2048 336 ) (1024 -2064 336 ) (1024 -2064 440 ) 
4 307 310 (1408 -2064 336 ) (1408 -2064 440 ) (1024 -2064 440 ) (1024 -2064 336 ) 
4 308 312 (1024 -2048 320 ) (1024 -2048 -256 ) (1024 -2064 -256 ) (1024 -2064 320 ) 
4 308 310 (1408 -2064 -256 ) (1408 -2064 320 ) (1024 -2064 320 ) (1024 -2064 -256 ) 
4 309 314 (1024 -2048 -288 ) (1024 -2048 -536 ) (1024 -2064 -536 ) (1024 -2064 -288 ) 
4 309 310 (1024 -2064 -536 ) (1408 -2064 -536 ) (1408 -2064 -288 ) (1024 -2064 -288 ) 
4 310 316 (1024 -2064 -536 ) (1024 -2176 -536 ) (1024 -2176 440 ) (1024 -2064 440 ) 
4 311 392 (0 -2064 336 ) (0 -2064 440 ) (0 -2048 440 ) (0 -2048 336 ) 
4 311 316 (0 -2064 440 ) (0 -2064 336 ) (1024 -2064 336 ) (1024 -2064 440 ) 
4 312 393 (0 -2064 -256 ) (0 -2064 320 ) (0 -2048 320 ) (0 -2048 -256 ) 
4 312 316 (0 -2064 320 ) (0 -2064 -256 ) (1024 -2064 -256 ) (1024 -2064 320 ) 
4 312 313 (384 -2064 -256 ) (0 -2064 -256 ) (0 -2048 -256 ) (384 -2048 -256 ) 
4 313 394 (0 -2064 -288 ) (0 -2064 -256 ) (0 -2048 -256 ) (0 -2048 -288 ) 
4 313 316 (0 -2064 -256 ) (0 -2064 -288 ) (192 -2064 -288 ) (384 -2064 -256 ) 
5 314 316 (1024 -2064 -536 ) (1024 -2064 -288 ) (384 -2064 -288 ) (192 -2064 -320 ) (192 -2064 -536 ) 
4 314 315 (192 -2064 -536 ) (192 -2064 -320 ) (192 -2048 -320 ) (192 -2048 -536 ) 
4 315 395 (0 -2064 -536 ) (0 -2064 -320 ) (0 -2048 -320 ) (0 -2048 -536 ) 
4 315 316 (0 -2064 -320 ) (0 -2064 -536 ) (192 -2064 -536 ) (192 -2064 -320 ) 
4 316 397 (0 -2176 440 ) (0 -2064 440 ) (0 -2064 -536 ) (0 -2176 -536 ) 
4 317 342 (0 -576 320 ) (0 -576 440 ) (-512 -576 440 ) (-512 -576 320 ) 
4 317 327 (-512 0 440 ) (-512 0 256 ) (-512 -480 256 ) (-512 -480 440 ) 
4 317 328 (-512 -480 256 ) (-512 -576 256 ) (-512 -576 440 ) (-512 -480 440 ) 
4 317 318 (0 -576 256 ) (-512 -576 256 ) (-512 -480 256 ) (0 -480 256 ) 
4 318 328 (-512 -480 240 ) (-512 -576 240 ) (-512 -576 256 ) (-512 -480 256 ) 
4 318 320 (0 -576 240 ) (-512 -576 240 ) (-512 -496 240 ) (0 -496 240 ) 
4 319 322 (-512 -480 -64 ) (-512 0 -64 ) (-160 0 -64 ) (-160 -480 -64 ) 
4 319 321 (-160 0 -64 ) (0 0 -64 ) (0 -480 -64 ) (-160 -480 -64 ) 
4 320 343 (0 -576 -64 ) (0 -576 64 ) (-192 -576 64 ) (-192 -576 -64 ) 
4 320 328 (-512 -496 -64 ) (-512 -576 -64 ) (-512 -576 240 ) (-512 -496 240 ) 
4 320 323 (-160 -576 -64 ) (-512 -576 -64 ) (-512 -496 -64 ) (-160 -496 -64 ) 
4 320 321 (0 -576 -64 ) (-160 -576 -64 ) (-160 -496 -64 ) (0 -496 -64 ) 
4 321 346 (0 -576 -288 ) (0 -576 -256 ) (-160 -576 -256 ) (-160 -576 -288 ) 
4 321 344 (0 -576 -256 ) (0 -576 -80 ) (-160 -576 -80 ) (-160 -576 -256 ) 
4 321 343 (0 -576 -80 ) (0 -576 -64 ) (-160 -576 -64 ) (-160 -576 -80 ) 
4 321 322 (-160 0 -288 ) (-160 -480 -288 ) (-160 -480 -64 ) (-160 0 -64 ) 
4 321 323 (-160 -496 -288 ) (-160 -576 -288 ) (-160 -576 -64 ) (-160 -496 -64 ) 
4 323 347 (-512 -576 -256 ) (-512 -576 -288 ) (-192 -576 -288 ) (-384 -576 -256 ) 
4 323 346 (-192 -576 -288 ) (-160 -576 -288 ) (-160 -576 -256 ) (-192 -576 -256 ) 
4 323 344 (-192 -576 -256 ) (-160 -576 -256 ) (-160 -576 -80 ) (-192 -576 -80 ) 
4 323 343 (-160 -576 -64 ) (-192 -576 -64 ) (-192 -576 -80 ) (-160 -576 -80 ) 
4 323 330 (-512 -496 -288 ) (-512 -576 -288 ) (-512 -576 -64 ) (-512 -496 -64 ) 
4 323 325 (-192 -576 -288 ) (-512 -576 -288 ) (-512 -496 -288 ) (-192 -496 -288 ) 
4 324 341 (-512 -480 -320 ) (-512 -496 -320 ) (-512 -496 -288 ) (-512 -480 -288 ) 
4 324 326 (-512 -496 -320 ) (-512 -480 -320 ) (-160 -480 -320 ) (-160 -496 -320 ) 
4 324 325 (-512 -496 -320 ) (-192 -496 -320 ) (-192 -496 -288 ) (-512 -496 -288 ) 
4 325 349 (-192 -576 -288 ) (-512 -576 -288 ) (-512 -576 -320 ) (-192 -576 -320 ) 
4 325 341 (-512 -496 -320 ) (-512 -576 -320 ) (-512 -576 -288 ) (-512 -496 -288 ) 
4 325 326 (-192 -576 -320 ) (-512 -576 -320 ) (-512 -496 -320 ) (-192 -496 -320 ) 
4 326 348 (0 -576 -536 ) (0 -576 -320 ) (-192 -576 -320 ) (-192 -576 -536 ) 
4 326 349 (-192 -576 -320 ) (-512 -576 -320 ) (-512 -576 -536 ) (-192 -576 -536 ) 
4 326 341 (-512 0 -320 ) (-512 0 -536 ) (-512 -576 -536 ) (-512 -576 -320 ) 
4 327 328 (-528 -480 440 ) (-528 -480 240 ) (-512 -480 240 ) (-512 -480 440 ) 
4 327 329 (-528 -480 240 ) (-528 -480 440 ) (-528 0 440 ) (-528 0 240 ) 
4 328 342 (-512 -576 320 ) (-512 -576 440 ) (-528 -576 440 ) (-528 -576 320 ) 
4 328 330 (-512 -480 -64 ) (-512 -576 -64 ) (-528 -576 -64 ) (-528 -480 -64 ) 
4 328 329 (-528 -480 -64 ) (-528 -576 -64 ) (-528 -576 440 ) (-528 -480 440 ) 
4 329 342 (-528 -576 440 ) (-576 -576 440 ) (-576 -576 320 ) (-528 -576 320 ) 
4 329 335 (-576 0 64 ) (-576 0 -64 ) (-576 -16 -64 ) (-576 -16 64 ) 
4 329 336 (-576 -16 -64 ) (-576 -576 -64 ) (-576 -576 64 ) (-576 -16 64 ) 
4 329 332 (-576 0 440 ) (-576 0 64 ) (-576 -576 64 ) (-576 -576 440 ) 
4 329 331 (-576 -576 -64 ) (-576 -16 -64 ) (-528 -16 -64 ) (-528 -576 -64 ) 
4 330 347 (-512 -576 -288 ) (-512 -576 -256 ) (-528 -576 -256 ) (-528 -576 -288 ) 
4 330 341 (-512 -480 -288 ) (-512 -576 -288 ) (-528 -576 -288 ) (-528 -480 -288 ) 
4 330 331 (-528 -480 -288 ) (-528 -576 -288 ) (-528 -576 -64 ) (-528 -480 -64 ) 
4 331 347 (-576 -576 -256 ) (-576 -576 -288 ) (-528 -576 -288 ) (-528 -576 -256 ) 
4 331 341 (-528 -576 -288 ) (-576 -576 -288 ) (-576 -16 -288 ) (-528 -16 -288 ) 
4 331 336 (-576 -16 -288 ) (-576 -576 -288 ) (-576 -576 -64 ) (-576 -16 -64 ) 
4 332 342 (-576 -576 320 ) (-576 -576 440 ) (-720 -576 440 ) (-720 -576 320 ) 
4 332 337 (-720 0 64 ) (-704 0 64 ) (-704 -576 64 ) (-720 -576 64 ) 
4 332 335 (-704 0 64 ) (-576 0 64 ) (-576 -16 64 ) (-704 -16 64 ) 
4 332 336 (-576 -16 64 ) (-576 -576 64 ) (-704 -576 64 ) (-704 -16 64 ) 
4 332 333 (-720 -576 80 ) (-720 -576 440 ) (-720 0 440 ) (-720 0 80 ) 
4 333 357 (-1024 0 440 ) (-1024 0 80 ) (-1024 -576 80 ) (-1024 -576 440 ) 
4 333 342 (-1024 -576 440 ) (-1024 -576 320 ) (-720 -576 320 ) (-720 -576 440 ) 
4 334 341 (-704 0 -288 ) (-576 0 -288 ) (-576 -16 -288 ) (-704 -16 -288 ) 
4 334 338 (-704 0 -288 ) (-704 -16 -288 ) (-704 -16 -256 ) (-704 0 -256 ) 
3 334 336 (-704 -16 -256 ) (-704 -16 -288 ) (-576 -16 -288 ) 
4 335 337 (-704 -16 -80 ) (-704 -16 64 ) (-704 0 64 ) (-704 0 -80 ) 
4 335 336 (-704 -16 64 ) (-704 -16 -112 ) (-576 -16 -144 ) (-576 -16 64 ) 
4 336 347 (-704 -576 -288 ) (-576 -576 -288 ) (-576 -576 -256 ) (-704 -576 -256 ) 
4 336 341 (-576 -16 -288 ) (-576 -576 -288 ) (-704 -576 -288 ) (-704 -16 -288 ) 
4 336 338 (-704 -16 -288 ) (-704 -576 -288 ) (-704 -576 -256 ) (-704 -16 -256 ) 
4 336 337 (-704 -576 -80 ) (-704 -576 64 ) (-704 -16 64 ) (-704 -16 -80 ) 
4 338 347 (-736 -576 -288 ) (-704 -576 -288 ) (-704 -576 -256 ) (-736 -576 -256 ) 
4 338 341 (-736 0 -288 ) (-704 0 -288 ) (-704 -576 -288 ) (-736 -576 -288 ) 
4 339 340 (-816 -576 -256 ) (-816 -576 -32 ) (-816 0 -32 ) (-816 0 -256 ) 
4 340 358 (-1024 0 64 ) (-1024 0 -256 ) (-1024 -576 -256 ) (-1024 -576 64 ) 
4 340 345 (-1024 -576 -80 ) (-1024 -576 -256 ) (-832 -576 -256 ) (-832 -576 -80 ) 
4 341 362 (-1024 0 -288 ) (-1024 0 -536 ) (-1024 -576 -536 ) (-1024 -576 -288 ) 
4 341 349 (-512 -576 -536 ) (-512 -576 -288 ) (-1024 -576 -288 ) (-1024 -576 -536 ) 
4 342 365 (-1024 -592 320 ) (-1024 -592 440 ) (-1024 -576 440 ) (-1024 -576 320 ) 
4 342 350 (-1024 -592 440 ) (-1024 -592 336 ) (0 -592 336 ) (0 -592 440 ) 
4 343 351 (-192 -592 -80 ) (0 -592 -80 ) (0 -592 64 ) (-192 -592 64 ) 
4 343 344 (0 -592 -80 ) (-192 -592 -80 ) (-192 -576 -80 ) (0 -576 -80 ) 
4 344 351 (-192 -592 -256 ) (0 -592 -256 ) (0 -592 -80 ) (-192 -592 -80 ) 
4 344 346 (0 -592 -256 ) (-192 -592 -256 ) (-192 -576 -256 ) (0 -576 -256 ) 
4 345 366 (-1024 -592 -256 ) (-1024 -592 -80 ) (-1024 -576 -80 ) (-1024 -576 -256 ) 
4 345 351 (-1024 -592 -80 ) (-1024 -592 -256 ) (-832 -592 -256 ) (-832 -592 -80 ) 
4 346 354 (-192 -592 -288 ) (0 -592 -288 ) (0 -592 -256 ) (-192 -592 -256 ) 
4 347 349 (-192 -592 -288 ) (-832 -592 -288 ) (-832 -576 -288 ) (-192 -576 -288 ) 
4 348 355 (-192 -592 -536 ) (0 -592 -536 ) (0 -592 -320 ) (-192 -592 -320 ) 
4 348 349 (-192 -576 -536 ) (-192 -592 -536 ) (-192 -592 -320 ) (-192 -576 -320 ) 
4 349 367 (-1024 -592 -536 ) (-1024 -592 -288 ) (-1024 -576 -288 ) (-1024 -576 -536 ) 
5 349 356 (-1024 -592 -288 ) (-1024 -592 -536 ) (-192 -592 -536 ) (-192 -592 -320 ) (-384 -592 -288 ) 
4 350 381 (0 -1024 336 ) (0 -1024 440 ) (-1024 -1024 440 ) (-1024 -1024 336 ) 
4 350 371 (-1024 -1024 336 ) (-1024 -1024 440 ) (-1024 -592 440 ) (-1024 -592 336 ) 
4 351 372 (-1024 -744 320 ) (-1024 -592 320 ) (-1024 -592 -256 ) (-1024 -744 -256 ) 
4 351 354 (-384 -592 -256 ) (0 -592 -256 ) (0 -744 -256 ) (-384 -744 -256 ) 
4 351 352 (-1024 -744 -256 ) (0 -744 -256 ) (0 -744 272 ) (-1024 -744 272 ) 
4 352 373 (-1024 -744 272 ) (-1024 -744 -256 ) (-1024 -792 -256 ) (-1024 -792 272 ) 
4 352 354 (-384 -744 -256 ) (0 -744 -256 ) (0 -792 -256 ) (-384 -792 -256 ) 
4 352 353 (-1024 -792 -256 ) (0 -792 -256 ) (0 -792 272 ) (-1024 -792 272 ) 
4 353 382 (0 -1024 -256 ) (0 -1024 320 ) (-1024 -1024 320 ) (-1024 -1024 -256 ) 
4 353 374 (-1024 -1024 -256 ) (-1024 -1024 320 ) (-1024 -792 320 ) (-1024 -792 -256 ) 
4 353 354 (0 -1024 -256 ) (-384 -1024 -256 ) (-384 -792 -256 ) (0 -792 -256 ) 
4 354 383 (0 -1024 -288 ) (0 -1024 -256 ) (-384 -1024 -256 ) (-192 -1024 -288 ) 
4 355 384 (0 -1024 -536 ) (0 -1024 -320 ) (-192 -1024 -320 ) (-192 -1024 -536 ) 
4 355 356 (-192 -592 -320 ) (-192 -592 -536 ) (-192 -1024 -536 ) (-192 -1024 -320 ) 
5 356 385 (-192 -1024 -536 ) (-192 -1024 -320 ) (-384 -1024 -288 ) (-1024 -1024 -288 ) (-1024 -1024 -536 ) 
4 356 377 (-1024 -1024 -536 ) (-1024 -1024 -288 ) (-1024 -592 -288 ) (-1024 -592 -536 ) 
4 357 365 (-1024 -576 320 ) (-1024 -576 440 ) (-1216 -576 440 ) (-1216 -576 320 ) 
4 357 360 (-1216 -576 80 ) (-1216 -576 440 ) (-1216 0 440 ) (-1216 0 80 ) 
4 358 366 (-1024 -576 -256 ) (-1024 -576 -80 ) (-1088 -576 -80 ) (-1088 -576 -256 ) 
4 358 359 (-1104 -576 -256 ) (-1216 -576 -256 ) (-1216 0 -256 ) (-1104 0 -256 ) 
4 360 368 (-1216 -576 440 ) (-1232 -576 440 ) (-1232 -576 320 ) (-1216 -576 320 ) 
4 360 361 (-1232 -576 64 ) (-1232 -576 440 ) (-1232 0 440 ) (-1232 0 64 ) 
4 361 370 (-1408 -576 440 ) (-1600 -576 440 ) (-1600 -576 -288 ) (-1408 -576 -288 ) 
4 361 369 (-1408 -576 -256 ) (-1408 -576 -288 ) (-1232 -576 -288 ) (-1232 -576 -256 ) 
4 361 368 (-1232 -576 440 ) (-1408 -576 440 ) (-1408 -576 320 ) (-1232 -576 320 ) 
4 361 364 (-1232 -576 -288 ) (-1600 -576 -288 ) (-1600 0 -288 ) (-1232 0 -288 ) 
4 362 367 (-1024 -576 -536 ) (-1024 -576 -288 ) (-1104 -576 -288 ) (-1104 -576 -536 ) 
4 362 363 (-1104 0 -536 ) (-1104 -576 -536 ) (-1104 -576 -304 ) (-1104 0 -304 ) 
4 363 367 (-1216 -576 -304 ) (-1216 -576 -536 ) (-1104 -576 -536 ) (-1104 -576 -304 ) 
4 363 364 (-1216 0 -536 ) (-1216 -576 -536 ) (-1216 -576 -304 ) (-1216 0 -304 ) 
4 364 370 (-1408 -576 -288 ) (-1600 -576 -288 ) (-1600 -576 -536 ) (-1408 -576 -536 ) 
4 364 369 (-1216 -576 -288 ) (-1408 -576 -288 ) (-1408 -576 -536 ) (-1216 -576 -536 ) 
4 365 371 (-1024 -592 336 ) (-1024 -592 440 ) (-1216 -592 440 ) (-1216 -592 336 ) 
4 365 368 (-1216 -576 440 ) (-1216 -576 320 ) (-1216 -592 320 ) (-1216 -592 440 ) 
4 366 372 (-1024 -592 -256 ) (-1024 -592 -80 ) (-1088 -592 -80 ) (-1088 -592 -256 ) 
4 367 377 (-1024 -592 -536 ) (-1024 -592 -288 ) (-1216 -592 -288 ) (-1216 -592 -536 ) 
4 367 369 (-1216 -576 -288 ) (-1216 -576 -536 ) (-1216 -592 -536 ) (-1216 -592 -288 ) 
4 368 371 (-1216 -592 336 ) (-1216 -592 440 ) (-1408 -592 440 ) (-1408 -592 336 ) 
4 368 370 (-1408 -576 440 ) (-1408 -576 320 ) (-1408 -592 320 ) (-1408 -592 440 ) 
4 369 377 (-1408 -592 -536 ) (-1216 -592 -536 ) (-1216 -592 -288 ) (-1408 -592 -288 ) 
4 369 370 (-1408 -576 -256 ) (-1408 -576 -536 ) (-1408 -592 -536 ) (-1408 -592 -256 ) 
4 370 380 (-1600 -592 -536 ) (-1424 -592 -536 ) (-1424 -592 440 ) (-1600 -592 440 ) 
4 370 379 (-1424 -592 -536 ) (-1408 -592 -536 ) (-1408 -592 -256 ) (-1424 -592 -256 ) 
4 370 378 (-1408 -592 320 ) (-1408 -592 440 ) (-1424 -592 440 ) (-1424 -592 320 ) 
4 371 386 (-1024 -1024 336 ) (-1024 -1024 440 ) (-1408 -1024 440 ) (-1408 -1024 336 ) 
4 371 378 (-1408 -592 440 ) (-1408 -592 336 ) (-1408 -1024 336 ) (-1408 -1024 440 ) 
4 372 375 (-1376 -592 -256 ) (-1376 -736 -256 ) (-1376 -736 320 ) (-1376 -592 320 ) 
4 372 373 (-1376 -744 272 ) (-1376 -744 -256 ) (-1024 -744 -256 ) (-1024 -744 272 ) 
4 373 374 (-1376 -792 272 ) (-1376 -792 -256 ) (-1024 -792 -256 ) (-1024 -792 272 ) 
4 374 387 (-1024 -1024 -256 ) (-1024 -1024 320 ) (-1376 -1024 320 ) (-1376 -1024 -256 ) 
4 374 376 (-1376 -800 -256 ) (-1376 -1024 -256 ) (-1376 -1024 320 ) (-1376 -800 320 ) 
4 376 387 (-1376 -1024 320 ) (-1408 -1024 320 ) (-1408 -1024 -256 ) (-1376 -1024 -256 ) 
4 377 388 (-1024 -1024 -536 ) (-1024 -1024 -288 ) (-1408 -1024 -288 ) (-1408 -1024 -536 ) 
4 377 379 (-1408 -592 -288 ) (-1408 -592 -536 ) (-1408 -1024 -536 ) (-1408 -1024 -288 ) 
4 378 389 (-1408 -1024 320 ) (-1408 -1024 440 ) (-1424 -1024 440 ) (-1424 -1024 320 ) 
4 378 380 (-1424 -592 440 ) (-1424 -592 320 ) (-1424 -1024 320 ) (-1424 -1024 440 ) 
4 379 390 (-1408 -1024 -536 ) (-1408 -1024 -256 ) (-1424 -1024 -256 ) (-1424 -1024 -536 ) 
4 379 380 (-1424 -592 -256 ) (-1424 -592 -536 ) (-1424 -1024 -536 ) (-1424 -1024 -256 ) 
4 380 391 (-1600 -1024 -536 ) (-1424 -1024 -536 ) (-1424 -1024 440 ) (-1600 -1024 440 ) 
4 381 392 (0 -2048 336 ) (0 -2048 440 ) (-1024 -2048 440 ) (-1024 -2048 336 ) 
4 381 386 (-1024 -1024 440 ) (-1024 -1024 336 ) (-1024 -2048 336 ) (-1024 -2048 440 ) 
4 382 393 (0 -2048 -256 ) (0 -2048 320 ) (-1024 -2048 320 ) (-1024 -2048 -256 ) 
4 382 387 (-1024 -1024 320 ) (-1024 -1024 -256 ) (-1024 -2048 -256 ) (-1024 -2048 320 ) 
4 382 383 (0 -2048 -256 ) (-384 -2048 -256 ) (-384 -1024 -256 ) (0 -1024 -256 ) 
4 383 394 (0 -2048 -288 ) (0 -2048 -256 ) (-384 -2048 -256 ) (-192 -2048 -288 ) 
4 384 395 (0 -2048 -536 ) (0 -2048 -320 ) (-192 -2048 -320 ) (-192 -2048 -536 ) 
4 384 385 (-192 -1024 -320 ) (-192 -1024 -536 ) (-192 -2048 -536 ) (-192 -2048 -320 ) 
5 385 396 (-192 -2048 -536 ) (-192 -2048 -320 ) (-384 -2048 -288 ) (-1024 -2048 -288 ) (-1024 -2048 -536 ) 
4 385 388 (-1024 -1024 -288 ) (-1024 -1024 -536 ) (-1024 -2048 -536 ) (-1024 -2048 -288 ) 
4 386 398 (-1024 -2048 336 ) (-1024 -2048 440 ) (-1408 -2048 440 ) (-1408 -2048 336 ) 
4 386 389 (-1408 -2048 336 ) (-1408 -2048 440 ) (-1408 -1024 440 ) (-1408 -1024 336 ) 
4 387 399 (-1024 -2048 -256 ) (-1024 -2048 320 ) (-1408 -2048 320 ) (-1408 -2048 -256 ) 
4 388 400 (-1024 -2048 -536 ) (-1024 -2048 -288 ) (-1408 -2048 -288 ) (-1408 -2048 -536 ) 
4 388 390 (-1408 -2048 -536 ) (-1408 -2048 -288 ) (-1408 -1024 -288 ) (-1408 -1024 -536 ) 
4 389 402 (-1408 -2048 320 ) (-1408 -2048 440 ) (-1424 -2048 440 ) (-1424 -2048 320 ) 
4 389 391 (-1424 -2048 320 ) (-1424 -2048 440 ) (-1424 -1024 440 ) (-1424 -1024 320 ) 
4 390 403 (-1408 -2048 -536 ) (-1408 -2048 -256 ) (-1424 -2048 -256 ) (-1424 -2048 -536 ) 
4 390 391 (-1424 -1024 -536 ) (-1424 -2048 -536 ) (-1424 -2048 -256 ) (-1424 -1024 -256 ) 
4 391 405 (-1600 -2048 -536 ) (-1424 -2048 -536 ) (-1424 -2048 440 ) (-1600 -2048 440 ) 
4 392 398 (-1024 -2048 440 ) (-1024 -2048 336 ) (-1024 -2064 336 ) (-1024 -2064 440 ) 
4 392 397 (0 -2064 336 ) (0 -2064 440 ) (-1024 -2064 440 ) (-1024 -2064 336 ) 
4 393 399 (-1024 -2048 320 ) (-1024 -2048 -256 ) (-1024 -2064 -256 ) (-1024 -2064 320 ) 
4 393 397 (0 -2064 -256 ) (0 -2064 320 ) (-1024 -2064 320 ) (-1024 -2064 -256 ) 
4 393 394 (0 -2064 -256 ) (-384 -2064 -256 ) (-384 -2048 -256 ) (0 -2048 -256 ) 
4 394 397 (0 -2064 -288 ) (0 -2064 -256 ) (-384 -2064 -256 ) (-192 -2064 -288 ) 
4 395 397 (0 -2064 -536 ) (0 -2064 -320 ) (-192 -2064 -320 ) (-192 -2064 -536 ) 
4 395 396 (-192 -2064 -536 ) (-192 -2064 -320 ) (-192 -2048 -320 ) (-192 -2048 -536 ) 
4 396 400 (-1024 -2048 -288 ) (-1024 -2048 -536 ) (-1024 -2064 -536 ) (-1024 -2064 -288 ) 
5 396 397 (-192 -2064 -536 ) (-192 -2064 -320 ) (-384 -2064 -288 ) (-1024 -2064 -288 ) (-1024 -2064 -536 ) 
4 397 401 (-1024 -2176 440 ) (-1024 -2064 440 ) (-1024 -2064 -536 ) (-1024 -2176 -536 ) 
4 398 402 (-1408 -2064 440 ) (-1408 -2048 440 ) (-1408 -2048 336 ) (-1408 -2064 336 ) 
4 398 401 (-1024 -2064 336 ) (-1024 -2064 440 ) (-1408 -2064 440 ) (-1408 -2064 336 ) 
4 399 401 (-1024 -2064 -256 ) (-1024 -2064 320 ) (-1408 -2064 320 ) (-1408 -2064 -256 ) 
4 400 403 (-1408 -2048 -288 ) (-1408 -2048 -536 ) (-1408 -2064 -536 ) (-1408 -2064 -288 ) 
4 400 401 (-1408 -2064 -536 ) (-1024 -2064 -536 ) (-1024 -2064 -288 ) (-1408 -2064 -288 ) 
4 401 404 (-1408 -2176 440 ) (-1408 -2064 440 ) (-1408 -2064 -536 ) (-1408 -2176 -536 ) 
4 402 405 (-1424 -2064 320 ) (-1424 -2064 440 ) (-1424 -2048 440 ) (-1424 -2048 320 ) 
4 402 404 (-1424 -2064 440 ) (-1424 -2064 320 ) (-1408 -2064 320 ) (-1408 -2064 440 ) 
4 403 405 (-1424 -2048 -536 ) (-1424 -2064 -536 ) (-1424 -2064 -256 ) (-1424 -2048 -256 ) 
4 403 404 (-1424 -2064 -256 ) (-1424 -2064 -536 ) (-1408 -2064 -536 ) (-1408 -2064 -256 ) 
4 404 405 (-1424 -2064 -536 ) (-1424 -2176 -536 ) (-1424 -2176 440 ) (-1424 -2064 440 ) 
