PRT1
153
380
4 1 7 (2048 2048 704 ) (2048 2048 1280 ) (2048 2080 1280 ) (2048 2080 704 ) 
4 1 2 (2176 2048 704 ) (2176 2048 1280 ) (2048 2048 1280 ) (2048 2048 704 ) 
4 2 55 (2176 1024 704 ) (2176 1024 1280 ) (2048 1024 1280 ) (2048 1024 704 ) 
4 2 13 (2048 1024 704 ) (2048 1024 1280 ) (2048 2048 1280 ) (2048 2048 704 ) 
4 2 3 (2048 1248 704 ) (2048 1824 704 ) (2176 1824 704 ) (2176 1248 704 ) 
4 2 4 (2048 1024 704 ) (2048 1248 704 ) (2176 1248 704 ) (2176 1024 704 ) 
4 3 14 (2048 1248 704 ) (2048 1824 704 ) (2048 1824 288 ) (2048 1248 288 ) 
4 3 4 (2176 1248 288 ) (2176 1248 704 ) (2048 1248 704 ) (2048 1248 288 ) 
4 4 55 (2176 1024 256 ) (2176 1024 704 ) (2048 1024 704 ) (2048 1024 256 ) 
4 4 16 (2048 1024 256 ) (2048 1024 288 ) (2048 1248 288 ) (2048 1248 256 ) 
4 4 14 (2048 1024 288 ) (2048 1024 704 ) (2048 1248 704 ) (2048 1248 288 ) 
4 4 6 (2080 1024 256 ) (2048 1024 256 ) (2048 1248 256 ) (2080 1248 256 ) 
4 5 21 (2048 1264 256 ) (2048 1792 256 ) (2048 1792 32 ) (2048 1264 32 ) 
4 6 57 (2080 1024 256 ) (2048 1024 256 ) (2048 1024 32 ) (2080 1024 32 ) 
4 6 28 (2048 1024 32 ) (2048 1024 256 ) (2048 1248 256 ) (2048 1248 32 ) 
4 7 13 (2048 2048 704 ) (2048 2048 1280 ) (1024 2048 1280 ) (1024 2048 704 ) 
4 7 10 (1024 2048 704 ) (1024 2048 1280 ) (1024 2080 1280 ) (1024 2080 704 ) 
4 7 8 (1536 2048 704 ) (1280 2048 704 ) (1280 2080 704 ) (1536 2080 704 ) 
4 7 9 (1280 2048 704 ) (1024 2048 704 ) (1024 2080 704 ) (1280 2080 704 ) 
4 8 15 (1536 2048 704 ) (1280 2048 704 ) (1280 2048 288 ) (1536 2048 288 ) 
4 8 9 (1280 2048 288 ) (1280 2048 704 ) (1280 2080 704 ) (1280 2080 288 ) 
4 9 19 (1024 2048 288 ) (1024 2048 256 ) (1280 2048 256 ) (1280 2048 288 ) 
4 9 15 (1280 2048 704 ) (1024 2048 704 ) (1024 2048 288 ) (1280 2048 288 ) 
4 9 10 (1024 2048 256 ) (1024 2048 704 ) (1024 2080 704 ) (1024 2080 256 ) 
4 10 38 (1024 2048 256 ) (1024 2048 288 ) (512 2048 288 ) (512 2048 256 ) 
4 10 35 (1024 2048 288 ) (1024 2048 1280 ) (512 2048 1280 ) (512 2048 288 ) 
4 10 11 (512 2048 288 ) (512 2048 1280 ) (512 2080 1280 ) (512 2080 288 ) 
4 11 35 (512 2048 288 ) (512 2048 1280 ) (256 2048 1280 ) (256 2048 288 ) 
4 11 12 (256 2080 1280 ) (256 2080 704 ) (256 2048 704 ) (256 2048 1280 ) 
4 12 129 (0 2048 704 ) (0 2048 1280 ) (0 2080 1280 ) (0 2080 704 ) 
4 12 36 (256 2048 704 ) (256 2048 1280 ) (0 2048 1280 ) (0 2048 704 ) 
4 13 60 (2048 1024 704 ) (2048 1024 1280 ) (1024 1024 1280 ) (1024 1024 704 ) 
4 13 35 (1024 2048 1280 ) (1024 2048 704 ) (1024 1024 704 ) (1024 1024 1280 ) 
4 13 14 (2048 1824 704 ) (2048 1024 704 ) (1536 1024 704 ) (1536 1824 704 ) 
4 13 15 (1024 2048 704 ) (1536 2048 704 ) (1536 1024 704 ) (1024 1024 704 ) 
4 14 60 (2048 1024 288 ) (2048 1024 704 ) (1536 1024 704 ) (1536 1024 288 ) 
4 14 16 (2048 1024 288 ) (1536 1024 288 ) (1536 1248 288 ) (2048 1248 288 ) 
4 14 15 (1536 1824 288 ) (1536 1024 288 ) (1536 1024 704 ) (1536 1824 704 ) 
4 15 60 (1536 1024 704 ) (1024 1024 704 ) (1024 1024 288 ) (1536 1024 288 ) 
4 15 35 (1024 2048 704 ) (1024 2048 288 ) (1024 1024 288 ) (1024 1024 704 ) 
4 15 19 (1024 1168 288 ) (1024 2048 288 ) (1280 2048 288 ) (1280 1168 288 ) 
4 15 20 (1280 1024 288 ) (1024 1024 288 ) (1024 1152 288 ) (1280 1152 288 ) 
4 15 18 (1280 1168 288 ) (1280 1792 288 ) (1536 1792 288 ) (1536 1264 288 ) 
4 15 17 (1536 1024 288 ) (1280 1024 288 ) (1280 1152 288 ) (1536 1248 288 ) 
4 16 60 (2048 1024 256 ) (2048 1024 288 ) (1536 1024 288 ) (1536 1024 256 ) 
4 16 28 (2048 1248 256 ) (2048 1024 256 ) (1536 1024 256 ) (1536 1248 256 ) 
4 16 17 (1536 1248 256 ) (1536 1024 256 ) (1536 1024 288 ) (1536 1248 288 ) 
4 17 60 (1536 1024 288 ) (1280 1024 288 ) (1280 1024 256 ) (1536 1024 256 ) 
4 17 28 (1536 1248 256 ) (1536 1024 256 ) (1280 1024 256 ) (1280 1152 256 ) 
4 17 20 (1280 1152 256 ) (1280 1024 256 ) (1280 1024 288 ) (1280 1152 288 ) 
3 18 29 (1493.333374 1248 256 ) (1280 1168 256 ) (1280 1248 256 ) 
4 18 25 (1536 1264 256 ) (1493.333374 1248 256 ) (1280 1248 256 ) (1280 1264 256 ) 
4 18 23 (1536 1792 256 ) (1536 1264 256 ) (1280 1264 256 ) (1280 1792 256 ) 
4 18 19 (1280 1792 256 ) (1280 1168 256 ) (1280 1168 288 ) (1280 1792 288 ) 
4 19 38 (1024 2048 288 ) (1024 2048 256 ) (1024 1168 256 ) (1024 1168 288 ) 
4 19 33 (1088 1168 256 ) (1024 1168 256 ) (1024 1248 256 ) (1088 1248 256 ) 
4 19 30 (1280 1248 256 ) (1280 1168 256 ) (1088 1168 256 ) (1088 1248 256 ) 
4 19 25 (1280 1264 256 ) (1280 1248 256 ) (1024 1248 256 ) (1024 1264 256 ) 
4 19 24 (1024 2048 256 ) (1280 2048 256 ) (1280 1264 256 ) (1024 1264 256 ) 
4 20 60 (1280 1024 288 ) (1024 1024 288 ) (1024 1024 256 ) (1280 1024 256 ) 
4 20 39 (1024 1152 256 ) (1024 1024 256 ) (1024 1024 288 ) (1024 1152 288 ) 
4 20 34 (1088 1024 256 ) (1024 1024 256 ) (1024 1152 256 ) (1088 1152 256 ) 
4 20 32 (1280 1152 256 ) (1280 1024 256 ) (1088 1024 256 ) (1088 1152 256 ) 
4 21 26 (1696 1264 32 ) (1888 1264 32 ) (1888 1264 160 ) (1696 1264 160 ) 
4 21 22 (1552 1616 32 ) (1552 1424 32 ) (1552 1424 160 ) (1552 1616 160 ) 
4 22 23 (1536 1616 32 ) (1536 1424 32 ) (1536 1424 160 ) (1536 1616 160 ) 
4 23 27 (1280 1264 32 ) (1536 1264 32 ) (1536 1264 160 ) (1280 1264 160 ) 
4 23 25 (1536 1264 160 ) (1536 1264 256 ) (1280 1264 256 ) (1280 1264 160 ) 
4 23 24 (1280 1792 32 ) (1280 1264 32 ) (1280 1264 256 ) (1280 1792 256 ) 
4 24 43 (1024 2048 256 ) (1024 2048 32 ) (1024 1264 32 ) (1024 1264 256 ) 
4 24 27 (1024 1264 32 ) (1280 1264 32 ) (1280 1264 160 ) (1024 1264 160 ) 
4 24 25 (1280 1264 160 ) (1280 1264 256 ) (1024 1264 256 ) (1024 1264 160 ) 
4 25 43 (1024 1248 160 ) (1024 1248 256 ) (1024 1264 256 ) (1024 1264 160 ) 
4 25 33 (1088 1248 256 ) (1024 1248 256 ) (1024 1248 160 ) (1088 1248 160 ) 
4 25 30 (1280 1248 256 ) (1088 1248 256 ) (1088 1248 160 ) (1280 1248 160 ) 
4 25 29 (1493.333496 1248 256 ) (1280 1248 256 ) (1280 1248 160 ) (1493.333496 1248 160 ) 
4 25 27 (1493.333496 1248 160 ) (1024 1248 160 ) (1024 1264 160 ) (1536 1264 160 ) 
4 26 28 (1696 1248 32 ) (1888 1248 32 ) (1888 1248 160 ) (1696 1248 160 ) 
4 27 43 (1024 1264 32 ) (1024 1248 32 ) (1024 1248 160 ) (1024 1264 160 ) 
4 27 33 (1024 1248 32 ) (1088 1248 32 ) (1088 1248 160 ) (1024 1248 160 ) 
4 27 30 (1088 1248 32 ) (1280 1248 32 ) (1280 1248 160 ) (1088 1248 160 ) 
4 27 29 (1280 1248 32 ) (1493.333496 1248 32 ) (1493.333496 1248 160 ) (1280 1248 160 ) 
4 28 60 (2048 1024 32 ) (2048 1024 256 ) (1280 1024 256 ) (1280 1024 32 ) 
4 28 32 (1280 1152 32 ) (1280 1024 32 ) (1280 1024 256 ) (1280 1152 256 ) 
4 29 30 (1280 1248 256 ) (1280 1248 32 ) (1280 1168 32 ) (1280 1168 256 ) 
4 30 33 (1088 1248 256 ) (1088 1248 32 ) (1088 1168 32 ) (1088 1168 256 ) 
4 30 31 (1088 1168 160 ) (1088 1168 32 ) (1280 1168 32 ) (1280 1168 160 ) 
4 31 32 (1088 1152 160 ) (1088 1152 32 ) (1280 1152 32 ) (1280 1152 160 ) 
4 32 60 (1280 1024 256 ) (1088 1024 256 ) (1088 1024 32 ) (1280 1024 32 ) 
4 32 34 (1088 1152 32 ) (1088 1024 32 ) (1088 1024 256 ) (1088 1152 256 ) 
4 33 43 (1024 1248 32 ) (1024 1168 32 ) (1024 1168 256 ) (1024 1248 256 ) 
4 34 60 (1088 1024 256 ) (1024 1024 256 ) (1024 1024 32 ) (1088 1024 32 ) 
4 34 44 (1024 1152 32 ) (1024 1024 32 ) (1024 1024 256 ) (1024 1152 256 ) 
4 35 62 (1024 1024 288 ) (1024 1024 1280 ) (256 1024 1280 ) (256 1024 288 ) 
4 35 41 (256 1264 288 ) (256 1792 288 ) (512 1792 288 ) (512 1168 288 ) 
4 35 40 (512 1024 288 ) (256 1024 288 ) (256 1248 288 ) (512 1152 288 ) 
4 35 38 (512 1168 288 ) (512 2048 288 ) (1024 2048 288 ) (1024 1168 288 ) 
4 35 39 (1024 1024 288 ) (512 1024 288 ) (512 1152 288 ) (1024 1152 288 ) 
4 35 36 (256 1824 704 ) (256 1824 1280 ) (256 2048 1280 ) (256 2048 704 ) 
4 35 37 (256 1824 288 ) (256 1024 288 ) (256 1024 1280 ) (256 1824 1280 ) 
4 36 130 (0 1824 1280 ) (0 2048 1280 ) (0 2048 704 ) (0 1824 704 ) 
4 36 37 (256 1824 704 ) (256 1824 1280 ) (0 1824 1280 ) (0 1824 704 ) 
4 37 131 (0 1248 704 ) (0 1824 704 ) (0 1824 288 ) (0 1248 288 ) 
4 37 132 (0 1024 288 ) (0 1024 704 ) (0 1248 704 ) (0 1248 288 ) 
4 37 130 (0 1024 704 ) (0 1024 1280 ) (0 1824 1280 ) (0 1824 704 ) 
4 37 62 (256 1024 1280 ) (0 1024 1280 ) (0 1024 288 ) (256 1024 288 ) 
4 37 42 (256 1024 288 ) (0 1024 288 ) (0 1248 288 ) (256 1248 288 ) 
4 38 45 (704 1168 256 ) (512 1168 256 ) (512 2048 256 ) (704 2048 256 ) 
4 38 43 (1024 2048 256 ) (1024 1168 256 ) (704 1168 256 ) (704 2048 256 ) 
4 38 41 (512 1792 256 ) (512 1168 256 ) (512 1168 288 ) (512 1792 288 ) 
4 39 62 (1024 1024 256 ) (1024 1024 288 ) (512 1024 288 ) (512 1024 256 ) 
4 39 47 (704 1024 256 ) (512 1024 256 ) (512 1152 256 ) (704 1152 256 ) 
4 39 44 (1024 1152 256 ) (1024 1024 256 ) (704 1024 256 ) (704 1152 256 ) 
4 39 40 (512 1152 256 ) (512 1024 256 ) (512 1024 288 ) (512 1152 288 ) 
4 40 62 (512 1024 288 ) (256 1024 288 ) (256 1024 256 ) (512 1024 256 ) 
4 40 48 (512 1024 256 ) (256 1024 256 ) (256 1248 256 ) (512 1152 256 ) 
4 40 42 (256 1248 256 ) (256 1024 256 ) (256 1024 288 ) (256 1248 288 ) 
4 41 49 (256 1264 256 ) (256 1792 256 ) (512 1792 256 ) (512 1168 256 ) 
4 42 132 (0 1024 256 ) (0 1024 288 ) (0 1248 288 ) (0 1248 256 ) 
4 42 62 (256 1024 288 ) (0 1024 288 ) (0 1024 256 ) (256 1024 256 ) 
4 42 54 (64 1024 256 ) (0 1024 256 ) (0 1248 256 ) (64 1248 256 ) 
4 42 52 (256 1024 256 ) (64 1024 256 ) (64 1248 256 ) (256 1248 256 ) 
4 43 45 (704 2048 32 ) (704 1168 32 ) (704 1168 256 ) (704 2048 256 ) 
4 44 62 (1024 1024 32 ) (1024 1024 256 ) (704 1024 256 ) (704 1024 32 ) 
4 44 47 (704 1152 32 ) (704 1024 32 ) (704 1024 256 ) (704 1152 256 ) 
4 45 49 (512 1792 32 ) (512 1168 32 ) (512 1168 256 ) (512 1792 256 ) 
4 45 46 (512 1168 160 ) (512 1168 32 ) (704 1168 32 ) (704 1168 160 ) 
4 46 47 (512 1152 160 ) (512 1152 32 ) (704 1152 32 ) (704 1152 160 ) 
4 47 62 (704 1024 256 ) (512 1024 256 ) (512 1024 32 ) (704 1024 32 ) 
4 47 48 (512 1152 32 ) (512 1024 32 ) (512 1024 256 ) (512 1152 256 ) 
4 48 62 (512 1024 256 ) (256 1024 256 ) (256 1024 32 ) (512 1024 32 ) 
4 48 52 (256 1248 32 ) (256 1024 32 ) (256 1024 256 ) (256 1248 256 ) 
4 49 50 (256 1632 32 ) (256 1440 32 ) (256 1440 160 ) (256 1632 160 ) 
4 50 51 (240 1632 32 ) (240 1440 32 ) (240 1440 160 ) (240 1632 160 ) 
4 51 134 (0 1792 160 ) (0 1792 32 ) (0 1264 32 ) (0 1264 160 ) 
4 51 133 (0 1264 256 ) (0 1792 256 ) (0 1792 160 ) (0 1264 160 ) 
4 51 53 (0 1264 32 ) (64 1264 32 ) (64 1264 160 ) (0 1264 160 ) 
4 52 62 (256 1024 256 ) (64 1024 256 ) (64 1024 32 ) (256 1024 32 ) 
4 52 54 (64 1248 32 ) (64 1024 32 ) (64 1024 256 ) (64 1248 256 ) 
4 53 134 (0 1264 160 ) (0 1264 32 ) (0 1248 32 ) (0 1248 160 ) 
4 53 54 (0 1248 32 ) (64 1248 32 ) (64 1248 160 ) (0 1248 160 ) 
4 54 136 (0 1024 32 ) (0 1024 256 ) (0 1248 256 ) (0 1248 32 ) 
4 54 62 (64 1024 256 ) (0 1024 256 ) (0 1024 32 ) (64 1024 32 ) 
4 55 60 (2048 1024 1280 ) (2048 1024 256 ) (2048 0 256 ) (2048 0 1280 ) 
4 55 59 (2176 0 256 ) (2176 0 1280 ) (2048 0 1280 ) (2048 0 256 ) 
4 55 56 (2176 512 256 ) (2176 0 256 ) (2080 0 256 ) (2080 512 256 ) 
4 55 57 (2048 0 256 ) (2048 1024 256 ) (2080 1024 256 ) (2080 0 256 ) 
4 56 59 (2176 0 32 ) (2176 0 256 ) (2080 0 256 ) (2080 0 32 ) 
4 56 58 (2176 512 32 ) (2176 0 32 ) (2080 0 32 ) (2080 512 32 ) 
4 56 57 (2080 512 32 ) (2080 0 32 ) (2080 0 256 ) (2080 512 256 ) 
4 57 60 (2048 1024 256 ) (2048 1024 32 ) (2048 0 32 ) (2048 0 256 ) 
4 57 59 (2080 0 256 ) (2048 0 256 ) (2048 0 32 ) (2080 0 32 ) 
4 57 58 (2080 512 32 ) (2080 0 32 ) (2048 0 32 ) (2048 512 32 ) 
4 58 61 (2048 0 -32 ) (2048 0 32 ) (2048 512 32 ) (2048 512 -32 ) 
4 58 59 (2176 0 -32 ) (2176 0 32 ) (2048 0 32 ) (2048 0 -32 ) 
4 59 69 (2176 -1024 -32 ) (2176 -1024 32 ) (2048 -1024 32 ) (2048 -1024 -32 ) 
4 59 67 (2176 -1024 32 ) (2176 -1024 256 ) (2080 -1024 256 ) (2080 -1024 32 ) 
4 59 68 (2080 -1024 256 ) (2048 -1024 256 ) (2048 -1024 32 ) (2080 -1024 32 ) 
4 59 66 (2176 -1024 256 ) (2176 -1024 1280 ) (2048 -1024 1280 ) (2048 -1024 256 ) 
4 59 64 (2048 -1024 -32 ) (2048 -1024 1280 ) (2048 0 1280 ) (2048 0 -32 ) 
4 60 64 (2048 0 32 ) (2048 0 1280 ) (1024 0 1280 ) (1024 0 32 ) 
4 60 62 (1024 1024 1280 ) (1024 1024 32 ) (1024 0 32 ) (1024 0 1280 ) 
4 60 61 (2048 0 32 ) (1024 0 32 ) (1024 512 32 ) (2048 512 32 ) 
4 61 64 (2048 0 -32 ) (2048 0 32 ) (1024 0 32 ) (1024 0 -32 ) 
4 61 63 (1024 0 -32 ) (1024 0 32 ) (1024 512 32 ) (1024 512 -32 ) 
4 62 138 (0 0 32 ) (0 0 256 ) (0 1024 256 ) (0 1024 32 ) 
4 62 137 (0 0 256 ) (0 0 1280 ) (0 1024 1280 ) (0 1024 256 ) 
4 62 65 (1024 0 32 ) (1024 0 1280 ) (0 0 1280 ) (0 0 32 ) 
4 62 63 (1024 512 32 ) (1024 0 32 ) (0 0 32 ) (0 512 32 ) 
4 63 140 (0 0 -32 ) (0 0 32 ) (0 512 32 ) (0 512 -32 ) 
4 63 65 (1024 0 -32 ) (1024 0 32 ) (0 0 32 ) (0 0 -32 ) 
4 64 76 (2048 -1024 -32 ) (2048 -1024 32 ) (1024 -1024 32 ) (1024 -1024 -32 ) 
4 64 75 (2048 -1024 32 ) (2048 -1024 1280 ) (1024 -1024 1280 ) (1024 -1024 32 ) 
4 64 65 (1024 0 1280 ) (1024 0 -32 ) (1024 -1024 -32 ) (1024 -1024 1280 ) 
4 65 141 (0 -1024 -32 ) (0 -1024 1280 ) (0 0 1280 ) (0 0 -32 ) 
4 65 78 (1024 -1024 -32 ) (1024 -1024 32 ) (0 -1024 32 ) (0 -1024 -32 ) 
4 65 77 (1024 -1024 32 ) (1024 -1024 1280 ) (0 -1024 1280 ) (0 -1024 32 ) 
4 66 75 (2048 -1024 1280 ) (2048 -1024 256 ) (2048 -2048 256 ) (2048 -2048 1280 ) 
4 66 71 (2176 -2048 256 ) (2176 -2048 704 ) (2048 -2048 704 ) (2048 -2048 256 ) 
4 66 70 (2176 -2048 704 ) (2176 -2048 1280 ) (2048 -2048 1280 ) (2048 -2048 704 ) 
4 66 67 (2080 -1024 256 ) (2176 -1024 256 ) (2176 -1536 256 ) (2080 -1536 256 ) 
4 66 68 (2048 -2048 256 ) (2048 -1024 256 ) (2080 -1024 256 ) (2080 -2048 256 ) 
4 67 69 (2080 -1024 32 ) (2176 -1024 32 ) (2176 -1536 32 ) (2080 -1536 32 ) 
4 67 68 (2080 -1024 32 ) (2080 -1536 32 ) (2080 -1536 256 ) (2080 -1024 256 ) 
4 68 75 (2048 -1024 256 ) (2048 -1024 32 ) (2048 -2048 32 ) (2048 -2048 256 ) 
4 68 73 (2080 -2048 256 ) (2048 -2048 256 ) (2048 -2048 32 ) (2080 -2048 32 ) 
4 68 69 (2048 -1024 32 ) (2080 -1024 32 ) (2080 -1536 32 ) (2048 -1536 32 ) 
4 69 76 (2048 -1024 32 ) (2048 -1024 -32 ) (2048 -1536 -32 ) (2048 -1536 32 ) 
4 70 122 (2176 -3072 704 ) (2176 -3072 1280 ) (2048 -3072 1280 ) (2048 -3072 704 ) 
4 70 79 (2048 -3072 704 ) (2048 -3072 1280 ) (2048 -2048 1280 ) (2048 -2048 704 ) 
4 70 72 (2048 -2848 704 ) (2048 -2272 704 ) (2176 -2272 704 ) (2176 -2848 704 ) 
4 70 71 (2048 -2272 704 ) (2048 -2048 704 ) (2176 -2048 704 ) (2176 -2272 704 ) 
4 71 82 (2048 -2048 288 ) (2048 -2048 256 ) (2048 -2272 256 ) (2048 -2272 288 ) 
4 71 80 (2048 -2272 704 ) (2048 -2048 704 ) (2048 -2048 288 ) (2048 -2272 288 ) 
4 71 73 (2080 -2272 256 ) (2048 -2272 256 ) (2048 -2048 256 ) (2080 -2048 256 ) 
4 71 72 (2176 -2272 288 ) (2176 -2272 704 ) (2048 -2272 704 ) (2048 -2272 288 ) 
4 72 80 (2048 -2848 704 ) (2048 -2272 704 ) (2048 -2272 288 ) (2048 -2848 288 ) 
4 73 88 (2048 -2272 32 ) (2048 -2272 256 ) (2048 -2048 256 ) (2048 -2048 32 ) 
4 74 97 (2048 -2816 256 ) (2048 -2288 256 ) (2048 -2288 32 ) (2048 -2816 32 ) 
4 75 92 (1088 -2048 256 ) (1024 -2048 256 ) (1024 -2048 32 ) (1088 -2048 32 ) 
4 75 89 (1280 -2048 256 ) (1088 -2048 256 ) (1088 -2048 32 ) (1280 -2048 32 ) 
4 75 88 (2048 -2048 32 ) (2048 -2048 256 ) (1280 -2048 256 ) (1280 -2048 32 ) 
4 75 85 (1280 -2048 288 ) (1024 -2048 288 ) (1024 -2048 256 ) (1280 -2048 256 ) 
4 75 83 (1536 -2048 288 ) (1280 -2048 288 ) (1280 -2048 256 ) (1536 -2048 256 ) 
4 75 82 (2048 -2048 256 ) (2048 -2048 288 ) (1536 -2048 288 ) (1536 -2048 256 ) 
4 75 80 (2048 -2048 288 ) (2048 -2048 704 ) (1536 -2048 704 ) (1536 -2048 288 ) 
4 75 81 (1536 -2048 704 ) (1024 -2048 704 ) (1024 -2048 288 ) (1536 -2048 288 ) 
4 75 79 (2048 -2048 704 ) (2048 -2048 1280 ) (1024 -2048 1280 ) (1024 -2048 704 ) 
4 75 77 (1024 -1024 1280 ) (1024 -1024 32 ) (1024 -2048 32 ) (1024 -2048 1280 ) 
4 75 76 (1024 -1536 32 ) (1024 -1024 32 ) (2048 -1024 32 ) (2048 -1536 32 ) 
4 76 78 (1024 -1024 32 ) (1024 -1024 -32 ) (1024 -1536 -32 ) (1024 -1536 32 ) 
4 77 143 (0 -2048 32 ) (0 -2048 256 ) (0 -1024 256 ) (0 -1024 32 ) 
4 77 142 (0 -2048 256 ) (0 -2048 1280 ) (0 -1024 1280 ) (0 -1024 256 ) 
4 77 117 (96 -2048 32 ) (256 -2048 32 ) (256 -2048 160 ) (96 -2048 160 ) 
4 77 118 (0 -2048 160 ) (0 -2048 32 ) (96 -2048 32 ) (96 -2048 160 ) 
4 77 116 (256 -2048 256 ) (0 -2048 256 ) (0 -2048 160 ) (256 -2048 160 ) 
4 77 115 (512 -2048 256 ) (256 -2048 256 ) (256 -2048 32 ) (512 -2048 32 ) 
4 77 111 (704 -2048 256 ) (512 -2048 256 ) (512 -2048 32 ) (704 -2048 32 ) 
4 77 109 (1024 -2048 32 ) (1024 -2048 256 ) (704 -2048 256 ) (704 -2048 32 ) 
4 77 108 (256 -2048 288 ) (0 -2048 288 ) (0 -2048 256 ) (256 -2048 256 ) 
4 77 106 (512 -2048 288 ) (256 -2048 288 ) (256 -2048 256 ) (512 -2048 256 ) 
4 77 104 (1024 -2048 256 ) (1024 -2048 288 ) (512 -2048 288 ) (512 -2048 256 ) 
4 77 103 (256 -2048 704 ) (0 -2048 704 ) (0 -2048 288 ) (256 -2048 288 ) 
4 77 102 (1024 -2048 288 ) (1024 -2048 704 ) (256 -2048 704 ) (256 -2048 288 ) 
4 77 101 (1024 -2048 704 ) (1024 -2048 1280 ) (0 -2048 1280 ) (0 -2048 704 ) 
4 77 78 (1024 -1024 32 ) (1024 -1536 32 ) (0 -1536 32 ) (0 -1024 32 ) 
4 78 145 (0 -1536 -32 ) (0 -1536 32 ) (0 -1024 32 ) (0 -1024 -32 ) 
4 79 123 (2048 -3072 704 ) (2048 -3072 1280 ) (1024 -3072 1280 ) (1024 -3072 704 ) 
4 79 101 (1024 -2048 1280 ) (1024 -2048 704 ) (1024 -3072 704 ) (1024 -3072 1280 ) 
4 79 80 (1536 -2048 704 ) (2048 -2048 704 ) (2048 -2848 704 ) (1536 -2848 704 ) 
4 79 81 (1024 -2048 704 ) (1536 -2048 704 ) (1536 -3072 704 ) (1024 -3072 704 ) 
4 80 82 (1536 -2272 288 ) (1536 -2048 288 ) (2048 -2048 288 ) (2048 -2272 288 ) 
4 80 81 (1536 -2048 288 ) (1536 -2848 288 ) (1536 -2848 704 ) (1536 -2048 704 ) 
4 81 124 (1536 -3072 704 ) (1280 -3072 704 ) (1280 -3072 288 ) (1536 -3072 288 ) 
4 81 125 (1280 -3072 704 ) (1024 -3072 704 ) (1024 -3072 288 ) (1280 -3072 288 ) 
4 81 102 (1024 -2048 704 ) (1024 -2048 288 ) (1024 -3072 288 ) (1024 -3072 704 ) 
4 81 85 (1024 -2176 288 ) (1024 -2048 288 ) (1280 -2048 288 ) (1280 -2176 288 ) 
4 81 86 (1280 -3072 288 ) (1024 -3072 288 ) (1024 -2192 288 ) (1280 -2192 288 ) 
4 81 84 (1280 -2816 288 ) (1280 -2192.004639 288 ) (1536 -2288.004639 288 ) (1536 -2816 288 ) 
4 81 83 (1280 -2176 288 ) (1280 -2048 288 ) (1536 -2048 288 ) (1536 -2272 288 ) 
4 82 88 (1536 -2048 256 ) (2048 -2048 256 ) (2048 -2272 256 ) (1536 -2272 256 ) 
4 82 83 (1536 -2048 256 ) (1536 -2272 256 ) (1536 -2272 288 ) (1536 -2048 288 ) 
4 83 88 (1280 -2048 256 ) (1536 -2048 256 ) (1536 -2272 256 ) (1280 -2176 256 ) 
4 83 85 (1280 -2048 256 ) (1280 -2176 256 ) (1280 -2176 288 ) (1280 -2048 288 ) 
5 84 99 (1536 -2288.004639 256 ) (1536 -2816 256 ) (1280 -2816 256 ) (1280 -2288 256 ) (1535.987671 -2288 256 ) 
4 84 94 (1280 -2288 256 ) (1280 -2272 256 ) (1493.321045 -2272 256 ) (1535.987671 -2288 256 ) 
3 84 87 (1280 -2272 256 ) (1280 -2192.004639 256 ) (1493.321045 -2272 256 ) 
4 84 86 (1280 -2192.004639 256 ) (1280 -2816 256 ) (1280 -2816 288 ) (1280 -2192.004639 288 ) 
4 85 104 (1024 -2048 288 ) (1024 -2048 256 ) (1024 -2176 256 ) (1024 -2176 288 ) 
4 85 92 (1024 -2048 256 ) (1088 -2048 256 ) (1088 -2176 256 ) (1024 -2176 256 ) 
4 85 89 (1088 -2048 256 ) (1280 -2048 256 ) (1280 -2176 256 ) (1088 -2176 256 ) 
4 86 125 (1280 -3072 288 ) (1024 -3072 288 ) (1024 -3072 256 ) (1280 -3072 256 ) 
4 86 105 (1024 -2192 256 ) (1024 -3072 256 ) (1024 -3072 288 ) (1024 -2192 288 ) 
4 86 100 (1280 -2288 256 ) (1280 -3072 256 ) (1024 -3072 256 ) (1024 -2288 256 ) 
4 86 94 (1280 -2272 256 ) (1280 -2288 256 ) (1024 -2288 256 ) (1024 -2272 256 ) 
4 86 93 (1088 -2272 256 ) (1024 -2272 256 ) (1024 -2192 256 ) (1088 -2192 256 ) 
4 86 91 (1280 -2192 256 ) (1280 -2272 256 ) (1088 -2272 256 ) (1088 -2192 256 ) 
4 87 96 (1280 -2272 32 ) (1493.321289 -2272 32 ) (1493.321289 -2272 160 ) (1280 -2272 160 ) 
4 87 94 (1493.321289 -2272 160 ) (1493.321289 -2272 256 ) (1280 -2272 256 ) (1280 -2272 160 ) 
4 87 91 (1280 -2192.004639 32 ) (1280 -2272 32 ) (1280 -2272 256 ) (1280 -2192.004639 256 ) 
4 88 95 (1728 -2272 32 ) (1920 -2272 32 ) (1920 -2272 160 ) (1728 -2272 160 ) 
4 88 89 (1280 -2048 32 ) (1280 -2176 32 ) (1280 -2176 256 ) (1280 -2048 256 ) 
4 89 92 (1088 -2048 32 ) (1088 -2176 32 ) (1088 -2176 256 ) (1088 -2048 256 ) 
4 89 90 (1088 -2176 160 ) (1088 -2176 32 ) (1280 -2176 32 ) (1280 -2176 160 ) 
4 90 91 (1088 -2192 160 ) (1088 -2192 32 ) (1280 -2192 32 ) (1280 -2192 160 ) 
4 91 96 (1088 -2272 32 ) (1280 -2272 32 ) (1280 -2272 160 ) (1088 -2272 160 ) 
4 91 94 (1280 -2272 160 ) (1280 -2272 256 ) (1088 -2272 256 ) (1088 -2272 160 ) 
4 91 93 (1088 -2192 32 ) (1088 -2272 32 ) (1088 -2272 256 ) (1088 -2192 256 ) 
4 92 109 (1024 -2048 256 ) (1024 -2048 32 ) (1024 -2176 32 ) (1024 -2176 256 ) 
4 93 110 (1024 -2192 32 ) (1024 -2272 32 ) (1024 -2272 256 ) (1024 -2192 256 ) 
4 93 96 (1024 -2272 32 ) (1088 -2272 32 ) (1088 -2272 160 ) (1024 -2272 160 ) 
4 93 94 (1088 -2272 160 ) (1088 -2272 256 ) (1024 -2272 256 ) (1024 -2272 160 ) 
4 94 110 (1024 -2288 160 ) (1024 -2288 256 ) (1024 -2272 256 ) (1024 -2272 160 ) 
4 94 99 (1535.987671 -2288 256 ) (1280 -2288 256 ) (1280 -2288 160 ) (1535.987671 -2288 160 ) 
4 94 100 (1280 -2288 256 ) (1024 -2288 256 ) (1024 -2288 160 ) (1280 -2288 160 ) 
4 94 96 (1535.987671 -2288 160 ) (1024 -2288 160 ) (1024 -2272 160 ) (1493.321167 -2272 160 ) 
4 95 97 (1728 -2288 32 ) (1920 -2288 32 ) (1920 -2288 160 ) (1728 -2288 160 ) 
4 96 110 (1024 -2272 32 ) (1024 -2288 32 ) (1024 -2288 160 ) (1024 -2272 160 ) 
4 96 99 (1280 -2288 32 ) (1535.987671 -2288 32 ) (1535.987671 -2288 160 ) (1280 -2288 160 ) 
4 96 100 (1024 -2288 32 ) (1280 -2288 32 ) (1280 -2288 160 ) (1024 -2288 160 ) 
4 97 98 (1552 -2464 32 ) (1552 -2656 32 ) (1552 -2656 160 ) (1552 -2464 160 ) 
4 98 99 (1536 -2464 32 ) (1536 -2656 32 ) (1536 -2656 160 ) (1536 -2464 160 ) 
4 99 100 (1280 -2288 256 ) (1280 -2288 32 ) (1280 -2816 32 ) (1280 -2816 256 ) 
4 100 110 (1024 -2288 32 ) (1024 -3072 32 ) (1024 -3072 256 ) (1024 -2288 256 ) 
4 101 146 (0 -3072 704 ) (0 -3072 1280 ) (0 -2048 1280 ) (0 -2048 704 ) 
4 101 126 (0 -3072 1280 ) (0 -3072 704 ) (1024 -3072 704 ) (1024 -3072 1280 ) 
4 101 103 (0 -2848 704 ) (0 -2048 704 ) (256 -2048 704 ) (256 -2848 704 ) 
4 101 102 (256 -2048 704 ) (1024 -2048 704 ) (1024 -3072 704 ) (256 -3072 704 ) 
4 102 128 (256 -3072 288 ) (512 -3072 288 ) (512 -3072 704 ) (256 -3072 704 ) 
4 102 127 (512 -3072 288 ) (1024 -3072 288 ) (1024 -3072 704 ) (512 -3072 704 ) 
4 102 107 (256 -2816 288 ) (256 -2288 288 ) (512 -2192 288 ) (512 -2816 288 ) 
4 102 106 (256 -2272 288 ) (256 -2048 288 ) (512 -2048 288 ) (512 -2176 288 ) 
4 102 104 (512 -2176 288 ) (512 -2048 288 ) (1024 -2048 288 ) (1024 -2176 288 ) 
4 102 105 (1024 -3072 288 ) (512 -3072 288 ) (512 -2192 288 ) (1024 -2192 288 ) 
4 102 103 (256 -2048 288 ) (256 -2848 288 ) (256 -2848 704 ) (256 -2048 704 ) 
4 103 148 (0 -2848 704 ) (0 -2272 704 ) (0 -2272 288 ) (0 -2848 288 ) 
4 103 147 (0 -2272 704 ) (0 -2048 704 ) (0 -2048 288 ) (0 -2272 288 ) 
4 103 108 (0 -2272 288 ) (0 -2048 288 ) (256 -2048 288 ) (256 -2272 288 ) 
4 104 111 (512 -2048 256 ) (704 -2048 256 ) (704 -2176 256 ) (512 -2176 256 ) 
4 104 109 (704 -2048 256 ) (1024 -2048 256 ) (1024 -2176 256 ) (704 -2176 256 ) 
4 104 106 (512 -2048 256 ) (512 -2176 256 ) (512 -2176 288 ) (512 -2048 288 ) 
4 105 127 (512 -3072 256 ) (1024 -3072 256 ) (1024 -3072 288 ) (512 -3072 288 ) 
4 105 113 (704 -3072 256 ) (512 -3072 256 ) (512 -2192 256 ) (704 -2192 256 ) 
4 105 110 (1024 -2192 256 ) (1024 -3072 256 ) (704 -3072 256 ) (704 -2192 256 ) 
4 105 107 (512 -2192 256 ) (512 -2816 256 ) (512 -2816 288 ) (512 -2192 288 ) 
4 106 115 (256 -2048 256 ) (512 -2048 256 ) (512 -2176 256 ) (256 -2272 256 ) 
4 106 108 (256 -2048 256 ) (256 -2272 256 ) (256 -2272 288 ) (256 -2048 288 ) 
4 107 114 (512 -2192 256 ) (512 -2816 256 ) (256 -2816 256 ) (256 -2288 256 ) 
4 108 147 (0 -2272 288 ) (0 -2048 288 ) (0 -2048 256 ) (0 -2272 256 ) 
4 108 116 (0 -2272 256 ) (0 -2048 256 ) (256 -2048 256 ) (256 -2272 256 ) 
4 109 111 (704 -2048 32 ) (704 -2176 32 ) (704 -2176 256 ) (704 -2048 256 ) 
4 110 113 (704 -2192 32 ) (704 -3072 32 ) (704 -3072 256 ) (704 -2192 256 ) 
4 111 115 (512 -2048 32 ) (512 -2176 32 ) (512 -2176 256 ) (512 -2048 256 ) 
4 111 112 (512 -2176 160 ) (512 -2176 32 ) (704 -2176 32 ) (704 -2176 160 ) 
4 112 113 (512 -2192 160 ) (512 -2192 32 ) (704 -2192 32 ) (704 -2192 160 ) 
4 113 114 (512 -2192 32 ) (512 -2816 32 ) (512 -2816 256 ) (512 -2192 256 ) 
4 114 119 (256 -2448 32 ) (256 -2640 32 ) (256 -2640 160 ) (256 -2448 160 ) 
4 115 117 (256 -2048 32 ) (256 -2272 32 ) (256 -2272 160 ) (256 -2048 160 ) 
4 115 116 (256 -2272 160 ) (256 -2272 256 ) (256 -2048 256 ) (256 -2048 160 ) 
4 116 149 (0 -2272 256 ) (0 -2048 256 ) (0 -2048 160 ) (0 -2272 160 ) 
4 116 117 (96 -2048 160 ) (256 -2048 160 ) (256 -2272 160 ) (96 -2272 160 ) 
4 116 118 (0 -2272 160 ) (0 -2048 160 ) (96 -2048 160 ) (96 -2272 160 ) 
4 117 118 (96 -2048 32 ) (96 -2272 32 ) (96 -2272 160 ) (96 -2048 160 ) 
4 118 150 (0 -2272 32 ) (0 -2288 32 ) (0 -2288 160 ) (0 -2272 160 ) 
4 118 149 (0 -2048 160 ) (0 -2048 32 ) (0 -2272 32 ) (0 -2272 160 ) 
4 118 120 (0 -2288 32 ) (96 -2288 32 ) (96 -2288 160 ) (0 -2288 160 ) 
4 119 120 (240 -2448 32 ) (240 -2640 32 ) (240 -2640 160 ) (240 -2448 160 ) 
4 120 151 (0 -2640 256 ) (0 -2288 256 ) (0 -2288 32 ) (0 -2640 32 ) 
4 120 121 (0 -2640 32 ) (240 -2640 32 ) (240 -2640 256 ) (0 -2640 256 ) 
4 121 151 (0 -2816 256 ) (0 -2640 256 ) (0 -2640 32 ) (0 -2816 32 ) 
4 122 123 (2048 -3072 1280 ) (2048 -3072 704 ) (2048 -3104 704 ) (2048 -3104 1280 ) 
4 123 126 (1024 -3104 704 ) (1024 -3104 1280 ) (1024 -3072 1280 ) (1024 -3072 704 ) 
4 123 124 (1536 -3104 704 ) (1280 -3104 704 ) (1280 -3072 704 ) (1536 -3072 704 ) 
4 123 125 (1280 -3104 704 ) (1024 -3104 704 ) (1024 -3072 704 ) (1280 -3072 704 ) 
4 124 125 (1280 -3104 288 ) (1280 -3104 704 ) (1280 -3072 704 ) (1280 -3072 288 ) 
4 125 127 (1024 -3104 256 ) (1024 -3104 704 ) (1024 -3072 704 ) (1024 -3072 256 ) 
4 126 152 (0 -3104 704 ) (0 -3104 1280 ) (0 -3072 1280 ) (0 -3072 704 ) 
4 126 128 (512 -3104 704 ) (256 -3104 704 ) (256 -3072 704 ) (512 -3072 704 ) 
4 126 127 (1024 -3104 704 ) (512 -3104 704 ) (512 -3072 704 ) (1024 -3072 704 ) 
4 127 128 (512 -3104 288 ) (512 -3104 704 ) (512 -3072 704 ) (512 -3072 288 ) 
4 129 130 (0 2048 704 ) (0 2048 1280 ) (-384 2048 1280 ) (-384 2048 704 ) 
4 130 137 (0 1024 704 ) (0 1024 1280 ) (-384 1024 1280 ) (-384 1024 704 ) 
4 130 131 (-384 1248 704 ) (-384 1824 704 ) (0 1824 704 ) (0 1248 704 ) 
4 130 132 (-384 1024 704 ) (-384 1248 704 ) (0 1248 704 ) (0 1024 704 ) 
4 131 132 (0 1248 288 ) (0 1248 704 ) (-384 1248 704 ) (-384 1248 288 ) 
4 132 137 (0 1024 256 ) (0 1024 704 ) (-384 1024 704 ) (-384 1024 256 ) 
4 132 136 (0 1024 256 ) (-288 1024 256 ) (-288 1248 256 ) (0 1248 256 ) 
4 133 135 (-288 1264 160 ) (-288 1792 160 ) (-128 1792 160 ) (-128 1264 160 ) 
4 133 134 (-128 1792 160 ) (0 1792 160 ) (0 1264 160 ) (-128 1264 160 ) 
4 134 136 (-128 1248 32 ) (0 1248 32 ) (0 1248 160 ) (-128 1248 160 ) 
4 134 135 (-128 1792 160 ) (-128 1792 32 ) (-128 1264 32 ) (-128 1264 160 ) 
4 136 138 (0 1024 32 ) (0 1024 256 ) (-288 1024 256 ) (-288 1024 32 ) 
4 137 141 (0 0 256 ) (0 0 1280 ) (-384 0 1280 ) (-384 0 256 ) 
4 137 139 (-288 0 256 ) (-384 0 256 ) (-384 512 256 ) (-288 512 256 ) 
4 137 138 (0 0 256 ) (-288 0 256 ) (-288 1024 256 ) (0 1024 256 ) 
4 138 141 (0 0 32 ) (0 0 256 ) (-288 0 256 ) (-288 0 32 ) 
4 138 140 (0 512 32 ) (0 0 32 ) (-288 0 32 ) (-288 512 32 ) 
4 138 139 (-288 512 32 ) (-288 0 32 ) (-288 0 256 ) (-288 512 256 ) 
4 139 141 (-288 0 256 ) (-384 0 256 ) (-384 0 32 ) (-288 0 32 ) 
4 139 140 (-384 0 32 ) (-384 512 32 ) (-288 512 32 ) (-288 0 32 ) 
4 140 141 (0 0 -32 ) (0 0 32 ) (-384 0 32 ) (-384 0 -32 ) 
4 141 145 (0 -1024 -32 ) (0 -1024 32 ) (-384 -1024 32 ) (-384 -1024 -32 ) 
4 141 144 (-288 -1024 256 ) (-384 -1024 256 ) (-384 -1024 32 ) (-288 -1024 32 ) 
4 141 143 (0 -1024 32 ) (0 -1024 256 ) (-288 -1024 256 ) (-288 -1024 32 ) 
4 141 142 (0 -1024 256 ) (0 -1024 1280 ) (-384 -1024 1280 ) (-384 -1024 256 ) 
4 142 147 (0 -2048 256 ) (0 -2048 704 ) (-384 -2048 704 ) (-384 -2048 256 ) 
4 142 146 (0 -2048 704 ) (0 -2048 1280 ) (-384 -2048 1280 ) (-384 -2048 704 ) 
4 142 144 (-384 -1536 256 ) (-384 -1024 256 ) (-288 -1024 256 ) (-288 -1536 256 ) 
4 142 143 (0 -2048 256 ) (-288 -2048 256 ) (-288 -1024 256 ) (0 -1024 256 ) 
4 143 149 (0 -2048 32 ) (0 -2048 256 ) (-288 -2048 256 ) (-288 -2048 32 ) 
4 143 145 (-288 -1024 32 ) (0 -1024 32 ) (0 -1536 32 ) (-288 -1536 32 ) 
4 143 144 (-288 -1024 32 ) (-288 -1536 32 ) (-288 -1536 256 ) (-288 -1024 256 ) 
4 144 145 (-384 -1536 32 ) (-384 -1024 32 ) (-288 -1024 32 ) (-288 -1536 32 ) 
4 146 152 (0 -3072 704 ) (0 -3072 1280 ) (-384 -3072 1280 ) (-384 -3072 704 ) 
4 146 148 (-384 -2848 704 ) (-384 -2272 704 ) (0 -2272 704 ) (0 -2848 704 ) 
4 146 147 (-384 -2272 704 ) (-384 -2048 704 ) (0 -2048 704 ) (0 -2272 704 ) 
4 147 149 (-288 -2048 256 ) (0 -2048 256 ) (0 -2272 256 ) (-288 -2272 256 ) 
4 147 148 (0 -2272 288 ) (0 -2272 704 ) (-384 -2272 704 ) (-384 -2272 288 ) 
4 149 150 (-96 -2272 160 ) (-96 -2272 32 ) (0 -2272 32 ) (0 -2272 160 ) 
4 150 151 (-96 -2288 32 ) (0 -2288 32 ) (0 -2288 160 ) (-96 -2288 160 ) 
