PRT1
141
338
4 1 7 (2048 2048 704 ) (2048 2048 1280 ) (2048 2080 1280 ) (2048 2080 704 ) 
4 1 2 (2176 2048 704 ) (2176 2048 1280 ) (2048 2048 1280 ) (2048 2048 704 ) 
4 2 55 (2176 1024 704 ) (2176 1024 1280 ) (2048 1024 1280 ) (2048 1024 704 ) 
4 2 13 (2048 1024 704 ) (2048 1024 1280 ) (2048 2048 1280 ) (2048 2048 704 ) 
4 2 3 (2048 1248 704 ) (2048 1824 704 ) (2176 1824 704 ) (2176 1248 704 ) 
4 2 4 (2048 1024 704 ) (2048 1248 704 ) (2176 1248 704 ) (2176 1024 704 ) 
4 3 14 (2048 1248 704 ) (2048 1824 704 ) (2048 1824 288 ) (2048 1248 288 ) 
4 3 4 (2176 1248 288 ) (2176 1248 704 ) (2048 1248 704 ) (2048 1248 288 ) 
4 4 55 (2176 1024 256 ) (2176 1024 704 ) (2048 1024 704 ) (2048 1024 256 ) 
4 4 16 (2048 1024 256 ) (2048 1024 288 ) (2048 1248 288 ) (2048 1248 256 ) 
4 4 14 (2048 1024 288 ) (2048 1024 704 ) (2048 1248 704 ) (2048 1248 288 ) 
4 4 6 (2080 1024 256 ) (2048 1024 256 ) (2048 1248 256 ) (2080 1248 256 ) 
4 5 21 (2048 1264 256 ) (2048 1792 256 ) (2048 1792 32 ) (2048 1264 32 ) 
4 6 57 (2080 1024 256 ) (2048 1024 256 ) (2048 1024 32 ) (2080 1024 32 ) 
4 6 28 (2048 1024 32 ) (2048 1024 256 ) (2048 1248 256 ) (2048 1248 32 ) 
4 7 13 (2048 2048 704 ) (2048 2048 1280 ) (1024 2048 1280 ) (1024 2048 704 ) 
4 7 10 (1024 2048 704 ) (1024 2048 1280 ) (1024 2080 1280 ) (1024 2080 704 ) 
4 7 8 (1536 2048 704 ) (1280 2048 704 ) (1280 2080 704 ) (1536 2080 704 ) 
4 7 9 (1280 2048 704 ) (1024 2048 704 ) (1024 2080 704 ) (1280 2080 704 ) 
4 8 15 (1536 2048 704 ) (1280 2048 704 ) (1280 2048 288 ) (1536 2048 288 ) 
4 8 9 (1280 2048 288 ) (1280 2048 704 ) (1280 2080 704 ) (1280 2080 288 ) 
4 9 19 (1024 2048 288 ) (1024 2048 256 ) (1280 2048 256 ) (1280 2048 288 ) 
4 9 15 (1280 2048 704 ) (1024 2048 704 ) (1024 2048 288 ) (1280 2048 288 ) 
4 9 10 (1024 2048 256 ) (1024 2048 704 ) (1024 2080 704 ) (1024 2080 256 ) 
4 10 38 (1024 2048 256 ) (1024 2048 288 ) (512 2048 288 ) (512 2048 256 ) 
4 10 35 (1024 2048 288 ) (1024 2048 1280 ) (512 2048 1280 ) (512 2048 288 ) 
4 10 11 (512 2048 288 ) (512 2048 1280 ) (512 2080 1280 ) (512 2080 288 ) 
4 11 35 (512 2048 288 ) (512 2048 1280 ) (256 2048 1280 ) (256 2048 288 ) 
4 11 12 (256 2080 1280 ) (256 2080 704 ) (256 2048 704 ) (256 2048 1280 ) 
4 12 116 (0 2048 704 ) (0 2048 1280 ) (0 2080 1280 ) (0 2080 704 ) 
4 12 36 (256 2048 704 ) (256 2048 1280 ) (0 2048 1280 ) (0 2048 704 ) 
4 13 60 (2048 1024 704 ) (2048 1024 1280 ) (1024 1024 1280 ) (1024 1024 704 ) 
4 13 35 (1024 2048 1280 ) (1024 2048 704 ) (1024 1024 704 ) (1024 1024 1280 ) 
4 13 14 (2048 1824 704 ) (2048 1024 704 ) (1536 1024 704 ) (1536 1824 704 ) 
4 13 15 (1024 2048 704 ) (1536 2048 704 ) (1536 1024 704 ) (1024 1024 704 ) 
4 14 60 (2048 1024 288 ) (2048 1024 704 ) (1536 1024 704 ) (1536 1024 288 ) 
4 14 16 (2048 1024 288 ) (1536 1024 288 ) (1536 1248 288 ) (2048 1248 288 ) 
4 14 15 (1536 1824 288 ) (1536 1024 288 ) (1536 1024 704 ) (1536 1824 704 ) 
4 15 60 (1536 1024 704 ) (1024 1024 704 ) (1024 1024 288 ) (1536 1024 288 ) 
4 15 35 (1024 2048 704 ) (1024 2048 288 ) (1024 1024 288 ) (1024 1024 704 ) 
4 15 19 (1024 1168 288 ) (1024 2048 288 ) (1280 2048 288 ) (1280 1168 288 ) 
4 15 20 (1280 1024 288 ) (1024 1024 288 ) (1024 1152 288 ) (1280 1152 288 ) 
4 15 18 (1280 1168 288 ) (1280 1792 288 ) (1536 1792 288 ) (1536 1264 288 ) 
4 15 17 (1536 1024 288 ) (1280 1024 288 ) (1280 1152 288 ) (1536 1248 288 ) 
4 16 60 (2048 1024 256 ) (2048 1024 288 ) (1536 1024 288 ) (1536 1024 256 ) 
4 16 28 (2048 1248 256 ) (2048 1024 256 ) (1536 1024 256 ) (1536 1248 256 ) 
4 16 17 (1536 1248 256 ) (1536 1024 256 ) (1536 1024 288 ) (1536 1248 288 ) 
4 17 60 (1536 1024 288 ) (1280 1024 288 ) (1280 1024 256 ) (1536 1024 256 ) 
4 17 28 (1536 1248 256 ) (1536 1024 256 ) (1280 1024 256 ) (1280 1152 256 ) 
4 17 20 (1280 1152 256 ) (1280 1024 256 ) (1280 1024 288 ) (1280 1152 288 ) 
3 18 29 (1493.333374 1248 256 ) (1280 1168 256 ) (1280 1248 256 ) 
4 18 25 (1536 1264 256 ) (1493.333374 1248 256 ) (1280 1248 256 ) (1280 1264 256 ) 
4 18 23 (1536 1792 256 ) (1536 1264 256 ) (1280 1264 256 ) (1280 1792 256 ) 
4 18 19 (1280 1792 256 ) (1280 1168 256 ) (1280 1168 288 ) (1280 1792 288 ) 
4 19 38 (1024 2048 288 ) (1024 2048 256 ) (1024 1168 256 ) (1024 1168 288 ) 
4 19 33 (1088 1168 256 ) (1024 1168 256 ) (1024 1248 256 ) (1088 1248 256 ) 
4 19 30 (1280 1248 256 ) (1280 1168 256 ) (1088 1168 256 ) (1088 1248 256 ) 
4 19 25 (1280 1264 256 ) (1280 1248 256 ) (1024 1248 256 ) (1024 1264 256 ) 
4 19 24 (1024 2048 256 ) (1280 2048 256 ) (1280 1264 256 ) (1024 1264 256 ) 
4 20 60 (1280 1024 288 ) (1024 1024 288 ) (1024 1024 256 ) (1280 1024 256 ) 
4 20 39 (1024 1152 256 ) (1024 1024 256 ) (1024 1024 288 ) (1024 1152 288 ) 
4 20 34 (1088 1024 256 ) (1024 1024 256 ) (1024 1152 256 ) (1088 1152 256 ) 
4 20 32 (1280 1152 256 ) (1280 1024 256 ) (1088 1024 256 ) (1088 1152 256 ) 
4 21 26 (1696 1264 32 ) (1888 1264 32 ) (1888 1264 160 ) (1696 1264 160 ) 
4 21 22 (1552 1616 32 ) (1552 1424 32 ) (1552 1424 160 ) (1552 1616 160 ) 
4 22 23 (1536 1616 32 ) (1536 1424 32 ) (1536 1424 160 ) (1536 1616 160 ) 
4 23 27 (1280 1264 32 ) (1536 1264 32 ) (1536 1264 160 ) (1280 1264 160 ) 
4 23 25 (1536 1264 160 ) (1536 1264 256 ) (1280 1264 256 ) (1280 1264 160 ) 
4 23 24 (1280 1792 32 ) (1280 1264 32 ) (1280 1264 256 ) (1280 1792 256 ) 
4 24 43 (1024 2048 256 ) (1024 2048 32 ) (1024 1264 32 ) (1024 1264 256 ) 
4 24 27 (1024 1264 32 ) (1280 1264 32 ) (1280 1264 160 ) (1024 1264 160 ) 
4 24 25 (1280 1264 160 ) (1280 1264 256 ) (1024 1264 256 ) (1024 1264 160 ) 
4 25 43 (1024 1248 160 ) (1024 1248 256 ) (1024 1264 256 ) (1024 1264 160 ) 
4 25 33 (1088 1248 256 ) (1024 1248 256 ) (1024 1248 160 ) (1088 1248 160 ) 
4 25 30 (1280 1248 256 ) (1088 1248 256 ) (1088 1248 160 ) (1280 1248 160 ) 
4 25 29 (1493.333496 1248 256 ) (1280 1248 256 ) (1280 1248 160 ) (1493.333496 1248 160 ) 
4 25 27 (1493.333496 1248 160 ) (1024 1248 160 ) (1024 1264 160 ) (1536 1264 160 ) 
4 26 28 (1696 1248 32 ) (1888 1248 32 ) (1888 1248 160 ) (1696 1248 160 ) 
4 27 43 (1024 1264 32 ) (1024 1248 32 ) (1024 1248 160 ) (1024 1264 160 ) 
4 27 33 (1024 1248 32 ) (1088 1248 32 ) (1088 1248 160 ) (1024 1248 160 ) 
4 27 30 (1088 1248 32 ) (1280 1248 32 ) (1280 1248 160 ) (1088 1248 160 ) 
4 27 29 (1280 1248 32 ) (1493.333496 1248 32 ) (1493.333496 1248 160 ) (1280 1248 160 ) 
4 28 60 (2048 1024 32 ) (2048 1024 256 ) (1280 1024 256 ) (1280 1024 32 ) 
4 28 32 (1280 1152 32 ) (1280 1024 32 ) (1280 1024 256 ) (1280 1152 256 ) 
4 29 30 (1280 1248 256 ) (1280 1248 32 ) (1280 1168 32 ) (1280 1168 256 ) 
4 30 33 (1088 1248 256 ) (1088 1248 32 ) (1088 1168 32 ) (1088 1168 256 ) 
4 30 31 (1088 1168 160 ) (1088 1168 32 ) (1280 1168 32 ) (1280 1168 160 ) 
4 31 32 (1088 1152 160 ) (1088 1152 32 ) (1280 1152 32 ) (1280 1152 160 ) 
4 32 60 (1280 1024 256 ) (1088 1024 256 ) (1088 1024 32 ) (1280 1024 32 ) 
4 32 34 (1088 1152 32 ) (1088 1024 32 ) (1088 1024 256 ) (1088 1152 256 ) 
4 33 43 (1024 1248 32 ) (1024 1168 32 ) (1024 1168 256 ) (1024 1248 256 ) 
4 34 60 (1088 1024 256 ) (1024 1024 256 ) (1024 1024 32 ) (1088 1024 32 ) 
4 34 44 (1024 1152 32 ) (1024 1024 32 ) (1024 1024 256 ) (1024 1152 256 ) 
4 35 62 (1024 1024 288 ) (1024 1024 1280 ) (256 1024 1280 ) (256 1024 288 ) 
4 35 41 (256 1264 288 ) (256 1792 288 ) (512 1792 288 ) (512 1168 288 ) 
4 35 40 (512 1024 288 ) (256 1024 288 ) (256 1248 288 ) (512 1152 288 ) 
4 35 38 (512 1168 288 ) (512 2048 288 ) (1024 2048 288 ) (1024 1168 288 ) 
4 35 39 (1024 1024 288 ) (512 1024 288 ) (512 1152 288 ) (1024 1152 288 ) 
4 35 36 (256 1824 704 ) (256 1824 1280 ) (256 2048 1280 ) (256 2048 704 ) 
4 35 37 (256 1824 288 ) (256 1024 288 ) (256 1024 1280 ) (256 1824 1280 ) 
4 36 117 (0 1824 1280 ) (0 2048 1280 ) (0 2048 704 ) (0 1824 704 ) 
4 36 37 (256 1824 704 ) (256 1824 1280 ) (0 1824 1280 ) (0 1824 704 ) 
4 37 118 (0 1248 704 ) (0 1824 704 ) (0 1824 288 ) (0 1248 288 ) 
4 37 119 (0 1024 288 ) (0 1024 704 ) (0 1248 704 ) (0 1248 288 ) 
4 37 117 (0 1024 704 ) (0 1024 1280 ) (0 1824 1280 ) (0 1824 704 ) 
4 37 62 (256 1024 1280 ) (0 1024 1280 ) (0 1024 288 ) (256 1024 288 ) 
4 37 42 (256 1024 288 ) (0 1024 288 ) (0 1248 288 ) (256 1248 288 ) 
4 38 45 (704 1168 256 ) (512 1168 256 ) (512 2048 256 ) (704 2048 256 ) 
4 38 43 (1024 2048 256 ) (1024 1168 256 ) (704 1168 256 ) (704 2048 256 ) 
4 38 41 (512 1792 256 ) (512 1168 256 ) (512 1168 288 ) (512 1792 288 ) 
4 39 62 (1024 1024 256 ) (1024 1024 288 ) (512 1024 288 ) (512 1024 256 ) 
4 39 47 (704 1024 256 ) (512 1024 256 ) (512 1152 256 ) (704 1152 256 ) 
4 39 44 (1024 1152 256 ) (1024 1024 256 ) (704 1024 256 ) (704 1152 256 ) 
4 39 40 (512 1152 256 ) (512 1024 256 ) (512 1024 288 ) (512 1152 288 ) 
4 40 62 (512 1024 288 ) (256 1024 288 ) (256 1024 256 ) (512 1024 256 ) 
4 40 48 (512 1024 256 ) (256 1024 256 ) (256 1248 256 ) (512 1152 256 ) 
4 40 42 (256 1248 256 ) (256 1024 256 ) (256 1024 288 ) (256 1248 288 ) 
4 41 49 (256 1264 256 ) (256 1792 256 ) (512 1792 256 ) (512 1168 256 ) 
4 42 119 (0 1024 256 ) (0 1024 288 ) (0 1248 288 ) (0 1248 256 ) 
4 42 62 (256 1024 288 ) (0 1024 288 ) (0 1024 256 ) (256 1024 256 ) 
4 42 54 (64 1024 256 ) (0 1024 256 ) (0 1248 256 ) (64 1248 256 ) 
4 42 52 (256 1024 256 ) (64 1024 256 ) (64 1248 256 ) (256 1248 256 ) 
4 43 45 (704 2048 32 ) (704 1168 32 ) (704 1168 256 ) (704 2048 256 ) 
4 44 62 (1024 1024 32 ) (1024 1024 256 ) (704 1024 256 ) (704 1024 32 ) 
4 44 47 (704 1152 32 ) (704 1024 32 ) (704 1024 256 ) (704 1152 256 ) 
4 45 49 (512 1792 32 ) (512 1168 32 ) (512 1168 256 ) (512 1792 256 ) 
4 45 46 (512 1168 160 ) (512 1168 32 ) (704 1168 32 ) (704 1168 160 ) 
4 46 47 (512 1152 160 ) (512 1152 32 ) (704 1152 32 ) (704 1152 160 ) 
4 47 62 (704 1024 256 ) (512 1024 256 ) (512 1024 32 ) (704 1024 32 ) 
4 47 48 (512 1152 32 ) (512 1024 32 ) (512 1024 256 ) (512 1152 256 ) 
4 48 62 (512 1024 256 ) (256 1024 256 ) (256 1024 32 ) (512 1024 32 ) 
4 48 52 (256 1248 32 ) (256 1024 32 ) (256 1024 256 ) (256 1248 256 ) 
4 49 50 (256 1632 32 ) (256 1440 32 ) (256 1440 160 ) (256 1632 160 ) 
4 50 51 (240 1632 32 ) (240 1440 32 ) (240 1440 160 ) (240 1632 160 ) 
4 51 121 (0 1792 160 ) (0 1792 32 ) (0 1264 32 ) (0 1264 160 ) 
4 51 120 (0 1264 256 ) (0 1792 256 ) (0 1792 160 ) (0 1264 160 ) 
4 51 53 (0 1264 32 ) (64 1264 32 ) (64 1264 160 ) (0 1264 160 ) 
4 52 62 (256 1024 256 ) (64 1024 256 ) (64 1024 32 ) (256 1024 32 ) 
4 52 54 (64 1248 32 ) (64 1024 32 ) (64 1024 256 ) (64 1248 256 ) 
4 53 121 (0 1264 160 ) (0 1264 32 ) (0 1248 32 ) (0 1248 160 ) 
4 53 54 (0 1248 32 ) (64 1248 32 ) (64 1248 160 ) (0 1248 160 ) 
4 54 123 (0 1024 32 ) (0 1024 256 ) (0 1248 256 ) (0 1248 32 ) 
4 54 62 (64 1024 256 ) (0 1024 256 ) (0 1024 32 ) (64 1024 32 ) 
4 55 60 (2048 1024 1280 ) (2048 1024 256 ) (2048 0 256 ) (2048 0 1280 ) 
4 55 59 (2176 0 256 ) (2176 0 1280 ) (2048 0 1280 ) (2048 0 256 ) 
4 55 56 (2176 512 256 ) (2176 0 256 ) (2080 0 256 ) (2080 512 256 ) 
4 55 57 (2048 0 256 ) (2048 1024 256 ) (2080 1024 256 ) (2080 0 256 ) 
4 56 59 (2176 0 32 ) (2176 0 256 ) (2080 0 256 ) (2080 0 32 ) 
4 56 58 (2176 512 32 ) (2176 0 32 ) (2080 0 32 ) (2080 512 32 ) 
4 56 57 (2080 512 32 ) (2080 0 32 ) (2080 0 256 ) (2080 512 256 ) 
4 57 60 (2048 1024 256 ) (2048 1024 32 ) (2048 0 32 ) (2048 0 256 ) 
4 57 59 (2080 0 256 ) (2048 0 256 ) (2048 0 32 ) (2080 0 32 ) 
4 57 58 (2080 512 32 ) (2080 0 32 ) (2048 0 32 ) (2048 512 32 ) 
4 58 61 (2048 0 -32 ) (2048 0 32 ) (2048 512 32 ) (2048 512 -32 ) 
4 58 59 (2176 0 -32 ) (2176 0 32 ) (2048 0 32 ) (2048 0 -32 ) 
4 59 69 (2176 -1024 -32 ) (2176 -1024 32 ) (2048 -1024 32 ) (2048 -1024 -32 ) 
4 59 67 (2176 -1024 32 ) (2176 -1024 256 ) (2080 -1024 256 ) (2080 -1024 32 ) 
4 59 68 (2080 -1024 256 ) (2048 -1024 256 ) (2048 -1024 32 ) (2080 -1024 32 ) 
4 59 66 (2176 -1024 256 ) (2176 -1024 1280 ) (2048 -1024 1280 ) (2048 -1024 256 ) 
4 59 64 (2048 -1024 -32 ) (2048 -1024 1280 ) (2048 0 1280 ) (2048 0 -32 ) 
4 60 64 (2048 0 32 ) (2048 0 1280 ) (1024 0 1280 ) (1024 0 32 ) 
4 60 62 (1024 1024 1280 ) (1024 1024 32 ) (1024 0 32 ) (1024 0 1280 ) 
4 60 61 (2048 0 32 ) (1024 0 32 ) (1024 512 32 ) (2048 512 32 ) 
4 61 64 (2048 0 -32 ) (2048 0 32 ) (1024 0 32 ) (1024 0 -32 ) 
4 61 63 (1024 0 -32 ) (1024 0 32 ) (1024 512 32 ) (1024 512 -32 ) 
4 62 125 (0 0 32 ) (0 0 256 ) (0 1024 256 ) (0 1024 32 ) 
4 62 124 (0 0 256 ) (0 0 1280 ) (0 1024 1280 ) (0 1024 256 ) 
4 62 65 (1024 0 32 ) (1024 0 1280 ) (0 0 1280 ) (0 0 32 ) 
4 62 63 (1024 512 32 ) (1024 0 32 ) (0 0 32 ) (0 512 32 ) 
4 63 127 (0 0 -32 ) (0 0 32 ) (0 512 32 ) (0 512 -32 ) 
4 63 65 (1024 0 -32 ) (1024 0 32 ) (0 0 32 ) (0 0 -32 ) 
4 64 76 (2048 -1024 -32 ) (2048 -1024 32 ) (1024 -1024 32 ) (1024 -1024 -32 ) 
4 64 75 (2048 -1024 32 ) (2048 -1024 1280 ) (1024 -1024 1280 ) (1024 -1024 32 ) 
4 64 65 (1024 0 1280 ) (1024 0 -32 ) (1024 -1024 -32 ) (1024 -1024 1280 ) 
4 65 128 (0 -1024 -32 ) (0 -1024 1280 ) (0 0 1280 ) (0 0 -32 ) 
4 65 78 (1024 -1024 -32 ) (1024 -1024 32 ) (0 -1024 32 ) (0 -1024 -32 ) 
4 65 77 (1024 -1024 32 ) (1024 -1024 1280 ) (0 -1024 1280 ) (0 -1024 32 ) 
4 66 75 (2048 -1024 1280 ) (2048 -1024 256 ) (2048 -2048 256 ) (2048 -2048 1280 ) 
4 66 71 (2176 -2048 256 ) (2176 -2048 704 ) (2048 -2048 704 ) (2048 -2048 256 ) 
4 66 70 (2176 -2048 704 ) (2176 -2048 1280 ) (2048 -2048 1280 ) (2048 -2048 704 ) 
4 66 67 (2080 -1024 256 ) (2176 -1024 256 ) (2176 -1536 256 ) (2080 -1536 256 ) 
4 66 68 (2048 -2048 256 ) (2048 -1024 256 ) (2080 -1024 256 ) (2080 -2048 256 ) 
4 67 69 (2080 -1024 32 ) (2176 -1024 32 ) (2176 -1536 32 ) (2080 -1536 32 ) 
4 67 68 (2080 -1024 32 ) (2080 -1536 32 ) (2080 -1536 256 ) (2080 -1024 256 ) 
4 68 75 (2048 -1024 256 ) (2048 -1024 32 ) (2048 -2048 32 ) (2048 -2048 256 ) 
4 68 73 (2080 -2048 256 ) (2048 -2048 256 ) (2048 -2048 32 ) (2080 -2048 32 ) 
4 68 69 (2048 -1024 32 ) (2080 -1024 32 ) (2080 -1536 32 ) (2048 -1536 32 ) 
4 69 76 (2048 -1024 32 ) (2048 -1024 -32 ) (2048 -1536 -32 ) (2048 -1536 32 ) 
4 70 109 (2176 -3072 704 ) (2176 -3072 1280 ) (2048 -3072 1280 ) (2048 -3072 704 ) 
4 70 81 (2048 -3072 704 ) (2048 -3072 1280 ) (2048 -2848 1280 ) (2048 -2848 704 ) 
4 70 80 (2048 -2848 1280 ) (2048 -2272 1280 ) (2048 -2272 704 ) (2048 -2848 704 ) 
4 70 79 (2048 -2272 1280 ) (2048 -2048 1280 ) (2048 -2048 704 ) (2048 -2272 704 ) 
4 70 72 (2048 -2848 704 ) (2048 -2272 704 ) (2176 -2272 704 ) (2176 -2848 704 ) 
4 70 71 (2048 -2272 704 ) (2048 -2048 704 ) (2176 -2048 704 ) (2176 -2272 704 ) 
4 71 79 (2048 -2272 704 ) (2048 -2048 704 ) (2048 -2048 256 ) (2048 -2272 256 ) 
4 71 73 (2080 -2272 256 ) (2048 -2272 256 ) (2048 -2048 256 ) (2080 -2048 256 ) 
4 71 72 (2176 -2272 288 ) (2176 -2272 704 ) (2048 -2272 704 ) (2048 -2272 288 ) 
4 72 80 (2048 -2848 704 ) (2048 -2272 704 ) (2048 -2272 288 ) (2048 -2848 288 ) 
4 73 84 (2048 -2272 32 ) (2048 -2272 160 ) (2048 -2048 160 ) (2048 -2048 32 ) 
4 73 82 (2048 -2272 160 ) (2048 -2272 256 ) (2048 -2048 256 ) (2048 -2048 160 ) 
4 74 86 (2048 -2816 32 ) (2048 -2816 160 ) (2048 -2288 160 ) (2048 -2288 32 ) 
4 74 83 (2048 -2816 160 ) (2048 -2816 256 ) (2048 -2288 256 ) (2048 -2288 160 ) 
4 75 91 (1024 -2048 288 ) (1024 -2048 32 ) (1280 -2048 32 ) (1280 -2048 288 ) 
4 75 89 (1280 -2048 32 ) (1536 -2048 32 ) (1536 -2048 288 ) (1280 -2048 288 ) 
4 75 88 (1536 -2048 1280 ) (1024 -2048 1280 ) (1024 -2048 288 ) (1536 -2048 288 ) 
4 75 84 (2048 -2048 32 ) (2048 -2048 160 ) (1536 -2048 160 ) (1536 -2048 32 ) 
4 75 82 (2048 -2048 160 ) (2048 -2048 256 ) (1536 -2048 256 ) (1536 -2048 160 ) 
4 75 79 (2048 -2048 256 ) (2048 -2048 1280 ) (1536 -2048 1280 ) (1536 -2048 256 ) 
4 75 77 (1024 -1024 1280 ) (1024 -1024 32 ) (1024 -2048 32 ) (1024 -2048 1280 ) 
4 75 76 (1024 -1536 32 ) (1024 -1024 32 ) (2048 -1024 32 ) (2048 -1536 32 ) 
4 76 78 (1024 -1024 32 ) (1024 -1024 -32 ) (1024 -1536 -32 ) (1024 -1536 32 ) 
4 77 130 (0 -2048 32 ) (0 -2048 256 ) (0 -1024 256 ) (0 -1024 32 ) 
4 77 129 (0 -2048 256 ) (0 -2048 1280 ) (0 -1024 1280 ) (0 -1024 256 ) 
4 77 105 (96 -2048 32 ) (256 -2048 32 ) (256 -2048 160 ) (96 -2048 160 ) 
4 77 106 (0 -2048 160 ) (0 -2048 32 ) (96 -2048 32 ) (96 -2048 160 ) 
4 77 103 (0 -2048 256 ) (0 -2048 160 ) (256 -2048 160 ) (256 -2048 256 ) 
4 77 100 (256 -2048 1280 ) (0 -2048 1280 ) (0 -2048 256 ) (256 -2048 256 ) 
4 77 98 (512 -2048 288 ) (256 -2048 288 ) (256 -2048 32 ) (512 -2048 32 ) 
4 77 95 (1024 -2048 32 ) (1024 -2048 288 ) (512 -2048 288 ) (512 -2048 32 ) 
4 77 94 (1024 -2048 288 ) (1024 -2048 1280 ) (256 -2048 1280 ) (256 -2048 288 ) 
4 77 78 (1024 -1024 32 ) (1024 -1536 32 ) (0 -1536 32 ) (0 -1024 32 ) 
4 78 132 (0 -1536 -32 ) (0 -1536 32 ) (0 -1024 32 ) (0 -1024 -32 ) 
4 79 89 (1536 -2048 288 ) (1536 -2048 256 ) (1536 -2272 256 ) (1536 -2272 288 ) 
4 79 88 (1536 -2272 1280 ) (1536 -2048 1280 ) (1536 -2048 288 ) (1536 -2272 288 ) 
4 79 82 (1536 -2272 256 ) (1536 -2048 256 ) (2048 -2048 256 ) (2048 -2272 256 ) 
4 79 80 (2048 -2272 288 ) (2048 -2272 1280 ) (1536 -2272 1280 ) (1536 -2272 288 ) 
4 80 88 (1536 -2848 1280 ) (1536 -2272 1280 ) (1536 -2272 288 ) (1536 -2848 288 ) 
4 80 81 (2048 -2848 704 ) (2048 -2848 1280 ) (1536 -2848 1280 ) (1536 -2848 704 ) 
4 81 110 (2048 -3072 704 ) (2048 -3072 1280 ) (1536 -3072 1280 ) (1536 -3072 704 ) 
4 81 88 (1536 -3072 704 ) (1536 -3072 1280 ) (1536 -2848 1280 ) (1536 -2848 704 ) 
4 82 89 (1536 -2272 256 ) (1536 -2048 256 ) (1536 -2048 160 ) (1536 -2272 160 ) 
4 82 84 (1536 -2272 160 ) (1536 -2048 160 ) (2048 -2048 160 ) (2048 -2272 160 ) 
4 83 86 (1552 -2816 160 ) (1552 -2288 160 ) (2048 -2288 160 ) (2048 -2816 160 ) 
4 84 89 (1536 -2272 160 ) (1536 -2048 160 ) (1536 -2048 32 ) (1536 -2272 32 ) 
4 84 85 (1728 -2272 32 ) (1920 -2272 32 ) (1920 -2272 160 ) (1728 -2272 160 ) 
4 85 86 (1728 -2288 32 ) (1920 -2288 32 ) (1920 -2288 160 ) (1728 -2288 160 ) 
4 86 87 (1552 -2464 32 ) (1552 -2656 32 ) (1552 -2656 160 ) (1552 -2464 160 ) 
4 87 90 (1536 -2656 160 ) (1536 -2464 160 ) (1536 -2464 32 ) (1536 -2656 32 ) 
4 88 111 (1536 -3072 288 ) (1536 -3072 1280 ) (1024 -3072 1280 ) (1024 -3072 288 ) 
4 88 94 (1024 -2048 1280 ) (1024 -2048 288 ) (1024 -3072 288 ) (1024 -3072 1280 ) 
4 88 91 (1024 -2048 288 ) (1280 -2048 288 ) (1280 -2176 288 ) (1024 -2176 288 ) 
4 88 93 (1280 -2192 288 ) (1280 -3072 288 ) (1024 -3072 288 ) (1024 -2192 288 ) 
4 88 90 (1536 -2288.004639 288 ) (1536 -2816 288 ) (1280 -2816 288 ) (1280 -2192.004639 288 ) 
4 88 89 (1280 -2048 288 ) (1536 -2048 288 ) (1536 -2272 288 ) (1280 -2176 288 ) 
4 89 91 (1280 -2048 32 ) (1280 -2176 32 ) (1280 -2176 288 ) (1280 -2048 288 ) 
4 90 93 (1280 -2192.004639 32 ) (1280 -2816 32 ) (1280 -2816 288 ) (1280 -2192.004639 288 ) 
4 91 95 (1024 -2048 288 ) (1024 -2048 32 ) (1024 -2176 32 ) (1024 -2176 288 ) 
4 91 92 (1088 -2176 32 ) (1280 -2176 32 ) (1280 -2176 160 ) (1088 -2176 160 ) 
4 92 93 (1088 -2192 32 ) (1280 -2192 32 ) (1280 -2192 160 ) (1088 -2192 160 ) 
4 93 112 (1280 -3072 288 ) (1024 -3072 288 ) (1024 -3072 256 ) (1280 -3072 256 ) 
4 93 97 (1024 -2192 32 ) (1024 -3072 32 ) (1024 -3072 288 ) (1024 -2192 288 ) 
4 94 113 (1024 -3072 288 ) (1024 -3072 1280 ) (256 -3072 1280 ) (256 -3072 288 ) 
4 94 102 (256 -3072 704 ) (256 -3072 1280 ) (256 -2848 1280 ) (256 -2848 704 ) 
4 94 101 (256 -2848 1280 ) (256 -2272 1280 ) (256 -2272 288 ) (256 -2848 288 ) 
4 94 100 (256 -2272 1280 ) (256 -2048 1280 ) (256 -2048 288 ) (256 -2272 288 ) 
4 94 99 (256 -2816 288 ) (256 -2288 288 ) (512 -2192 288 ) (512 -2816 288 ) 
4 94 98 (256 -2272 288 ) (256 -2048 288 ) (512 -2048 288 ) (512 -2176 288 ) 
4 94 95 (512 -2048 288 ) (1024 -2048 288 ) (1024 -2176 288 ) (512 -2176 288 ) 
4 94 97 (1024 -2192 288 ) (1024 -3072 288 ) (512 -3072 288 ) (512 -2192 288 ) 
4 95 98 (512 -2048 32 ) (512 -2176 32 ) (512 -2176 288 ) (512 -2048 288 ) 
4 95 96 (512 -2176 160 ) (512 -2176 32 ) (704 -2176 32 ) (704 -2176 160 ) 
4 96 97 (512 -2192 160 ) (512 -2192 32 ) (704 -2192 32 ) (704 -2192 160 ) 
4 97 114 (1024 -3072 256 ) (1024 -3072 288 ) (512 -3072 288 ) (512 -3072 256 ) 
4 97 99 (512 -2192 32 ) (512 -2816 32 ) (512 -2816 288 ) (512 -2192 288 ) 
4 98 105 (256 -2048 160 ) (256 -2048 32 ) (256 -2272 32 ) (256 -2272 160 ) 
4 98 103 (256 -2048 256 ) (256 -2048 160 ) (256 -2272 160 ) (256 -2272 256 ) 
4 98 100 (256 -2272 288 ) (256 -2048 288 ) (256 -2048 256 ) (256 -2272 256 ) 
4 99 107 (256 -2448 32 ) (256 -2640 32 ) (256 -2640 160 ) (256 -2448 160 ) 
4 100 134 (0 -2048 704 ) (0 -2048 256 ) (0 -2272 256 ) (0 -2272 704 ) 
4 100 133 (0 -2272 1280 ) (0 -2048 1280 ) (0 -2048 704 ) (0 -2272 704 ) 
4 100 103 (0 -2272 256 ) (0 -2048 256 ) (256 -2048 256 ) (256 -2272 256 ) 
4 100 101 (256 -2272 288 ) (256 -2272 1280 ) (0 -2272 1280 ) (0 -2272 288 ) 
4 101 135 (0 -2272 704 ) (0 -2272 288 ) (0 -2848 288 ) (0 -2848 704 ) 
4 101 133 (0 -2848 1280 ) (0 -2272 1280 ) (0 -2272 704 ) (0 -2848 704 ) 
4 101 102 (256 -2848 704 ) (256 -2848 1280 ) (0 -2848 1280 ) (0 -2848 704 ) 
4 102 133 (0 -3072 704 ) (0 -3072 1280 ) (0 -2848 1280 ) (0 -2848 704 ) 
4 102 115 (0 -3072 1280 ) (0 -3072 704 ) (256 -3072 704 ) (256 -3072 1280 ) 
4 103 136 (0 -2272 256 ) (0 -2048 256 ) (0 -2048 160 ) (0 -2272 160 ) 
4 103 105 (96 -2048 160 ) (256 -2048 160 ) (256 -2272 160 ) (96 -2272 160 ) 
4 103 106 (0 -2048 160 ) (96 -2048 160 ) (96 -2272 160 ) (0 -2272 160 ) 
4 104 137 (0 -2816 256 ) (0 -2288 256 ) (0 -2288 160 ) (0 -2816 160 ) 
4 104 108 (0 -2816 160 ) (0 -2288 160 ) (240 -2288 160 ) (240 -2816 160 ) 
4 105 106 (96 -2048 32 ) (96 -2272 32 ) (96 -2272 160 ) (96 -2048 160 ) 
4 106 138 (0 -2288 160 ) (0 -2272 160 ) (0 -2272 32 ) (0 -2288 32 ) 
4 106 136 (0 -2272 160 ) (0 -2048 160 ) (0 -2048 32 ) (0 -2272 32 ) 
4 106 108 (0 -2288 32 ) (96 -2288 32 ) (96 -2288 160 ) (0 -2288 160 ) 
4 107 108 (240 -2448 32 ) (240 -2640 32 ) (240 -2640 160 ) (240 -2448 160 ) 
4 108 138 (0 -2816 160 ) (0 -2288 160 ) (0 -2288 32 ) (0 -2816 32 ) 
4 109 110 (2048 -3072 1280 ) (2048 -3072 704 ) (2048 -3104 704 ) (2048 -3104 1280 ) 
4 110 111 (1536 -3104 704 ) (1536 -3104 1280 ) (1536 -3072 1280 ) (1536 -3072 704 ) 
4 111 113 (1024 -3104 288 ) (1024 -3104 1280 ) (1024 -3072 1280 ) (1024 -3072 288 ) 
4 111 112 (1024 -3072 288 ) (1280 -3072 288 ) (1280 -3104 288 ) (1024 -3104 288 ) 
4 112 114 (1024 -3104 256 ) (1024 -3104 288 ) (1024 -3072 288 ) (1024 -3072 256 ) 
4 113 115 (256 -3104 704 ) (256 -3104 1280 ) (256 -3072 1280 ) (256 -3072 704 ) 
4 113 114 (1024 -3104 288 ) (512 -3104 288 ) (512 -3072 288 ) (1024 -3072 288 ) 
4 115 140 (0 -3104 704 ) (0 -3104 1280 ) (0 -3072 1280 ) (0 -3072 704 ) 
4 116 117 (0 2048 704 ) (0 2048 1280 ) (-384 2048 1280 ) (-384 2048 704 ) 
4 117 124 (0 1024 704 ) (0 1024 1280 ) (-384 1024 1280 ) (-384 1024 704 ) 
4 117 118 (-384 1248 704 ) (-384 1824 704 ) (0 1824 704 ) (0 1248 704 ) 
4 117 119 (-384 1024 704 ) (-384 1248 704 ) (0 1248 704 ) (0 1024 704 ) 
4 118 119 (0 1248 288 ) (0 1248 704 ) (-384 1248 704 ) (-384 1248 288 ) 
4 119 124 (0 1024 256 ) (0 1024 704 ) (-384 1024 704 ) (-384 1024 256 ) 
4 119 123 (0 1024 256 ) (-288 1024 256 ) (-288 1248 256 ) (0 1248 256 ) 
4 120 122 (-288 1264 160 ) (-288 1792 160 ) (-128 1792 160 ) (-128 1264 160 ) 
4 120 121 (-128 1792 160 ) (0 1792 160 ) (0 1264 160 ) (-128 1264 160 ) 
4 121 123 (-128 1248 32 ) (0 1248 32 ) (0 1248 160 ) (-128 1248 160 ) 
4 121 122 (-128 1792 160 ) (-128 1792 32 ) (-128 1264 32 ) (-128 1264 160 ) 
4 123 125 (0 1024 32 ) (0 1024 256 ) (-288 1024 256 ) (-288 1024 32 ) 
4 124 128 (0 0 256 ) (0 0 1280 ) (-384 0 1280 ) (-384 0 256 ) 
4 124 126 (-288 0 256 ) (-384 0 256 ) (-384 512 256 ) (-288 512 256 ) 
4 124 125 (0 0 256 ) (-288 0 256 ) (-288 1024 256 ) (0 1024 256 ) 
4 125 128 (0 0 32 ) (0 0 256 ) (-288 0 256 ) (-288 0 32 ) 
4 125 127 (0 512 32 ) (0 0 32 ) (-288 0 32 ) (-288 512 32 ) 
4 125 126 (-288 512 32 ) (-288 0 32 ) (-288 0 256 ) (-288 512 256 ) 
4 126 128 (-288 0 256 ) (-384 0 256 ) (-384 0 32 ) (-288 0 32 ) 
4 126 127 (-384 0 32 ) (-384 512 32 ) (-288 512 32 ) (-288 0 32 ) 
4 127 128 (0 0 -32 ) (0 0 32 ) (-384 0 32 ) (-384 0 -32 ) 
4 128 132 (0 -1024 -32 ) (0 -1024 32 ) (-384 -1024 32 ) (-384 -1024 -32 ) 
4 128 131 (-288 -1024 256 ) (-384 -1024 256 ) (-384 -1024 32 ) (-288 -1024 32 ) 
4 128 130 (0 -1024 32 ) (0 -1024 256 ) (-288 -1024 256 ) (-288 -1024 32 ) 
4 128 129 (0 -1024 256 ) (0 -1024 1280 ) (-384 -1024 1280 ) (-384 -1024 256 ) 
4 129 134 (0 -2048 256 ) (0 -2048 704 ) (-384 -2048 704 ) (-384 -2048 256 ) 
4 129 133 (0 -2048 704 ) (0 -2048 1280 ) (-384 -2048 1280 ) (-384 -2048 704 ) 
4 129 131 (-384 -1536 256 ) (-384 -1024 256 ) (-288 -1024 256 ) (-288 -1536 256 ) 
4 129 130 (0 -2048 256 ) (-288 -2048 256 ) (-288 -1024 256 ) (0 -1024 256 ) 
4 130 136 (0 -2048 32 ) (0 -2048 256 ) (-288 -2048 256 ) (-288 -2048 32 ) 
4 130 132 (-288 -1024 32 ) (0 -1024 32 ) (0 -1536 32 ) (-288 -1536 32 ) 
4 130 131 (-288 -1024 32 ) (-288 -1536 32 ) (-288 -1536 256 ) (-288 -1024 256 ) 
4 131 132 (-384 -1536 32 ) (-384 -1024 32 ) (-288 -1024 32 ) (-288 -1536 32 ) 
4 133 140 (0 -3072 704 ) (0 -3072 1280 ) (-384 -3072 1280 ) (-384 -3072 704 ) 
4 133 135 (-384 -2848 704 ) (-384 -2272 704 ) (0 -2272 704 ) (0 -2848 704 ) 
4 133 134 (-384 -2272 704 ) (-384 -2048 704 ) (0 -2048 704 ) (0 -2272 704 ) 
4 134 136 (-288 -2048 256 ) (0 -2048 256 ) (0 -2272 256 ) (-288 -2272 256 ) 
4 134 135 (0 -2272 288 ) (0 -2272 704 ) (-384 -2272 704 ) (-384 -2272 288 ) 
4 136 138 (-96 -2272 32 ) (0 -2272 32 ) (0 -2272 160 ) (-96 -2272 160 ) 
4 137 139 (-96 -2816 160 ) (-288 -2816 160 ) (-288 -2288 160 ) (-96 -2288 160 ) 
4 137 138 (0 -2288 160 ) (0 -2816 160 ) (-96 -2816 160 ) (-96 -2288 160 ) 
4 138 139 (-96 -2288 32 ) (-96 -2816 32 ) (-96 -2816 160 ) (-96 -2288 160 ) 
