PRT1
127
315
4 1 9 (2048 2080 704 ) (2048 2048 704 ) (2048 2048 1536 ) (2048 2080 1536 ) 
4 1 8 (2048 2816 704 ) (2048 2080 704 ) (2048 2080 1536 ) (2048 2816 1536 ) 
4 1 3 (3072 2048 704 ) (3072 2048 1536 ) (2048 2048 1536 ) (2048 2048 704 ) 
4 1 2 (2048 2048 704 ) (2048 2080 704 ) (2176 2080 704 ) (2176 2048 704 ) 
4 2 9 (2048 2048 288 ) (2048 2048 704 ) (2048 2080 704 ) (2048 2080 288 ) 
4 2 4 (2176 2048 288 ) (2176 2048 704 ) (2048 2048 704 ) (2048 2048 288 ) 
4 3 36 (3072 1024 704 ) (3072 1024 1536 ) (2048 1024 1536 ) (2048 1024 704 ) 
4 3 12 (2048 1024 704 ) (2048 1024 1536 ) (2048 2048 1536 ) (2048 2048 704 ) 
4 3 4 (2048 1248 704 ) (2048 2048 704 ) (2176 2048 704 ) (2176 1248 704 ) 
4 3 5 (2048 1024 704 ) (2048 1248 704 ) (2176 1248 704 ) (2176 1024 704 ) 
4 4 12 (2048 1248 704 ) (2048 2048 704 ) (2048 2048 288 ) (2048 1248 288 ) 
4 4 5 (2176 1248 288 ) (2176 1248 704 ) (2048 1248 704 ) (2048 1248 288 ) 
4 5 37 (2176 1024 704 ) (2080 1024 704 ) (2080 1024 256 ) (2176 1024 256 ) 
4 5 38 (2080 1024 704 ) (2048 1024 704 ) (2048 1024 256 ) (2080 1024 256 ) 
4 5 13 (2048 1024 256 ) (2048 1024 288 ) (2048 1248 288 ) (2048 1248 256 ) 
4 5 12 (2048 1024 288 ) (2048 1024 704 ) (2048 1248 704 ) (2048 1248 288 ) 
4 5 7 (2080 1024 256 ) (2048 1024 256 ) (2048 1248 256 ) (2080 1248 256 ) 
4 6 16 (2048 1264 256 ) (2048 1792 256 ) (2048 1792 32 ) (2048 1264 32 ) 
4 7 38 (2080 1024 256 ) (2048 1024 256 ) (2048 1024 32 ) (2080 1024 32 ) 
4 7 24 (2048 1024 32 ) (2048 1024 160 ) (2048 1248 160 ) (2048 1248 32 ) 
4 7 21 (2048 1024 160 ) (2048 1024 256 ) (2048 1248 256 ) (2048 1248 160 ) 
4 8 10 (1024 2080 704 ) (1024 2080 1536 ) (1024 2816 1536 ) (1024 2816 704 ) 
4 8 9 (1024 2080 1536 ) (1024 2080 704 ) (2048 2080 704 ) (2048 2080 1536 ) 
4 9 12 (2048 2048 288 ) (2048 2048 1536 ) (1024 2048 1536 ) (1024 2048 288 ) 
4 9 11 (1024 2048 288 ) (1024 2048 1536 ) (1024 2080 1536 ) (1024 2080 288 ) 
4 10 92 (0 2080 704 ) (0 2080 1536 ) (0 2816 1536 ) (0 2816 704 ) 
4 10 11 (0 2080 1536 ) (0 2080 704 ) (1024 2080 704 ) (1024 2080 1536 ) 
4 11 93 (0 2048 288 ) (0 2048 704 ) (0 2080 704 ) (0 2080 288 ) 
4 11 92 (0 2048 704 ) (0 2048 1536 ) (0 2080 1536 ) (0 2080 704 ) 
4 11 25 (1024 2048 288 ) (1024 2048 1536 ) (0 2048 1536 ) (0 2048 288 ) 
4 12 42 (2048 1024 288 ) (2048 1024 1536 ) (1024 1024 1536 ) (1024 1024 288 ) 
4 12 25 (1024 2048 1536 ) (1024 2048 288 ) (1024 1024 288 ) (1024 1024 1536 ) 
4 12 14 (1536 1760 288 ) (1536 1024 288 ) (1280 1024 288 ) (1280 1760 288 ) 
4 12 15 (1024 2048 288 ) (1280 2048 288 ) (1280 1024 288 ) (1024 1024 288 ) 
4 12 13 (2048 1248 288 ) (2048 1024 288 ) (1536 1024 288 ) (1536 1248 288 ) 
4 13 42 (2048 1024 256 ) (2048 1024 288 ) (1536 1024 288 ) (1536 1024 256 ) 
4 13 21 (2048 1024 256 ) (1536 1024 256 ) (1536 1248 256 ) (2048 1248 256 ) 
4 13 14 (1536 1248 256 ) (1536 1024 256 ) (1536 1024 288 ) (1536 1248 288 ) 
4 14 42 (1536 1024 288 ) (1280 1024 288 ) (1280 1024 256 ) (1536 1024 256 ) 
4 14 20 (1280 1248 256 ) (1280 1264 256 ) (1536 1264 256 ) (1536 1248 256 ) 
4 14 21 (1536 1024 256 ) (1280 1024 256 ) (1280 1248 256 ) (1536 1248 256 ) 
4 14 18 (1280 1264 256 ) (1280 1760 256 ) (1536 1760 256 ) (1536 1264 256 ) 
4 14 15 (1280 1760 256 ) (1280 1024 256 ) (1280 1024 288 ) (1280 1760 288 ) 
4 15 42 (1280 1024 288 ) (1024 1024 288 ) (1024 1024 256 ) (1280 1024 256 ) 
4 15 26 (1024 2048 288 ) (1024 2048 256 ) (1024 1024 256 ) (1024 1024 288 ) 
4 15 20 (1024 1248 256 ) (1024 1264 256 ) (1280 1264 256 ) (1280 1248 256 ) 
4 15 21 (1280 1024 256 ) (1024 1024 256 ) (1024 1248 256 ) (1280 1248 256 ) 
4 15 19 (1024 1264 256 ) (1024 2048 256 ) (1280 2048 256 ) (1280 1264 256 ) 
4 16 22 (1696 1264 32 ) (1888 1264 32 ) (1888 1264 160 ) (1696 1264 160 ) 
4 16 17 (1552 1616 32 ) (1552 1424 32 ) (1552 1424 160 ) (1552 1616 160 ) 
4 17 18 (1536 1616 32 ) (1536 1424 32 ) (1536 1424 160 ) (1536 1616 160 ) 
4 18 23 (1280 1264 32 ) (1536 1264 32 ) (1536 1264 160 ) (1280 1264 160 ) 
4 18 20 (1536 1264 160 ) (1536 1264 256 ) (1280 1264 256 ) (1280 1264 160 ) 
4 18 19 (1280 1760 32 ) (1280 1264 32 ) (1280 1264 256 ) (1280 1760 256 ) 
4 19 29 (1024 2048 256 ) (1024 2048 32 ) (1024 1264 32 ) (1024 1264 256 ) 
4 19 23 (1024 1264 32 ) (1280 1264 32 ) (1280 1264 160 ) (1024 1264 160 ) 
4 19 20 (1280 1264 160 ) (1280 1264 256 ) (1024 1264 256 ) (1024 1264 160 ) 
4 20 29 (1024 1248 256 ) (1024 1264 256 ) (1024 1264 160 ) (1024 1248 160 ) 
4 20 23 (1024 1248 160 ) (1024 1264 160 ) (1536 1264 160 ) (1536 1248 160 ) 
4 20 21 (1024 1248 160 ) (1536 1248 160 ) (1536 1248 256 ) (1024 1248 256 ) 
4 21 42 (2048 1024 160 ) (2048 1024 256 ) (1024 1024 256 ) (1024 1024 160 ) 
4 21 29 (1024 1024 160 ) (1024 1024 256 ) (1024 1248 256 ) (1024 1248 160 ) 
4 21 24 (2048 1024 160 ) (1024 1024 160 ) (1024 1248 160 ) (2048 1248 160 ) 
4 22 24 (1696 1248 32 ) (1888 1248 32 ) (1888 1248 160 ) (1696 1248 160 ) 
4 23 29 (1024 1264 32 ) (1024 1248 32 ) (1024 1248 160 ) (1024 1264 160 ) 
4 23 24 (1024 1248 32 ) (1536 1248 32 ) (1536 1248 160 ) (1024 1248 160 ) 
4 24 42 (2048 1024 32 ) (2048 1024 160 ) (1024 1024 160 ) (1024 1024 32 ) 
4 24 29 (1024 1248 32 ) (1024 1024 32 ) (1024 1024 160 ) (1024 1248 160 ) 
4 25 95 (0 1248 1536 ) (0 2048 1536 ) (0 2048 288 ) (0 1248 288 ) 
4 25 96 (0 1024 288 ) (0 1024 1536 ) (0 1248 1536 ) (0 1248 288 ) 
4 25 44 (1024 1024 288 ) (1024 1024 1536 ) (0 1024 1536 ) (0 1024 288 ) 
4 25 28 (256 1024 288 ) (0 1024 288 ) (0 1248 288 ) (256 1248 288 ) 
4 25 27 (512 1024 288 ) (256 1024 288 ) (256 1760 288 ) (512 1760 288 ) 
4 25 26 (1024 1024 288 ) (512 1024 288 ) (512 2048 288 ) (1024 2048 288 ) 
4 26 44 (1024 1024 256 ) (1024 1024 288 ) (512 1024 288 ) (512 1024 256 ) 
4 26 29 (1024 1024 256 ) (512 1024 256 ) (512 2048 256 ) (1024 2048 256 ) 
4 26 27 (512 1760 256 ) (512 1024 256 ) (512 1024 288 ) (512 1760 288 ) 
4 27 44 (512 1024 288 ) (256 1024 288 ) (256 1024 256 ) (512 1024 256 ) 
4 27 30 (512 1024 256 ) (256 1024 256 ) (256 1760 256 ) (512 1760 256 ) 
4 27 28 (256 1248 256 ) (256 1024 256 ) (256 1024 288 ) (256 1248 288 ) 
4 28 96 (0 1024 256 ) (0 1024 288 ) (0 1248 288 ) (0 1248 256 ) 
4 28 44 (256 1024 288 ) (0 1024 288 ) (0 1024 256 ) (256 1024 256 ) 
4 28 35 (64 1024 256 ) (0 1024 256 ) (0 1248 256 ) (64 1248 256 ) 
4 28 33 (256 1024 256 ) (64 1024 256 ) (64 1248 256 ) (256 1248 256 ) 
4 29 44 (1024 1024 32 ) (1024 1024 256 ) (512 1024 256 ) (512 1024 32 ) 
4 29 30 (512 1760 32 ) (512 1024 32 ) (512 1024 256 ) (512 1760 256 ) 
4 30 44 (512 1024 256 ) (256 1024 256 ) (256 1024 32 ) (512 1024 32 ) 
4 30 33 (256 1248 32 ) (256 1024 32 ) (256 1024 256 ) (256 1248 256 ) 
4 30 31 (256 1632 32 ) (256 1440 32 ) (256 1440 160 ) (256 1632 160 ) 
4 31 32 (240 1632 32 ) (240 1440 32 ) (240 1440 160 ) (240 1632 160 ) 
4 32 98 (0 1264 256 ) (0 1792 256 ) (0 1792 32 ) (0 1264 32 ) 
4 32 34 (0 1264 32 ) (64 1264 32 ) (64 1264 160 ) (0 1264 160 ) 
4 33 44 (256 1024 256 ) (64 1024 256 ) (64 1024 32 ) (256 1024 32 ) 
4 33 35 (64 1248 32 ) (64 1024 32 ) (64 1024 256 ) (64 1248 256 ) 
4 34 99 (0 1264 160 ) (0 1264 32 ) (0 1248 32 ) (0 1248 160 ) 
4 34 35 (0 1248 32 ) (64 1248 32 ) (64 1248 160 ) (0 1248 160 ) 
4 35 100 (0 1024 32 ) (0 1024 256 ) (0 1248 256 ) (0 1248 32 ) 
4 35 44 (64 1024 256 ) (0 1024 256 ) (0 1024 32 ) (64 1024 32 ) 
4 36 42 (2048 1024 1536 ) (2048 1024 704 ) (2048 0 704 ) (2048 0 1536 ) 
4 36 40 (3072 0 704 ) (3072 0 1536 ) (2048 0 1536 ) (2048 0 704 ) 
4 36 39 (2048 0 704 ) (2048 512 704 ) (2176 512 704 ) (2176 0 704 ) 
4 36 37 (2080 1024 704 ) (2176 1024 704 ) (2176 512 704 ) (2080 512 704 ) 
4 36 38 (2048 512 704 ) (2048 1024 704 ) (2080 1024 704 ) (2080 512 704 ) 
4 37 39 (2176 512 256 ) (2176 512 704 ) (2080 512 704 ) (2080 512 256 ) 
4 37 38 (2080 512 256 ) (2080 512 704 ) (2080 1024 704 ) (2080 1024 256 ) 
4 38 42 (2048 1024 704 ) (2048 1024 32 ) (2048 512 32 ) (2048 512 704 ) 
4 38 39 (2080 512 704 ) (2048 512 704 ) (2048 512 32 ) (2080 512 32 ) 
4 39 43 (2048 0 -32 ) (2048 0 32 ) (2048 512 32 ) (2048 512 -32 ) 
4 39 42 (2048 0 32 ) (2048 0 704 ) (2048 512 704 ) (2048 512 32 ) 
4 39 41 (2176 0 -32 ) (2176 0 704 ) (2048 0 704 ) (2048 0 -32 ) 
4 40 48 (3072 -1024 704 ) (3072 -1024 1536 ) (2048 -1024 1536 ) (2048 -1024 704 ) 
4 40 46 (2048 -1024 704 ) (2048 -1024 1536 ) (2048 0 1536 ) (2048 0 704 ) 
4 40 41 (2176 -1024 704 ) (2048 -1024 704 ) (2048 0 704 ) (2176 0 704 ) 
4 41 49 (2176 -1024 704 ) (2048 -1024 704 ) (2048 -1024 -32 ) (2176 -1024 -32 ) 
4 41 46 (2048 -1024 -32 ) (2048 -1024 704 ) (2048 0 704 ) (2048 0 -32 ) 
4 42 46 (2048 0 32 ) (2048 0 1536 ) (1024 0 1536 ) (1024 0 32 ) 
4 42 44 (1024 1024 1536 ) (1024 1024 32 ) (1024 0 32 ) (1024 0 1536 ) 
4 42 43 (2048 0 32 ) (1024 0 32 ) (1024 512 32 ) (2048 512 32 ) 
4 43 46 (2048 0 -32 ) (2048 0 32 ) (1024 0 32 ) (1024 0 -32 ) 
4 43 45 (1024 0 -32 ) (1024 0 32 ) (1024 512 32 ) (1024 512 -32 ) 
4 44 105 (0 0 32 ) (0 0 704 ) (0 512 704 ) (0 512 32 ) 
4 44 103 (0 512 704 ) (0 1024 704 ) (0 1024 32 ) (0 512 32 ) 
4 44 102 (0 0 704 ) (0 0 1536 ) (0 1024 1536 ) (0 1024 704 ) 
4 44 47 (1024 0 32 ) (1024 0 1536 ) (0 0 1536 ) (0 0 32 ) 
4 44 45 (1024 512 32 ) (1024 0 32 ) (0 0 32 ) (0 512 32 ) 
4 45 105 (0 0 -32 ) (0 0 32 ) (0 512 32 ) (0 512 -32 ) 
4 45 47 (1024 0 -32 ) (1024 0 32 ) (0 0 32 ) (0 0 -32 ) 
4 46 58 (2048 -1024 -32 ) (2048 -1024 32 ) (1024 -1024 32 ) (1024 -1024 -32 ) 
4 46 57 (2048 -1024 32 ) (2048 -1024 1536 ) (1024 -1024 1536 ) (1024 -1024 32 ) 
4 46 47 (1024 0 1536 ) (1024 0 -32 ) (1024 -1024 -32 ) (1024 -1024 1536 ) 
4 47 108 (0 -1024 -32 ) (0 -1024 704 ) (0 0 704 ) (0 0 -32 ) 
4 47 107 (0 -1024 704 ) (0 -1024 1536 ) (0 0 1536 ) (0 0 704 ) 
4 47 60 (1024 -1024 -32 ) (1024 -1024 32 ) (0 -1024 32 ) (0 -1024 -32 ) 
4 47 59 (1024 -1024 32 ) (1024 -1024 1536 ) (0 -1024 1536 ) (0 -1024 32 ) 
4 48 57 (2048 -1024 1536 ) (2048 -1024 704 ) (2048 -2048 704 ) (2048 -2048 1536 ) 
4 48 53 (2176 -2048 1536 ) (2048 -2048 1536 ) (2048 -2048 704 ) (2176 -2048 704 ) 
4 48 52 (3072 -2048 704 ) (3072 -2048 1536 ) (2176 -2048 1536 ) (2176 -2048 704 ) 
4 48 50 (2080 -1536 704 ) (2176 -1536 704 ) (2176 -2048 704 ) (2080 -2048 704 ) 
4 48 51 (2048 -2048 704 ) (2048 -1536 704 ) (2080 -1536 704 ) (2080 -2048 704 ) 
4 48 49 (2048 -1536 704 ) (2048 -1024 704 ) (2176 -1024 704 ) (2176 -1536 704 ) 
4 49 58 (2048 -1024 32 ) (2048 -1024 -32 ) (2048 -1536 -32 ) (2048 -1536 32 ) 
4 49 57 (2048 -1024 704 ) (2048 -1024 32 ) (2048 -1536 32 ) (2048 -1536 704 ) 
4 49 50 (2176 -1536 256 ) (2176 -1536 704 ) (2080 -1536 704 ) (2080 -1536 256 ) 
4 49 51 (2080 -1536 704 ) (2048 -1536 704 ) (2048 -1536 32 ) (2080 -1536 32 ) 
4 50 54 (2176 -2048 256 ) (2176 -2048 288 ) (2080 -2048 288 ) (2080 -2048 256 ) 
4 50 53 (2176 -2048 288 ) (2176 -2048 704 ) (2080 -2048 704 ) (2080 -2048 288 ) 
4 50 51 (2080 -1536 704 ) (2080 -1536 256 ) (2080 -2048 256 ) (2080 -2048 704 ) 
4 51 57 (2048 -2048 32 ) (2048 -2048 704 ) (2048 -1536 704 ) (2048 -1536 32 ) 
4 51 55 (2048 -2048 256 ) (2048 -2048 32 ) (2080 -2048 32 ) (2080 -2048 256 ) 
4 51 54 (2048 -2048 288 ) (2048 -2048 256 ) (2080 -2048 256 ) (2080 -2048 288 ) 
4 51 53 (2080 -2048 704 ) (2048 -2048 704 ) (2048 -2048 288 ) (2080 -2048 288 ) 
4 52 86 (3072 -3072 704 ) (3072 -3072 1536 ) (2176 -3072 1536 ) (2176 -3072 704 ) 
4 52 53 (2176 -2048 1536 ) (2176 -2048 704 ) (2176 -3072 704 ) (2176 -3072 1536 ) 
4 53 87 (2176 -3072 288 ) (2176 -3072 704 ) (2048 -3072 704 ) (2048 -3072 288 ) 
4 53 86 (2176 -3072 704 ) (2176 -3072 1536 ) (2048 -3072 1536 ) (2048 -3072 704 ) 
4 53 61 (2048 -3072 288 ) (2048 -3072 1536 ) (2048 -2048 1536 ) (2048 -2048 288 ) 
4 53 54 (2048 -2272 288 ) (2048 -2048 288 ) (2176 -2048 288 ) (2176 -2272 288 ) 
4 54 62 (2048 -2272 288 ) (2048 -2048 288 ) (2048 -2048 256 ) (2048 -2272 256 ) 
4 54 55 (2048 -2272 256 ) (2048 -2048 256 ) (2080 -2048 256 ) (2080 -2272 256 ) 
4 55 69 (2048 -2048 160 ) (2048 -2048 32 ) (2048 -2272 32 ) (2048 -2272 160 ) 
4 55 65 (2048 -2272 256 ) (2048 -2048 256 ) (2048 -2048 160 ) (2048 -2272 160 ) 
4 56 71 (2048 -2288 160 ) (2048 -2288 32 ) (2048 -2816 32 ) (2048 -2816 160 ) 
4 56 66 (2048 -2816 256 ) (2048 -2288 256 ) (2048 -2288 160 ) (2048 -2816 160 ) 
4 57 73 (1536 -2048 160 ) (1280 -2048 160 ) (1280 -2048 32 ) (1536 -2048 32 ) 
4 57 74 (1280 -2048 160 ) (1024 -2048 160 ) (1024 -2048 32 ) (1280 -2048 32 ) 
4 57 69 (2048 -2048 32 ) (2048 -2048 160 ) (1536 -2048 160 ) (1536 -2048 32 ) 
4 57 67 (1536 -2048 256 ) (1280 -2048 256 ) (1280 -2048 160 ) (1536 -2048 160 ) 
4 57 68 (1280 -2048 256 ) (1024 -2048 256 ) (1024 -2048 160 ) (1280 -2048 160 ) 
4 57 65 (2048 -2048 160 ) (2048 -2048 256 ) (1536 -2048 256 ) (1536 -2048 160 ) 
4 57 63 (1536 -2048 288 ) (1280 -2048 288 ) (1280 -2048 256 ) (1536 -2048 256 ) 
4 57 64 (1280 -2048 288 ) (1024 -2048 288 ) (1024 -2048 256 ) (1280 -2048 256 ) 
4 57 62 (2048 -2048 256 ) (2048 -2048 288 ) (1536 -2048 288 ) (1536 -2048 256 ) 
4 57 61 (2048 -2048 288 ) (2048 -2048 1536 ) (1024 -2048 1536 ) (1024 -2048 288 ) 
4 57 59 (1024 -1024 1536 ) (1024 -1024 32 ) (1024 -2048 32 ) (1024 -2048 1536 ) 
4 57 58 (1024 -1536 32 ) (1024 -1024 32 ) (2048 -1024 32 ) (2048 -1536 32 ) 
4 58 60 (1024 -1024 32 ) (1024 -1024 -32 ) (1024 -1536 -32 ) (1024 -1536 32 ) 
4 59 112 (0 -2048 32 ) (0 -2048 704 ) (0 -1536 704 ) (0 -1536 32 ) 
4 59 111 (0 -1536 704 ) (0 -1024 704 ) (0 -1024 32 ) (0 -1536 32 ) 
4 59 110 (0 -2048 704 ) (0 -2048 1536 ) (0 -1024 1536 ) (0 -1024 704 ) 
4 59 82 (96 -2048 32 ) (256 -2048 32 ) (256 -2048 160 ) (96 -2048 160 ) 
4 59 83 (0 -2048 160 ) (0 -2048 32 ) (96 -2048 32 ) (96 -2048 160 ) 
4 59 80 (0 -2048 256 ) (0 -2048 160 ) (256 -2048 160 ) (256 -2048 256 ) 
4 59 79 (0 -2048 288 ) (0 -2048 256 ) (256 -2048 256 ) (256 -2048 288 ) 
4 59 78 (256 -2048 1536 ) (0 -2048 1536 ) (0 -2048 288 ) (256 -2048 288 ) 
4 59 76 (512 -2048 1536 ) (256 -2048 1536 ) (256 -2048 32 ) (512 -2048 32 ) 
4 59 75 (1024 -2048 32 ) (1024 -2048 1536 ) (512 -2048 1536 ) (512 -2048 32 ) 
4 59 60 (1024 -1024 32 ) (1024 -1536 32 ) (0 -1536 32 ) (0 -1024 32 ) 
4 60 111 (0 -1536 -32 ) (0 -1536 32 ) (0 -1024 32 ) (0 -1024 -32 ) 
4 61 88 (2048 -3072 288 ) (2048 -3072 1536 ) (1024 -3072 1536 ) (1024 -3072 288 ) 
4 61 75 (1024 -2048 1536 ) (1024 -2048 288 ) (1024 -3072 288 ) (1024 -3072 1536 ) 
4 61 63 (1280 -2048 288 ) (1536 -2048 288 ) (1536 -2736 288 ) (1280 -2736 288 ) 
4 61 64 (1024 -2048 288 ) (1280 -2048 288 ) (1280 -3072 288 ) (1024 -3072 288 ) 
4 61 62 (1536 -2048 288 ) (2048 -2048 288 ) (2048 -2272 288 ) (1536 -2272 288 ) 
4 62 65 (1536 -2272 256 ) (1536 -2048 256 ) (2048 -2048 256 ) (2048 -2272 256 ) 
4 62 63 (1536 -2048 256 ) (1536 -2272 256 ) (1536 -2272 288 ) (1536 -2048 288 ) 
4 63 67 (1280 -2736 256 ) (1280 -2048 256 ) (1536 -2048 256 ) (1536 -2736 256 ) 
4 63 64 (1280 -2048 256 ) (1280 -2736 256 ) (1280 -2736 288 ) (1280 -2048 288 ) 
4 64 75 (1024 -2048 288 ) (1024 -2048 256 ) (1024 -3072 256 ) (1024 -3072 288 ) 
4 64 68 (1280 -3072 256 ) (1024 -3072 256 ) (1024 -2048 256 ) (1280 -2048 256 ) 
4 65 69 (1536 -2048 160 ) (2048 -2048 160 ) (2048 -2272 160 ) (1536 -2272 160 ) 
4 65 67 (1536 -2048 160 ) (1536 -2272 160 ) (1536 -2272 256 ) (1536 -2048 256 ) 
4 66 71 (2048 -2288 160 ) (2048 -2816 160 ) (1552 -2816 160 ) (1552 -2288 160 ) 
4 67 73 (1280 -2048 160 ) (1536 -2048 160 ) (1536 -2736 160 ) (1280 -2736 160 ) 
4 67 68 (1280 -2048 160 ) (1280 -2736 160 ) (1280 -2736 256 ) (1280 -2048 256 ) 
4 68 75 (1024 -2048 256 ) (1024 -2048 160 ) (1024 -3072 160 ) (1024 -3072 256 ) 
4 68 74 (1024 -2048 160 ) (1280 -2048 160 ) (1280 -3072 160 ) (1024 -3072 160 ) 
4 69 73 (1536 -2048 32 ) (1536 -2272 32 ) (1536 -2272 160 ) (1536 -2048 160 ) 
4 69 70 (1728 -2272 32 ) (1920 -2272 32 ) (1920 -2272 160 ) (1728 -2272 160 ) 
4 70 71 (1728 -2288 32 ) (1920 -2288 32 ) (1920 -2288 160 ) (1728 -2288 160 ) 
4 71 72 (1552 -2464 32 ) (1552 -2656 32 ) (1552 -2656 160 ) (1552 -2464 160 ) 
4 72 73 (1536 -2464 32 ) (1536 -2656 32 ) (1536 -2656 160 ) (1536 -2464 160 ) 
4 73 74 (1280 -2048 32 ) (1280 -2736 32 ) (1280 -2736 160 ) (1280 -2048 160 ) 
4 74 75 (1024 -2048 160 ) (1024 -2048 32 ) (1024 -3072 32 ) (1024 -3072 160 ) 
4 75 90 (1024 -3072 288 ) (1024 -3072 1536 ) (512 -3072 1536 ) (512 -3072 288 ) 
4 75 77 (512 -3072 288 ) (512 -3072 1536 ) (512 -2736 1536 ) (512 -2736 288 ) 
4 75 76 (512 -2048 32 ) (512 -2736 32 ) (512 -2736 1536 ) (512 -2048 1536 ) 
4 76 84 (256 -2448 32 ) (256 -2640 32 ) (256 -2640 160 ) (256 -2448 160 ) 
4 76 82 (256 -2048 160 ) (256 -2048 32 ) (256 -2272 32 ) (256 -2272 160 ) 
4 76 80 (256 -2048 256 ) (256 -2048 160 ) (256 -2272 160 ) (256 -2272 256 ) 
4 76 79 (256 -2048 288 ) (256 -2048 256 ) (256 -2272 256 ) (256 -2272 288 ) 
4 76 78 (256 -2736 1536 ) (256 -2048 1536 ) (256 -2048 288 ) (256 -2736 288 ) 
4 76 77 (512 -2736 288 ) (512 -2736 1536 ) (256 -2736 1536 ) (256 -2736 288 ) 
4 77 90 (512 -3072 1536 ) (256 -3072 1536 ) (256 -3072 288 ) (512 -3072 288 ) 
4 77 78 (256 -3072 288 ) (256 -3072 1536 ) (256 -2736 1536 ) (256 -2736 288 ) 
4 78 117 (0 -3072 288 ) (0 -3072 704 ) (0 -2272 704 ) (0 -2272 288 ) 
4 78 116 (0 -2272 704 ) (0 -2048 704 ) (0 -2048 288 ) (0 -2272 288 ) 
4 78 115 (0 -3072 704 ) (0 -3072 1536 ) (0 -2048 1536 ) (0 -2048 704 ) 
4 78 90 (0 -3072 1536 ) (0 -3072 288 ) (256 -3072 288 ) (256 -3072 1536 ) 
4 78 79 (0 -2048 288 ) (256 -2048 288 ) (256 -2272 288 ) (0 -2272 288 ) 
4 79 116 (0 -2272 288 ) (0 -2048 288 ) (0 -2048 256 ) (0 -2272 256 ) 
4 79 80 (0 -2272 256 ) (0 -2048 256 ) (256 -2048 256 ) (256 -2272 256 ) 
4 80 118 (0 -2272 256 ) (0 -2048 256 ) (0 -2048 160 ) (0 -2272 160 ) 
4 80 82 (96 -2048 160 ) (256 -2048 160 ) (256 -2272 160 ) (96 -2272 160 ) 
4 80 83 (0 -2048 160 ) (96 -2048 160 ) (96 -2272 160 ) (0 -2272 160 ) 
4 81 119 (0 -2816 256 ) (0 -2288 256 ) (0 -2288 160 ) (0 -2816 160 ) 
4 81 85 (0 -2816 160 ) (0 -2288 160 ) (240 -2288 160 ) (240 -2816 160 ) 
4 82 83 (96 -2048 32 ) (96 -2272 32 ) (96 -2272 160 ) (96 -2048 160 ) 
4 83 121 (0 -2288 160 ) (0 -2272 160 ) (0 -2272 32 ) (0 -2288 32 ) 
4 83 120 (0 -2272 160 ) (0 -2048 160 ) (0 -2048 32 ) (0 -2272 32 ) 
4 83 85 (0 -2288 32 ) (96 -2288 32 ) (96 -2288 160 ) (0 -2288 160 ) 
4 84 85 (240 -2448 32 ) (240 -2640 32 ) (240 -2640 160 ) (240 -2448 160 ) 
4 85 121 (0 -2816 160 ) (0 -2288 160 ) (0 -2288 32 ) (0 -2816 32 ) 
4 86 89 (2048 -3104 704 ) (2048 -3840 704 ) (2048 -3840 1536 ) (2048 -3104 1536 ) 
4 86 88 (2048 -3072 1536 ) (2048 -3072 704 ) (2048 -3104 704 ) (2048 -3104 1536 ) 
4 86 87 (2048 -3104 704 ) (2048 -3072 704 ) (2176 -3072 704 ) (2176 -3104 704 ) 
4 87 88 (2048 -3072 704 ) (2048 -3072 288 ) (2048 -3104 288 ) (2048 -3104 704 ) 
4 88 90 (1024 -3104 288 ) (1024 -3104 1536 ) (1024 -3072 1536 ) (1024 -3072 288 ) 
4 88 89 (2048 -3104 704 ) (2048 -3104 1536 ) (1024 -3104 1536 ) (1024 -3104 704 ) 
4 89 91 (1024 -3840 1536 ) (1024 -3104 1536 ) (1024 -3104 704 ) (1024 -3840 704 ) 
4 90 125 (0 -3104 288 ) (0 -3104 704 ) (0 -3072 704 ) (0 -3072 288 ) 
4 90 124 (0 -3104 704 ) (0 -3104 1536 ) (0 -3072 1536 ) (0 -3072 704 ) 
4 90 91 (1024 -3104 704 ) (1024 -3104 1536 ) (0 -3104 1536 ) (0 -3104 704 ) 
4 91 124 (0 -3840 1536 ) (0 -3104 1536 ) (0 -3104 704 ) (0 -3840 704 ) 
4 92 97 (-384 2048 1536 ) (-1024 2048 1536 ) (-1024 2048 704 ) (-384 2048 704 ) 
4 92 95 (0 2048 704 ) (0 2048 1536 ) (-384 2048 1536 ) (-384 2048 704 ) 
4 92 94 (-1024 2048 704 ) (-1024 2048 1536 ) (-1024 2816 1536 ) (-1024 2816 704 ) 
4 92 93 (-384 2080 704 ) (0 2080 704 ) (0 2048 704 ) (-384 2048 704 ) 
4 93 95 (0 2048 288 ) (0 2048 704 ) (-384 2048 704 ) (-384 2048 288 ) 
4 94 101 (-1280 2048 704 ) (-1024 2048 704 ) (-1024 2048 1536 ) (-1280 2048 1536 ) 
4 95 97 (-384 1248 704 ) (-384 1248 1536 ) (-384 2048 1536 ) (-384 2048 704 ) 
4 95 96 (-384 1248 1536 ) (-384 1248 288 ) (0 1248 288 ) (0 1248 1536 ) 
4 96 104 (-288 1024 704 ) (-384 1024 704 ) (-384 1024 256 ) (-288 1024 256 ) 
4 96 103 (0 1024 256 ) (0 1024 704 ) (-288 1024 704 ) (-288 1024 256 ) 
4 96 102 (0 1024 704 ) (0 1024 1536 ) (-384 1024 1536 ) (-384 1024 704 ) 
4 96 100 (0 1248 256 ) (0 1024 256 ) (-288 1024 256 ) (-288 1248 256 ) 
4 96 97 (-384 1024 704 ) (-384 1024 1536 ) (-384 1248 1536 ) (-384 1248 704 ) 
4 97 102 (-384 1024 1536 ) (-1024 1024 1536 ) (-1024 1024 704 ) (-384 1024 704 ) 
4 97 101 (-1024 2048 1536 ) (-1024 2048 704 ) (-1024 1024 704 ) (-1024 1024 1536 ) 
4 98 99 (-128 1264 32 ) (0 1264 32 ) (0 1264 160 ) (-128 1264 160 ) 
4 99 100 (0 1248 32 ) (0 1248 160 ) (-128 1248 160 ) (-128 1248 32 ) 
4 100 103 (0 1024 32 ) (0 1024 256 ) (-288 1024 256 ) (-288 1024 32 ) 
4 101 106 (-1024 1024 704 ) (-1024 1024 1536 ) (-1280 1024 1536 ) (-1280 1024 704 ) 
4 102 107 (0 0 704 ) (0 0 1536 ) (-1024 0 1536 ) (-1024 0 704 ) 
4 102 106 (-1024 0 704 ) (-1024 0 1536 ) (-1024 1024 1536 ) (-1024 1024 704 ) 
4 102 105 (0 0 704 ) (-384 0 704 ) (-384 512 704 ) (0 512 704 ) 
4 102 104 (-384 512 704 ) (-384 1024 704 ) (-288 1024 704 ) (-288 512 704 ) 
4 102 103 (-288 1024 704 ) (0 1024 704 ) (0 512 704 ) (-288 512 704 ) 
4 103 105 (-288 512 32 ) (0 512 32 ) (0 512 704 ) (-288 512 704 ) 
4 103 104 (-288 512 256 ) (-288 512 704 ) (-288 1024 704 ) (-288 1024 256 ) 
4 104 105 (-384 512 704 ) (-384 512 256 ) (-288 512 256 ) (-288 512 704 ) 
4 105 108 (0 0 -32 ) (0 0 704 ) (-384 0 704 ) (-384 0 -32 ) 
4 106 109 (-1024 0 704 ) (-1024 0 1536 ) (-1280 0 1536 ) (-1280 0 704 ) 
4 107 110 (0 -1024 704 ) (0 -1024 1536 ) (-1024 -1024 1536 ) (-1024 -1024 704 ) 
4 107 109 (-1024 0 1536 ) (-1024 0 704 ) (-1024 -1024 704 ) (-1024 -1024 1536 ) 
4 107 108 (-384 0 704 ) (0 0 704 ) (0 -1024 704 ) (-384 -1024 704 ) 
4 108 111 (0 -1024 -32 ) (0 -1024 704 ) (-384 -1024 704 ) (-384 -1024 -32 ) 
4 109 114 (-1024 -1024 704 ) (-1024 -1024 1536 ) (-1280 -1024 1536 ) (-1280 -1024 704 ) 
4 110 115 (0 -2048 704 ) (0 -2048 1536 ) (-1024 -2048 1536 ) (-1024 -2048 704 ) 
4 110 114 (-1024 -2048 704 ) (-1024 -2048 1536 ) (-1024 -1024 1536 ) (-1024 -1024 704 ) 
4 110 113 (-288 -2048 704 ) (-384 -2048 704 ) (-384 -1536 704 ) (-288 -1536 704 ) 
4 110 112 (0 -2048 704 ) (-288 -2048 704 ) (-288 -1536 704 ) (0 -1536 704 ) 
4 110 111 (-384 -1536 704 ) (-384 -1024 704 ) (0 -1024 704 ) (0 -1536 704 ) 
4 111 113 (-384 -1536 704 ) (-384 -1536 256 ) (-288 -1536 256 ) (-288 -1536 704 ) 
4 111 112 (-288 -1536 32 ) (0 -1536 32 ) (0 -1536 704 ) (-288 -1536 704 ) 
4 112 120 (0 -2048 32 ) (0 -2048 160 ) (-288 -2048 160 ) (-288 -2048 32 ) 
4 112 118 (0 -2048 160 ) (0 -2048 256 ) (-288 -2048 256 ) (-288 -2048 160 ) 
4 112 116 (0 -2048 256 ) (0 -2048 704 ) (-288 -2048 704 ) (-288 -2048 256 ) 
4 112 113 (-288 -1536 704 ) (-288 -1536 256 ) (-288 -2048 256 ) (-288 -2048 704 ) 
4 113 116 (-288 -2048 704 ) (-384 -2048 704 ) (-384 -2048 256 ) (-288 -2048 256 ) 
4 114 123 (-1024 -2048 704 ) (-1024 -2048 1536 ) (-1280 -2048 1536 ) (-1280 -2048 704 ) 
4 115 124 (0 -3072 704 ) (0 -3072 1536 ) (-1024 -3072 1536 ) (-1024 -3072 704 ) 
4 115 123 (-1024 -2048 1536 ) (-1024 -2048 704 ) (-1024 -3072 704 ) (-1024 -3072 1536 ) 
4 115 117 (0 -3072 704 ) (-384 -3072 704 ) (-384 -2272 704 ) (0 -2272 704 ) 
4 115 116 (-384 -2272 704 ) (-384 -2048 704 ) (0 -2048 704 ) (0 -2272 704 ) 
4 116 118 (-288 -2048 256 ) (0 -2048 256 ) (0 -2272 256 ) (-288 -2272 256 ) 
4 116 117 (-384 -2272 704 ) (-384 -2272 288 ) (0 -2272 288 ) (0 -2272 704 ) 
4 117 125 (0 -3072 288 ) (0 -3072 704 ) (-384 -3072 704 ) (-384 -3072 288 ) 
4 118 120 (-288 -2048 160 ) (0 -2048 160 ) (0 -2272 160 ) (-288 -2272 160 ) 
4 119 122 (-96 -2816 160 ) (-288 -2816 160 ) (-288 -2288 160 ) (-96 -2288 160 ) 
4 119 121 (0 -2288 160 ) (0 -2816 160 ) (-96 -2816 160 ) (-96 -2288 160 ) 
4 120 121 (-96 -2272 32 ) (0 -2272 32 ) (0 -2272 160 ) (-96 -2272 160 ) 
4 121 122 (-96 -2288 32 ) (-96 -2816 32 ) (-96 -2816 160 ) (-96 -2288 160 ) 
4 123 126 (-1024 -3072 704 ) (-1024 -3072 1536 ) (-1280 -3072 1536 ) (-1280 -3072 704 ) 
4 124 126 (-1024 -3072 1536 ) (-1024 -3072 704 ) (-1024 -3840 704 ) (-1024 -3840 1536 ) 
4 124 125 (-384 -3072 704 ) (0 -3072 704 ) (0 -3104 704 ) (-384 -3104 704 ) 
