PRT1
122
332
4 0 105 (-192 0 1919 ) (-1024 0 1919 ) (-1024 0 512 ) (-192 0 512 ) 
4 0 98 (0 0 512 ) (0 0 1919 ) (-192 0 1919 ) (-192 0 512 ) 
4 0 10 (-832 976 512 ) (-641 976 512 ) (-641 896 512 ) (-832 896 512 ) 
4 0 6 (-816 1023 512 ) (-800 1023 512 ) (-800 976 512 ) (-816 976 512 ) 
4 0 4 (-800 1023 512 ) (-784 1023 512 ) (-784 976 512 ) (-800 976 512 ) 
4 0 3 (-784 1023 512 ) (-768 1023 512 ) (-768 976 512 ) (-784 976 512 ) 
4 0 2 (-768 1023 512 ) (-641 1023 512 ) (-641 976 512 ) (-768 976 512 ) 
4 1 106 (-192 0 511 ) (-352 0 511 ) (-352 0 448 ) (-192 0 448 ) 
4 1 109 (-352 0 511 ) (-640 0 511 ) (-640 0 448 ) (-352 0 448 ) 
4 1 99 (0 0 448 ) (0 0 511 ) (-192 0 511 ) (-192 0 448 ) 
4 1 71 (-191 0 448 ) (-192 0 448 ) (-192 704 448 ) (-191 704 448 ) 
4 1 70 (0 0 448 ) (-191 0 448 ) (-191 704 448 ) (0 704 448 ) 
4 1 72 (-192 0 448 ) (-640 0 448 ) (-640 704 448 ) (-192 704 448 ) 
4 1 61 (-640 704 448 ) (-640 832 448 ) (-192 832 448 ) (-192 704 448 ) 
4 1 57 (-640 832 448 ) (-640 896 448 ) (-192 896 448 ) (-192 832 448 ) 
4 1 23 (-640 896 448 ) (-640 960 448 ) (-192 960 448 ) (-192 896 448 ) 
4 1 18 (-640 960 448 ) (-640 1023 448 ) (-192 1023 448 ) (-192 960 448 ) 
4 1 15 (-191 896 448 ) (-191 832 448 ) (-192 832 448 ) (-192 896 448 ) 
4 1 14 (-192 1023 448 ) (-191 1023 448 ) (-191 896 448 ) (-192 896 448 ) 
4 1 16 (-191 832 448 ) (-191 704 448 ) (-192 704 448 ) (-192 832 448 ) 
4 1 13 (-191 1023 448 ) (0 1023 448 ) (0 704 448 ) (-191 704 448 ) 
4 1 12 (-640 703 448 ) (-640 0 448 ) (-640 0 511 ) (-640 703 511 ) 
4 2 37 (-752 1023 448 ) (-736 1023 448 ) (-736 976 448 ) (-752 976 448 ) 
4 2 35 (-736 1023 448 ) (-720 1023 448 ) (-720 976 448 ) (-736 976 448 ) 
4 2 33 (-720 1023 448 ) (-704 1023 448 ) (-704 976 448 ) (-720 976 448 ) 
4 2 20 (-704 1023 448 ) (-641 1023 448 ) (-641 976 448 ) (-704 976 448 ) 
4 2 11 (-768 976 448 ) (-641 976 448 ) (-641 976 511 ) (-768 976 511 ) 
4 2 10 (-641 976 511 ) (-641 976 512 ) (-768 976 512 ) (-768 976 511 ) 
4 2 3 (-768 976 464 ) (-768 976 512 ) (-768 1023 512 ) (-768 1023 464 ) 
4 3 11 (-768 976 464 ) (-768 976 511 ) (-784 976 511 ) (-784 976 464 ) 
4 3 10 (-768 976 511 ) (-768 976 512 ) (-784 976 512 ) (-784 976 511 ) 
4 3 4 (-784 976 480 ) (-784 976 512 ) (-784 1023 512 ) (-784 1023 480 ) 
4 4 11 (-784 976 480 ) (-784 976 511 ) (-800 976 511 ) (-800 976 480 ) 
4 4 10 (-784 976 511 ) (-784 976 512 ) (-800 976 512 ) (-800 976 511 ) 
4 4 6 (-800 976 496 ) (-800 976 512 ) (-800 1023 512 ) (-800 1023 496 ) 
4 5 40 (-800 1023 448 ) (-784 1023 448 ) (-784 976 448 ) (-800 976 448 ) 
4 5 11 (-800 976 448 ) (-784 976 448 ) (-784 976 464 ) (-800 976 464 ) 
4 5 7 (-800 1023 448 ) (-800 976 448 ) (-800 976 464 ) (-800 1023 464 ) 
4 6 11 (-800 976 496 ) (-800 976 511 ) (-816 976 511 ) (-816 976 496 ) 
4 6 10 (-800 976 511 ) (-800 976 512 ) (-816 976 512 ) (-816 976 511 ) 
4 7 40 (-816 1023 448 ) (-800 1023 448 ) (-800 976 448 ) (-816 976 448 ) 
4 7 11 (-816 976 448 ) (-800 976 448 ) (-800 976 480 ) (-816 976 480 ) 
4 7 8 (-816 1023 448 ) (-816 976 448 ) (-816 976 480 ) (-816 1023 480 ) 
4 8 40 (-832 1023 448 ) (-816 1023 448 ) (-816 976 448 ) (-832 976 448 ) 
4 8 11 (-832 976 448 ) (-816 976 448 ) (-816 976 496 ) (-832 976 496 ) 
4 8 9 (-832 1023 448 ) (-832 976 448 ) (-832 976 496 ) (-832 1023 496 ) 
4 9 40 (-1024 976 448 ) (-1024 1023 448 ) (-832 1023 448 ) (-832 976 448 ) 
4 9 11 (-1024 976 448 ) (-832 976 448 ) (-832 976 511 ) (-1024 976 511 ) 
4 10 11 (-832 976 511 ) (-641 976 511 ) (-641 896 511 ) (-832 896 511 ) 
4 11 61 (-1024 704 448 ) (-1024 832 448 ) (-641 832 448 ) (-641 704 448 ) 
4 11 58 (-1024 832 448 ) (-1024 896 448 ) (-641 896 448 ) (-641 832 448 ) 
4 11 41 (-1024 896 448 ) (-1024 976 448 ) (-704 976 448 ) (-704 896 448 ) 
4 11 31 (-641 928 448 ) (-641 896 448 ) (-688 896 448 ) (-688 928 448 ) 
4 11 29 (-641 944 448 ) (-641 928 448 ) (-688 928 448 ) (-688 944 448 ) 
4 11 25 (-641 960 448 ) (-641 944 448 ) (-688 944 448 ) (-688 960 448 ) 
4 11 32 (-688 896 448 ) (-704 896 448 ) (-704 960 448 ) (-688 960 448 ) 
4 11 20 (-704 976 448 ) (-641 976 448 ) (-641 960 448 ) (-704 960 448 ) 
4 12 109 (-1024 0 511 ) (-1024 0 448 ) (-640 0 448 ) (-640 0 511 ) 
4 12 96 (-1024 80 448 ) (-1024 81 448 ) (-640 81 448 ) (-640 80 448 ) 
4 12 97 (-640 0 448 ) (-1024 0 448 ) (-1024 80 448 ) (-640 80 448 ) 
4 12 93 (-1024 81 448 ) (-1024 256 448 ) (-640 256 448 ) (-640 81 448 ) 
4 12 91 (-1024 256 448 ) (-1024 416 448 ) (-768 416 448 ) (-768 256 448 ) 
4 12 90 (-768 416 448 ) (-640 416 448 ) (-640 256 448 ) (-768 256 448 ) 
4 12 84 (-1024 416 448 ) (-1024 511 448 ) (-769 511 448 ) (-769 416 448 ) 
4 12 82 (-769 511 448 ) (-768 511 448 ) (-768 416 448 ) (-769 416 448 ) 
4 12 81 (-768 511 448 ) (-640 511 448 ) (-640 416 448 ) (-768 416 448 ) 
4 12 76 (-1024 511 448 ) (-1024 703 448 ) (-640 703 448 ) (-640 511 448 ) 
4 13 70 (0 704 256 ) (0 704 448 ) (-191 704 448 ) (-191 704 256 ) 
4 13 15 (-191 832 288 ) (-191 832 448 ) (-191 896 448 ) (-191 896 288 ) 
4 13 14 (-191 1023 256 ) (-191 896 256 ) (-191 896 448 ) (-191 1023 448 ) 
4 13 16 (-191 832 256 ) (-191 704 256 ) (-191 704 448 ) (-191 832 448 ) 
4 14 51 (-192 1023 288 ) (-192 1023 256 ) (-192 897 256 ) (-192 897 288 ) 
4 14 49 (-192 897 288 ) (-192 896 288 ) (-192 896 320 ) (-192 897 320 ) 
4 14 48 (-192 1023 320 ) (-192 1023 288 ) (-192 897 288 ) (-192 897 320 ) 
4 14 42 (-192 1023 352 ) (-192 1023 320 ) (-192 896 320 ) (-192 896 352 ) 
4 14 23 (-192 896 448 ) (-192 960 448 ) (-192 960 352 ) (-192 896 352 ) 
4 14 18 (-192 960 448 ) (-192 1023 448 ) (-192 1023 352 ) (-192 960 352 ) 
4 14 15 (-192 896 448 ) (-192 896 288 ) (-191 896 288 ) (-191 896 448 ) 
4 15 59 (-192 896 320 ) (-192 896 288 ) (-192 832 288 ) (-192 832 320 ) 
4 15 57 (-192 832 448 ) (-192 896 448 ) (-192 896 320 ) (-192 832 320 ) 
4 15 16 (-192 832 448 ) (-192 832 288 ) (-191 832 288 ) (-191 832 448 ) 
4 16 71 (-191 704 448 ) (-192 704 448 ) (-192 704 288 ) (-191 704 288 ) 
4 16 65 (-192 705 288 ) (-192 831 288 ) (-192 831 257 ) (-192 705 257 ) 
4 16 61 (-192 704 288 ) (-192 704 448 ) (-192 832 448 ) (-192 832 288 ) 
4 17 73 (0 704 64 ) (0 704 255 ) (-192 704 255 ) (-192 704 64 ) 
4 17 67 (-192 704 64 ) (-192 704 255 ) (-192 705 255 ) (-192 705 64 ) 
4 17 66 (-192 705 255 ) (-192 832 255 ) (-192 832 64 ) (-192 705 64 ) 
4 17 59 (-192 832 255 ) (-192 896 255 ) (-192 896 64 ) (-192 832 64 ) 
4 17 55 (-192 896 255 ) (-192 897 255 ) (-192 897 64 ) (-192 896 64 ) 
4 17 50 (-192 897 255 ) (-192 1023 255 ) (-192 1023 64 ) (-192 897 64 ) 
4 18 42 (-640 1023 352 ) (-192 1023 352 ) (-192 960 352 ) (-640 960 352 ) 
4 18 23 (-640 960 352 ) (-192 960 352 ) (-192 960 448 ) (-640 960 448 ) 
4 18 21 (-640 1023 352 ) (-640 960 352 ) (-640 960 367 ) (-640 1023 367 ) 
4 18 19 (-640 960 384 ) (-640 960 448 ) (-640 1023 448 ) (-640 1023 384 ) 
4 19 24 (-641 960 384 ) (-640 960 384 ) (-640 960 448 ) (-641 960 448 ) 
4 19 20 (-641 1023 384 ) (-641 960 384 ) (-641 960 448 ) (-641 1023 448 ) 
4 20 33 (-704 976 448 ) (-704 1023 448 ) (-704 1023 400 ) (-704 976 400 ) 
4 20 41 (-704 960 384 ) (-704 960 448 ) (-704 976 448 ) (-704 976 384 ) 
4 20 25 (-688 960 384 ) (-641 960 384 ) (-641 960 448 ) (-688 960 448 ) 
4 20 32 (-704 960 448 ) (-704 960 384 ) (-688 960 384 ) (-688 960 448 ) 
4 21 26 (-641 960 352 ) (-640 960 352 ) (-640 960 367 ) (-641 960 367 ) 
4 21 22 (-641 1023 352 ) (-641 960 352 ) (-641 960 367 ) (-641 1023 367 ) 
4 22 43 (-688 1023 352 ) (-641 1023 352 ) (-641 960 352 ) (-688 960 352 ) 
4 22 45 (-704 960 352 ) (-704 1023 352 ) (-688 1023 352 ) (-688 960 352 ) 
4 22 34 (-704 1023 352 ) (-704 976 352 ) (-704 976 367 ) (-704 1023 367 ) 
4 22 41 (-704 976 352 ) (-704 960 352 ) (-704 960 367 ) (-704 976 367 ) 
4 22 27 (-688 960 352 ) (-641 960 352 ) (-641 960 367 ) (-688 960 367 ) 
4 22 32 (-704 960 367 ) (-704 960 352 ) (-688 960 352 ) (-688 960 367 ) 
4 23 57 (-192 896 352 ) (-192 896 448 ) (-640 896 448 ) (-640 896 352 ) 
4 23 42 (-192 896 352 ) (-640 896 352 ) (-640 960 352 ) (-192 960 352 ) 
4 23 30 (-640 928 352 ) (-640 896 352 ) (-640 896 448 ) (-640 928 448 ) 
4 23 28 (-640 928 368 ) (-640 928 448 ) (-640 944 448 ) (-640 944 368 ) 
4 23 26 (-640 960 368 ) (-640 960 352 ) (-640 944 352 ) (-640 944 368 ) 
4 23 24 (-640 960 448 ) (-640 960 384 ) (-640 944 384 ) (-640 944 448 ) 
4 24 28 (-641 944 384 ) (-640 944 384 ) (-640 944 448 ) (-641 944 448 ) 
4 24 25 (-641 960 448 ) (-641 960 384 ) (-641 944 384 ) (-641 944 448 ) 
4 25 29 (-688 944 448 ) (-688 944 384 ) (-641 944 384 ) (-641 944 448 ) 
4 25 32 (-688 960 448 ) (-688 960 384 ) (-688 944 384 ) (-688 944 448 ) 
4 26 27 (-641 944 352 ) (-641 944 368 ) (-641 960 368 ) (-641 960 352 ) 
4 27 43 (-688 944 352 ) (-688 960 352 ) (-641 960 352 ) (-641 944 352 ) 
4 27 32 (-688 960 368 ) (-688 960 352 ) (-688 944 352 ) (-688 944 368 ) 
4 28 30 (-641 928 368 ) (-640 928 368 ) (-640 928 448 ) (-641 928 448 ) 
4 28 29 (-641 944 448 ) (-641 944 368 ) (-641 928 368 ) (-641 928 448 ) 
4 29 31 (-688 928 448 ) (-688 928 368 ) (-641 928 368 ) (-641 928 448 ) 
4 29 32 (-688 928 368 ) (-688 928 448 ) (-688 944 448 ) (-688 944 368 ) 
4 30 31 (-641 928 448 ) (-641 928 352 ) (-641 896 352 ) (-641 896 448 ) 
4 31 58 (-641 896 448 ) (-688 896 448 ) (-688 896 352 ) (-641 896 352 ) 
4 31 46 (-641 896 352 ) (-688 896 352 ) (-688 912 352 ) (-641 912 352 ) 
4 31 32 (-688 928 352 ) (-688 896 352 ) (-688 896 448 ) (-688 928 448 ) 
4 32 58 (-688 896 448 ) (-704 896 448 ) (-704 896 352 ) (-688 896 352 ) 
4 32 47 (-688 896 352 ) (-704 896 352 ) (-704 912 352 ) (-688 912 352 ) 
4 32 45 (-704 912 352 ) (-704 960 352 ) (-688 960 352 ) (-688 912 352 ) 
4 32 41 (-704 960 352 ) (-704 896 352 ) (-704 896 448 ) (-704 960 448 ) 
4 33 35 (-720 976 416 ) (-720 976 448 ) (-720 1023 448 ) (-720 1023 416 ) 
4 33 41 (-704 976 400 ) (-704 976 448 ) (-720 976 448 ) (-720 976 400 ) 
4 34 45 (-720 1023 352 ) (-704 1023 352 ) (-704 976 352 ) (-720 976 352 ) 
4 34 36 (-720 1023 352 ) (-720 976 352 ) (-720 976 368 ) (-720 1023 368 ) 
4 34 41 (-720 976 352 ) (-704 976 352 ) (-704 976 368 ) (-720 976 368 ) 
4 35 37 (-736 976 432 ) (-736 976 448 ) (-736 1023 448 ) (-736 1023 432 ) 
4 35 41 (-720 976 416 ) (-720 976 448 ) (-736 976 448 ) (-736 976 416 ) 
4 36 45 (-736 1023 352 ) (-720 1023 352 ) (-720 976 352 ) (-736 976 352 ) 
4 36 38 (-736 1023 352 ) (-736 976 352 ) (-736 976 400 ) (-736 1023 400 ) 
4 36 41 (-736 976 352 ) (-720 976 352 ) (-720 976 400 ) (-736 976 400 ) 
4 37 41 (-736 976 432 ) (-736 976 448 ) (-752 976 448 ) (-752 976 432 ) 
4 38 45 (-752 1023 352 ) (-736 1023 352 ) (-736 976 352 ) (-752 976 352 ) 
4 38 39 (-752 1023 352 ) (-752 976 352 ) (-752 976 416 ) (-752 1023 416 ) 
4 38 41 (-752 976 352 ) (-736 976 352 ) (-736 976 416 ) (-752 976 416 ) 
4 39 45 (-768 1023 352 ) (-752 1023 352 ) (-752 976 352 ) (-768 976 352 ) 
4 39 40 (-768 1023 352 ) (-768 976 352 ) (-768 976 432 ) (-768 1023 432 ) 
4 39 41 (-768 976 352 ) (-752 976 352 ) (-752 976 432 ) (-768 976 432 ) 
4 40 45 (-1024 976 352 ) (-1024 1023 352 ) (-768 1023 352 ) (-768 976 352 ) 
4 40 41 (-1024 976 352 ) (-768 976 352 ) (-768 976 448 ) (-1024 976 448 ) 
4 41 58 (-704 896 448 ) (-1024 896 448 ) (-1024 896 352 ) (-704 896 352 ) 
4 41 47 (-704 896 352 ) (-1024 896 352 ) (-1024 912 352 ) (-704 912 352 ) 
4 41 45 (-1024 912 352 ) (-1024 976 352 ) (-704 976 352 ) (-704 912 352 ) 
4 42 57 (-192 896 320 ) (-192 896 352 ) (-640 896 352 ) (-640 896 320 ) 
4 42 49 (-192 896 320 ) (-640 896 320 ) (-640 897 320 ) (-192 897 320 ) 
4 42 48 (-640 897 320 ) (-640 1023 320 ) (-192 1023 320 ) (-192 897 320 ) 
4 43 44 (-688 928 336 ) (-688 928 320 ) (-641 928 320 ) (-641 928 336 ) 
4 43 45 (-688 1023 320 ) (-688 928 320 ) (-688 928 352 ) (-688 1023 352 ) 
4 44 45 (-688 928 320 ) (-688 912 320 ) (-688 912 336 ) (-688 928 336 ) 
4 45 47 (-1024 912 320 ) (-688 912 320 ) (-688 912 352 ) (-1024 912 352 ) 
4 46 58 (-641 896 352 ) (-688 896 352 ) (-688 896 336 ) (-641 896 336 ) 
4 46 47 (-688 912 352 ) (-688 912 336 ) (-688 896 336 ) (-688 896 352 ) 
4 47 58 (-688 896 352 ) (-1024 896 352 ) (-1024 896 320 ) (-688 896 320 ) 
4 48 56 (-640 1023 319 ) (-640 1023 64 ) (-640 897 64 ) (-640 897 319 ) 
4 48 53 (-640 897 64 ) (-640 1023 64 ) (-448 1023 160 ) (-448 897 160 ) 
4 48 51 (-448 1023 160 ) (-192 1023 288 ) (-192 897 288 ) (-448 897 160 ) 
5 48 49 (-640 897 320 ) (-640 897 96 ) (-448 897 160 ) (-192 897 288 ) (-192 897 320 ) 
5 49 59 (-192 896 288 ) (-192 896 320 ) (-640 896 320 ) (-640 896 96 ) (-448 896 160 ) 
4 49 56 (-640 896 96 ) (-640 896 319 ) (-640 897 319 ) (-640 897 96 ) 
4 50 55 (-576 897 64 ) (-192 897 64 ) (-192 897 255 ) (-448.005127 897 127.997437 ) 
3 50 54 (-577.007813 897 64 ) (-576 897 64 ) (-448.005127 897 127.997437 ) 
4 50 52 (-577.011230 1023 64 ) (-577.011230 897 64 ) (-448 897 128.001648 ) (-448 1023 128.001648 ) 
4 50 51 (-448 897 128.001648 ) (-447.580750 897 128.209641 ) (-447.580750 1023 128.209625 ) (-448 1023 128.001648 ) 
4 51 53 (-448 897 129 ) (-448 897 160 ) (-448 1023 160 ) (-448 1023 129 ) 
4 52 54 (-639.988403 897 64.003860 ) (-639.996094 897 64 ) (-577.007813 897 64 ) (-448 897 128 ) 
3 54 59 (-640 896 64 ) (-576 896 64 ) (-448 896 128 ) 
4 54 55 (-576 896 64 ) (-576 897 64 ) (-448 897 128 ) (-448 896 128 ) 
4 55 59 (-192 896 64 ) (-192 896 255 ) (-448.002930 896 127.998535 ) (-576 896 64 ) 
4 56 60 (-1024 896 319 ) (-1024 896 64 ) (-640 896 64 ) (-640 896 319 ) 
5 57 61 (-192 832 320 ) (-192 832 448 ) (-640 832 448 ) (-640 832 352 ) (-416 832 320 ) 
4 57 59 (-192 832 320 ) (-640 832 320 ) (-640 896 320 ) (-192 896 320 ) 
4 58 64 (-1024 832 406.857117 ) (-1024 832 320 ) (-641 832 320 ) (-641 832 352.142883 ) 
4 58 61 (-641 832 448 ) (-1024 832 448 ) (-1024 832 406.857117 ) (-641 832 352.142883 ) 
5 59 66 (-640 832 64 ) (-192 832 64 ) (-192 832 256 ) (-633.032349 832 319 ) (-640 832 319 ) 
3 59 62 (-640 832 320 ) (-640 832 319 ) (-633 832 319 ) 
3 59 61 (-192 832 288 ) (-192 832 320 ) (-416 832 320 ) 
4 59 60 (-640 896 64 ) (-640 832 64 ) (-640 832 319 ) (-640 896 319 ) 
4 60 66 (-1024 832 64 ) (-640 832 64 ) (-640 832 319 ) (-1024 832 319 ) 
4 61 75 (-736 704 448 ) (-960 704 448 ) (-960 704 397.714264 ) (-736 704 365.714294 ) 
4 61 72 (-192 704 448 ) (-640 704 448 ) (-640 704 352 ) (-192 704 288 ) 
4 61 68 (-640 704 352 ) (-1024 704 406.858093 ) (-1024 705 406.858093 ) (-640 705 352 ) 
4 61 65 (-192 831 288 ) (-192 705 288 ) (-408.993225 705 319 ) (-408.992981 831 319 ) 
4 61 64 (-1024 832 406.858215 ) (-640 832 352.001038 ) (-640 705 352 ) (-1024 705 406.858093 ) 
4 61 63 (-408.992981 831 319 ) (-408.993225 705 319 ) (-640 705 352 ) (-640 831 352.001038 ) 
4 62 66 (-640 831 319 ) (-640 832 319 ) (-633 832 319 ) (-633 831 319 ) 
3 62 63 (-640 831 320 ) (-640 831 319 ) (-633 831 319 ) 
3 63 67 (-640 705 320 ) (-640 705 319 ) (-633 705 319 ) 
4 63 66 (-632.921204 705 319 ) (-640 705 319 ) (-640 831 319 ) (-632.921204 831 319 ) 
4 63 65 (-408.996094 705 319 ) (-632.921204 705 319 ) (-632.921204 831 319 ) (-408.996124 831 319 ) 
4 63 64 (-640 705 320 ) (-640 705 352 ) (-640 831 352 ) (-640 831 320 ) 
4 64 68 (-640 705 352 ) (-1024 705 406.857788 ) (-1024 705 320 ) (-640 705 320 ) 
4 66 69 (-1024 705 64 ) (-640 705 64 ) (-640 705 319 ) (-1024 705 319 ) 
5 66 67 (-640 705 64 ) (-192 705 64 ) (-192 705 256 ) (-633.032471 705 319 ) (-640 705 319 ) 
4 67 74 (-640 704 64 ) (-192 704 64 ) (-192 704 256 ) (-640 704 256 ) 
3 67 72 (-192 704 256 ) (-640 704 320 ) (-640 704 256 ) 
4 67 69 (-640 705 319 ) (-640 705 64 ) (-640 704 64 ) (-640 704 319 ) 
4 68 75 (-960 704 352 ) (-736 704 352 ) (-736 704 365.714294 ) (-960 704 397.714264 ) 
4 69 80 (-1024 704 224 ) (-1024 704 64 ) (-768 704 64 ) (-768 704 224 ) 
4 69 79 (-768 704 64 ) (-640 704 64 ) (-640 704 224 ) (-768 704 224 ) 
4 69 77 (-1024 704 319 ) (-1024 704 224 ) (-640 704 224 ) (-640 704 319 ) 
4 70 100 (0 0 256 ) (0 0 288 ) (-191 0 288 ) (-191 0 256 ) 
4 70 99 (0 0 288 ) (0 0 448 ) (-191 0 448 ) (-191 0 288 ) 
4 70 71 (-191 704 448 ) (-191 704 288 ) (-191 0 288 ) (-191 0 448 ) 
4 71 99 (-191 0 448 ) (-192 0 448 ) (-192 0 288 ) (-191 0 288 ) 
4 71 72 (-192 704 448 ) (-192 704 288 ) (-192 0 288 ) (-192 0 448 ) 
4 72 106 (-192 0 448 ) (-352 0 448 ) (-352 0 256 ) (-192 0 256 ) 
4 72 109 (-352 0 448 ) (-640 0 448 ) (-640 0 256 ) (-352 0 256 ) 
4 72 96 (-640 81 256 ) (-640 80 256 ) (-640 80 448 ) (-640 81 448 ) 
4 72 97 (-640 80 256 ) (-640 0 256 ) (-640 0 448 ) (-640 80 448 ) 
4 72 93 (-640 256 256 ) (-640 81 256 ) (-640 81 448 ) (-640 256 448 ) 
4 72 90 (-640 416 256 ) (-640 256 256 ) (-640 256 448 ) (-640 416 448 ) 
4 72 81 (-640 511 256 ) (-640 416 256 ) (-640 416 448 ) (-640 511 448 ) 
4 72 77 (-640 704 320 ) (-640 704 256 ) (-640 703 256 ) (-640 703 320 ) 
4 72 78 (-640 703 256 ) (-640 511 256 ) (-640 511 352 ) (-640 703 352 ) 
4 72 76 (-640 703 352 ) (-640 511 352 ) (-640 511 448 ) (-640 703 448 ) 
4 72 74 (-640 0 256 ) (-640 704 256 ) (-192 704 256 ) (-192 0 256 ) 
4 73 104 (0 0 64 ) (0 0 255 ) (-192 0 255 ) (-192 0 64 ) 
4 73 74 (-192 704 64 ) (-192 0 64 ) (-192 0 255 ) (-192 704 255 ) 
4 74 106 (-192 0 256 ) (-352 0 256 ) (-352 0 64 ) (-192 0 64 ) 
4 74 109 (-352 0 256 ) (-640 0 256 ) (-640 0 64 ) (-352 0 64 ) 
4 74 96 (-640 80 224 ) (-640 80 256 ) (-640 81 256 ) (-640 81 224 ) 
4 74 97 (-640 80 64 ) (-640 0 64 ) (-640 0 256 ) (-640 80 256 ) 
4 74 93 (-640 81 224 ) (-640 81 256 ) (-640 256 256 ) (-640 256 224 ) 
4 74 90 (-640 416 64 ) (-640 256 64 ) (-640 256 256 ) (-640 416 256 ) 
4 74 81 (-640 511 64 ) (-640 416 64 ) (-640 416 256 ) (-640 511 256 ) 
4 74 79 (-640 704 224 ) (-640 704 64 ) (-640 511 64 ) (-640 511 224 ) 
4 74 77 (-640 704 256 ) (-640 704 224 ) (-640 703 224 ) (-640 703 256 ) 
4 74 78 (-640 703 224 ) (-640 511 224 ) (-640 511 256 ) (-640 703 256 ) 
4 75 76 (-960 703 352 ) (-736 703 352 ) (-736 703 448 ) (-960 703 448 ) 
4 76 84 (-769 511 448 ) (-1024 511 448 ) (-1024 511 352 ) (-769 511 352 ) 
4 76 82 (-768 511 448 ) (-769 511 448 ) (-769 511 352 ) (-768 511 352 ) 
4 76 81 (-640 511 352 ) (-640 511 448 ) (-768 511 448 ) (-768 511 352 ) 
4 76 78 (-640 511 352 ) (-1024 511 352 ) (-1024 703 352 ) (-640 703 352 ) 
4 77 80 (-1024 703 224 ) (-1024 704 224 ) (-768 704 224 ) (-768 703 224 ) 
4 77 79 (-768 704 224 ) (-640 704 224 ) (-640 703 224 ) (-768 703 224 ) 
4 77 78 (-1024 703 224 ) (-640 703 224 ) (-640 703 320 ) (-1024 703 320 ) 
4 78 84 (-769 511 352 ) (-1024 511 352 ) (-1024 511 224 ) (-769 511 224 ) 
4 78 82 (-768 511 352 ) (-769 511 352 ) (-769 511 224 ) (-768 511 224 ) 
4 78 81 (-640 511 224 ) (-640 511 352 ) (-768 511 352 ) (-768 511 224 ) 
4 78 80 (-1024 512 224 ) (-1024 703 224 ) (-768 703 224 ) (-768 512 224 ) 
4 78 79 (-640 511 224 ) (-768 511 224 ) (-768 703 224 ) (-640 703 224 ) 
4 79 81 (-640 511 64 ) (-640 511 224 ) (-768 511 224 ) (-768 511 64 ) 
4 79 80 (-768 512 224 ) (-768 704 224 ) (-768 704 64 ) (-768 512 64 ) 
4 81 90 (-768 416 64 ) (-640 416 64 ) (-640 416 448 ) (-768 416 448 ) 
4 81 83 (-768 496 64 ) (-768 448 64 ) (-768 448 160 ) (-768 496 160 ) 
4 81 82 (-768 511 448 ) (-768 511 224 ) (-768 416 224 ) (-768 416 448 ) 
4 82 91 (-768 416 224 ) (-768 416 448 ) (-769 416 448 ) (-769 416 224 ) 
4 82 84 (-769 511 448 ) (-769 511 224 ) (-769 416 224 ) (-769 416 448 ) 
4 83 88 (-769 496 64 ) (-769 448 64 ) (-769 448 80 ) (-769 496 80 ) 
4 83 86 (-769 448 80 ) (-769 448 96 ) (-769 496 96 ) (-769 496 80 ) 
4 83 85 (-769 448 96 ) (-769 448 160 ) (-769 496 160 ) (-769 496 96 ) 
4 84 91 (-769 416 224 ) (-769 416 448 ) (-1024 416 448 ) (-1024 416 224 ) 
4 85 92 (-769 416 96 ) (-769 416 223 ) (-1024 416 223 ) (-1024 416 96 ) 
4 85 87 (-880 511 96 ) (-864 511 96 ) (-864 416 96 ) (-880 416 96 ) 
4 85 86 (-864 511 96 ) (-769 511 96 ) (-769 416 96 ) (-864 416 96 ) 
4 86 89 (-848 511 80 ) (-832 511 80 ) (-832 416 80 ) (-848 416 80 ) 
4 86 88 (-832 511 80 ) (-769 511 80 ) (-769 416 80 ) (-832 416 80 ) 
4 86 87 (-864 416 88 ) (-864 416 96 ) (-864 511 96 ) (-864 511 88 ) 
4 88 89 (-832 416 72 ) (-832 416 80 ) (-832 511 80 ) (-832 511 72 ) 
4 90 93 (-640 256 224 ) (-640 256 448 ) (-768 256 448 ) (-768 256 224 ) 
4 90 91 (-768 416 448 ) (-768 416 224 ) (-768 256 224 ) (-768 256 448 ) 
4 91 93 (-768 256 224 ) (-768 256 448 ) (-1024 256 448 ) (-1024 256 224 ) 
4 92 94 (-769 256 223 ) (-1024 256 223 ) (-1024 256 96 ) (-769 256 96 ) 
4 93 96 (-640 81 224 ) (-640 81 448 ) (-1024 81 448 ) (-1024 81 224 ) 
4 94 95 (-1024 255 96 ) (-768 255 96 ) (-768 255 223 ) (-1024 255 223 ) 
4 96 97 (-640 80 224 ) (-640 80 448 ) (-1024 80 448 ) (-1024 80 224 ) 
4 97 109 (-640 0 64 ) (-640 0 448 ) (-1024 0 448 ) (-1024 0 64 ) 
4 98 105 (-192 -1024 512 ) (-192 -1024 1919 ) (-192 0 1919 ) (-192 0 512 ) 
4 99 120 (-192 -1024 288 ) (-192 -1024 511 ) (-192 -1023 511 ) (-192 -1023 288 ) 
4 99 114 (-192 -320 511 ) (-192 -319 511 ) (-192 -319 352 ) (-192 -320 352 ) 
4 99 115 (-192 -1023 511 ) (-192 -320 511 ) (-192 -320 288 ) (-192 -1023 288 ) 
4 99 110 (-192 -319 511 ) (-192 -48 511 ) (-192 -48 352 ) (-192 -319 352 ) 
4 99 111 (-192 -48 351 ) (-192 -48 288 ) (-192 -319 288 ) (-192 -319 351 ) 
4 99 107 (-192 -48 511 ) (-192 -47 511 ) (-192 -47 352 ) (-192 -48 352 ) 
4 99 106 (-192 -47 511 ) (-192 0 511 ) (-192 0 288 ) (-192 -47 288 ) 
4 99 102 (0 -1024 288 ) (-192 -1024 288 ) (-192 -320 288 ) (0 -320 288 ) 
4 99 101 (-192 -319 288 ) (-192 -48 288 ) (-191 -48 288 ) (-191 -319 288 ) 
4 99 100 (-191 0 288 ) (0 0 288 ) (0 -319 288 ) (-191 -319 288 ) 
4 100 101 (-191 -48 256 ) (-191 -319 256 ) (-191 -319 288 ) (-191 -48 288 ) 
4 101 111 (-192 -319 288 ) (-192 -48 288 ) (-192 -48 256 ) (-192 -319 256 ) 
4 102 120 (-192 -1024 256 ) (-192 -1024 288 ) (-192 -1023 288 ) (-192 -1023 256 ) 
4 102 115 (-192 -1023 288 ) (-192 -320 288 ) (-192 -320 256 ) (-192 -1023 256 ) 
4 102 103 (-192 -1024 256 ) (-192 -320 256 ) (0 -320 256 ) (0 -1024 256 ) 
4 103 120 (-192 -1024 255 ) (-192 -1024 256 ) (-192 -1023 256 ) (-192 -1023 255 ) 
4 103 118 (-192 -1023 256 ) (-192 -320 256 ) (-192 -320 255 ) (-192 -1023 255 ) 
4 103 104 (0 -1024 255 ) (-192 -1024 255 ) (-192 -320 255 ) (0 -320 255 ) 
4 104 120 (-192 -1024 64 ) (-192 -1024 255 ) (-192 -1023 255 ) (-192 -1023 64 ) 
4 104 117 (-192 -320 255 ) (-192 -48 255 ) (-192 -48 64 ) (-192 -320 64 ) 
4 104 118 (-192 -1023 255 ) (-192 -320 255 ) (-192 -320 64 ) (-192 -1023 64 ) 
4 104 108 (-192 -48 255 ) (-192 -47 255 ) (-192 -47 64 ) (-192 -48 64 ) 
4 104 106 (-192 -47 255 ) (-192 0 255 ) (-192 0 64 ) (-192 -47 64 ) 
4 106 107 (-352 -47 511 ) (-352 -47 352 ) (-192 -47 352 ) (-192 -47 511 ) 
4 106 108 (-352 -47 256 ) (-352 -47 64 ) (-192 -47 64 ) (-192 -47 256 ) 
4 106 109 (-352 0 64 ) (-352 -47 64 ) (-352 -47 511 ) (-352 0 511 ) 
4 107 112 (-351 -48 511 ) (-352 -48 511 ) (-352 -48 352 ) (-351 -48 352 ) 
4 107 110 (-192 -48 352 ) (-192 -48 511 ) (-351 -48 511 ) (-351 -48 352 ) 
4 107 109 (-352 -48 352 ) (-352 -48 511 ) (-352 -47 511 ) (-352 -47 352 ) 
4 108 117 (-192 -48 64 ) (-192 -48 255 ) (-352 -48 255 ) (-352 -48 64 ) 
4 108 109 (-352 -47 64 ) (-352 -48 64 ) (-352 -48 256 ) (-352 -47 256 ) 
4 109 119 (-1024 -48 256 ) (-1024 -48 64 ) (-352 -48 64 ) (-352 -48 256 ) 
4 109 113 (-352 -48 511 ) (-1024 -48 511 ) (-1024 -48 256 ) (-352 -48 256 ) 
4 110 114 (-192 -319 352 ) (-192 -319 511 ) (-351 -319 511 ) (-351 -319 352 ) 
4 110 112 (-351 -48 511 ) (-351 -48 352 ) (-351 -319 352 ) (-351 -319 511 ) 
4 112 114 (-351 -319 352 ) (-351 -319 511 ) (-352 -319 511 ) (-352 -319 352 ) 
4 112 113 (-352 -48 511 ) (-352 -48 352 ) (-352 -319 352 ) (-352 -319 511 ) 
4 113 119 (-1024 -319 256 ) (-1024 -48 256 ) (-352 -48 256 ) (-352 -319 256 ) 
4 113 116 (-1024 -319 256 ) (-352 -319 256 ) (-352 -319 511 ) (-1024 -319 511 ) 
4 114 115 (-352 -320 511 ) (-352 -320 352 ) (-192 -320 352 ) (-192 -320 511 ) 
4 114 116 (-352 -319 511 ) (-352 -319 352 ) (-352 -320 352 ) (-352 -320 511 ) 
4 115 121 (-256 -1023 511 ) (-352 -1023 511 ) (-352 -1023 384 ) (-256 -1023 384 ) 
4 115 120 (-192 -1023 256 ) (-192 -1023 511 ) (-256 -1023 511 ) (-256 -1023 256 ) 
4 115 118 (-192 -1023 256 ) (-352 -1023 256 ) (-352 -320 256 ) (-192 -320 256 ) 
4 115 116 (-352 -320 256 ) (-352 -1023 256 ) (-352 -1023 511 ) (-352 -320 511 ) 
4 116 121 (-352 -1023 511 ) (-768 -1023 511 ) (-768 -1023 384 ) (-352 -1023 384 ) 
4 116 119 (-352 -1023 256 ) (-1024 -1023 256 ) (-1024 -319 256 ) (-352 -319 256 ) 
4 117 118 (-352 -320 255 ) (-352 -320 64 ) (-192 -320 64 ) (-192 -320 255 ) 
4 117 119 (-352 -48 64 ) (-352 -320 64 ) (-352 -320 255 ) (-352 -48 255 ) 
4 118 120 (-192 -1023 64 ) (-192 -1023 256 ) (-256 -1023 256 ) (-256 -1023 64 ) 
4 118 119 (-352 -320 64 ) (-352 -1023 64 ) (-352 -1023 256 ) (-352 -320 256 ) 
4 120 121 (-256 -1023 511 ) (-256 -1023 384 ) (-256 -1024 384 ) (-256 -1024 511 ) 
