PRT1
618
1185
4 0 5 (4192 4096 608 ) (4440 4096 608 ) (4440 4096 1136 ) (4192 4096 1136 ) 
4 0 6 (4096 4096 1136 ) (4096 4096 608 ) (4192 4096 608 ) (4192 4096 1136 ) 
4 0 2 (4096 4096 608 ) (4096 4096 1136 ) (4096 4464 1136 ) (4096 4464 608 ) 
4 0 1 (4096 4096 608 ) (4096 4464 608 ) (4192 4464 608 ) (4192 4096 608 ) 
4 1 6 (4096 4096 608 ) (4096 4096 524 ) (4192 4096 524 ) (4192 4096 608 ) 
4 1 2 (4096 4096 524 ) (4096 4096 608 ) (4096 4464 608 ) (4096 4464 524 ) 
4 2 14 (3848 4096 1136 ) (3776 4096 1136 ) (3776 4096 524 ) (3848 4096 524 ) 
4 2 10 (4088 4096 1136 ) (3848 4096 1136 ) (3848 4096 524 ) (4088 4096 524 ) 
4 2 9 (4096 4096 524 ) (4096 4096 1136 ) (4088 4096 1136 ) (4088 4096 524 ) 
4 2 3 (3776 4464 1136 ) (3776 4464 712 ) (3776 4096 712 ) (3776 4096 1136 ) 
4 3 16 (3776 4096 712 ) (3776 4096 1136 ) (3648 4096 1136 ) (3648 4096 712 ) 
4 3 4 (3648 4464 1136 ) (3648 4464 712 ) (3648 4096 712 ) (3648 4096 1136 ) 
4 4 146 (3072 4096 712 ) (3072 4096 1136 ) (3072 4464 1136 ) (3072 4464 712 ) 
4 4 18 (3072 4096 1136 ) (3072 4096 712 ) (3648 4096 712 ) (3648 4096 1136 ) 
4 5 7 (4440 4032 608 ) (4440 4032 1136 ) (4192 4032 1136 ) (4192 4032 608 ) 
4 5 6 (4192 4032 608 ) (4192 4032 1136 ) (4192 4096 1136 ) (4192 4096 608 ) 
4 6 9 (4096 4096 1136 ) (4096 4096 524 ) (4096 4032 524 ) (4096 4032 1136 ) 
4 6 8 (4096 4032 1136 ) (4096 4032 524 ) (4192 4032 524 ) (4192 4032 1136 ) 
4 7 36 (4192 3072 1136 ) (4192 3072 607.859009 ) (4440 3072 607.859009 ) (4440 3072 1136 ) 
4 7 8 (4192 4032 1136 ) (4192 4032 607.859009 ) (4192 3072 607.859009 ) (4192 3072 1136 ) 
4 8 46 (4176 3072 296 ) (4192 3072 296 ) (4192 3072 1136 ) (4176 3072 1136 ) 
4 8 48 (4096 3072 1136 ) (4096 3072 296 ) (4176 3072 296 ) (4176 3072 1136 ) 
4 8 30 (4096 3328 296 ) (4096 3072 296 ) (4096 3072 452 ) (4096 3328 452 ) 
4 8 27 (4096 3072 452 ) (4096 3072 600 ) (4096 3328 600 ) (4096 3328 452 ) 
4 8 26 (4096 3072 600 ) (4096 3072 616 ) (4096 3328 616 ) (4096 3328 600 ) 
4 8 23 (4096 3072 616 ) (4096 3072 1136 ) (4096 3328 1136 ) (4096 3328 616 ) 
4 8 15 (4096 4032 296 ) (4096 3328 296 ) (4096 3328 1136 ) (4096 4032 1136 ) 
4 9 15 (4096 4032 524 ) (4096 4032 1136 ) (4088 4032 1136 ) (4088 4032 524 ) 
4 9 12 (4088 4032 524 ) (4088 4032 1136 ) (4088 4048 1136 ) (4088 4048 524 ) 
4 9 10 (4088 4048 1136 ) (4088 4096 1136 ) (4088 4096 524 ) (4088 4048 524 ) 
4 10 14 (3848 4096 1136 ) (3848 4096 524 ) (3848 4048 524 ) (3848 4048 1136 ) 
4 10 12 (4088 4048 524 ) (4088 4048 1136 ) (3848 4048 1136 ) (3848 4048 524 ) 
4 11 13 (4084 4048 444 ) (3852 4048 444 ) (3852 4048 296 ) (4084 4048 296 ) 
4 12 15 (4088 4032 524 ) (4088 4032 1136 ) (3848 4032 1136 ) (3848 4032 524 ) 
4 12 14 (3848 4032 524 ) (3848 4032 1136 ) (3848 4048 1136 ) (3848 4048 524 ) 
4 13 15 (3848 4032 296 ) (4088 4032 296 ) (4088 4032 448 ) (3848 4032 448 ) 
4 14 16 (3776 4096 1136 ) (3776 4096 712 ) (3776 4032 712 ) (3776 4032 1136 ) 
4 14 15 (3776 4032 1136 ) (3776 4032 524 ) (3848 4032 524 ) (3848 4032 1136 ) 
4 15 30 (4096 3328 296 ) (4096 3328 452 ) (3776 3328 452 ) (3776 3328 296 ) 
4 15 27 (4096 3328 452 ) (4096 3328 600 ) (3776 3328 600 ) (3776 3328 452 ) 
4 15 26 (4096 3328 600 ) (4096 3328 616 ) (3776 3328 616 ) (3776 3328 600 ) 
4 15 23 (4096 3328 616 ) (4096 3328 1136 ) (3776 3328 1136 ) (3776 3328 616 ) 
4 15 17 (3776 4016 296 ) (3776 3328 296 ) (3776 3328 1136 ) (3776 4016 1136 ) 
4 15 16 (3776 4016 712 ) (3776 4016 1136 ) (3776 4032 1136 ) (3776 4032 712 ) 
4 16 22 (3648 4032 712 ) (3648 4016 712 ) (3648 4016 1136 ) (3648 4032 1136 ) 
4 16 18 (3648 4096 1136 ) (3648 4096 712 ) (3648 4032 712 ) (3648 4032 1136 ) 
4 16 17 (3648 4016 1136 ) (3648 4016 712 ) (3776 4016 712 ) (3776 4016 1136 ) 
4 17 23 (3648 3328 1136 ) (3648 3328 616 ) (3776 3328 616 ) (3776 3328 1136 ) 
4 17 22 (3648 4016 296 ) (3648 3328 296 ) (3648 3328 1136 ) (3648 4016 1136 ) 
4 18 149 (3072 4032 712 ) (3072 4032 1136 ) (3072 4096 1136 ) (3072 4096 712 ) 
4 18 22 (3072 4032 1136 ) (3072 4032 712 ) (3648 4032 712 ) (3648 4032 1136 ) 
4 19 150 (3072 4032 584 ) (3072 4032 648 ) (3072 4045.500000 648 ) (3072 4045.500000 584 ) 
4 19 22 (3072 4032 648 ) (3072 4032 584 ) (3648 4032 584 ) (3648 4032 648 ) 
4 20 151 (3072 4032 472 ) (3072 4032 536 ) (3072 4045.500000 536 ) (3072 4045.500000 472 ) 
4 20 22 (3072 4032 536 ) (3072 4032 472 ) (3648 4032 472 ) (3648 4032 536 ) 
4 21 177 (3072 4032 360 ) (3072 4032 424 ) (3072 4045.500000 424 ) (3072 4045.500000 360 ) 
4 21 22 (3072 4032 424 ) (3072 4032 360 ) (3648 4032 360 ) (3648 4032 424 ) 
4 22 178 (3072 3328 296 ) (3072 3328 360 ) (3072 4032 360 ) (3072 4032 296 ) 
4 22 177 (3072 3328 360 ) (3072 3328 424 ) (3072 4032 424 ) (3072 4032 360 ) 
4 22 172 (3072 3328 424 ) (3072 3328 600 ) (3072 3392 600 ) (3072 3392 424 ) 
4 22 170 (3072 3392 600 ) (3072 3456 600 ) (3072 3456 424 ) (3072 3392 424 ) 
4 22 168 (3072 3456 600 ) (3072 3776 600 ) (3072 3776 424 ) (3072 3456 424 ) 
4 22 167 (3072 3328 600 ) (3072 3328 616 ) (3072 3776 616 ) (3072 3776 600 ) 
4 22 166 (3072 3328 616 ) (3072 3328 1136 ) (3072 3776 1136 ) (3072 3776 616 ) 
4 22 156 (3072 3776 1136 ) (3072 3840 1136 ) (3072 3840 424 ) (3072 3776 424 ) 
4 22 154 (3072 3840 1136 ) (3072 4016 1136 ) (3072 4016 424 ) (3072 3840 424 ) 
4 22 152 (3072 4016 1136 ) (3072 4032 1136 ) (3072 4032 424 ) (3072 4016 424 ) 
4 22 32 (3200 3328 296 ) (3392 3328 296 ) (3392 3328 452 ) (3200 3328 452 ) 
4 22 31 (3456 3328 296 ) (3648 3328 296 ) (3648 3328 452 ) (3456 3328 452 ) 
4 22 24 (3072 3328 1136 ) (3072 3328 616 ) (3552 3328 616 ) (3552 3328 1136 ) 
4 22 23 (3552 3328 616 ) (3648 3328 616 ) (3648 3328 1136 ) (3552 3328 1136 ) 
4 23 52 (3768 3072 1136 ) (3552 3072 1136 ) (3552 3072 616 ) (3768 3072 616 ) 
4 23 50 (3776 3072 1136 ) (3768 3072 1136 ) (3768 3072 616 ) (3776 3072 616 ) 
4 23 49 (4096 3072 616 ) (4096 3072 1136 ) (3776 3072 1136 ) (3776 3072 616 ) 
4 23 26 (3776 3328 616 ) (4096 3328 616 ) (4096 3072 616 ) (3776 3072 616 ) 
4 23 25 (3552 3072 736 ) (3552 3072 1136 ) (3552 3200 1136 ) (3552 3200 736 ) 
4 23 24 (3552 3328 616 ) (3552 3200 616 ) (3552 3200 1136 ) (3552 3328 1136 ) 
4 24 166 (3072 3200 1136 ) (3072 3328 1136 ) (3072 3328 616 ) (3072 3200 616 ) 
4 24 25 (3552 3200 736 ) (3552 3200 1136 ) (3072 3200 1136 ) (3072 3200 736 ) 
4 25 173 (3072 3072 736 ) (3072 3072 1136 ) (3072 3200 1136 ) (3072 3200 736 ) 
4 25 53 (3552 3072 1136 ) (3072 3072 1136 ) (3072 3072 736 ) (3552 3072 736 ) 
4 26 49 (4096 3072 600 ) (4096 3072 616 ) (3776 3072 616 ) (3776 3072 600 ) 
4 26 27 (4096 3072 600 ) (3776 3072 600 ) (3776 3328 600 ) (4096 3328 600 ) 
4 27 49 (4096 3072 452 ) (4096 3072 600 ) (3776 3072 600 ) (3776 3072 452 ) 
4 27 30 (3776 3328 452 ) (4096 3328 452 ) (4096 3072 452 ) (3776 3072 452 ) 
4 28 29 (3720 3320 520 ) (3720 3320 584 ) (3112 3320 584 ) (3112 3320 520 ) 
4 29 55 (3768 3072 600 ) (3552 3072 600 ) (3552 3072 452 ) (3768 3072 452 ) 
4 29 57 (3552 3072 600 ) (3072 3072 600 ) (3072 3072 452 ) (3552 3072 452 ) 
4 29 34 (3072 3072 452 ) (3072 3320 452 ) (3768 3320 452 ) (3768 3072 452 ) 
4 30 49 (4096 3072 296 ) (4096 3072 452 ) (3776 3072 452 ) (3776 3072 296 ) 
4 31 34 (3456 3320 296 ) (3648 3320 296 ) (3648 3320 452 ) (3456 3320 452 ) 
4 33 34 (3200 3320 296 ) (3392 3320 296 ) (3392 3320 452 ) (3200 3320 452 ) 
4 34 55 (3768 3072 452 ) (3552 3072 452 ) (3552 3072 296 ) (3768 3072 296 ) 
4 34 57 (3552 3072 452 ) (3072 3072 452 ) (3072 3072 296 ) (3552 3072 296 ) 
4 36 46 (4192 3072 1136 ) (4192 3072 607.859009 ) (4192 2872 607.859009 ) (4192 2872 1136 ) 
4 36 37 (4440 2872 607.859009 ) (4440 2872 1136 ) (4192 2872 1136 ) (4192 2872 607.859009 ) 
4 37 63 (4440 2048 1136 ) (4192 2048 1136 ) (4192 2048 524 ) (4440 2048 524 ) 
4 37 47 (4192 2872 524 ) (4192 2048 524 ) (4192 2048 1136 ) (4192 2872 1136 ) 
4 38 40 (4204 2666 434 ) (4204 2780 434 ) (4204 2780 370 ) (4204 2666 370 ) 
4 39 40 (4204 2662 434 ) (4204 2662 370 ) (4204 2548 370 ) (4204 2548 434 ) 
4 40 47 (4192 2784 366 ) (4192 2544 366 ) (4192 2544 438 ) (4192 2784 438 ) 
4 41 43 (4204 2338 434 ) (4204 2452 434 ) (4204 2452 370 ) (4204 2338 370 ) 
4 42 43 (4204 2220 370 ) (4204 2220 434 ) (4204 2334 434 ) (4204 2334 370 ) 
4 43 47 (4192 2456 366 ) (4192 2216 366 ) (4192 2216 438 ) (4192 2456 438 ) 
4 44 64 (4208 2048 434 ) (4204 2048 434 ) (4204 2048 370 ) (4208 2048 370 ) 
4 44 45 (4204 2048 370 ) (4204 2048 434 ) (4204 2124 434 ) (4204 2124 370 ) 
4 45 66 (4204 2048 438 ) (4192 2048 438 ) (4192 2048 366 ) (4204 2048 366 ) 
4 45 47 (4192 2128 366 ) (4192 2048 366 ) (4192 2048 438 ) (4192 2128 438 ) 
4 46 47 (4176 2872 1136 ) (4176 2872 344 ) (4192 2872 344 ) (4192 2872 1136 ) 
4 46 48 (4176 3072 296 ) (4176 2872 296 ) (4176 2872 1136 ) (4176 3072 1136 ) 
4 47 77 (4192 2048 344 ) (4192 2048 1136 ) (4176 2048 1136 ) (4176 2048 344 ) 
4 47 48 (4176 2048 344 ) (4176 2048 1136 ) (4176 2872 1136 ) (4176 2872 344 ) 
4 48 78 (4176 2048 1136 ) (4096 2048 1136 ) (4096 2048 296 ) (4176 2048 296 ) 
4 48 49 (4096 2048 296 ) (4096 2048 1136 ) (4096 3072 1136 ) (4096 3072 296 ) 
4 49 88 (3776 2048 296 ) (4096 2048 296 ) (4096 2048 504 ) (3776 2048 504 ) 
4 49 84 (4096 2048 504 ) (4096 2048 600 ) (3776 2048 600 ) (3776 2048 504 ) 
4 49 82 (4096 2048 600 ) (4096 2048 1136 ) (3776 2048 1136 ) (3776 2048 600 ) 
4 49 62 (3776 2080 296 ) (3776 2048 296 ) (3776 2048 452 ) (3776 2080 452 ) 
4 49 60 (3776 2048 452 ) (3776 2048 496 ) (3776 2080 496 ) (3776 2080 452 ) 
4 49 58 (3776 2048 616 ) (3776 2048 1136 ) (3776 2088 1136 ) (3776 2088 616 ) 
4 49 51 (3776 2880 296 ) (3776 2776 296 ) (3776 2776 406 ) (3776 2880 406 ) 
4 49 50 (3776 2088 616 ) (3776 2088 1136 ) (3776 3072 1136 ) (3776 3072 616 ) 
4 50 58 (3776 2088 616 ) (3776 2088 1136 ) (3768 2088 1136 ) (3768 2088 616 ) 
4 50 52 (3768 2088 616 ) (3768 2088 1136 ) (3768 3072 1136 ) (3768 3072 616 ) 
4 51 55 (3768 2880 296 ) (3768 2776 296 ) (3768 2776 406 ) (3768 2880 406 ) 
4 52 58 (3552 2088 616 ) (3768 2088 616 ) (3768 2088 1136 ) (3552 2088 1136 ) 
4 52 53 (3552 2424 736 ) (3552 2424 1136 ) (3552 3072 1136 ) (3552 3072 736 ) 
4 52 54 (3552 2424 616 ) (3552 2088 616 ) (3552 2088 1136 ) (3552 2424 1136 ) 
4 53 229 (3072 3072 1136 ) (3072 3072 736 ) (3072 2424 736 ) (3072 2424 1136 ) 
4 53 54 (3552 2424 736 ) (3552 2424 1136 ) (3072 2424 1136 ) (3072 2424 736 ) 
4 54 232 (3072 2424 616 ) (3072 2088 616 ) (3072 2088 736 ) (3072 2424 736 ) 
4 54 229 (3072 2088 736 ) (3072 2088 1136 ) (3072 2424 1136 ) (3072 2424 736 ) 
4 54 58 (3072 2088 1136 ) (3072 2088 616 ) (3552 2088 616 ) (3552 2088 1136 ) 
4 55 56 (3552 2560 600 ) (3552 2560 432 ) (3768 2560 432 ) (3768 2560 600 ) 
4 55 57 (3552 3072 296 ) (3552 2560 296 ) (3552 2560 600 ) (3552 3072 600 ) 
4 56 59 (3768 2088 504 ) (3768 2088 600 ) (3552 2088 600 ) (3552 2088 504 ) 
4 56 57 (3552 2088 432 ) (3552 2088 600 ) (3552 2560 600 ) (3552 2560 432 ) 
4 57 305 (3072 2176 296 ) (3072 2088 296 ) (3072 2088 424 ) (3072 2176 424 ) 
4 57 300 (3072 2424 296 ) (3072 2176 296 ) (3072 2176 424 ) (3072 2424 424 ) 
4 57 298 (3072 2432 296 ) (3072 2424 296 ) (3072 2424 424 ) (3072 2432 424 ) 
4 57 294 (3072 2592 296 ) (3072 2432 296 ) (3072 2432 424 ) (3072 2592 424 ) 
4 57 283 (3072 2680 296 ) (3072 2592 296 ) (3072 2592 424 ) (3072 2680 424 ) 
4 57 259 (3072 2208 424 ) (3072 2088 424 ) (3072 2088 496 ) (3072 2208 496 ) 
4 57 258 (3072 2272 424 ) (3072 2208 424 ) (3072 2208 496 ) (3072 2272 496 ) 
4 57 253 (3072 2336 424 ) (3072 2272 424 ) (3072 2272 496 ) (3072 2336 496 ) 
4 57 252 (3072 2432 424 ) (3072 2336 424 ) (3072 2336 496 ) (3072 2432 496 ) 
4 57 240 (3072 2680 424 ) (3072 2432 424 ) (3072 2432 496 ) (3072 2680 496 ) 
4 57 237 (3072 2680 496 ) (3072 2088 496 ) (3072 2088 504 ) (3072 2680 504 ) 
4 57 236 (3072 2680 504 ) (3072 2088 504 ) (3072 2088 600 ) (3072 2680 600 ) 
4 57 61 (3236 2088 296 ) (3428 2088 296 ) (3428 2088 452 ) (3236 2088 452 ) 
4 57 59 (3072 2088 600 ) (3072 2088 504 ) (3552 2088 504 ) (3552 2088 600 ) 
4 58 232 (3072 2048 616 ) (3072 2048 736 ) (3072 2088 736 ) (3072 2088 616 ) 
4 58 229 (3072 2048 736 ) (3072 2048 1136 ) (3072 2088 1136 ) (3072 2088 736 ) 
4 58 83 (3072 2048 1136 ) (3072 2048 616 ) (3776 2048 616 ) (3776 2048 1136 ) 
4 59 236 (3072 2048 504 ) (3072 2048 600 ) (3072 2088 600 ) (3072 2088 504 ) 
4 59 85 (3072 2048 600 ) (3072 2048 504 ) (3768 2048 504 ) (3768 2048 600 ) 
4 60 261 (3072 2048 452 ) (3072 2048 496 ) (3072 2080 496 ) (3072 2080 452 ) 
4 60 89 (3072 2048 496 ) (3072 2048 452 ) (3776 2048 452 ) (3776 2048 496 ) 
4 60 62 (3072 2048 452 ) (3072 2080 452 ) (3776 2080 452 ) (3776 2048 452 ) 
4 61 62 (3236 2080 296 ) (3428 2080 296 ) (3428 2080 452 ) (3236 2080 452 ) 
4 62 317 (3072 2048 296 ) (3072 2048 424 ) (3072 2080 424 ) (3072 2080 296 ) 
4 62 261 (3072 2048 424 ) (3072 2048 452 ) (3072 2080 452 ) (3072 2080 424 ) 
4 62 89 (3072 2048 452 ) (3072 2048 296 ) (3776 2048 296 ) (3776 2048 452 ) 
4 63 79 (4192 1560 524 ) (4192 1560 1136 ) (4192 1888 1136 ) (4192 1888 524 ) 
4 63 77 (4192 1888 1136 ) (4192 2048 1136 ) (4192 2048 524 ) (4192 1888 524 ) 
4 63 70 (4192 1560 1136 ) (4192 1560 524 ) (4440 1560 524 ) (4440 1560 1136 ) 
4 64 66 (4204 2010 434 ) (4204 2048 434 ) (4204 2048 370 ) (4204 2010 370 ) 
4 65 66 (4204 1892 370 ) (4204 1892 434 ) (4204 2006 434 ) (4204 2006 370 ) 
4 66 77 (4192 1888 438 ) (4192 2048 438 ) (4192 2048 366 ) (4192 1888 366 ) 
4 67 69 (4204 1682 434 ) (4204 1796 434 ) (4204 1796 370 ) (4204 1682 370 ) 
4 68 69 (4204 1564 434 ) (4204 1678 434 ) (4204 1678 370 ) (4204 1564 370 ) 
4 69 79 (4192 1560 366 ) (4192 1560 438 ) (4192 1800 438 ) (4192 1800 366 ) 
4 70 79 (4192 1560 1136 ) (4192 1560 524 ) (4192 1488 524 ) (4192 1488 1136 ) 
4 70 71 (4192 1488 1136 ) (4192 1488 524 ) (4440 1488 524 ) (4440 1488 1136 ) 
4 71 80 (4192 1488 1136 ) (4192 1488 524 ) (4192 1040 524 ) (4192 1040 1136 ) 
4 71 74 (4192 1040 1136 ) (4192 1040 524 ) (4440 1040 524 ) (4440 1040 1136 ) 
4 72 73 (4208 1412 288 ) (4208 1180 288 ) (4208 1180 444 ) (4208 1412 444 ) 
4 73 81 (4192 1416 288 ) (4192 1176 288 ) (4192 1176 296 ) (4192 1416 296 ) 
4 73 80 (4192 1176 296 ) (4192 1176 448 ) (4192 1416 448 ) (4192 1416 296 ) 
4 74 95 (4192 1024 1136 ) (4192 1024 524 ) (4440 1024 524 ) (4440 1024 1136 ) 
4 74 80 (4192 1024 524 ) (4192 1024 1136 ) (4192 1040 1136 ) (4192 1040 524 ) 
4 75 97 (4208 1024 434 ) (4204 1024 434 ) (4204 1024 370 ) (4208 1024 370 ) 
4 75 76 (4204 1024 370 ) (4204 1024 434 ) (4204 1036 434 ) (4204 1036 370 ) 
4 76 99 (4204 1024 438 ) (4192 1024 438 ) (4192 1024 366 ) (4204 1024 366 ) 
4 76 80 (4192 1024 366 ) (4192 1024 438 ) (4192 1040 438 ) (4192 1040 366 ) 
4 77 79 (4192 1888 344 ) (4192 1888 1136 ) (4176 1888 1136 ) (4176 1888 344 ) 
4 77 78 (4176 1888 344 ) (4176 1888 1136 ) (4176 2048 1136 ) (4176 2048 344 ) 
4 78 90 (4096 2024 296 ) (4096 1888 296 ) (4096 1888 1136 ) (4096 2024 1136 ) 
4 78 88 (4096 2048 504 ) (4096 2048 296 ) (4096 2024 296 ) (4096 2024 504 ) 
4 78 86 (4096 2032 504 ) (4096 2024 504 ) (4096 2024 600 ) (4096 2032 600 ) 
4 78 84 (4096 2048 600 ) (4096 2048 504 ) (4096 2032 504 ) (4096 2032 600 ) 
4 78 82 (4096 2048 1136 ) (4096 2048 600 ) (4096 2024 600 ) (4096 2024 1136 ) 
4 78 79 (4096 1888 296 ) (4176 1888 296 ) (4176 1888 1136 ) (4096 1888 1136 ) 
4 79 90 (4096 1888 296 ) (4096 1488 296 ) (4096 1488 1136 ) (4096 1888 1136 ) 
4 79 80 (4096 1488 296 ) (4192 1488 296 ) (4192 1488 1136 ) (4096 1488 1136 ) 
4 80 101 (4192 1024 296 ) (4192 1024 366 ) (4096 1024 366 ) (4096 1024 296 ) 
4 80 100 (4192 1024 366 ) (4192 1024 438 ) (4096 1024 438 ) (4096 1024 366 ) 
4 80 96 (4192 1024 438 ) (4192 1024 524 ) (4096 1024 524 ) (4096 1024 438 ) 
4 80 95 (4192 1024 524 ) (4192 1024 1136 ) (4096 1024 1136 ) (4096 1024 524 ) 
4 80 92 (4096 1488 296 ) (4096 1024 296 ) (4096 1024 1136 ) (4096 1488 1136 ) 
4 80 81 (4096 1168 296 ) (4096 1424 296 ) (4192 1424 296 ) (4192 1168 296 ) 
4 81 94 (4096 1424 288 ) (4096 1168 288 ) (4096 1168 296 ) (4096 1424 296 ) 
4 82 90 (4096 2024 600 ) (4096 2024 1136 ) (3776 2024 1136 ) (3776 2024 600 ) 
4 82 86 (4096 2024 600 ) (3776 2024 600 ) (3776 2032 600 ) (4096 2032 600 ) 
4 82 84 (3776 2032 600 ) (3776 2048 600 ) (4096 2048 600 ) (4096 2032 600 ) 
4 82 83 (3776 2024 616 ) (3776 2024 1136 ) (3776 2048 1136 ) (3776 2048 616 ) 
4 83 422 (3072 2048 1136 ) (3072 2048 616 ) (3072 2024 616 ) (3072 2024 1136 ) 
4 83 91 (3552 2024 1136 ) (3072 2024 1136 ) (3072 2024 616 ) (3552 2024 616 ) 
4 83 90 (3776 2024 1136 ) (3552 2024 1136 ) (3552 2024 616 ) (3776 2024 616 ) 
4 84 88 (3776 2048 504 ) (4096 2048 504 ) (4096 2032 504 ) (3776 2032 504 ) 
4 84 86 (3776 2032 504 ) (4096 2032 504 ) (4096 2032 600 ) (3776 2032 600 ) 
4 85 424 (3072 2048 600 ) (3072 2048 504 ) (3072 2032 504 ) (3072 2032 600 ) 
4 85 87 (3720 2032 520 ) (3720 2032 584 ) (3104 2032 584 ) (3104 2032 520 ) 
4 86 90 (4096 2024 504 ) (4096 2024 600 ) (3776 2024 600 ) (3776 2024 504 ) 
4 86 88 (4096 2024 504 ) (3776 2024 504 ) (3776 2032 504 ) (4096 2032 504 ) 
4 88 90 (3776 2024 296 ) (4096 2024 296 ) (4096 2024 504 ) (3776 2024 504 ) 
4 88 89 (3776 2048 296 ) (3776 2024 296 ) (3776 2024 496 ) (3776 2048 496 ) 
4 89 468 (3072 2048 424 ) (3072 2048 296 ) (3072 2024 296 ) (3072 2024 424 ) 
4 89 432 (3072 2048 496 ) (3072 2048 424 ) (3072 2024 424 ) (3072 2024 496 ) 
4 89 91 (3072 2024 296 ) (3552 2024 296 ) (3552 2024 496 ) (3072 2024 496 ) 
4 89 90 (3552 2024 296 ) (3776 2024 296 ) (3776 2024 496 ) (3552 2024 496 ) 
4 90 92 (3552 1488 296 ) (4096 1488 296 ) (4096 1488 1136 ) (3552 1488 1136 ) 
4 90 91 (3552 2024 1136 ) (3552 2024 296 ) (3552 1488 296 ) (3552 1488 1136 ) 
4 91 482 (3072 1872 296 ) (3072 1488 296 ) (3072 1488 424 ) (3072 1872 424 ) 
4 91 474 (3072 1880 296 ) (3072 1872 296 ) (3072 1872 424 ) (3072 1880 424 ) 
4 91 468 (3072 2024 424 ) (3072 2024 296 ) (3072 1880 296 ) (3072 1880 424 ) 
4 91 442 (3072 1872 424 ) (3072 1488 424 ) (3072 1488 1136 ) (3072 1872 1136 ) 
4 91 439 (3072 1880 424 ) (3072 1872 424 ) (3072 1872 496 ) (3072 1880 496 ) 
4 91 438 (3072 1952 424 ) (3072 1880 424 ) (3072 1880 496 ) (3072 1952 496 ) 
4 91 436 (3072 1984 424 ) (3072 1952 424 ) (3072 1952 496 ) (3072 1984 496 ) 
4 91 432 (3072 2024 496 ) (3072 2024 424 ) (3072 1984 424 ) (3072 1984 496 ) 
4 91 427 (3072 2024 504 ) (3072 2024 496 ) (3072 1872 496 ) (3072 1872 504 ) 
4 91 425 (3072 2024 600 ) (3072 2024 504 ) (3072 1872 504 ) (3072 1872 600 ) 
4 91 423 (3072 2024 1136 ) (3072 2024 600 ) (3072 1872 600 ) (3072 1872 1136 ) 
4 91 93 (3072 1488 1136 ) (3072 1488 296 ) (3552 1488 296 ) (3552 1488 1136 ) 
4 92 127 (3552 1024 296 ) (4096 1024 296 ) (4096 1024 432 ) (3552 1024 432 ) 
4 92 111 (4096 1024 432 ) (4096 1024 560 ) (3552 1024 560 ) (3552 1024 432 ) 
4 92 106 (4096 1024 560 ) (4096 1024 1136 ) (3552 1024 1136 ) (3552 1024 560 ) 
4 92 94 (4096 1424 296 ) (4096 1168 296 ) (3552 1168 296 ) (3552 1424 296 ) 
4 92 93 (3552 1488 1136 ) (3552 1488 296 ) (3552 1024 296 ) (3552 1024 1136 ) 
4 93 495 (3072 1024 296 ) (3072 1024 424 ) (3072 1168 424 ) (3072 1168 296 ) 
4 93 494 (3072 1168 424 ) (3072 1488 424 ) (3072 1488 296 ) (3072 1168 296 ) 
4 93 446 (3072 1024 424 ) (3072 1024 1136 ) (3072 1488 1136 ) (3072 1488 424 ) 
4 93 132 (3072 1024 402 ) (3072 1024 340 ) (3152 1024 340 ) (3152 1024 402 ) 
4 93 129 (3344 1024 296 ) (3448 1024 296 ) (3448 1024 406 ) (3344 1024 406 ) 
4 93 128 (3504 1024 296 ) (3552 1024 296 ) (3552 1024 432 ) (3504 1024 432 ) 
4 93 117 (3072 1024 536 ) (3072 1024 478 ) (3074 1024 478 ) (3074 1024 536 ) 
4 93 115 (3076 1024 478 ) (3112 1024 478 ) (3112 1024 536 ) (3076 1024 536 ) 
4 93 113 (3114 1024 478 ) (3150 1024 478 ) (3150 1024 536 ) (3114 1024 536 ) 
4 93 112 (3504 1024 432 ) (3552 1024 432 ) (3552 1024 560 ) (3504 1024 560 ) 
4 93 110 (3072 1024 1136 ) (3072 1024 568 ) (3504 1024 568 ) (3504 1024 1136 ) 
4 93 108 (3504 1024 560 ) (3552 1024 560 ) (3552 1024 1136 ) (3504 1024 1136 ) 
4 93 94 (3072 1168 296 ) (3072 1424 296 ) (3552 1424 296 ) (3552 1168 296 ) 
4 94 496 (3072 1168 296 ) (3072 1424 296 ) (3072 1424 288 ) (3072 1168 288 ) 
4 95 119 (4096 1016 524 ) (4096 800 524 ) (4096 800 560 ) (4096 1016 560 ) 
4 95 111 (4096 1024 560 ) (4096 1024 524 ) (4096 1016 524 ) (4096 1016 560 ) 
4 95 106 (4096 1024 1136 ) (4096 1024 560 ) (4096 800 560 ) (4096 800 1136 ) 
4 95 104 (4096 800 1136 ) (4096 800 524 ) (4192 800 524 ) (4192 800 1136 ) 
4 95 103 (4192 800 524 ) (4440 800 524 ) (4440 800 607.859009 ) (4192 800 607.859009 ) 
4 95 102 (4440 800 607.859009 ) (4440 800 1136 ) (4192 800 1136 ) (4192 800 607.859009 ) 
4 95 96 (4192 800 524 ) (4096 800 524 ) (4096 1024 524 ) (4192 1024 524 ) 
4 96 119 (4096 1016 438 ) (4096 800 438 ) (4096 800 524 ) (4096 1016 524 ) 
4 96 111 (4096 1024 524 ) (4096 1024 438 ) (4096 1016 438 ) (4096 1016 524 ) 
4 96 104 (4096 800 524 ) (4096 800 438 ) (4192 800 438 ) (4192 800 524 ) 
4 96 100 (4192 800 438 ) (4096 800 438 ) (4096 1024 438 ) (4192 1024 438 ) 
4 97 99 (4204 922 434 ) (4204 1024 434 ) (4204 1024 370 ) (4204 922 370 ) 
4 98 99 (4204 804 370 ) (4204 804 434 ) (4204 918 434 ) (4204 918 370 ) 
4 99 100 (4192 1024 366 ) (4192 800 366 ) (4192 800 438 ) (4192 1024 438 ) 
4 100 127 (4096 1024 432 ) (4096 1024 366 ) (4096 800 366 ) (4096 800 432 ) 
4 100 119 (4096 1016 432 ) (4096 800 432 ) (4096 800 438 ) (4096 1016 438 ) 
4 100 111 (4096 1024 438 ) (4096 1024 432 ) (4096 1016 432 ) (4096 1016 438 ) 
4 100 104 (4096 800 438 ) (4096 800 366 ) (4192 800 366 ) (4192 800 438 ) 
4 100 101 (4192 800 366 ) (4096 800 366 ) (4096 1024 366 ) (4192 1024 366 ) 
4 101 127 (4096 1024 366 ) (4096 1024 296 ) (4096 800 296 ) (4096 800 366 ) 
4 101 104 (4096 800 366 ) (4096 800 296 ) (4192 800 296 ) (4192 800 366 ) 
4 102 105 (4192 724 607.859009 ) (4192 576 607.859009 ) (4192 576 1136 ) (4192 724 1136 ) 
4 102 104 (4192 800 1136 ) (4192 800 607.859009 ) (4192 724 607.859009 ) (4192 724 1136 ) 
4 102 103 (4192 724 607.859009 ) (4192 800 607.859009 ) (4440 800 607.859009 ) (4440 724 607.859009 ) 
4 103 104 (4192 800 607.859009 ) (4192 800 524 ) (4192 724 524 ) (4192 724 607.859009 ) 
4 104 127 (4096 800 296 ) (4096 724 296 ) (4096 724 432 ) (4096 800 432 ) 
4 104 119 (4096 724 432 ) (4096 724 560 ) (4096 800 560 ) (4096 800 432 ) 
4 104 106 (4096 724 560 ) (4096 724 1136 ) (4096 800 1136 ) (4096 800 560 ) 
4 104 105 (4096 724 1136 ) (4096 724 607.859009 ) (4192 724 607.859009 ) (4192 724 1136 ) 
4 105 107 (4096 576 607.859009 ) (4096 576 1136 ) (4096 724 1136 ) (4096 724 607.859009 ) 
4 106 119 (4096 1016 560 ) (4096 724 560 ) (3552 724 560 ) (3552 1016 560 ) 
4 106 111 (3552 1024 560 ) (4096 1024 560 ) (4096 1016 560 ) (3552 1016 560 ) 
4 106 108 (3552 1024 560 ) (3552 724 560 ) (3552 724 1136 ) (3552 1024 1136 ) 
4 106 107 (3552 724 1136 ) (3552 724 607.859009 ) (4096 724 607.859009 ) (4096 724 1136 ) 
4 107 109 (3552 576 607.859009 ) (3552 576 1136 ) (3552 724 1136 ) (3552 724 607.859009 ) 
4 108 120 (3504 724 560 ) (3504 1016 560 ) (3552 1016 560 ) (3552 724 560 ) 
4 108 112 (3504 1016 560 ) (3504 1024 560 ) (3552 1024 560 ) (3552 1016 560 ) 
4 108 110 (3504 724 568 ) (3504 724 1136 ) (3504 1024 1136 ) (3504 1024 568 ) 
4 108 109 (3552 724 607.859009 ) (3552 724 1136 ) (3504 724 1136 ) (3504 724 607.859009 ) 
4 109 110 (3504 576 607.859009 ) (3504 576 1136 ) (3504 724 1136 ) (3504 724 607.859009 ) 
4 110 560 (3072 576 1136 ) (3072 1024 1136 ) (3072 1024 568 ) (3072 576 568 ) 
4 111 127 (4096 1024 432 ) (4096 1016 432 ) (3552 1016 432 ) (3552 1024 432 ) 
4 111 119 (3552 1016 432 ) (4096 1016 432 ) (4096 1016 560 ) (3552 1016 560 ) 
4 111 112 (3552 1024 432 ) (3552 1016 432 ) (3552 1016 560 ) (3552 1024 560 ) 
4 112 128 (3552 1016 432 ) (3504 1016 432 ) (3504 1024 432 ) (3552 1024 432 ) 
4 112 120 (3504 1016 432 ) (3552 1016 432 ) (3552 1016 560 ) (3504 1016 560 ) 
4 114 124 (3150 1016 478 ) (3150 1016 536 ) (3114 1016 536 ) (3114 1016 478 ) 
4 116 124 (3112 1016 536 ) (3076 1016 536 ) (3076 1016 478 ) (3112 1016 478 ) 
4 117 569 (3072 1024 536 ) (3072 1024 478 ) (3072 1021 478 ) (3072 1021 536 ) 
4 118 570 (3072 1019 478 ) (3072 1016 478 ) (3072 1016 536 ) (3072 1019 536 ) 
4 118 124 (3074 1016 536 ) (3072 1016 536 ) (3072 1016 478 ) (3074 1016 478 ) 
4 119 127 (4096 1016 432 ) (4096 724 432 ) (3552 724 432 ) (3552 1016 432 ) 
4 119 120 (3552 1016 560 ) (3552 1016 432 ) (3552 724 432 ) (3552 724 560 ) 
4 120 128 (3504 724 432 ) (3504 1016 432 ) (3552 1016 432 ) (3552 724 432 ) 
4 120 121 (3504 774 456 ) (3504 774 532 ) (3504 814 532 ) (3504 814 456 ) 
4 121 122 (3501 814 456 ) (3501 774 456 ) (3501 774 532 ) (3501 814 532 ) 
4 122 123 (3499 814 456 ) (3499 774 456 ) (3499 774 532 ) (3499 814 532 ) 
4 123 124 (3496 774 456 ) (3496 774 532 ) (3496 814 532 ) (3496 814 456 ) 
4 124 579 (3072 768 560 ) (3072 1016 560 ) (3072 1016 432 ) (3072 768 432 ) 
4 124 136 (3072 768 432 ) (3072 840 432 ) (3328 840 432 ) (3328 768 432 ) 
4 124 125 (3408 768 432 ) (3464 768 432 ) (3464 768 544 ) (3408 768 544 ) 
4 125 126 (3408 760 432 ) (3464 760 432 ) (3464 760 544 ) (3408 760 544 ) 
4 126 580 (3072 520 560 ) (3072 760 560 ) (3072 760 432 ) (3072 520 432 ) 
4 127 128 (3552 1024 296 ) (3552 724 296 ) (3552 724 432 ) (3552 1024 432 ) 
4 129 130 (3448 1023 296 ) (3448 1023 406 ) (3344 1023 406 ) (3344 1023 296 ) 
4 130 131 (3448 1017 296 ) (3448 1017 406 ) (3344 1017 406 ) (3344 1017 296 ) 
4 131 135 (3344 1016 296 ) (3448 1016 296 ) (3448 1016 406 ) (3344 1016 406 ) 
4 132 595 (3072 1024 402 ) (3072 1024 340 ) (3072 1023 340 ) (3072 1023 402 ) 
4 132 133 (3072 1023 340 ) (3152 1023 340 ) (3152 1023 402 ) (3072 1023 402 ) 
4 133 596 (3072 1023 340 ) (3072 1017 340 ) (3072 1017 402 ) (3072 1023 402 ) 
4 133 134 (3072 1017 340 ) (3152 1017 340 ) (3152 1017 402 ) (3072 1017 402 ) 
4 134 597 (3072 1017 340 ) (3072 1016 340 ) (3072 1016 402 ) (3072 1017 402 ) 
4 134 135 (3152 1016 340 ) (3152 1016 402 ) (3072 1016 402 ) (3072 1016 340 ) 
4 135 598 (3072 1016 424 ) (3072 1016 296 ) (3072 840 296 ) (3072 840 424 ) 
4 135 139 (3072 840 296 ) (3328 840 296 ) (3328 840 424 ) (3072 840 424 ) 
4 135 137 (3408 840 296 ) (3464 840 296 ) (3464 840 408 ) (3408 840 408 ) 
4 136 601 (3072 768 432 ) (3072 840 432 ) (3072 840 424 ) (3072 768 424 ) 
4 136 139 (3072 840 424 ) (3328 840 424 ) (3328 768 424 ) (3072 768 424 ) 
4 137 138 (3408 832 296 ) (3464 832 296 ) (3464 832 408 ) (3408 832 408 ) 
4 138 144 (3336 520 424 ) (3336 648 424 ) (3336 648 296 ) (3336 520 296 ) 
4 138 140 (3336 648 424 ) (3336 760 424 ) (3336 760 296 ) (3336 648 296 ) 
4 139 602 (3072 768 424 ) (3072 840 424 ) (3072 840 296 ) (3072 768 296 ) 
4 140 144 (3096 648 296 ) (3336 648 296 ) (3336 648 424 ) (3096 648 424 ) 
4 140 142 (3096 704 296 ) (3096 648 296 ) (3096 648 408 ) (3096 704 408 ) 
4 141 605 (3072 704 424 ) (3072 760 424 ) (3072 760 296 ) (3072 704 296 ) 
4 141 143 (3072 704 296 ) (3088 704 296 ) (3088 704 424 ) (3072 704 424 ) 
4 142 143 (3088 704 408 ) (3088 704 296 ) (3088 648 296 ) (3088 648 408 ) 
4 143 605 (3072 648 424 ) (3072 704 424 ) (3072 704 296 ) (3072 648 296 ) 
4 143 145 (3072 648 296 ) (3088 648 296 ) (3088 648 424 ) (3072 648 424 ) 
4 145 605 (3072 520 424 ) (3072 648 424 ) (3072 648 296 ) (3072 520 296 ) 
4 146 149 (3072 4096 712 ) (3072 4096 1136 ) (2880 4096 1136 ) (2880 4096 712 ) 
4 146 147 (2880 4464 1136 ) (2880 4464 712 ) (2880 4096 712 ) (2880 4096 1136 ) 
4 147 153 (2880 4096 712 ) (2880 4096 1136 ) (2048 4096 1136 ) (2048 4096 712 ) 
4 147 148 (2048 4096 712 ) (2048 4096 1136 ) (2048 4464 1136 ) (2048 4464 712 ) 
4 148 199 (2048 4096 712 ) (2048 4096 1136 ) (1256 4096 1136 ) (1256 4096 712 ) 
4 149 153 (2880 4032 712 ) (2880 4032 1136 ) (2880 4096 1136 ) (2880 4096 712 ) 
4 149 152 (2880 4032 1136 ) (2880 4032 712 ) (3072 4032 712 ) (3072 4032 1136 ) 
4 150 152 (2880 4032 648 ) (2880 4032 584 ) (3072 4032 584 ) (3072 4032 648 ) 
4 151 152 (2880 4032 536 ) (2880 4032 472 ) (3072 4032 472 ) (3072 4032 536 ) 
4 152 177 (3072 4032 424 ) (3072 4016 424 ) (2880 4016 424 ) (2880 4032 424 ) 
4 152 154 (2880 4016 424 ) (3072 4016 424 ) (3072 4016 1136 ) (2880 4016 1136 ) 
4 152 153 (2880 4016 712 ) (2880 4016 1136 ) (2880 4032 1136 ) (2880 4032 712 ) 
4 153 199 (2048 4096 1136 ) (2048 4096 712 ) (2048 4016 712 ) (2048 4016 1136 ) 
4 153 155 (2048 4016 1136 ) (2048 4016 712 ) (2816 4016 712 ) (2816 4016 1136 ) 
4 153 154 (2816 4016 712 ) (2880 4016 712 ) (2880 4016 1136 ) (2816 4016 1136 ) 
4 154 179 (2880 3840 424 ) (2816 3840 424 ) (2816 4016 424 ) (2880 4016 424 ) 
4 154 177 (3072 4016 424 ) (3072 3840 424 ) (2880 3840 424 ) (2880 4016 424 ) 
4 154 156 (2816 3840 424 ) (3072 3840 424 ) (3072 3840 1136 ) (2816 3840 1136 ) 
4 154 155 (2816 4016 1136 ) (2816 4016 616 ) (2816 3840 616 ) (2816 3840 1136 ) 
4 155 200 (2048 3840 616 ) (2048 3840 1136 ) (2048 4016 1136 ) (2048 4016 616 ) 
4 155 164 (2288 3840 1136 ) (2048 3840 1136 ) (2048 3840 616 ) (2288 3840 616 ) 
4 155 163 (2448 3840 1136 ) (2288 3840 1136 ) (2288 3840 616 ) (2448 3840 616 ) 
4 155 161 (2480 3840 1136 ) (2448 3840 1136 ) (2448 3840 616 ) (2480 3840 616 ) 
4 155 160 (2640 3840 1136 ) (2480 3840 1136 ) (2480 3840 616 ) (2640 3840 616 ) 
4 155 158 (2672 3840 1136 ) (2640 3840 1136 ) (2640 3840 616 ) (2672 3840 616 ) 
4 155 157 (2816 3840 616 ) (2816 3840 1136 ) (2672 3840 1136 ) (2672 3840 616 ) 
4 156 179 (2880 3776 424 ) (2816 3776 424 ) (2816 3840 424 ) (2880 3840 424 ) 
4 156 177 (3072 3840 424 ) (3072 3776 424 ) (2880 3776 424 ) (2880 3840 424 ) 
4 156 168 (2816 3776 424 ) (3072 3776 424 ) (3072 3776 600 ) (2816 3776 600 ) 
4 156 167 (3072 3776 600 ) (3072 3776 616 ) (2816 3776 616 ) (2816 3776 600 ) 
4 156 166 (3072 3776 616 ) (3072 3776 1136 ) (2816 3776 1136 ) (2816 3776 616 ) 
4 156 157 (2816 3840 1136 ) (2816 3840 616 ) (2816 3776 616 ) (2816 3776 1136 ) 
4 157 166 (2816 3776 616 ) (2816 3776 1136 ) (2672 3776 1136 ) (2672 3776 616 ) 
4 157 158 (2672 3776 616 ) (2672 3776 1136 ) (2672 3840 1136 ) (2672 3840 616 ) 
4 158 166 (2672 3776 616 ) (2672 3776 1136 ) (2640 3776 1136 ) (2640 3776 616 ) 
4 158 160 (2640 3840 1136 ) (2640 3840 616 ) (2640 3776 616 ) (2640 3776 1136 ) 
4 159 180 (2672 3776 424 ) (2640 3776 424 ) (2640 3840 424 ) (2672 3840 424 ) 
4 160 166 (2640 3776 616 ) (2640 3776 1136 ) (2480 3776 1136 ) (2480 3776 616 ) 
4 160 161 (2480 3776 616 ) (2480 3776 1136 ) (2480 3840 1136 ) (2480 3840 616 ) 
4 161 166 (2480 3776 616 ) (2480 3776 1136 ) (2448 3776 1136 ) (2448 3776 616 ) 
4 161 163 (2448 3840 1136 ) (2448 3840 616 ) (2448 3776 616 ) (2448 3776 1136 ) 
4 162 180 (2480 3776 424 ) (2448 3776 424 ) (2448 3840 424 ) (2480 3840 424 ) 
4 163 166 (2448 3776 616 ) (2448 3776 1136 ) (2288 3776 1136 ) (2288 3776 616 ) 
4 163 164 (2288 3840 1136 ) (2288 3840 616 ) (2288 3776 616 ) (2288 3776 1136 ) 
4 164 200 (2048 3776 616 ) (2048 3776 1136 ) (2048 3840 1136 ) (2048 3840 616 ) 
4 164 166 (2288 3776 616 ) (2288 3776 1136 ) (2048 3776 1136 ) (2048 3776 616 ) 
4 165 181 (2288 3776 424 ) (2256 3776 424 ) (2256 3840 424 ) (2288 3840 424 ) 
4 166 208 (2048 3200 616 ) (2048 3200 1136 ) (2048 3328 1136 ) (2048 3328 616 ) 
4 166 207 (2048 3328 1136 ) (2048 3488 1136 ) (2048 3488 616 ) (2048 3328 616 ) 
4 166 201 (2048 3488 1136 ) (2048 3552 1136 ) (2048 3552 616 ) (2048 3488 616 ) 
4 166 200 (2048 3552 1136 ) (2048 3776 1136 ) (2048 3776 616 ) (2048 3552 616 ) 
4 166 173 (2048 3200 1136 ) (2048 3200 736 ) (3072 3200 736 ) (3072 3200 1136 ) 
4 166 167 (2816 3776 616 ) (3072 3776 616 ) (3072 3328 616 ) (2816 3328 616 ) 
4 167 172 (3072 3392 600 ) (3072 3328 600 ) (2816 3328 600 ) (2816 3392 600 ) 
4 167 170 (3072 3456 600 ) (3072 3392 600 ) (2816 3392 600 ) (2816 3456 600 ) 
4 167 168 (2816 3776 600 ) (3072 3776 600 ) (3072 3456 600 ) (2816 3456 600 ) 
4 168 179 (2880 3456 424 ) (2816 3456 424 ) (2816 3776 424 ) (2880 3776 424 ) 
4 168 177 (3072 3776 424 ) (3072 3456 424 ) (2880 3456 424 ) (2880 3776 424 ) 
4 168 170 (2816 3456 424 ) (3072 3456 424 ) (3072 3456 600 ) (2816 3456 600 ) 
4 169 182 (2464 3592 424 ) (2496 3592 424 ) (2496 3528 424 ) (2464 3528 424 ) 
4 170 179 (2880 3392 424 ) (2816 3392 424 ) (2816 3456 424 ) (2880 3456 424 ) 
4 170 177 (3072 3456 424 ) (3072 3392 424 ) (2880 3392 424 ) (2880 3456 424 ) 
4 170 172 (2816 3392 424 ) (3072 3392 424 ) (3072 3392 600 ) (2816 3392 600 ) 
4 171 184 (2288 3392 424 ) (2256 3392 424 ) (2256 3456 424 ) (2288 3456 424 ) 
4 172 179 (2880 3328 424 ) (2816 3328 424 ) (2816 3392 424 ) (2880 3392 424 ) 
4 172 177 (3072 3392 424 ) (3072 3328 424 ) (2880 3328 424 ) (2880 3392 424 ) 
4 173 230 (2144 3072 1136 ) (2048 3072 1136 ) (2048 3072 736 ) (2144 3072 736 ) 
4 173 229 (3072 3072 736 ) (3072 3072 1136 ) (2144 3072 1136 ) (2144 3072 736 ) 
4 173 210 (2048 3072 736 ) (2048 3072 1136 ) (2048 3200 1136 ) (2048 3200 736 ) 
4 174 245 (3000 3072 472 ) (2800 3072 472 ) (2800 3072 424 ) (3000 3072 424 ) 
4 174 241 (3064 3072 472 ) (3000 3072 472 ) (3000 3072 424 ) (3064 3072 424 ) 
4 174 185 (3064 3072 424 ) (2800 3072 424 ) (2800 3184 424 ) (3064 3184 424 ) 
4 174 175 (2800 3184 472 ) (2800 3184 424 ) (2800 3072 424 ) (2800 3072 472 ) 
4 175 247 (2800 3072 472 ) (2560 3072 472 ) (2560 3072 424 ) (2800 3072 424 ) 
4 175 186 (2800 3072 424 ) (2560 3072 424 ) (2560 3184 424 ) (2800 3184 424 ) 
4 176 190 (2288 3072 424 ) (2256 3072 424 ) (2256 3136 424 ) (2288 3136 424 ) 
4 177 179 (2880 3328 360 ) (2880 3328 424 ) (2880 4016 424 ) (2880 4016 360 ) 
4 177 178 (3072 3328 360 ) (2880 3328 360 ) (2880 4032 360 ) (3072 4032 360 ) 
4 178 179 (2880 4016 296 ) (2880 3328 296 ) (2880 3328 360 ) (2880 4016 360 ) 
4 180 181 (2344 4008 424 ) (2344 4008 296 ) (2344 3712 296 ) (2344 3712 424 ) 
4 181 214 (2048 4008 296 ) (2048 3704 296 ) (2048 3704 424 ) (2048 4008 424 ) 
4 181 184 (2048 3704 296 ) (2344 3704 296 ) (2344 3704 424 ) (2048 3704 424 ) 
4 182 183 (2352 3408 296 ) (2352 3352 296 ) (2352 3352 408 ) (2352 3408 408 ) 
4 183 184 (2344 3408 296 ) (2344 3352 296 ) (2344 3352 408 ) (2344 3408 408 ) 
4 184 214 (2048 3704 296 ) (2048 3328 296 ) (2048 3328 424 ) (2048 3704 424 ) 
4 184 192 (2048 3328 296 ) (2152 3328 296 ) (2152 3328 424 ) (2048 3328 424 ) 
4 184 187 (2152 3328 296 ) (2344 3328 296 ) (2344 3328 424 ) (2152 3328 424 ) 
4 185 266 (3064 3072 424 ) (2800 3072 424 ) (2800 3072 296 ) (3064 3072 296 ) 
4 185 186 (2800 3184 424 ) (2800 3184 296 ) (2800 3072 296 ) (2800 3072 424 ) 
4 186 267 (2800 3072 424 ) (2560 3072 424 ) (2560 3072 296 ) (2800 3072 296 ) 
4 187 192 (2152 3328 424 ) (2152 3328 296 ) (2152 3272 296 ) (2152 3272 424 ) 
4 187 191 (2152 3184 304 ) (2152 3184 296 ) (2344 3184 296 ) (2344 3184 304 ) 
4 187 188 (2152 3184 424 ) (2152 3184 304 ) (2344 3184 304 ) (2344 3184 424 ) 
4 188 191 (2152 3176 304 ) (2152 3184 304 ) (2344 3184 304 ) (2344 3176 304 ) 
4 188 190 (2152 3176 424 ) (2152 3176 304 ) (2344 3176 304 ) (2344 3176 424 ) 
4 189 274 (2552 3072 424 ) (2360 3072 424 ) (2360 3072 304 ) (2552 3072 304 ) 
4 190 275 (2344 3072 424 ) (2152 3072 424 ) (2152 3072 304 ) (2344 3072 304 ) 
4 190 191 (2152 3072 304 ) (2152 3176 304 ) (2344 3176 304 ) (2344 3072 304 ) 
4 191 277 (2152 3072 304 ) (2152 3072 296 ) (2344 3072 296 ) (2344 3072 304 ) 
4 192 214 (2048 3328 296 ) (2048 3272 296 ) (2048 3272 424 ) (2048 3328 424 ) 
4 193 194 (2120 3264 424 ) (2120 3264 296 ) (2120 3112 296 ) (2120 3112 424 ) 
4 194 216 (2048 3264 296 ) (2048 3112 296 ) (2048 3112 424 ) (2048 3264 424 ) 
4 194 195 (2048 3112 296 ) (2120 3112 296 ) (2120 3112 408 ) (2048 3112 408 ) 
4 195 220 (2048 3112 296 ) (2048 3108 296 ) (2048 3108 408 ) (2048 3112 408 ) 
4 196 222 (2048 3100 300 ) (2048 3100 404 ) (2048 3104 404 ) (2048 3104 300 ) 
4 196 197 (2116 3100 404 ) (2048 3100 404 ) (2048 3100 300 ) (2116 3100 300 ) 
4 197 224 (2048 3100 296 ) (2048 3096 296 ) (2048 3096 408 ) (2048 3100 408 ) 
4 197 198 (2048 3096 296 ) (2120 3096 296 ) (2120 3096 408 ) (2048 3096 408 ) 
4 198 279 (2144 3072 424 ) (2048 3072 424 ) (2048 3072 296 ) (2144 3072 296 ) 
4 198 226 (2048 3096 296 ) (2048 3072 296 ) (2048 3072 424 ) (2048 3096 424 ) 
4 199 200 (2048 4016 712 ) (2048 4016 1136 ) (1256 4016 1136 ) (1256 4016 712 ) 
4 200 205 (1712 3552 1136 ) (1256 3552 1136 ) (1256 3552 616 ) (1712 3552 616 ) 
4 200 204 (1936 3552 1136 ) (1712 3552 1136 ) (1712 3552 616 ) (1936 3552 616 ) 
4 200 202 (1968 3552 1136 ) (1936 3552 1136 ) (1936 3552 616 ) (1968 3552 616 ) 
4 200 201 (2048 3552 616 ) (2048 3552 1136 ) (1968 3552 1136 ) (1968 3552 616 ) 
4 201 207 (2048 3488 616 ) (2048 3488 1136 ) (1968 3488 1136 ) (1968 3488 616 ) 
4 201 202 (1968 3488 616 ) (1968 3488 1136 ) (1968 3552 1136 ) (1968 3552 616 ) 
4 202 207 (1968 3488 616 ) (1968 3488 1136 ) (1936 3488 1136 ) (1936 3488 616 ) 
4 202 204 (1936 3552 1136 ) (1936 3552 616 ) (1936 3488 616 ) (1936 3488 1136 ) 
4 203 215 (1936 3552 424 ) (1968 3552 424 ) (1968 3488 424 ) (1936 3488 424 ) 
4 204 207 (1936 3488 616 ) (1936 3488 1136 ) (1712 3488 1136 ) (1712 3488 616 ) 
4 204 205 (1712 3552 1136 ) (1712 3552 616 ) (1712 3488 616 ) (1712 3488 1136 ) 
4 205 207 (1712 3488 616 ) (1712 3488 1136 ) (1256 3488 1136 ) (1256 3488 616 ) 
4 206 215 (1680 3552 424 ) (1712 3552 424 ) (1712 3488 424 ) (1680 3488 424 ) 
4 207 209 (1256 3328 1136 ) (1256 3328 616 ) (1968 3328 616 ) (1968 3328 1136 ) 
4 207 208 (1968 3328 616 ) (2048 3328 616 ) (2048 3328 1136 ) (1968 3328 1136 ) 
4 208 211 (2032 3200 1136 ) (1968 3200 1136 ) (1968 3200 736 ) (2032 3200 736 ) 
4 208 210 (2048 3200 736 ) (2048 3200 1136 ) (2032 3200 1136 ) (2032 3200 736 ) 
4 208 209 (1968 3328 1136 ) (1968 3328 616 ) (1968 3200 616 ) (1968 3200 1136 ) 
4 209 213 (1256 3200 1136 ) (1256 3200 736 ) (1968 3200 736 ) (1968 3200 1136 ) 
4 210 340 (2048 3072 736 ) (2048 3072 1136 ) (2032 3072 1136 ) (2032 3072 736 ) 
4 210 211 (2032 3200 1136 ) (2032 3200 736 ) (2032 3072 736 ) (2032 3072 1136 ) 
4 211 340 (1968 3072 1136 ) (1968 3072 736 ) (2032 3072 736 ) (2032 3072 1136 ) 
4 211 213 (1968 3200 1136 ) (1968 3200 736 ) (1968 3072 736 ) (1968 3072 1136 ) 
4 212 216 (1968 3152 424 ) (1968 3184 424 ) (2032 3184 424 ) (2032 3152 424 ) 
4 213 342 (1256 3072 1136 ) (1256 3072 736 ) (1616 3072 736 ) (1616 3072 1136 ) 
4 213 340 (1616 3072 736 ) (1968 3072 736 ) (1968 3072 1136 ) (1616 3072 1136 ) 
4 214 215 (1984 3712 296 ) (1984 3272 296 ) (1984 3272 424 ) (1984 3712 424 ) 
4 215 218 (1536 3272 424 ) (1536 3272 296 ) (1784 3272 296 ) (1784 3272 424 ) 
4 216 220 (1888 3112 296 ) (2048 3112 296 ) (2048 3112 408 ) (1888 3112 408 ) 
4 216 217 (1792 3216 296 ) (1792 3160 296 ) (1792 3160 408 ) (1792 3216 408 ) 
4 217 218 (1784 3216 296 ) (1784 3160 296 ) (1784 3160 408 ) (1784 3216 408 ) 
4 218 221 (1536 3112 408 ) (1536 3112 296 ) (1784 3112 296 ) (1784 3112 408 ) 
4 218 219 (1536 3112 424 ) (1536 3112 408 ) (1784 3112 408 ) (1784 3112 424 ) 
4 219 225 (1784 3096 408 ) (1536 3096 408 ) (1536 3100 408 ) (1784 3100 408 ) 
4 219 223 (1536 3100 408 ) (1536 3108 408 ) (1784 3108 408 ) (1784 3100 408 ) 
4 219 221 (1536 3108 408 ) (1536 3112 408 ) (1784 3112 408 ) (1784 3108 408 ) 
4 219 226 (1536 3096 424 ) (1536 3096 408 ) (1784 3096 408 ) (1784 3096 424 ) 
4 221 223 (1784 3108 408 ) (1536 3108 408 ) (1536 3108 296 ) (1784 3108 296 ) 
4 222 224 (2048 3100 300 ) (2048 3100 404 ) (1892 3100 404 ) (1892 3100 300 ) 
4 223 225 (1784 3100 408 ) (1536 3100 408 ) (1536 3100 296 ) (1784 3100 296 ) 
4 224 226 (1888 3096 296 ) (2048 3096 296 ) (2048 3096 408 ) (1888 3096 408 ) 
4 225 226 (1536 3096 408 ) (1536 3096 296 ) (1784 3096 296 ) (1784 3096 408 ) 
4 226 371 (1536 3072 392 ) (1536 3072 296 ) (1624 3072 296 ) (1624 3072 392 ) 
4 226 370 (1624 3072 424 ) (1536 3072 424 ) (1536 3072 392 ) (1624 3072 392 ) 
4 226 365 (1784 3072 424 ) (1624 3072 424 ) (1624 3072 296 ) (1784 3072 296 ) 
4 226 359 (1844 3072 424 ) (1784 3072 424 ) (1784 3072 296 ) (1844 3072 296 ) 
4 226 358 (1852 3072 424 ) (1844 3072 424 ) (1844 3072 296 ) (1852 3072 296 ) 
4 226 356 (2048 3072 296 ) (2048 3072 424 ) (1852 3072 424 ) (1852 3072 296 ) 
4 226 227 (1536 3088 296 ) (1536 3072 296 ) (1536 3072 392 ) (1536 3088 392 ) 
4 227 372 (1488 3072 392 ) (1488 3072 296 ) (1536 3072 296 ) (1536 3072 392 ) 
4 227 228 (1488 3088 296 ) (1488 3072 296 ) (1488 3072 392 ) (1488 3088 392 ) 
4 228 373 (1488 3072 424 ) (1232 3072 424 ) (1232 3072 296 ) (1488 3072 296 ) 
4 229 429 (2352 2048 1136 ) (2144 2048 1136 ) (2144 2048 736 ) (2352 2048 736 ) 
4 229 428 (3000 2048 1136 ) (2352 2048 1136 ) (2352 2048 736 ) (3000 2048 736 ) 
4 229 422 (3072 2048 736 ) (3072 2048 1136 ) (3000 2048 1136 ) (3000 2048 736 ) 
4 229 233 (3000 2424 736 ) (3000 2048 736 ) (2144 2048 736 ) (2144 2424 736 ) 
4 229 232 (3072 2424 736 ) (3072 2048 736 ) (3000 2048 736 ) (3000 2424 736 ) 
4 229 231 (2144 2048 752 ) (2144 2048 1136 ) (2144 2976 1136 ) (2144 2976 752 ) 
4 229 230 (2144 3072 736 ) (2144 2976 736 ) (2144 2976 1136 ) (2144 3072 1136 ) 
4 230 340 (2048 2976 1136 ) (2048 3072 1136 ) (2048 3072 736 ) (2048 2976 736 ) 
4 230 231 (2144 2976 752 ) (2144 2976 1136 ) (2048 2976 1136 ) (2048 2976 752 ) 
4 231 447 (2144 2048 1136 ) (2048 2048 1136 ) (2048 2048 752 ) (2144 2048 752 ) 
4 231 341 (2048 2048 752 ) (2048 2048 1136 ) (2048 2976 1136 ) (2048 2976 752 ) 
4 232 422 (3072 2048 616 ) (3072 2048 736 ) (3000 2048 736 ) (3000 2048 616 ) 
4 232 233 (3000 2048 616 ) (3000 2048 736 ) (3000 2424 736 ) (3000 2424 616 ) 
4 233 429 (2352 2048 736 ) (2144 2048 736 ) (2144 2048 616 ) (2352 2048 616 ) 
4 233 428 (3000 2048 736 ) (2352 2048 736 ) (2352 2048 616 ) (3000 2048 616 ) 
4 233 235 (2352 2312 616 ) (2440 2312 616 ) (2440 2048 616 ) (2352 2048 616 ) 
4 233 234 (2440 2424 616 ) (3000 2424 616 ) (3000 2048 616 ) (2440 2048 616 ) 
4 234 428 (2440 2048 600 ) (3000 2048 600 ) (3000 2048 616 ) (2440 2048 616 ) 
4 234 238 (3000 2048 600 ) (2440 2048 600 ) (2440 2424 600 ) (3000 2424 600 ) 
4 234 235 (2440 2312 600 ) (2440 2048 600 ) (2440 2048 616 ) (2440 2312 616 ) 
4 235 428 (2352 2048 600 ) (2440 2048 600 ) (2440 2048 616 ) (2352 2048 616 ) 
4 235 239 (2440 2048 600 ) (2352 2048 600 ) (2352 2312 600 ) (2440 2312 600 ) 
4 236 424 (3072 2048 504 ) (3072 2048 600 ) (3008 2048 600 ) (3008 2048 504 ) 
4 236 237 (3008 2088 504 ) (3008 2680 504 ) (3072 2680 504 ) (3072 2088 504 ) 
4 237 259 (3072 2208 496 ) (3072 2088 496 ) (3008 2088 496 ) (3008 2208 496 ) 
4 237 258 (3072 2272 496 ) (3072 2208 496 ) (3008 2208 496 ) (3008 2272 496 ) 
4 237 253 (3072 2336 496 ) (3072 2272 496 ) (3008 2272 496 ) (3008 2336 496 ) 
4 237 252 (3072 2432 496 ) (3072 2336 496 ) (3008 2336 496 ) (3008 2432 496 ) 
4 237 244 (3064 2432 496 ) (3008 2432 496 ) (3008 2680 496 ) (3064 2680 496 ) 
4 237 240 (3072 2680 496 ) (3072 2432 496 ) (3064 2432 496 ) (3064 2680 496 ) 
4 238 428 (3000 2048 600 ) (2440 2048 600 ) (2440 2048 504 ) (3000 2048 504 ) 
4 238 239 (2440 2048 504 ) (2440 2048 600 ) (2440 2312 600 ) (2440 2312 504 ) 
4 239 428 (2440 2048 600 ) (2352 2048 600 ) (2352 2048 504 ) (2440 2048 504 ) 
4 240 294 (3072 2592 424 ) (3072 2432 424 ) (3064 2432 424 ) (3064 2592 424 ) 
4 240 283 (3072 2680 424 ) (3072 2592 424 ) (3064 2592 424 ) (3064 2680 424 ) 
4 240 252 (3064 2432 424 ) (3072 2432 424 ) (3072 2432 496 ) (3064 2432 496 ) 
4 240 244 (3064 2680 424 ) (3064 2432 424 ) (3064 2432 496 ) (3064 2680 496 ) 
4 241 266 (3000 3072 424 ) (3064 3072 424 ) (3064 2944 424 ) (3000 2944 424 ) 
4 241 245 (3000 3072 424 ) (3000 2944 424 ) (3000 2944 472 ) (3000 3072 472 ) 
4 242 280 (3064 2904 424 ) (3064 2896 424 ) (3000 2896 424 ) (3000 2904 424 ) 
4 242 270 (3064 2936 424 ) (3064 2904 424 ) (3000 2904 424 ) (3000 2936 424 ) 
4 242 246 (3000 2936 424 ) (3000 2896 424 ) (3000 2896 472 ) (3000 2936 472 ) 
4 242 243 (3064 2896 424 ) (3064 2896 472 ) (3000 2896 472 ) (3000 2896 424 ) 
4 243 286 (3008 2688 424 ) (3000 2688 424 ) (3000 2896 424 ) (3008 2896 424 ) 
4 243 284 (3064 2896 424 ) (3064 2688 424 ) (3008 2688 424 ) (3008 2896 424 ) 
4 243 249 (3000 2896 424 ) (3000 2688 424 ) (3000 2688 472 ) (3000 2896 472 ) 
4 244 294 (3064 2592 424 ) (3064 2432 424 ) (3008 2432 424 ) (3008 2592 424 ) 
4 244 285 (3064 2680 424 ) (3064 2592 424 ) (3008 2592 424 ) (3008 2680 424 ) 
4 244 252 (3008 2432 424 ) (3064 2432 424 ) (3064 2432 496 ) (3008 2432 496 ) 
4 245 266 (2800 3072 424 ) (3000 3072 424 ) (3000 2944 424 ) (2800 2944 424 ) 
4 245 247 (2800 3072 424 ) (2800 2944 424 ) (2800 2944 472 ) (2800 3072 472 ) 
4 246 281 (3000 2904 424 ) (3000 2896 424 ) (2808 2896 424 ) (2808 2904 424 ) 
4 246 271 (3000 2936 424 ) (3000 2904 424 ) (2808 2904 424 ) (2808 2936 424 ) 
4 246 249 (2808 2896 424 ) (3000 2896 424 ) (3000 2896 472 ) (2808 2896 472 ) 
4 247 267 (2560 3072 424 ) (2800 3072 424 ) (2800 2944 424 ) (2560 2944 424 ) 
4 247 248 (2560 2944 472 ) (2560 2944 424 ) (2800 2944 424 ) (2800 2944 472 ) 
4 248 272 (2800 2936 424 ) (2800 2904 424 ) (2560 2904 424 ) (2560 2936 424 ) 
4 248 269 (2800 2944 424 ) (2800 2936 424 ) (2560 2936 424 ) (2560 2944 424 ) 
4 249 289 (2640 2896 424 ) (2704 2896 424 ) (2704 2600 424 ) (2640 2600 424 ) 
4 249 287 (2704 2896 424 ) (3000 2896 424 ) (3000 2600 424 ) (2704 2600 424 ) 
4 249 251 (2640 2600 472 ) (2640 2896 472 ) (2640 2896 424 ) (2640 2600 424 ) 
4 250 296 (3000 2592 424 ) (3000 2432 424 ) (2648 2432 424 ) (2648 2592 424 ) 
4 251 297 (2440 2432 424 ) (2440 2592 424 ) (2640 2592 424 ) (2640 2432 424 ) 
4 251 290 (2440 2592 424 ) (2440 2896 424 ) (2640 2896 424 ) (2640 2592 424 ) 
4 251 262 (2440 2896 424 ) (2440 2432 424 ) (2440 2432 472 ) (2440 2896 472 ) 
4 252 300 (3072 2424 424 ) (3072 2336 424 ) (3008 2336 424 ) (3008 2424 424 ) 
4 252 298 (3008 2432 424 ) (3072 2432 424 ) (3072 2424 424 ) (3008 2424 424 ) 
4 252 253 (3008 2336 424 ) (3072 2336 424 ) (3072 2336 496 ) (3008 2336 496 ) 
4 253 300 (3008 2336 424 ) (3072 2336 424 ) (3072 2272 424 ) (3008 2272 424 ) 
4 253 258 (3008 2272 424 ) (3072 2272 424 ) (3072 2272 496 ) (3008 2272 496 ) 
4 254 301 (2864 2336 424 ) (2896 2336 424 ) (2896 2312 424 ) (2864 2312 424 ) 
4 254 255 (2864 2312 432 ) (2864 2312 424 ) (2896 2312 424 ) (2896 2312 432 ) 
4 255 303 (2896 2272 424 ) (2864 2272 424 ) (2864 2312 424 ) (2896 2312 424 ) 
4 256 301 (2672 2336 424 ) (2704 2336 424 ) (2704 2312 424 ) (2672 2312 424 ) 
4 256 257 (2672 2312 432 ) (2672 2312 424 ) (2704 2312 424 ) (2704 2312 432 ) 
4 257 303 (2704 2272 424 ) (2672 2272 424 ) (2672 2312 424 ) (2704 2312 424 ) 
4 258 300 (3008 2272 424 ) (3072 2272 424 ) (3072 2208 424 ) (3008 2208 424 ) 
4 258 259 (3008 2208 424 ) (3072 2208 424 ) (3072 2208 496 ) (3008 2208 496 ) 
4 259 305 (3072 2176 424 ) (3072 2088 424 ) (3008 2088 424 ) (3008 2176 424 ) 
4 259 300 (3008 2208 424 ) (3072 2208 424 ) (3072 2176 424 ) (3008 2176 424 ) 
4 260 316 (2480 2176 424 ) (2480 2144 424 ) (2448 2144 424 ) (2448 2176 424 ) 
4 260 304 (2448 2208 424 ) (2480 2208 424 ) (2480 2176 424 ) (2448 2176 424 ) 
4 261 432 (3072 2048 424 ) (3072 2048 496 ) (3008 2048 496 ) (3008 2048 424 ) 
4 261 317 (3072 2048 424 ) (3008 2048 424 ) (3008 2080 424 ) (3072 2080 424 ) 
4 262 324 (2440 2592 424 ) (2440 2432 424 ) (2432 2432 424 ) (2432 2592 424 ) 
4 262 290 (2432 2896 424 ) (2440 2896 424 ) (2440 2592 424 ) (2432 2592 424 ) 
4 262 263 (2432 2896 472 ) (2432 2896 424 ) (2432 2432 424 ) (2432 2432 472 ) 
4 263 326 (2152 2320 424 ) (2152 2592 424 ) (2432 2592 424 ) (2432 2320 424 ) 
4 263 290 (2152 2592 424 ) (2152 2896 424 ) (2432 2896 424 ) (2432 2592 424 ) 
4 263 264 (2152 2896 424 ) (2152 2792 424 ) (2152 2792 472 ) (2152 2896 472 ) 
4 264 345 (2048 2896 472 ) (2048 2896 424 ) (2048 2792 424 ) (2048 2792 472 ) 
4 264 291 (2048 2792 424 ) (2048 2896 424 ) (2152 2896 424 ) (2152 2792 424 ) 
4 265 352 (2048 2208 432 ) (2048 2208 424 ) (2048 2144 424 ) (2048 2144 432 ) 
4 265 330 (2048 2144 424 ) (2048 2208 424 ) (2064 2208 424 ) (2064 2144 424 ) 
4 266 268 (2912 2944 296 ) (2968 2944 296 ) (2968 2944 408 ) (2912 2944 408 ) 
4 266 267 (2800 3072 296 ) (2800 2944 296 ) (2800 2944 424 ) (2800 3072 424 ) 
4 267 273 (2560 2972 416 ) (2560 3028 416 ) (2560 3028 304 ) (2560 2972 304 ) 
4 267 269 (2560 2944 424 ) (2560 2944 296 ) (2800 2944 296 ) (2800 2944 424 ) 
4 268 271 (2912 2936 296 ) (2968 2936 296 ) (2968 2936 408 ) (2912 2936 408 ) 
4 269 272 (2560 2936 424 ) (2560 2936 296 ) (2800 2936 296 ) (2800 2936 424 ) 
4 270 280 (3000 2904 296 ) (3064 2904 296 ) (3064 2904 424 ) (3000 2904 424 ) 
4 270 271 (3000 2936 424 ) (3000 2936 296 ) (3000 2904 296 ) (3000 2904 424 ) 
4 271 281 (2808 2904 296 ) (3000 2904 296 ) (3000 2904 424 ) (2808 2904 424 ) 
4 273 274 (2552 2972 416 ) (2552 3028 416 ) (2552 3028 304 ) (2552 2972 304 ) 
4 275 278 (2152 3040 408 ) (2152 3040 304 ) (2152 2952 304 ) (2152 2952 408 ) 
4 275 277 (2152 2912 304 ) (2152 3072 304 ) (2344 3072 304 ) (2344 2912 304 ) 
4 275 276 (2152 2912 424 ) (2152 2912 304 ) (2344 2912 304 ) (2344 2912 424 ) 
4 276 282 (2196 2904 406 ) (2196 2904 304 ) (2300 2904 304 ) (2300 2904 406 ) 
4 276 277 (2152 2904 304 ) (2152 2912 304 ) (2344 2912 304 ) (2344 2904 304 ) 
4 277 282 (2196 2904 296 ) (2300 2904 296 ) (2300 2904 304 ) (2196 2904 304 ) 
4 277 278 (2152 3040 296 ) (2152 2952 296 ) (2152 2952 304 ) (2152 3040 304 ) 
4 278 279 (2144 3040 296 ) (2144 2952 296 ) (2144 2952 408 ) (2144 3040 408 ) 
4 279 356 (2048 2904 424 ) (2048 3072 424 ) (2048 3072 296 ) (2048 2904 296 ) 
4 280 286 (3000 2896 296 ) (3008 2896 296 ) (3008 2896 424 ) (3000 2896 424 ) 
4 280 284 (3008 2896 296 ) (3064 2896 296 ) (3064 2896 424 ) (3008 2896 424 ) 
4 280 281 (3000 2904 424 ) (3000 2904 296 ) (3000 2896 296 ) (3000 2896 424 ) 
4 281 287 (2808 2896 296 ) (3000 2896 296 ) (3000 2896 424 ) (2808 2896 424 ) 
4 282 290 (2196 2896 296 ) (2300 2896 296 ) (2300 2896 406 ) (2196 2896 406 ) 
4 283 294 (3064 2592 296 ) (3072 2592 296 ) (3072 2592 424 ) (3064 2592 424 ) 
4 283 285 (3064 2680 296 ) (3064 2592 296 ) (3064 2592 424 ) (3064 2680 424 ) 
4 284 286 (3008 2896 424 ) (3008 2896 296 ) (3008 2688 296 ) (3008 2688 424 ) 
4 285 294 (3008 2592 296 ) (3064 2592 296 ) (3064 2592 424 ) (3008 2592 424 ) 
4 286 287 (3000 2896 424 ) (3000 2896 296 ) (3000 2688 296 ) (3000 2688 424 ) 
4 287 289 (2704 2896 424 ) (2704 2896 296 ) (2704 2600 296 ) (2704 2600 424 ) 
4 287 288 (2704 2600 406 ) (2704 2600 296 ) (2808 2600 296 ) (2808 2600 406 ) 
4 288 296 (2704 2592 296 ) (2808 2592 296 ) (2808 2592 406 ) (2704 2592 406 ) 
4 289 290 (2640 2896 424 ) (2640 2896 296 ) (2640 2600 296 ) (2640 2600 424 ) 
4 290 324 (2432 2592 296 ) (2440 2592 296 ) (2440 2592 424 ) (2432 2592 424 ) 
4 290 326 (2152 2592 296 ) (2432 2592 296 ) (2432 2592 424 ) (2152 2592 424 ) 
4 290 297 (2440 2592 296 ) (2640 2592 296 ) (2640 2592 424 ) (2440 2592 424 ) 
4 290 291 (2152 2896 424 ) (2152 2896 296 ) (2152 2792 296 ) (2152 2792 424 ) 
4 291 357 (2048 2792 424 ) (2048 2896 424 ) (2048 2896 296 ) (2048 2792 296 ) 
4 291 334 (2048 2792 296 ) (2048 2896 296 ) (2152 2896 296 ) (2152 2792 296 ) 
4 292 361 (2048 2704 424 ) (2048 2784 424 ) (2048 2784 296 ) (2048 2704 296 ) 
4 292 293 (2048 2704 296 ) (2144 2704 296 ) (2144 2704 424 ) (2048 2704 424 ) 
4 293 362 (2048 2592 424 ) (2048 2704 424 ) (2048 2704 296 ) (2048 2592 296 ) 
4 293 328 (2048 2592 296 ) (2144 2592 296 ) (2144 2592 424 ) (2048 2592 424 ) 
4 294 298 (3008 2432 296 ) (3072 2432 296 ) (3072 2432 424 ) (3008 2432 424 ) 
4 294 295 (3008 2560 296 ) (3008 2472 296 ) (3008 2472 408 ) (3008 2560 408 ) 
4 295 296 (3000 2560 296 ) (3000 2472 296 ) (3000 2472 408 ) (3000 2560 408 ) 
4 296 299 (2840 2432 296 ) (2928 2432 296 ) (2928 2432 408 ) (2840 2432 408 ) 
4 297 324 (2440 2592 424 ) (2440 2592 296 ) (2440 2432 296 ) (2440 2432 424 ) 
4 298 300 (3008 2424 296 ) (3072 2424 296 ) (3072 2424 424 ) (3008 2424 424 ) 
4 299 301 (2840 2424 296 ) (2928 2424 296 ) (2928 2424 408 ) (2840 2424 408 ) 
4 300 305 (3008 2176 296 ) (3072 2176 296 ) (3072 2176 424 ) (3008 2176 424 ) 
4 301 303 (2664 2312 296 ) (2992 2312 296 ) (2992 2312 424 ) (2664 2312 424 ) 
4 301 302 (2664 2424 424 ) (2664 2424 296 ) (2664 2312 296 ) (2664 2312 424 ) 
4 302 325 (2440 2400 296 ) (2440 2344 296 ) (2440 2344 408 ) (2440 2400 408 ) 
4 302 304 (2440 2312 424 ) (2440 2312 296 ) (2664 2312 296 ) (2664 2312 424 ) 
4 303 315 (2664 2176 296 ) (2672 2176 296 ) (2672 2176 424 ) (2664 2176 424 ) 
4 303 313 (2672 2176 296 ) (2720 2176 296 ) (2720 2176 424 ) (2672 2176 424 ) 
4 303 310 (2808 2176 340 ) (2808 2176 404 ) (2752 2176 404 ) (2752 2176 340 ) 
4 303 307 (2892 2176 296 ) (2948 2176 296 ) (2948 2176 408 ) (2892 2176 408 ) 
4 303 304 (2664 2312 424 ) (2664 2312 296 ) (2664 2176 296 ) (2664 2176 424 ) 
4 304 327 (2440 2280 296 ) (2440 2176 296 ) (2440 2176 424 ) (2440 2280 424 ) 
4 304 316 (2440 2176 424 ) (2440 2176 296 ) (2664 2176 296 ) (2664 2176 424 ) 
4 306 318 (2948 2088 296 ) (2992 2088 296 ) (2992 2088 424 ) (2948 2088 424 ) 
4 306 308 (2948 2168 296 ) (2948 2088 296 ) (2948 2088 424 ) (2948 2168 424 ) 
4 307 308 (2892 2168 296 ) (2948 2168 296 ) (2948 2168 408 ) (2892 2168 408 ) 
4 308 318 (2856 2088 296 ) (2948 2088 296 ) (2948 2088 424 ) (2856 2088 424 ) 
4 308 309 (2856 2168 424 ) (2856 2168 296 ) (2856 2088 296 ) (2856 2088 424 ) 
4 309 320 (2808 2088 296 ) (2856 2088 296 ) (2856 2088 424 ) (2808 2088 424 ) 
4 309 311 (2808 2168 296 ) (2808 2088 296 ) (2808 2088 424 ) (2808 2168 424 ) 
4 310 311 (2752 2168 404 ) (2752 2168 340 ) (2808 2168 340 ) (2808 2168 404 ) 
4 311 320 (2752 2088 296 ) (2808 2088 296 ) (2808 2088 424 ) (2752 2088 424 ) 
4 311 312 (2752 2168 296 ) (2752 2088 296 ) (2752 2088 424 ) (2752 2168 424 ) 
4 312 320 (2672 2088 296 ) (2752 2088 296 ) (2752 2088 424 ) (2672 2088 424 ) 
4 313 315 (2672 2176 424 ) (2672 2176 296 ) (2672 2168 296 ) (2672 2168 424 ) 
4 313 314 (2672 2168 424 ) (2672 2168 296 ) (2712 2168 296 ) (2712 2168 424 ) 
4 314 315 (2672 2168 296 ) (2672 2128 296 ) (2672 2128 424 ) (2672 2168 424 ) 
4 315 316 (2664 2176 424 ) (2664 2176 296 ) (2664 2120 296 ) (2664 2120 424 ) 
4 316 327 (2440 2176 296 ) (2440 2088 296 ) (2440 2088 424 ) (2440 2176 424 ) 
4 316 322 (2440 2088 408 ) (2440 2088 296 ) (2496 2088 296 ) (2496 2088 408 ) 
4 317 468 (3072 2048 296 ) (3072 2048 424 ) (3008 2048 424 ) (3008 2048 296 ) 
4 318 320 (2856 2088 424 ) (2856 2088 296 ) (2856 2080 296 ) (2856 2080 424 ) 
4 318 319 (2856 2080 424 ) (2856 2080 296 ) (2992 2080 296 ) (2992 2080 424 ) 
4 319 469 (2992 2048 424 ) (2856 2048 424 ) (2856 2048 296 ) (2992 2048 296 ) 
4 319 321 (2856 2080 296 ) (2856 2048 296 ) (2856 2048 424 ) (2856 2080 424 ) 
4 320 321 (2672 2080 424 ) (2672 2080 296 ) (2856 2080 296 ) (2856 2080 424 ) 
4 321 470 (2856 2048 424 ) (2672 2048 424 ) (2672 2048 296 ) (2856 2048 296 ) 
4 322 323 (2440 2080 408 ) (2440 2080 296 ) (2496 2080 296 ) (2496 2080 408 ) 
4 323 471 (2664 2048 424 ) (2440 2048 424 ) (2440 2048 296 ) (2664 2048 296 ) 
4 323 332 (2440 2080 296 ) (2440 2048 296 ) (2440 2048 424 ) (2440 2080 424 ) 
4 324 326 (2432 2592 424 ) (2432 2592 296 ) (2432 2432 296 ) (2432 2432 424 ) 
4 325 326 (2432 2400 296 ) (2432 2344 296 ) (2432 2344 408 ) (2432 2400 408 ) 
4 327 330 (2152 2280 296 ) (2152 2088 296 ) (2152 2088 424 ) (2152 2280 424 ) 
4 328 362 (2048 2552 424 ) (2048 2592 424 ) (2048 2592 296 ) (2048 2552 296 ) 
4 328 329 (2048 2552 296 ) (2144 2552 296 ) (2144 2552 424 ) (2048 2552 424 ) 
4 329 363 (2048 2288 424 ) (2048 2552 424 ) (2048 2552 296 ) (2048 2288 296 ) 
4 330 364 (2048 2088 424 ) (2048 2280 424 ) (2048 2280 296 ) (2048 2088 296 ) 
4 330 331 (2048 2088 296 ) (2144 2088 296 ) (2144 2088 424 ) (2048 2088 424 ) 
4 331 364 (2048 2080 424 ) (2048 2088 424 ) (2048 2088 296 ) (2048 2080 296 ) 
4 331 333 (2048 2080 296 ) (2144 2080 296 ) (2144 2080 424 ) (2048 2080 424 ) 
4 332 472 (2440 2048 424 ) (2352 2048 424 ) (2352 2048 296 ) (2440 2048 296 ) 
4 333 473 (2144 2048 424 ) (2048 2048 424 ) (2048 2048 296 ) (2144 2048 296 ) 
4 333 364 (2048 2048 296 ) (2048 2048 424 ) (2048 2080 424 ) (2048 2080 296 ) 
4 334 404 (2048 2896 200 ) (2048 2896 72 ) (2048 2792 72 ) (2048 2792 200 ) 
4 334 401 (2048 2792 296 ) (2048 2896 296 ) (2048 2896 200 ) (2048 2792 200 ) 
4 335 405 (2048 2520 200 ) (2048 2784 200 ) (2048 2784 72 ) (2048 2520 72 ) 
4 335 336 (2048 2520 72 ) (2152 2520 72 ) (2152 2520 200 ) (2048 2520 200 ) 
4 336 407 (2048 2352 200 ) (2048 2512 200 ) (2048 2512 72 ) (2048 2352 72 ) 
4 336 406 (2048 2512 200 ) (2048 2520 200 ) (2048 2520 72 ) (2048 2512 72 ) 
4 336 338 (2048 2352 72 ) (2072 2352 72 ) (2072 2352 184 ) (2048 2352 184 ) 
4 337 497 (2152 2048 72 ) (2152 2048 200 ) (2072 2048 200 ) (2072 2048 72 ) 
4 337 339 (2072 2344 72 ) (2072 2048 72 ) (2072 2048 200 ) (2072 2344 200 ) 
4 338 409 (2048 2352 184 ) (2048 2352 72 ) (2048 2344 72 ) (2048 2344 184 ) 
4 338 339 (2048 2344 72 ) (2072 2344 72 ) (2072 2344 184 ) (2048 2344 184 ) 
4 339 497 (2072 2048 200 ) (2048 2048 200 ) (2048 2048 72 ) (2072 2048 72 ) 
4 339 411 (2048 2048 72 ) (2048 2048 200 ) (2048 2344 200 ) (2048 2344 72 ) 
4 340 342 (1616 3072 1136 ) (1616 3072 736 ) (1616 2976 736 ) (1616 2976 1136 ) 
4 340 341 (2048 2976 752 ) (2048 2976 1136 ) (1616 2976 1136 ) (1616 2976 752 ) 
4 341 498 (2048 2048 752 ) (2048 2048 1136 ) (1616 2048 1136 ) (1616 2048 752 ) 
4 341 343 (1616 2048 752 ) (1616 2048 1136 ) (1616 2976 1136 ) (1616 2976 752 ) 
4 342 343 (1616 2976 752 ) (1616 2976 1136 ) (1256 2976 1136 ) (1256 2976 752 ) 
4 343 510 (1256 2048 1136 ) (1256 2048 752 ) (1616 2048 752 ) (1616 2048 1136 ) 
4 344 365 (1712 2976 424 ) (1680 2976 424 ) (1680 3040 424 ) (1712 3040 424 ) 
4 345 357 (2048 2896 424 ) (2048 2792 424 ) (1852 2792 424 ) (1852 2896 424 ) 
4 346 366 (1712 2656 424 ) (1680 2656 424 ) (1680 2704 424 ) (1712 2704 424 ) 
4 346 365 (1680 2704 424 ) (1680 2720 424 ) (1712 2720 424 ) (1712 2704 424 ) 
4 347 375 (1488 2840 424 ) (1488 2816 424 ) (1424 2816 424 ) (1424 2840 424 ) 
4 347 374 (1488 2848 424 ) (1488 2840 424 ) (1424 2840 424 ) (1424 2848 424 ) 
4 348 386 (1456 2592 424 ) (1424 2592 424 ) (1424 2656 424 ) (1456 2656 424 ) 
4 349 367 (1712 2368 424 ) (1680 2368 424 ) (1680 2432 424 ) (1712 2432 424 ) 
4 350 391 (1456 2368 424 ) (1424 2368 424 ) (1424 2432 424 ) (1456 2432 424 ) 
4 351 394 (1424 2208 424 ) (1360 2208 424 ) (1360 2240 424 ) (1424 2240 424 ) 
4 352 364 (2048 2208 424 ) (2048 2144 424 ) (2032 2144 424 ) (2032 2208 424 ) 
4 353 364 (1904 2144 424 ) (1872 2144 424 ) (1872 2208 424 ) (1904 2208 424 ) 
4 354 400 (1312 2104 424 ) (1312 2112 424 ) (1472 2112 424 ) (1472 2104 424 ) 
4 354 398 (1312 2112 424 ) (1312 2144 424 ) (1472 2144 424 ) (1472 2112 424 ) 
4 354 355 (1312 2104 492 ) (1312 2104 424 ) (1472 2104 424 ) (1472 2104 492 ) 
4 355 514 (1312 2048 492 ) (1312 2048 424 ) (1616 2048 424 ) (1616 2048 492 ) 
4 355 399 (1616 2048 424 ) (1472 2048 424 ) (1472 2104 424 ) (1616 2104 424 ) 
4 355 400 (1472 2048 424 ) (1312 2048 424 ) (1312 2104 424 ) (1472 2104 424 ) 
4 356 358 (1852 3072 296 ) (1852 2904 296 ) (1852 2904 424 ) (1852 3072 424 ) 
4 357 401 (2048 2896 296 ) (2048 2792 296 ) (1852 2792 296 ) (1852 2896 296 ) 
4 358 359 (1844 3072 296 ) (1844 2904 296 ) (1844 2904 424 ) (1844 3072 424 ) 
4 359 365 (1784 3072 296 ) (1784 2904 296 ) (1784 2904 424 ) (1784 3072 424 ) 
4 360 365 (1784 2896 296 ) (1784 2784 296 ) (1784 2784 424 ) (1784 2896 424 ) 
4 360 361 (1784 2784 424 ) (1784 2784 296 ) (1844 2784 296 ) (1844 2784 424 ) 
4 361 365 (1784 2784 296 ) (1784 2704 296 ) (1784 2704 424 ) (1784 2784 424 ) 
4 361 362 (1784 2704 424 ) (1784 2704 296 ) (2048 2704 296 ) (2048 2704 424 ) 
4 362 366 (1784 2704 296 ) (1784 2552 296 ) (1784 2552 424 ) (1784 2704 424 ) 
4 362 363 (1784 2552 424 ) (1784 2552 296 ) (2048 2552 296 ) (2048 2552 424 ) 
4 363 367 (1784 2552 296 ) (1784 2288 296 ) (1784 2288 424 ) (1784 2552 424 ) 
4 364 528 (2048 2048 296 ) (2048 2048 424 ) (1792 2048 424 ) (1792 2048 296 ) 
4 365 376 (1624 2840 296 ) (1624 2788 296 ) (1624 2788 410 ) (1624 2840 410 ) 
4 365 371 (1624 3072 296 ) (1624 2904 296 ) (1624 2904 392 ) (1624 3072 392 ) 
4 365 370 (1624 2904 392 ) (1624 2904 424 ) (1624 3072 424 ) (1624 3072 392 ) 
4 365 366 (1624 2704 424 ) (1624 2704 296 ) (1784 2704 296 ) (1784 2704 424 ) 
4 366 384 (1624 2579 296 ) (1624 2552 296 ) (1624 2552 424 ) (1624 2579 424 ) 
4 366 382 (1624 2667 296 ) (1624 2579 296 ) (1624 2579 424 ) (1624 2667 424 ) 
4 366 381 (1624 2704 296 ) (1624 2667 296 ) (1624 2667 424 ) (1624 2704 424 ) 
4 366 367 (1624 2552 424 ) (1624 2552 296 ) (1784 2552 296 ) (1784 2552 424 ) 
4 367 368 (1624 2288 424 ) (1624 2288 296 ) (1784 2288 296 ) (1784 2288 424 ) 
4 368 397 (1624 2144 296 ) (1624 2112 296 ) (1624 2112 424 ) (1624 2144 424 ) 
4 368 395 (1624 2152 296 ) (1624 2144 296 ) (1624 2144 424 ) (1624 2152 424 ) 
4 368 393 (1624 2288 296 ) (1624 2152 296 ) (1624 2152 424 ) (1624 2288 424 ) 
4 368 369 (1624 2112 424 ) (1624 2112 296 ) (1784 2112 296 ) (1784 2112 424 ) 
4 369 530 (1784 2048 424 ) (1624 2048 424 ) (1624 2048 296 ) (1784 2048 296 ) 
4 370 371 (1624 2904 392 ) (1536 2904 392 ) (1536 3072 392 ) (1624 3072 392 ) 
4 371 372 (1536 3072 296 ) (1536 3036 296 ) (1536 3036 392 ) (1536 3072 392 ) 
4 372 373 (1488 3072 296 ) (1488 3036 296 ) (1488 3036 392 ) (1488 3072 392 ) 
4 374 379 (1312 2840 410 ) (1312 2840 296 ) (1614 2840 296 ) (1614 2840 410 ) 
4 374 375 (1312 2840 424 ) (1312 2840 410 ) (1614 2840 410 ) (1614 2840 424 ) 
4 375 380 (1312 2788 424 ) (1312 2788 410 ) (1614 2788 410 ) (1614 2788 424 ) 
4 375 379 (1614 2788 410 ) (1312 2788 410 ) (1312 2840 410 ) (1614 2840 410 ) 
4 376 377 (1621 2840 408 ) (1621 2840 296 ) (1621 2838 296 ) (1621 2838 408 ) 
4 376 378 (1621 2788 296 ) (1621 2788 410 ) (1621 2838 410 ) (1621 2838 296 ) 
4 377 378 (1617 2838 408 ) (1617 2838 296 ) (1621 2838 296 ) (1621 2838 408 ) 
4 377 379 (1617 2840 408 ) (1617 2840 296 ) (1617 2838 296 ) (1617 2838 408 ) 
4 378 379 (1617 2788 296 ) (1617 2788 410 ) (1617 2838 410 ) (1617 2838 296 ) 
4 379 380 (1312 2788 410 ) (1312 2788 296 ) (1614 2788 296 ) (1614 2788 410 ) 
4 381 382 (1582 2667 296 ) (1624 2667 296 ) (1624 2667 424 ) (1582 2667 424 ) 
4 382 384 (1582 2579 296 ) (1624 2579 296 ) (1624 2579 424 ) (1582 2579 424 ) 
4 382 383 (1582 2667 408 ) (1582 2667 296 ) (1582 2579 296 ) (1582 2579 408 ) 
4 383 385 (1572 2667 296 ) (1572 2579 296 ) (1572 2579 408 ) (1572 2667 408 ) 
4 385 388 (1480 2552 296 ) (1572 2552 296 ) (1572 2552 424 ) (1480 2552 424 ) 
4 385 386 (1480 2696 424 ) (1480 2696 296 ) (1480 2552 296 ) (1480 2552 424 ) 
4 386 389 (1272 2552 296 ) (1480 2552 296 ) (1480 2552 424 ) (1272 2552 424 ) 
4 387 393 (1572 2288 296 ) (1616 2288 296 ) (1616 2288 424 ) (1572 2288 424 ) 
4 387 392 (1572 2296 296 ) (1572 2288 296 ) (1572 2288 424 ) (1572 2296 424 ) 
4 387 390 (1572 2544 296 ) (1572 2296 296 ) (1572 2296 424 ) (1572 2544 424 ) 
4 388 390 (1480 2544 296 ) (1572 2544 296 ) (1572 2544 424 ) (1480 2544 424 ) 
4 388 389 (1480 2552 424 ) (1480 2552 296 ) (1480 2544 296 ) (1480 2544 424 ) 
4 389 391 (1272 2544 424 ) (1272 2544 296 ) (1480 2544 296 ) (1480 2544 424 ) 
4 390 392 (1482 2296 296 ) (1572 2296 296 ) (1572 2296 424 ) (1482 2296 424 ) 
4 390 391 (1480 2544 424 ) (1480 2544 296 ) (1480 2296 296 ) (1480 2296 424 ) 
4 392 393 (1482 2288 296 ) (1572 2288 296 ) (1572 2288 424 ) (1482 2288 424 ) 
4 393 395 (1480 2152 296 ) (1624 2152 296 ) (1624 2152 424 ) (1480 2152 424 ) 
4 393 394 (1480 2288 424 ) (1480 2288 296 ) (1480 2152 296 ) (1480 2152 424 ) 
4 394 396 (1360 2152 296 ) (1448 2152 296 ) (1448 2152 408 ) (1360 2152 408 ) 
4 395 397 (1480 2144 296 ) (1624 2144 296 ) (1624 2144 424 ) (1480 2144 424 ) 
4 396 398 (1360 2144 296 ) (1448 2144 296 ) (1448 2144 408 ) (1360 2144 408 ) 
4 398 400 (1312 2112 296 ) (1472 2112 296 ) (1472 2112 424 ) (1312 2112 424 ) 
4 399 541 (1616 2048 424 ) (1472 2048 424 ) (1472 2048 296 ) (1616 2048 296 ) 
4 399 400 (1472 2104 296 ) (1472 2048 296 ) (1472 2048 424 ) (1472 2104 424 ) 
4 400 543 (1356 2048 424 ) (1312 2048 424 ) (1312 2048 296 ) (1356 2048 296 ) 
4 400 541 (1472 2048 424 ) (1356 2048 424 ) (1356 2048 296 ) (1472 2048 296 ) 
4 401 404 (1852 2896 200 ) (2048 2896 200 ) (2048 2792 200 ) (1852 2792 200 ) 
4 401 402 (1852 2896 256 ) (1852 2896 200 ) (1852 2792 200 ) (1852 2792 256 ) 
4 402 418 (1816 2896 232 ) (1816 2896 200 ) (1816 2792 200 ) (1816 2792 232 ) 
4 402 413 (1816 2792 200 ) (1816 2896 200 ) (1824 2896 200 ) (1824 2792 200 ) 
4 402 404 (1824 2896 200 ) (1852 2896 200 ) (1852 2792 200 ) (1824 2792 200 ) 
4 403 419 (1816 2352 232 ) (1816 2512 232 ) (1816 2512 200 ) (1816 2352 200 ) 
4 403 416 (1816 2352 200 ) (1816 2512 200 ) (1824 2512 200 ) (1824 2352 200 ) 
4 403 408 (1824 2512 200 ) (1984 2512 200 ) (1984 2352 200 ) (1824 2352 200 ) 
4 404 413 (1824 2896 72 ) (1824 2792 72 ) (1824 2792 200 ) (1824 2896 200 ) 
4 405 415 (1824 2528 112 ) (1824 2528 168 ) (1824 2660 168 ) (1824 2660 112 ) 
4 405 414 (1824 2748 72 ) (1824 2700 72 ) (1824 2700 180 ) (1824 2748 180 ) 
4 405 406 (1992 2520 72 ) (2048 2520 72 ) (2048 2520 200 ) (1992 2520 200 ) 
4 406 407 (1992 2512 72 ) (2048 2512 72 ) (2048 2512 200 ) (1992 2512 200 ) 
4 407 409 (2016 2352 72 ) (2048 2352 72 ) (2048 2352 184 ) (2016 2352 184 ) 
4 408 416 (1824 2512 72 ) (1824 2352 72 ) (1824 2352 200 ) (1824 2512 200 ) 
4 408 410 (1924 2352 72 ) (1980 2352 72 ) (1980 2352 184 ) (1924 2352 184 ) 
4 409 411 (2016 2344 72 ) (2048 2344 72 ) (2048 2344 184 ) (2016 2344 184 ) 
4 410 412 (1924 2344 72 ) (1980 2344 72 ) (1980 2344 184 ) (1924 2344 184 ) 
4 411 552 (2048 2048 72 ) (2048 2048 200 ) (1992 2048 200 ) (1992 2048 72 ) 
4 411 412 (1992 2344 200 ) (1992 2344 72 ) (1992 2048 72 ) (1992 2048 200 ) 
4 412 553 (1992 2048 200 ) (1824 2048 200 ) (1824 2048 72 ) (1992 2048 72 ) 
4 412 417 (1824 2260 72 ) (1824 2204 72 ) (1824 2204 184 ) (1824 2260 184 ) 
4 413 418 (1816 2792 200 ) (1816 2896 200 ) (1816 2896 72 ) (1816 2792 72 ) 
4 414 418 (1816 2748 180 ) (1816 2748 72 ) (1816 2700 72 ) (1816 2700 180 ) 
4 415 418 (1816 2660 168 ) (1816 2660 112 ) (1816 2528 112 ) (1816 2528 168 ) 
4 416 419 (1816 2352 200 ) (1816 2512 200 ) (1816 2512 72 ) (1816 2352 72 ) 
4 417 419 (1816 2260 184 ) (1816 2260 72 ) (1816 2204 72 ) (1816 2204 184 ) 
4 418 419 (1624 2512 72 ) (1816 2512 72 ) (1816 2512 232 ) (1624 2512 232 ) 
4 419 555 (1760 2048 232 ) (1624 2048 232 ) (1624 2048 72 ) (1760 2048 72 ) 
4 419 554 (1816 2048 72 ) (1816 2048 200 ) (1760 2048 200 ) (1760 2048 72 ) 
4 419 551 (1816 2048 200 ) (1816 2048 232 ) (1760 2048 232 ) (1760 2048 200 ) 
4 419 420 (1624 2048 72 ) (1624 2048 232 ) (1624 2240 232 ) (1624 2240 72 ) 
4 420 556 (1624 2048 72 ) (1624 2048 232 ) (1584 2048 232 ) (1584 2048 72 ) 
4 420 421 (1584 2240 72 ) (1584 2048 72 ) (1584 2048 232 ) (1584 2240 232 ) 
4 421 557 (1584 2048 232 ) (1456 2048 232 ) (1456 2048 72 ) (1584 2048 72 ) 
4 422 428 (3000 2024 1136 ) (3000 2048 1136 ) (3000 2048 616 ) (3000 2024 616 ) 
4 422 423 (3072 2024 616 ) (3072 2024 1136 ) (3000 2024 1136 ) (3000 2024 616 ) 
4 423 442 (3072 1872 600 ) (3072 1872 1136 ) (3000 1872 1136 ) (3000 1872 600 ) 
4 423 428 (3000 1872 600 ) (3000 1872 1136 ) (3000 2024 1136 ) (3000 2024 600 ) 
4 423 426 (3008 1872 600 ) (3000 1872 600 ) (3000 2024 600 ) (3008 2024 600 ) 
4 423 425 (3072 1872 600 ) (3008 1872 600 ) (3008 2024 600 ) (3072 2024 600 ) 
4 425 442 (3072 1872 504 ) (3072 1872 600 ) (3008 1872 600 ) (3008 1872 504 ) 
4 425 427 (3072 1872 504 ) (3008 1872 504 ) (3008 2024 504 ) (3072 2024 504 ) 
4 425 426 (3008 2024 504 ) (3008 1872 504 ) (3008 1872 600 ) (3008 2024 600 ) 
4 426 442 (3008 1872 600 ) (3000 1872 600 ) (3000 1872 504 ) (3008 1872 504 ) 
4 426 428 (3000 1872 504 ) (3000 1872 600 ) (3000 2024 600 ) (3000 2024 504 ) 
4 427 442 (3008 1872 496 ) (3072 1872 496 ) (3072 1872 504 ) (3008 1872 504 ) 
4 427 439 (3072 1872 496 ) (3008 1872 496 ) (3008 1880 496 ) (3072 1880 496 ) 
4 427 438 (3008 1880 496 ) (3008 1952 496 ) (3072 1952 496 ) (3072 1880 496 ) 
4 427 436 (3008 1952 496 ) (3008 1984 496 ) (3072 1984 496 ) (3072 1952 496 ) 
4 427 432 (3008 1984 496 ) (3008 2024 496 ) (3072 2024 496 ) (3072 1984 496 ) 
4 428 442 (3000 1872 504 ) (3000 1872 1136 ) (2352 1872 1136 ) (2352 1872 504 ) 
4 428 430 (2352 1872 616 ) (2352 1872 1136 ) (2352 1880 1136 ) (2352 1880 616 ) 
4 428 429 (2352 2048 1136 ) (2352 2048 616 ) (2352 1880 616 ) (2352 1880 1136 ) 
4 429 447 (2144 2048 1136 ) (2144 2048 752 ) (2144 1880 752 ) (2144 1880 1136 ) 
4 429 430 (2144 1880 1136 ) (2144 1880 616 ) (2352 1880 616 ) (2352 1880 1136 ) 
4 430 447 (2144 1872 752 ) (2144 1872 1136 ) (2144 1880 1136 ) (2144 1880 752 ) 
4 430 443 (2144 1872 1136 ) (2144 1872 616 ) (2352 1872 616 ) (2352 1872 1136 ) 
4 431 444 (2144 1872 520 ) (2202.666748 1872 496 ) (2208.710938 1872 496 ) (2199.024902 1872 500.191132 ) 
4 431 441 (2210.666992 1872 496 ) (2202.666748 1872 496 ) (2202.666748 1880 496 ) (2210.666992 1880 496 ) 
4 432 468 (3008 2048 424 ) (3072 2048 424 ) (3072 1984 424 ) (3008 1984 424 ) 
4 432 436 (3072 1984 496 ) (3008 1984 496 ) (3008 1984 424 ) (3072 1984 424 ) 
4 433 469 (2896 2048 424 ) (2928 2048 424 ) (2928 1984 424 ) (2896 1984 424 ) 
4 434 470 (2736 2048 424 ) (2768 2048 424 ) (2768 1984 424 ) (2736 1984 424 ) 
4 435 471 (2480 2016 424 ) (2512 2016 424 ) (2512 1984 424 ) (2480 1984 424 ) 
4 435 437 (2480 1984 432 ) (2480 1984 424 ) (2512 1984 424 ) (2512 1984 432 ) 
4 436 468 (3008 1984 424 ) (3072 1984 424 ) (3072 1952 424 ) (3008 1952 424 ) 
4 436 438 (3072 1952 496 ) (3008 1952 496 ) (3008 1952 424 ) (3072 1952 424 ) 
4 437 471 (2480 1984 424 ) (2512 1984 424 ) (2512 1952 424 ) (2480 1952 424 ) 
4 438 468 (3008 1952 424 ) (3072 1952 424 ) (3072 1880 424 ) (3008 1880 424 ) 
4 438 439 (3072 1880 496 ) (3008 1880 496 ) (3008 1880 424 ) (3072 1880 424 ) 
4 439 474 (3008 1880 424 ) (3072 1880 424 ) (3072 1872 424 ) (3008 1872 424 ) 
4 439 442 (3008 1872 424 ) (3072 1872 424 ) (3072 1872 496 ) (3008 1872 496 ) 
4 440 441 (2320 1872 448 ) (2320 1872 456.638733 ) (2320 1880 456.638733 ) (2320 1880 448 ) 
3 441 444 (2208.711182 1872 496 ) (2202.666748 1872 496 ) (2313.479492 1872 450.667480 ) 
4 442 482 (2352 1872 424 ) (3072 1872 424 ) (3072 1488 424 ) (2352 1488 424 ) 
4 442 446 (2352 1488 424 ) (3072 1488 424 ) (3072 1488 1136 ) (2352 1488 1136 ) 
4 442 445 (2352 1488 449.995514 ) (2352 1488 1136 ) (2352 1520 1136 ) (2352 1520 449.995544 ) 
4 442 443 (2352 1872 1136 ) (2352 1872 449.995483 ) (2352 1520 449.995514 ) (2352 1520 1136 ) 
4 443 447 (2144 1520 752 ) (2144 1520 1136 ) (2144 1872 1136 ) (2144 1872 752 ) 
4 443 445 (2352 1520 449.995514 ) (2352 1520 1136 ) (2144 1520 1136 ) (2144 1520 539.995483 ) 
4 444 488 (2144 1520 424 ) (2144 1872 424 ) (2188 1872 424 ) (2188 1520 424 ) 
4 444 484 (2188 1872 424 ) (2292 1872 424 ) (2292 1520 424 ) (2188 1520 424 ) 
4 444 483 (2292 1872 424 ) (2320 1872 424 ) (2320 1520 424 ) (2292 1520 424 ) 
4 444 462 (2144 1612 424 ) (2144 1520 424 ) (2144 1520 524 ) (2144 1612 524 ) 
4 444 461 (2144 1760 424 ) (2144 1612 424 ) (2144 1612 524 ) (2144 1760 524 ) 
4 444 459 (2144 1824 424 ) (2144 1760 424 ) (2144 1760 524 ) (2144 1824 524 ) 
4 444 458 (2144 1872 424 ) (2144 1824 424 ) (2144 1824 524 ) (2144 1872 524 ) 
4 445 447 (2144 1488 752 ) (2144 1488 1136 ) (2144 1520 1136 ) (2144 1520 752 ) 
4 445 446 (2144 1488 1136 ) (2144 1488 539.995483 ) (2352 1488 449.995514 ) (2352 1488 1136 ) 
4 446 610 (2352 1024 432 ) (2144 1024 432 ) (2144 1024 424 ) (2352 1024 424 ) 
4 446 609 (2632 1024 432 ) (2480 1024 432 ) (2480 1024 424 ) (2632 1024 424 ) 
4 446 578 (2352 1024 560 ) (2144 1024 560 ) (2144 1024 432 ) (2352 1024 432 ) 
4 446 575 (2734 1024 478 ) (2770 1024 478 ) (2770 1024 536 ) (2734 1024 536 ) 
4 446 577 (2632 1024 560 ) (2480 1024 560 ) (2480 1024 432 ) (2632 1024 432 ) 
4 446 573 (2772 1024 478 ) (2808 1024 478 ) (2808 1024 536 ) (2772 1024 536 ) 
4 446 571 (2810 1024 478 ) (2846 1024 478 ) (2846 1024 536 ) (2810 1024 536 ) 
4 446 569 (3072 1024 478 ) (3072 1024 536 ) (3038 1024 536 ) (3038 1024 478 ) 
4 446 565 (2144 1024 632 ) (2144 1024 560 ) (2352 1024 560 ) (2352 1024 632 ) 
4 446 564 (2144 1024 696 ) (2144 1024 632 ) (2352 1024 632 ) (2352 1024 696 ) 
4 446 563 (2352 1024 1136 ) (2144 1024 1136 ) (2144 1024 696 ) (2352 1024 696 ) 
4 446 562 (2480 1024 1136 ) (2352 1024 1136 ) (2352 1024 696 ) (2480 1024 696 ) 
4 446 561 (2632 1024 568 ) (2480 1024 568 ) (2480 1024 560 ) (2632 1024 560 ) 
4 446 560 (3072 1024 568 ) (3072 1024 1136 ) (2480 1024 1136 ) (2480 1024 568 ) 
4 446 495 (3072 1024 424 ) (2144 1024 424 ) (2144 1168 424 ) (3072 1168 424 ) 
4 446 494 (2144 1168 424 ) (2144 1488 424 ) (3072 1488 424 ) (3072 1168 424 ) 
4 446 464 (2144 1488 424 ) (2144 1024 424 ) (2144 1024 524 ) (2144 1488 524 ) 
4 446 448 (2144 1024 524 ) (2144 1024 1136 ) (2144 1488 1136 ) (2144 1488 524 ) 
4 447 498 (2048 2048 1136 ) (2048 2048 752 ) (2048 1488 752 ) (2048 1488 1136 ) 
4 447 449 (2048 1488 1136 ) (2048 1488 752 ) (2072 1488 752 ) (2072 1488 1136 ) 
4 447 448 (2072 1488 752 ) (2144 1488 752 ) (2144 1488 1136 ) (2072 1488 1136 ) 
4 448 578 (2072 1024 560 ) (2072 1024 524 ) (2144 1024 524 ) (2144 1024 560 ) 
4 448 565 (2072 1024 632 ) (2072 1024 560 ) (2144 1024 560 ) (2144 1024 632 ) 
4 448 564 (2072 1024 696 ) (2072 1024 632 ) (2144 1024 632 ) (2144 1024 696 ) 
4 448 563 (2072 1024 1136 ) (2072 1024 696 ) (2144 1024 696 ) (2144 1024 1136 ) 
4 448 466 (2096 1024 524 ) (2072 1024 524 ) (2072 1488 524 ) (2096 1488 524 ) 
4 448 464 (2144 1488 524 ) (2144 1024 524 ) (2096 1024 524 ) (2096 1488 524 ) 
4 448 456 (2072 1488 560 ) (2072 1488 524 ) (2072 1168 524 ) (2072 1168 560 ) 
4 448 453 (2072 1088 584 ) (2072 1088 660 ) (2072 1128 660 ) (2072 1128 584 ) 
4 448 451 (2072 1488 688 ) (2072 1488 560 ) (2072 1168 560 ) (2072 1168 688 ) 
4 448 450 (2072 1488 696 ) (2072 1488 688 ) (2072 1168 688 ) (2072 1168 696 ) 
4 448 449 (2072 1488 1136 ) (2072 1488 696 ) (2072 1024 696 ) (2072 1024 1136 ) 
4 449 567 (2048 1024 1136 ) (2048 1024 696 ) (2072 1024 696 ) (2072 1024 1136 ) 
4 449 500 (2048 1024 696 ) (2048 1024 1136 ) (2048 1168 1136 ) (2048 1168 696 ) 
4 449 499 (2048 1168 1136 ) (2048 1488 1136 ) (2048 1488 696 ) (2048 1168 696 ) 
4 449 450 (2048 1488 696 ) (2072 1488 696 ) (2072 1168 696 ) (2048 1168 696 ) 
4 450 499 (2048 1168 696 ) (2048 1488 696 ) (2048 1488 688 ) (2048 1168 688 ) 
4 450 451 (2048 1168 688 ) (2048 1488 688 ) (2072 1488 688 ) (2072 1168 688 ) 
4 451 502 (2048 1168 688 ) (2048 1488 688 ) (2048 1488 560 ) (2048 1168 560 ) 
4 451 456 (2048 1488 560 ) (2072 1488 560 ) (2072 1168 560 ) (2048 1168 560 ) 
4 452 503 (2048 1128 688 ) (2048 1160 688 ) (2048 1160 560 ) (2048 1128 560 ) 
4 452 454 (2048 1128 560 ) (2064 1128 560 ) (2064 1128 688 ) (2048 1128 688 ) 
4 453 454 (2064 1128 660 ) (2064 1128 584 ) (2064 1088 584 ) (2064 1088 660 ) 
4 454 503 (2048 1088 688 ) (2048 1128 688 ) (2048 1128 560 ) (2048 1088 560 ) 
4 454 455 (2048 1088 560 ) (2064 1088 560 ) (2064 1088 688 ) (2048 1088 688 ) 
4 455 568 (2048 1024 688 ) (2048 1024 560 ) (2064 1024 560 ) (2064 1024 688 ) 
4 455 503 (2048 1024 560 ) (2048 1024 688 ) (2048 1088 688 ) (2048 1088 560 ) 
4 456 508 (2048 1488 524 ) (2048 1168 524 ) (2048 1168 560 ) (2048 1488 560 ) 
4 456 467 (2048 1168 524 ) (2048 1488 524 ) (2072 1488 524 ) (2072 1168 524 ) 
4 457 515 (2048 2016 424 ) (2048 1952 424 ) (2048 1952 432 ) (2048 2016 432 ) 
4 457 473 (2048 1952 424 ) (2048 2016 424 ) (2064 2016 424 ) (2064 1952 424 ) 
4 458 488 (2128 1872 424 ) (2144 1872 424 ) (2144 1824 424 ) (2128 1824 424 ) 
4 458 459 (2128 1824 424 ) (2144 1824 424 ) (2144 1824 524 ) (2128 1824 524 ) 
4 459 488 (2128 1824 424 ) (2144 1824 424 ) (2144 1760 424 ) (2128 1760 424 ) 
4 459 461 (2128 1760 424 ) (2144 1760 424 ) (2144 1760 524 ) (2128 1760 524 ) 
4 460 521 (2048 1824 424 ) (2048 1760 424 ) (2048 1760 432 ) (2048 1824 432 ) 
4 460 492 (2048 1760 424 ) (2048 1824 424 ) (2064 1824 424 ) (2064 1760 424 ) 
4 461 488 (2128 1760 424 ) (2144 1760 424 ) (2144 1612 424 ) (2128 1612 424 ) 
4 461 462 (2128 1612 424 ) (2144 1612 424 ) (2144 1612 524 ) (2128 1612 524 ) 
4 462 488 (2128 1612 424 ) (2144 1612 424 ) (2144 1520 424 ) (2128 1520 424 ) 
4 462 463 (2128 1612 476 ) (2128 1612 424 ) (2128 1548 424 ) (2128 1548 476 ) 
4 463 491 (2096 1548 424 ) (2096 1612 424 ) (2128 1612 424 ) (2128 1548 424 ) 
4 463 465 (2096 1612 424 ) (2096 1548 424 ) (2096 1548 476 ) (2096 1612 476 ) 
4 464 610 (2096 1024 424 ) (2144 1024 424 ) (2144 1024 432 ) (2096 1024 432 ) 
4 464 578 (2144 1024 432 ) (2144 1024 524 ) (2096 1024 524 ) (2096 1024 432 ) 
4 464 495 (2144 1024 424 ) (2096 1024 424 ) (2096 1168 424 ) (2144 1168 424 ) 
4 464 494 (2096 1168 424 ) (2096 1488 424 ) (2144 1488 424 ) (2144 1168 424 ) 
4 464 466 (2096 1488 424 ) (2096 1024 424 ) (2096 1024 524 ) (2096 1488 524 ) 
4 465 524 (2048 1672 424 ) (2048 1504 424 ) (2048 1504 524 ) (2048 1672 524 ) 
4 465 493 (2048 1504 424 ) (2048 1672 424 ) (2096 1672 424 ) (2096 1504 424 ) 
4 466 610 (2072 1024 424 ) (2096 1024 424 ) (2096 1024 432 ) (2072 1024 432 ) 
4 466 578 (2096 1024 432 ) (2096 1024 524 ) (2072 1024 524 ) (2072 1024 432 ) 
4 466 495 (2096 1024 424 ) (2072 1024 424 ) (2072 1168 424 ) (2096 1168 424 ) 
4 466 494 (2072 1168 424 ) (2072 1488 424 ) (2096 1488 424 ) (2096 1168 424 ) 
4 466 467 (2072 1488 524 ) (2072 1488 424 ) (2072 1168 424 ) (2072 1168 524 ) 
4 467 526 (2048 1488 424 ) (2048 1168 424 ) (2048 1168 524 ) (2048 1488 524 ) 
4 467 494 (2048 1168 424 ) (2048 1488 424 ) (2072 1488 424 ) (2072 1168 424 ) 
4 468 474 (3008 1880 296 ) (3072 1880 296 ) (3072 1880 424 ) (3008 1880 424 ) 
4 469 475 (2912 1880 340 ) (2912 1880 402 ) (2856 1880 402 ) (2856 1880 340 ) 
4 469 470 (2856 2048 296 ) (2856 1880 296 ) (2856 1880 424 ) (2856 2048 424 ) 
4 470 475 (2856 1880 340 ) (2856 1880 402 ) (2796 1880 402 ) (2796 1880 340 ) 
4 471 478 (2556 1880 340 ) (2556 1880 402 ) (2440 1880 402 ) (2440 1880 340 ) 
4 471 472 (2440 2048 296 ) (2440 1880 296 ) (2440 1880 424 ) (2440 2048 424 ) 
4 473 528 (2048 2048 424 ) (2048 2048 296 ) (2048 1880 296 ) (2048 1880 424 ) 
4 473 481 (2048 1880 296 ) (2120 1880 296 ) (2120 1880 424 ) (2048 1880 424 ) 
4 474 482 (3008 1872 296 ) (3072 1872 296 ) (3072 1872 424 ) (3008 1872 424 ) 
4 475 476 (2796 1878 340 ) (2912 1878 340 ) (2912 1878 402 ) (2796 1878 402 ) 
4 476 477 (2796 1874 340 ) (2912 1874 340 ) (2912 1874 402 ) (2796 1874 402 ) 
4 477 482 (2912 1872 340 ) (2912 1872 402 ) (2796 1872 402 ) (2796 1872 340 ) 
4 478 479 (2440 1878 340 ) (2556 1878 340 ) (2556 1878 402 ) (2440 1878 402 ) 
4 479 480 (2440 1874 340 ) (2556 1874 340 ) (2556 1874 402 ) (2440 1874 402 ) 
4 480 482 (2556 1872 340 ) (2556 1872 402 ) (2440 1872 402 ) (2440 1872 340 ) 
4 481 528 (2048 1880 296 ) (2048 1872 296 ) (2048 1872 424 ) (2048 1880 424 ) 
4 481 492 (2048 1872 296 ) (2096 1872 296 ) (2096 1872 424 ) (2048 1872 424 ) 
4 481 490 (2096 1872 296 ) (2120 1872 296 ) (2120 1872 424 ) (2096 1872 424 ) 
4 482 494 (2352 1488 296 ) (3072 1488 296 ) (3072 1488 424 ) (2352 1488 424 ) 
4 483 485 (2292 1872 406 ) (2292 1872 296 ) (2292 1520 296 ) (2292 1520 406 ) 
4 483 484 (2292 1872 424 ) (2292 1872 406 ) (2292 1520 406 ) (2292 1520 424 ) 
4 484 488 (2188 1872 424 ) (2188 1872 406 ) (2188 1520 406 ) (2188 1520 424 ) 
4 484 485 (2188 1520 406 ) (2188 1872 406 ) (2292 1872 406 ) (2292 1520 406 ) 
4 485 488 (2188 1872 406 ) (2188 1872 296 ) (2188 1520 296 ) (2188 1520 406 ) 
4 485 486 (2292 1494 296 ) (2292 1494 406 ) (2188 1494 406 ) (2188 1494 296 ) 
4 486 487 (2292 1490 296 ) (2292 1490 406 ) (2188 1490 406 ) (2188 1490 296 ) 
4 487 494 (2188 1488 296 ) (2292 1488 296 ) (2292 1488 406 ) (2188 1488 406 ) 
4 488 491 (2128 1548 412 ) (2128 1548 424 ) (2128 1612 424 ) (2128 1612 412 ) 
4 488 489 (2128 1792 296 ) (2128 1704 296 ) (2128 1704 408 ) (2128 1792 408 ) 
4 489 490 (2120 1792 296 ) (2120 1704 296 ) (2120 1704 408 ) (2120 1792 408 ) 
4 490 492 (2096 1872 424 ) (2096 1872 296 ) (2096 1680 296 ) (2096 1680 424 ) 
4 491 493 (2096 1548 412 ) (2096 1548 424 ) (2096 1612 424 ) (2096 1612 412 ) 
4 492 532 (2048 1728 296 ) (2048 1680 296 ) (2048 1680 424 ) (2048 1728 424 ) 
4 492 528 (2048 1872 296 ) (2048 1728 296 ) (2048 1728 424 ) (2048 1872 424 ) 
4 493 537 (2048 1672 296 ) (2048 1504 296 ) (2048 1504 424 ) (2048 1672 424 ) 
4 494 538 (2048 1488 296 ) (2048 1168 296 ) (2048 1168 424 ) (2048 1488 424 ) 
4 494 496 (2048 1168 296 ) (2048 1424 296 ) (3072 1424 296 ) (3072 1168 296 ) 
4 494 495 (2072 1168 296 ) (3072 1168 296 ) (3072 1168 424 ) (2072 1168 424 ) 
4 495 612 (2072 1024 344 ) (2072 1024 296 ) (2352 1024 296 ) (2352 1024 344 ) 
4 495 610 (2352 1024 424 ) (2072 1024 424 ) (2072 1024 344 ) (2352 1024 344 ) 
4 495 609 (2632 1024 424 ) (2480 1024 424 ) (2480 1024 296 ) (2632 1024 296 ) 
4 495 595 (3072 1024 340 ) (3072 1024 402 ) (3036 1024 402 ) (3036 1024 340 ) 
4 496 550 (2048 1424 288 ) (2048 1168 288 ) (2048 1168 296 ) (2048 1424 296 ) 
4 497 552 (2048 2048 200 ) (2048 2048 72 ) (2048 2000 72 ) (2048 2000 200 ) 
4 498 511 (1616 1488 752 ) (1616 1488 1136 ) (1616 1936 1136 ) (1616 1936 752 ) 
4 498 510 (1616 1936 1136 ) (1616 2048 1136 ) (1616 2048 752 ) (1616 1936 752 ) 
4 498 499 (1760 1488 752 ) (2048 1488 752 ) (2048 1488 1136 ) (1760 1488 1136 ) 
4 498 501 (1616 1488 1136 ) (1616 1488 752 ) (1760 1488 752 ) (1760 1488 1136 ) 
4 499 504 (1760 1488 688 ) (1768 1488 688 ) (1768 1168 688 ) (1760 1168 688 ) 
4 499 502 (1768 1488 688 ) (2048 1488 688 ) (2048 1168 688 ) (1768 1168 688 ) 
4 499 500 (1760 1168 1136 ) (1760 1168 696 ) (2048 1168 696 ) (2048 1168 1136 ) 
4 499 501 (1760 1488 688 ) (1760 1168 688 ) (1760 1168 1136 ) (1760 1488 1136 ) 
4 500 613 (2048 1024 696 ) (2048 1024 1136 ) (1760 1024 1136 ) (1760 1024 696 ) 
4 500 501 (1760 1024 696 ) (1760 1024 1136 ) (1760 1168 1136 ) (1760 1168 696 ) 
4 501 615 (1760 1024 1136 ) (1616 1024 1136 ) (1616 1024 688 ) (1760 1024 688 ) 
4 501 512 (1616 1024 688 ) (1616 1024 1136 ) (1616 1488 1136 ) (1616 1488 688 ) 
4 501 507 (1616 1024 688 ) (1616 1136 688 ) (1760 1136 688 ) (1760 1024 688 ) 
4 501 505 (1616 1136 688 ) (1616 1488 688 ) (1760 1488 688 ) (1760 1136 688 ) 
4 502 508 (1768 1168 560 ) (1768 1488 560 ) (2048 1488 560 ) (2048 1168 560 ) 
4 502 504 (1768 1488 560 ) (1768 1168 560 ) (1768 1168 688 ) (1768 1488 688 ) 
4 503 614 (2048 1024 560 ) (2048 1024 688 ) (1768 1024 688 ) (1768 1024 560 ) 
4 503 506 (1768 1024 592 ) (1768 1024 660 ) (1768 1136 660 ) (1768 1136 592 ) 
4 504 508 (1760 1488 560 ) (1768 1488 560 ) (1768 1168 560 ) (1760 1168 560 ) 
4 504 505 (1760 1488 560 ) (1760 1168 560 ) (1760 1168 688 ) (1760 1488 688 ) 
4 505 512 (1616 1136 688 ) (1616 1488 688 ) (1616 1488 560 ) (1616 1136 560 ) 
4 505 509 (1616 1136 560 ) (1616 1488 560 ) (1760 1488 560 ) (1760 1136 560 ) 
4 505 507 (1616 1136 560 ) (1760 1136 560 ) (1760 1136 688 ) (1616 1136 688 ) 
4 506 507 (1760 1136 660 ) (1760 1136 592 ) (1760 1024 592 ) (1760 1024 660 ) 
4 507 615 (1760 1024 688 ) (1616 1024 688 ) (1616 1024 560 ) (1760 1024 560 ) 
4 507 512 (1616 1024 560 ) (1616 1024 688 ) (1616 1136 688 ) (1616 1136 560 ) 
4 507 509 (1760 1024 560 ) (1616 1024 560 ) (1616 1136 560 ) (1760 1136 560 ) 
4 508 526 (1760 1168 524 ) (1760 1488 524 ) (2048 1488 524 ) (2048 1168 524 ) 
4 508 509 (1760 1168 560 ) (1760 1488 560 ) (1760 1488 524 ) (1760 1168 524 ) 
4 509 615 (1760 1024 560 ) (1616 1024 560 ) (1616 1024 524 ) (1760 1024 524 ) 
4 509 527 (1760 1024 524 ) (1616 1024 524 ) (1616 1488 524 ) (1760 1488 524 ) 
4 509 512 (1616 1488 524 ) (1616 1024 524 ) (1616 1024 560 ) (1616 1488 560 ) 
4 510 511 (1616 1936 752 ) (1616 1936 1136 ) (1256 1936 1136 ) (1256 1936 752 ) 
4 511 512 (1616 1488 568 ) (1616 1488 1136 ) (1256 1488 1136 ) (1256 1488 568 ) 
4 512 615 (1024 1024 1136 ) (1024 1024 524 ) (1616 1024 524 ) (1616 1024 1136 ) 
4 512 559 (1024 1024 524 ) (1024 1024 1136 ) (1024 1488 1136 ) (1024 1488 524 ) 
4 512 527 (1616 1024 524 ) (1024 1024 524 ) (1024 1488 524 ) (1616 1488 524 ) 
4 513 530 (1712 2016 424 ) (1680 2016 424 ) (1680 2048 424 ) (1712 2048 424 ) 
4 513 517 (1680 2016 424 ) (1712 2016 424 ) (1712 2016 432 ) (1680 2016 432 ) 
4 514 543 (1356 2016 424 ) (1312 2016 424 ) (1312 2048 424 ) (1356 2048 424 ) 
4 514 541 (1616 2016 424 ) (1356 2016 424 ) (1356 2048 424 ) (1616 2048 424 ) 
4 514 518 (1312 2016 424 ) (1616 2016 424 ) (1616 2016 492 ) (1312 2016 492 ) 
4 515 528 (2048 2016 424 ) (2048 1952 424 ) (2032 1952 424 ) (2032 2016 424 ) 
4 516 528 (1904 1952 424 ) (1872 1952 424 ) (1872 2016 424 ) (1904 2016 424 ) 
4 517 530 (1680 1984 424 ) (1680 2016 424 ) (1712 2016 424 ) (1712 1984 424 ) 
4 518 543 (1356 1952 424 ) (1312 1952 424 ) (1312 2016 424 ) (1356 2016 424 ) 
4 518 541 (1616 1952 424 ) (1356 1952 424 ) (1356 2016 424 ) (1616 2016 424 ) 
4 518 519 (1312 1952 424 ) (1616 1952 424 ) (1616 1952 492 ) (1312 1952 492 ) 
4 519 543 (1312 1912 424 ) (1312 1952 424 ) (1356 1952 424 ) (1356 1912 424 ) 
4 519 541 (1356 1952 424 ) (1616 1952 424 ) (1616 1912 424 ) (1356 1912 424 ) 
4 520 548 (1328 1824 424 ) (1312 1824 424 ) (1312 1904 424 ) (1328 1904 424 ) 
4 520 545 (1584 1824 424 ) (1328 1824 424 ) (1328 1904 424 ) (1584 1904 424 ) 
4 520 544 (1616 1824 424 ) (1584 1824 424 ) (1584 1904 424 ) (1616 1904 424 ) 
4 520 523 (1312 1824 424 ) (1616 1824 424 ) (1616 1824 492 ) (1312 1824 492 ) 
4 521 528 (2048 1824 424 ) (2048 1760 424 ) (2032 1760 424 ) (2032 1824 424 ) 
4 522 528 (1904 1760 424 ) (1872 1760 424 ) (1872 1824 424 ) (1904 1824 424 ) 
4 523 548 (1328 1760 424 ) (1312 1760 424 ) (1312 1824 424 ) (1328 1824 424 ) 
4 523 545 (1584 1760 424 ) (1328 1760 424 ) (1328 1824 424 ) (1584 1824 424 ) 
4 523 544 (1616 1760 424 ) (1584 1760 424 ) (1584 1824 424 ) (1616 1824 424 ) 
4 523 525 (1312 1760 424 ) (1616 1760 424 ) (1616 1760 492 ) (1312 1760 492 ) 
4 524 537 (2048 1672 424 ) (2048 1504 424 ) (2016 1504 424 ) (2016 1672 424 ) 
4 525 548 (1312 1760 424 ) (1328 1760 424 ) (1328 1520 424 ) (1312 1520 424 ) 
4 525 545 (1328 1760 424 ) (1584 1760 424 ) (1584 1520 424 ) (1328 1520 424 ) 
4 525 544 (1584 1760 424 ) (1616 1760 424 ) (1616 1520 424 ) (1584 1520 424 ) 
4 526 538 (2048 1488 424 ) (2048 1168 424 ) (1760 1168 424 ) (1760 1488 424 ) 
4 526 527 (1760 1488 524 ) (1760 1488 424 ) (1760 1168 424 ) (1760 1168 524 ) 
4 527 615 (1760 1024 524 ) (1024 1024 524 ) (1024 1024 424 ) (1760 1024 424 ) 
4 527 559 (1024 1024 424 ) (1024 1024 524 ) (1024 1488 524 ) (1024 1488 424 ) 
4 527 549 (1616 1024 424 ) (1024 1024 424 ) (1024 1488 424 ) (1616 1488 424 ) 
4 527 540 (1760 1024 424 ) (1616 1024 424 ) (1616 1168 424 ) (1760 1168 424 ) 
4 527 538 (1616 1168 424 ) (1616 1488 424 ) (1760 1488 424 ) (1760 1168 424 ) 
4 528 535 (1856 1728 296 ) (1872 1728 296 ) (1872 1728 424 ) (1856 1728 424 ) 
4 528 533 (1872 1728 296 ) (1928 1728 296 ) (1928 1728 424 ) (1872 1728 424 ) 
4 528 532 (1928 1728 296 ) (2048 1728 296 ) (2048 1728 424 ) (1928 1728 424 ) 
4 528 529 (1792 1896 296 ) (1792 1808 296 ) (1792 1808 408 ) (1792 1896 408 ) 
4 529 530 (1784 1896 296 ) (1784 1808 296 ) (1784 1808 408 ) (1784 1896 408 ) 
4 530 531 (1624 2024 296 ) (1624 1936 296 ) (1624 1936 408 ) (1624 2024 408 ) 
4 531 541 (1616 2024 296 ) (1616 1936 296 ) (1616 1936 408 ) (1616 2024 408 ) 
4 532 533 (1928 1728 424 ) (1928 1728 296 ) (1928 1680 296 ) (1928 1680 424 ) 
4 533 535 (1872 1728 424 ) (1872 1728 296 ) (1872 1680 296 ) (1872 1680 424 ) 
4 533 534 (1872 1680 408 ) (1872 1680 296 ) (1928 1680 296 ) (1928 1680 408 ) 
4 534 537 (1872 1672 296 ) (1928 1672 296 ) (1928 1672 408 ) (1872 1672 408 ) 
4 536 537 (1624 1672 296 ) (1848 1672 296 ) (1848 1672 424 ) (1624 1672 424 ) 
4 538 550 (2048 1424 296 ) (2048 1168 296 ) (1760 1168 296 ) (1760 1424 296 ) 
4 538 549 (1616 1488 296 ) (1616 1168 296 ) (1616 1168 424 ) (1616 1488 424 ) 
4 538 540 (1616 1168 424 ) (1616 1168 296 ) (1760 1168 296 ) (1760 1168 424 ) 
4 538 539 (1912 1168 296 ) (2040 1168 296 ) (2040 1168 424 ) (1912 1168 424 ) 
4 540 616 (1760 1024 424 ) (1616 1024 424 ) (1616 1024 296 ) (1760 1024 296 ) 
4 540 549 (1616 1168 296 ) (1616 1024 296 ) (1616 1024 424 ) (1616 1168 424 ) 
4 541 543 (1356 2048 296 ) (1356 1912 296 ) (1356 1912 424 ) (1356 2048 424 ) 
4 541 542 (1356 1912 406 ) (1356 1912 296 ) (1460 1912 296 ) (1460 1912 406 ) 
4 542 545 (1356 1904 296 ) (1460 1904 296 ) (1460 1904 406 ) (1356 1904 406 ) 
4 544 545 (1584 1904 424 ) (1584 1904 296 ) (1584 1520 296 ) (1584 1520 424 ) 
4 545 558 (1584 1882 296 ) (1584 1552 296 ) (1456 1552 296 ) (1456 1882 296 ) 
4 545 548 (1328 1904 424 ) (1328 1904 296 ) (1328 1520 296 ) (1328 1520 424 ) 
4 545 546 (1328 1494 424 ) (1328 1494 296 ) (1584 1494 296 ) (1584 1494 424 ) 
4 546 547 (1328 1490 424 ) (1328 1490 296 ) (1584 1490 296 ) (1584 1490 424 ) 
4 547 549 (1328 1488 296 ) (1584 1488 296 ) (1584 1488 424 ) (1328 1488 424 ) 
4 549 616 (1616 1024 424 ) (1024 1024 424 ) (1024 1024 296 ) (1616 1024 296 ) 
4 549 559 (1024 1024 296 ) (1024 1024 424 ) (1024 1488 424 ) (1024 1488 296 ) 
4 551 555 (1760 2000 200 ) (1760 2000 232 ) (1760 2048 232 ) (1760 2048 200 ) 
4 551 554 (1816 2000 200 ) (1760 2000 200 ) (1760 2048 200 ) (1816 2048 200 ) 
4 552 553 (1992 2048 72 ) (1992 2000 72 ) (1992 2000 200 ) (1992 2048 200 ) 
4 554 555 (1760 2048 72 ) (1760 2000 72 ) (1760 2000 200 ) (1760 2048 200 ) 
4 555 556 (1624 2048 72 ) (1624 2000 72 ) (1624 2000 232 ) (1624 2048 232 ) 
4 556 557 (1584 2048 72 ) (1584 2000 72 ) (1584 2000 232 ) (1584 2048 232 ) 
4 557 558 (1456 1882 232 ) (1456 1882 72 ) (1584 1882 72 ) (1584 1882 232 ) 
4 559 617 (1024 1024 296 ) (1024 1024 1136 ) (980 1024 1136 ) (980 1024 296 ) 
4 560 562 (2480 1024 1136 ) (2480 1024 696 ) (2480 576 696 ) (2480 576 1136 ) 
4 560 561 (2480 576 568 ) (2480 1024 568 ) (2632 1024 568 ) (2632 576 568 ) 
4 561 590 (2632 757 560 ) (2632 576 560 ) (2480 576 560 ) (2480 757 560 ) 
4 561 589 (2632 1016 560 ) (2632 757 560 ) (2480 757 560 ) (2480 1016 560 ) 
4 561 577 (2480 1024 560 ) (2632 1024 560 ) (2632 1016 560 ) (2480 1016 560 ) 
4 562 563 (2352 576 696 ) (2352 576 1136 ) (2352 1024 1136 ) (2352 1024 696 ) 
4 563 567 (2072 1024 1136 ) (2072 1024 696 ) (2072 576 696 ) (2072 576 1136 ) 
4 563 564 (2072 1008 696 ) (2072 1024 696 ) (2352 1024 696 ) (2352 1008 696 ) 
4 564 565 (2072 1008 632 ) (2072 1024 632 ) (2352 1024 632 ) (2352 1008 632 ) 
4 565 592 (2352 1016 560 ) (2352 1008 560 ) (2072 1008 560 ) (2072 1016 560 ) 
4 565 578 (2072 1024 560 ) (2352 1024 560 ) (2352 1016 560 ) (2072 1016 560 ) 
4 565 566 (2352 1008 568 ) (2352 1008 632 ) (2072 1008 632 ) (2072 1008 568 ) 
4 567 613 (2048 1024 1136 ) (2048 1024 696 ) (2048 576 696 ) (2048 576 1136 ) 
4 568 614 (2048 1024 688 ) (2048 1024 560 ) (2048 960 560 ) (2048 960 688 ) 
4 570 579 (3072 1016 478 ) (3072 1016 536 ) (3038 1016 536 ) (3038 1016 478 ) 
4 572 583 (2846 1016 478 ) (2846 1016 536 ) (2810 1016 536 ) (2810 1016 478 ) 
4 574 583 (2808 1016 536 ) (2772 1016 536 ) (2772 1016 478 ) (2808 1016 478 ) 
4 576 583 (2770 1016 478 ) (2770 1016 536 ) (2734 1016 536 ) (2734 1016 478 ) 
4 577 609 (2480 1024 432 ) (2632 1024 432 ) (2632 1016 432 ) (2480 1016 432 ) 
4 577 591 (2480 1016 432 ) (2632 1016 432 ) (2632 1016 440 ) (2480 1016 440 ) 
4 577 589 (2632 1016 440 ) (2632 1016 560 ) (2480 1016 560 ) (2480 1016 440 ) 
4 578 610 (2072 1024 432 ) (2352 1024 432 ) (2352 1016 432 ) (2072 1016 432 ) 
4 578 594 (2072 1016 432 ) (2352 1016 432 ) (2352 1016 456 ) (2072 1016 456 ) 
4 578 592 (2352 1016 456 ) (2352 1016 560 ) (2072 1016 560 ) (2072 1016 456 ) 
4 579 601 (2984 768 432 ) (2984 840 432 ) (3072 840 432 ) (3072 768 432 ) 
4 579 581 (2984 1016 560 ) (2984 1016 432 ) (2984 840 432 ) (2984 840 560 ) 
4 580 582 (2984 704 432 ) (2984 648 432 ) (2984 648 544 ) (2984 704 544 ) 
4 581 583 (2976 1016 560 ) (2976 1016 432 ) (2976 840 432 ) (2976 840 560 ) 
4 582 585 (2976 704 432 ) (2976 648 432 ) (2976 648 544 ) (2976 704 544 ) 
4 583 586 (2640 848 476 ) (2640 848 538 ) (2640 964 538 ) (2640 964 476 ) 
4 583 584 (2824 840 432 ) (2880 840 432 ) (2880 840 544 ) (2824 840 544 ) 
4 584 585 (2824 832 432 ) (2880 832 432 ) (2880 832 544 ) (2824 832 544 ) 
4 586 587 (2639 964 476 ) (2639 848 476 ) (2639 848 538 ) (2639 964 538 ) 
4 587 588 (2633 964 476 ) (2633 848 476 ) (2633 848 538 ) (2633 964 538 ) 
4 588 589 (2632 848 476 ) (2632 848 538 ) (2632 964 538 ) (2632 964 476 ) 
4 589 591 (2480 757 440 ) (2480 1016 440 ) (2632 1016 440 ) (2632 757 440 ) 
4 589 590 (2480 757 560 ) (2480 757 456 ) (2632 757 456 ) (2632 757 560 ) 
4 591 609 (2480 1016 432 ) (2632 1016 432 ) (2632 755.760010 432 ) (2480 755.760010 432 ) 
4 592 594 (2072 1008 456 ) (2072 1016 456 ) (2352 1016 456 ) (2352 1008 456 ) 
4 592 593 (2072 1008 520 ) (2072 1008 456 ) (2352 1008 456 ) (2352 1008 520 ) 
4 594 610 (2072 1016 432 ) (2352 1016 432 ) (2352 1008 432 ) (2072 1008 432 ) 
4 595 596 (3036 1023 340 ) (3072 1023 340 ) (3072 1023 402 ) (3036 1023 402 ) 
4 596 597 (3036 1017 340 ) (3072 1017 340 ) (3072 1017 402 ) (3036 1017 402 ) 
4 597 598 (3072 1016 340 ) (3072 1016 402 ) (3036 1016 402 ) (3036 1016 340 ) 
4 598 602 (2984 840 296 ) (3072 840 296 ) (3072 840 424 ) (2984 840 424 ) 
4 598 599 (2984 928 408 ) (2984 928 296 ) (2984 872 296 ) (2984 872 408 ) 
4 599 600 (2976 928 408 ) (2976 928 296 ) (2976 872 296 ) (2976 872 408 ) 
4 600 606 (2640 924 296 ) (2640 876 296 ) (2640 876 404 ) (2640 924 404 ) 
4 600 603 (2784 840 296 ) (2840 840 296 ) (2840 840 408 ) (2784 840 408 ) 
4 601 602 (2984 768 424 ) (2984 840 424 ) (3072 840 424 ) (3072 768 424 ) 
4 603 604 (2784 832 408 ) (2784 832 296 ) (2840 832 296 ) (2840 832 408 ) 
4 604 605 (2640 760 424 ) (2640 760 296 ) (2976 760 296 ) (2976 760 424 ) 
4 606 607 (2639 876 296 ) (2639 876 404 ) (2639 924 404 ) (2639 924 296 ) 
4 607 608 (2633 876 296 ) (2633 876 404 ) (2633 924 404 ) (2633 924 296 ) 
4 608 609 (2632 924 296 ) (2632 876 296 ) (2632 876 404 ) (2632 924 404 ) 
4 610 612 (2072 1008 344 ) (2072 1024 344 ) (2352 1024 344 ) (2352 1008 344 ) 
4 610 611 (2072 1008 408 ) (2072 1008 344 ) (2352 1008 344 ) (2352 1008 408 ) 
4 613 615 (1760 576 696 ) (1760 576 1136 ) (1760 1024 1136 ) (1760 1024 696 ) 
4 615 617 (1024 1024 1136 ) (1024 1024 424 ) (1024 576 424 ) (1024 576 1136 ) 
4 615 616 (1760 576 424 ) (1024 576 424 ) (1024 1024 424 ) (1760 1024 424 ) 
4 616 617 (1024 1024 424 ) (1024 1024 296 ) (1024 576 296 ) (1024 576 424 ) 
