PRT1
343
862
4 1 52 (-3072 9216 -32 ) (-3072 9216 3584 ) (-3072 9632 3584 ) (-3072 9632 -32 ) 
4 1 2 (-2048 9216 -32 ) (-2048 9216 3584 ) (-3072 9216 3584 ) (-3072 9216 -32 ) 
4 2 54 (-3072 8192 -32 ) (-3072 8192 3584 ) (-3072 9216 3584 ) (-3072 9216 -32 ) 
4 2 3 (-2048 8192 -32 ) (-2048 8192 3584 ) (-3072 8192 3584 ) (-3072 8192 -32 ) 
4 3 62 (-3072 7168 -32 ) (-3072 7168 3584 ) (-3072 8192 3584 ) (-3072 8192 -32 ) 
4 3 4 (-2048 7168 -32 ) (-2048 7168 3584 ) (-3072 7168 3584 ) (-3072 7168 -32 ) 
4 4 64 (-3072 6144 -32 ) (-3072 6144 3584 ) (-3072 7168 3584 ) (-3072 7168 -32 ) 
4 4 5 (-2048 6144 -32 ) (-2048 6144 3584 ) (-3072 6144 3584 ) (-3072 6144 -32 ) 
4 5 66 (-3072 5120 -32 ) (-3072 5120 3584 ) (-3072 6144 3584 ) (-3072 6144 -32 ) 
4 5 6 (-2048 5120 -32 ) (-2048 5120 3584 ) (-3072 5120 3584 ) (-3072 5120 -32 ) 
4 6 68 (-3072 4096 -32 ) (-3072 4096 3584 ) (-3072 5120 3584 ) (-3072 5120 -32 ) 
4 6 7 (-2048 4096 -32 ) (-2048 4096 3584 ) (-3072 4096 3584 ) (-3072 4096 -32 ) 
4 7 222 (-3072 3072 -32 ) (-3072 3072 3584 ) (-3072 4096 3584 ) (-3072 4096 -32 ) 
4 7 8 (-2048 3072 -32 ) (-2048 3072 3584 ) (-3072 3072 3584 ) (-3072 3072 -32 ) 
4 8 224 (-3072 2048 -32 ) (-3072 2048 3584 ) (-3072 3072 3584 ) (-3072 3072 -32 ) 
4 8 9 (-2048 2048 -32 ) (-2048 2048 3584 ) (-3072 2048 3584 ) (-3072 2048 -32 ) 
4 9 226 (-3072 1024 -32 ) (-3072 1024 3584 ) (-3072 2048 3584 ) (-3072 2048 -32 ) 
4 9 10 (-2048 1024 -32 ) (-2048 1024 3584 ) (-3072 1024 3584 ) (-3072 1024 -32 ) 
4 10 238 (-3072 0 -32 ) (-3072 0 32 ) (-3072 1024 32 ) (-3072 1024 -32 ) 
4 10 237 (-3072 0 32 ) (-3072 0 3584 ) (-3072 1024 3584 ) (-3072 1024 32 ) 
4 10 26 (-2048 0 -32 ) (-2048 0 256 ) (-3072 0 256 ) (-3072 0 -32 ) 
4 10 21 (-2736 0 288 ) (-2752 0 288 ) (-2752 0 256 ) (-2736 0 256 ) 
4 10 25 (-2752 0 288 ) (-3072 0 288 ) (-3072 0 256 ) (-2752 0 256 ) 
4 10 20 (-2048 0 256 ) (-2048 0 288 ) (-2736 0 288 ) (-2736 0 256 ) 
4 10 18 (-2720 0 480 ) (-2736 0 480 ) (-2736 0 288 ) (-2720 0 288 ) 
4 10 19 (-2736 0 480 ) (-3072 0 480 ) (-3072 0 288 ) (-2736 0 288 ) 
4 10 16 (-2720 0 448 ) (-2720 0 288 ) (-2064 0 288 ) (-2064 0 448 ) 
4 10 15 (-2064 0 480 ) (-2720 0 480 ) (-2720 0 448 ) (-2064 0 448 ) 
4 10 14 (-2048 0 288 ) (-2048 0 480 ) (-2064 0 480 ) (-2064 0 288 ) 
4 10 13 (-2736 0 3584 ) (-3072 0 3584 ) (-3072 0 480 ) (-2736 0 480 ) 
4 10 11 (-2048 0 480 ) (-2048 0 3584 ) (-2736 0 3584 ) (-2736 0 480 ) 
4 11 18 (-2736 0 480 ) (-2720 0 480 ) (-2720 -624 480 ) (-2736 -624 480 ) 
4 11 15 (-2720 0 480 ) (-2064 0 480 ) (-2064 -624 480 ) (-2720 -624 480 ) 
4 11 14 (-2064 0 480 ) (-2048 0 480 ) (-2048 -624 480 ) (-2064 -624 480 ) 
4 11 13 (-2736 0 480 ) (-2736 -624 480 ) (-2736 -624 3584 ) (-2736 0 3584 ) 
4 11 12 (-2736 -624 3584 ) (-2736 -624 704 ) (-2048 -624 704 ) (-2048 -624 3584 ) 
4 12 27 (-2048 -1024 704 ) (-2048 -1024 3584 ) (-2736 -1024 3584 ) (-2736 -1024 704 ) 
4 12 13 (-2736 -1024 704 ) (-2736 -1024 3584 ) (-2736 -624 3584 ) (-2736 -624 704 ) 
4 13 293 (-3072 -1024 480 ) (-3072 -1024 3584 ) (-3072 0 3584 ) (-3072 0 480 ) 
4 13 30 (-3072 -1024 496 ) (-3072 -1024 480 ) (-2736 -1024 480 ) (-2736 -1024 496 ) 
4 13 29 (-3072 -1024 704 ) (-3072 -1024 496 ) (-2736 -1024 496 ) (-2736 -1024 704 ) 
4 13 27 (-3072 -1024 3584 ) (-3072 -1024 704 ) (-2736 -1024 704 ) (-2736 -1024 3584 ) 
4 13 19 (-3072 -1024 480 ) (-3072 0 480 ) (-2736 0 480 ) (-2736 -1024 480 ) 
4 14 20 (-2064 -624 288 ) (-2064 0 288 ) (-2048 0 288 ) (-2048 -624 288 ) 
4 14 16 (-2064 0 288 ) (-2064 -624 288 ) (-2064 -624 448 ) (-2064 0 448 ) 
4 14 15 (-2064 -624 448 ) (-2064 -624 480 ) (-2064 0 480 ) (-2064 0 448 ) 
4 15 18 (-2720 -624 480 ) (-2720 0 480 ) (-2720 0 448 ) (-2720 -624 448 ) 
4 15 16 (-2720 -624 448 ) (-2720 0 448 ) (-2064 0 448 ) (-2064 -624 448 ) 
4 16 20 (-2720 -624 288 ) (-2720 0 288 ) (-2064 0 288 ) (-2064 -624 288 ) 
4 16 18 (-2720 0 288 ) (-2720 -624 288 ) (-2720 -624 448 ) (-2720 0 448 ) 
4 17 37 (-2720 -1024 448 ) (-2720 -1024 288 ) (-2560 -1024 288 ) (-2560 -1024 448 ) 
4 17 33 (-2560 -1024 288 ) (-2064 -1024 288 ) (-2064 -1024 448 ) (-2560 -1024 448 ) 
4 18 20 (-2736 -624 288 ) (-2736 0 288 ) (-2720 0 288 ) (-2720 -624 288 ) 
4 18 19 (-2736 0 288 ) (-2736 -624 288 ) (-2736 -624 480 ) (-2736 0 480 ) 
4 19 293 (-3072 -1024 288 ) (-3072 -1024 480 ) (-3072 0 480 ) (-3072 0 288 ) 
4 19 43 (-2736 -1024 480 ) (-3072 -1024 480 ) (-3072 -1024 288 ) (-2736 -1024 288 ) 
4 19 24 (-2736 -1024 288 ) (-2752 -1024 288 ) (-2752 -976 288 ) (-2736 -976 288 ) 
4 19 22 (-2752 -768 288 ) (-2752 -688 288 ) (-2736 -688 288 ) (-2736 -768 288 ) 
4 19 23 (-2752 -912 288 ) (-2752 -832 288 ) (-2736 -832 288 ) (-2736 -912 288 ) 
4 19 21 (-2752 -624 288 ) (-2752 0 288 ) (-2736 0 288 ) (-2736 -624 288 ) 
4 19 25 (-2752 -1024 288 ) (-3072 -1024 288 ) (-3072 0 288 ) (-2752 0 288 ) 
4 20 26 (-2736 0 256 ) (-2048 0 256 ) (-2048 -624 256 ) (-2736 -624 256 ) 
4 20 21 (-2736 0 256 ) (-2736 -624 256 ) (-2736 -624 288 ) (-2736 0 288 ) 
4 21 26 (-2752 0 256 ) (-2736 0 256 ) (-2736 -624 256 ) (-2752 -624 256 ) 
4 21 25 (-2752 0 256 ) (-2752 -624 256 ) (-2752 -624 288 ) (-2752 0 288 ) 
4 22 26 (-2736 -688 256 ) (-2736 -768 256 ) (-2752 -768 256 ) (-2752 -688 256 ) 
4 22 25 (-2752 -688 256 ) (-2752 -768 256 ) (-2752 -768 288 ) (-2752 -688 288 ) 
4 23 26 (-2736 -832 256 ) (-2736 -912 256 ) (-2752 -912 256 ) (-2752 -832 256 ) 
4 23 25 (-2752 -832 256 ) (-2752 -912 256 ) (-2752 -912 288 ) (-2752 -832 288 ) 
4 24 46 (-2736 -1024 288 ) (-2752 -1024 288 ) (-2752 -1024 256 ) (-2736 -1024 256 ) 
4 24 26 (-2736 -976 256 ) (-2736 -1024 256 ) (-2752 -1024 256 ) (-2752 -976 256 ) 
4 24 25 (-2752 -976 256 ) (-2752 -1024 256 ) (-2752 -1024 288 ) (-2752 -976 288 ) 
4 25 293 (-3072 -1024 256 ) (-3072 -1024 288 ) (-3072 0 288 ) (-3072 0 256 ) 
4 25 49 (-2752 -1024 288 ) (-3072 -1024 288 ) (-3072 -1024 256 ) (-2752 -1024 256 ) 
4 25 26 (-3072 -1024 256 ) (-3072 0 256 ) (-2752 0 256 ) (-2752 -1024 256 ) 
4 26 294 (-3072 -1024 -32 ) (-3072 -1024 32 ) (-3072 0 32 ) (-3072 0 -32 ) 
4 26 293 (-3072 -1024 32 ) (-3072 -1024 256 ) (-3072 0 256 ) (-3072 0 32 ) 
4 26 50 (-2048 -1024 -32 ) (-2048 -1024 256 ) (-3072 -1024 256 ) (-3072 -1024 -32 ) 
4 27 296 (-3072 -2048 704 ) (-3072 -2048 3584 ) (-3072 -1024 3584 ) (-3072 -1024 704 ) 
4 27 51 (-2048 -2048 704 ) (-2048 -2048 3584 ) (-3072 -2048 3584 ) (-3072 -2048 704 ) 
4 27 28 (-2048 -1520 704 ) (-2048 -2048 704 ) (-2736 -2048 704 ) (-2736 -1520 704 ) 
4 27 29 (-3072 -2048 704 ) (-3072 -1024 704 ) (-2736 -1024 704 ) (-2736 -2048 704 ) 
4 28 51 (-2048 -2048 496 ) (-2048 -2048 704 ) (-2736 -2048 704 ) (-2736 -2048 496 ) 
4 28 31 (-2048 -2048 496 ) (-2576 -2048 496 ) (-2576 -2032 496 ) (-2048 -2032 496 ) 
4 28 32 (-2576 -2048 496 ) (-2736 -2048 496 ) (-2736 -1520 496 ) (-2576 -1520 496 ) 
4 28 29 (-2736 -1520 496 ) (-2736 -2048 496 ) (-2736 -2048 704 ) (-2736 -1520 704 ) 
4 29 296 (-3072 -2048 496 ) (-3072 -2048 704 ) (-3072 -1024 704 ) (-3072 -1024 496 ) 
4 29 51 (-2736 -2048 704 ) (-3072 -2048 704 ) (-3072 -2048 496 ) (-2736 -2048 496 ) 
4 29 32 (-2736 -2048 496 ) (-3072 -2048 496 ) (-3072 -1520 496 ) (-2736 -1520 496 ) 
4 29 30 (-3072 -1520 496 ) (-3072 -1024 496 ) (-2736 -1024 496 ) (-2736 -1520 496 ) 
4 30 296 (-3072 -1520 496 ) (-3072 -1024 496 ) (-3072 -1024 480 ) (-3072 -1520 480 ) 
4 30 43 (-3072 -1520 480 ) (-3072 -1024 480 ) (-2736 -1024 480 ) (-2736 -1520 480 ) 
4 30 32 (-3072 -1520 480 ) (-2736 -1520 480 ) (-2736 -1520 496 ) (-3072 -1520 496 ) 
4 31 51 (-2048 -2048 480 ) (-2048 -2048 496 ) (-2576 -2048 496 ) (-2576 -2048 480 ) 
4 31 39 (-2560 -2048 480 ) (-2576 -2048 480 ) (-2576 -2032 480 ) (-2560 -2032 480 ) 
4 31 36 (-2048 -2032 480 ) (-2048 -2048 480 ) (-2560 -2048 480 ) (-2560 -2032 480 ) 
4 31 32 (-2576 -2032 480 ) (-2576 -2048 480 ) (-2576 -2048 496 ) (-2576 -2032 496 ) 
4 32 296 (-3072 -2048 480 ) (-3072 -2048 496 ) (-3072 -1520 496 ) (-3072 -1520 480 ) 
4 32 51 (-2576 -2048 496 ) (-3072 -2048 496 ) (-3072 -2048 480 ) (-2576 -2048 480 ) 
4 32 42 (-2736 -1520 480 ) (-2720 -1520 480 ) (-2720 -2048 480 ) (-2736 -2048 480 ) 
4 32 43 (-3072 -2048 480 ) (-3072 -1520 480 ) (-2736 -1520 480 ) (-2736 -2048 480 ) 
4 32 40 (-2720 -1520 480 ) (-2576 -1520 480 ) (-2576 -2048 480 ) (-2720 -2048 480 ) 
4 33 37 (-2560 -1024 288 ) (-2560 -1040 288 ) (-2560 -1040 448 ) (-2560 -1024 448 ) 
4 33 34 (-2256 -1040 320 ) (-2256 -1040 416 ) (-2432 -1040 416 ) (-2432 -1040 320 ) 
4 34 35 (-2256 -1056 320 ) (-2256 -1056 416 ) (-2432 -1056 416 ) (-2432 -1056 320 ) 
4 35 38 (-2560 -1056 288 ) (-2560 -1504 288 ) (-2560 -1504 480 ) (-2560 -1056 480 ) 
4 36 51 (-2048 -2048 288 ) (-2048 -2048 480 ) (-2560 -2048 480 ) (-2560 -2048 288 ) 
4 36 44 (-2048 -2048 288 ) (-2560 -2048 288 ) (-2560 -2032 288 ) (-2048 -2032 288 ) 
4 36 39 (-2560 -2032 288 ) (-2560 -2048 288 ) (-2560 -2048 480 ) (-2560 -2032 480 ) 
4 38 41 (-2720 -1188 288 ) (-2720 -1388 288 ) (-2720 -1388 416 ) (-2720 -1188 416 ) 
4 39 51 (-2560 -2048 480 ) (-2576 -2048 480 ) (-2576 -2048 288 ) (-2560 -2048 288 ) 
4 39 44 (-2560 -2048 288 ) (-2576 -2048 288 ) (-2576 -2016 288 ) (-2560 -2016 288 ) 
4 39 40 (-2576 -2016 288 ) (-2576 -2048 288 ) (-2576 -2048 480 ) (-2576 -2016 480 ) 
4 40 51 (-2576 -2048 480 ) (-2720 -2048 480 ) (-2720 -2048 288 ) (-2576 -2048 288 ) 
4 40 45 (-2576 -2048 288 ) (-2720 -2048 288 ) (-2720 -1520 288 ) (-2576 -1520 288 ) 
4 40 42 (-2720 -1520 288 ) (-2720 -2048 288 ) (-2720 -2048 480 ) (-2720 -1520 480 ) 
4 41 43 (-2736 -1188 288 ) (-2736 -1388 288 ) (-2736 -1388 416 ) (-2736 -1188 416 ) 
4 42 51 (-2720 -2048 480 ) (-2736 -2048 480 ) (-2736 -2048 288 ) (-2720 -2048 288 ) 
4 42 45 (-2720 -2048 288 ) (-2736 -2048 288 ) (-2736 -1520 288 ) (-2720 -1520 288 ) 
4 42 43 (-2736 -1520 288 ) (-2736 -2048 288 ) (-2736 -2048 480 ) (-2736 -1520 480 ) 
4 43 296 (-3072 -2048 288 ) (-3072 -2048 480 ) (-3072 -1024 480 ) (-3072 -1024 288 ) 
4 43 51 (-2736 -2048 480 ) (-3072 -2048 480 ) (-3072 -2048 288 ) (-2736 -2048 288 ) 
4 43 48 (-2736 -2048 288 ) (-2752 -2048 288 ) (-2752 -1520 288 ) (-2736 -1520 288 ) 
4 43 46 (-2752 -1056 288 ) (-2752 -1024 288 ) (-2736 -1024 288 ) (-2736 -1056 288 ) 
4 43 47 (-2752 -1456 288 ) (-2752 -1120 288 ) (-2736 -1120 288 ) (-2736 -1456 288 ) 
4 43 49 (-2752 -2048 288 ) (-3072 -2048 288 ) (-3072 -1024 288 ) (-2752 -1024 288 ) 
4 44 51 (-2048 -2048 256 ) (-2048 -2048 288 ) (-2576 -2048 288 ) (-2576 -2048 256 ) 
4 44 50 (-2048 -2016 256 ) (-2048 -2048 256 ) (-2576 -2048 256 ) (-2576 -2016 256 ) 
4 44 45 (-2576 -2016 256 ) (-2576 -2048 256 ) (-2576 -2048 288 ) (-2576 -2016 288 ) 
4 45 51 (-2576 -2048 288 ) (-2736 -2048 288 ) (-2736 -2048 256 ) (-2576 -2048 256 ) 
4 45 50 (-2576 -2048 256 ) (-2736 -2048 256 ) (-2736 -1520 256 ) (-2576 -1520 256 ) 
4 45 48 (-2736 -1520 256 ) (-2736 -2048 256 ) (-2736 -2048 288 ) (-2736 -1520 288 ) 
4 46 50 (-2752 -1024 256 ) (-2736 -1024 256 ) (-2736 -1056 256 ) (-2752 -1056 256 ) 
4 46 49 (-2752 -1024 256 ) (-2752 -1056 256 ) (-2752 -1056 288 ) (-2752 -1024 288 ) 
4 47 50 (-2736 -1120 256 ) (-2736 -1456 256 ) (-2752 -1456 256 ) (-2752 -1120 256 ) 
4 47 49 (-2752 -1120 256 ) (-2752 -1456 256 ) (-2752 -1456 288 ) (-2752 -1120 288 ) 
4 48 51 (-2736 -2048 288 ) (-2752 -2048 288 ) (-2752 -2048 256 ) (-2736 -2048 256 ) 
4 48 50 (-2736 -1520 256 ) (-2736 -2048 256 ) (-2752 -2048 256 ) (-2752 -1520 256 ) 
4 48 49 (-2752 -1520 256 ) (-2752 -2048 256 ) (-2752 -2048 288 ) (-2752 -1520 288 ) 
4 49 296 (-3072 -2048 256 ) (-3072 -2048 288 ) (-3072 -1024 288 ) (-3072 -1024 256 ) 
4 49 51 (-2752 -2048 288 ) (-3072 -2048 288 ) (-3072 -2048 256 ) (-2752 -2048 256 ) 
4 49 50 (-3072 -2048 256 ) (-3072 -1024 256 ) (-2752 -1024 256 ) (-2752 -2048 256 ) 
4 50 297 (-3072 -2048 -32 ) (-3072 -2048 32 ) (-3072 -1024 32 ) (-3072 -1024 -32 ) 
4 50 296 (-3072 -2048 32 ) (-3072 -2048 256 ) (-3072 -1024 256 ) (-3072 -1024 32 ) 
4 50 51 (-2048 -2048 -32 ) (-2048 -2048 256 ) (-3072 -2048 256 ) (-3072 -2048 -32 ) 
4 51 301 (-3072 -3056 -32 ) (-3072 -3056 3584 ) (-3072 -2048 3584 ) (-3072 -2048 -32 ) 
4 52 54 (-3072 9216 -32 ) (-3072 9216 3584 ) (-4096 9216 3584 ) (-4096 9216 -32 ) 
4 52 53 (-4096 9216 -32 ) (-4096 9216 3584 ) (-4096 9632 3584 ) (-4096 9632 -32 ) 
4 53 56 (-5120 9216 -32 ) (-5120 9216 3584 ) (-5120 9632 3584 ) (-5120 9632 -32 ) 
4 53 55 (-5120 9216 3584 ) (-5120 9216 -32 ) (-4096 9216 -32 ) (-4096 9216 3584 ) 
4 54 62 (-3072 8192 -32 ) (-3072 8192 3584 ) (-4096 8192 3584 ) (-4096 8192 -32 ) 
4 54 55 (-4096 9216 3584 ) (-4096 9216 -32 ) (-4096 8192 -32 ) (-4096 8192 3584 ) 
4 55 63 (-4096 8192 -32 ) (-4096 8192 3584 ) (-5120 8192 3584 ) (-5120 8192 -32 ) 
4 55 57 (-5120 8192 -32 ) (-5120 8192 3584 ) (-5120 9216 3584 ) (-5120 9216 -32 ) 
4 56 58 (-6144 9216 -32 ) (-6144 9216 3584 ) (-6144 9632 3584 ) (-6144 9632 -32 ) 
4 56 57 (-5120 9216 -32 ) (-5120 9216 3584 ) (-6144 9216 3584 ) (-6144 9216 -32 ) 
4 57 70 (-5120 8192 -32 ) (-5120 8192 3584 ) (-6144 8192 3584 ) (-6144 8192 -32 ) 
4 57 60 (-6144 8192 -32 ) (-6144 8192 3584 ) (-6144 9216 3584 ) (-6144 9216 -32 ) 
4 58 60 (-6144 9216 -32 ) (-6144 9216 3584 ) (-7168 9216 3584 ) (-7168 9216 -32 ) 
4 58 59 (-7168 9216 -32 ) (-7168 9216 3584 ) (-7168 9632 3584 ) (-7168 9632 -32 ) 
4 59 87 (-8192 9216 -32 ) (-8192 9216 3584 ) (-8192 9632 3584 ) (-8192 9632 -32 ) 
4 59 61 (-7168 9216 -32 ) (-7168 9216 3584 ) (-8192 9216 3584 ) (-8192 9216 -32 ) 
4 60 72 (-6144 8192 -32 ) (-6144 8192 3584 ) (-7168 8192 3584 ) (-7168 8192 -32 ) 
4 60 61 (-7168 9216 3584 ) (-7168 9216 -32 ) (-7168 8192 -32 ) (-7168 8192 3584 ) 
4 61 89 (-8192 8192 -32 ) (-8192 8192 3584 ) (-8192 9216 3584 ) (-8192 9216 -32 ) 
4 61 75 (-8128 8192 32 ) (-8192 8192 32 ) (-8192 8192 -32 ) (-8128 8192 -32 ) 
4 61 74 (-7168 8192 -32 ) (-7168 8192 32 ) (-8128 8192 32 ) (-8128 8192 -32 ) 
4 61 73 (-7168 8192 32 ) (-7168 8192 3584 ) (-8192 8192 3584 ) (-8192 8192 32 ) 
4 62 64 (-3072 7168 -32 ) (-3072 7168 3584 ) (-4096 7168 3584 ) (-4096 7168 -32 ) 
4 62 63 (-4096 7168 -32 ) (-4096 7168 3584 ) (-4096 8192 3584 ) (-4096 8192 -32 ) 
4 63 70 (-5120 8192 3584 ) (-5120 8192 -32 ) (-5120 7168 -32 ) (-5120 7168 3584 ) 
4 63 65 (-5120 7168 3584 ) (-5120 7168 -32 ) (-4096 7168 -32 ) (-4096 7168 3584 ) 
4 64 66 (-3072 6144 -32 ) (-3072 6144 3584 ) (-4096 6144 3584 ) (-4096 6144 -32 ) 
4 64 65 (-4096 7168 3584 ) (-4096 7168 -32 ) (-4096 6144 -32 ) (-4096 6144 3584 ) 
4 65 71 (-5120 6144 -32 ) (-5120 6144 3584 ) (-5120 7168 3584 ) (-5120 7168 -32 ) 
4 65 67 (-4096 6144 -32 ) (-4096 6144 3584 ) (-5120 6144 3584 ) (-5120 6144 -32 ) 
4 66 68 (-3072 5120 -32 ) (-3072 5120 3584 ) (-4096 5120 3584 ) (-4096 5120 -32 ) 
4 66 67 (-4096 5120 -32 ) (-4096 5120 3584 ) (-4096 6144 3584 ) (-4096 6144 -32 ) 
4 67 79 (-5120 5120 -32 ) (-5120 5120 3584 ) (-5120 6144 3584 ) (-5120 6144 -32 ) 
4 67 69 (-5120 5120 3584 ) (-5120 5120 -32 ) (-4096 5120 -32 ) (-4096 5120 3584 ) 
4 68 222 (-3072 4096 -32 ) (-3072 4096 3584 ) (-4096 4096 3584 ) (-4096 4096 -32 ) 
4 68 69 (-4096 5120 3584 ) (-4096 5120 -32 ) (-4096 4096 -32 ) (-4096 4096 3584 ) 
4 69 223 (-4096 4096 -32 ) (-4096 4096 3584 ) (-5120 4096 3584 ) (-5120 4096 -32 ) 
4 69 80 (-5120 4096 -32 ) (-5120 4096 3584 ) (-5120 5120 3584 ) (-5120 5120 -32 ) 
4 70 72 (-6144 8192 3584 ) (-6144 8192 -32 ) (-6144 7168 -32 ) (-6144 7168 3584 ) 
4 70 71 (-5120 7168 -32 ) (-5120 7168 3584 ) (-6144 7168 3584 ) (-6144 7168 -32 ) 
4 71 79 (-5120 6144 -32 ) (-5120 6144 3584 ) (-6144 6144 3584 ) (-6144 6144 -32 ) 
4 71 76 (-6144 6144 -32 ) (-6144 6144 3584 ) (-6144 7168 3584 ) (-6144 7168 -32 ) 
4 72 76 (-6144 7168 -32 ) (-6144 7168 3584 ) (-7168 7168 3584 ) (-7168 7168 -32 ) 
4 72 74 (-7168 8192 32 ) (-7168 8192 -32 ) (-7168 7168 -32 ) (-7168 7168 32 ) 
4 72 73 (-7168 8192 3584 ) (-7168 8192 32 ) (-7168 7168 32 ) (-7168 7168 3584 ) 
4 73 109 (-8192 7168 32 ) (-8192 7168 3584 ) (-8192 8192 3584 ) (-8192 8192 32 ) 
4 73 77 (-7168 7168 32 ) (-7168 7168 3584 ) (-8192 7168 3584 ) (-8192 7168 32 ) 
4 73 75 (-8192 8096 32 ) (-8192 8192 32 ) (-8128 8192 32 ) (-8128 8096 32 ) 
4 73 74 (-7168 7168 32 ) (-8128 7168 32 ) (-8128 8192 32 ) (-7168 8192 32 ) 
4 74 78 (-7168 7168 -32 ) (-7168 7168 32 ) (-8128 7168 32 ) (-8128 7168 -32 ) 
4 74 75 (-8128 8192 -32 ) (-8128 8096 -32 ) (-8128 8096 32 ) (-8128 8192 32 ) 
4 75 110 (-8192 8096 32 ) (-8192 8192 32 ) (-8192 8192 -32 ) (-8192 8096 -32 ) 
4 76 81 (-6144 6144 -32 ) (-6144 6144 3584 ) (-7168 6144 3584 ) (-7168 6144 -32 ) 
4 76 78 (-7168 7168 32 ) (-7168 7168 -32 ) (-7168 6144 -32 ) (-7168 6144 32 ) 
4 76 77 (-7168 7168 3584 ) (-7168 7168 32 ) (-7168 6144 32 ) (-7168 6144 3584 ) 
4 77 114 (-8192 6144 32 ) (-8192 6144 3584 ) (-8192 7168 3584 ) (-8192 7168 32 ) 
4 77 82 (-7168 6144 32 ) (-7168 6144 3584 ) (-8192 6144 3584 ) (-8192 6144 32 ) 
4 77 78 (-7168 6144 32 ) (-8128 6144 32 ) (-8128 7168 32 ) (-7168 7168 32 ) 
4 78 83 (-7168 6144 -32 ) (-7168 6144 32 ) (-8128 6144 32 ) (-8128 6144 -32 ) 
4 79 81 (-6144 6144 3584 ) (-6144 6144 -32 ) (-6144 5120 -32 ) (-6144 5120 3584 ) 
4 79 80 (-5120 5120 -32 ) (-5120 5120 3584 ) (-6144 5120 3584 ) (-6144 5120 -32 ) 
4 80 270 (-6016 4096 32 ) (-6144 4096 32 ) (-6144 4096 -32 ) (-6016 4096 -32 ) 
4 80 269 (-5120 4096 -32 ) (-5120 4096 32 ) (-6016 4096 32 ) (-6016 4096 -32 ) 
4 80 268 (-5120 4096 32 ) (-5120 4096 3584 ) (-6144 4096 3584 ) (-6144 4096 32 ) 
4 80 85 (-6144 4096 -32 ) (-6144 4096 3584 ) (-6144 5120 3584 ) (-6144 5120 -32 ) 
4 81 85 (-6144 5120 -32 ) (-6144 5120 3584 ) (-7168 5120 3584 ) (-7168 5120 -32 ) 
4 81 83 (-7168 6144 32 ) (-7168 6144 -32 ) (-7168 5120 -32 ) (-7168 5120 32 ) 
4 81 82 (-7168 6144 3584 ) (-7168 6144 32 ) (-7168 5120 32 ) (-7168 5120 3584 ) 
4 82 155 (-8192 5120 32 ) (-8192 5120 208 ) (-8192 6104 208 ) (-8192 6104 32 ) 
4 82 152 (-8192 6104 208 ) (-8192 6112 208 ) (-8192 6112 32 ) (-8192 6104 32 ) 
4 82 150 (-8192 6112 208 ) (-8192 6144 208 ) (-8192 6144 32 ) (-8192 6112 32 ) 
4 82 147 (-8192 5120 208 ) (-8192 5120 288 ) (-8192 6112 288 ) (-8192 6112 208 ) 
4 82 145 (-8192 6112 288 ) (-8192 6144 288 ) (-8192 6144 208 ) (-8192 6112 208 ) 
4 82 143 (-8192 5120 288 ) (-8192 5120 448 ) (-8192 6112 448 ) (-8192 6112 288 ) 
4 82 141 (-8192 6112 448 ) (-8192 6144 448 ) (-8192 6144 288 ) (-8192 6112 288 ) 
4 82 139 (-8192 5120 448 ) (-8192 5120 3584 ) (-8192 6144 3584 ) (-8192 6144 448 ) 
4 82 86 (-7168 5120 32 ) (-7168 5120 3584 ) (-8192 5120 3584 ) (-8192 5120 32 ) 
4 82 84 (-8128 5120 32 ) (-8192 5120 32 ) (-8192 5336 32 ) (-8128 5336 32 ) 
4 82 83 (-7168 5120 32 ) (-8128 5120 32 ) (-8128 6144 32 ) (-7168 6144 32 ) 
4 83 86 (-7168 5120 -32 ) (-7168 5120 32 ) (-8128 5120 32 ) (-8128 5120 -32 ) 
4 83 84 (-8128 5336 -32 ) (-8128 5120 -32 ) (-8128 5120 32 ) (-8128 5336 32 ) 
4 84 162 (-8192 5120 -32 ) (-8192 5120 32 ) (-8192 5336 32 ) (-8192 5336 -32 ) 
4 84 86 (-8128 5120 32 ) (-8192 5120 32 ) (-8192 5120 -32 ) (-8128 5120 -32 ) 
4 85 275 (-6144 4096 -32 ) (-6144 4096 32 ) (-7168 4096 32 ) (-7168 4096 -32 ) 
4 85 274 (-6144 4096 32 ) (-6144 4096 3584 ) (-7168 4096 3584 ) (-7168 4096 32 ) 
4 85 86 (-7168 5120 3584 ) (-7168 5120 -32 ) (-7168 4096 -32 ) (-7168 4096 3584 ) 
4 86 277 (-7168 4096 -32 ) (-7168 4096 32 ) (-7424 4096 32 ) (-7424 4096 -32 ) 
4 86 278 (-7424 4096 32 ) (-8192 4096 32 ) (-8192 4096 -32 ) (-7424 4096 -32 ) 
4 86 276 (-7168 4096 32 ) (-7168 4096 3584 ) (-8192 4096 3584 ) (-8192 4096 32 ) 
4 86 171 (-8192 4096 -32 ) (-8192 4096 3584 ) (-8192 5120 3584 ) (-8192 5120 -32 ) 
4 87 89 (-8192 9216 -32 ) (-8192 9216 3584 ) (-9216 9216 3584 ) (-9216 9216 -32 ) 
4 87 88 (-9216 9216 -32 ) (-9216 9216 3584 ) (-9216 9632 3584 ) (-9216 9632 -32 ) 
4 88 91 (-10240 9216 -32 ) (-10240 9216 3584 ) (-10240 9632 3584 ) (-10240 9632 -32 ) 
4 88 90 (-10240 9216 3584 ) (-10240 9216 -32 ) (-9216 9216 -32 ) (-9216 9216 3584 ) 
4 89 110 (-8192 8192 -32 ) (-8192 8192 32 ) (-9216 8192 32 ) (-9216 8192 -32 ) 
4 89 109 (-8192 8192 32 ) (-8192 8192 3584 ) (-9216 8192 3584 ) (-9216 8192 32 ) 
4 89 90 (-9216 9216 3584 ) (-9216 9216 -32 ) (-9216 8192 -32 ) (-9216 8192 3584 ) 
4 90 112 (-9216 8192 -32 ) (-9216 8192 32 ) (-9856 8192 32 ) (-9856 8192 -32 ) 
4 90 113 (-9856 8192 32 ) (-10240 8192 32 ) (-10240 8192 -32 ) (-9856 8192 -32 ) 
4 90 111 (-9216 8192 32 ) (-9216 8192 3584 ) (-10240 8192 3584 ) (-10240 8192 32 ) 
4 90 101 (-10240 8192 -32 ) (-10240 8192 256 ) (-10240 9216 256 ) (-10240 9216 -32 ) 
4 90 99 (-10240 8192 256 ) (-10240 8192 288 ) (-10240 9216 288 ) (-10240 9216 256 ) 
4 90 95 (-10240 8192 288 ) (-10240 8192 480 ) (-10240 9216 480 ) (-10240 9216 288 ) 
4 90 92 (-10240 8192 480 ) (-10240 8192 3584 ) (-10240 9216 3584 ) (-10240 9216 480 ) 
4 91 102 (-11264 9216 -32 ) (-11264 9216 3584 ) (-11264 9632 3584 ) (-11264 9632 -32 ) 
4 91 101 (-10240 9216 -32 ) (-10240 9216 256 ) (-11264 9216 256 ) (-11264 9216 -32 ) 
4 91 100 (-10864 9216 288 ) (-11264 9216 288 ) (-11264 9216 256 ) (-10864 9216 256 ) 
4 91 99 (-10240 9216 256 ) (-10240 9216 288 ) (-10864 9216 288 ) (-10864 9216 256 ) 
4 91 97 (-10880 9216 480 ) (-11264 9216 480 ) (-11264 9216 288 ) (-10880 9216 288 ) 
4 91 96 (-10864 9216 480 ) (-10880 9216 480 ) (-10880 9216 288 ) (-10864 9216 288 ) 
4 91 95 (-10240 9216 288 ) (-10240 9216 480 ) (-10864 9216 480 ) (-10864 9216 288 ) 
4 91 93 (-10864 9216 3584 ) (-11264 9216 3584 ) (-11264 9216 480 ) (-10864 9216 480 ) 
4 91 92 (-10240 9216 480 ) (-10240 9216 3584 ) (-10864 9216 3584 ) (-10864 9216 480 ) 
4 92 177 (-10240 8192 480 ) (-10240 8192 496 ) (-10864 8192 496 ) (-10864 8192 480 ) 
4 92 174 (-10704 8192 3584 ) (-10864 8192 3584 ) (-10864 8192 496 ) (-10704 8192 496 ) 
4 92 173 (-10240 8192 496 ) (-10240 8192 3584 ) (-10704 8192 3584 ) (-10704 8192 496 ) 
4 92 95 (-10240 9216 480 ) (-10240 8192 480 ) (-10864 8192 480 ) (-10864 9216 480 ) 
4 92 94 (-10864 8192 496 ) (-10864 8192 3584 ) (-10864 8624 3584 ) (-10864 8624 496 ) 
4 92 93 (-10864 9216 480 ) (-10864 8624 480 ) (-10864 8624 3584 ) (-10864 9216 3584 ) 
4 93 103 (-11264 8624 3584 ) (-11264 9216 3584 ) (-11264 9216 480 ) (-11264 8624 480 ) 
4 93 97 (-11264 8624 480 ) (-11264 9216 480 ) (-10880 9216 480 ) (-10880 8624 480 ) 
4 93 96 (-10880 9216 480 ) (-10864 9216 480 ) (-10864 8624 480 ) (-10880 8624 480 ) 
4 93 94 (-10864 8624 496 ) (-10864 8624 3584 ) (-11264 8624 3584 ) (-11264 8624 496 ) 
4 94 174 (-10864 8192 3584 ) (-11264 8192 3584 ) (-11264 8192 496 ) (-10864 8192 496 ) 
4 94 104 (-11264 8192 496 ) (-11264 8192 3584 ) (-11264 8624 3584 ) (-11264 8624 496 ) 
4 95 181 (-10704 8192 480 ) (-10864 8192 480 ) (-10864 8192 288 ) (-10704 8192 288 ) 
4 95 180 (-10240 8192 288 ) (-10240 8192 480 ) (-10704 8192 480 ) (-10704 8192 288 ) 
4 95 99 (-10240 8192 288 ) (-10864 8192 288 ) (-10864 9216 288 ) (-10240 9216 288 ) 
4 95 96 (-10864 9216 288 ) (-10864 8608 288 ) (-10864 8608 480 ) (-10864 9216 480 ) 
4 96 100 (-10880 8608 288 ) (-10880 9216 288 ) (-10864 9216 288 ) (-10864 8608 288 ) 
4 96 97 (-10880 9216 288 ) (-10880 8624 288 ) (-10880 8624 480 ) (-10880 9216 480 ) 
4 97 105 (-11264 8624 480 ) (-11264 9216 480 ) (-11264 9216 288 ) (-11264 8624 288 ) 
4 97 100 (-11264 8624 288 ) (-11264 9216 288 ) (-10880 9216 288 ) (-10880 8624 288 ) 
4 98 182 (-10880 8192 480 ) (-11264 8192 480 ) (-11264 8192 288 ) (-10880 8192 288 ) 
4 98 106 (-11264 8192 288 ) (-11264 8192 480 ) (-11264 8448 480 ) (-11264 8448 288 ) 
4 99 202 (-10704 8192 288 ) (-10864 8192 288 ) (-10864 8192 256 ) (-10704 8192 256 ) 
4 99 196 (-10688 8192 288 ) (-10704 8192 288 ) (-10704 8192 256 ) (-10688 8192 256 ) 
4 99 195 (-10240 8192 256 ) (-10240 8192 288 ) (-10688 8192 288 ) (-10688 8192 256 ) 
4 99 101 (-10240 9216 256 ) (-10240 8192 256 ) (-10864 8192 256 ) (-10864 9216 256 ) 
4 99 100 (-10864 9216 256 ) (-10864 8608 256 ) (-10864 8608 288 ) (-10864 9216 288 ) 
4 100 107 (-11264 8608 288 ) (-11264 9216 288 ) (-11264 9216 256 ) (-11264 8608 256 ) 
4 100 101 (-11264 8608 256 ) (-11264 9216 256 ) (-10864 9216 256 ) (-10864 8608 256 ) 
4 101 204 (-10240 8192 -32 ) (-10240 8192 256 ) (-11264 8192 256 ) (-11264 8192 -32 ) 
4 101 108 (-11264 8192 -32 ) (-11264 8192 256 ) (-11264 8608 256 ) (-11264 8608 -32 ) 
4 101 107 (-11264 8608 256 ) (-11264 9216 256 ) (-11264 9216 -32 ) (-11264 8608 -32 ) 
4 102 107 (-11264 9216 -32 ) (-11264 9216 288 ) (-11392 9216 288 ) (-11392 9216 -32 ) 
4 102 105 (-11264 9216 288 ) (-11264 9216 480 ) (-11392 9216 480 ) (-11392 9216 288 ) 
4 102 103 (-11264 9216 480 ) (-11264 9216 3584 ) (-11392 9216 3584 ) (-11392 9216 480 ) 
4 103 105 (-11392 8624 480 ) (-11392 9216 480 ) (-11264 9216 480 ) (-11264 8624 480 ) 
4 103 104 (-11264 8624 496 ) (-11264 8624 3584 ) (-11392 8624 3584 ) (-11392 8624 496 ) 
4 104 207 (-11264 8192 496 ) (-11264 8192 704 ) (-11392 8192 704 ) (-11392 8192 496 ) 
4 104 206 (-11264 8192 704 ) (-11264 8192 3584 ) (-11392 8192 3584 ) (-11392 8192 704 ) 
4 105 107 (-11392 8624 288 ) (-11392 9216 288 ) (-11264 9216 288 ) (-11264 8624 288 ) 
4 106 210 (-11264 8192 288 ) (-11264 8192 480 ) (-11376 8192 480 ) (-11376 8192 288 ) 
4 107 108 (-11392 8608 -32 ) (-11264 8608 -32 ) (-11264 8608 256 ) (-11392 8608 256 ) 
4 108 216 (-11264 8192 -32 ) (-11264 8192 256 ) (-11392 8192 256 ) (-11392 8192 -32 ) 
4 109 116 (-9216 7168 448 ) (-9216 7168 32 ) (-8320 7168 32 ) (-8320 7168 448 ) 
4 109 115 (-8320 7168 3584 ) (-9216 7168 3584 ) (-9216 7168 448 ) (-8320 7168 448 ) 
4 109 114 (-8192 7168 32 ) (-8192 7168 3584 ) (-8320 7168 3584 ) (-8320 7168 32 ) 
4 109 111 (-9216 7168 32 ) (-9216 7168 3584 ) (-9216 8192 3584 ) (-9216 8192 32 ) 
4 109 110 (-9216 8096 32 ) (-9216 8192 32 ) (-8192 8192 32 ) (-8192 8096 32 ) 
4 110 112 (-9216 8096 32 ) (-9216 8192 32 ) (-9216 8192 -32 ) (-9216 8096 -32 ) 
4 111 204 (-10240 8192 256 ) (-10240 8192 32 ) (-10240 7168 32 ) (-10240 7168 256 ) 
4 111 195 (-10240 8192 288 ) (-10240 8192 256 ) (-10240 7168 256 ) (-10240 7168 288 ) 
4 111 190 (-10240 7632 288 ) (-10240 7168 288 ) (-10240 7168 480 ) (-10240 7632 480 ) 
4 111 188 (-10240 7648 288 ) (-10240 7632 288 ) (-10240 7632 480 ) (-10240 7648 480 ) 
4 111 180 (-10240 8192 480 ) (-10240 8192 288 ) (-10240 7648 288 ) (-10240 7648 480 ) 
4 111 178 (-10240 8112 480 ) (-10240 7168 480 ) (-10240 7168 496 ) (-10240 8112 496 ) 
4 111 177 (-10240 8192 496 ) (-10240 8192 480 ) (-10240 8112 480 ) (-10240 8112 496 ) 
4 111 173 (-10240 8192 3584 ) (-10240 8192 496 ) (-10240 7168 496 ) (-10240 7168 3584 ) 
4 111 137 (-10240 7168 3584 ) (-10240 7168 32 ) (-9344 7168 32 ) (-9344 7168 3584 ) 
4 111 134 (-9344 7168 32 ) (-9216 7168 32 ) (-9216 7168 448 ) (-9344 7168 448 ) 
4 111 132 (-9216 7168 448 ) (-9216 7168 3584 ) (-9344 7168 3584 ) (-9344 7168 448 ) 
4 111 112 (-9856 8096 32 ) (-9856 8192 32 ) (-9216 8192 32 ) (-9216 8096 32 ) 
4 111 113 (-9856 7168 32 ) (-10240 7168 32 ) (-10240 8192 32 ) (-9856 8192 32 ) 
4 112 113 (-9856 8192 -32 ) (-9856 8096 -32 ) (-9856 8096 32 ) (-9856 8192 32 ) 
4 113 204 (-10240 8192 32 ) (-10240 8192 -32 ) (-10240 7168 -32 ) (-10240 7168 32 ) 
4 113 138 (-10240 7168 32 ) (-10240 7168 -32 ) (-9856 7168 -32 ) (-9856 7168 32 ) 
4 114 150 (-8192 6144 32 ) (-8192 6144 208 ) (-8320 6144 208 ) (-8320 6144 32 ) 
4 114 145 (-8192 6144 208 ) (-8192 6144 288 ) (-8320 6144 288 ) (-8320 6144 208 ) 
4 114 141 (-8192 6144 288 ) (-8192 6144 448 ) (-8320 6144 448 ) (-8320 6144 288 ) 
4 114 139 (-8192 6144 448 ) (-8192 6144 3584 ) (-8320 6144 3584 ) (-8320 6144 448 ) 
4 114 128 (-8320 6272 172 ) (-8320 6272 32 ) (-8320 6256 32 ) (-8320 6256 172 ) 
4 114 127 (-8320 6376 172 ) (-8320 6376 32 ) (-8320 6272 32 ) (-8320 6272 172 ) 
4 114 126 (-8320 6376 388 ) (-8320 6376 316 ) (-8320 6272 316 ) (-8320 6272 388 ) 
4 114 125 (-8320 6400 172 ) (-8320 6400 32 ) (-8320 6376 32 ) (-8320 6376 172 ) 
4 114 124 (-8320 6528 388 ) (-8320 6528 316 ) (-8320 6424 316 ) (-8320 6424 388 ) 
3 114 123 (-8320 6144 459.228119 ) (-8320 6144 564.772034 ) (-8320 6332 512 ) 
4 114 122 (-8320 6144 564.772034 ) (-8320 6144 3584 ) (-8320 6552 3584 ) (-8320 6552 450.245605 ) 
4 114 116 (-8320 7168 448 ) (-8320 7168 32 ) (-8320 6560 32 ) (-8320 6560 448 ) 
5 114 115 (-8320 6552 3584 ) (-8320 7168 3584 ) (-8320 7168 448 ) (-8320 6560 448 ) (-8320 6552 450.245667 ) 
5 115 132 (-9216 7168 3584 ) (-9216 7168 448 ) (-9216 6560 448 ) (-9216 6552 450.245667 ) (-9216 6552 3584 ) 
4 115 129 (-9216 6552 3584 ) (-9216 6552 450.245605 ) (-8328 6552 450.245667 ) (-8328 6552 3584 ) 
4 115 122 (-8328 6552 450.245667 ) (-8320 6552 450.245667 ) (-8320 6552 3584 ) (-8328 6552 3584 ) 
4 115 116 (-9216 6560 448 ) (-9216 7168 448 ) (-8320 7168 448 ) (-8320 6560 448 ) 
4 116 134 (-9216 7168 448 ) (-9216 7168 32 ) (-9216 6560 32 ) (-9216 6560 448 ) 
4 116 121 (-9008 6560 316 ) (-9008 6560 388 ) (-9112 6560 388 ) (-9112 6560 316 ) 
4 116 120 (-8744 6560 32 ) (-8672 6560 32 ) (-8672 6560 192 ) (-8744 6560 192 ) 
4 116 119 (-8672 6560 32 ) (-8568 6560 32 ) (-8568 6560 192 ) (-8672 6560 192 ) 
4 116 118 (-8568 6560 316 ) (-8568 6560 388 ) (-8672 6560 388 ) (-8672 6560 316 ) 
4 116 117 (-8568 6560 32 ) (-8488 6560 32 ) (-8488 6560 192 ) (-8568 6560 192 ) 
4 117 131 (-8568 6552 32 ) (-8488 6552 32 ) (-8488 6552 192 ) (-8568 6552 192 ) 
4 117 119 (-8568 6560 192 ) (-8568 6560 32 ) (-8568 6552 32 ) (-8568 6552 192 ) 
4 118 131 (-8568 6552 316 ) (-8568 6552 388 ) (-8672 6552 388 ) (-8672 6552 316 ) 
4 119 131 (-8672 6552 32 ) (-8568 6552 32 ) (-8568 6552 192 ) (-8672 6552 192 ) 
4 119 120 (-8672 6560 192 ) (-8672 6560 32 ) (-8672 6552 32 ) (-8672 6552 192 ) 
4 120 131 (-8744 6552 32 ) (-8672 6552 32 ) (-8672 6552 192 ) (-8744 6552 192 ) 
4 121 131 (-9008 6552 316 ) (-9008 6552 388 ) (-9112 6552 388 ) (-9112 6552 316 ) 
4 122 140 (-8320 6144 564.772034 ) (-8320 6144 3584 ) (-8328 6144 3584 ) (-8328 6144 564.771973 ) 
4 122 129 (-8328 6552 3584 ) (-8328 6552 450.245605 ) (-8328 6144 564.772034 ) (-8328 6144 3584 ) 
4 122 123 (-8328 6144 564.772705 ) (-8328 6332 512 ) (-8320 6332 512 ) (-8320 6144 564.772644 ) 
4 123 140 (-8320 6144 459.228119 ) (-8320 6144 564.772034 ) (-8328 6144 564.771973 ) (-8328 6144 459.228119 ) 
3 123 130 (-8328 6144 459.228119 ) (-8328 6144 564.772034 ) (-8328 6332 512 ) 
4 124 131 (-8328 6424 316 ) (-8328 6424 388 ) (-8328 6528 388 ) (-8328 6528 316 ) 
4 125 131 (-8328 6400 32 ) (-8328 6376 32 ) (-8328 6376 172 ) (-8328 6400 172 ) 
4 125 127 (-8328 6376 32 ) (-8320 6376 32 ) (-8320 6376 172 ) (-8328 6376 172 ) 
4 126 131 (-8328 6272 316 ) (-8328 6272 388 ) (-8328 6376 388 ) (-8328 6376 316 ) 
4 127 131 (-8328 6376 32 ) (-8328 6272 32 ) (-8328 6272 172 ) (-8328 6376 172 ) 
4 127 128 (-8328 6272 32 ) (-8320 6272 32 ) (-8320 6272 172 ) (-8328 6272 172 ) 
4 128 131 (-8328 6272 32 ) (-8328 6256 32 ) (-8328 6256 172 ) (-8328 6272 172 ) 
4 129 140 (-8328 6144 564.772034 ) (-8328 6144 3584 ) (-9216 6144 3584 ) (-9216 6144 564.771973 ) 
4 129 132 (-9216 6144 564.772034 ) (-9216 6144 3584 ) (-9216 6552 3584 ) (-9216 6552 450.245605 ) 
4 129 130 (-9216 6144 564.772705 ) (-9216 6332.001465 512 ) (-8328 6332.001465 512 ) (-8328 6144 564.772766 ) 
4 130 140 (-8328 6144 459.228119 ) (-8328 6144 564.772034 ) (-9216 6144 564.771973 ) (-9216 6144 459.228119 ) 
3 130 133 (-9216 6144 459.228119 ) (-9216 6144 564.772034 ) (-9216 6332 512 ) 
4 131 151 (-8328 6144 32 ) (-8328 6144 208 ) (-9216 6144 208 ) (-9216 6144 32 ) 
4 131 146 (-8328 6144 208 ) (-8328 6144 288 ) (-9216 6144 288 ) (-9216 6144 208 ) 
4 131 142 (-8328 6144 288 ) (-8328 6144 448 ) (-9216 6144 448 ) (-9216 6144 288 ) 
4 131 135 (-9216 6144 32 ) (-9216 6144 448 ) (-9216 6552 448 ) (-9216 6552 32 ) 
4 132 163 (-9216 6144 564.772034 ) (-9216 6144 3584 ) (-9344 6144 3584 ) (-9344 6144 564.771973 ) 
5 132 137 (-9344 6144 564.772034 ) (-9344 6144 3584 ) (-9344 7168 3584 ) (-9344 7168 448 ) (-9344 6560 448 ) 
4 132 134 (-9344 6560 448 ) (-9344 7168 448 ) (-9216 7168 448 ) (-9216 6560 448 ) 
4 132 133 (-9216 6144 564.772705 ) (-9344 6144 564.772705 ) (-9344 6332.001465 512 ) (-9216 6332.001465 512 ) 
4 133 163 (-9216 6144 459.228119 ) (-9216 6144 564.772034 ) (-9344 6144 564.771973 ) (-9344 6144 459.228119 ) 
3 133 137 (-9344 6144 459.228119 ) (-9344 6144 564.772034 ) (-9344 6332 512 ) 
4 134 137 (-9344 6560 32 ) (-9344 6560 448 ) (-9344 7168 448 ) (-9344 7168 32 ) 
4 135 165 (-9216 6144 32 ) (-9216 6144 288 ) (-9336 6144 288 ) (-9336 6144 32 ) 
4 135 164 (-9216 6144 288 ) (-9216 6144 448 ) (-9336 6144 448 ) (-9336 6144 288 ) 
4 135 136 (-9336 6536 416 ) (-9336 6536 288 ) (-9336 6400 288 ) (-9336 6400 416 ) 
4 136 137 (-9344 6536 416 ) (-9344 6536 288 ) (-9344 6400 288 ) (-9344 6400 416 ) 
4 137 205 (-10240 6144 32 ) (-10240 6144 3584 ) (-10240 7168 3584 ) (-10240 7168 32 ) 
4 137 168 (-9344 6144 32 ) (-9344 6144 3584 ) (-10240 6144 3584 ) (-10240 6144 32 ) 
4 137 138 (-10240 6144 32 ) (-10240 7168 32 ) (-9856 7168 32 ) (-9856 6144 32 ) 
4 138 205 (-10240 6144 -32 ) (-10240 6144 32 ) (-10240 7168 32 ) (-10240 7168 -32 ) 
4 138 170 (-9856 6144 32 ) (-10240 6144 32 ) (-10240 6144 -32 ) (-9856 6144 -32 ) 
4 139 171 (-8192 5120 448 ) (-8192 5120 3584 ) (-8320 5120 3584 ) (-8320 5120 448 ) 
4 139 143 (-8192 6112 448 ) (-8192 5120 448 ) (-8320 5120 448 ) (-8320 6112 448 ) 
4 139 141 (-8320 6144 448 ) (-8192 6144 448 ) (-8192 6112 448 ) (-8320 6112 448 ) 
5 139 140 (-8320 6104 448 ) (-8320 5120 448 ) (-8320 5120 3584 ) (-8320 6144 3584 ) (-8320 6144 459.228027 ) 
4 140 171 (-8320 5120 3584 ) (-9216 5120 3584 ) (-9216 5120 448 ) (-8320 5120 448 ) 
5 140 166 (-9216 5120 448 ) (-9216 5120 3584 ) (-9216 6112 3584 ) (-9216 6112 450.245605 ) (-9216 6104 448 ) 
4 140 163 (-9216 6112 3584 ) (-9216 6144 3584 ) (-9216 6144 459.228027 ) (-9216 6112 450.245605 ) 
4 140 144 (-9216 5120 448 ) (-9216 6104 448 ) (-8320 6104 448 ) (-8320 5120 448 ) 
4 141 145 (-8320 6144 288 ) (-8192 6144 288 ) (-8192 6112 288 ) (-8320 6112 288 ) 
4 141 143 (-8320 6112 288 ) (-8192 6112 288 ) (-8192 6112 448 ) (-8320 6112 448 ) 
4 142 164 (-9216 6112 448 ) (-9216 6144 448 ) (-9216 6144 288 ) (-9216 6112 288 ) 
4 142 146 (-9216 6112 288 ) (-9216 6144 288 ) (-8328 6144 288 ) (-8328 6112 288 ) 
4 143 171 (-8192 5120 288 ) (-8192 5120 448 ) (-8320 5120 448 ) (-8320 5120 288 ) 
4 143 147 (-8192 5120 288 ) (-8320 5120 288 ) (-8320 6112 288 ) (-8192 6112 288 ) 
4 143 144 (-8320 6104 288 ) (-8320 5120 288 ) (-8320 5120 448 ) (-8320 6104 448 ) 
4 144 171 (-8320 5120 448 ) (-9216 5120 448 ) (-9216 5120 288 ) (-8320 5120 288 ) 
4 144 167 (-9216 5120 288 ) (-9216 5120 448 ) (-9216 6104 448 ) (-9216 6104 288 ) 
4 144 149 (-8832 5120 288 ) (-9216 5120 288 ) (-9216 6104 288 ) (-8832 6104 288 ) 
4 144 148 (-8320 5120 288 ) (-8832 5120 288 ) (-8832 5336 288 ) (-8320 5336 288 ) 
4 145 150 (-8320 6144 208 ) (-8192 6144 208 ) (-8192 6112 208 ) (-8320 6112 208 ) 
4 145 147 (-8320 6112 208 ) (-8192 6112 208 ) (-8192 6112 288 ) (-8320 6112 288 ) 
4 146 165 (-9216 6112 288 ) (-9216 6144 288 ) (-9216 6144 208 ) (-9216 6112 208 ) 
4 146 151 (-9216 6112 208 ) (-9216 6144 208 ) (-8328 6144 208 ) (-8328 6112 208 ) 
4 147 171 (-8192 5120 208 ) (-8192 5120 288 ) (-8320 5120 288 ) (-8320 5120 208 ) 
4 147 155 (-8192 6104 208 ) (-8192 5120 208 ) (-8320 5120 208 ) (-8320 6104 208 ) 
4 147 152 (-8320 6112 208 ) (-8192 6112 208 ) (-8192 6104 208 ) (-8320 6104 208 ) 
4 147 148 (-8320 5336 208 ) (-8320 5120 208 ) (-8320 5120 288 ) (-8320 5336 288 ) 
4 148 171 (-8320 5120 288 ) (-8832 5120 288 ) (-8832 5120 208 ) (-8320 5120 208 ) 
4 148 159 (-8320 5336 208 ) (-8320 5120 208 ) (-8832 5120 208 ) (-8832 5336 208 ) 
4 148 149 (-8832 5336 208 ) (-8832 5120 208 ) (-8832 5120 288 ) (-8832 5336 288 ) 
4 149 171 (-8832 5120 288 ) (-9216 5120 288 ) (-9216 5120 208 ) (-8832 5120 208 ) 
4 149 167 (-9216 5120 208 ) (-9216 5120 288 ) (-9216 6104 288 ) (-9216 6104 208 ) 
4 149 160 (-9216 5120 208 ) (-9216 5344 208 ) (-8832 5344 208 ) (-8832 5120 208 ) 
4 149 158 (-9216 5344 208 ) (-9216 6104 208 ) (-8832 6104 208 ) (-8832 5344 208 ) 
4 150 152 (-8320 6112 32 ) (-8192 6112 32 ) (-8192 6112 208 ) (-8320 6112 208 ) 
4 151 165 (-9216 6112 208 ) (-9216 6144 208 ) (-9216 6144 32 ) (-9216 6112 32 ) 
4 151 154 (-9192 6112 32 ) (-8936 6112 32 ) (-8936 6112 192 ) (-9192 6112 192 ) 
4 151 153 (-8672 6112 32 ) (-8480 6112 32 ) (-8480 6112 160 ) (-8672 6112 160 ) 
4 152 155 (-8320 6104 32 ) (-8192 6104 32 ) (-8192 6104 208 ) (-8320 6104 208 ) 
4 153 157 (-8672 6104 32 ) (-8480 6104 32 ) (-8480 6104 160 ) (-8672 6104 160 ) 
4 154 158 (-9192 6104 32 ) (-8936 6104 32 ) (-8936 6104 192 ) (-9192 6104 192 ) 
4 155 171 (-8192 5120 32 ) (-8192 5120 208 ) (-8320 5120 208 ) (-8320 5120 32 ) 
4 155 162 (-8192 5120 32 ) (-8320 5120 32 ) (-8320 5336 32 ) (-8192 5336 32 ) 
4 155 159 (-8320 5336 32 ) (-8320 5120 32 ) (-8320 5120 208 ) (-8320 5336 208 ) 
4 155 156 (-8320 5820 32 ) (-8320 5628 32 ) (-8320 5628 160 ) (-8320 5820 160 ) 
4 156 157 (-8328 5820 32 ) (-8328 5628 32 ) (-8328 5628 160 ) (-8328 5820 160 ) 
4 158 167 (-9216 5344 208 ) (-9216 6104 208 ) (-9216 6104 32 ) (-9216 5344 32 ) 
4 158 161 (-9216 5344 32 ) (-9216 6104 32 ) (-8832 6104 32 ) (-8832 5344 32 ) 
4 158 160 (-9216 5344 32 ) (-8832 5344 32 ) (-8832 5344 208 ) (-9216 5344 208 ) 
4 159 171 (-8320 5120 208 ) (-8832 5120 208 ) (-8832 5120 32 ) (-8320 5120 32 ) 
4 159 162 (-8320 5120 32 ) (-8832 5120 32 ) (-8832 5336 32 ) (-8320 5336 32 ) 
4 159 160 (-8832 5336 32 ) (-8832 5120 32 ) (-8832 5120 208 ) (-8832 5336 208 ) 
4 160 171 (-8832 5120 208 ) (-9216 5120 208 ) (-9216 5120 32 ) (-8832 5120 32 ) 
4 160 167 (-9216 5120 32 ) (-9216 5120 208 ) (-9216 5344 208 ) (-9216 5344 32 ) 
4 160 161 (-9216 5336 32 ) (-9216 5344 32 ) (-8832 5344 32 ) (-8832 5336 32 ) 
4 160 162 (-8832 5120 32 ) (-9216 5120 32 ) (-9216 5336 32 ) (-8832 5336 32 ) 
4 161 167 (-9216 5336 32 ) (-9216 6104 32 ) (-9216 6104 -32 ) (-9216 5336 -32 ) 
4 161 162 (-9216 5336 -32 ) (-8832 5336 -32 ) (-8832 5336 32 ) (-9216 5336 32 ) 
4 162 171 (-8192 5120 -32 ) (-8192 5120 32 ) (-9216 5120 32 ) (-9216 5120 -32 ) 
4 162 167 (-9216 5120 -32 ) (-9216 5120 32 ) (-9216 5336 32 ) (-9216 5336 -32 ) 
4 163 168 (-9344 6144 3584 ) (-9344 6144 459.228027 ) (-9344 6112 450.245667 ) (-9344 6112 3584 ) 
4 163 166 (-9344 6112 3584 ) (-9344 6112 450.245605 ) (-9216 6112 450.245667 ) (-9216 6112 3584 ) 
4 164 165 (-9216 6112 288 ) (-9336 6112 288 ) (-9336 6144 288 ) (-9216 6144 288 ) 
4 166 172 (-9216 5120 448 ) (-9216 5120 3584 ) (-9344 5120 3584 ) (-9344 5120 448 ) 
5 166 168 (-9344 5120 448 ) (-9344 5120 3584 ) (-9344 6112 3584 ) (-9344 6112 450.245605 ) (-9344 6104 448 ) 
4 166 167 (-9344 5120 448 ) (-9344 6104 448 ) (-9216 6104 448 ) (-9216 5120 448 ) 
4 167 172 (-9216 5120 -32 ) (-9216 5120 448 ) (-9344 5120 448 ) (-9344 5120 -32 ) 
4 167 169 (-9344 5120 -32 ) (-9344 5120 32 ) (-9344 6104 32 ) (-9344 6104 -32 ) 
4 167 168 (-9344 5120 32 ) (-9344 5120 448 ) (-9344 6104 448 ) (-9344 6104 32 ) 
4 168 218 (-10240 5120 32 ) (-10240 5120 3584 ) (-10240 6144 3584 ) (-10240 6144 32 ) 
4 168 172 (-10240 5120 3584 ) (-10240 5120 32 ) (-9344 5120 32 ) (-9344 5120 3584 ) 
4 168 169 (-9344 6104 32 ) (-9344 5120 32 ) (-9856 5120 32 ) (-9856 6104 32 ) 
4 168 170 (-10240 6144 32 ) (-9856 6144 32 ) (-9856 5120 32 ) (-10240 5120 32 ) 
4 169 172 (-9856 5120 -32 ) (-9344 5120 -32 ) (-9344 5120 32 ) (-9856 5120 32 ) 
4 169 170 (-9856 6104 -32 ) (-9856 5120 -32 ) (-9856 5120 32 ) (-9856 6104 32 ) 
4 170 218 (-10240 5120 -32 ) (-10240 5120 32 ) (-10240 6144 32 ) (-10240 6144 -32 ) 
4 170 172 (-10240 5120 32 ) (-10240 5120 -32 ) (-9856 5120 -32 ) (-9856 5120 32 ) 
4 171 315 (-8192 4096 -32 ) (-8192 4096 3584 ) (-9216 4096 3584 ) (-9216 4096 -32 ) 
4 171 172 (-9216 5120 3584 ) (-9216 5120 -32 ) (-9216 4096 -32 ) (-9216 4096 3584 ) 
4 172 316 (-9216 4096 -32 ) (-9216 4096 3584 ) (-10240 4096 3584 ) (-10240 4096 -32 ) 
4 172 219 (-10240 4096 -32 ) (-10240 4096 3584 ) (-10240 5120 3584 ) (-10240 5120 -32 ) 
4 173 205 (-10240 7168 496 ) (-10240 7168 3584 ) (-10704 7168 3584 ) (-10704 7168 496 ) 
4 173 178 (-10240 8112 496 ) (-10240 7168 496 ) (-10704 7168 496 ) (-10704 8112 496 ) 
4 173 177 (-10704 8192 496 ) (-10240 8192 496 ) (-10240 8112 496 ) (-10704 8112 496 ) 
4 173 175 (-10704 7216 704 ) (-10704 7216 3584 ) (-10704 8112 3584 ) (-10704 8112 704 ) 
4 173 174 (-10704 8192 496 ) (-10704 8112 496 ) (-10704 8112 3584 ) (-10704 8192 3584 ) 
4 173 176 (-10704 7216 496 ) (-10704 7168 496 ) (-10704 7168 3584 ) (-10704 7216 3584 ) 
4 174 207 (-11264 8192 704 ) (-11264 8192 496 ) (-11264 8112 496 ) (-11264 8112 704 ) 
4 174 206 (-11264 8192 3584 ) (-11264 8192 704 ) (-11264 8112 704 ) (-11264 8112 3584 ) 
4 174 177 (-10864 8192 496 ) (-10704 8192 496 ) (-10704 8112 496 ) (-10864 8112 496 ) 
4 174 175 (-10704 8112 704 ) (-10704 8112 3584 ) (-11264 8112 3584 ) (-11264 8112 704 ) 
4 175 206 (-11264 7216 704 ) (-11264 7216 3584 ) (-11264 8112 3584 ) (-11264 8112 704 ) 
4 175 176 (-10704 7216 704 ) (-10704 7216 3584 ) (-11264 7216 3584 ) (-11264 7216 704 ) 
4 176 208 (-11264 7216 496 ) (-11264 7168 496 ) (-11264 7168 704 ) (-11264 7216 704 ) 
4 176 206 (-11264 7168 704 ) (-11264 7168 3584 ) (-11264 7216 3584 ) (-11264 7216 704 ) 
4 176 205 (-10704 7168 3584 ) (-11264 7168 3584 ) (-11264 7168 496 ) (-10704 7168 496 ) 
4 176 179 (-11264 7168 496 ) (-11264 7216 496 ) (-10704 7216 496 ) (-10704 7168 496 ) 
4 177 181 (-10864 8192 480 ) (-10704 8192 480 ) (-10704 8112 480 ) (-10864 8112 480 ) 
4 177 180 (-10704 8192 480 ) (-10240 8192 480 ) (-10240 8112 480 ) (-10704 8112 480 ) 
4 177 178 (-10704 8112 480 ) (-10240 8112 480 ) (-10240 8112 496 ) (-10704 8112 496 ) 
4 178 205 (-10240 7168 480 ) (-10240 7168 496 ) (-10704 7168 496 ) (-10704 7168 480 ) 
4 178 190 (-10240 7168 480 ) (-10704 7168 480 ) (-10704 7632 480 ) (-10240 7632 480 ) 
4 178 188 (-10704 7632 480 ) (-10704 7648 480 ) (-10240 7648 480 ) (-10240 7632 480 ) 
4 178 180 (-10704 7648 480 ) (-10704 8112 480 ) (-10240 8112 480 ) (-10240 7648 480 ) 
4 178 179 (-10704 7216 480 ) (-10704 7168 480 ) (-10704 7168 496 ) (-10704 7216 496 ) 
4 179 209 (-11264 7216 480 ) (-11264 7168 480 ) (-11264 7168 496 ) (-11264 7216 496 ) 
4 179 205 (-10704 7168 496 ) (-11264 7168 496 ) (-11264 7168 480 ) (-10704 7168 480 ) 
4 179 192 (-10720 7168 480 ) (-11264 7168 480 ) (-11264 7216 480 ) (-10720 7216 480 ) 
4 179 191 (-10704 7168 480 ) (-10720 7168 480 ) (-10720 7216 480 ) (-10704 7216 480 ) 
4 180 197 (-10688 8048 288 ) (-10688 7712 288 ) (-10704 7712 288 ) (-10704 8048 288 ) 
4 180 196 (-10704 8192 288 ) (-10688 8192 288 ) (-10688 8112 288 ) (-10704 8112 288 ) 
4 180 195 (-10688 8192 288 ) (-10240 8192 288 ) (-10240 7648 288 ) (-10688 7648 288 ) 
4 180 188 (-10704 7648 288 ) (-10240 7648 288 ) (-10240 7648 480 ) (-10704 7648 480 ) 
4 180 185 (-10704 7980 288 ) (-10704 7780 288 ) (-10704 7780 416 ) (-10704 7980 416 ) 
4 180 181 (-10704 8192 288 ) (-10704 8112 288 ) (-10704 8112 480 ) (-10704 8192 480 ) 
4 181 202 (-10864 8192 288 ) (-10704 8192 288 ) (-10704 8112 288 ) (-10864 8112 288 ) 
4 182 210 (-11264 8192 480 ) (-11264 8192 288 ) (-11264 8096 288 ) (-11264 8096 480 ) 
4 182 183 (-11264 8096 288 ) (-10880 8096 288 ) (-10880 8096 480 ) (-11264 8096 480 ) 
4 183 210 (-11264 8096 288 ) (-11264 7980 288 ) (-11264 7980 480 ) (-11264 8096 480 ) 
4 183 186 (-11264 7980 288 ) (-10720 7980 288 ) (-10720 7980 416 ) (-11264 7980 416 ) 
4 183 184 (-10720 7980 416 ) (-10720 7980 480 ) (-11264 7980 480 ) (-11264 7980 416 ) 
4 184 210 (-11264 7780 416 ) (-11264 7780 480 ) (-11264 7980 480 ) (-11264 7980 416 ) 
4 184 187 (-10720 7780 480 ) (-11264 7780 480 ) (-11264 7780 416 ) (-10720 7780 416 ) 
4 184 186 (-10720 7780 416 ) (-11264 7780 416 ) (-11264 7980 416 ) (-10720 7980 416 ) 
4 185 186 (-10720 7780 288 ) (-10720 7780 416 ) (-10720 7980 416 ) (-10720 7980 288 ) 
4 186 210 (-11264 7980 288 ) (-11264 7780 288 ) (-11264 7780 416 ) (-11264 7980 416 ) 
4 186 187 (-11264 7780 288 ) (-10720 7780 288 ) (-10720 7780 416 ) (-11264 7780 416 ) 
4 187 210 (-11264 7780 288 ) (-11264 7648 288 ) (-11264 7648 480 ) (-11264 7780 480 ) 
4 187 189 (-11008 7648 320 ) (-11008 7648 416 ) (-11184 7648 416 ) (-11184 7648 320 ) 
4 188 198 (-10704 7648 288 ) (-10688 7648 288 ) (-10688 7632 288 ) (-10704 7632 288 ) 
4 188 195 (-10688 7648 288 ) (-10240 7648 288 ) (-10240 7632 288 ) (-10688 7632 288 ) 
4 188 190 (-10704 7632 288 ) (-10240 7632 288 ) (-10240 7632 480 ) (-10704 7632 480 ) 
4 189 193 (-11008 7632 320 ) (-11008 7632 416 ) (-11184 7632 416 ) (-11184 7632 320 ) 
4 190 205 (-10240 7168 288 ) (-10240 7168 480 ) (-10704 7168 480 ) (-10704 7168 288 ) 
4 190 200 (-10688 7360 288 ) (-10688 7280 288 ) (-10704 7280 288 ) (-10704 7360 288 ) 
4 190 201 (-10688 7216 288 ) (-10688 7168 288 ) (-10704 7168 288 ) (-10704 7216 288 ) 
4 190 198 (-10704 7632 288 ) (-10688 7632 288 ) (-10688 7568 288 ) (-10704 7568 288 ) 
4 190 199 (-10688 7504 288 ) (-10688 7424 288 ) (-10704 7424 288 ) (-10704 7504 288 ) 
4 190 195 (-10688 7632 288 ) (-10240 7632 288 ) (-10240 7168 288 ) (-10688 7168 288 ) 
4 190 191 (-10704 7216 288 ) (-10704 7168 288 ) (-10704 7168 480 ) (-10704 7216 480 ) 
4 191 205 (-10704 7168 480 ) (-10720 7168 480 ) (-10720 7168 288 ) (-10704 7168 288 ) 
4 191 203 (-10704 7216 288 ) (-10704 7168 288 ) (-10720 7168 288 ) (-10720 7216 288 ) 
4 191 194 (-10720 7216 288 ) (-10720 7168 288 ) (-10720 7168 448 ) (-10720 7216 448 ) 
4 191 192 (-10720 7168 448 ) (-10720 7168 480 ) (-10720 7216 480 ) (-10720 7216 448 ) 
4 192 211 (-11264 7168 448 ) (-11264 7168 480 ) (-11264 7216 480 ) (-11264 7216 448 ) 
4 192 205 (-10720 7168 480 ) (-11264 7168 480 ) (-11264 7168 448 ) (-10720 7168 448 ) 
4 192 194 (-11264 7168 448 ) (-11264 7216 448 ) (-10720 7216 448 ) (-10720 7168 448 ) 
4 193 212 (-11264 7632 288 ) (-11264 7368 288 ) (-11264 7368 448 ) (-11264 7632 448 ) 
4 194 213 (-11264 7216 288 ) (-11264 7168 288 ) (-11264 7168 448 ) (-11264 7216 448 ) 
4 194 205 (-11264 7168 448 ) (-11264 7168 288 ) (-10720 7168 288 ) (-10720 7168 448 ) 
4 194 203 (-11264 7168 288 ) (-11264 7216 288 ) (-10720 7216 288 ) (-10720 7168 288 ) 
4 195 205 (-10240 7168 256 ) (-10240 7168 288 ) (-10688 7168 288 ) (-10688 7168 256 ) 
4 195 204 (-10240 7168 256 ) (-10688 7168 256 ) (-10688 8192 256 ) (-10240 8192 256 ) 
4 195 200 (-10688 7360 256 ) (-10688 7280 256 ) (-10688 7280 288 ) (-10688 7360 288 ) 
4 195 201 (-10688 7216 256 ) (-10688 7168 256 ) (-10688 7168 288 ) (-10688 7216 288 ) 
4 195 198 (-10688 7648 256 ) (-10688 7568 256 ) (-10688 7568 288 ) (-10688 7648 288 ) 
4 195 199 (-10688 7504 256 ) (-10688 7424 256 ) (-10688 7424 288 ) (-10688 7504 288 ) 
4 195 197 (-10688 8048 256 ) (-10688 7712 256 ) (-10688 7712 288 ) (-10688 8048 288 ) 
4 195 196 (-10688 8192 256 ) (-10688 8112 256 ) (-10688 8112 288 ) (-10688 8192 288 ) 
4 196 204 (-10704 8112 256 ) (-10704 8192 256 ) (-10688 8192 256 ) (-10688 8112 256 ) 
4 196 202 (-10704 8192 256 ) (-10704 8112 256 ) (-10704 8112 288 ) (-10704 8192 288 ) 
4 197 204 (-10704 7712 256 ) (-10704 8048 256 ) (-10688 8048 256 ) (-10688 7712 256 ) 
4 198 204 (-10704 7568 256 ) (-10704 7648 256 ) (-10688 7648 256 ) (-10688 7568 256 ) 
4 199 204 (-10704 7424 256 ) (-10704 7504 256 ) (-10688 7504 256 ) (-10688 7424 256 ) 
4 200 204 (-10704 7280 256 ) (-10704 7360 256 ) (-10688 7360 256 ) (-10688 7280 256 ) 
4 201 205 (-10688 7168 288 ) (-10704 7168 288 ) (-10704 7168 256 ) (-10688 7168 256 ) 
4 201 204 (-10688 7168 256 ) (-10704 7168 256 ) (-10704 7216 256 ) (-10688 7216 256 ) 
4 201 203 (-10704 7216 256 ) (-10704 7168 256 ) (-10704 7168 288 ) (-10704 7216 288 ) 
4 202 204 (-10864 8192 256 ) (-10704 8192 256 ) (-10704 8112 256 ) (-10864 8112 256 ) 
4 203 215 (-11264 7216 256 ) (-11264 7168 256 ) (-11264 7168 288 ) (-11264 7216 288 ) 
4 203 205 (-10704 7168 288 ) (-11264 7168 288 ) (-11264 7168 256 ) (-10704 7168 256 ) 
4 203 204 (-10704 7168 256 ) (-11264 7168 256 ) (-11264 7216 256 ) (-10704 7216 256 ) 
4 204 216 (-11264 8192 256 ) (-11264 8192 -32 ) (-11264 7168 -32 ) (-11264 7168 256 ) 
4 204 205 (-10240 7168 -32 ) (-10240 7168 256 ) (-11264 7168 256 ) (-11264 7168 -32 ) 
4 205 218 (-10240 6144 -32 ) (-10240 6144 3584 ) (-11264 6144 3584 ) (-11264 6144 -32 ) 
4 205 217 (-11264 6144 -32 ) (-11264 6144 3584 ) (-11264 7168 3584 ) (-11264 7168 -32 ) 
4 206 217 (-11264 7168 704 ) (-11264 7168 3584 ) (-11392 7168 3584 ) (-11392 7168 704 ) 
4 206 207 (-11392 8112 704 ) (-11392 8192 704 ) (-11264 8192 704 ) (-11264 8112 704 ) 
4 206 208 (-11264 7168 704 ) (-11392 7168 704 ) (-11392 7216 704 ) (-11264 7216 704 ) 
4 208 217 (-11264 7168 496 ) (-11264 7168 704 ) (-11392 7168 704 ) (-11392 7168 496 ) 
4 208 209 (-11392 7168 496 ) (-11392 7216 496 ) (-11264 7216 496 ) (-11264 7168 496 ) 
4 209 217 (-11264 7168 480 ) (-11264 7168 496 ) (-11392 7168 496 ) (-11392 7168 480 ) 
4 209 214 (-11376 7168 480 ) (-11392 7168 480 ) (-11392 7216 480 ) (-11376 7216 480 ) 
4 209 211 (-11264 7168 480 ) (-11376 7168 480 ) (-11376 7216 480 ) (-11264 7216 480 ) 
4 211 217 (-11264 7168 448 ) (-11264 7168 480 ) (-11376 7168 480 ) (-11376 7168 448 ) 
4 211 214 (-11376 7168 448 ) (-11376 7168 480 ) (-11376 7216 480 ) (-11376 7216 448 ) 
4 211 213 (-11376 7168 448 ) (-11376 7216 448 ) (-11264 7216 448 ) (-11264 7168 448 ) 
4 213 217 (-11264 7168 288 ) (-11264 7168 448 ) (-11376 7168 448 ) (-11376 7168 288 ) 
4 213 215 (-11264 7216 288 ) (-11264 7168 288 ) (-11376 7168 288 ) (-11376 7216 288 ) 
4 213 214 (-11376 7216 288 ) (-11376 7168 288 ) (-11376 7168 448 ) (-11376 7216 448 ) 
4 214 217 (-11376 7168 480 ) (-11392 7168 480 ) (-11392 7168 288 ) (-11376 7168 288 ) 
4 214 215 (-11392 7168 288 ) (-11392 7216 288 ) (-11376 7216 288 ) (-11376 7168 288 ) 
4 215 217 (-11264 7168 256 ) (-11264 7168 288 ) (-11392 7168 288 ) (-11392 7168 256 ) 
4 215 216 (-11264 7168 256 ) (-11392 7168 256 ) (-11392 7216 256 ) (-11264 7216 256 ) 
4 216 217 (-11264 7168 -32 ) (-11264 7168 256 ) (-11392 7168 256 ) (-11392 7168 -32 ) 
4 217 220 (-11264 6144 -32 ) (-11264 6144 3584 ) (-11392 6144 3584 ) (-11392 6144 -32 ) 
4 218 220 (-11264 6144 3584 ) (-11264 6144 -32 ) (-11264 5120 -32 ) (-11264 5120 3584 ) 
4 218 219 (-10240 5120 -32 ) (-10240 5120 3584 ) (-11264 5120 3584 ) (-11264 5120 -32 ) 
4 219 323 (-10240 4096 -32 ) (-10240 4096 3584 ) (-11264 4096 3584 ) (-11264 4096 -32 ) 
4 219 221 (-11264 4096 -32 ) (-11264 4096 3584 ) (-11264 5120 3584 ) (-11264 5120 -32 ) 
4 220 221 (-11264 5120 -32 ) (-11264 5120 3584 ) (-11392 5120 3584 ) (-11392 5120 -32 ) 
4 221 325 (-11264 4096 -32 ) (-11264 4096 3584 ) (-11392 4096 3584 ) (-11392 4096 -32 ) 
4 222 224 (-3072 3072 -32 ) (-3072 3072 3584 ) (-4096 3072 3584 ) (-4096 3072 -32 ) 
4 222 223 (-4096 3072 -32 ) (-4096 3072 3584 ) (-4096 4096 3584 ) (-4096 4096 -32 ) 
4 223 269 (-5120 4096 32 ) (-5120 4096 -32 ) (-5120 3072 -32 ) (-5120 3072 32 ) 
4 223 268 (-5120 4096 3584 ) (-5120 4096 32 ) (-5120 3072 32 ) (-5120 3072 3584 ) 
4 223 225 (-5120 3072 3584 ) (-5120 3072 -32 ) (-4096 3072 -32 ) (-4096 3072 3584 ) 
4 224 226 (-3072 2048 -32 ) (-3072 2048 3584 ) (-4096 2048 3584 ) (-4096 2048 -32 ) 
4 224 225 (-4096 3072 3584 ) (-4096 3072 -32 ) (-4096 2048 -32 ) (-4096 2048 3584 ) 
4 225 272 (-5120 2048 -32 ) (-5120 2048 32 ) (-5120 3072 32 ) (-5120 3072 -32 ) 
4 225 271 (-5120 2048 32 ) (-5120 2048 3584 ) (-5120 3072 3584 ) (-5120 3072 32 ) 
4 225 236 (-4608 2048 32 ) (-5120 2048 32 ) (-5120 2048 -32 ) (-4608 2048 -32 ) 
4 225 235 (-4096 2048 -32 ) (-4096 2048 32 ) (-4608 2048 32 ) (-4608 2048 -32 ) 
4 225 232 (-4608 2048 208 ) (-5120 2048 208 ) (-5120 2048 32 ) (-4608 2048 32 ) 
4 225 231 (-4096 2048 32 ) (-4096 2048 208 ) (-4608 2048 208 ) (-4608 2048 32 ) 
4 225 227 (-4096 2048 208 ) (-4096 2048 3584 ) (-5120 2048 3584 ) (-5120 2048 208 ) 
4 226 239 (-3584 1024 32 ) (-4096 1024 32 ) (-4096 1024 -32 ) (-3584 1024 -32 ) 
4 226 238 (-3072 1024 -32 ) (-3072 1024 32 ) (-3584 1024 32 ) (-3584 1024 -32 ) 
4 226 237 (-3072 1024 32 ) (-3072 1024 3584 ) (-4096 1024 3584 ) (-4096 1024 32 ) 
4 226 235 (-4096 1024 -32 ) (-4096 1024 32 ) (-4096 2048 32 ) (-4096 2048 -32 ) 
4 226 233 (-4096 1024 32 ) (-4096 1024 208 ) (-4096 1232 208 ) (-4096 1232 32 ) 
4 226 231 (-4096 1232 208 ) (-4096 2048 208 ) (-4096 2048 32 ) (-4096 1232 32 ) 
4 226 228 (-4096 1024 208 ) (-4096 1024 3584 ) (-4096 1240 3584 ) (-4096 1240 208 ) 
4 226 227 (-4096 1240 3584 ) (-4096 2048 3584 ) (-4096 2048 208 ) (-4096 1240 208 ) 
4 227 284 (-5120 2048 3584 ) (-5120 2048 208 ) (-5120 1240 208 ) (-5120 1240 3584 ) 
4 227 232 (-5120 1240 208 ) (-5120 2048 208 ) (-4608 2048 208 ) (-4608 1240 208 ) 
4 227 231 (-4608 2048 208 ) (-4096 2048 208 ) (-4096 1240 208 ) (-4608 1240 208 ) 
3 227 229 (-5120 1240 448 ) (-5120 1240 288 ) (-4864 1240 368 ) 
4 227 230 (-5120 1240 3584 ) (-5120 1240 448 ) (-4608 1240 288 ) (-4608 1240 3584 ) 
4 227 228 (-4608 1240 208 ) (-4096 1240 208 ) (-4096 1240 3584 ) (-4608 1240 3584 ) 
4 228 241 (-4608 1024 208 ) (-4096 1024 208 ) (-4096 1024 448 ) (-4608 1024 448 ) 
4 228 240 (-4096 1024 448 ) (-4096 1024 3584 ) (-4608 1024 3584 ) (-4608 1024 448 ) 
4 228 233 (-4096 1024 208 ) (-4608 1024 208 ) (-4608 1232 208 ) (-4096 1232 208 ) 
4 228 231 (-4608 1232 208 ) (-4608 1240 208 ) (-4096 1240 208 ) (-4096 1232 208 ) 
4 228 230 (-4608 1240 3584 ) (-4608 1240 288 ) (-4608 1024 288 ) (-4608 1024 3584 ) 
4 229 284 (-5120 1024 288 ) (-5120 1024 448 ) (-5120 1240 448 ) (-5120 1240 288 ) 
3 229 244 (-5120 1024 448 ) (-5120 1024 288 ) (-4864 1024 368 ) 
4 229 230 (-4864.002441 1240 368 ) (-5120 1240 447.998535 ) (-5120 1024 447.998535 ) (-4864.002441 1024 368 ) 
4 230 284 (-5120 1024 448 ) (-5120 1024 3584 ) (-5120 1240 3584 ) (-5120 1240 448 ) 
3 230 243 (-4864 1024 368 ) (-4608 1024 288 ) (-4608 1024 448 ) 
3 230 244 (-5120 1024 448 ) (-4864 1024 368 ) (-4608 1024 448 ) 
4 230 242 (-5120 1024 3584 ) (-5120 1024 448 ) (-4608 1024 448 ) (-4608 1024 3584 ) 
4 231 235 (-4608 2048 32 ) (-4096 2048 32 ) (-4096 1232 32 ) (-4608 1232 32 ) 
4 231 233 (-4608 1232 32 ) (-4096 1232 32 ) (-4096 1232 208 ) (-4608 1232 208 ) 
4 231 232 (-4608 2048 32 ) (-4608 1240 32 ) (-4608 1240 208 ) (-4608 2048 208 ) 
4 232 284 (-5120 1240 208 ) (-5120 2048 208 ) (-5120 2048 32 ) (-5120 1240 32 ) 
4 232 236 (-5120 2048 32 ) (-4608 2048 32 ) (-4608 1240 32 ) (-5120 1240 32 ) 
4 233 245 (-4608 1024 32 ) (-4096 1024 32 ) (-4096 1024 208 ) (-4608 1024 208 ) 
4 233 235 (-4096 1232 32 ) (-4096 1024 32 ) (-4608 1024 32 ) (-4608 1232 32 ) 
4 234 246 (-5112 1024 32 ) (-4616 1024 32 ) (-4616 1024 208 ) (-5112 1024 208 ) 
4 235 250 (-4608 1024 -32 ) (-4096 1024 -32 ) (-4096 1024 32 ) (-4608 1024 32 ) 
4 235 236 (-4608 2048 -32 ) (-4608 1240 -32 ) (-4608 1240 32 ) (-4608 2048 32 ) 
4 236 285 (-5120 1240 32 ) (-5120 2048 32 ) (-5120 2048 -32 ) (-5120 1240 -32 ) 
4 237 293 (-3072 0 32 ) (-3072 0 3584 ) (-4096 0 3584 ) (-4096 0 32 ) 
4 237 267 (-4096 16 32 ) (-4096 0 32 ) (-4096 0 288 ) (-4096 16 288 ) 
4 237 258 (-4096 0 288 ) (-4096 0 448 ) (-4096 16 448 ) (-4096 16 288 ) 
4 237 253 (-4096 176 416 ) (-4096 176 288 ) (-4096 40 288 ) (-4096 40 416 ) 
4 237 252 (-4096 0 448 ) (-4096 0 580.491211 ) (-4096 244.009140 511.997437 ) (-4096 16.018250 448 ) 
4 237 251 (-4096 0 580.491211 ) (-4096 0 3584 ) (-4096 464 3584 ) (-4096 464 450.245605 ) 
4 237 245 (-4096 1024 208 ) (-4096 1024 32 ) (-4096 472 32 ) (-4096 472 208 ) 
4 237 241 (-4096 1024 448 ) (-4096 1024 208 ) (-4096 472 208 ) (-4096 472 448 ) 
5 237 240 (-4096 1024 3584 ) (-4096 1024 448 ) (-4096 472 448 ) (-4096 464 450.245605 ) (-4096 464 3584 ) 
4 237 239 (-4096 472 32 ) (-4096 1024 32 ) (-3584 1024 32 ) (-3584 472 32 ) 
4 237 238 (-3072 0 32 ) (-3584 0 32 ) (-3584 1024 32 ) (-3072 1024 32 ) 
4 238 294 (-3072 0 -32 ) (-3072 0 32 ) (-3584 0 32 ) (-3584 0 -32 ) 
4 238 239 (-3584 1024 -32 ) (-3584 472 -32 ) (-3584 472 32 ) (-3584 1024 32 ) 
4 239 250 (-4096 1024 32 ) (-4096 1024 -32 ) (-4096 472 -32 ) (-4096 472 32 ) 
4 240 251 (-4096 464 450.245605 ) (-4096 464 3584 ) (-4608 464 3584 ) (-4608 464 450.245605 ) 
5 240 242 (-4608 1024 3584 ) (-4608 1024 448 ) (-4608 472 448 ) (-4608 464 450.245605 ) (-4608 464 3584 ) 
4 240 241 (-4608 472 448 ) (-4608 1024 448 ) (-4096 1024 448 ) (-4096 472 448 ) 
4 241 245 (-4608 472 208 ) (-4608 1024 208 ) (-4096 1024 208 ) (-4096 472 208 ) 
4 241 243 (-4608 1024 448 ) (-4608 1024 288 ) (-4608 472 288 ) (-4608 472 448 ) 
5 242 287 (-5120 464 450.245605 ) (-5120 464 3584 ) (-5120 1024 3584 ) (-5120 1024 448 ) (-5120 472 448 ) 
4 242 251 (-5120 464 3584 ) (-5120 464 450.245605 ) (-4608 464 450.245605 ) (-4608 464 3584 ) 
4 242 244 (-4608 1024 448 ) (-4608 472 448 ) (-5120 472 448 ) (-5120 1024 448 ) 
4 243 244 (-4864.001953 472 368 ) (-4608.003906 472 448 ) (-4608.003906 1024 448 ) (-4864.001953 1024 368 ) 
4 244 287 (-5120 472 448 ) (-5120 1024 448 ) (-5120 1024 288 ) (-5120 472 288 ) 
4 245 250 (-4608 1024 32 ) (-4096 1024 32 ) (-4096 472 32 ) (-4608 472 32 ) 
4 245 248 (-4504 472 32 ) (-4248 472 32 ) (-4248 472 192 ) (-4504 472 192 ) 
4 246 249 (-4960 472 32 ) (-4768 472 32 ) (-4768 472 160 ) (-4960 472 160 ) 
4 246 247 (-5112 948 32 ) (-5112 756 32 ) (-5112 756 160 ) (-5112 948 160 ) 
4 247 287 (-5120 948 160 ) (-5120 948 32 ) (-5120 756 32 ) (-5120 756 160 ) 
4 248 260 (-4504 464 32 ) (-4248 464 32 ) (-4248 464 192 ) (-4504 464 192 ) 
4 249 264 (-4960 464 32 ) (-4768 464 32 ) (-4768 464 160 ) (-4960 464 160 ) 
4 251 295 (-4096 0 580.491211 ) (-4096 0 3584 ) (-5120 0 3584 ) (-5120 0 580.491211 ) 
4 251 287 (-5120 0 580.491211 ) (-5120 0 3584 ) (-5120 464 3584 ) (-5120 464 450.245605 ) 
4 251 252 (-5120 0 580.491943 ) (-5120 244.010300 511.997772 ) (-4096 244.010239 511.997742 ) (-4096 0 580.491821 ) 
4 252 295 (-4096 0 448 ) (-4096 0 580.491211 ) (-5120 0 580.491211 ) (-5120 0 448 ) 
4 252 287 (-5120 0 448 ) (-5120 0 580.491211 ) (-5120 244.009109 511.997437 ) (-5120 16.018250 448 ) 
4 252 258 (-5120 0 448 ) (-5120 16.018265 448 ) (-4096 16.018250 448 ) (-4096 0 448 ) 
4 253 254 (-4104 176 288 ) (-4104 40 288 ) (-4104 40 416 ) (-4104 176 416 ) 
4 254 262 (-4156 192 288 ) (-4156 184 288 ) (-4528 184 288 ) (-4528 192 288 ) 
4 254 260 (-4528 464 288 ) (-4156 464 288 ) (-4156 192 288 ) (-4528 192 288 ) 
4 254 263 (-4156 184 288 ) (-4156 24 288 ) (-4528 24 288 ) (-4528 184 288 ) 
4 254 259 (-4156 464 288 ) (-4104 464 288 ) (-4104 24 288 ) (-4156 24 288 ) 
4 254 264 (-5112 464 288 ) (-4528 464 288 ) (-4528 24 288 ) (-5112 24 288 ) 
4 254 257 (-4772 24 316 ) (-4772 24 388 ) (-4876 24 388 ) (-4876 24 316 ) 
4 254 256 (-4324 24 316 ) (-4324 24 388 ) (-4428 24 388 ) (-4428 24 316 ) 
4 254 255 (-5112 196 320 ) (-5112 196 388 ) (-5112 300 388 ) (-5112 300 320 ) 
4 255 287 (-5120 300 388 ) (-5120 300 320 ) (-5120 196 320 ) (-5120 196 388 ) 
4 256 258 (-4324 16 316 ) (-4324 16 388 ) (-4428 16 388 ) (-4428 16 316 ) 
4 257 258 (-4772 16 316 ) (-4772 16 388 ) (-4876 16 388 ) (-4876 16 316 ) 
4 258 295 (-4096 0 288 ) (-4096 0 448 ) (-5120 0 448 ) (-5120 0 288 ) 
4 258 287 (-5120 0 288 ) (-5120 0 448 ) (-5120 16 448 ) (-5120 16 288 ) 
4 258 267 (-4096 0 288 ) (-5120 0 288 ) (-5120 16 288 ) (-4096 16 288 ) 
4 259 261 (-4156 192 32 ) (-4156 184 32 ) (-4156 184 280 ) (-4156 192 280 ) 
4 259 260 (-4156 464 32 ) (-4156 192 32 ) (-4156 192 288 ) (-4156 464 288 ) 
4 259 263 (-4156 184 32 ) (-4156 24 32 ) (-4156 24 288 ) (-4156 184 288 ) 
3 260 262 (-4528 192 288 ) (-4528 192 40 ) (-4156 192 288 ) 
3 260 261 (-4528 192 32 ) (-4156 192 32 ) (-4156 192 280 ) 
4 260 264 (-4528 464 32 ) (-4528 192 32 ) (-4528 192 288 ) (-4528 464 288 ) 
3 261 263 (-4528 184 32 ) (-4156 184 32 ) (-4156 184 280 ) 
3 262 263 (-4528 184 288 ) (-4528 184 40 ) (-4156 184 288 ) 
4 262 264 (-4528 184 40 ) (-4528 184 288 ) (-4528 192 288 ) (-4528 192 40 ) 
4 263 264 (-4528 184 32 ) (-4528 24 32 ) (-4528 24 288 ) (-4528 184 288 ) 
4 264 266 (-4952 24 32 ) (-4696 24 32 ) (-4696 24 192 ) (-4952 24 192 ) 
4 264 265 (-5112 320 32 ) (-5112 176 32 ) (-5112 176 172 ) (-5112 320 172 ) 
4 265 287 (-5120 320 172 ) (-5120 320 32 ) (-5120 176 32 ) (-5120 176 172 ) 
4 266 267 (-4952 16 32 ) (-4696 16 32 ) (-4696 16 192 ) (-4952 16 192 ) 
4 267 295 (-4096 0 32 ) (-4096 0 288 ) (-5120 0 288 ) (-5120 0 32 ) 
4 267 287 (-5120 0 32 ) (-5120 0 288 ) (-5120 16 288 ) (-5120 16 32 ) 
4 268 274 (-6144 4096 3584 ) (-6144 4096 32 ) (-6144 3072 32 ) (-6144 3072 3584 ) 
4 268 271 (-5120 3072 32 ) (-5120 3072 3584 ) (-6144 3072 3584 ) (-6144 3072 32 ) 
4 268 270 (-6144 3800 32 ) (-6144 4096 32 ) (-6016 4096 32 ) (-6016 3800 32 ) 
4 268 269 (-5120 3072 32 ) (-6016 3072 32 ) (-6016 4096 32 ) (-5120 4096 32 ) 
4 269 272 (-5120 3072 -32 ) (-5120 3072 32 ) (-6016 3072 32 ) (-6016 3072 -32 ) 
4 269 270 (-6016 4096 -32 ) (-6016 3800 -32 ) (-6016 3800 32 ) (-6016 4096 32 ) 
4 270 275 (-6144 4096 32 ) (-6144 4096 -32 ) (-6144 3800 -32 ) (-6144 3800 32 ) 
4 271 284 (-5120 2048 32 ) (-5120 2048 3584 ) (-6144 2048 3584 ) (-6144 2048 32 ) 
4 271 279 (-6144 2048 32 ) (-6144 2048 3584 ) (-6144 3072 3584 ) (-6144 3072 32 ) 
4 271 273 (-6016 2048 32 ) (-6144 2048 32 ) (-6144 2776 32 ) (-6016 2776 32 ) 
4 271 272 (-5120 2048 32 ) (-6016 2048 32 ) (-6016 3072 32 ) (-5120 3072 32 ) 
4 272 285 (-5120 2048 -32 ) (-5120 2048 32 ) (-5312 2048 32 ) (-5312 2048 -32 ) 
4 272 286 (-5312 2048 32 ) (-6016 2048 32 ) (-6016 2048 -32 ) (-5312 2048 -32 ) 
4 272 273 (-6016 2776 -32 ) (-6016 2048 -32 ) (-6016 2048 32 ) (-6016 2776 32 ) 
4 273 286 (-6016 2048 32 ) (-6144 2048 32 ) (-6144 2048 -32 ) (-6016 2048 -32 ) 
4 273 280 (-6144 2048 -32 ) (-6144 2048 32 ) (-6144 2776 32 ) (-6144 2776 -32 ) 
4 274 279 (-6144 3072 32 ) (-6144 3072 3584 ) (-7168 3072 3584 ) (-7168 3072 32 ) 
4 274 276 (-7168 4096 3584 ) (-7168 4096 32 ) (-7168 3072 32 ) (-7168 3072 3584 ) 
4 274 275 (-7168 3800 32 ) (-7168 4096 32 ) (-6144 4096 32 ) (-6144 3800 32 ) 
4 275 277 (-7168 4096 32 ) (-7168 4096 -32 ) (-7168 3800 -32 ) (-7168 3800 32 ) 
4 276 315 (-8192 4096 3584 ) (-8192 4096 32 ) (-8192 3072 32 ) (-8192 3072 3584 ) 
4 276 281 (-7168 3072 32 ) (-7168 3072 3584 ) (-8192 3072 3584 ) (-8192 3072 32 ) 
4 276 277 (-7424 3800 32 ) (-7424 4096 32 ) (-7168 4096 32 ) (-7168 3800 32 ) 
4 276 278 (-7424 3072 32 ) (-8192 3072 32 ) (-8192 4096 32 ) (-7424 4096 32 ) 
4 277 278 (-7424 4096 -32 ) (-7424 3800 -32 ) (-7424 3800 32 ) (-7424 4096 32 ) 
4 278 315 (-8192 4096 32 ) (-8192 4096 -32 ) (-8192 3072 -32 ) (-8192 3072 32 ) 
4 278 283 (-7424 3072 32 ) (-8192 3072 32 ) (-8192 3072 -32 ) (-7424 3072 -32 ) 
4 279 289 (-6144 2048 32 ) (-6144 2048 3584 ) (-7168 2048 3584 ) (-7168 2048 32 ) 
4 279 281 (-7168 3072 3584 ) (-7168 3072 32 ) (-7168 2048 32 ) (-7168 2048 3584 ) 
4 279 280 (-6144 2048 32 ) (-7168 2048 32 ) (-7168 2776 32 ) (-6144 2776 32 ) 
4 280 289 (-6144 2048 -32 ) (-6144 2048 32 ) (-7168 2048 32 ) (-7168 2048 -32 ) 
4 280 282 (-7168 2776 -32 ) (-7168 2048 -32 ) (-7168 2048 32 ) (-7168 2776 32 ) 
4 281 317 (-8192 2048 32 ) (-8192 2048 3584 ) (-8192 3072 3584 ) (-8192 3072 32 ) 
4 281 290 (-7168 2048 32 ) (-7168 2048 3584 ) (-8192 2048 3584 ) (-8192 2048 32 ) 
4 281 282 (-7168 2048 32 ) (-7424 2048 32 ) (-7424 2776 32 ) (-7168 2776 32 ) 
4 281 283 (-7424 2048 32 ) (-8192 2048 32 ) (-8192 3072 32 ) (-7424 3072 32 ) 
4 282 290 (-7168 2048 -32 ) (-7168 2048 32 ) (-7424 2048 32 ) (-7424 2048 -32 ) 
4 282 283 (-7424 2776 -32 ) (-7424 2048 -32 ) (-7424 2048 32 ) (-7424 2776 32 ) 
4 283 317 (-8192 2048 -32 ) (-8192 2048 32 ) (-8192 3072 32 ) (-8192 3072 -32 ) 
4 283 290 (-7424 2048 32 ) (-8192 2048 32 ) (-8192 2048 -32 ) (-7424 2048 -32 ) 
4 284 289 (-6144 2048 3584 ) (-6144 2048 32 ) (-6144 1024 32 ) (-6144 1024 3584 ) 
4 284 287 (-5120 1024 32 ) (-5120 1024 3584 ) (-6144 1024 3584 ) (-6144 1024 32 ) 
4 284 285 (-5312 1240 32 ) (-5312 2048 32 ) (-5120 2048 32 ) (-5120 1240 32 ) 
4 284 286 (-5312 1024 32 ) (-6144 1024 32 ) (-6144 2048 32 ) (-5312 2048 32 ) 
4 285 286 (-5312 2048 -32 ) (-5312 1240 -32 ) (-5312 1240 32 ) (-5312 2048 32 ) 
4 286 289 (-6144 2048 32 ) (-6144 2048 -32 ) (-6144 1024 -32 ) (-6144 1024 32 ) 
4 286 288 (-5312 1024 32 ) (-6144 1024 32 ) (-6144 1024 -32 ) (-5312 1024 -32 ) 
4 287 303 (-5120 0 32 ) (-5120 0 3584 ) (-6144 0 3584 ) (-6144 0 32 ) 
4 287 291 (-6144 0 32 ) (-6144 0 3584 ) (-6144 1024 3584 ) (-6144 1024 32 ) 
4 287 288 (-5312 0 32 ) (-6144 0 32 ) (-6144 1024 32 ) (-5312 1024 32 ) 
4 288 304 (-5312 0 32 ) (-6144 0 32 ) (-6144 0 -32 ) (-5312 0 -32 ) 
4 288 291 (-6144 0 -32 ) (-6144 0 32 ) (-6144 1024 32 ) (-6144 1024 -32 ) 
4 289 291 (-6144 1024 -32 ) (-6144 1024 3584 ) (-7168 1024 3584 ) (-7168 1024 -32 ) 
4 289 290 (-7168 2048 3584 ) (-7168 2048 -32 ) (-7168 1024 -32 ) (-7168 1024 3584 ) 
4 290 319 (-8192 1024 -32 ) (-8192 1024 3584 ) (-8192 2048 3584 ) (-8192 2048 -32 ) 
4 290 292 (-7168 1024 -32 ) (-7168 1024 3584 ) (-8192 1024 3584 ) (-8192 1024 -32 ) 
4 291 308 (-6144 0 -32 ) (-6144 0 3584 ) (-7168 0 3584 ) (-7168 0 -32 ) 
4 291 292 (-7168 1024 3584 ) (-7168 1024 -32 ) (-7168 0 -32 ) (-7168 0 3584 ) 
4 292 321 (-8192 0 -32 ) (-8192 0 3584 ) (-8192 1024 3584 ) (-8192 1024 -32 ) 
4 292 309 (-7168 0 -32 ) (-7168 0 3584 ) (-8192 0 3584 ) (-8192 0 -32 ) 
4 293 296 (-3072 -1024 32 ) (-3072 -1024 3584 ) (-4096 -1024 3584 ) (-4096 -1024 32 ) 
4 293 295 (-4096 -1024 32 ) (-4096 -1024 3584 ) (-4096 0 3584 ) (-4096 0 32 ) 
4 293 294 (-3584 0 32 ) (-3072 0 32 ) (-3072 -1024 32 ) (-3584 -1024 32 ) 
4 294 297 (-3072 -1024 -32 ) (-3072 -1024 32 ) (-3584 -1024 32 ) (-3584 -1024 -32 ) 
4 295 303 (-5120 0 3584 ) (-5120 0 32 ) (-5120 -1024 32 ) (-5120 -1024 3584 ) 
4 295 299 (-5120 -1024 3584 ) (-5120 -1024 32 ) (-4096 -1024 32 ) (-4096 -1024 3584 ) 
4 296 301 (-3072 -2048 32 ) (-3072 -2048 3584 ) (-4096 -2048 3584 ) (-4096 -2048 32 ) 
4 296 299 (-4096 -1024 3584 ) (-4096 -1024 32 ) (-4096 -2048 32 ) (-4096 -2048 3584 ) 
4 296 298 (-3584 -2048 32 ) (-4096 -2048 32 ) (-4096 -1520 32 ) (-3584 -1520 32 ) 
4 296 297 (-3072 -2048 32 ) (-3584 -2048 32 ) (-3584 -1024 32 ) (-3072 -1024 32 ) 
4 297 301 (-3072 -2048 -32 ) (-3072 -2048 32 ) (-3584 -2048 32 ) (-3584 -2048 -32 ) 
4 297 298 (-3584 -1520 -32 ) (-3584 -2048 -32 ) (-3584 -2048 32 ) (-3584 -1520 32 ) 
4 298 301 (-3584 -2048 32 ) (-4096 -2048 32 ) (-4096 -2048 -32 ) (-3584 -2048 -32 ) 
4 298 300 (-4096 -1520 -32 ) (-4096 -2048 -32 ) (-4096 -2048 32 ) (-4096 -1520 32 ) 
4 299 305 (-5120 -2048 32 ) (-5120 -2048 3584 ) (-5120 -1024 3584 ) (-5120 -1024 32 ) 
4 299 302 (-4096 -2048 32 ) (-4096 -2048 3584 ) (-5120 -2048 3584 ) (-5120 -2048 32 ) 
4 299 300 (-4096 -2048 32 ) (-5120 -2048 32 ) (-5120 -1520 32 ) (-4096 -1520 32 ) 
4 300 306 (-5120 -2048 -32 ) (-5120 -2048 32 ) (-5120 -1520 32 ) (-5120 -1520 -32 ) 
4 300 302 (-4096 -2048 -32 ) (-4096 -2048 32 ) (-5120 -2048 32 ) (-5120 -2048 -32 ) 
4 301 302 (-4096 -3056 -32 ) (-4096 -3056 3584 ) (-4096 -2048 3584 ) (-4096 -2048 -32 ) 
4 302 312 (-5120 -3056 -32 ) (-5120 -3056 3584 ) (-5120 -2048 3584 ) (-5120 -2048 -32 ) 
4 303 308 (-6144 0 3584 ) (-6144 0 32 ) (-6144 -1024 32 ) (-6144 -1024 3584 ) 
4 303 305 (-5120 -1024 32 ) (-5120 -1024 3584 ) (-6144 -1024 3584 ) (-6144 -1024 32 ) 
4 303 304 (-5312 -1024 32 ) (-6144 -1024 32 ) (-6144 0 32 ) (-5312 0 32 ) 
4 304 308 (-6144 0 32 ) (-6144 0 -32 ) (-6144 -1024 -32 ) (-6144 -1024 32 ) 
4 304 307 (-5312 -1024 32 ) (-6144 -1024 32 ) (-6144 -1024 -32 ) (-5312 -1024 -32 ) 
4 305 312 (-5120 -2048 32 ) (-5120 -2048 3584 ) (-6144 -2048 3584 ) (-6144 -2048 32 ) 
4 305 310 (-6144 -2048 32 ) (-6144 -2048 3584 ) (-6144 -1024 3584 ) (-6144 -1024 32 ) 
4 305 306 (-5120 -2048 32 ) (-5312 -2048 32 ) (-5312 -1520 32 ) (-5120 -1520 32 ) 
4 305 307 (-5312 -2048 32 ) (-6144 -2048 32 ) (-6144 -1024 32 ) (-5312 -1024 32 ) 
4 306 312 (-5120 -2048 -32 ) (-5120 -2048 32 ) (-5312 -2048 32 ) (-5312 -2048 -32 ) 
4 306 307 (-5312 -1520 -32 ) (-5312 -2048 -32 ) (-5312 -2048 32 ) (-5312 -1520 32 ) 
4 307 312 (-5312 -2048 32 ) (-6144 -2048 32 ) (-6144 -2048 -32 ) (-5312 -2048 -32 ) 
4 307 310 (-6144 -2048 -32 ) (-6144 -2048 32 ) (-6144 -1024 32 ) (-6144 -1024 -32 ) 
4 308 310 (-6144 -1024 -32 ) (-6144 -1024 3584 ) (-7168 -1024 3584 ) (-7168 -1024 -32 ) 
4 308 309 (-7168 0 3584 ) (-7168 0 -32 ) (-7168 -1024 -32 ) (-7168 -1024 3584 ) 
4 309 331 (-8192 -1024 -32 ) (-8192 -1024 3584 ) (-8192 0 3584 ) (-8192 0 -32 ) 
4 309 311 (-7168 -1024 -32 ) (-7168 -1024 3584 ) (-8192 -1024 3584 ) (-8192 -1024 -32 ) 
4 310 313 (-6144 -2048 -32 ) (-6144 -2048 3584 ) (-7168 -2048 3584 ) (-7168 -2048 -32 ) 
4 310 311 (-7168 -1024 3584 ) (-7168 -1024 -32 ) (-7168 -2048 -32 ) (-7168 -2048 3584 ) 
4 311 333 (-8192 -2048 -32 ) (-8192 -2048 3584 ) (-8192 -1024 3584 ) (-8192 -1024 -32 ) 
4 311 314 (-7168 -2048 -32 ) (-7168 -2048 3584 ) (-8192 -2048 3584 ) (-8192 -2048 -32 ) 
4 312 313 (-6144 -2048 3584 ) (-6144 -2048 -32 ) (-6144 -3056 -32 ) (-6144 -3056 3584 ) 
4 313 314 (-7168 -2048 3584 ) (-7168 -2048 -32 ) (-7168 -3056 -32 ) (-7168 -3056 3584 ) 
4 314 335 (-8192 -3056 -32 ) (-8192 -3056 3584 ) (-8192 -2048 3584 ) (-8192 -2048 -32 ) 
4 315 317 (-8192 3072 -32 ) (-8192 3072 3584 ) (-9216 3072 3584 ) (-9216 3072 -32 ) 
4 315 316 (-9216 3072 -32 ) (-9216 3072 3584 ) (-9216 4096 3584 ) (-9216 4096 -32 ) 
4 316 323 (-10240 4096 3584 ) (-10240 4096 -32 ) (-10240 3072 -32 ) (-10240 3072 3584 ) 
4 316 318 (-10240 3072 3584 ) (-10240 3072 -32 ) (-9216 3072 -32 ) (-9216 3072 3584 ) 
4 317 319 (-8192 2048 -32 ) (-8192 2048 3584 ) (-9216 2048 3584 ) (-9216 2048 -32 ) 
4 317 318 (-9216 3072 3584 ) (-9216 3072 -32 ) (-9216 2048 -32 ) (-9216 2048 3584 ) 
4 318 324 (-10240 2048 -32 ) (-10240 2048 3584 ) (-10240 3072 3584 ) (-10240 3072 -32 ) 
4 318 320 (-9216 2048 -32 ) (-9216 2048 3584 ) (-10240 2048 3584 ) (-10240 2048 -32 ) 
4 319 321 (-8192 1024 -32 ) (-8192 1024 3584 ) (-9216 1024 3584 ) (-9216 1024 -32 ) 
4 319 320 (-9216 1024 -32 ) (-9216 1024 3584 ) (-9216 2048 3584 ) (-9216 2048 -32 ) 
4 320 327 (-10240 1024 -32 ) (-10240 1024 3584 ) (-10240 2048 3584 ) (-10240 2048 -32 ) 
4 320 322 (-10240 1024 3584 ) (-10240 1024 -32 ) (-9216 1024 -32 ) (-9216 1024 3584 ) 
4 321 331 (-8192 0 -32 ) (-8192 0 3584 ) (-9216 0 3584 ) (-9216 0 -32 ) 
4 321 322 (-9216 1024 3584 ) (-9216 1024 -32 ) (-9216 0 -32 ) (-9216 0 3584 ) 
4 322 332 (-9216 0 -32 ) (-9216 0 3584 ) (-10240 0 3584 ) (-10240 0 -32 ) 
4 322 328 (-10240 0 -32 ) (-10240 0 3584 ) (-10240 1024 3584 ) (-10240 1024 -32 ) 
4 323 325 (-11264 4096 3584 ) (-11264 4096 -32 ) (-11264 3072 -32 ) (-11264 3072 3584 ) 
4 323 324 (-10240 3072 -32 ) (-10240 3072 3584 ) (-11264 3072 3584 ) (-11264 3072 -32 ) 
4 324 327 (-10240 2048 -32 ) (-10240 2048 3584 ) (-11264 2048 3584 ) (-11264 2048 -32 ) 
4 324 326 (-11264 2048 -32 ) (-11264 2048 3584 ) (-11264 3072 3584 ) (-11264 3072 -32 ) 
4 325 326 (-11264 3072 -32 ) (-11264 3072 3584 ) (-11392 3072 3584 ) (-11392 3072 -32 ) 
4 326 329 (-11264 2048 -32 ) (-11264 2048 3584 ) (-11392 2048 3584 ) (-11392 2048 -32 ) 
4 327 329 (-11264 2048 3584 ) (-11264 2048 -32 ) (-11264 1024 -32 ) (-11264 1024 3584 ) 
4 327 328 (-10240 1024 -32 ) (-10240 1024 3584 ) (-11264 1024 3584 ) (-11264 1024 -32 ) 
4 328 337 (-10240 0 -32 ) (-10240 0 3584 ) (-11264 0 3584 ) (-11264 0 -32 ) 
4 328 330 (-11264 0 -32 ) (-11264 0 3584 ) (-11264 1024 3584 ) (-11264 1024 -32 ) 
4 329 330 (-11264 1024 -32 ) (-11264 1024 3584 ) (-11392 1024 3584 ) (-11392 1024 -32 ) 
4 330 339 (-11264 0 -32 ) (-11264 0 3584 ) (-11392 0 3584 ) (-11392 0 -32 ) 
4 331 333 (-8192 -1024 -32 ) (-8192 -1024 3584 ) (-9216 -1024 3584 ) (-9216 -1024 -32 ) 
4 331 332 (-9216 -1024 -32 ) (-9216 -1024 3584 ) (-9216 0 3584 ) (-9216 0 -32 ) 
4 332 337 (-10240 0 3584 ) (-10240 0 -32 ) (-10240 -1024 -32 ) (-10240 -1024 3584 ) 
4 332 334 (-10240 -1024 3584 ) (-10240 -1024 -32 ) (-9216 -1024 -32 ) (-9216 -1024 3584 ) 
4 333 335 (-8192 -2048 -32 ) (-8192 -2048 3584 ) (-9216 -2048 3584 ) (-9216 -2048 -32 ) 
4 333 334 (-9216 -1024 3584 ) (-9216 -1024 -32 ) (-9216 -2048 -32 ) (-9216 -2048 3584 ) 
4 334 338 (-10240 -2048 -32 ) (-10240 -2048 3584 ) (-10240 -1024 3584 ) (-10240 -1024 -32 ) 
4 334 336 (-9216 -2048 -32 ) (-9216 -2048 3584 ) (-10240 -2048 3584 ) (-10240 -2048 -32 ) 
4 335 336 (-9216 -3056 -32 ) (-9216 -3056 3584 ) (-9216 -2048 3584 ) (-9216 -2048 -32 ) 
4 336 341 (-10240 -3056 -32 ) (-10240 -3056 3584 ) (-10240 -2048 3584 ) (-10240 -2048 -32 ) 
4 337 339 (-11264 0 3584 ) (-11264 0 -32 ) (-11264 -1024 -32 ) (-11264 -1024 3584 ) 
4 337 338 (-10240 -1024 -32 ) (-10240 -1024 3584 ) (-11264 -1024 3584 ) (-11264 -1024 -32 ) 
4 338 341 (-10240 -2048 -32 ) (-10240 -2048 3584 ) (-11264 -2048 3584 ) (-11264 -2048 -32 ) 
4 338 340 (-11264 -2048 -32 ) (-11264 -2048 3584 ) (-11264 -1024 3584 ) (-11264 -1024 -32 ) 
4 339 340 (-11264 -1024 -32 ) (-11264 -1024 3584 ) (-11392 -1024 3584 ) (-11392 -1024 -32 ) 
4 340 342 (-11264 -2048 -32 ) (-11264 -2048 3584 ) (-11392 -2048 3584 ) (-11392 -2048 -32 ) 
4 341 342 (-11264 -2048 3584 ) (-11264 -2048 -32 ) (-11264 -3056 -32 ) (-11264 -3056 3584 ) 
