PRT1
247
599
4 1 14 (-3072 9216 -32 ) (-3072 9216 3584 ) (-3072 9632 3584 ) (-3072 9632 -32 ) 
4 1 2 (-2048 9216 -32 ) (-2048 9216 3584 ) (-3072 9216 3584 ) (-3072 9216 -32 ) 
4 2 16 (-3072 8192 -32 ) (-3072 8192 3584 ) (-3072 9216 3584 ) (-3072 9216 -32 ) 
4 2 3 (-2048 8192 -32 ) (-2048 8192 3584 ) (-3072 8192 3584 ) (-3072 8192 -32 ) 
4 3 24 (-3072 7168 -32 ) (-3072 7168 3584 ) (-3072 8192 3584 ) (-3072 8192 -32 ) 
4 3 4 (-2048 7168 -32 ) (-2048 7168 3584 ) (-3072 7168 3584 ) (-3072 7168 -32 ) 
4 4 26 (-3072 6144 -32 ) (-3072 6144 3584 ) (-3072 7168 3584 ) (-3072 7168 -32 ) 
4 4 5 (-2048 6144 -32 ) (-2048 6144 3584 ) (-3072 6144 3584 ) (-3072 6144 -32 ) 
4 5 28 (-3072 5120 -32 ) (-3072 5120 3584 ) (-3072 6144 3584 ) (-3072 6144 -32 ) 
4 5 6 (-2048 5120 -32 ) (-2048 5120 3584 ) (-3072 5120 3584 ) (-3072 5120 -32 ) 
4 6 30 (-3072 4096 -32 ) (-3072 4096 3584 ) (-3072 5120 3584 ) (-3072 5120 -32 ) 
4 6 7 (-2048 4096 -32 ) (-2048 4096 3584 ) (-3072 4096 3584 ) (-3072 4096 -32 ) 
4 7 131 (-3072 3072 -32 ) (-3072 3072 3584 ) (-3072 4096 3584 ) (-3072 4096 -32 ) 
4 7 8 (-2048 3072 -32 ) (-2048 3072 3584 ) (-3072 3072 3584 ) (-3072 3072 -32 ) 
4 8 133 (-3072 2048 -32 ) (-3072 2048 3584 ) (-3072 3072 3584 ) (-3072 3072 -32 ) 
4 8 9 (-2048 2048 -32 ) (-2048 2048 3584 ) (-3072 2048 3584 ) (-3072 2048 -32 ) 
4 9 135 (-3072 1024 -32 ) (-3072 1024 3584 ) (-3072 2048 3584 ) (-3072 2048 -32 ) 
4 9 10 (-2048 1024 -32 ) (-2048 1024 3584 ) (-3072 1024 3584 ) (-3072 1024 -32 ) 
4 10 150 (-3072 0 -32 ) (-3072 0 0 ) (-3072 1024 0 ) (-3072 1024 -32 ) 
4 10 148 (-3072 0 0 ) (-3072 0 32 ) (-3072 1024 32 ) (-3072 1024 0 ) 
4 10 147 (-3072 0 32 ) (-3072 0 3584 ) (-3072 1024 3584 ) (-3072 1024 32 ) 
4 10 11 (-2048 0 -32 ) (-2048 0 3584 ) (-3072 0 3584 ) (-3072 0 -32 ) 
4 11 193 (-3072 -1024 -32 ) (-3072 -1024 0 ) (-3072 0 0 ) (-3072 0 -32 ) 
4 11 192 (-3072 -1024 0 ) (-3072 -1024 32 ) (-3072 0 32 ) (-3072 0 0 ) 
4 11 191 (-3072 -1024 32 ) (-3072 -1024 3584 ) (-3072 0 3584 ) (-3072 0 32 ) 
4 11 12 (-2048 -1024 -32 ) (-2048 -1024 3584 ) (-3072 -1024 3584 ) (-3072 -1024 -32 ) 
4 12 199 (-3072 -2048 -32 ) (-3072 -2048 0 ) (-3072 -1024 0 ) (-3072 -1024 -32 ) 
4 12 197 (-3072 -2048 0 ) (-3072 -2048 32 ) (-3072 -1024 32 ) (-3072 -1024 0 ) 
4 12 196 (-3072 -2048 32 ) (-3072 -2048 3584 ) (-3072 -1024 3584 ) (-3072 -1024 32 ) 
4 12 13 (-2048 -2048 -32 ) (-2048 -2048 3584 ) (-3072 -2048 3584 ) (-3072 -2048 -32 ) 
4 13 203 (-3072 -3056 -32 ) (-3072 -3056 3584 ) (-3072 -2048 3584 ) (-3072 -2048 -32 ) 
4 14 16 (-3072 9216 -32 ) (-3072 9216 3584 ) (-4096 9216 3584 ) (-4096 9216 -32 ) 
4 14 15 (-4096 9216 -32 ) (-4096 9216 3584 ) (-4096 9632 3584 ) (-4096 9632 -32 ) 
4 15 18 (-5120 9216 -32 ) (-5120 9216 3584 ) (-5120 9632 3584 ) (-5120 9632 -32 ) 
4 15 17 (-5120 9216 3584 ) (-5120 9216 -32 ) (-4096 9216 -32 ) (-4096 9216 3584 ) 
4 16 24 (-3072 8192 -32 ) (-3072 8192 3584 ) (-4096 8192 3584 ) (-4096 8192 -32 ) 
4 16 17 (-4096 9216 3584 ) (-4096 9216 -32 ) (-4096 8192 -32 ) (-4096 8192 3584 ) 
4 17 25 (-4096 8192 -32 ) (-4096 8192 3584 ) (-5120 8192 3584 ) (-5120 8192 -32 ) 
4 17 19 (-5120 8192 -32 ) (-5120 8192 3584 ) (-5120 9216 3584 ) (-5120 9216 -32 ) 
4 18 20 (-6144 9216 -32 ) (-6144 9216 3584 ) (-6144 9632 3584 ) (-6144 9632 -32 ) 
4 18 19 (-5120 9216 -32 ) (-5120 9216 3584 ) (-6144 9216 3584 ) (-6144 9216 -32 ) 
4 19 32 (-5120 8192 -32 ) (-5120 8192 3584 ) (-6144 8192 3584 ) (-6144 8192 -32 ) 
4 19 22 (-6144 8192 -32 ) (-6144 8192 3584 ) (-6144 9216 3584 ) (-6144 9216 -32 ) 
4 20 22 (-6144 9216 -32 ) (-6144 9216 3584 ) (-7168 9216 3584 ) (-7168 9216 -32 ) 
4 20 21 (-7168 9216 -32 ) (-7168 9216 3584 ) (-7168 9632 3584 ) (-7168 9632 -32 ) 
4 21 52 (-8192 9216 -32 ) (-8192 9216 3584 ) (-8192 9632 3584 ) (-8192 9632 -32 ) 
4 21 23 (-7168 9216 -32 ) (-7168 9216 3584 ) (-8192 9216 3584 ) (-8192 9216 -32 ) 
4 22 34 (-6144 8192 -32 ) (-6144 8192 3584 ) (-7168 8192 3584 ) (-7168 8192 -32 ) 
4 22 23 (-7168 9216 3584 ) (-7168 9216 -32 ) (-7168 8192 -32 ) (-7168 8192 3584 ) 
4 23 54 (-8192 8192 -32 ) (-8192 8192 3584 ) (-8192 9216 3584 ) (-8192 9216 -32 ) 
4 23 37 (-8192 8192 32 ) (-8192 8192 -32 ) (-8128 8192 -32 ) (-8128 8192 32 ) 
4 23 36 (-8128 8192 3584 ) (-8192 8192 3584 ) (-8192 8192 32 ) (-8128 8192 32 ) 
4 23 35 (-7168 8192 -32 ) (-7168 8192 3584 ) (-8128 8192 3584 ) (-8128 8192 -32 ) 
4 24 26 (-3072 7168 -32 ) (-3072 7168 3584 ) (-4096 7168 3584 ) (-4096 7168 -32 ) 
4 24 25 (-4096 7168 -32 ) (-4096 7168 3584 ) (-4096 8192 3584 ) (-4096 8192 -32 ) 
4 25 32 (-5120 8192 3584 ) (-5120 8192 -32 ) (-5120 7168 -32 ) (-5120 7168 3584 ) 
4 25 27 (-5120 7168 3584 ) (-5120 7168 -32 ) (-4096 7168 -32 ) (-4096 7168 3584 ) 
4 26 28 (-3072 6144 -32 ) (-3072 6144 3584 ) (-4096 6144 3584 ) (-4096 6144 -32 ) 
4 26 27 (-4096 7168 3584 ) (-4096 7168 -32 ) (-4096 6144 -32 ) (-4096 6144 3584 ) 
4 27 33 (-5120 6144 -32 ) (-5120 6144 3584 ) (-5120 7168 3584 ) (-5120 7168 -32 ) 
4 27 29 (-4096 6144 -32 ) (-4096 6144 3584 ) (-5120 6144 3584 ) (-5120 6144 -32 ) 
4 28 30 (-3072 5120 -32 ) (-3072 5120 3584 ) (-4096 5120 3584 ) (-4096 5120 -32 ) 
4 28 29 (-4096 5120 -32 ) (-4096 5120 3584 ) (-4096 6144 3584 ) (-4096 6144 -32 ) 
4 29 43 (-5120 5120 -32 ) (-5120 5120 3584 ) (-5120 6144 3584 ) (-5120 6144 -32 ) 
4 29 31 (-5120 5120 3584 ) (-5120 5120 -32 ) (-4096 5120 -32 ) (-4096 5120 3584 ) 
4 30 131 (-3072 4096 -32 ) (-3072 4096 3584 ) (-4096 4096 3584 ) (-4096 4096 -32 ) 
4 30 31 (-4096 5120 3584 ) (-4096 5120 -32 ) (-4096 4096 -32 ) (-4096 4096 3584 ) 
4 31 132 (-4096 4096 -32 ) (-4096 4096 3584 ) (-5120 4096 3584 ) (-5120 4096 -32 ) 
4 31 44 (-5120 4096 -32 ) (-5120 4096 3584 ) (-5120 5120 3584 ) (-5120 5120 -32 ) 
4 32 34 (-6144 8192 3584 ) (-6144 8192 -32 ) (-6144 7168 -32 ) (-6144 7168 3584 ) 
4 32 33 (-5120 7168 -32 ) (-5120 7168 3584 ) (-6144 7168 3584 ) (-6144 7168 -32 ) 
4 33 43 (-5120 6144 -32 ) (-5120 6144 3584 ) (-6144 6144 3584 ) (-6144 6144 -32 ) 
4 33 39 (-6144 6144 -32 ) (-6144 6144 3584 ) (-6144 7168 3584 ) (-6144 7168 -32 ) 
4 34 39 (-6144 7168 -32 ) (-6144 7168 3584 ) (-7168 7168 3584 ) (-7168 7168 -32 ) 
4 34 35 (-7168 8192 3584 ) (-7168 8192 -32 ) (-7168 7168 -32 ) (-7168 7168 3584 ) 
4 35 40 (-7168 7168 -32 ) (-7168 7168 3584 ) (-8128 7168 3584 ) (-8128 7168 -32 ) 
4 35 38 (-8128 7168 -32 ) (-8128 7168 0 ) (-8128 8096 0 ) (-8128 8096 -32 ) 
4 35 37 (-8128 8096 32 ) (-8128 8192 32 ) (-8128 8192 -32 ) (-8128 8096 -32 ) 
4 35 36 (-8128 7168 32 ) (-8128 7168 3584 ) (-8128 8192 3584 ) (-8128 8192 32 ) 
4 36 60 (-8192 7168 32 ) (-8192 7168 3584 ) (-8192 8192 3584 ) (-8192 8192 32 ) 
4 36 41 (-8128 7168 32 ) (-8128 7168 3584 ) (-8192 7168 3584 ) (-8192 7168 32 ) 
4 36 37 (-8192 8096 32 ) (-8192 8192 32 ) (-8128 8192 32 ) (-8128 8096 32 ) 
4 37 62 (-8192 8192 0 ) (-8192 8192 -32 ) (-8192 8096 -32 ) (-8192 8096 0 ) 
4 37 61 (-8192 8096 32 ) (-8192 8192 32 ) (-8192 8192 0 ) (-8192 8096 0 ) 
4 37 38 (-8192 8096 -32 ) (-8128 8096 -32 ) (-8128 8096 0 ) (-8192 8096 0 ) 
4 38 62 (-8192 7168 -32 ) (-8192 7168 0 ) (-8192 8096 0 ) (-8192 8096 -32 ) 
4 38 42 (-8128 7168 -32 ) (-8128 7168 0 ) (-8192 7168 0 ) (-8192 7168 -32 ) 
4 39 45 (-6144 6144 -32 ) (-6144 6144 3584 ) (-7168 6144 3584 ) (-7168 6144 -32 ) 
4 39 40 (-7168 7168 3584 ) (-7168 7168 -32 ) (-7168 6144 -32 ) (-7168 6144 3584 ) 
4 40 46 (-7168 6144 -32 ) (-7168 6144 3584 ) (-8128 6144 3584 ) (-8128 6144 -32 ) 
4 40 42 (-8128 6144 -32 ) (-8128 6144 0 ) (-8128 7168 0 ) (-8128 7168 -32 ) 
4 40 41 (-8128 6144 32 ) (-8128 6144 3584 ) (-8128 7168 3584 ) (-8128 7168 32 ) 
4 41 67 (-8192 6144 32 ) (-8192 6144 3584 ) (-8192 7168 3584 ) (-8192 7168 32 ) 
4 41 47 (-8128 6144 32 ) (-8128 6144 3584 ) (-8192 6144 3584 ) (-8192 6144 32 ) 
4 42 76 (-8192 6144 -32 ) (-8192 6144 0 ) (-8192 7168 0 ) (-8192 7168 -32 ) 
4 42 49 (-8128 6144 -32 ) (-8128 6144 0 ) (-8192 6144 0 ) (-8192 6144 -32 ) 
4 43 45 (-6144 6144 3584 ) (-6144 6144 -32 ) (-6144 5120 -32 ) (-6144 5120 3584 ) 
4 43 44 (-5120 5120 -32 ) (-5120 5120 3584 ) (-6144 5120 3584 ) (-6144 5120 -32 ) 
4 44 174 (-5120 4096 -32 ) (-5120 4096 3584 ) (-6144 4096 3584 ) (-6144 4096 -32 ) 
4 44 50 (-6144 4096 -32 ) (-6144 4096 3584 ) (-6144 5120 3584 ) (-6144 5120 -32 ) 
4 45 50 (-6144 5120 -32 ) (-6144 5120 3584 ) (-7168 5120 3584 ) (-7168 5120 -32 ) 
4 45 46 (-7168 6144 3584 ) (-7168 6144 -32 ) (-7168 5120 -32 ) (-7168 5120 3584 ) 
4 46 51 (-7168 5120 -32 ) (-7168 5120 3584 ) (-8128 5120 3584 ) (-8128 5120 -32 ) 
4 46 49 (-8128 5120 -32 ) (-8128 5120 0 ) (-8128 6144 0 ) (-8128 6144 -32 ) 
4 46 47 (-8128 5336 3584 ) (-8128 6144 3584 ) (-8128 6144 32 ) (-8128 5336 32 ) 
4 46 48 (-8128 5120 0 ) (-8128 5120 3584 ) (-8128 5336 3584 ) (-8128 5336 0 ) 
4 47 103 (-8192 6104 32 ) (-8192 5336 32 ) (-8192 5336 208 ) (-8192 6104 208 ) 
4 47 100 (-8192 6112 32 ) (-8192 6104 32 ) (-8192 6104 208 ) (-8192 6112 208 ) 
4 47 98 (-8192 6144 208 ) (-8192 6144 32 ) (-8192 6112 32 ) (-8192 6112 208 ) 
4 47 92 (-8192 6112 208 ) (-8192 5336 208 ) (-8192 5336 384 ) (-8192 6112 384 ) 
4 47 90 (-8192 6144 384 ) (-8192 6144 208 ) (-8192 6112 208 ) (-8192 6112 384 ) 
4 47 87 (-8192 5336 3584 ) (-8192 6144 3584 ) (-8192 6144 384 ) (-8192 5336 384 ) 
4 47 48 (-8128 5336 32 ) (-8128 5336 3584 ) (-8192 5336 3584 ) (-8192 5336 32 ) 
4 48 110 (-8192 5120 0 ) (-8192 5120 32 ) (-8192 5336 32 ) (-8192 5336 0 ) 
4 48 103 (-8192 5120 32 ) (-8192 5120 208 ) (-8192 5336 208 ) (-8192 5336 32 ) 
4 48 92 (-8192 5120 208 ) (-8192 5120 384 ) (-8192 5336 384 ) (-8192 5336 208 ) 
4 48 87 (-8192 5120 384 ) (-8192 5120 3584 ) (-8192 5336 3584 ) (-8192 5336 384 ) 
4 48 51 (-8128 5120 0 ) (-8128 5120 3584 ) (-8192 5120 3584 ) (-8192 5120 0 ) 
4 48 49 (-8192 5120 0 ) (-8192 5336 0 ) (-8128 5336 0 ) (-8128 5120 0 ) 
4 49 111 (-8192 5120 -32 ) (-8192 5120 0 ) (-8192 6144 0 ) (-8192 6144 -32 ) 
4 49 51 (-8128 5120 -32 ) (-8128 5120 0 ) (-8192 5120 0 ) (-8192 5120 -32 ) 
4 50 176 (-6144 4096 -32 ) (-6144 4096 3584 ) (-7168 4096 3584 ) (-7168 4096 -32 ) 
4 50 51 (-7168 5120 3584 ) (-7168 5120 -32 ) (-7168 4096 -32 ) (-7168 4096 3584 ) 
4 51 177 (-7168 4096 -32 ) (-7168 4096 3584 ) (-8192 4096 3584 ) (-8192 4096 -32 ) 
4 51 121 (-8192 4096 -32 ) (-8192 4096 3584 ) (-8192 5120 3584 ) (-8192 5120 -32 ) 
4 52 54 (-8192 9216 -32 ) (-8192 9216 3584 ) (-9216 9216 3584 ) (-9216 9216 -32 ) 
4 52 53 (-9216 9216 -32 ) (-9216 9216 3584 ) (-9216 9632 3584 ) (-9216 9632 -32 ) 
4 53 56 (-10240 9216 -32 ) (-10240 9216 3584 ) (-10240 9632 3584 ) (-10240 9632 -32 ) 
4 53 55 (-10240 9216 3584 ) (-10240 9216 -32 ) (-9216 9216 -32 ) (-9216 9216 3584 ) 
4 54 62 (-8192 8192 -32 ) (-8192 8192 0 ) (-9216 8192 0 ) (-9216 8192 -32 ) 
4 54 61 (-8192 8192 0 ) (-8192 8192 32 ) (-9216 8192 32 ) (-9216 8192 0 ) 
4 54 60 (-8192 8192 32 ) (-8192 8192 3584 ) (-9216 8192 3584 ) (-9216 8192 32 ) 
4 54 55 (-9216 9216 3584 ) (-9216 9216 -32 ) (-9216 8192 -32 ) (-9216 8192 3584 ) 
4 55 66 (-9216 8192 -32 ) (-9216 8192 0 ) (-10240 8192 0 ) (-10240 8192 -32 ) 
4 55 64 (-9216 8192 0 ) (-9216 8192 32 ) (-9856 8192 32 ) (-9856 8192 0 ) 
4 55 65 (-9856 8192 32 ) (-10240 8192 32 ) (-10240 8192 0 ) (-9856 8192 0 ) 
4 55 63 (-9216 8192 32 ) (-9216 8192 3584 ) (-10240 8192 3584 ) (-10240 8192 32 ) 
4 55 57 (-10240 8192 -32 ) (-10240 8192 3584 ) (-10240 9216 3584 ) (-10240 9216 -32 ) 
4 56 58 (-11264 9216 -32 ) (-11264 9216 3584 ) (-11264 9632 3584 ) (-11264 9632 -32 ) 
4 56 57 (-10240 9216 -32 ) (-10240 9216 3584 ) (-11264 9216 3584 ) (-11264 9216 -32 ) 
4 57 123 (-10240 8192 -32 ) (-10240 8192 3584 ) (-11264 8192 3584 ) (-11264 8192 -32 ) 
4 57 59 (-11264 8192 -32 ) (-11264 8192 3584 ) (-11264 9216 3584 ) (-11264 9216 -32 ) 
4 58 59 (-11264 9216 -32 ) (-11264 9216 3584 ) (-11392 9216 3584 ) (-11392 9216 -32 ) 
4 59 125 (-11264 8192 -32 ) (-11264 8192 3584 ) (-11392 8192 3584 ) (-11392 8192 -32 ) 
4 60 68 (-8320 7168 3584 ) (-9216 7168 3584 ) (-9216 7168 32 ) (-8320 7168 32 ) 
4 60 67 (-8192 7168 32 ) (-8192 7168 3584 ) (-8320 7168 3584 ) (-8320 7168 32 ) 
4 60 63 (-9216 7168 32 ) (-9216 7168 3584 ) (-9216 8192 3584 ) (-9216 8192 32 ) 
4 60 61 (-9216 8096 32 ) (-9216 8192 32 ) (-8192 8192 32 ) (-8192 8096 32 ) 
4 61 64 (-9216 8096 32 ) (-9216 8192 32 ) (-9216 8192 0 ) (-9216 8096 0 ) 
4 61 62 (-9216 8096 0 ) (-9216 8192 0 ) (-8192 8192 0 ) (-8192 8096 0 ) 
4 62 76 (-8192 7168 -32 ) (-8192 7168 0 ) (-9216 7168 0 ) (-9216 7168 -32 ) 
4 62 66 (-9216 7168 -32 ) (-9216 7168 0 ) (-9216 8192 0 ) (-9216 8192 -32 ) 
4 63 123 (-10240 8192 3584 ) (-10240 8192 32 ) (-10240 7168 32 ) (-10240 7168 3584 ) 
4 63 77 (-10240 7168 3584 ) (-10240 7168 32 ) (-9216 7168 32 ) (-9216 7168 3584 ) 
4 63 64 (-9216 8192 32 ) (-9216 8096 32 ) (-9856 8096 32 ) (-9856 8192 32 ) 
4 63 65 (-9856 7168 32 ) (-10240 7168 32 ) (-10240 8192 32 ) (-9856 8192 32 ) 
4 64 66 (-9856 8096 0 ) (-9856 8192 0 ) (-9216 8192 0 ) (-9216 8096 0 ) 
4 64 65 (-9856 8192 0 ) (-9856 8096 0 ) (-9856 8096 32 ) (-9856 8192 32 ) 
4 65 123 (-10240 8192 32 ) (-10240 8192 0 ) (-10240 7168 0 ) (-10240 7168 32 ) 
4 65 79 (-10240 7168 32 ) (-10240 7168 0 ) (-9856 7168 0 ) (-9856 7168 32 ) 
4 65 66 (-9856 7168 0 ) (-10240 7168 0 ) (-10240 8192 0 ) (-9856 8192 0 ) 
4 66 123 (-10240 8192 0 ) (-10240 8192 -32 ) (-10240 7168 -32 ) (-10240 7168 0 ) 
4 66 78 (-9856 7168 -32 ) (-9216 7168 -32 ) (-9216 7168 0 ) (-9856 7168 0 ) 
4 66 79 (-10240 7168 0 ) (-10240 7168 -32 ) (-9856 7168 -32 ) (-9856 7168 0 ) 
4 67 98 (-8192 6144 32 ) (-8192 6144 208 ) (-8320 6144 208 ) (-8320 6144 32 ) 
4 67 90 (-8192 6144 208 ) (-8192 6144 384 ) (-8320 6144 384 ) (-8320 6144 208 ) 
4 67 87 (-8192 6144 384 ) (-8192 6144 3584 ) (-8320 6144 3584 ) (-8320 6144 384 ) 
4 67 74 (-8320 6400 32 ) (-8320 6256 32 ) (-8320 6256 172 ) (-8320 6400 172 ) 
3 67 73 (-8320 6144 427.228210 ) (-8320 6144 532.771851 ) (-8320 6332 480 ) 
4 67 72 (-8320 6144 532.771851 ) (-8320 6144 3584 ) (-8320 6552 3584 ) (-8320 6552 418.245605 ) 
4 67 69 (-8320 6552 418.245514 ) (-8320 6552 3584 ) (-8320 6560 3584 ) (-8320 6560 416 ) 
4 67 68 (-8320 7168 3584 ) (-8320 7168 32 ) (-8320 6560 32 ) (-8320 6560 3584 ) 
4 68 77 (-9216 7168 3584 ) (-9216 7168 32 ) (-9216 6560 32 ) (-9216 6560 3584 ) 
4 68 71 (-9136 6560 32 ) (-8992 6560 32 ) (-8992 6560 172 ) (-9136 6560 172 ) 
4 68 70 (-8688 6560 32 ) (-8544 6560 32 ) (-8544 6560 172 ) (-8688 6560 172 ) 
4 68 69 (-9216 6560 3584 ) (-9216 6560 416 ) (-8320 6560 416 ) (-8320 6560 3584 ) 
4 69 80 (-9216 6552 418.245514 ) (-9216 6552 3584 ) (-9216 6560 3584 ) (-9216 6560 416 ) 
4 69 72 (-8320 6552 418.245514 ) (-8320 6552 3584 ) (-9216 6552 3584 ) (-9216 6552 418.245605 ) 
4 70 75 (-8688 6552 32 ) (-8544 6552 32 ) (-8544 6552 172 ) (-8688 6552 172 ) 
4 71 75 (-9136 6552 32 ) (-8992 6552 32 ) (-8992 6552 172 ) (-9136 6552 172 ) 
4 72 88 (-9216 6144 3584 ) (-9216 6144 532.771973 ) (-8320 6144 532.771851 ) (-8320 6144 3584 ) 
4 72 80 (-9216 6144 532.771851 ) (-9216 6144 3584 ) (-9216 6552 3584 ) (-9216 6552 418.245605 ) 
4 72 73 (-9216 6144 532.771484 ) (-9216 6332 480 ) (-8320 6332 480 ) (-8320 6144 532.771423 ) 
4 73 88 (-9216 6144 532.771973 ) (-9216 6144 427.228210 ) (-8320 6144 427.228210 ) (-8320 6144 532.771851 ) 
3 73 81 (-9216 6144 427.228210 ) (-9216 6144 532.771851 ) (-9216 6332 480 ) 
4 74 75 (-8328 6400 172 ) (-8328 6400 32 ) (-8328 6256 32 ) (-8328 6256 172 ) 
4 75 99 (-9216 6144 208 ) (-9216 6144 32 ) (-8328 6144 32 ) (-8328 6144 208 ) 
4 75 91 (-9216 6144 384 ) (-9216 6144 208 ) (-8328 6144 208 ) (-8328 6144 384 ) 
4 75 83 (-9216 6552 32 ) (-9216 6144 32 ) (-9216 6144 384 ) (-9216 6552 384 ) 
4 76 111 (-8192 6144 -32 ) (-8192 6144 0 ) (-9216 6144 0 ) (-9216 6144 -32 ) 
4 76 86 (-9216 6560 -32 ) (-9216 6144 -32 ) (-9216 6144 0 ) (-9216 6560 0 ) 
4 76 78 (-9216 7168 0 ) (-9216 7168 -32 ) (-9216 6560 -32 ) (-9216 6560 0 ) 
4 77 124 (-10240 6560 32 ) (-10240 6560 3584 ) (-10240 7168 3584 ) (-10240 7168 32 ) 
4 77 84 (-10240 6560 384 ) (-10240 6560 32 ) (-9344 6560 32 ) (-9344 6560 384 ) 
4 77 82 (-10240 6560 3584 ) (-10240 6560 384 ) (-9344 6560 384 ) (-9344 6560 3584 ) 
4 77 80 (-9216 6560 416 ) (-9216 6560 3584 ) (-9344 6560 3584 ) (-9344 6560 416 ) 
4 77 79 (-9856 6560 32 ) (-10240 6560 32 ) (-10240 7168 32 ) (-9856 7168 32 ) 
4 78 86 (-9856 6560 -32 ) (-9216 6560 -32 ) (-9216 6560 0 ) (-9856 6560 0 ) 
4 78 79 (-9856 7168 -32 ) (-9856 6560 -32 ) (-9856 6560 0 ) (-9856 7168 0 ) 
4 79 124 (-10240 6560 -32 ) (-10240 6560 32 ) (-10240 7168 32 ) (-10240 7168 -32 ) 
4 79 86 (-10240 6560 0 ) (-10240 6560 -32 ) (-9856 6560 -32 ) (-9856 6560 0 ) 
4 79 85 (-10240 6560 32 ) (-10240 6560 0 ) (-9856 6560 0 ) (-9856 6560 32 ) 
4 80 112 (-9216 6144 532.771851 ) (-9216 6144 3584 ) (-9344 6144 3584 ) (-9344 6144 532.771973 ) 
4 80 82 (-9344 6560 3584 ) (-9344 6560 416 ) (-9344 6144 532.771851 ) (-9344 6144 3584 ) 
4 80 81 (-9344 6144 532.770752 ) (-9344 6331.997559 480 ) (-9216 6331.997559 480 ) (-9216 6144 532.770691 ) 
4 81 112 (-9216 6144 427.228210 ) (-9216 6144 532.771851 ) (-9344 6144 532.771973 ) (-9344 6144 427.228210 ) 
3 81 82 (-9344 6144 427.228210 ) (-9344 6144 532.771851 ) (-9344 6332 480 ) 
4 82 124 (-10240 6144 384 ) (-10240 6144 3584 ) (-10240 6560 3584 ) (-10240 6560 384 ) 
4 82 114 (-10240 6144 3584 ) (-10240 6144 384 ) (-9344 6144 384 ) (-9344 6144 3584 ) 
4 82 84 (-9344 6144 384 ) (-10240 6144 384 ) (-10240 6560 384 ) (-9344 6560 384 ) 
4 83 115 (-9216 6144 32 ) (-9216 6144 384 ) (-9336 6144 384 ) (-9336 6144 32 ) 
4 84 124 (-10240 6144 32 ) (-10240 6144 384 ) (-10240 6560 384 ) (-10240 6560 32 ) 
4 84 116 (-9344 6144 384 ) (-10240 6144 384 ) (-10240 6144 32 ) (-9344 6144 32 ) 
4 84 85 (-10240 6144 32 ) (-10240 6560 32 ) (-9856 6560 32 ) (-9856 6144 32 ) 
4 85 124 (-10240 6144 0 ) (-10240 6144 32 ) (-10240 6560 32 ) (-10240 6560 0 ) 
4 85 118 (-9856 6144 32 ) (-10240 6144 32 ) (-10240 6144 0 ) (-9856 6144 0 ) 
4 85 86 (-9856 6144 0 ) (-10240 6144 0 ) (-10240 6560 0 ) (-9856 6560 0 ) 
4 86 124 (-10240 6144 -32 ) (-10240 6144 0 ) (-10240 6560 0 ) (-10240 6560 -32 ) 
4 86 119 (-9216 6144 -32 ) (-9216 6144 0 ) (-10240 6144 0 ) (-10240 6144 -32 ) 
4 87 121 (-8192 5120 384 ) (-8192 5120 3584 ) (-8320 5120 3584 ) (-8320 5120 384 ) 
4 87 92 (-8192 6112 384 ) (-8192 5120 384 ) (-8320 5120 384 ) (-8320 6112 384 ) 
4 87 90 (-8320 6144 384 ) (-8192 6144 384 ) (-8192 6112 384 ) (-8320 6112 384 ) 
3 87 89 (-8320 6104 384 ) (-8320 5990 384 ) (-8320 6104 416 ) 
5 87 88 (-8320 5990 384 ) (-8320 5120 384 ) (-8320 5120 3584 ) (-8320 6144 3584 ) (-8320 6144 427.228027 ) 
4 88 121 (-8320 5120 3584 ) (-9216 5120 3584 ) (-9216 5120 384 ) (-8320 5120 384 ) 
5 88 112 (-9216 5120 384 ) (-9216 5120 3584 ) (-9216 6144 3584 ) (-9216 6144 427.228027 ) (-9216 5990 384 ) 
4 88 97 (-9216 5120 384 ) (-9216 5990 384 ) (-8832 5990 384 ) (-8832 5120 384 ) 
4 88 95 (-8832 5990 384 ) (-8576 5990 384 ) (-8576 5336 384 ) (-8832 5336 384 ) 
4 88 96 (-8576 5336 384 ) (-8576 5120 384 ) (-8832 5120 384 ) (-8832 5336 384 ) 
4 88 93 (-8576 5990 384 ) (-8320 5990 384 ) (-8320 5336 384 ) (-8576 5336 384 ) 
4 88 94 (-8320 5336 384 ) (-8320 5120 384 ) (-8576 5120 384 ) (-8576 5336 384 ) 
4 88 89 (-8320 6104 416 ) (-8320 5990 384 ) (-9216 5990 384 ) (-9216 6104 416 ) 
3 89 113 (-9216 6104 384 ) (-9216 5990 384 ) (-9216 6104 416 ) 
4 89 97 (-9216 5990 384 ) (-9216 6104 384 ) (-8832 6104 384 ) (-8832 5990 384 ) 
4 89 95 (-8832 6104 384 ) (-8576 6104 384 ) (-8576 5990 384 ) (-8832 5990 384 ) 
4 89 93 (-8576 6104 384 ) (-8320 6104 384 ) (-8320 5990 384 ) (-8576 5990 384 ) 
4 90 98 (-8320 6144 208 ) (-8192 6144 208 ) (-8192 6112 208 ) (-8320 6112 208 ) 
4 90 92 (-8320 6112 208 ) (-8192 6112 208 ) (-8192 6112 384 ) (-8320 6112 384 ) 
4 91 115 (-9216 6112 384 ) (-9216 6144 384 ) (-9216 6144 208 ) (-9216 6112 208 ) 
4 91 99 (-9216 6112 208 ) (-9216 6144 208 ) (-8328 6144 208 ) (-8328 6112 208 ) 
4 92 121 (-8192 5120 208 ) (-8192 5120 384 ) (-8320 5120 384 ) (-8320 5120 208 ) 
4 92 103 (-8192 5120 208 ) (-8320 5120 208 ) (-8320 6104 208 ) (-8192 6104 208 ) 
4 92 100 (-8320 6104 208 ) (-8320 6112 208 ) (-8192 6112 208 ) (-8192 6104 208 ) 
4 92 93 (-8320 6104 288 ) (-8320 5336 288 ) (-8320 5336 384 ) (-8320 6104 384 ) 
4 92 94 (-8320 5336 208 ) (-8320 5120 208 ) (-8320 5120 384 ) (-8320 5336 384 ) 
4 93 95 (-8576 5336 376 ) (-8576 5336 384 ) (-8576 6104 384 ) (-8576 6104 376 ) 
4 93 94 (-8576 5336 384 ) (-8576 5336 368 ) (-8320 5336 288 ) (-8320 5336 384 ) 
4 94 121 (-8320 5120 384 ) (-8576 5120 384 ) (-8576 5120 208 ) (-8320 5120 208 ) 
4 94 107 (-8320 5120 208 ) (-8576 5120 208 ) (-8576 5336 208 ) (-8320 5336 208 ) 
4 94 96 (-8576 5336 208 ) (-8576 5120 208 ) (-8576 5120 384 ) (-8576 5336 384 ) 
4 95 97 (-8832 5336 296 ) (-8832 5336 384 ) (-8832 6104 384 ) (-8832 6104 296 ) 
4 95 96 (-8832 5336 384 ) (-8832 5336 296 ) (-8576 5336 376 ) (-8576 5336 384 ) 
4 96 121 (-8576 5120 384 ) (-8832 5120 384 ) (-8832 5120 208 ) (-8576 5120 208 ) 
4 96 107 (-8576 5120 208 ) (-8832 5120 208 ) (-8832 5336 208 ) (-8576 5336 208 ) 
4 96 97 (-8832 5336 208 ) (-8832 5120 208 ) (-8832 5120 384 ) (-8832 5336 384 ) 
4 97 121 (-8832 5120 384 ) (-9216 5120 384 ) (-9216 5120 208 ) (-8832 5120 208 ) 
4 97 120 (-9216 5120 208 ) (-9216 5120 384 ) (-9216 6104 384 ) (-9216 6104 208 ) 
4 97 108 (-8832 5120 208 ) (-9216 5120 208 ) (-9216 5344 208 ) (-8832 5344 208 ) 
4 97 106 (-9216 5344 208 ) (-9216 6104 208 ) (-8832 6104 208 ) (-8832 5344 208 ) 
4 98 100 (-8320 6112 32 ) (-8192 6112 32 ) (-8192 6112 208 ) (-8320 6112 208 ) 
4 99 115 (-9216 6112 208 ) (-9216 6144 208 ) (-9216 6144 32 ) (-9216 6112 32 ) 
4 99 102 (-9136 6112 32 ) (-8992 6112 32 ) (-8992 6112 172 ) (-9136 6112 172 ) 
4 99 101 (-8672 6112 32 ) (-8480 6112 32 ) (-8480 6112 160 ) (-8672 6112 160 ) 
4 100 103 (-8320 6104 32 ) (-8192 6104 32 ) (-8192 6104 208 ) (-8320 6104 208 ) 
4 101 105 (-8672 6104 32 ) (-8480 6104 32 ) (-8480 6104 160 ) (-8672 6104 160 ) 
4 102 106 (-9136 6104 32 ) (-8992 6104 32 ) (-8992 6104 172 ) (-9136 6104 172 ) 
4 103 121 (-8192 5120 32 ) (-8192 5120 208 ) (-8320 5120 208 ) (-8320 5120 32 ) 
4 103 110 (-8192 5336 32 ) (-8192 5120 32 ) (-8320 5120 32 ) (-8320 5336 32 ) 
4 103 107 (-8320 5336 32 ) (-8320 5120 32 ) (-8320 5120 208 ) (-8320 5336 208 ) 
4 103 104 (-8320 5820 32 ) (-8320 5628 32 ) (-8320 5628 160 ) (-8320 5820 160 ) 
4 104 105 (-8328 5820 32 ) (-8328 5628 32 ) (-8328 5628 160 ) (-8328 5820 160 ) 
4 106 120 (-9216 5344 208 ) (-9216 6104 208 ) (-9216 6104 32 ) (-9216 5344 32 ) 
4 106 109 (-9216 5344 32 ) (-9216 6104 32 ) (-8832 6104 32 ) (-8832 5344 32 ) 
4 106 108 (-9216 5344 32 ) (-8832 5344 32 ) (-8832 5344 208 ) (-9216 5344 208 ) 
4 107 121 (-8320 5120 208 ) (-8832 5120 208 ) (-8832 5120 32 ) (-8320 5120 32 ) 
4 107 110 (-8320 5336 32 ) (-8320 5120 32 ) (-8832 5120 32 ) (-8832 5336 32 ) 
4 107 108 (-8832 5336 32 ) (-8832 5120 32 ) (-8832 5120 208 ) (-8832 5336 208 ) 
4 108 121 (-8832 5120 208 ) (-9216 5120 208 ) (-9216 5120 32 ) (-8832 5120 32 ) 
4 108 120 (-9216 5120 32 ) (-9216 5120 208 ) (-9216 5344 208 ) (-9216 5344 32 ) 
4 108 109 (-9216 5336 32 ) (-9216 5344 32 ) (-8832 5344 32 ) (-8832 5336 32 ) 
4 108 110 (-9216 5120 32 ) (-9216 5336 32 ) (-8832 5336 32 ) (-8832 5120 32 ) 
4 109 120 (-9216 5336 32 ) (-9216 6104 32 ) (-9216 6104 0 ) (-9216 5336 0 ) 
4 109 111 (-9216 5336 0 ) (-9216 6104 0 ) (-8832 6104 0 ) (-8832 5336 0 ) 
4 109 110 (-9216 5336 0 ) (-8832 5336 0 ) (-8832 5336 32 ) (-9216 5336 32 ) 
4 110 121 (-8192 5120 0 ) (-8192 5120 32 ) (-9216 5120 32 ) (-9216 5120 0 ) 
4 110 120 (-9216 5120 0 ) (-9216 5120 32 ) (-9216 5336 32 ) (-9216 5336 0 ) 
4 110 111 (-8192 5120 0 ) (-9216 5120 0 ) (-9216 5336 0 ) (-8192 5336 0 ) 
4 111 121 (-8192 5120 -32 ) (-8192 5120 0 ) (-9216 5120 0 ) (-9216 5120 -32 ) 
4 111 120 (-9216 5120 -32 ) (-9216 5120 0 ) (-9216 6104 0 ) (-9216 6104 -32 ) 
4 111 119 (-9216 6104 0 ) (-9216 6144 0 ) (-9216 6144 -32 ) (-9216 6104 -32 ) 
4 112 122 (-9344 5120 384 ) (-9216 5120 384 ) (-9216 5120 3584 ) (-9344 5120 3584 ) 
4 112 120 (-9216 5990 384 ) (-9216 5120 384 ) (-9344 5120 384 ) (-9344 5990 384 ) 
5 112 114 (-9344 5990 384 ) (-9344 5120 384 ) (-9344 5120 3584 ) (-9344 6144 3584 ) (-9344 6144 427.228027 ) 
4 112 113 (-9216 5990.007813 384 ) (-9344 5990.007813 384 ) (-9344 6104 415.997803 ) (-9216 6104 415.997803 ) 
4 113 120 (-9216 6104 384 ) (-9216 5990 384 ) (-9344 5990 384 ) (-9344 6104 384 ) 
3 113 114 (-9344 6104 384 ) (-9344 5990 384 ) (-9344 6104 416 ) 
4 114 127 (-10240 5120 384 ) (-10240 5120 3584 ) (-10240 6144 3584 ) (-10240 6144 384 ) 
4 114 122 (-10240 5120 3584 ) (-10240 5120 384 ) (-9344 5120 384 ) (-9344 5120 3584 ) 
4 114 120 (-9344 6104 384 ) (-9344 5120 384 ) (-10240 5120 384 ) (-10240 6104 384 ) 
4 114 117 (-9344 6112 384 ) (-9344 6104 384 ) (-10240 6104 384 ) (-10240 6112 384 ) 
4 114 116 (-10240 6144 384 ) (-9344 6144 384 ) (-9344 6112 384 ) (-10240 6112 384 ) 
4 116 127 (-10240 6112 384 ) (-10240 6144 384 ) (-10240 6144 32 ) (-10240 6112 32 ) 
4 116 118 (-10240 6112 32 ) (-10240 6144 32 ) (-9856 6144 32 ) (-9856 6112 32 ) 
4 116 117 (-10240 6112 32 ) (-9344 6112 32 ) (-9344 6112 384 ) (-10240 6112 384 ) 
4 117 127 (-10240 6104 32 ) (-10240 6104 384 ) (-10240 6112 384 ) (-10240 6112 32 ) 
4 117 120 (-9344 6104 384 ) (-10240 6104 384 ) (-10240 6104 32 ) (-9344 6104 32 ) 
4 117 118 (-9856 6104 32 ) (-10240 6104 32 ) (-10240 6112 32 ) (-9856 6112 32 ) 
4 118 127 (-10240 6104 0 ) (-10240 6104 32 ) (-10240 6144 32 ) (-10240 6144 0 ) 
4 118 120 (-9856 6104 32 ) (-10240 6104 32 ) (-10240 6104 0 ) (-9856 6104 0 ) 
4 118 119 (-9856 6104 0 ) (-10240 6104 0 ) (-10240 6144 0 ) (-9856 6144 0 ) 
4 119 127 (-10240 6104 -32 ) (-10240 6104 0 ) (-10240 6144 0 ) (-10240 6144 -32 ) 
4 119 120 (-9216 6104 -32 ) (-9216 6104 0 ) (-10240 6104 0 ) (-10240 6104 -32 ) 
4 120 127 (-10240 5120 -32 ) (-10240 5120 384 ) (-10240 6104 384 ) (-10240 6104 -32 ) 
4 120 122 (-10240 5120 384 ) (-10240 5120 -32 ) (-9216 5120 -32 ) (-9216 5120 384 ) 
4 121 219 (-8192 4096 -32 ) (-8192 4096 3584 ) (-9216 4096 3584 ) (-9216 4096 -32 ) 
4 121 122 (-9216 5120 3584 ) (-9216 5120 -32 ) (-9216 4096 -32 ) (-9216 4096 3584 ) 
4 122 220 (-9216 4096 -32 ) (-9216 4096 3584 ) (-10240 4096 3584 ) (-10240 4096 -32 ) 
4 122 128 (-10240 4096 -32 ) (-10240 4096 3584 ) (-10240 5120 3584 ) (-10240 5120 -32 ) 
4 123 125 (-11264 8192 3584 ) (-11264 8192 -32 ) (-11264 7168 -32 ) (-11264 7168 3584 ) 
4 123 124 (-10240 7168 -32 ) (-10240 7168 3584 ) (-11264 7168 3584 ) (-11264 7168 -32 ) 
4 124 127 (-10240 6144 -32 ) (-10240 6144 3584 ) (-11264 6144 3584 ) (-11264 6144 -32 ) 
4 124 126 (-11264 6144 -32 ) (-11264 6144 3584 ) (-11264 7168 3584 ) (-11264 7168 -32 ) 
4 125 126 (-11264 7168 -32 ) (-11264 7168 3584 ) (-11392 7168 3584 ) (-11392 7168 -32 ) 
4 126 129 (-11264 6144 -32 ) (-11264 6144 3584 ) (-11392 6144 3584 ) (-11392 6144 -32 ) 
4 127 129 (-11264 6144 3584 ) (-11264 6144 -32 ) (-11264 5120 -32 ) (-11264 5120 3584 ) 
4 127 128 (-10240 5120 -32 ) (-10240 5120 3584 ) (-11264 5120 3584 ) (-11264 5120 -32 ) 
4 128 227 (-10240 4096 -32 ) (-10240 4096 3584 ) (-11264 4096 3584 ) (-11264 4096 -32 ) 
4 128 130 (-11264 4096 -32 ) (-11264 4096 3584 ) (-11264 5120 3584 ) (-11264 5120 -32 ) 
4 129 130 (-11264 5120 -32 ) (-11264 5120 3584 ) (-11392 5120 3584 ) (-11392 5120 -32 ) 
4 130 229 (-11264 4096 -32 ) (-11264 4096 3584 ) (-11392 4096 3584 ) (-11392 4096 -32 ) 
4 131 133 (-3072 3072 -32 ) (-3072 3072 3584 ) (-4096 3072 3584 ) (-4096 3072 -32 ) 
4 131 132 (-4096 3072 -32 ) (-4096 3072 3584 ) (-4096 4096 3584 ) (-4096 4096 -32 ) 
4 132 174 (-5120 4096 3584 ) (-5120 4096 -32 ) (-5120 3072 -32 ) (-5120 3072 3584 ) 
4 132 134 (-5120 3072 3584 ) (-5120 3072 -32 ) (-4096 3072 -32 ) (-4096 3072 3584 ) 
4 133 135 (-3072 2048 -32 ) (-3072 2048 3584 ) (-4096 2048 3584 ) (-4096 2048 -32 ) 
4 133 134 (-4096 3072 3584 ) (-4096 3072 -32 ) (-4096 2048 -32 ) (-4096 2048 3584 ) 
4 134 175 (-5120 2048 -32 ) (-5120 2048 3584 ) (-5120 3072 3584 ) (-5120 3072 -32 ) 
4 134 145 (-4608 2048 32 ) (-5120 2048 32 ) (-5120 2048 -32 ) (-4608 2048 -32 ) 
4 134 144 (-4096 2048 -32 ) (-4096 2048 32 ) (-4608 2048 32 ) (-4608 2048 -32 ) 
4 134 140 (-4096 2048 32 ) (-4096 2048 208 ) (-5120 2048 208 ) (-5120 2048 32 ) 
4 134 136 (-4096 2048 208 ) (-4096 2048 3584 ) (-5120 2048 3584 ) (-5120 2048 208 ) 
4 135 150 (-3072 1024 -32 ) (-3072 1024 0 ) (-4096 1024 0 ) (-4096 1024 -32 ) 
4 135 149 (-3584 1024 32 ) (-4096 1024 32 ) (-4096 1024 0 ) (-3584 1024 0 ) 
4 135 148 (-3072 1024 0 ) (-3072 1024 32 ) (-3584 1024 32 ) (-3584 1024 0 ) 
4 135 147 (-3072 1024 32 ) (-3072 1024 3584 ) (-4096 1024 3584 ) (-4096 1024 32 ) 
4 135 144 (-4096 1024 -32 ) (-4096 1024 32 ) (-4096 2048 32 ) (-4096 2048 -32 ) 
4 135 142 (-4096 1024 32 ) (-4096 1024 208 ) (-4096 1232 208 ) (-4096 1232 32 ) 
4 135 141 (-4096 1232 208 ) (-4096 1240 208 ) (-4096 1240 32 ) (-4096 1232 32 ) 
4 135 140 (-4096 1240 208 ) (-4096 2048 208 ) (-4096 2048 32 ) (-4096 1240 32 ) 
4 135 137 (-4096 1024 208 ) (-4096 1024 3584 ) (-4096 1240 3584 ) (-4096 1240 208 ) 
4 135 136 (-4096 1240 3584 ) (-4096 2048 3584 ) (-4096 2048 208 ) (-4096 1240 208 ) 
4 136 180 (-5120 2048 3584 ) (-5120 2048 208 ) (-5120 1240 208 ) (-5120 1240 3584 ) 
4 136 140 (-5120 2048 208 ) (-4096 2048 208 ) (-4096 1240 208 ) (-5120 1240 208 ) 
4 136 139 (-4864 1240 368 ) (-4864 1240 3584 ) (-5120 1240 3584 ) (-5120 1240 288 ) 
4 136 138 (-4608 1240 296 ) (-4608 1240 3584 ) (-4864 1240 3584 ) (-4864 1240 376 ) 
4 136 137 (-4608 1240 208 ) (-4096 1240 208 ) (-4096 1240 3584 ) (-4608 1240 3584 ) 
4 137 153 (-4608 1024 208 ) (-4096 1024 208 ) (-4096 1024 384 ) (-4608 1024 384 ) 
4 137 151 (-4096 1024 384 ) (-4096 1024 3584 ) (-4608 1024 3584 ) (-4608 1024 384 ) 
4 137 142 (-4096 1232 208 ) (-4096 1024 208 ) (-4608 1024 208 ) (-4608 1232 208 ) 
4 137 141 (-4096 1240 208 ) (-4096 1232 208 ) (-4608 1232 208 ) (-4608 1240 208 ) 
4 137 138 (-4608 1240 3584 ) (-4608 1240 296 ) (-4608 1024 296 ) (-4608 1024 3584 ) 
4 138 154 (-4608 1024 296 ) (-4608 1024 384 ) (-4864 1024 384 ) (-4864 1024 376 ) 
4 138 151 (-4608 1024 384 ) (-4608 1024 3584 ) (-4864 1024 3584 ) (-4864 1024 384 ) 
4 138 139 (-4864 1240 3584 ) (-4864 1240 376 ) (-4864 1024 376 ) (-4864 1024 3584 ) 
4 139 180 (-5120 1024 288 ) (-5120 1024 3584 ) (-5120 1240 3584 ) (-5120 1240 288 ) 
4 139 155 (-5120 1024 384 ) (-5120 1024 288 ) (-4864 1024 368 ) (-4864 1024 384 ) 
4 139 151 (-5120 1024 3584 ) (-5120 1024 384 ) (-4864 1024 384 ) (-4864 1024 3584 ) 
4 140 180 (-5120 1240 208 ) (-5120 2048 208 ) (-5120 2048 32 ) (-5120 1240 32 ) 
4 140 145 (-5120 1240 32 ) (-5120 2048 32 ) (-4608 2048 32 ) (-4608 1240 32 ) 
4 140 144 (-4608 2048 32 ) (-4096 2048 32 ) (-4096 1240 32 ) (-4608 1240 32 ) 
4 140 141 (-4608 1240 32 ) (-4096 1240 32 ) (-4096 1240 208 ) (-4608 1240 208 ) 
4 141 144 (-4608 1240 32 ) (-4096 1240 32 ) (-4096 1232 32 ) (-4608 1232 32 ) 
4 141 142 (-4608 1232 32 ) (-4096 1232 32 ) (-4096 1232 208 ) (-4608 1232 208 ) 
4 142 162 (-4608 1024 32 ) (-4096 1024 32 ) (-4096 1024 208 ) (-4608 1024 208 ) 
4 142 144 (-4096 1024 32 ) (-4608 1024 32 ) (-4608 1232 32 ) (-4096 1232 32 ) 
4 143 163 (-5112 1024 32 ) (-4616 1024 32 ) (-4616 1024 208 ) (-5112 1024 208 ) 
4 144 173 (-4608 1024 -32 ) (-4096 1024 -32 ) (-4096 1024 0 ) (-4608 1024 0 ) 
4 144 172 (-4096 1024 0 ) (-4096 1024 32 ) (-4608 1024 32 ) (-4608 1024 0 ) 
4 144 146 (-4608 1240 -32 ) (-4608 1024 -32 ) (-4608 1024 0 ) (-4608 1240 0 ) 
4 144 145 (-4608 2048 -32 ) (-4608 1240 -32 ) (-4608 1240 32 ) (-4608 2048 32 ) 
4 145 183 (-5120 2048 0 ) (-5120 2048 -32 ) (-5120 1240 -32 ) (-5120 1240 0 ) 
4 145 181 (-5120 1240 32 ) (-5120 2048 32 ) (-5120 2048 0 ) (-5120 1240 0 ) 
4 145 146 (-5120 1240 -32 ) (-4608 1240 -32 ) (-4608 1240 0 ) (-5120 1240 0 ) 
4 146 183 (-5120 1024 -32 ) (-5120 1024 0 ) (-5120 1240 0 ) (-5120 1240 -32 ) 
4 146 173 (-5120 1024 0 ) (-5120 1024 -32 ) (-4608 1024 -32 ) (-4608 1024 0 ) 
4 147 191 (-3072 0 32 ) (-3072 0 3584 ) (-4096 0 3584 ) (-4096 0 32 ) 
4 147 171 (-4096 16 32 ) (-4096 0 32 ) (-4096 0 208 ) (-4096 16 208 ) 
4 147 162 (-4096 1024 208 ) (-4096 1024 32 ) (-4096 472 32 ) (-4096 472 208 ) 
4 147 160 (-4096 16 208 ) (-4096 0 208 ) (-4096 0 384 ) (-4096 16 384 ) 
3 147 157 (-4096 16 416 ) (-4096 16 544 ) (-4096 244.001373 480 ) 
4 147 156 (-4096 16 3584 ) (-4096 464 3584 ) (-4096 464 418.246094 ) (-4096 16 544 ) 
4 147 158 (-4096 0 384 ) (-4096 0 3584 ) (-4096 16 3584 ) (-4096 16 384 ) 
4 147 153 (-4096 1024 384 ) (-4096 1024 208 ) (-4096 472 208 ) (-4096 472 384 ) 
3 147 152 (-4096 586.001221 384 ) (-4096 472 384 ) (-4096 472 416 ) 
5 147 151 (-4096 1024 3584 ) (-4096 1024 384 ) (-4096 586.001221 384 ) (-4096 464 418.245941 ) (-4096 464 3584 ) 
4 147 149 (-4096 1024 32 ) (-3584 1024 32 ) (-3584 472 32 ) (-4096 472 32 ) 
4 147 148 (-3584 1024 32 ) (-3072 1024 32 ) (-3072 0 32 ) (-3584 0 32 ) 
4 148 192 (-3072 0 0 ) (-3072 0 32 ) (-3584 0 32 ) (-3584 0 0 ) 
4 148 150 (-3072 0 0 ) (-3584 0 0 ) (-3584 1024 0 ) (-3072 1024 0 ) 
4 148 149 (-3584 1024 0 ) (-3584 472 0 ) (-3584 472 32 ) (-3584 1024 32 ) 
4 149 172 (-4096 1024 32 ) (-4096 1024 0 ) (-4096 472 0 ) (-4096 472 32 ) 
4 149 150 (-4096 472 0 ) (-4096 1024 0 ) (-3584 1024 0 ) (-3584 472 0 ) 
4 150 193 (-3072 0 -32 ) (-3072 0 0 ) (-4096 0 0 ) (-4096 0 -32 ) 
4 150 173 (-4096 1024 0 ) (-4096 1024 -32 ) (-4096 0 -32 ) (-4096 0 0 ) 
5 151 184 (-5120 1024 3584 ) (-5120 1024 384 ) (-5120 586.001038 384 ) (-5120 464 418.245911 ) (-5120 464 3584 ) 
4 151 156 (-4096 464 418.245941 ) (-4096 464 3584 ) (-5120 464 3584 ) (-5120 464 418.246094 ) 
4 151 155 (-5120 586.001038 384 ) (-5120 1024 384 ) (-4864 1024 384 ) (-4864 586.001099 384 ) 
4 151 154 (-4864 1024 384 ) (-4608 1024 384 ) (-4608 586.001099 384 ) (-4864 586.001099 384 ) 
4 151 153 (-4608 1024 384 ) (-4096 1024 384 ) (-4096 586.001221 384 ) (-4608 586.001099 384 ) 
4 151 152 (-5120 472 416.001526 ) (-5120 586.005371 384 ) (-4096 586.005493 384 ) (-4096 472 416.001556 ) 
3 152 184 (-5120 586.001038 384 ) (-5120 472 384 ) (-5120 472 416 ) 
4 152 155 (-5120 472 384 ) (-5120 586.001038 384 ) (-4864 586.001099 384 ) (-4864 472 384 ) 
4 152 154 (-4864 586.001099 384 ) (-4608 586.001099 384 ) (-4608 472 384 ) (-4864 472 384 ) 
4 152 153 (-4608 586.001099 384 ) (-4096 586.001221 384 ) (-4096 472 384 ) (-4608 472 384 ) 
4 153 162 (-4608 1024 208 ) (-4096 1024 208 ) (-4096 472 208 ) (-4608 472 208 ) 
4 153 154 (-4608 472 296 ) (-4608 472 384 ) (-4608 1024 384 ) (-4608 1024 296 ) 
4 154 155 (-4864 472 376 ) (-4864 472 384 ) (-4864 1024 384 ) (-4864 1024 376 ) 
4 155 184 (-5120 1024 384 ) (-5120 1024 288 ) (-5120 472 288 ) (-5120 472 384 ) 
4 156 184 (-5120 16 3584 ) (-5120 464 3584 ) (-5120 464 418.246094 ) (-5120 16 544 ) 
4 156 157 (-4096 16 544.001831 ) (-5120 16 544.001831 ) (-5120 244.004013 480 ) (-4096 244.004028 480 ) 
4 156 158 (-4096 16 544 ) (-4096 16 3584 ) (-5120 16 3584 ) (-5120 16 544 ) 
3 157 184 (-5120 16 416 ) (-5120 16 544 ) (-5120 244.001297 480 ) 
4 157 158 (-4096 16 416 ) (-4096 16 544 ) (-5120 16 544 ) (-5120 16 416 ) 
4 158 194 (-4096 0 384 ) (-4096 0 3584 ) (-5120 0 3584 ) (-5120 0 384 ) 
4 158 184 (-5120 0 384 ) (-5120 0 3584 ) (-5120 16 3584 ) (-5120 16 384 ) 
4 158 161 (-5120 0 384 ) (-5120 16 384 ) (-4104 16 384 ) (-4104 0 384 ) 
4 158 160 (-4104 16 384 ) (-4096 16 384 ) (-4096 0 384 ) (-4104 0 384 ) 
4 159 167 (-5112 464 208 ) (-4104 464 208 ) (-4104 24 208 ) (-5112 24 208 ) 
4 160 194 (-4096 0 208 ) (-4096 0 384 ) (-4104 0 384 ) (-4104 0 208 ) 
4 160 171 (-4096 16 208 ) (-4096 0 208 ) (-4104 0 208 ) (-4104 16 208 ) 
4 160 161 (-4104 16 208 ) (-4104 0 208 ) (-4104 0 384 ) (-4104 16 384 ) 
4 161 194 (-4104 0 384 ) (-5120 0 384 ) (-5120 0 208 ) (-4104 0 208 ) 
4 161 184 (-5120 0 208 ) (-5120 0 384 ) (-5120 16 384 ) (-5120 16 208 ) 
4 161 171 (-5120 0 208 ) (-5120 16 208 ) (-4104 16 208 ) (-4104 0 208 ) 
4 162 172 (-4608 1024 32 ) (-4096 1024 32 ) (-4096 472 32 ) (-4608 472 32 ) 
4 162 165 (-4448 472 32 ) (-4304 472 32 ) (-4304 472 172 ) (-4448 472 172 ) 
4 163 166 (-4960 472 32 ) (-4768 472 32 ) (-4768 472 160 ) (-4960 472 160 ) 
4 163 164 (-5112 948 32 ) (-5112 756 32 ) (-5112 756 160 ) (-5112 948 160 ) 
4 164 184 (-5120 948 160 ) (-5120 948 32 ) (-5120 756 32 ) (-5120 756 160 ) 
4 165 167 (-4448 464 32 ) (-4304 464 32 ) (-4304 464 172 ) (-4448 464 172 ) 
4 166 167 (-4960 464 32 ) (-4768 464 32 ) (-4768 464 160 ) (-4960 464 160 ) 
4 167 170 (-4896 24 32 ) (-4752 24 32 ) (-4752 24 172 ) (-4896 24 172 ) 
4 167 169 (-4448 24 32 ) (-4304 24 32 ) (-4304 24 172 ) (-4448 24 172 ) 
4 167 168 (-5112 320 32 ) (-5112 176 32 ) (-5112 176 172 ) (-5112 320 172 ) 
4 168 184 (-5120 320 172 ) (-5120 320 32 ) (-5120 176 32 ) (-5120 176 172 ) 
4 169 171 (-4448 16 32 ) (-4304 16 32 ) (-4304 16 172 ) (-4448 16 172 ) 
4 170 171 (-4896 16 32 ) (-4752 16 32 ) (-4752 16 172 ) (-4896 16 172 ) 
4 171 194 (-4096 0 32 ) (-4096 0 208 ) (-5120 0 208 ) (-5120 0 32 ) 
4 171 184 (-5120 0 32 ) (-5120 0 208 ) (-5120 16 208 ) (-5120 16 32 ) 
4 172 173 (-4608 1024 0 ) (-4096 1024 0 ) (-4096 472 0 ) (-4608 472 0 ) 
4 173 195 (-4096 0 -32 ) (-4096 0 0 ) (-5120 0 0 ) (-5120 0 -32 ) 
4 173 186 (-5120 0 -32 ) (-5120 0 0 ) (-5120 1024 0 ) (-5120 1024 -32 ) 
4 174 176 (-6144 4096 3584 ) (-6144 4096 -32 ) (-6144 3072 -32 ) (-6144 3072 3584 ) 
4 174 175 (-5120 3072 -32 ) (-5120 3072 3584 ) (-6144 3072 3584 ) (-6144 3072 -32 ) 
4 175 183 (-5120 2048 -32 ) (-5120 2048 0 ) (-6144 2048 0 ) (-6144 2048 -32 ) 
4 175 181 (-5120 2048 0 ) (-5120 2048 32 ) (-5312 2048 32 ) (-5312 2048 0 ) 
4 175 182 (-5312 2048 32 ) (-6144 2048 32 ) (-6144 2048 0 ) (-5312 2048 0 ) 
4 175 180 (-5120 2048 32 ) (-5120 2048 3584 ) (-6144 2048 3584 ) (-6144 2048 32 ) 
4 175 178 (-6144 2048 -32 ) (-6144 2048 3584 ) (-6144 3072 3584 ) (-6144 3072 -32 ) 
4 176 178 (-6144 3072 -32 ) (-6144 3072 3584 ) (-7168 3072 3584 ) (-7168 3072 -32 ) 
4 176 177 (-7168 4096 3584 ) (-7168 4096 -32 ) (-7168 3072 -32 ) (-7168 3072 3584 ) 
4 177 219 (-8192 4096 3584 ) (-8192 4096 -32 ) (-8192 3072 -32 ) (-8192 3072 3584 ) 
4 177 179 (-7168 3072 -32 ) (-7168 3072 3584 ) (-8192 3072 3584 ) (-8192 3072 -32 ) 
4 178 187 (-6144 2048 -32 ) (-6144 2048 3584 ) (-7168 2048 3584 ) (-7168 2048 -32 ) 
4 178 179 (-7168 3072 3584 ) (-7168 3072 -32 ) (-7168 2048 -32 ) (-7168 2048 3584 ) 
4 179 221 (-8192 2048 -32 ) (-8192 2048 3584 ) (-8192 3072 3584 ) (-8192 3072 -32 ) 
4 179 188 (-7168 2048 -32 ) (-7168 2048 3584 ) (-8192 2048 3584 ) (-8192 2048 -32 ) 
4 180 187 (-6144 2048 3584 ) (-6144 2048 32 ) (-6144 1024 32 ) (-6144 1024 3584 ) 
4 180 184 (-5120 1024 32 ) (-5120 1024 3584 ) (-6144 1024 3584 ) (-6144 1024 32 ) 
4 180 181 (-5312 2048 32 ) (-5120 2048 32 ) (-5120 1240 32 ) (-5312 1240 32 ) 
4 180 182 (-6144 1024 32 ) (-6144 2048 32 ) (-5312 2048 32 ) (-5312 1024 32 ) 
4 181 183 (-5312 1240 0 ) (-5312 2048 0 ) (-5120 2048 0 ) (-5120 1240 0 ) 
4 181 182 (-5312 2048 0 ) (-5312 1240 0 ) (-5312 1240 32 ) (-5312 2048 32 ) 
4 182 187 (-6144 2048 32 ) (-6144 2048 0 ) (-6144 1024 0 ) (-6144 1024 32 ) 
4 182 185 (-5312 1024 32 ) (-6144 1024 32 ) (-6144 1024 0 ) (-5312 1024 0 ) 
4 182 183 (-5312 1024 0 ) (-6144 1024 0 ) (-6144 2048 0 ) (-5312 2048 0 ) 
4 183 187 (-6144 2048 0 ) (-6144 2048 -32 ) (-6144 1024 -32 ) (-6144 1024 0 ) 
4 183 186 (-5120 1024 -32 ) (-5120 1024 0 ) (-6144 1024 0 ) (-6144 1024 -32 ) 
4 184 207 (-5312 0 3584 ) (-6144 0 3584 ) (-6144 0 32 ) (-5312 0 32 ) 
4 184 205 (-5120 0 32 ) (-5120 0 3584 ) (-5312 0 3584 ) (-5312 0 32 ) 
4 184 189 (-6144 0 32 ) (-6144 0 3584 ) (-6144 1024 3584 ) (-6144 1024 32 ) 
4 184 185 (-5312 0 32 ) (-6144 0 32 ) (-6144 1024 32 ) (-5312 1024 32 ) 
4 185 207 (-5312 0 32 ) (-6144 0 32 ) (-6144 0 0 ) (-5312 0 0 ) 
4 185 189 (-6144 0 0 ) (-6144 0 32 ) (-6144 1024 32 ) (-6144 1024 0 ) 
4 185 186 (-5312 0 0 ) (-6144 0 0 ) (-6144 1024 0 ) (-5312 1024 0 ) 
4 186 207 (-5312 0 0 ) (-6144 0 0 ) (-6144 0 -32 ) (-5312 0 -32 ) 
4 186 206 (-5120 0 -32 ) (-5120 0 0 ) (-5312 0 0 ) (-5312 0 -32 ) 
4 186 189 (-6144 0 -32 ) (-6144 0 0 ) (-6144 1024 0 ) (-6144 1024 -32 ) 
4 187 189 (-6144 1024 -32 ) (-6144 1024 3584 ) (-7168 1024 3584 ) (-7168 1024 -32 ) 
4 187 188 (-7168 2048 3584 ) (-7168 2048 -32 ) (-7168 1024 -32 ) (-7168 1024 3584 ) 
4 188 223 (-8192 1024 -32 ) (-8192 1024 3584 ) (-8192 2048 3584 ) (-8192 2048 -32 ) 
4 188 190 (-7168 1024 -32 ) (-7168 1024 3584 ) (-8192 1024 3584 ) (-8192 1024 -32 ) 
4 189 212 (-6144 0 -32 ) (-6144 0 3584 ) (-7168 0 3584 ) (-7168 0 -32 ) 
4 189 190 (-7168 1024 3584 ) (-7168 1024 -32 ) (-7168 0 -32 ) (-7168 0 3584 ) 
4 190 225 (-8192 0 -32 ) (-8192 0 3584 ) (-8192 1024 3584 ) (-8192 1024 -32 ) 
4 190 213 (-7168 0 -32 ) (-7168 0 3584 ) (-8192 0 3584 ) (-8192 0 -32 ) 
4 191 196 (-3072 -1024 32 ) (-3072 -1024 3584 ) (-4096 -1024 3584 ) (-4096 -1024 32 ) 
4 191 194 (-4096 -1024 32 ) (-4096 -1024 3584 ) (-4096 0 3584 ) (-4096 0 32 ) 
4 191 192 (-3072 -1024 32 ) (-3584 -1024 32 ) (-3584 0 32 ) (-3072 0 32 ) 
4 192 197 (-3072 -1024 0 ) (-3072 -1024 32 ) (-3584 -1024 32 ) (-3584 -1024 0 ) 
4 192 193 (-3584 0 0 ) (-3072 0 0 ) (-3072 -1024 0 ) (-3584 -1024 0 ) 
4 193 199 (-3072 -1024 -32 ) (-3072 -1024 0 ) (-4096 -1024 0 ) (-4096 -1024 -32 ) 
4 193 195 (-4096 -1024 -32 ) (-4096 -1024 0 ) (-4096 0 0 ) (-4096 0 -32 ) 
4 194 205 (-5120 0 3584 ) (-5120 0 32 ) (-5120 -1024 32 ) (-5120 -1024 3584 ) 
4 194 200 (-5120 -1024 3584 ) (-5120 -1024 32 ) (-4096 -1024 32 ) (-4096 -1024 3584 ) 
4 195 206 (-5120 0 0 ) (-5120 0 -32 ) (-5120 -1024 -32 ) (-5120 -1024 0 ) 
4 195 201 (-5120 -1024 0 ) (-5120 -1024 -32 ) (-4096 -1024 -32 ) (-4096 -1024 0 ) 
4 196 203 (-3072 -2048 32 ) (-3072 -2048 3584 ) (-4096 -2048 3584 ) (-4096 -2048 32 ) 
4 196 202 (-4096 -1520 32 ) (-4096 -2048 32 ) (-4096 -2048 3584 ) (-4096 -1520 3584 ) 
4 196 200 (-4096 -1024 3584 ) (-4096 -1024 32 ) (-4096 -1520 32 ) (-4096 -1520 3584 ) 
4 196 198 (-3584 -1520 32 ) (-3584 -2048 32 ) (-4096 -2048 32 ) (-4096 -1520 32 ) 
4 196 197 (-3584 -1024 32 ) (-3072 -1024 32 ) (-3072 -2048 32 ) (-3584 -2048 32 ) 
4 197 203 (-3072 -2048 0 ) (-3072 -2048 32 ) (-3584 -2048 32 ) (-3584 -2048 0 ) 
4 197 199 (-3072 -2048 0 ) (-3584 -2048 0 ) (-3584 -1024 0 ) (-3072 -1024 0 ) 
4 197 198 (-3584 -1520 0 ) (-3584 -2048 0 ) (-3584 -2048 32 ) (-3584 -1520 32 ) 
4 198 203 (-3584 -2048 32 ) (-4096 -2048 32 ) (-4096 -2048 0 ) (-3584 -2048 0 ) 
4 198 202 (-4096 -1520 0 ) (-4096 -2048 0 ) (-4096 -2048 32 ) (-4096 -1520 32 ) 
4 198 199 (-3584 -2048 0 ) (-4096 -2048 0 ) (-4096 -1520 0 ) (-3584 -1520 0 ) 
4 199 203 (-3072 -2048 -32 ) (-3072 -2048 0 ) (-4096 -2048 0 ) (-4096 -2048 -32 ) 
4 199 202 (-4096 -1520 -32 ) (-4096 -2048 -32 ) (-4096 -2048 0 ) (-4096 -1520 0 ) 
4 199 201 (-4096 -1024 0 ) (-4096 -1024 -32 ) (-4096 -1520 -32 ) (-4096 -1520 0 ) 
4 200 208 (-5120 -1520 32 ) (-5120 -1520 3584 ) (-5120 -1024 3584 ) (-5120 -1024 32 ) 
4 200 202 (-5120 -1520 3584 ) (-5120 -1520 32 ) (-4096 -1520 32 ) (-4096 -1520 3584 ) 
4 201 209 (-5120 -1520 -32 ) (-5120 -1520 0 ) (-5120 -1024 0 ) (-5120 -1024 -32 ) 
4 201 202 (-5120 -1520 0 ) (-5120 -1520 -32 ) (-4096 -1520 -32 ) (-4096 -1520 0 ) 
4 202 211 (-5120 -2048 -32 ) (-5120 -2048 3584 ) (-5120 -1520 3584 ) (-5120 -1520 -32 ) 
4 202 204 (-4096 -2048 -32 ) (-4096 -2048 3584 ) (-5120 -2048 3584 ) (-5120 -2048 -32 ) 
4 203 204 (-4096 -3056 -32 ) (-4096 -3056 3584 ) (-4096 -2048 3584 ) (-4096 -2048 -32 ) 
4 204 216 (-5120 -3056 -32 ) (-5120 -3056 3584 ) (-5120 -2048 3584 ) (-5120 -2048 -32 ) 
4 205 208 (-5120 -1024 32 ) (-5120 -1024 3584 ) (-5312 -1024 3584 ) (-5312 -1024 32 ) 
4 205 207 (-5312 0 3584 ) (-5312 0 32 ) (-5312 -1024 32 ) (-5312 -1024 3584 ) 
4 206 209 (-5120 -1024 -32 ) (-5120 -1024 0 ) (-5312 -1024 0 ) (-5312 -1024 -32 ) 
4 206 207 (-5312 0 0 ) (-5312 0 -32 ) (-5312 -1024 -32 ) (-5312 -1024 0 ) 
4 207 212 (-6144 0 3584 ) (-6144 0 -32 ) (-6144 -1024 -32 ) (-6144 -1024 3584 ) 
4 207 210 (-5312 -1024 -32 ) (-5312 -1024 3584 ) (-6144 -1024 3584 ) (-6144 -1024 -32 ) 
4 208 211 (-5120 -1520 32 ) (-5120 -1520 3584 ) (-5312 -1520 3584 ) (-5312 -1520 32 ) 
4 208 210 (-5312 -1520 32 ) (-5312 -1520 3584 ) (-5312 -1024 3584 ) (-5312 -1024 32 ) 
4 209 211 (-5120 -1520 -32 ) (-5120 -1520 0 ) (-5312 -1520 0 ) (-5312 -1520 -32 ) 
4 209 210 (-5312 -1520 -32 ) (-5312 -1520 0 ) (-5312 -1024 0 ) (-5312 -1024 -32 ) 
4 210 214 (-6144 -1520 -32 ) (-6144 -1520 3584 ) (-6144 -1024 3584 ) (-6144 -1024 -32 ) 
4 210 211 (-6144 -1520 3584 ) (-6144 -1520 -32 ) (-5312 -1520 -32 ) (-5312 -1520 3584 ) 
4 211 216 (-5120 -2048 -32 ) (-5120 -2048 3584 ) (-6144 -2048 3584 ) (-6144 -2048 -32 ) 
4 211 214 (-6144 -2048 -32 ) (-6144 -2048 3584 ) (-6144 -1520 3584 ) (-6144 -1520 -32 ) 
4 212 214 (-6144 -1024 -32 ) (-6144 -1024 3584 ) (-7168 -1024 3584 ) (-7168 -1024 -32 ) 
4 212 213 (-7168 0 3584 ) (-7168 0 -32 ) (-7168 -1024 -32 ) (-7168 -1024 3584 ) 
4 213 235 (-8192 -1024 -32 ) (-8192 -1024 3584 ) (-8192 0 3584 ) (-8192 0 -32 ) 
4 213 215 (-7168 -1024 -32 ) (-7168 -1024 3584 ) (-8192 -1024 3584 ) (-8192 -1024 -32 ) 
4 214 217 (-6144 -2048 -32 ) (-6144 -2048 3584 ) (-7168 -2048 3584 ) (-7168 -2048 -32 ) 
4 214 215 (-7168 -1024 3584 ) (-7168 -1024 -32 ) (-7168 -2048 -32 ) (-7168 -2048 3584 ) 
4 215 237 (-8192 -2048 -32 ) (-8192 -2048 3584 ) (-8192 -1024 3584 ) (-8192 -1024 -32 ) 
4 215 218 (-7168 -2048 -32 ) (-7168 -2048 3584 ) (-8192 -2048 3584 ) (-8192 -2048 -32 ) 
4 216 217 (-6144 -2048 3584 ) (-6144 -2048 -32 ) (-6144 -3056 -32 ) (-6144 -3056 3584 ) 
4 217 218 (-7168 -2048 3584 ) (-7168 -2048 -32 ) (-7168 -3056 -32 ) (-7168 -3056 3584 ) 
4 218 239 (-8192 -3056 -32 ) (-8192 -3056 3584 ) (-8192 -2048 3584 ) (-8192 -2048 -32 ) 
4 219 221 (-8192 3072 -32 ) (-8192 3072 3584 ) (-9216 3072 3584 ) (-9216 3072 -32 ) 
4 219 220 (-9216 3072 -32 ) (-9216 3072 3584 ) (-9216 4096 3584 ) (-9216 4096 -32 ) 
4 220 227 (-10240 4096 3584 ) (-10240 4096 -32 ) (-10240 3072 -32 ) (-10240 3072 3584 ) 
4 220 222 (-10240 3072 3584 ) (-10240 3072 -32 ) (-9216 3072 -32 ) (-9216 3072 3584 ) 
4 221 223 (-8192 2048 -32 ) (-8192 2048 3584 ) (-9216 2048 3584 ) (-9216 2048 -32 ) 
4 221 222 (-9216 3072 3584 ) (-9216 3072 -32 ) (-9216 2048 -32 ) (-9216 2048 3584 ) 
4 222 228 (-10240 2048 -32 ) (-10240 2048 3584 ) (-10240 3072 3584 ) (-10240 3072 -32 ) 
4 222 224 (-9216 2048 -32 ) (-9216 2048 3584 ) (-10240 2048 3584 ) (-10240 2048 -32 ) 
4 223 225 (-8192 1024 -32 ) (-8192 1024 3584 ) (-9216 1024 3584 ) (-9216 1024 -32 ) 
4 223 224 (-9216 1024 -32 ) (-9216 1024 3584 ) (-9216 2048 3584 ) (-9216 2048 -32 ) 
4 224 231 (-10240 1024 -32 ) (-10240 1024 3584 ) (-10240 2048 3584 ) (-10240 2048 -32 ) 
4 224 226 (-10240 1024 3584 ) (-10240 1024 -32 ) (-9216 1024 -32 ) (-9216 1024 3584 ) 
4 225 235 (-8192 0 -32 ) (-8192 0 3584 ) (-9216 0 3584 ) (-9216 0 -32 ) 
4 225 226 (-9216 1024 3584 ) (-9216 1024 -32 ) (-9216 0 -32 ) (-9216 0 3584 ) 
4 226 236 (-9216 0 -32 ) (-9216 0 3584 ) (-10240 0 3584 ) (-10240 0 -32 ) 
4 226 232 (-10240 0 -32 ) (-10240 0 3584 ) (-10240 1024 3584 ) (-10240 1024 -32 ) 
4 227 229 (-11264 4096 3584 ) (-11264 4096 -32 ) (-11264 3072 -32 ) (-11264 3072 3584 ) 
4 227 228 (-10240 3072 -32 ) (-10240 3072 3584 ) (-11264 3072 3584 ) (-11264 3072 -32 ) 
4 228 231 (-10240 2048 -32 ) (-10240 2048 3584 ) (-11264 2048 3584 ) (-11264 2048 -32 ) 
4 228 230 (-11264 2048 -32 ) (-11264 2048 3584 ) (-11264 3072 3584 ) (-11264 3072 -32 ) 
4 229 230 (-11264 3072 -32 ) (-11264 3072 3584 ) (-11392 3072 3584 ) (-11392 3072 -32 ) 
4 230 233 (-11264 2048 -32 ) (-11264 2048 3584 ) (-11392 2048 3584 ) (-11392 2048 -32 ) 
4 231 233 (-11264 2048 3584 ) (-11264 2048 -32 ) (-11264 1024 -32 ) (-11264 1024 3584 ) 
4 231 232 (-10240 1024 -32 ) (-10240 1024 3584 ) (-11264 1024 3584 ) (-11264 1024 -32 ) 
4 232 241 (-10240 0 -32 ) (-10240 0 3584 ) (-11264 0 3584 ) (-11264 0 -32 ) 
4 232 234 (-11264 0 -32 ) (-11264 0 3584 ) (-11264 1024 3584 ) (-11264 1024 -32 ) 
4 233 234 (-11264 1024 -32 ) (-11264 1024 3584 ) (-11392 1024 3584 ) (-11392 1024 -32 ) 
4 234 243 (-11264 0 -32 ) (-11264 0 3584 ) (-11392 0 3584 ) (-11392 0 -32 ) 
4 235 237 (-8192 -1024 -32 ) (-8192 -1024 3584 ) (-9216 -1024 3584 ) (-9216 -1024 -32 ) 
4 235 236 (-9216 -1024 -32 ) (-9216 -1024 3584 ) (-9216 0 3584 ) (-9216 0 -32 ) 
4 236 241 (-10240 0 3584 ) (-10240 0 -32 ) (-10240 -1024 -32 ) (-10240 -1024 3584 ) 
4 236 238 (-10240 -1024 3584 ) (-10240 -1024 -32 ) (-9216 -1024 -32 ) (-9216 -1024 3584 ) 
4 237 239 (-8192 -2048 -32 ) (-8192 -2048 3584 ) (-9216 -2048 3584 ) (-9216 -2048 -32 ) 
4 237 238 (-9216 -1024 3584 ) (-9216 -1024 -32 ) (-9216 -2048 -32 ) (-9216 -2048 3584 ) 
4 238 242 (-10240 -2048 -32 ) (-10240 -2048 3584 ) (-10240 -1024 3584 ) (-10240 -1024 -32 ) 
4 238 240 (-9216 -2048 -32 ) (-9216 -2048 3584 ) (-10240 -2048 3584 ) (-10240 -2048 -32 ) 
4 239 240 (-9216 -3056 -32 ) (-9216 -3056 3584 ) (-9216 -2048 3584 ) (-9216 -2048 -32 ) 
4 240 245 (-10240 -3056 -32 ) (-10240 -3056 3584 ) (-10240 -2048 3584 ) (-10240 -2048 -32 ) 
4 241 243 (-11264 0 3584 ) (-11264 0 -32 ) (-11264 -1024 -32 ) (-11264 -1024 3584 ) 
4 241 242 (-10240 -1024 -32 ) (-10240 -1024 3584 ) (-11264 -1024 3584 ) (-11264 -1024 -32 ) 
4 242 245 (-10240 -2048 -32 ) (-10240 -2048 3584 ) (-11264 -2048 3584 ) (-11264 -2048 -32 ) 
4 242 244 (-11264 -2048 -32 ) (-11264 -2048 3584 ) (-11264 -1024 3584 ) (-11264 -1024 -32 ) 
4 243 244 (-11264 -1024 -32 ) (-11264 -1024 3584 ) (-11392 -1024 3584 ) (-11392 -1024 -32 ) 
4 244 246 (-11264 -2048 -32 ) (-11264 -2048 3584 ) (-11392 -2048 3584 ) (-11392 -2048 -32 ) 
4 245 246 (-11264 -2048 3584 ) (-11264 -2048 -32 ) (-11264 -3056 -32 ) (-11264 -3056 3584 ) 
