


materialPath: E:\steam\steamapps\common\Source SDK Base 2013 Multiplayer\everything\materials
Loading f:\source_engine\source-engine-mapping\projects\oldshit\buld room maps\gm_buld roomv4.vmf
material "/hand_replacement" not found.
Material not found!: /HAND_REPLACEMENT
ConVarRef mat_reduceparticles doesn't point to an existing ConVar
Could not locate 'GameData' key in e:\steam\steamapps\common\source sdk base 2013 multiplayer\everything\gameinfo.txt
fixing up env_cubemap materials on brush sides...
0...1...2...3...4...5...6...7...8...9...100...1...2...3...4...5...6...7...8...9...10Processing areas...done (0)
Building Faces...done (0)
FixTjuncs...
PruneNodes...
WriteBSP...
done (0)
writing f:\source_engine\source-engine-mapping\projects\oldshit\buld room maps\gm_buld roomv4.prt...Building visibility clusters...
done (0)
Creating default LDR cubemaps for env_cubemap using skybox materials:
   skybox/sky_day02_01*.vmt
 ! Run buildcubemaps in the engine to get the correct cube maps.
Creating default HDR cubemaps for env_cubemap using skybox materials:
   skybox/sky_day02_01*.vmt
 ! Run buildcubemaps in the engine to get the correct cube maps.
Finding displacement neighbors...
Finding lightmap sample positions...
Displacement Alpha : 0...1...2...3...4...5...6...7...8...9...10
Building Physics collision data...
done (0) (28841 bytes)
Placing detail props : 0...1...2...3...4...5...6...7...8...9...10
Compacting texture/material tables...
Reduced 90 texinfos to 63
Reduced 24 texdatas to 24 (512 bytes to 512)
Writing f:\source_engine\source-engine-mapping\projects\oldshit\buld room maps\gm_buld roomv4.bsp
0 seconds elapsed
CMaterialDict::Shutdown m_MissingList count: 1



8 threads
reading f:\source_engine\source-engine-mapping\projects\oldshit\buld room maps\gm_buld roomv4.bsp
reading f:\source_engine\source-engine-mapping\projects\oldshit\buld room maps\gm_buld roomv4.prt
 122 portalclusters
 332 numportals
0...1...2...3...4...5...6...7...8...9...100...1...2...3...4...5...6...7...8...9...10Optimized: 61 visible clusters (0.54%)
Total clusters visible: 11399
Average clusters visible: 93
Building PAS...
Average clusters audible: 121
visdatasize:4885  compressed from 3904
writing f:\source_engine\source-engine-mapping\projects\oldshit\buld room maps\gm_buld roomv4.bsp
0 seconds elapsed



[Reading texlights from 'lights.rad']
[48 texlights parsed from 'lights.rad']

Loading f:\source_engine\source-engine-mapping\projects\oldshit\buld room maps\gm_buld roomv4.bsp
468 faces
152778 square feet [22000152.00 square inches]
0 Displacements
0 Square Feet [0.00 Square Inches]
468 patches before subdivision
9630 patches after subdivision
38 direct lights
0...1...2...3...4...5...6...7...8...9...100...1...2...3...4...5...6...7...8...9...10transfers 1089628, max 378
transfer lists:   8.3 megs
0...1...2...3...4...5...6...7...8...9...10	Bounce #1 added RGB(91611, 86973, 84074)
0...1...2...3...4...5...6...7...8...9...10	Bounce #2 added RGB(21404, 19036, 17787)
0...1...2...3...4...5...6...7...8...9...10	Bounce #3 added RGB(5639, 4892, 4506)
0...1...2...3...4...5...6...7...8...9...10	Bounce #4 added RGB(1654, 1434, 1324)
0...1...2...3...4...5...6...7...8...9...10	Bounce #5 added RGB(535, 473, 442)
0...1...2...3...4...5...6...7...8...9...10	Bounce #6 added RGB(188, 171, 162)
0...1...2...3...4...5...6...7...8...9...10	Bounce #7 added RGB(71, 66, 63)
0...1...2...3...4...5...6...7...8...9...10	Bounce #8 added RGB(28, 26, 25)
0...1...2...3...4...5...6...7...8...9...10	Bounce #9 added RGB(11, 11, 10)
0...1...2...3...4...5...6...7...8...9...10	Bounce #10 added RGB(5, 4, 4)
0...1...2...3...4...5...6...7...8...9...10	Bounce #11 added RGB(2, 2, 2)
0...1...2...3...4...5...6...7...8...9...10	Bounce #12 added RGB(1, 1, 1)
Build Patch/Sample Hash Table(s).....Done<0.0019 sec>
0...1...2...3...4...5...6...7...8...9...10FinalLightFace Done
0 of 0 (0% of) surface lights went in leaf ambient cubes.
0...1...2...3...4...5...6...7...8...9...10Writing leaf ambient...done
Ready to Finish

Object names       Objects/Maxobjs  Memory / Maxmem  Fullness 
------------       ---------------  ---------------  -------- 
models                   4/2048          192/98304    ( 0.2%) 
brushes                 80/16384         960/196608   ( 0.5%) 
brushsides             494/65536        3952/524288   ( 0.8%) 
planes                 288/65536        5760/1310720  ( 0.4%) 
vertexes               774/65536        9288/786432   ( 1.2%) 
nodes                  237/65536        7584/2097152  ( 0.4%) 
texinfos                63/12288        4536/884736   ( 0.5%) 
texdata                 24/2048          768/65536    ( 1.2%) 
dispinfos                0/0               0/0        ( 0.0%) 
disp_verts               0/0               0/0        ( 0.0%) 
disp_tris                0/0               0/0        ( 0.0%) 
disp_lmsamples           0/0               0/0        ( 0.0%) 
faces                  468/65536       26208/3670016  ( 0.7%) 
hdr faces                0/65536           0/3670016  ( 0.0%) 
origfaces              256/65536       14336/3670016  ( 0.4%) 
leaves                 242/65536        7744/2097152  ( 0.4%) 
leaffaces              630/65536        1260/131072   ( 1.0%) 
leafbrushes            131/65536         262/131072   ( 0.2%) 
areas                    2/256            16/2048     ( 0.8%) 
surfedges             3313/512000      13252/2048000  ( 0.6%) 
edges                 1878/256000       7512/1024000  ( 0.7%) 
LDR worldlights         38/8192         3344/720896   ( 0.5%) 
HDR worldlights          0/8192            0/720896   ( 0.0%) 
leafwaterdata            0/32768           0/393216   ( 0.0%) 
waterstrips             52/32768         520/327680   ( 0.2%) 
waterverts               0/65536           0/786432   ( 0.0%) 
waterindices           774/65536        1548/131072   ( 1.2%) 
cubemapsamples           0/1024            0/16384    ( 0.0%) 
overlays                 0/1024            0/360448   ( 0.0%) 
LDR lightdata         [variable]      576436/0        ( 0.0%) 
HDR lightdata         [variable]           0/0        ( 0.0%) 
visdata               [variable]        4885/16777216 ( 0.0%) 
entdata               [variable]       13518/393216   ( 3.4%) 
LDR ambient table      242/65536         968/262144   ( 0.4%) 
HDR ambient table      242/65536         968/262144   ( 0.4%) 
LDR leaf ambient      1305/65536       36540/1835008  ( 2.0%) 
HDR leaf ambient       242/65536        6776/1835008  ( 0.4%) 
occluders                0/0               0/0        ( 0.0%) 
occluder polygons        0/0               0/0        ( 0.0%) 
occluder vert ind        0/0               0/0        ( 0.0%) 
detail props          [variable]           1/12       ( 8.3%) 
static props          [variable]           1/12       ( 8.3%) 
pakfile               [variable]      105687/0        ( 0.0%) 
physics               [variable]       28841/4194304  ( 0.7%) 
physics terrain       [variable]           2/1048576  ( 0.0%) 

Level flags = 0

Total triangle count: 1356
Writing f:\source_engine\source-engine-mapping\projects\oldshit\buld room maps\gm_buld roomv4.bsp
0 seconds elapsed
