PRT1
583
1251
4 0 288 (3168 -2048 192 ) (3168 -2048 400 ) (3072 -2048 400 ) (3072 -2048 192 ) 
4 0 23 (3072 -2048 192 ) (3072 -2048 400 ) (3072 -1456 400 ) (3072 -1456 192 ) 
4 0 1 (3072 -2048 192 ) (3072 -1456 192 ) (3168 -1456 192 ) (3168 -2048 192 ) 
4 1 289 (3168 -2048 -16 ) (3168 -2048 192 ) (3072 -2048 192 ) (3072 -2048 -16 ) 
4 1 25 (3072 -2048 -16 ) (3072 -2048 192 ) (3072 -1456 192 ) (3072 -1456 -16 ) 
4 1 4 (3168 -1640 -16 ) (3168 -1752 -16 ) (3120 -1752 -16 ) (3120 -1640 -16 ) 
4 1 3 (3104 -1752 -16 ) (3072 -1752 -16 ) (3072 -1640 -16 ) (3104 -1640 -16 ) 
4 1 2 (3072 -1456 -16 ) (3168 -1456 -16 ) (3168 -1640 -16 ) (3072 -1640 -16 ) 
4 1 5 (3168 -1752 -16 ) (3168 -2048 -16 ) (3072 -2048 -16 ) (3072 -1752 -16 ) 
4 2 25 (3072 -1640 -16 ) (3072 -1456 -16 ) (3072 -1456 -32 ) (3072 -1640 -32 ) 
4 2 6 (3072 -1640 -32 ) (3072 -1456 -32 ) (3168 -1456 -32 ) (3168 -1640 -32 ) 
4 2 4 (3114.671143 -1640 -32 ) (3168 -1640 -32 ) (3168 -1640 -16 ) (3120 -1640 -16 ) 
4 2 3 (3072 -1640 -32 ) (3098.669922 -1640 -32 ) (3104 -1640 -16 ) (3072 -1640 -16 ) 
4 3 25 (3072 -1752 -16 ) (3072 -1640 -16 ) (3072 -1640 -32 ) (3072 -1752 -32 ) 
4 3 6 (3072 -1752 -32 ) (3072 -1640 -32 ) (3098.669922 -1640 -32 ) (3098.669922 -1752 -32 ) 
4 3 5 (3072 -1752 -32 ) (3098.669922 -1752 -32 ) (3104 -1752 -16 ) (3072 -1752 -16 ) 
4 4 6 (3114.671143 -1640 -32 ) (3168 -1640 -32 ) (3168 -1752 -32 ) (3114.671143 -1752 -32 ) 
4 4 5 (3114.671143 -1752 -32 ) (3168 -1752 -32 ) (3168 -1752 -16 ) (3120 -1752 -16 ) 
4 5 289 (3168 -2048 -32 ) (3168 -2048 -16 ) (3072 -2048 -16 ) (3072 -2048 -32 ) 
4 5 25 (3072 -2048 -32 ) (3072 -2048 -16 ) (3072 -1752 -16 ) (3072 -1752 -32 ) 
4 5 6 (3072 -2048 -32 ) (3072 -1752 -32 ) (3168 -1752 -32 ) (3168 -2048 -32 ) 
4 6 289 (3168 -2048 -96 ) (3168 -2048 -32 ) (3072 -2048 -32 ) (3072 -2048 -96 ) 
4 6 25 (3072 -2048 -96 ) (3072 -2048 -32 ) (3072 -1456 -32 ) (3072 -1456 -96 ) 
4 6 7 (3072 -1456 -96 ) (3168 -1456 -96 ) (3168 -2048 -96 ) (3072 -2048 -96 ) 
4 7 290 (3168 -2048 -320 ) (3168 -2048 -96 ) (3072 -2048 -96 ) (3072 -2048 -320 ) 
4 7 27 (3072 -2048 -320 ) (3072 -2048 -96 ) (3072 -1456 -96 ) (3072 -1456 -320 ) 
3 8 54 (1024 384 -36.399986 ) (1024 384 -32 ) (1024 400 -32 ) 
4 8 13 (1040 384 -36.399986 ) (1040 384 -32 ) (1024 384 -32 ) (1024 384 -36.400024 ) 
4 8 10 (1040 399.997437 -32 ) (1040 384 -36.399292 ) (1024 384 -36.399292 ) (1024 399.997437 -32 ) 
4 9 55 (1024 752 56 ) (1024 912 56 ) (1024 912 -160 ) (1024 752 -160 ) 
4 9 10 (1024 752 -160 ) (1040 752 -160 ) (1040 752 56 ) (1024 752 56 ) 
5 10 56 (1024 384 -160 ) (1024 384 -36.399986 ) (1024 720 56 ) (1024 752 56 ) (1024 752 -160 ) 
4 10 13 (1040 384 -160 ) (1040 384 -36.399986 ) (1024 384 -36.400024 ) (1024 384 -160 ) 
4 10 11 (1040 720 -160 ) (1040 384 -160 ) (1024 384 -160 ) (1024 720 -160 ) 
4 11 61 (1024 384 -256 ) (1024 384 -160 ) (1024 720 -160 ) (1024 400 -256 ) 
4 11 13 (1040 384 -256 ) (1040 384 -160 ) (1024 384 -160 ) (1024 384 -256 ) 
4 12 14 (1040 320 -256 ) (1216 320 -256 ) (1216 320 64 ) (1040 320 64 ) 
4 12 13 (1040 384 -256 ) (1040 320 -256 ) (1040 320 64 ) (1040 384 64 ) 
4 13 62 (1024 320 64 ) (1024 384 64 ) (1024 384 -256 ) (1024 320 -256 ) 
4 13 15 (1024 320 -256 ) (1040 320 -256 ) (1040 320 64 ) (1024 320 64 ) 
4 14 16 (1040 64 -256 ) (1216 64 -256 ) (1216 64 64 ) (1040 64 64 ) 
4 14 15 (1040 320 64 ) (1040 320 -256 ) (1040 64 -256 ) (1040 64 64 ) 
4 15 64 (1024 64 64 ) (1024 320 64 ) (1024 320 -256 ) (1024 64 -256 ) 
4 15 17 (1024 64 -256 ) (1040 64 -256 ) (1040 64 64 ) (1024 64 64 ) 
4 16 18 (1216 0 -256 ) (1216 0 64 ) (1040 0 64 ) (1040 0 -256 ) 
4 16 17 (1040 64 64 ) (1040 64 -256 ) (1040 0 -256 ) (1040 0 64 ) 
4 17 66 (1024 0 -256 ) (1024 0 64 ) (1024 64 64 ) (1024 64 -256 ) 
4 17 19 (1040 0 64 ) (1024 0 64 ) (1024 0 -256 ) (1040 0 -256 ) 
4 18 20 (1040 -512 -80 ) (1040 -512 -256 ) (1088 -512 -256 ) (1088 -512 -80 ) 
4 18 19 (1040 0 -256 ) (1040 -512 -256 ) (1040 -512 64 ) (1040 0 64 ) 
4 19 134 (1024 -512 -256 ) (1024 -512 64 ) (1024 0 64 ) (1024 0 -256 ) 
4 19 20 (1024 -512 -80 ) (1024 -512 -256 ) (1040 -512 -256 ) (1040 -512 -80 ) 
4 20 136 (1024 -528 -256 ) (1024 -528 -80 ) (1024 -512 -80 ) (1024 -512 -256 ) 
4 20 21 (1024 -528 -80 ) (1024 -528 -256 ) (1088 -528 -256 ) (1088 -528 -80 ) 
4 21 137 (1024 -1008 0 ) (1024 -528 0 ) (1024 -528 -288 ) (1024 -1008 -288 ) 
4 21 22 (1024 -1008 -288 ) (1088 -1008 -288 ) (1088 -1008 0 ) (1024 -1008 0 ) 
4 22 138 (1024 -1024 -288 ) (1024 -1024 0 ) (1024 -1008 0 ) (1024 -1008 -288 ) 
4 22 36 (1024 -1024 -128 ) (1024 -1024 -288 ) (1088 -1024 -288 ) (1088 -1024 -128 ) 
4 22 35 (1024 -1024 -96 ) (1024 -1024 -128 ) (1088 -1024 -128 ) (1088 -1024 -96 ) 
4 22 33 (1024 -1024 0 ) (1024 -1024 -96 ) (1088 -1024 -96 ) (1088 -1024 0 ) 
4 23 295 (3072 -2048 192 ) (3072 -2048 400 ) (2560 -2048 400 ) (2560 -2048 192 ) 
4 23 25 (2560 -1456 192 ) (3072 -1456 192 ) (3072 -2048 192 ) (2560 -2048 192 ) 
4 23 24 (2560 -1456 192 ) (2560 -2048 192 ) (2560 -2048 400 ) (2560 -1456 400 ) 
4 24 296 (2560 -2048 400 ) (2048 -2048 400 ) (2048 -2048 192 ) (2560 -2048 192 ) 
4 24 38 (2048 -2048 192 ) (2048 -2048 400 ) (2048 -1472 400 ) (2048 -1472 192 ) 
4 24 29 (2048 -1472 400 ) (2048 -1456 400 ) (2048 -1456 192 ) (2048 -1472 192 ) 
4 24 26 (2048 -2048 192 ) (2048 -1456 192 ) (2560 -1456 192 ) (2560 -2048 192 ) 
4 25 297 (3072 -2048 -96 ) (3072 -2048 192 ) (2560 -2048 192 ) (2560 -2048 -96 ) 
4 25 27 (3072 -2048 -96 ) (2560 -2048 -96 ) (2560 -1456 -96 ) (3072 -1456 -96 ) 
4 25 26 (2560 -1456 -96 ) (2560 -2048 -96 ) (2560 -2048 192 ) (2560 -1456 192 ) 
4 26 298 (2560 -2048 192 ) (2048 -2048 192 ) (2048 -2048 -96 ) (2560 -2048 -96 ) 
4 26 40 (2048 -2048 -96 ) (2048 -2048 192 ) (2048 -1472 192 ) (2048 -1472 -96 ) 
4 26 30 (2048 -1472 192 ) (2048 -1456 192 ) (2048 -1456 -96 ) (2048 -1472 -96 ) 
4 26 28 (2560 -2048 -96 ) (2048 -2048 -96 ) (2048 -1456 -96 ) (2560 -1456 -96 ) 
4 27 299 (3072 -2048 -320 ) (3072 -2048 -96 ) (2560 -2048 -96 ) (2560 -2048 -320 ) 
4 27 28 (2560 -1456 -320 ) (2560 -2048 -320 ) (2560 -2048 -96 ) (2560 -1456 -96 ) 
4 28 300 (2560 -2048 -96 ) (2048 -2048 -96 ) (2048 -2048 -320 ) (2560 -2048 -320 ) 
4 28 42 (2048 -2048 -320 ) (2048 -2048 -96 ) (2048 -1472 -96 ) (2048 -1472 -320 ) 
4 28 34 (2048 -1472 -96 ) (2048 -1456 -96 ) (2048 -1456 -320 ) (2048 -1472 -320 ) 
4 29 39 (1280 -1472 400 ) (1104 -1472 400 ) (1104 -1472 192 ) (1280 -1472 192 ) 
4 29 38 (2048 -1472 192 ) (2048 -1472 400 ) (1280 -1472 400 ) (1280 -1472 192 ) 
4 29 31 (1104 -1472 192 ) (1104 -1472 400 ) (1104 -1456 400 ) (1104 -1456 192 ) 
4 29 30 (2048 -1472 192 ) (1104 -1472 192 ) (1104 -1456 192 ) (2048 -1456 192 ) 
4 30 41 (1104 -1472 -96 ) (1280 -1472 -96 ) (1280 -1472 192 ) (1104 -1472 192 ) 
4 30 40 (1280 -1472 -96 ) (2048 -1472 -96 ) (2048 -1472 192 ) (1280 -1472 192 ) 
4 30 34 (2048 -1472 -96 ) (1104 -1472 -96 ) (1104 -1456 -96 ) (2048 -1456 -96 ) 
4 30 32 (1104 -1472 96 ) (1104 -1472 192 ) (1104 -1456 192 ) (1104 -1456 96 ) 
4 31 195 (1024 -1472 192 ) (1024 -1472 400 ) (1024 -1456 400 ) (1024 -1456 192 ) 
4 31 39 (1024 -1472 400 ) (1024 -1472 192 ) (1104 -1472 192 ) (1104 -1472 400 ) 
4 31 32 (1024 -1456 192 ) (1104 -1456 192 ) (1104 -1472 192 ) (1024 -1472 192 ) 
4 32 196 (1024 -1472 96 ) (1024 -1472 192 ) (1024 -1456 192 ) (1024 -1456 96 ) 
4 32 41 (1024 -1472 192 ) (1024 -1472 96 ) (1104 -1472 96 ) (1104 -1472 192 ) 
4 33 188 (1024 -1344 0 ) (1024 -1328 0 ) (1024 -1328 -96 ) (1024 -1344 -96 ) 
4 33 185 (1024 -1328 0 ) (1024 -1024 0 ) (1024 -1024 -96 ) (1024 -1328 -96 ) 
4 33 35 (1024 -1344 -96 ) (1024 -1024 -96 ) (1088 -1024 -96 ) (1088 -1344 -96 ) 
4 34 43 (1104 -1472 -320 ) (1280 -1472 -320 ) (1280 -1472 -96 ) (1104 -1472 -96 ) 
4 34 42 (1280 -1472 -320 ) (2048 -1472 -320 ) (2048 -1472 -96 ) (1280 -1472 -96 ) 
4 35 211 (1024 -1344 -96 ) (1024 -1328 -96 ) (1024 -1328 -128 ) (1024 -1344 -128 ) 
4 35 208 (1024 -1328 -96 ) (1024 -1024 -96 ) (1024 -1024 -128 ) (1024 -1328 -128 ) 
4 35 36 (1088 -1024 -128 ) (1088 -1344 -128 ) (1024 -1344 -128 ) (1024 -1024 -128 ) 
4 36 218 (1024 -1456 -128 ) (1024 -1344 -128 ) (1024 -1344 -288 ) (1024 -1456 -288 ) 
4 36 211 (1024 -1344 -128 ) (1024 -1328 -128 ) (1024 -1328 -288 ) (1024 -1344 -288 ) 
4 36 208 (1024 -1328 -128 ) (1024 -1024 -128 ) (1024 -1024 -288 ) (1024 -1328 -288 ) 
4 36 37 (1024 -1456 -288 ) (1088 -1456 -288 ) (1088 -1456 -128 ) (1024 -1456 -128 ) 
4 37 219 (1024 -1472 -288 ) (1024 -1472 -128 ) (1024 -1456 -128 ) (1024 -1456 -288 ) 
4 37 43 (1024 -1472 -128 ) (1024 -1472 -288 ) (1088 -1472 -288 ) (1088 -1472 -128 ) 
4 38 301 (2048 -2048 192 ) (2048 -2048 400 ) (1280 -2048 400 ) (1280 -2048 192 ) 
4 38 40 (2048 -2048 192 ) (1280 -2048 192 ) (1280 -1472 192 ) (2048 -1472 192 ) 
4 38 39 (1280 -1472 192 ) (1280 -2048 192 ) (1280 -2048 400 ) (1280 -1472 400 ) 
4 39 304 (1280 -2048 400 ) (1024 -2048 400 ) (1024 -2048 192 ) (1280 -2048 192 ) 
4 39 197 (1024 -2048 192 ) (1024 -2048 400 ) (1024 -1472 400 ) (1024 -1472 192 ) 
4 39 41 (1280 -2048 192 ) (1024 -2048 192 ) (1024 -1472 192 ) (1280 -1472 192 ) 
4 40 302 (2048 -2048 -96 ) (2048 -2048 192 ) (1280 -2048 192 ) (1280 -2048 -96 ) 
4 40 42 (1280 -1472 -96 ) (2048 -1472 -96 ) (2048 -2048 -96 ) (1280 -2048 -96 ) 
4 40 41 (1280 -1472 -96 ) (1280 -2048 -96 ) (1280 -2048 192 ) (1280 -1472 192 ) 
4 41 305 (1280 -2048 192 ) (1024 -2048 192 ) (1024 -2048 -96 ) (1280 -2048 -96 ) 
4 41 199 (1024 -2048 -96 ) (1024 -2048 0 ) (1024 -1472 0 ) (1024 -1472 -96 ) 
4 41 198 (1024 -2048 0 ) (1024 -2048 192 ) (1024 -1472 192 ) (1024 -1472 0 ) 
4 41 43 (1024 -2048 -96 ) (1024 -1472 -96 ) (1280 -1472 -96 ) (1280 -2048 -96 ) 
4 42 303 (2048 -2048 -320 ) (2048 -2048 -96 ) (1280 -2048 -96 ) (1280 -2048 -320 ) 
4 42 43 (1280 -1472 -320 ) (1280 -2048 -320 ) (1280 -2048 -96 ) (1280 -1472 -96 ) 
4 43 306 (1280 -2048 -96 ) (1024 -2048 -96 ) (1024 -2048 -320 ) (1280 -2048 -320 ) 
4 43 226 (1024 -2048 -320 ) (1024 -2048 -288 ) (1024 -1472 -288 ) (1024 -1472 -320 ) 
4 43 223 (1024 -2048 -288 ) (1024 -2048 -96 ) (1024 -1472 -96 ) (1024 -1472 -288 ) 
4 44 74 (512 1024 -64 ) (512 1024 240 ) (0 1024 240 ) (0 1024 -64 ) 
4 44 73 (512 1024 240 ) (512 1024 320 ) (0 1024 320 ) (0 1024 240 ) 
4 44 50 (0 1024 -64 ) (0 1024 320 ) (0 1216 320 ) (0 1216 -64 ) 
4 45 46 (-512 1536 -64 ) (0 1536 -64 ) (0 1536 128 ) (-512 1536 128 ) 
4 46 49 (-896 1232 -64 ) (-528 1232 -64 ) (-528 1232 128 ) (-896 1232 128 ) 
4 46 48 (-284 1232 -32 ) (-284 1232 80 ) (-448 1232 80 ) (-448 1232 -32 ) 
4 46 47 (-60 1232 -32 ) (-60 1232 80 ) (-224 1232 80 ) (-224 1232 -32 ) 
4 47 50 (-224 1216 80 ) (-224 1216 -32 ) (-60 1216 -32 ) (-60 1216 80 ) 
4 48 50 (-448 1216 80 ) (-448 1216 -32 ) (-284 1216 -32 ) (-284 1216 80 ) 
4 49 51 (-528 1216 128 ) (-896 1216 128 ) (-896 1216 -64 ) (-528 1216 -64 ) 
4 50 94 (0 1024 -64 ) (0 1024 320 ) (-512 1024 320 ) (-512 1024 -64 ) 
4 50 52 (-512 1028 -64 ) (-512 1024 -64 ) (-512 1024 48 ) (-512 1028 48 ) 
4 51 53 (-896 1028 -64 ) (-528 1028 -64 ) (-528 1028 128 ) (-896 1028 128 ) 
4 52 114 (-512 1024 -64 ) (-512 1024 48 ) (-520 1024 48 ) (-520 1024 -64 ) 
4 52 53 (-520 1028 48 ) (-520 1028 -64 ) (-520 1024 -64 ) (-520 1024 48 ) 
4 53 118 (-528 1024 128 ) (-896 1024 128 ) (-896 1024 -64 ) (-528 1024 -64 ) 
4 53 115 (-520 1024 128 ) (-528 1024 128 ) (-528 1024 -64 ) (-520 1024 -64 ) 
4 54 62 (1024 384 -36.399986 ) (1024 384 -32 ) (880 384 -32 ) (880 384 -36.400024 ) 
4 54 56 (1024 384 -36.399269 ) (880 384 -36.399269 ) (880 399.997345 -32 ) (1024 399.997314 -32 ) 
4 55 60 (880 912 -32 ) (880 912 -160 ) (880 752 -160 ) (880 752 -32 ) 
4 55 58 (880 912 46.400002 ) (880 912 -32 ) (880 752 -32 ) (880 752 46.400002 ) 
4 55 57 (880 912 56 ) (880 912 46.400002 ) (880 752 46.400002 ) (880 752 56 ) 
4 55 56 (1024 752 56 ) (880 752 56 ) (880 752 -160 ) (1024 752 -160 ) 
4 56 62 (880 384 -160 ) (1024 384 -160 ) (1024 384 -36.399986 ) (880 384 -36.400024 ) 
4 56 61 (1024 384 -160 ) (880 384 -160 ) (880 720 -160 ) (1024 720 -160 ) 
4 57 58 (847.998718 912 56 ) (880 912 46.399616 ) (880 752 46.399616 ) (847.998718 752 56 ) 
4 58 60 (736 912 -32 ) (880 912 -32 ) (880 752 -32 ) (736 752 -32 ) 
4 58 59 (736 912 89.599976 ) (736 912 -32 ) (736 752 -32 ) (736 752 89.599968 ) 
4 59 71 (528 752 152 ) (528 912 152 ) (528 912 -32 ) (528 752 -32 ) 
4 59 60 (528 912 -32 ) (736 912 -32 ) (736 752 -32 ) (528 752 -32 ) 
4 60 71 (528 752 -32 ) (528 912 -32 ) (528 912 -64 ) (528 752 -64 ) 
4 61 62 (1024 384 -256 ) (1024 384 -160 ) (880 384 -160 ) (880 384 -256 ) 
4 62 64 (880 320 -256 ) (1024 320 -256 ) (1024 320 64 ) (880 320 64 ) 
4 62 63 (880 384 -256 ) (880 320 -256 ) (880 320 64 ) (880 384 64 ) 
4 63 65 (736 320 64 ) (736 320 -256 ) (880 320 -256 ) (880 320 64 ) 
4 64 66 (880 64 -256 ) (1024 64 -256 ) (1024 64 64 ) (880 64 64 ) 
4 64 65 (880 320 64 ) (880 320 -256 ) (880 64 -256 ) (880 64 64 ) 
4 65 68 (736 320 -112 ) (736 320 -256 ) (736 64 -256 ) (736 64 -112 ) 
4 65 67 (736 64 64 ) (736 64 -256 ) (880 64 -256 ) (880 64 64 ) 
4 66 134 (1024 0 -256 ) (1024 0 64 ) (880 0 64 ) (880 0 -256 ) 
4 66 67 (880 64 64 ) (880 64 -256 ) (880 0 -256 ) (880 0 64 ) 
4 67 135 (880 0 64 ) (736 0 64 ) (736 0 -256 ) (880 0 -256 ) 
4 68 70 (704 64 -256 ) (704 64 -144 ) (704 320 -144 ) (704 320 -256 ) 
4 68 69 (704 64 -144 ) (704 64 -112 ) (704 320 -112 ) (704 320 -144 ) 
4 69 70 (704 64 -144 ) (576 64 -144 ) (576 320 -144 ) (704 320 -144 ) 
4 70 72 (528 64 -288 ) (528 64 -144 ) (528 320 -144 ) (528 320 -288 ) 
4 71 74 (512 912 152 ) (512 912 -64 ) (512 752 -64 ) (512 752 152 ) 
4 72 87 (512 64 -144 ) (512 320 -144 ) (512 320 -288 ) (512 64 -288 ) 
4 73 94 (0 1024 320 ) (0 1024 240 ) (0 640 240 ) (0 640 320 ) 
4 73 74 (0 640 240 ) (0 1024 240 ) (512 1024 240 ) (512 640 240 ) 
4 74 94 (0 1024 240 ) (0 1024 -64 ) (0 640 -64 ) (0 640 240 ) 
4 74 75 (160 640 128 ) (0 640 128 ) (0 640 -64 ) (160 640 -64 ) 
4 75 95 (0 576 -64 ) (0 576 128 ) (0 640 128 ) (0 640 -64 ) 
4 75 84 (0 576 80 ) (0 576 -64 ) (128 576 -64 ) (128 576 80 ) 
4 75 82 (128 576 -64 ) (160 576 -64 ) (160 576 80 ) (128 576 80 ) 
4 75 77 (128 576 128 ) (0 576 128 ) (0 576 80 ) (128 576 80 ) 
4 75 76 (160 576 128 ) (128 576 128 ) (128 576 80 ) (160 576 80 ) 
4 76 82 (128 576 80 ) (512 576 80 ) (512 320 80 ) (128 320 80 ) 
4 76 78 (128 320 80 ) (512 320 80 ) (512 320 240 ) (128 320 240 ) 
4 76 77 (128 576 240 ) (128 576 80 ) (128 320 80 ) (128 320 240 ) 
4 77 96 (0 320 240 ) (0 576 240 ) (0 576 80 ) (0 320 80 ) 
4 77 84 (0 576 80 ) (128 576 80 ) (128 320 80 ) (0 320 80 ) 
4 77 79 (0 320 80 ) (128 320 80 ) (128 320 240 ) (0 320 240 ) 
4 78 83 (512 320 80 ) (512 64 80 ) (128 64 80 ) (128 320 80 ) 
4 78 80 (128 64 80 ) (512 64 80 ) (512 64 240 ) (128 64 240 ) 
4 78 79 (128 320 240 ) (128 320 80 ) (128 64 80 ) (128 64 240 ) 
4 79 98 (0 64 240 ) (0 320 240 ) (0 320 80 ) (0 64 80 ) 
4 79 85 (128 64 80 ) (0 64 80 ) (0 320 80 ) (128 320 80 ) 
4 79 81 (0 64 80 ) (128 64 80 ) (128 64 240 ) (0 64 240 ) 
4 80 142 (512 0 80 ) (512 0 240 ) (128 0 240 ) (128 0 80 ) 
4 80 90 (512 64 80 ) (512 0 80 ) (128 0 80 ) (128 64 80 ) 
4 80 81 (128 64 240 ) (128 64 80 ) (128 0 80 ) (128 0 240 ) 
4 81 143 (128 0 240 ) (0 0 240 ) (0 0 80 ) (128 0 80 ) 
4 81 100 (0 0 80 ) (0 0 240 ) (0 64 240 ) (0 64 80 ) 
4 81 91 (128 0 80 ) (0 0 80 ) (0 64 80 ) (128 64 80 ) 
4 82 86 (128 320 -64 ) (128 576 -64 ) (512 576 -64 ) (512 320 -64 ) 
4 82 84 (128 576 -64 ) (128 320 -64 ) (128 320 80 ) (128 576 80 ) 
4 82 83 (128 320 80 ) (128 320 -64 ) (512 320 -64 ) (512 320 80 ) 
4 83 90 (512 64 -64 ) (512 64 80 ) (128 64 80 ) (128 64 -64 ) 
4 83 87 (512 64 -64 ) (128 64 -64 ) (128 320 -64 ) (512 320 -64 ) 
4 83 85 (128 320 -64 ) (128 64 -64 ) (128 64 80 ) (128 320 80 ) 
4 84 102 (0 320 80 ) (0 576 80 ) (0 576 -64 ) (0 320 -64 ) 
4 84 88 (0 320 -64 ) (0 576 -64 ) (128 576 -64 ) (128 320 -64 ) 
4 84 85 (0 320 -64 ) (128 320 -64 ) (128 320 80 ) (0 320 80 ) 
4 85 103 (0 64 80 ) (0 320 80 ) (0 320 -64 ) (0 64 -64 ) 
4 85 91 (128 64 80 ) (0 64 80 ) (0 64 -64 ) (128 64 -64 ) 
4 85 89 (128 64 -64 ) (0 64 -64 ) (0 320 -64 ) (128 320 -64 ) 
4 86 88 (128 576 -288 ) (128 320 -288 ) (128 320 -64 ) (128 576 -64 ) 
4 86 87 (128 320 -64 ) (128 320 -288 ) (512 320 -288 ) (512 320 -64 ) 
4 87 92 (128 64 -288 ) (512 64 -288 ) (512 64 -64 ) (128 64 -64 ) 
4 87 89 (128 320 -288 ) (128 64 -288 ) (128 64 -64 ) (128 320 -64 ) 
4 88 106 (0 576 -64 ) (0 576 -288 ) (0 320 -288 ) (0 320 -64 ) 
4 88 89 (0 320 -288 ) (128 320 -288 ) (128 320 -64 ) (0 320 -64 ) 
4 89 107 (0 320 -288 ) (0 64 -288 ) (0 64 -64 ) (0 320 -64 ) 
4 89 93 (0 64 -288 ) (128 64 -288 ) (128 64 -64 ) (0 64 -64 ) 
4 90 144 (512 0 -64 ) (512 0 80 ) (128 0 80 ) (128 0 -64 ) 
4 90 92 (128 64 -64 ) (512 64 -64 ) (512 0 -64 ) (128 0 -64 ) 
4 90 91 (128 64 80 ) (128 64 -64 ) (128 0 -64 ) (128 0 80 ) 
4 91 146 (128 0 80 ) (0 0 80 ) (0 0 -64 ) (128 0 -64 ) 
4 91 110 (0 0 -64 ) (0 0 80 ) (0 64 80 ) (0 64 -64 ) 
4 91 93 (0 64 -64 ) (128 64 -64 ) (128 0 -64 ) (0 0 -64 ) 
4 92 145 (512 0 -288 ) (512 0 -64 ) (128 0 -64 ) (128 0 -288 ) 
4 92 93 (128 0 -64 ) (128 64 -64 ) (128 64 -288 ) (128 0 -288 ) 
4 93 147 (128 0 -64 ) (0 0 -64 ) (0 0 -288 ) (128 0 -288 ) 
4 93 112 (0 0 -288 ) (0 0 -64 ) (0 64 -64 ) (0 64 -288 ) 
4 94 116 (-512 912 152 ) (-512 912 -64 ) (-512 752 -64 ) (-512 752 152 ) 
4 94 114 (-512 1024 48 ) (-512 1024 -64 ) (-512 972 -64 ) (-512 972 48 ) 
4 94 95 (-160 640 -64 ) (0 640 -64 ) (0 640 128 ) (-160 640 128 ) 
4 95 104 (-160 576 -64 ) (-128 576 -64 ) (-128 576 80 ) (-160 576 80 ) 
4 95 102 (-128 576 -64 ) (0 576 -64 ) (0 576 80 ) (-128 576 80 ) 
4 95 97 (-128 576 128 ) (-160 576 128 ) (-160 576 80 ) (-128 576 80 ) 
4 95 96 (0 576 80 ) (0 576 128 ) (-128 576 128 ) (-128 576 80 ) 
4 96 102 (-128 576 80 ) (0 576 80 ) (0 320 80 ) (-128 320 80 ) 
4 96 98 (-128 320 80 ) (0 320 80 ) (0 320 240 ) (-128 320 240 ) 
4 96 97 (-128 576 80 ) (-128 320 80 ) (-128 320 240 ) (-128 576 240 ) 
4 97 104 (-512 320 80 ) (-512 576 80 ) (-128 576 80 ) (-128 320 80 ) 
4 97 99 (-512 320 80 ) (-128 320 80 ) (-128 320 240 ) (-512 320 240 ) 
4 98 103 (-128 320 80 ) (0 320 80 ) (0 64 80 ) (-128 64 80 ) 
4 98 100 (-128 64 80 ) (0 64 80 ) (0 64 240 ) (-128 64 240 ) 
4 98 99 (-128 320 240 ) (-128 320 80 ) (-128 64 80 ) (-128 64 240 ) 
4 99 105 (-512 64 80 ) (-512 320 80 ) (-128 320 80 ) (-128 64 80 ) 
4 99 101 (-512 64 80 ) (-128 64 80 ) (-128 64 240 ) (-512 64 240 ) 
4 100 155 (0 0 80 ) (0 0 240 ) (-128 0 240 ) (-128 0 80 ) 
4 100 110 (-128 64 80 ) (0 64 80 ) (0 0 80 ) (-128 0 80 ) 
4 100 101 (-128 64 240 ) (-128 64 80 ) (-128 0 80 ) (-128 0 240 ) 
4 101 156 (-128 0 240 ) (-512 0 240 ) (-512 0 80 ) (-128 0 80 ) 
4 101 111 (-512 0 80 ) (-512 64 80 ) (-128 64 80 ) (-128 0 80 ) 
4 102 106 (-128 320 -64 ) (-128 576 -64 ) (0 576 -64 ) (0 320 -64 ) 
4 102 104 (-128 576 -64 ) (-128 320 -64 ) (-128 320 80 ) (-128 576 80 ) 
4 102 103 (-128 320 80 ) (-128 320 -64 ) (0 320 -64 ) (0 320 80 ) 
4 103 110 (0 64 -64 ) (0 64 80 ) (-128 64 80 ) (-128 64 -64 ) 
4 103 107 (0 64 -64 ) (-128 64 -64 ) (-128 320 -64 ) (0 320 -64 ) 
4 103 105 (-128 320 -64 ) (-128 64 -64 ) (-128 64 80 ) (-128 320 80 ) 
4 104 108 (-512 320 -64 ) (-512 576 -64 ) (-128 576 -64 ) (-128 320 -64 ) 
4 104 105 (-512 320 -64 ) (-128 320 -64 ) (-128 320 80 ) (-512 320 80 ) 
4 105 111 (-128 64 80 ) (-512 64 80 ) (-512 64 -64 ) (-128 64 -64 ) 
4 105 109 (-128 64 -64 ) (-512 64 -64 ) (-512 320 -64 ) (-128 320 -64 ) 
4 106 108 (-128 576 -288 ) (-128 320 -288 ) (-128 320 -64 ) (-128 576 -64 ) 
4 106 107 (-128 320 -64 ) (-128 320 -288 ) (0 320 -288 ) (0 320 -64 ) 
4 107 112 (-128 64 -288 ) (0 64 -288 ) (0 64 -64 ) (-128 64 -64 ) 
4 107 109 (-128 320 -288 ) (-128 64 -288 ) (-128 64 -64 ) (-128 320 -64 ) 
4 108 109 (-512 320 -288 ) (-128 320 -288 ) (-128 320 -64 ) (-512 320 -64 ) 
4 109 117 (-512 320 -288 ) (-512 64 -288 ) (-512 64 -144 ) (-512 320 -144 ) 
4 109 113 (-512 64 -288 ) (-128 64 -288 ) (-128 64 -64 ) (-512 64 -64 ) 
4 110 157 (0 0 -64 ) (0 0 80 ) (-128 0 80 ) (-128 0 -64 ) 
4 110 112 (-128 64 -64 ) (0 64 -64 ) (0 0 -64 ) (-128 0 -64 ) 
4 110 111 (-128 64 80 ) (-128 64 -64 ) (-128 0 -64 ) (-128 0 80 ) 
4 111 158 (-128 0 80 ) (-512 0 80 ) (-512 0 -64 ) (-128 0 -64 ) 
4 111 113 (-512 0 -64 ) (-512 64 -64 ) (-128 64 -64 ) (-128 0 -64 ) 
4 112 159 (0 0 -288 ) (0 0 -64 ) (-128 0 -64 ) (-128 0 -288 ) 
4 112 113 (-128 0 -64 ) (-128 64 -64 ) (-128 64 -288 ) (-128 0 -288 ) 
4 113 160 (-128 0 -64 ) (-512 0 -64 ) (-512 0 -288 ) (-128 0 -288 ) 
4 114 115 (-520 1024 -64 ) (-520 972 -64 ) (-520 972 48 ) (-520 1024 48 ) 
4 115 118 (-528 1024 128 ) (-528 1024 -64 ) (-528 972 -64 ) (-528 972 128 ) 
4 116 120 (-528 912 -64 ) (-528 752 -64 ) (-528 752 56 ) (-528 912 56 ) 
4 116 119 (-528 752 56 ) (-528 752 152 ) (-528 912 152 ) (-528 912 56 ) 
4 117 126 (-528 320 -288 ) (-528 64 -288 ) (-528 64 -144 ) (-528 320 -144 ) 
4 119 120 (-528 752 56 ) (-848 752 56 ) (-848 912 56 ) (-528 912 56 ) 
4 120 121 (-880 912 56 ) (-880 912 -160 ) (-880 752 -160 ) (-880 752 56 ) 
4 121 258 (-1024 912 -160 ) (-1024 752 -160 ) (-1024 752 56 ) (-1024 912 56 ) 
4 121 123 (-1024 752 -160 ) (-880 752 -160 ) (-880 752 -32 ) (-1024 752 -32 ) 
4 121 122 (-880 752 -32 ) (-880 752 56 ) (-1024 752 56 ) (-1024 752 -32 ) 
4 122 259 (-1024 752 56 ) (-1024 752 -32 ) (-1024 400 -32 ) (-1024 720 56 ) 
4 122 123 (-1024 752 -32 ) (-880 752 -32 ) (-880 400 -32 ) (-1024 400 -32 ) 
5 123 259 (-1024 752 -160 ) (-1024 384 -160 ) (-1024 384 -36.400002 ) (-1024 400 -32 ) (-1024 752 -32 ) 
3 123 257 (-1024 384 -36.400002 ) (-1024 384 -32 ) (-1024 400 -32 ) 
4 123 129 (-1024 384 -32 ) (-1024 384 -160 ) (-880 384 -160 ) (-880 384 -32 ) 
4 123 124 (-880 384 -160 ) (-1024 384 -160 ) (-1024 720 -160 ) (-880 720 -160 ) 
4 124 260 (-1024 400 -256 ) (-1024 384 -256 ) (-1024 384 -160 ) (-1024 720 -160 ) 
4 124 129 (-880 384 -160 ) (-1024 384 -160 ) (-1024 384 -256 ) (-880 384 -256 ) 
4 125 127 (-704 64 -144 ) (-704 64 -112 ) (-704 320 -112 ) (-704 320 -144 ) 
4 125 126 (-576 64 -144 ) (-704 64 -144 ) (-704 320 -144 ) (-576 320 -144 ) 
4 126 127 (-704 64 -256 ) (-704 64 -144 ) (-704 320 -144 ) (-704 320 -256 ) 
4 127 130 (-736 320 -112 ) (-736 320 -256 ) (-736 64 -256 ) (-736 64 -112 ) 
4 128 130 (-880 320 -256 ) (-736 320 -256 ) (-736 320 64 ) (-880 320 64 ) 
4 128 129 (-880 384 -256 ) (-880 320 -256 ) (-880 320 64 ) (-880 384 64 ) 
4 129 261 (-1024 320 64 ) (-1024 384 64 ) (-1024 384 -256 ) (-1024 320 -256 ) 
4 129 131 (-1024 320 -256 ) (-880 320 -256 ) (-880 320 64 ) (-1024 320 64 ) 
4 130 132 (-880 64 -256 ) (-736 64 -256 ) (-736 64 64 ) (-880 64 64 ) 
4 130 131 (-880 320 64 ) (-880 320 -256 ) (-880 64 -256 ) (-880 64 64 ) 
4 131 262 (-1024 64 64 ) (-1024 320 64 ) (-1024 320 -256 ) (-1024 64 -256 ) 
4 131 133 (-1024 64 -256 ) (-880 64 -256 ) (-880 64 64 ) (-1024 64 64 ) 
4 132 171 (-736 0 -256 ) (-736 0 64 ) (-880 0 64 ) (-880 0 -256 ) 
4 132 133 (-880 64 64 ) (-880 64 -256 ) (-880 0 -256 ) (-880 0 64 ) 
4 133 265 (-1024 0 -256 ) (-1024 0 64 ) (-1024 64 64 ) (-1024 64 -256 ) 
4 133 172 (-880 0 64 ) (-1024 0 64 ) (-1024 0 -256 ) (-880 0 -256 ) 
4 134 136 (1024 -512 -256 ) (1024 -512 -80 ) (880 -512 -80 ) (880 -512 -256 ) 
4 134 135 (880 0 -256 ) (880 -512 -256 ) (880 -512 64 ) (880 0 64 ) 
4 135 136 (832 -512 -80 ) (832 -512 -256 ) (880 -512 -256 ) (880 -512 -80 ) 
4 136 137 (1024 -528 -256 ) (1024 -528 -80 ) (832 -528 -80 ) (832 -528 -256 ) 
4 137 139 (832 -1008 0 ) (832 -688 0 ) (832 -688 -288 ) (832 -1008 -288 ) 
4 137 138 (832 -1008 0 ) (832 -1008 -288 ) (1024 -1008 -288 ) (1024 -1008 0 ) 
4 138 208 (1024 -1024 -288 ) (1024 -1024 -96 ) (832 -1024 -96 ) (832 -1024 -288 ) 
4 138 185 (1024 -1024 -96 ) (1024 -1024 0 ) (832 -1024 0 ) (832 -1024 -96 ) 
4 139 140 (816 -688 -288 ) (816 -1008 -288 ) (816 -1008 0 ) (816 -688 0 ) 
4 140 149 (512 -688 -288 ) (512 -1008 -288 ) (512 -1008 96 ) (512 -688 96 ) 
4 140 141 (816 -1008 -288 ) (816 -1008 96 ) (512 -1008 96 ) (512 -1008 -288 ) 
4 141 209 (512 -1024 -96 ) (512 -1024 -288 ) (816 -1024 -288 ) (816 -1024 -96 ) 
4 141 186 (512 -1024 32 ) (512 -1024 -96 ) (816 -1024 -96 ) (816 -1024 32 ) 
4 141 183 (512 -1024 96 ) (512 -1024 32 ) (816 -1024 32 ) (816 -1024 96 ) 
4 141 150 (512 -1008 -288 ) (512 -1024 -288 ) (512 -1024 96 ) (512 -1008 96 ) 
4 142 144 (512 -416 80 ) (128 -416 80 ) (128 0 80 ) (512 0 80 ) 
4 142 143 (128 0 80 ) (128 -416 80 ) (128 -416 240 ) (128 0 240 ) 
4 143 155 (0 0 240 ) (0 0 80 ) (0 -416 80 ) (0 -416 240 ) 
4 143 146 (128 -416 80 ) (0 -416 80 ) (0 0 80 ) (128 0 80 ) 
4 144 146 (128 -416 -64 ) (128 -416 80 ) (128 0 80 ) (128 0 -64 ) 
4 144 145 (512 -416 -64 ) (128 -416 -64 ) (128 0 -64 ) (512 0 -64 ) 
4 145 147 (128 0 -288 ) (128 -416 -288 ) (128 -416 -64 ) (128 0 -64 ) 
4 146 157 (0 0 80 ) (0 0 -64 ) (0 -416 -64 ) (0 -416 80 ) 
4 146 147 (0 0 -64 ) (128 0 -64 ) (128 -416 -64 ) (0 -416 -64 ) 
4 147 159 (0 0 -64 ) (0 0 -288 ) (0 -416 -288 ) (0 -416 -64 ) 
4 147 148 (0 -416 -288 ) (128 -416 -288 ) (128 -416 -128 ) (0 -416 -128 ) 
4 148 161 (0 -416 -128 ) (0 -416 -288 ) (0 -432 -288 ) (0 -432 -128 ) 
4 148 151 (0 -432 -288 ) (128 -432 -288 ) (128 -432 -128 ) (0 -432 -128 ) 
4 149 153 (448 -688 -288 ) (448 -1008 -288 ) (448 -1008 96 ) (448 -688 96 ) 
4 149 150 (448 -1008 96 ) (448 -1008 -288 ) (512 -1008 -288 ) (512 -1008 96 ) 
4 150 209 (448 -1024 -288 ) (512 -1024 -288 ) (512 -1024 -96 ) (448 -1024 -96 ) 
4 150 186 (512 -1024 -96 ) (512 -1024 32 ) (448 -1024 32 ) (448 -1024 -96 ) 
4 150 183 (512 -1024 32 ) (512 -1024 96 ) (448 -1024 96 ) (448 -1024 32 ) 
4 150 154 (448 -1008 -288 ) (448 -1024 -288 ) (448 -1024 96 ) (448 -1008 96 ) 
4 151 162 (0 -432 -96 ) (0 -432 -288 ) (0 -448 -288 ) (0 -448 -96 ) 
4 151 152 (0 -448 -288 ) (128 -448 -288 ) (128 -448 -96 ) (0 -448 -96 ) 
4 152 163 (0 -528 96 ) (0 -448 96 ) (0 -448 -288 ) (0 -528 -288 ) 
4 152 165 (0 -688 96 ) (0 -528 96 ) (0 -528 -288 ) (0 -688 -288 ) 
4 152 153 (0 -688 -288 ) (448 -688 -288 ) (448 -688 96 ) (0 -688 96 ) 
4 153 166 (0 -1008 96 ) (0 -688 96 ) (0 -688 -288 ) (0 -1008 -288 ) 
4 153 154 (0 -1008 -288 ) (448 -1008 -288 ) (448 -1008 96 ) (0 -1008 96 ) 
4 154 210 (0 -1024 -96 ) (0 -1024 -288 ) (448 -1024 -288 ) (448 -1024 -96 ) 
4 154 187 (0 -1024 32 ) (0 -1024 -96 ) (448 -1024 -96 ) (448 -1024 32 ) 
4 154 184 (0 -1024 96 ) (0 -1024 32 ) (448 -1024 32 ) (448 -1024 96 ) 
4 154 167 (0 -1024 -288 ) (0 -1024 96 ) (0 -1008 96 ) (0 -1008 -288 ) 
4 155 157 (0 -416 80 ) (-128 -416 80 ) (-128 0 80 ) (0 0 80 ) 
4 155 156 (-128 0 80 ) (-128 -416 80 ) (-128 -416 240 ) (-128 0 240 ) 
4 156 158 (-128 -416 80 ) (-512 -416 80 ) (-512 0 80 ) (-128 0 80 ) 
4 157 159 (0 -416 -64 ) (-128 -416 -64 ) (-128 0 -64 ) (0 0 -64 ) 
4 157 158 (-128 0 -64 ) (-128 -416 -64 ) (-128 -416 80 ) (-128 0 80 ) 
4 158 160 (-128 -416 -64 ) (-512 -416 -64 ) (-512 0 -64 ) (-128 0 -64 ) 
4 159 161 (-128 -416 -288 ) (0 -416 -288 ) (0 -416 -128 ) (-128 -416 -128 ) 
4 159 160 (-128 0 -288 ) (-128 -416 -288 ) (-128 -416 -64 ) (-128 0 -64 ) 
4 160 168 (-512 -160 -288 ) (-512 -216 -288 ) (-512 -216 -176 ) (-512 -160 -176 ) 
4 161 162 (-128 -432 -288 ) (0 -432 -288 ) (0 -432 -128 ) (-128 -432 -128 ) 
4 162 163 (-128 -448 -288 ) (0 -448 -288 ) (0 -448 -96 ) (-128 -448 -96 ) 
4 163 164 (-496 -448 -288 ) (-496 -528 -288 ) (-496 -528 -96 ) (-496 -448 -96 ) 
4 163 165 (-496 -528 -288 ) (0 -528 -288 ) (0 -528 96 ) (-496 -528 96 ) 
4 164 173 (-512 -512 -288 ) (-512 -528 -288 ) (-512 -528 -96 ) (-512 -512 -96 ) 
4 164 169 (-512 -448 -96 ) (-512 -448 -288 ) (-512 -512 -288 ) (-512 -512 -96 ) 
4 164 165 (-512 -528 -288 ) (-496 -528 -288 ) (-496 -528 -96 ) (-512 -528 -96 ) 
4 165 175 (-512 -688 -288 ) (-512 -688 96 ) (-512 -528 96 ) (-512 -528 -288 ) 
4 165 166 (-512 -688 96 ) (-512 -688 -288 ) (0 -688 -288 ) (0 -688 96 ) 
4 166 177 (-512 -1008 96 ) (-512 -688 96 ) (-512 -688 -288 ) (-512 -1008 -288 ) 
4 166 167 (-512 -1008 -288 ) (0 -1008 -288 ) (0 -1008 96 ) (-512 -1008 96 ) 
4 167 228 (0 -1024 -288 ) (0 -1024 96 ) (-512 -1024 96 ) (-512 -1024 -288 ) 
4 167 178 (-512 -1024 -288 ) (-512 -1024 96 ) (-512 -1008 96 ) (-512 -1008 -288 ) 
4 169 173 (-512 -512 -288 ) (-512 -512 -96 ) (-608 -512 -96 ) (-608 -512 -288 ) 
4 169 170 (-608 -512 -96 ) (-608 -464 -96 ) (-608 -464 -288 ) (-608 -512 -288 ) 
4 170 173 (-608 -512 -96 ) (-640 -512 -96 ) (-640 -512 -288 ) (-608 -512 -288 ) 
4 171 174 (-880 -512 -256 ) (-832 -512 -256 ) (-832 -512 -80 ) (-880 -512 -80 ) 
4 171 172 (-880 0 -256 ) (-880 -512 -256 ) (-880 -512 64 ) (-880 0 64 ) 
4 172 267 (-1024 -512 -256 ) (-1024 -512 64 ) (-1024 0 64 ) (-1024 0 -256 ) 
4 172 174 (-1024 -512 -80 ) (-1024 -512 -256 ) (-880 -512 -256 ) (-880 -512 -80 ) 
4 173 175 (-640 -528 -288 ) (-512 -528 -288 ) (-512 -528 -96 ) (-640 -528 -96 ) 
4 174 269 (-1024 -512 -80 ) (-1024 -512 -256 ) (-1024 -528 -256 ) (-1024 -528 -80 ) 
4 174 176 (-832 -528 -80 ) (-1024 -528 -80 ) (-1024 -528 -256 ) (-832 -528 -256 ) 
4 175 177 (-640 -688 -288 ) (-512 -688 -288 ) (-512 -688 96 ) (-640 -688 96 ) 
4 176 270 (-1024 -688 96 ) (-1024 -528 96 ) (-1024 -528 -288 ) (-1024 -688 -288 ) 
4 176 181 (-1024 -688 -288 ) (-832 -688 -288 ) (-832 -688 96 ) (-1024 -688 96 ) 
4 177 179 (-640 -688 96 ) (-640 -688 -288 ) (-640 -1008 -288 ) (-640 -1008 96 ) 
4 177 178 (-640 -1008 96 ) (-640 -1008 -288 ) (-512 -1008 -288 ) (-512 -1008 96 ) 
4 178 228 (-640 -1024 -288 ) (-512 -1024 -288 ) (-512 -1024 96 ) (-640 -1024 96 ) 
4 178 180 (-640 -1008 -288 ) (-640 -1024 -288 ) (-640 -1024 96 ) (-640 -1008 96 ) 
4 179 181 (-832 -688 96 ) (-832 -688 -288 ) (-832 -1008 -288 ) (-832 -1008 96 ) 
4 179 180 (-832 -1008 96 ) (-832 -1008 -288 ) (-640 -1008 -288 ) (-640 -1008 96 ) 
4 180 229 (-832 -1024 -288 ) (-640 -1024 -288 ) (-640 -1024 96 ) (-832 -1024 96 ) 
4 180 182 (-832 -1008 -288 ) (-832 -1024 -288 ) (-832 -1024 96 ) (-832 -1008 96 ) 
4 181 271 (-1024 -1008 96 ) (-1024 -688 96 ) (-1024 -688 -288 ) (-1024 -1008 -288 ) 
4 181 182 (-1024 -1008 -288 ) (-832 -1008 -288 ) (-832 -1008 96 ) (-1024 -1008 96 ) 
4 182 272 (-1024 -1024 -288 ) (-1024 -1024 96 ) (-1024 -1008 96 ) (-1024 -1008 -288 ) 
4 182 230 (-1024 -1024 96 ) (-1024 -1024 -288 ) (-832 -1024 -288 ) (-832 -1024 96 ) 
4 183 191 (496 -1344 32 ) (448 -1344 32 ) (448 -1328 32 ) (496 -1328 32 ) 
4 183 189 (784 -1344 32 ) (656 -1344 32 ) (656 -1328 32 ) (784 -1328 32 ) 
4 183 190 (624 -1344 32 ) (528 -1344 32 ) (528 -1328 32 ) (624 -1328 32 ) 
4 183 186 (448 -1328 32 ) (448 -1024 32 ) (816 -1024 32 ) (816 -1328 32 ) 
4 183 184 (448 -1024 32 ) (448 -1344 32 ) (448 -1344 96 ) (448 -1024 96 ) 
4 184 231 (0 -1328 32 ) (0 -1344 32 ) (0 -1344 96 ) (0 -1328 96 ) 
4 184 228 (0 -1024 96 ) (0 -1024 32 ) (0 -1328 32 ) (0 -1328 96 ) 
4 184 194 (160 -1344 32 ) (0 -1344 32 ) (0 -1328 32 ) (160 -1328 32 ) 
4 184 193 (368 -1344 32 ) (192 -1344 32 ) (192 -1328 32 ) (368 -1328 32 ) 
4 184 192 (448 -1344 32 ) (400 -1344 32 ) (400 -1328 32 ) (448 -1328 32 ) 
4 184 187 (0 -1328 32 ) (0 -1024 32 ) (448 -1024 32 ) (448 -1328 32 ) 
4 185 208 (832 -1024 -96 ) (1024 -1024 -96 ) (1024 -1328 -96 ) (832 -1328 -96 ) 
4 185 188 (832 -1328 -96 ) (1024 -1328 -96 ) (1024 -1328 0 ) (832 -1328 0 ) 
4 186 209 (448 -1024 -96 ) (816 -1024 -96 ) (816 -1328 -96 ) (448 -1328 -96 ) 
4 186 191 (448 -1328 -96 ) (496 -1328 -96 ) (496 -1328 32 ) (448 -1328 32 ) 
4 186 189 (656 -1328 -96 ) (784 -1328 -96 ) (784 -1328 32 ) (656 -1328 32 ) 
4 186 190 (528 -1328 -96 ) (624 -1328 -96 ) (624 -1328 32 ) (528 -1328 32 ) 
4 186 187 (448 -1024 -96 ) (448 -1328 -96 ) (448 -1328 32 ) (448 -1024 32 ) 
4 187 228 (0 -1024 32 ) (0 -1024 -96 ) (0 -1328 -96 ) (0 -1328 32 ) 
4 187 210 (0 -1328 -96 ) (0 -1024 -96 ) (448 -1024 -96 ) (448 -1328 -96 ) 
4 187 194 (0 -1328 -96 ) (160 -1328 -96 ) (160 -1328 32 ) (0 -1328 32 ) 
4 187 193 (192 -1328 -96 ) (368 -1328 -96 ) (368 -1328 32 ) (192 -1328 32 ) 
4 187 192 (400 -1328 -96 ) (448 -1328 -96 ) (448 -1328 32 ) (400 -1328 32 ) 
4 188 211 (832 -1328 -96 ) (1024 -1328 -96 ) (1024 -1344 -96 ) (832 -1344 -96 ) 
4 189 212 (656 -1328 -96 ) (784 -1328 -96 ) (784 -1344 -96 ) (656 -1344 -96 ) 
4 190 213 (528 -1328 -96 ) (624 -1328 -96 ) (624 -1344 -96 ) (528 -1344 -96 ) 
4 191 214 (448 -1328 -96 ) (496 -1328 -96 ) (496 -1344 -96 ) (448 -1344 -96 ) 
4 191 192 (448 -1328 32 ) (448 -1328 -96 ) (448 -1344 -96 ) (448 -1344 32 ) 
4 192 215 (400 -1328 -96 ) (448 -1328 -96 ) (448 -1344 -96 ) (400 -1344 -96 ) 
4 193 216 (192 -1328 -96 ) (368 -1328 -96 ) (368 -1344 -96 ) (192 -1344 -96 ) 
4 194 232 (0 -1328 -96 ) (0 -1344 -96 ) (0 -1344 32 ) (0 -1328 32 ) 
4 194 217 (0 -1344 -96 ) (0 -1328 -96 ) (160 -1328 -96 ) (160 -1344 -96 ) 
4 195 201 (816 -1472 192 ) (816 -1472 400 ) (816 -1456 400 ) (816 -1456 192 ) 
4 195 197 (1024 -1472 192 ) (1024 -1472 400 ) (816 -1472 400 ) (816 -1472 192 ) 
4 195 196 (1024 -1472 192 ) (816 -1472 192 ) (816 -1456 192 ) (1024 -1456 192 ) 
4 196 202 (816 -1472 96 ) (816 -1472 192 ) (816 -1456 192 ) (816 -1456 96 ) 
4 196 198 (1024 -1472 96 ) (1024 -1472 192 ) (816 -1472 192 ) (816 -1472 96 ) 
4 197 528 (1024 -2048 192 ) (1024 -2048 400 ) (816 -2048 400 ) (816 -2048 192 ) 
4 197 204 (816 -2048 192 ) (816 -2048 400 ) (816 -1472 400 ) (816 -1472 192 ) 
4 197 198 (816 -2048 192 ) (816 -1472 192 ) (1024 -1472 192 ) (1024 -2048 192 ) 
4 198 529 (1024 -2048 0 ) (1024 -2048 192 ) (816 -2048 192 ) (816 -2048 0 ) 
4 198 205 (816 -1472 0 ) (816 -2048 0 ) (816 -2048 192 ) (816 -1472 192 ) 
4 198 200 (816 -2048 0 ) (816 -1472 0 ) (832 -1472 0 ) (832 -2048 0 ) 
4 198 199 (832 -1472 0 ) (1024 -1472 0 ) (1024 -2048 0 ) (832 -2048 0 ) 
4 199 529 (1024 -2048 -96 ) (1024 -2048 0 ) (832 -2048 0 ) (832 -2048 -96 ) 
4 199 223 (1024 -2048 -96 ) (832 -2048 -96 ) (832 -1472 -96 ) (1024 -1472 -96 ) 
4 199 200 (832 -2048 0 ) (832 -1472 0 ) (832 -1472 -96 ) (832 -2048 -96 ) 
4 200 529 (832 -2048 0 ) (816 -2048 0 ) (816 -2048 -96 ) (832 -2048 -96 ) 
4 200 223 (832 -2048 -96 ) (816 -2048 -96 ) (816 -1472 -96 ) (832 -1472 -96 ) 
4 200 205 (816 -1472 -96 ) (816 -2048 -96 ) (816 -2048 0 ) (816 -1472 0 ) 
4 201 240 (0 -1472 192 ) (0 -1472 400 ) (0 -1456 400 ) (0 -1456 192 ) 
4 201 206 (192 -1472 400 ) (0 -1472 400 ) (0 -1472 192 ) (192 -1472 192 ) 
4 201 204 (816 -1472 192 ) (816 -1472 400 ) (192 -1472 400 ) (192 -1472 192 ) 
4 201 202 (816 -1472 192 ) (0 -1472 192 ) (0 -1456 192 ) (816 -1456 192 ) 
4 202 241 (0 -1472 96 ) (0 -1472 192 ) (0 -1456 192 ) (0 -1456 96 ) 
4 202 207 (192 -1472 192 ) (0 -1472 192 ) (0 -1472 96 ) (192 -1472 96 ) 
4 202 205 (816 -1472 96 ) (816 -1472 192 ) (192 -1472 192 ) (192 -1472 96 ) 
4 202 203 (816 -1472 96 ) (176 -1472 96 ) (176 -1456 96 ) (816 -1456 96 ) 
4 203 220 (176 -1456 -96 ) (816 -1456 -96 ) (816 -1472 -96 ) (176 -1472 -96 ) 
4 203 207 (176 -1472 -96 ) (192 -1472 -96 ) (192 -1472 96 ) (176 -1472 96 ) 
4 203 205 (192 -1472 -96 ) (816 -1472 -96 ) (816 -1472 96 ) (192 -1472 96 ) 
4 204 528 (816 -2048 192 ) (816 -2048 400 ) (192 -2048 400 ) (192 -2048 192 ) 
4 204 206 (192 -1472 400 ) (192 -1472 192 ) (192 -2048 192 ) (192 -2048 400 ) 
4 204 205 (192 -2048 192 ) (192 -1472 192 ) (816 -1472 192 ) (816 -2048 192 ) 
4 205 529 (192 -2048 -96 ) (816 -2048 -96 ) (816 -2048 192 ) (192 -2048 192 ) 
4 205 223 (816 -2048 -96 ) (192 -2048 -96 ) (192 -1472 -96 ) (816 -1472 -96 ) 
4 205 207 (192 -1472 192 ) (192 -1472 -96 ) (192 -2048 -96 ) (192 -2048 192 ) 
4 206 531 (0 -2048 400 ) (0 -2048 192 ) (192 -2048 192 ) (192 -2048 400 ) 
4 206 251 (0 -2048 192 ) (0 -2048 400 ) (0 -1472 400 ) (0 -1472 192 ) 
4 206 207 (0 -2048 192 ) (0 -1472 192 ) (192 -1472 192 ) (192 -2048 192 ) 
4 207 532 (0 -2048 192 ) (0 -2048 -96 ) (192 -2048 -96 ) (192 -2048 192 ) 
4 207 252 (0 -1472 -96 ) (0 -2048 -96 ) (0 -2048 192 ) (0 -1472 192 ) 
4 207 224 (192 -2048 -96 ) (0 -2048 -96 ) (0 -1472 -96 ) (192 -1472 -96 ) 
4 208 211 (832 -1328 -288 ) (1024 -1328 -288 ) (1024 -1328 -96 ) (832 -1328 -96 ) 
4 209 214 (448 -1328 -288 ) (496 -1328 -288 ) (496 -1328 -96 ) (448 -1328 -96 ) 
4 209 213 (528 -1328 -288 ) (624 -1328 -288 ) (624 -1328 -96 ) (528 -1328 -96 ) 
4 209 212 (656 -1328 -288 ) (784 -1328 -288 ) (784 -1328 -96 ) (656 -1328 -96 ) 
4 209 210 (448 -1024 -288 ) (448 -1328 -288 ) (448 -1328 -96 ) (448 -1024 -96 ) 
4 210 228 (0 -1024 -96 ) (0 -1024 -288 ) (0 -1328 -288 ) (0 -1328 -96 ) 
4 210 217 (0 -1328 -288 ) (160 -1328 -288 ) (160 -1328 -96 ) (0 -1328 -96 ) 
4 210 216 (192 -1328 -288 ) (368 -1328 -288 ) (368 -1328 -96 ) (192 -1328 -96 ) 
4 210 215 (400 -1328 -288 ) (448 -1328 -288 ) (448 -1328 -96 ) (400 -1328 -96 ) 
4 211 218 (832 -1344 -288 ) (1024 -1344 -288 ) (1024 -1344 -128 ) (832 -1344 -128 ) 
4 214 215 (448 -1328 -96 ) (448 -1328 -288 ) (448 -1344 -288 ) (448 -1344 -96 ) 
4 217 232 (0 -1328 -288 ) (0 -1344 -288 ) (0 -1344 -96 ) (0 -1328 -96 ) 
4 217 221 (0 -1344 -288 ) (160 -1344 -288 ) (160 -1344 -96 ) (0 -1344 -96 ) 
4 218 219 (1024 -1456 -128 ) (832 -1456 -128 ) (832 -1456 -288 ) (1024 -1456 -288 ) 
4 219 223 (832 -1472 -288 ) (1024 -1472 -288 ) (1024 -1472 -128 ) (832 -1472 -128 ) 
4 220 225 (816 -1456 -288 ) (816 -1472 -288 ) (176 -1472 -288 ) (176 -1456 -288 ) 
4 220 224 (176 -1472 -288 ) (192 -1472 -288 ) (192 -1472 -96 ) (176 -1472 -96 ) 
4 220 223 (192 -1472 -288 ) (816 -1472 -288 ) (816 -1472 -96 ) (192 -1472 -96 ) 
4 221 247 (0 -1344 -288 ) (0 -1440 -288 ) (0 -1440 -96 ) (0 -1344 -96 ) 
5 221 222 (0 -1440 -288 ) (160 -1440 -288 ) (160 -1440 -160 ) (96 -1440 -96 ) (0 -1440 -96 ) 
4 222 248 (0 -1440 -288 ) (0 -1472 -288 ) (0 -1472 -96 ) (0 -1440 -96 ) 
5 222 224 (0 -1472 -288 ) (160 -1472 -288 ) (160 -1472 -160 ) (96 -1472 -96 ) (0 -1472 -96 ) 
4 223 530 (1024 -2048 -288 ) (1024 -2048 -96 ) (192 -2048 -96 ) (192 -2048 -288 ) 
4 223 226 (192 -1472 -288 ) (1024 -1472 -288 ) (1024 -2048 -288 ) (192 -2048 -288 ) 
4 223 224 (192 -1472 -96 ) (192 -1472 -288 ) (192 -2048 -288 ) (192 -2048 -96 ) 
4 224 533 (192 -2048 -96 ) (0 -2048 -96 ) (0 -2048 -288 ) (192 -2048 -288 ) 
4 224 253 (0 -1472 -288 ) (0 -2048 -288 ) (0 -2048 -96 ) (0 -1472 -96 ) 
4 224 227 (0 -2048 -288 ) (0 -1472 -288 ) (192 -1472 -288 ) (192 -2048 -288 ) 
4 225 227 (176 -1472 -320 ) (192 -1472 -320 ) (192 -1472 -288 ) (176 -1472 -288 ) 
4 225 226 (192 -1472 -320 ) (816 -1472 -320 ) (816 -1472 -288 ) (192 -1472 -288 ) 
4 226 530 (1024 -2048 -320 ) (1024 -2048 -288 ) (192 -2048 -288 ) (192 -2048 -320 ) 
4 226 227 (192 -1472 -288 ) (192 -1472 -320 ) (192 -2048 -320 ) (192 -2048 -288 ) 
4 227 533 (192 -2048 -288 ) (0 -2048 -288 ) (0 -2048 -320 ) (192 -2048 -320 ) 
4 227 253 (0 -1472 -320 ) (0 -2048 -320 ) (0 -2048 -288 ) (0 -1472 -288 ) 
4 228 234 (-496 -1328 -288 ) (-400 -1328 -288 ) (-400 -1328 32 ) (-496 -1328 32 ) 
4 228 235 (-640 -1328 -288 ) (-528 -1328 -288 ) (-528 -1328 32 ) (-640 -1328 32 ) 
4 228 232 (-160 -1328 -288 ) (0 -1328 -288 ) (0 -1328 32 ) (-160 -1328 32 ) 
4 228 233 (-368 -1328 -288 ) (-192 -1328 -288 ) (-192 -1328 32 ) (-368 -1328 32 ) 
4 228 231 (0 -1328 32 ) (0 -1328 96 ) (-640 -1328 96 ) (-640 -1328 32 ) 
4 228 229 (-640 -1024 -288 ) (-640 -1328 -288 ) (-640 -1328 96 ) (-640 -1024 96 ) 
4 229 238 (-800 -1328 32 ) (-800 -1328 96 ) (-832 -1328 96 ) (-832 -1328 32 ) 
4 229 237 (-800 -1328 -288 ) (-672 -1328 -288 ) (-672 -1328 96 ) (-800 -1328 96 ) 
4 229 236 (-640 -1328 32 ) (-640 -1328 96 ) (-672 -1328 96 ) (-672 -1328 32 ) 
4 229 230 (-832 -1024 -288 ) (-832 -1328 -288 ) (-832 -1328 96 ) (-832 -1024 96 ) 
4 230 284 (-1024 -1024 -96 ) (-1024 -1024 -288 ) (-1024 -1328 -288 ) (-1024 -1328 -96 ) 
4 230 279 (-1024 -1024 64 ) (-1024 -1024 -96 ) (-1024 -1328 -96 ) (-1024 -1328 64 ) 
4 230 277 (-1024 -1024 96 ) (-1024 -1024 64 ) (-1024 -1328 64 ) (-1024 -1328 96 ) 
4 230 239 (-1024 -1328 96 ) (-1024 -1328 -288 ) (-832 -1328 -288 ) (-832 -1328 96 ) 
4 231 236 (-640 -1328 96 ) (-640 -1328 32 ) (-640 -1344 32 ) (-640 -1344 96 ) 
4 231 234 (-400 -1344 32 ) (-496 -1344 32 ) (-496 -1328 32 ) (-400 -1328 32 ) 
4 231 235 (-528 -1344 32 ) (-640 -1344 32 ) (-640 -1328 32 ) (-528 -1328 32 ) 
4 231 232 (0 -1344 32 ) (-160 -1344 32 ) (-160 -1328 32 ) (0 -1328 32 ) 
4 231 233 (-192 -1344 32 ) (-368 -1344 32 ) (-368 -1328 32 ) (-192 -1328 32 ) 
4 232 247 (-160 -1344 -288 ) (0 -1344 -288 ) (0 -1344 -96 ) (-160 -1344 -96 ) 
4 236 237 (-672 -1344 96 ) (-672 -1328 96 ) (-672 -1328 32 ) (-672 -1344 32 ) 
4 237 238 (-800 -1344 96 ) (-800 -1328 96 ) (-800 -1328 32 ) (-800 -1344 32 ) 
4 238 239 (-832 -1344 96 ) (-832 -1328 96 ) (-832 -1328 32 ) (-832 -1344 32 ) 
4 239 284 (-1024 -1344 -288 ) (-1024 -1344 -96 ) (-1024 -1328 -96 ) (-1024 -1328 -288 ) 
4 239 279 (-1024 -1344 -96 ) (-1024 -1344 64 ) (-1024 -1328 64 ) (-1024 -1328 -96 ) 
4 239 277 (-1024 -1344 64 ) (-1024 -1344 96 ) (-1024 -1328 96 ) (-1024 -1328 64 ) 
4 239 245 (-1024 -1344 64 ) (-1024 -1344 -96 ) (-832 -1344 -96 ) (-832 -1344 64 ) 
4 239 244 (-1024 -1344 96 ) (-1024 -1344 64 ) (-832 -1344 64 ) (-832 -1344 96 ) 
4 240 273 (-1024 -1472 192 ) (-1024 -1472 400 ) (-1024 -1456 400 ) (-1024 -1456 192 ) 
4 240 254 (-640 -1472 400 ) (-1024 -1472 400 ) (-1024 -1472 192 ) (-640 -1472 192 ) 
4 240 251 (0 -1472 192 ) (0 -1472 400 ) (-640 -1472 400 ) (-640 -1472 192 ) 
4 240 242 (-816 -1472 192 ) (-1024 -1472 192 ) (-1024 -1456 192 ) (-816 -1456 192 ) 
4 240 241 (0 -1472 192 ) (-816 -1472 192 ) (-816 -1456 192 ) (0 -1456 192 ) 
4 241 255 (-640 -1472 192 ) (-816 -1472 192 ) (-816 -1472 96 ) (-640 -1472 96 ) 
4 241 252 (0 -1472 96 ) (0 -1472 192 ) (-640 -1472 192 ) (-640 -1472 96 ) 
4 241 243 (-176 -1472 96 ) (-816 -1472 96 ) (-816 -1456 96 ) (-176 -1456 96 ) 
4 241 242 (-816 -1472 192 ) (-816 -1456 192 ) (-816 -1456 112 ) (-816 -1472 112 ) 
4 242 274 (-1024 -1472 112 ) (-1024 -1472 192 ) (-1024 -1456 192 ) (-1024 -1456 112 ) 
4 242 255 (-816 -1472 192 ) (-1024 -1472 192 ) (-1024 -1472 112 ) (-816 -1472 112 ) 
4 243 255 (-640 -1472 96 ) (-816 -1472 96 ) (-816 -1472 -96 ) (-640 -1472 -96 ) 
4 243 252 (-176 -1472 96 ) (-640 -1472 96 ) (-640 -1472 -96 ) (-176 -1472 -96 ) 
4 243 249 (-176 -1472 -96 ) (-816 -1472 -96 ) (-816 -1456 -96 ) (-176 -1456 -96 ) 
4 244 277 (-1024 -1456 96 ) (-1024 -1344 96 ) (-1024 -1344 64 ) (-1024 -1456 64 ) 
4 244 245 (-1024 -1344 64 ) (-832 -1344 64 ) (-832 -1456 64 ) (-1024 -1456 64 ) 
4 245 279 (-1024 -1456 64 ) (-1024 -1344 64 ) (-1024 -1344 -96 ) (-1024 -1456 -96 ) 
4 245 246 (-1024 -1456 -96 ) (-832 -1456 -96 ) (-832 -1456 64 ) (-1024 -1456 64 ) 
4 246 280 (-1024 -1472 -96 ) (-1024 -1472 64 ) (-1024 -1456 64 ) (-1024 -1456 -96 ) 
4 246 255 (-1024 -1472 64 ) (-1024 -1472 -96 ) (-832 -1472 -96 ) (-832 -1472 64 ) 
5 247 248 (-160 -1440 -160 ) (-160 -1440 -288 ) (0 -1440 -288 ) (0 -1440 -96 ) (-96 -1440 -96 ) 
5 248 253 (0 -1472 -288 ) (0 -1472 -96 ) (-96 -1472 -96 ) (-160 -1472 -160 ) (-160 -1472 -288 ) 
4 249 256 (-640 -1472 -96 ) (-816 -1472 -96 ) (-816 -1472 -288 ) (-640 -1472 -288 ) 
4 249 253 (-176 -1472 -96 ) (-640 -1472 -96 ) (-640 -1472 -288 ) (-176 -1472 -288 ) 
4 249 250 (-176 -1472 -288 ) (-816 -1472 -288 ) (-816 -1456 -288 ) (-176 -1456 -288 ) 
4 250 256 (-640 -1472 -288 ) (-816 -1472 -288 ) (-816 -1472 -320 ) (-640 -1472 -320 ) 
4 250 253 (-176 -1472 -288 ) (-640 -1472 -288 ) (-640 -1472 -320 ) (-176 -1472 -320 ) 
4 251 534 (0 -2048 192 ) (0 -2048 400 ) (-640 -2048 400 ) (-640 -2048 192 ) 
4 251 254 (-640 -2048 192 ) (-640 -2048 400 ) (-640 -1472 400 ) (-640 -1472 192 ) 
4 251 252 (0 -2048 192 ) (-640 -2048 192 ) (-640 -1472 192 ) (0 -1472 192 ) 
4 252 536 (0 -2048 -96 ) (0 -2048 192 ) (-640 -2048 192 ) (-640 -2048 -96 ) 
4 252 255 (-640 -2048 -96 ) (-640 -2048 192 ) (-640 -1472 192 ) (-640 -1472 -96 ) 
4 252 253 (-640 -2048 -96 ) (-640 -1472 -96 ) (0 -1472 -96 ) (0 -2048 -96 ) 
4 253 538 (0 -2048 -320 ) (0 -2048 -96 ) (-640 -2048 -96 ) (-640 -2048 -320 ) 
4 253 256 (-640 -1472 -320 ) (-640 -2048 -320 ) (-640 -2048 -96 ) (-640 -1472 -96 ) 
4 254 535 (-640 -2048 400 ) (-1024 -2048 400 ) (-1024 -2048 192 ) (-640 -2048 192 ) 
4 254 273 (-1024 -2048 192 ) (-1024 -2048 400 ) (-1024 -1472 400 ) (-1024 -1472 192 ) 
4 254 255 (-1024 -1472 192 ) (-640 -1472 192 ) (-640 -2048 192 ) (-1024 -2048 192 ) 
4 255 537 (-1024 -2048 192 ) (-1024 -2048 -96 ) (-640 -2048 -96 ) (-640 -2048 192 ) 
4 255 281 (-1024 -2048 -96 ) (-1024 -2048 64 ) (-1024 -1472 64 ) (-1024 -1472 -96 ) 
4 255 278 (-1024 -2048 64 ) (-1024 -2048 96 ) (-1024 -1472 96 ) (-1024 -1472 64 ) 
4 255 275 (-1024 -2048 96 ) (-1024 -2048 112 ) (-1024 -1472 112 ) (-1024 -1472 96 ) 
4 255 274 (-1024 -2048 112 ) (-1024 -2048 192 ) (-1024 -1472 192 ) (-1024 -1472 112 ) 
4 255 256 (-1024 -2048 -96 ) (-1024 -1472 -96 ) (-640 -1472 -96 ) (-640 -2048 -96 ) 
4 256 539 (-1024 -2048 -96 ) (-1024 -2048 -320 ) (-640 -2048 -320 ) (-640 -2048 -96 ) 
4 256 286 (-1024 -2048 -320 ) (-1024 -2048 -288 ) (-1024 -1472 -288 ) (-1024 -1472 -320 ) 
4 256 285 (-1024 -2048 -288 ) (-1024 -2048 -96 ) (-1024 -1472 -96 ) (-1024 -1472 -288 ) 
4 257 261 (-1024 384 -36.399986 ) (-1024 384 -32 ) (-1040 384 -32 ) (-1040 384 -36.400024 ) 
4 257 259 (-1024 384 -36.399246 ) (-1040 384 -36.399246 ) (-1040 399.997253 -32 ) (-1024 399.997253 -32 ) 
4 258 259 (-1040 752 -160 ) (-1024 752 -160 ) (-1024 752 56 ) (-1040 752 56 ) 
4 259 261 (-1024 384 -160 ) (-1024 384 -36.399986 ) (-1040 384 -36.400024 ) (-1040 384 -160 ) 
4 259 260 (-1024 384 -160 ) (-1040 384 -160 ) (-1040 720 -160 ) (-1024 720 -160 ) 
4 260 261 (-1024 384 -256 ) (-1024 384 -160 ) (-1040 384 -160 ) (-1040 384 -256 ) 
4 261 263 (-1040 384 -256 ) (-1040 320 -256 ) (-1040 320 64 ) (-1040 384 64 ) 
4 261 262 (-1040 320 64 ) (-1040 320 -256 ) (-1024 320 -256 ) (-1024 320 64 ) 
4 262 265 (-1040 64 -256 ) (-1024 64 -256 ) (-1024 64 64 ) (-1040 64 64 ) 
4 262 264 (-1040 320 -256 ) (-1040 64 -256 ) (-1040 64 64 ) (-1040 320 64 ) 
4 263 264 (-1216 320 64 ) (-1216 320 -256 ) (-1040 320 -256 ) (-1040 320 64 ) 
4 264 266 (-1216 64 64 ) (-1216 64 -256 ) (-1040 64 -256 ) (-1040 64 64 ) 
4 265 267 (-1024 0 -256 ) (-1024 0 64 ) (-1040 0 64 ) (-1040 0 -256 ) 
4 265 266 (-1040 64 64 ) (-1040 64 -256 ) (-1040 0 -256 ) (-1040 0 64 ) 
4 266 268 (-1040 0 64 ) (-1216 0 64 ) (-1216 0 -256 ) (-1040 0 -256 ) 
4 267 269 (-1024 -512 -256 ) (-1024 -512 -80 ) (-1040 -512 -80 ) (-1040 -512 -256 ) 
4 267 268 (-1040 0 -256 ) (-1040 -512 -256 ) (-1040 -512 64 ) (-1040 0 64 ) 
4 268 269 (-1088 -512 -256 ) (-1040 -512 -256 ) (-1040 -512 -80 ) (-1088 -512 -80 ) 
4 269 270 (-1024 -528 -256 ) (-1024 -528 -80 ) (-1088 -528 -80 ) (-1088 -528 -256 ) 
4 270 271 (-1088 -688 -288 ) (-1024 -688 -288 ) (-1024 -688 96 ) (-1088 -688 96 ) 
4 271 272 (-1088 -1008 -288 ) (-1024 -1008 -288 ) (-1024 -1008 96 ) (-1088 -1008 96 ) 
4 272 284 (-1024 -1024 -288 ) (-1024 -1024 -96 ) (-1088 -1024 -96 ) (-1088 -1024 -288 ) 
4 272 279 (-1024 -1024 -96 ) (-1024 -1024 64 ) (-1088 -1024 64 ) (-1088 -1024 -96 ) 
4 272 277 (-1024 -1024 64 ) (-1024 -1024 96 ) (-1088 -1024 96 ) (-1088 -1024 64 ) 
4 273 566 (-1024 -2048 192 ) (-1024 -2048 400 ) (-1248 -2048 400 ) (-1248 -2048 192 ) 
4 273 274 (-1024 -2048 192 ) (-1248 -2048 192 ) (-1248 -1456 192 ) (-1024 -1456 192 ) 
4 274 567 (-1024 -2048 112 ) (-1024 -2048 192 ) (-1248 -2048 192 ) (-1248 -2048 112 ) 
4 274 275 (-1024 -1472 112 ) (-1024 -2048 112 ) (-1104 -2048 112 ) (-1104 -1472 112 ) 
4 274 276 (-1248 -2048 112 ) (-1248 -1456 112 ) (-1104 -1456 112 ) (-1104 -2048 112 ) 
4 275 567 (-1024 -2048 96 ) (-1024 -2048 112 ) (-1104 -2048 112 ) (-1104 -2048 96 ) 
4 275 282 (-1088 -2048 96 ) (-1104 -2048 96 ) (-1104 -1472 96 ) (-1088 -1472 96 ) 
4 275 278 (-1024 -2048 96 ) (-1088 -2048 96 ) (-1088 -1472 96 ) (-1024 -1472 96 ) 
4 275 276 (-1104 -2048 112 ) (-1104 -1472 112 ) (-1104 -1472 96 ) (-1104 -2048 96 ) 
4 276 567 (-1104 -2048 112 ) (-1248 -2048 112 ) (-1248 -2048 96 ) (-1104 -2048 96 ) 
4 276 283 (-1104 -2048 96 ) (-1248 -2048 96 ) (-1248 -1456 96 ) (-1104 -1456 96 ) 
4 277 279 (-1088 -1456 64 ) (-1088 -1024 64 ) (-1024 -1024 64 ) (-1024 -1456 64 ) 
4 278 567 (-1024 -2048 64 ) (-1024 -2048 96 ) (-1088 -2048 96 ) (-1088 -2048 64 ) 
4 278 282 (-1088 -2048 64 ) (-1088 -2048 96 ) (-1088 -1472 96 ) (-1088 -1472 64 ) 
4 278 281 (-1024 -2048 64 ) (-1088 -2048 64 ) (-1088 -1472 64 ) (-1024 -1472 64 ) 
4 279 284 (-1088 -1344 -96 ) (-1088 -1024 -96 ) (-1024 -1024 -96 ) (-1024 -1344 -96 ) 
4 279 280 (-1024 -1456 64 ) (-1088 -1456 64 ) (-1088 -1456 -96 ) (-1024 -1456 -96 ) 
4 280 281 (-1024 -1472 64 ) (-1088 -1472 64 ) (-1088 -1472 -96 ) (-1024 -1472 -96 ) 
4 281 567 (-1024 -2048 -96 ) (-1024 -2048 64 ) (-1088 -2048 64 ) (-1088 -2048 -96 ) 
4 281 285 (-1024 -2048 -96 ) (-1088 -2048 -96 ) (-1088 -1472 -96 ) (-1024 -1472 -96 ) 
4 281 282 (-1088 -1472 -96 ) (-1088 -2048 -96 ) (-1088 -2048 64 ) (-1088 -1472 64 ) 
4 282 567 (-1088 -2048 96 ) (-1104 -2048 96 ) (-1104 -2048 -96 ) (-1088 -2048 -96 ) 
4 282 285 (-1088 -2048 -96 ) (-1104 -2048 -96 ) (-1104 -1472 -96 ) (-1088 -1472 -96 ) 
4 282 283 (-1104 -1472 -96 ) (-1104 -2048 -96 ) (-1104 -2048 96 ) (-1104 -1472 96 ) 
4 283 567 (-1104 -2048 96 ) (-1248 -2048 96 ) (-1248 -2048 -96 ) (-1104 -2048 -96 ) 
4 283 287 (-1104 -2048 -96 ) (-1248 -2048 -96 ) (-1248 -1456 -96 ) (-1104 -1456 -96 ) 
4 285 568 (-1024 -2048 -288 ) (-1024 -2048 -96 ) (-1104 -2048 -96 ) (-1104 -2048 -288 ) 
4 285 287 (-1104 -2048 -288 ) (-1104 -2048 -96 ) (-1104 -1472 -96 ) (-1104 -1472 -288 ) 
4 285 286 (-1104 -2048 -288 ) (-1104 -1472 -288 ) (-1024 -1472 -288 ) (-1024 -2048 -288 ) 
4 286 568 (-1024 -2048 -320 ) (-1024 -2048 -288 ) (-1104 -2048 -288 ) (-1104 -2048 -320 ) 
4 286 287 (-1104 -1472 -320 ) (-1104 -2048 -320 ) (-1104 -2048 -288 ) (-1104 -1472 -288 ) 
4 287 568 (-1104 -2048 -96 ) (-1248 -2048 -96 ) (-1248 -2048 -320 ) (-1104 -2048 -320 ) 
4 288 295 (3072 -2048 400 ) (3072 -2048 192 ) (3072 -3072 192 ) (3072 -3072 400 ) 
4 288 291 (3168 -3072 192 ) (3168 -3072 400 ) (3072 -3072 400 ) (3072 -3072 192 ) 
4 288 289 (3072 -3072 192 ) (3072 -2048 192 ) (3168 -2048 192 ) (3168 -3072 192 ) 
4 289 297 (3072 -2048 192 ) (3072 -2048 -96 ) (3072 -3072 -96 ) (3072 -3072 192 ) 
4 289 292 (3168 -3072 -96 ) (3168 -3072 192 ) (3072 -3072 192 ) (3072 -3072 -96 ) 
4 289 290 (3072 -2048 -96 ) (3168 -2048 -96 ) (3168 -3072 -96 ) (3072 -3072 -96 ) 
4 290 299 (3072 -2048 -96 ) (3072 -2048 -320 ) (3072 -3072 -320 ) (3072 -3072 -96 ) 
4 290 293 (3168 -3072 -320 ) (3168 -3072 -96 ) (3072 -3072 -96 ) (3072 -3072 -320 ) 
4 291 311 (3072 -3728 192 ) (3072 -3728 400 ) (3072 -3712 400 ) (3072 -3712 192 ) 
4 291 307 (3072 -3712 400 ) (3072 -3072 400 ) (3072 -3072 192 ) (3072 -3712 192 ) 
4 291 292 (3168 -3728 192 ) (3072 -3728 192 ) (3072 -3072 192 ) (3168 -3072 192 ) 
4 292 317 (3072 -3728 -96 ) (3072 -3728 96 ) (3072 -3712 96 ) (3072 -3712 -96 ) 
4 292 315 (3072 -3712 96 ) (3072 -3072 96 ) (3072 -3072 -96 ) (3072 -3712 -96 ) 
4 292 313 (3072 -3728 96 ) (3072 -3728 112 ) (3072 -3712 112 ) (3072 -3712 96 ) 
4 292 312 (3072 -3728 112 ) (3072 -3728 192 ) (3072 -3712 192 ) (3072 -3712 112 ) 
4 292 308 (3072 -3712 192 ) (3072 -3072 192 ) (3072 -3072 96 ) (3072 -3712 96 ) 
4 292 293 (3168 -3728 -96 ) (3072 -3728 -96 ) (3072 -3072 -96 ) (3168 -3072 -96 ) 
4 293 338 (3072 -3728 -320 ) (3072 -3728 -288 ) (3072 -3712 -288 ) (3072 -3712 -320 ) 
4 293 334 (3072 -3728 -288 ) (3072 -3728 -96 ) (3072 -3712 -96 ) (3072 -3712 -288 ) 
4 293 332 (3072 -3712 -96 ) (3072 -3072 -96 ) (3072 -3072 -320 ) (3072 -3712 -320 ) 
4 294 438 (3136 -5120 -256 ) (3136 -5120 64 ) (3072 -5120 64 ) (3072 -5120 -256 ) 
4 294 406 (3072 -5120 -256 ) (3072 -5120 64 ) (3072 -4672 64 ) (3072 -4672 -256 ) 
4 295 307 (3072 -3072 192 ) (3072 -3072 400 ) (2560 -3072 400 ) (2560 -3072 192 ) 
4 295 297 (2560 -2048 192 ) (3072 -2048 192 ) (3072 -3072 192 ) (2560 -3072 192 ) 
4 295 296 (2560 -2048 192 ) (2560 -3072 192 ) (2560 -3072 400 ) (2560 -2048 400 ) 
4 296 309 (2560 -3072 400 ) (2048 -3072 400 ) (2048 -3072 192 ) (2560 -3072 192 ) 
4 296 301 (2048 -2048 400 ) (2048 -2048 192 ) (2048 -3072 192 ) (2048 -3072 400 ) 
4 296 298 (2048 -3072 192 ) (2048 -2048 192 ) (2560 -2048 192 ) (2560 -3072 192 ) 
4 297 315 (3072 -3072 -96 ) (3072 -3072 96 ) (2560 -3072 96 ) (2560 -3072 -96 ) 
4 297 308 (3072 -3072 96 ) (3072 -3072 192 ) (2560 -3072 192 ) (2560 -3072 96 ) 
4 297 299 (2560 -2048 -96 ) (3072 -2048 -96 ) (3072 -3072 -96 ) (2560 -3072 -96 ) 
4 297 298 (2560 -2048 -96 ) (2560 -3072 -96 ) (2560 -3072 192 ) (2560 -2048 192 ) 
4 298 316 (2048 -3072 96 ) (2048 -3072 -96 ) (2560 -3072 -96 ) (2560 -3072 96 ) 
4 298 310 (2560 -3072 192 ) (2048 -3072 192 ) (2048 -3072 96 ) (2560 -3072 96 ) 
4 298 302 (2048 -2048 192 ) (2048 -2048 -96 ) (2048 -3072 -96 ) (2048 -3072 192 ) 
4 298 300 (2048 -3072 -96 ) (2048 -2048 -96 ) (2560 -2048 -96 ) (2560 -3072 -96 ) 
4 299 332 (3072 -3072 -320 ) (3072 -3072 -96 ) (2560 -3072 -96 ) (2560 -3072 -320 ) 
4 299 300 (2560 -2048 -320 ) (2560 -3072 -320 ) (2560 -3072 -96 ) (2560 -2048 -96 ) 
4 300 333 (2560 -3072 -96 ) (2048 -3072 -96 ) (2048 -3072 -320 ) (2560 -3072 -320 ) 
4 300 303 (2048 -2048 -96 ) (2048 -2048 -320 ) (2048 -3072 -320 ) (2048 -3072 -96 ) 
4 301 349 (2048 -3072 192 ) (2048 -3072 400 ) (1280 -3072 400 ) (1280 -3072 192 ) 
4 301 304 (1280 -3072 192 ) (1280 -3072 400 ) (1280 -2048 400 ) (1280 -2048 192 ) 
4 301 302 (1280 -3072 192 ) (1280 -2048 192 ) (2048 -2048 192 ) (2048 -3072 192 ) 
4 302 353 (2048 -3072 -96 ) (2048 -3072 96 ) (1280 -3072 96 ) (1280 -3072 -96 ) 
4 302 350 (2048 -3072 96 ) (2048 -3072 192 ) (1280 -3072 192 ) (1280 -3072 96 ) 
4 302 305 (1280 -3072 -96 ) (1280 -3072 192 ) (1280 -2048 192 ) (1280 -2048 -96 ) 
4 302 303 (2048 -3072 -96 ) (1280 -3072 -96 ) (1280 -2048 -96 ) (2048 -2048 -96 ) 
4 303 376 (2048 -3072 -320 ) (2048 -3072 -96 ) (1280 -3072 -96 ) (1280 -3072 -320 ) 
4 303 306 (1280 -2048 -320 ) (1280 -3072 -320 ) (1280 -3072 -96 ) (1280 -2048 -96 ) 
4 304 528 (1024 -2048 400 ) (1024 -2048 192 ) (1024 -3072 192 ) (1024 -3072 400 ) 
4 304 356 (1104 -3072 400 ) (1024 -3072 400 ) (1024 -3072 192 ) (1104 -3072 192 ) 
4 304 351 (1280 -3072 400 ) (1104 -3072 400 ) (1104 -3072 192 ) (1280 -3072 192 ) 
4 304 305 (1024 -2048 192 ) (1280 -2048 192 ) (1280 -3072 192 ) (1024 -3072 192 ) 
4 305 529 (1024 -2048 192 ) (1024 -2048 -96 ) (1024 -3072 -96 ) (1024 -3072 192 ) 
4 305 361 (1024 -3072 0 ) (1024 -3072 -96 ) (1088 -3072 -96 ) (1088 -3072 0 ) 
4 305 360 (1088 -3072 -96 ) (1104 -3072 -96 ) (1104 -3072 0 ) (1088 -3072 0 ) 
4 305 357 (1024 -3072 192 ) (1024 -3072 0 ) (1104 -3072 0 ) (1104 -3072 192 ) 
4 305 354 (1104 -3072 -96 ) (1280 -3072 -96 ) (1280 -3072 96 ) (1104 -3072 96 ) 
4 305 352 (1280 -3072 96 ) (1280 -3072 192 ) (1104 -3072 192 ) (1104 -3072 96 ) 
4 305 306 (1024 -3072 -96 ) (1024 -2048 -96 ) (1280 -2048 -96 ) (1280 -3072 -96 ) 
4 306 530 (1024 -2048 -96 ) (1024 -2048 -320 ) (1024 -3072 -320 ) (1024 -3072 -96 ) 
4 306 377 (1024 -3072 -96 ) (1024 -3072 -320 ) (1280 -3072 -320 ) (1280 -3072 -96 ) 
4 307 311 (3072 -3712 192 ) (3072 -3712 400 ) (2560 -3712 400 ) (2560 -3712 192 ) 
4 307 309 (2560 -3712 192 ) (2560 -3712 400 ) (2560 -3072 400 ) (2560 -3072 192 ) 
4 307 308 (3072 -3712 192 ) (2560 -3712 192 ) (2560 -3072 192 ) (3072 -3072 192 ) 
4 308 315 (2560 -3072 96 ) (3072 -3072 96 ) (3072 -3712 96 ) (2560 -3712 96 ) 
4 308 313 (3024 -3712 96 ) (3072 -3712 96 ) (3072 -3712 112 ) (3024 -3712 112 ) 
4 308 314 (2560 -3712 96 ) (2736 -3712 96 ) (2736 -3712 112 ) (2560 -3712 112 ) 
4 308 312 (3072 -3712 112 ) (3072 -3712 192 ) (2560 -3712 192 ) (2560 -3712 112 ) 
4 308 310 (2560 -3072 96 ) (2560 -3712 96 ) (2560 -3712 192 ) (2560 -3072 192 ) 
4 309 349 (2048 -3072 400 ) (2048 -3072 192 ) (2048 -3712 192 ) (2048 -3712 400 ) 
4 309 311 (2560 -3712 192 ) (2560 -3712 400 ) (2048 -3712 400 ) (2048 -3712 192 ) 
4 309 310 (2048 -3072 192 ) (2560 -3072 192 ) (2560 -3712 192 ) (2048 -3712 192 ) 
4 310 350 (2048 -3072 192 ) (2048 -3072 96 ) (2048 -3712 96 ) (2048 -3712 192 ) 
4 310 316 (2048 -3712 96 ) (2048 -3072 96 ) (2560 -3072 96 ) (2560 -3712 96 ) 
4 310 314 (2048 -3712 96 ) (2560 -3712 96 ) (2560 -3712 112 ) (2048 -3712 112 ) 
4 310 312 (2560 -3712 112 ) (2560 -3712 192 ) (2048 -3712 192 ) (2048 -3712 112 ) 
4 311 349 (2048 -3728 192 ) (2048 -3728 400 ) (2048 -3712 400 ) (2048 -3712 192 ) 
4 311 312 (3072 -3728 192 ) (2048 -3728 192 ) (2048 -3712 192 ) (3072 -3712 192 ) 
4 312 350 (2048 -3728 112 ) (2048 -3728 192 ) (2048 -3712 192 ) (2048 -3712 112 ) 
4 312 313 (3072 -3728 112 ) (3024 -3728 112 ) (3024 -3712 112 ) (3072 -3712 112 ) 
4 312 314 (2736 -3728 112 ) (2048 -3728 112 ) (2048 -3712 112 ) (2736 -3712 112 ) 
4 313 317 (3024 -3712 96 ) (3072 -3712 96 ) (3072 -3728 96 ) (3024 -3728 96 ) 
4 314 350 (2048 -3712 96 ) (2048 -3728 96 ) (2048 -3728 112 ) (2048 -3712 112 ) 
4 314 321 (2096 -3712 96 ) (2736 -3712 96 ) (2736 -3728 96 ) (2096 -3728 96 ) 
4 315 332 (2560 -3072 -96 ) (3072 -3072 -96 ) (3072 -3712 -96 ) (2560 -3712 -96 ) 
4 315 321 (2560 -3712 -96 ) (2736 -3712 -96 ) (2736 -3712 96 ) (2560 -3712 96 ) 
4 315 319 (2752 -3712 -96 ) (3008 -3712 -96 ) (3008 -3712 64 ) (2752 -3712 64 ) 
4 315 317 (3024 -3712 -96 ) (3072 -3712 -96 ) (3072 -3712 96 ) (3024 -3712 96 ) 
4 315 316 (2560 -3072 -96 ) (2560 -3712 -96 ) (2560 -3712 96 ) (2560 -3072 96 ) 
4 316 353 (2048 -3712 96 ) (2048 -3072 96 ) (2048 -3072 -96 ) (2048 -3712 -96 ) 
4 316 333 (2048 -3712 -96 ) (2048 -3072 -96 ) (2560 -3072 -96 ) (2560 -3712 -96 ) 
4 316 321 (2096 -3712 -96 ) (2560 -3712 -96 ) (2560 -3712 96 ) (2096 -3712 96 ) 
4 317 334 (3024 -3712 -96 ) (3072 -3712 -96 ) (3072 -3728 -96 ) (3024 -3728 -96 ) 
4 318 322 (3008 -3840 64 ) (3008 -3840 96 ) (2752 -3840 96 ) (2752 -3840 64 ) 
4 318 320 (2752 -3840 64 ) (2752 -3728 64 ) (3008 -3728 64 ) (3008 -3840 64 ) 
4 319 320 (3008 -3728 -96 ) (3008 -3728 64 ) (2752 -3728 64 ) (2752 -3728 -96 ) 
4 320 322 (2752 -3840 -96 ) (3008 -3840 -96 ) (3008 -3840 64 ) (2752 -3840 64 ) 
4 321 335 (2096 -3712 -96 ) (2736 -3712 -96 ) (2736 -3728 -96 ) (2096 -3728 -96 ) 
4 322 394 (3008 -4096 96 ) (2752 -4096 96 ) (2752 -4096 -96 ) (3008 -4096 -96 ) 
4 322 346 (3008 -4096 -96 ) (2752 -4096 -96 ) (2752 -3856 -96 ) (3008 -3856 -96 ) 
4 322 340 (2752 -3856 -96 ) (2752 -3840 -96 ) (3008 -3840 -96 ) (3008 -3856 -96 ) 
4 322 323 (2752 -3840 96 ) (2752 -3840 32 ) (2752 -3856 32 ) (2752 -3856 96 ) 
4 322 325 (2752 -3856 -96 ) (2752 -4096 -96 ) (2752 -4096 96 ) (2752 -3856 96 ) 
4 323 326 (2560 -3840 96 ) (2560 -3840 32 ) (2560 -3856 32 ) (2560 -3856 96 ) 
4 323 324 (2720 -3856 32 ) (2592 -3856 32 ) (2592 -3840 32 ) (2720 -3840 32 ) 
4 323 325 (2560 -3856 96 ) (2560 -3856 32 ) (2752 -3856 32 ) (2752 -3856 96 ) 
4 324 341 (2592 -3840 -96 ) (2720 -3840 -96 ) (2720 -3856 -96 ) (2592 -3856 -96 ) 
4 324 325 (2592 -3856 -96 ) (2720 -3856 -96 ) (2720 -3856 32 ) (2592 -3856 32 ) 
4 325 395 (2752 -4096 96 ) (2560 -4096 96 ) (2560 -4096 -96 ) (2752 -4096 -96 ) 
4 325 347 (2752 -4096 -96 ) (2560 -4096 -96 ) (2560 -3856 -96 ) (2752 -3856 -96 ) 
4 325 331 (2560 -3856 -96 ) (2560 -4096 -96 ) (2560 -4096 96 ) (2560 -3856 96 ) 
4 326 362 (2048 -3856 96 ) (2048 -3840 96 ) (2048 -3840 32 ) (2048 -3856 32 ) 
4 326 330 (2080 -3856 32 ) (2048 -3856 32 ) (2048 -3840 32 ) (2080 -3840 32 ) 
4 326 329 (2288 -3856 32 ) (2112 -3856 32 ) (2112 -3840 32 ) (2288 -3840 32 ) 
4 326 328 (2416 -3856 32 ) (2320 -3856 32 ) (2320 -3840 32 ) (2416 -3840 32 ) 
4 326 327 (2560 -3856 32 ) (2448 -3856 32 ) (2448 -3840 32 ) (2560 -3840 32 ) 
4 326 331 (2560 -3856 32 ) (2560 -3856 96 ) (2048 -3856 96 ) (2048 -3856 32 ) 
4 327 342 (2448 -3840 -96 ) (2560 -3840 -96 ) (2560 -3856 -96 ) (2448 -3856 -96 ) 
4 327 331 (2448 -3856 -96 ) (2560 -3856 -96 ) (2560 -3856 32 ) (2448 -3856 32 ) 
4 328 343 (2320 -3840 -96 ) (2416 -3840 -96 ) (2416 -3856 -96 ) (2320 -3856 -96 ) 
4 328 331 (2320 -3856 -96 ) (2416 -3856 -96 ) (2416 -3856 32 ) (2320 -3856 32 ) 
4 329 344 (2112 -3840 -96 ) (2288 -3840 -96 ) (2288 -3856 -96 ) (2112 -3856 -96 ) 
4 329 331 (2112 -3856 -96 ) (2288 -3856 -96 ) (2288 -3856 32 ) (2112 -3856 32 ) 
4 330 362 (2048 -3840 32 ) (2048 -3840 -96 ) (2048 -3856 -96 ) (2048 -3856 32 ) 
4 330 345 (2048 -3856 -96 ) (2048 -3840 -96 ) (2080 -3840 -96 ) (2080 -3856 -96 ) 
4 330 331 (2048 -3856 -96 ) (2080 -3856 -96 ) (2080 -3856 32 ) (2048 -3856 32 ) 
4 331 398 (2560 -4096 96 ) (2048 -4096 96 ) (2048 -4096 -96 ) (2560 -4096 -96 ) 
4 331 369 (2048 -4096 -96 ) (2048 -4096 96 ) (2048 -3856 96 ) (2048 -3856 -96 ) 
4 331 348 (2560 -4096 -96 ) (2048 -4096 -96 ) (2048 -3856 -96 ) (2560 -3856 -96 ) 
4 332 339 (2736 -3712 -288 ) (2560 -3712 -288 ) (2560 -3712 -320 ) (2736 -3712 -320 ) 
4 332 338 (3072 -3712 -320 ) (3072 -3712 -288 ) (3024 -3712 -288 ) (3024 -3712 -320 ) 
4 332 335 (2736 -3712 -96 ) (2560 -3712 -96 ) (2560 -3712 -288 ) (2736 -3712 -288 ) 
4 332 334 (3072 -3712 -288 ) (3072 -3712 -96 ) (3024 -3712 -96 ) (3024 -3712 -288 ) 
4 332 333 (2560 -3072 -320 ) (2560 -3712 -320 ) (2560 -3712 -96 ) (2560 -3072 -96 ) 
4 333 376 (2048 -3712 -320 ) (2048 -3712 -96 ) (2048 -3072 -96 ) (2048 -3072 -320 ) 
4 333 339 (2096 -3712 -320 ) (2560 -3712 -320 ) (2560 -3712 -288 ) (2096 -3712 -288 ) 
4 333 336 (2048 -3712 -128 ) (2048 -3712 -288 ) (2080 -3712 -288 ) (2080 -3712 -160 ) 
4 333 335 (2560 -3712 -96 ) (2096 -3712 -96 ) (2096 -3712 -288 ) (2560 -3712 -288 ) 
4 334 338 (3024 -3728 -288 ) (3024 -3712 -288 ) (3072 -3712 -288 ) (3072 -3728 -288 ) 
4 335 339 (2096 -3728 -288 ) (2096 -3712 -288 ) (2736 -3712 -288 ) (2736 -3728 -288 ) 
4 336 378 (2048 -3712 -128 ) (2048 -3712 -288 ) (2048 -3744 -288 ) (2048 -3744 -128 ) 
4 336 337 (2048 -3744 -288 ) (2080 -3744 -288 ) (2080 -3744 -160 ) (2048 -3744 -128 ) 
4 337 379 (2048 -3840 -288 ) (2048 -3840 -96 ) (2048 -3744 -96 ) (2048 -3744 -288 ) 
4 337 345 (2080 -3840 -96 ) (2048 -3840 -96 ) (2048 -3840 -288 ) (2080 -3840 -288 ) 
4 340 346 (2752 -3856 -288 ) (3008 -3856 -288 ) (3008 -3856 -96 ) (2752 -3856 -96 ) 
4 341 347 (2592 -3856 -288 ) (2720 -3856 -288 ) (2720 -3856 -96 ) (2592 -3856 -96 ) 
4 342 348 (2448 -3856 -288 ) (2560 -3856 -288 ) (2560 -3856 -96 ) (2448 -3856 -96 ) 
4 343 348 (2320 -3856 -288 ) (2416 -3856 -288 ) (2416 -3856 -96 ) (2320 -3856 -96 ) 
4 344 348 (2112 -3856 -288 ) (2288 -3856 -288 ) (2288 -3856 -96 ) (2112 -3856 -96 ) 
4 345 384 (2048 -3856 -96 ) (2048 -3840 -96 ) (2048 -3840 -288 ) (2048 -3856 -288 ) 
4 345 348 (2048 -3856 -288 ) (2080 -3856 -288 ) (2080 -3856 -96 ) (2048 -3856 -96 ) 
4 346 394 (3008 -4096 -96 ) (2752 -4096 -96 ) (2752 -4096 -288 ) (3008 -4096 -288 ) 
4 346 347 (2752 -3856 -96 ) (2752 -3856 -288 ) (2752 -4096 -288 ) (2752 -4096 -96 ) 
4 347 395 (2752 -4096 -96 ) (2560 -4096 -96 ) (2560 -4096 -288 ) (2752 -4096 -288 ) 
4 347 348 (2560 -3856 -96 ) (2560 -3856 -288 ) (2560 -4096 -288 ) (2560 -4096 -96 ) 
4 348 398 (2560 -4096 -96 ) (2048 -4096 -96 ) (2048 -4096 -288 ) (2560 -4096 -288 ) 
4 348 391 (2048 -4096 -288 ) (2048 -4096 -96 ) (2048 -3856 -96 ) (2048 -3856 -288 ) 
4 349 351 (1280 -3728 192 ) (1280 -3728 400 ) (1280 -3072 400 ) (1280 -3072 192 ) 
4 349 350 (2048 -3728 192 ) (1280 -3728 192 ) (1280 -3072 192 ) (2048 -3072 192 ) 
4 350 355 (1744 -3728 96 ) (1280 -3728 96 ) (1280 -3712 96 ) (1744 -3712 96 ) 
4 350 353 (1280 -3712 96 ) (1280 -3072 96 ) (2048 -3072 96 ) (2048 -3712 96 ) 
4 350 352 (1280 -3072 96 ) (1280 -3728 96 ) (1280 -3728 192 ) (1280 -3072 192 ) 
4 351 358 (1104 -3712 192 ) (1104 -3728 192 ) (1104 -3728 400 ) (1104 -3712 400 ) 
4 351 356 (1104 -3072 400 ) (1104 -3072 192 ) (1104 -3712 192 ) (1104 -3712 400 ) 
4 351 352 (1280 -3072 192 ) (1280 -3728 192 ) (1104 -3728 192 ) (1104 -3072 192 ) 
4 352 359 (1104 -3712 96 ) (1104 -3728 96 ) (1104 -3728 192 ) (1104 -3712 192 ) 
4 352 357 (1104 -3072 192 ) (1104 -3072 96 ) (1104 -3712 96 ) (1104 -3712 192 ) 
4 352 355 (1280 -3728 96 ) (1104 -3728 96 ) (1104 -3712 96 ) (1280 -3712 96 ) 
4 352 354 (1104 -3712 96 ) (1104 -3072 96 ) (1280 -3072 96 ) (1280 -3712 96 ) 
4 353 376 (1280 -3072 -96 ) (2048 -3072 -96 ) (2048 -3712 -96 ) (1280 -3712 -96 ) 
4 353 355 (1744 -3712 96 ) (1280 -3712 96 ) (1280 -3712 -96 ) (1744 -3712 -96 ) 
4 353 354 (1280 -3072 -96 ) (1280 -3712 -96 ) (1280 -3712 96 ) (1280 -3072 96 ) 
4 354 377 (1104 -3072 -96 ) (1280 -3072 -96 ) (1280 -3712 -96 ) (1104 -3712 -96 ) 
4 354 360 (1104 -3072 0 ) (1104 -3072 -96 ) (1104 -3712 -96 ) (1104 -3712 0 ) 
4 354 357 (1104 -3072 96 ) (1104 -3072 0 ) (1104 -3712 0 ) (1104 -3712 96 ) 
4 354 355 (1280 -3712 96 ) (1104 -3712 96 ) (1104 -3712 -96 ) (1280 -3712 -96 ) 
4 355 380 (1744 -3728 -96 ) (1104 -3728 -96 ) (1104 -3712 -96 ) (1744 -3712 -96 ) 
4 356 540 (1024 -3072 400 ) (1024 -3072 192 ) (1024 -3712 192 ) (1024 -3712 400 ) 
4 356 358 (1104 -3712 192 ) (1104 -3712 400 ) (1024 -3712 400 ) (1024 -3712 192 ) 
4 356 357 (1104 -3712 192 ) (1024 -3712 192 ) (1024 -3072 192 ) (1104 -3072 192 ) 
4 357 541 (1024 -3072 192 ) (1024 -3072 0 ) (1024 -3712 0 ) (1024 -3712 192 ) 
4 357 361 (1088 -3712 0 ) (1024 -3712 0 ) (1024 -3072 0 ) (1088 -3072 0 ) 
4 357 360 (1104 -3072 0 ) (1104 -3712 0 ) (1088 -3712 0 ) (1088 -3072 0 ) 
4 357 359 (1104 -3712 96 ) (1104 -3712 192 ) (1024 -3712 192 ) (1024 -3712 96 ) 
4 358 543 (1024 -3728 192 ) (1024 -3728 400 ) (1024 -3712 400 ) (1024 -3712 192 ) 
4 358 359 (1104 -3728 192 ) (1024 -3728 192 ) (1024 -3712 192 ) (1104 -3712 192 ) 
4 359 544 (1024 -3728 96 ) (1024 -3728 192 ) (1024 -3712 192 ) (1024 -3712 96 ) 
4 360 377 (1088 -3072 -96 ) (1104 -3072 -96 ) (1104 -3712 -96 ) (1088 -3712 -96 ) 
4 360 361 (1088 -3072 -96 ) (1088 -3712 -96 ) (1088 -3712 0 ) (1088 -3072 0 ) 
4 361 541 (1024 -3072 0 ) (1024 -3072 -96 ) (1024 -3712 -96 ) (1024 -3712 0 ) 
4 361 377 (1024 -3072 -96 ) (1088 -3072 -96 ) (1088 -3712 -96 ) (1024 -3712 -96 ) 
4 362 384 (2048 -3840 -96 ) (2048 -3856 -96 ) (1760 -3856 -96 ) (1760 -3840 -96 ) 
4 362 369 (1760 -3856 -96 ) (2048 -3856 -96 ) (2048 -3856 96 ) (1760 -3856 96 ) 
4 362 363 (1760 -3856 32 ) (1760 -3856 96 ) (1760 -3840 96 ) (1760 -3840 32 ) 
4 363 369 (1760 -3856 32 ) (1760 -3856 96 ) (1728 -3856 96 ) (1728 -3856 32 ) 
4 363 364 (1728 -3856 32 ) (1728 -3856 96 ) (1728 -3840 96 ) (1728 -3840 32 ) 
4 364 385 (1728 -3856 -96 ) (1552 -3856 -96 ) (1552 -3840 -96 ) (1728 -3840 -96 ) 
4 364 369 (1552 -3856 -96 ) (1728 -3856 -96 ) (1728 -3856 96 ) (1552 -3856 96 ) 
4 364 365 (1552 -3856 32 ) (1552 -3856 96 ) (1552 -3840 96 ) (1552 -3840 32 ) 
4 365 369 (1552 -3856 32 ) (1552 -3856 96 ) (1520 -3856 96 ) (1520 -3856 32 ) 
4 365 366 (1520 -3856 32 ) (1520 -3856 96 ) (1520 -3840 96 ) (1520 -3840 32 ) 
4 366 386 (1520 -3856 -96 ) (1472 -3856 -96 ) (1472 -3840 -96 ) (1520 -3840 -96 ) 
4 366 369 (1472 -3856 -96 ) (1520 -3856 -96 ) (1520 -3856 96 ) (1472 -3856 96 ) 
4 366 367 (1472 -3856 -96 ) (1472 -3856 96 ) (1472 -3840 96 ) (1472 -3840 -96 ) 
4 367 387 (1472 -3856 -96 ) (1424 -3856 -96 ) (1424 -3840 -96 ) (1472 -3840 -96 ) 
4 367 370 (1424 -3856 -96 ) (1472 -3856 -96 ) (1472 -3856 96 ) (1424 -3856 96 ) 
4 367 368 (1424 -3856 32 ) (1424 -3856 96 ) (1424 -3840 96 ) (1424 -3840 32 ) 
4 368 371 (1392 -3840 96 ) (1392 -3840 32 ) (1392 -3856 32 ) (1392 -3856 96 ) 
4 368 370 (1392 -3856 96 ) (1392 -3856 32 ) (1424 -3856 32 ) (1424 -3856 96 ) 
4 369 417 (1472 -4096 -96 ) (2048 -4096 -96 ) (2048 -4096 96 ) (1472 -4096 96 ) 
4 369 391 (2048 -3856 -96 ) (2048 -4096 -96 ) (1472 -4096 -96 ) (1472 -3856 -96 ) 
4 369 370 (1472 -4096 96 ) (1472 -3856 96 ) (1472 -3856 -96 ) (1472 -4096 -96 ) 
4 370 430 (1392 -4096 -96 ) (1408 -4096 -96 ) (1408 -4096 96 ) (1392 -4096 96 ) 
4 370 421 (1408 -4096 -96 ) (1472 -4096 -96 ) (1472 -4096 96 ) (1408 -4096 96 ) 
4 370 392 (1472 -4096 -96 ) (1392 -4096 -96 ) (1392 -3856 -96 ) (1472 -3856 -96 ) 
4 370 374 (1392 -3856 -96 ) (1392 -4096 -96 ) (1392 -4096 96 ) (1392 -3856 96 ) 
4 371 374 (1104 -3856 96 ) (1104 -3856 32 ) (1392 -3856 32 ) (1392 -3856 96 ) 
4 371 373 (1264 -3856 32 ) (1136 -3856 32 ) (1136 -3840 32 ) (1264 -3840 32 ) 
4 371 372 (1392 -3856 32 ) (1296 -3856 32 ) (1296 -3840 32 ) (1392 -3840 32 ) 
4 372 388 (1296 -3840 -96 ) (1392 -3840 -96 ) (1392 -3856 -96 ) (1296 -3856 -96 ) 
4 372 374 (1296 -3856 -96 ) (1392 -3856 -96 ) (1392 -3856 32 ) (1296 -3856 32 ) 
4 373 389 (1136 -3840 -96 ) (1264 -3840 -96 ) (1264 -3856 -96 ) (1136 -3856 -96 ) 
4 373 374 (1136 -3856 -96 ) (1264 -3856 -96 ) (1264 -3856 32 ) (1136 -3856 32 ) 
4 374 430 (1104 -4096 -96 ) (1392 -4096 -96 ) (1392 -4096 96 ) (1104 -4096 96 ) 
4 374 392 (1392 -4096 -96 ) (1104 -4096 -96 ) (1104 -3856 -96 ) (1392 -3856 -96 ) 
4 375 545 (1024 -4096 -96 ) (1024 -4096 0 ) (1024 -3840 0 ) (1024 -3840 -96 ) 
4 375 433 (1024 -4096 0 ) (1024 -4096 -96 ) (1088 -4096 -96 ) (1088 -4096 0 ) 
4 375 393 (1088 -4096 -96 ) (1024 -4096 -96 ) (1024 -3856 -96 ) (1088 -3856 -96 ) 
4 375 390 (1024 -3856 -96 ) (1024 -3840 -96 ) (1088 -3840 -96 ) (1088 -3856 -96 ) 
4 376 383 (1744 -3712 -288 ) (1280 -3712 -288 ) (1280 -3712 -320 ) (1744 -3712 -320 ) 
4 376 380 (1744 -3712 -96 ) (1280 -3712 -96 ) (1280 -3712 -288 ) (1744 -3712 -288 ) 
6 376 378 (2048 -3712 -288 ) (2048 -3712 -128 ) (2016 -3712 -96 ) (1824 -3712 -96 ) (1760 -3712 -160 ) (1760 -3712 -288 ) 
4 376 377 (1280 -3072 -320 ) (1280 -3712 -320 ) (1280 -3712 -96 ) (1280 -3072 -96 ) 
4 377 542 (1024 -3712 -320 ) (1024 -3712 -96 ) (1024 -3072 -96 ) (1024 -3072 -320 ) 
4 377 383 (1104 -3712 -320 ) (1280 -3712 -320 ) (1280 -3712 -288 ) (1104 -3712 -288 ) 
4 377 381 (1024 -3712 -128 ) (1024 -3712 -288 ) (1088 -3712 -288 ) (1088 -3712 -128 ) 
4 377 380 (1280 -3712 -96 ) (1104 -3712 -96 ) (1104 -3712 -288 ) (1280 -3712 -288 ) 
6 378 379 (1760 -3744 -288 ) (2048 -3744 -288 ) (2048 -3744 -128 ) (2016 -3744 -96 ) (1824 -3744 -96 ) (1760 -3744 -160 ) 
4 379 384 (2048 -3840 -288 ) (2048 -3840 -96 ) (1760 -3840 -96 ) (1760 -3840 -288 ) 
4 380 383 (1104 -3728 -288 ) (1104 -3712 -288 ) (1744 -3712 -288 ) (1744 -3728 -288 ) 
4 381 549 (1024 -3728 -128 ) (1024 -3712 -128 ) (1024 -3712 -288 ) (1024 -3728 -288 ) 
4 381 382 (1024 -3728 -288 ) (1088 -3728 -288 ) (1088 -3728 -128 ) (1024 -3728 -128 ) 
4 382 550 (1024 -3840 -288 ) (1024 -3840 -128 ) (1024 -3728 -128 ) (1024 -3728 -288 ) 
4 382 390 (1024 -3840 -128 ) (1024 -3840 -288 ) (1088 -3840 -288 ) (1088 -3840 -128 ) 
4 384 391 (1760 -3856 -288 ) (2048 -3856 -288 ) (2048 -3856 -96 ) (1760 -3856 -96 ) 
4 385 391 (1552 -3856 -288 ) (1728 -3856 -288 ) (1728 -3856 -96 ) (1552 -3856 -96 ) 
4 386 391 (1472 -3856 -288 ) (1520 -3856 -288 ) (1520 -3856 -96 ) (1472 -3856 -96 ) 
4 386 387 (1472 -3840 -96 ) (1472 -3840 -288 ) (1472 -3856 -288 ) (1472 -3856 -96 ) 
4 387 392 (1424 -3856 -288 ) (1472 -3856 -288 ) (1472 -3856 -96 ) (1424 -3856 -96 ) 
4 388 392 (1296 -3856 -288 ) (1392 -3856 -288 ) (1392 -3856 -96 ) (1296 -3856 -96 ) 
4 389 392 (1136 -3856 -288 ) (1264 -3856 -288 ) (1264 -3856 -96 ) (1136 -3856 -96 ) 
4 390 550 (1024 -3840 -128 ) (1024 -3840 -288 ) (1024 -3856 -288 ) (1024 -3856 -128 ) 
4 390 548 (1024 -3856 -96 ) (1024 -3840 -96 ) (1024 -3840 -128 ) (1024 -3856 -128 ) 
4 390 393 (1024 -3856 -288 ) (1088 -3856 -288 ) (1088 -3856 -96 ) (1024 -3856 -96 ) 
4 391 417 (1472 -4096 -288 ) (2048 -4096 -288 ) (2048 -4096 -96 ) (1472 -4096 -96 ) 
4 391 392 (1472 -3856 -96 ) (1472 -3856 -288 ) (1472 -4096 -288 ) (1472 -4096 -96 ) 
4 392 430 (1104 -4096 -288 ) (1408 -4096 -288 ) (1408 -4096 -96 ) (1104 -4096 -96 ) 
4 392 421 (1408 -4096 -288 ) (1472 -4096 -288 ) (1472 -4096 -96 ) (1408 -4096 -96 ) 
4 393 550 (1024 -4096 -288 ) (1024 -4096 -128 ) (1024 -3856 -128 ) (1024 -3856 -288 ) 
4 393 548 (1024 -4096 -128 ) (1024 -4096 -96 ) (1024 -3856 -96 ) (1024 -3856 -128 ) 
4 393 433 (1024 -4096 -96 ) (1024 -4096 -288 ) (1088 -4096 -288 ) (1088 -4096 -96 ) 
4 394 396 (2752 -4176 -288 ) (3008 -4176 -288 ) (3008 -4176 96 ) (2752 -4176 96 ) 
4 394 395 (2752 -4096 -288 ) (2752 -4176 -288 ) (2752 -4176 96 ) (2752 -4096 96 ) 
4 395 398 (2560 -4096 -288 ) (2560 -4176 -288 ) (2560 -4176 96 ) (2560 -4096 96 ) 
4 395 397 (2560 -4176 96 ) (2560 -4176 -288 ) (2752 -4176 -288 ) (2752 -4176 96 ) 
4 396 400 (2752 -4496 -288 ) (3008 -4496 -288 ) (3008 -4496 96 ) (2752 -4496 96 ) 
4 396 397 (2752 -4176 96 ) (2752 -4176 -288 ) (2752 -4496 -288 ) (2752 -4496 96 ) 
4 397 399 (2560 -4176 -288 ) (2560 -4496 -288 ) (2560 -4496 96 ) (2560 -4176 96 ) 
4 398 417 (2048 -4096 96 ) (2048 -4096 -288 ) (2048 -4176 -288 ) (2048 -4176 96 ) 
4 398 399 (2048 -4176 -288 ) (2560 -4176 -288 ) (2560 -4176 96 ) (2048 -4176 96 ) 
4 399 418 (2048 -4176 -288 ) (2048 -4496 -288 ) (2048 -4496 96 ) (2048 -4176 96 ) 
4 399 401 (2048 -4496 -288 ) (2560 -4496 -288 ) (2560 -4496 96 ) (2048 -4496 96 ) 
4 400 402 (3008 -4656 -256 ) (3008 -4656 -80 ) (2752 -4656 -80 ) (2752 -4656 -256 ) 
4 401 419 (2048 -4496 -288 ) (2048 -4656 -288 ) (2048 -4656 96 ) (2048 -4496 96 ) 
4 401 405 (2048 -4656 -288 ) (2560 -4656 -288 ) (2560 -4656 -256 ) (2048 -4656 -256 ) 
4 401 403 (2416 -4656 96 ) (2048 -4656 96 ) (2048 -4656 -96 ) (2416 -4656 -96 ) 
4 401 404 (2560 -4656 -256 ) (2560 -4656 -96 ) (2048 -4656 -96 ) (2048 -4656 -256 ) 
4 402 408 (2752 -4672 -256 ) (2800 -4672 -256 ) (2800 -4672 -80 ) (2752 -4672 -80 ) 
4 402 407 (2800 -4672 -256 ) (2960 -4672 -256 ) (2960 -4672 -80 ) (2800 -4672 -80 ) 
4 402 406 (2960 -4672 -256 ) (3008 -4672 -256 ) (3008 -4672 -80 ) (2960 -4672 -80 ) 
4 403 419 (2048 -4672 -96 ) (2048 -4672 96 ) (2048 -4656 96 ) (2048 -4656 -96 ) 
4 403 413 (2048 -4672 96 ) (2048 -4672 -96 ) (2416 -4672 -96 ) (2416 -4672 96 ) 
4 403 404 (2048 -4656 -96 ) (2416 -4656 -96 ) (2416 -4672 -96 ) (2048 -4672 -96 ) 
4 404 419 (2048 -4672 -256 ) (2048 -4672 -96 ) (2048 -4656 -96 ) (2048 -4656 -256 ) 
4 404 412 (2416 -4672 -256 ) (2432 -4672 -256 ) (2432 -4672 -96 ) (2416 -4672 -96 ) 
4 404 413 (2048 -4672 -96 ) (2048 -4672 -256 ) (2416 -4672 -256 ) (2416 -4672 -96 ) 
4 404 409 (2528 -4672 -256 ) (2560 -4672 -256 ) (2560 -4672 -96 ) (2528 -4672 -96 ) 
4 404 410 (2432 -4672 -256 ) (2528 -4672 -256 ) (2528 -4672 -96 ) (2432 -4672 -96 ) 
4 404 405 (2560 -4672 -256 ) (2048 -4672 -256 ) (2048 -4656 -256 ) (2560 -4656 -256 ) 
4 405 419 (2048 -4656 -288 ) (2048 -4672 -288 ) (2048 -4672 -256 ) (2048 -4656 -256 ) 
4 405 412 (2416 -4672 -288 ) (2432 -4672 -288 ) (2432 -4672 -256 ) (2416 -4672 -256 ) 
4 405 413 (2048 -4672 -256 ) (2048 -4672 -288 ) (2416 -4672 -288 ) (2416 -4672 -256 ) 
4 405 409 (2528 -4672 -288 ) (2560 -4672 -288 ) (2560 -4672 -256 ) (2528 -4672 -256 ) 
4 405 410 (2432 -4672 -288 ) (2528 -4672 -288 ) (2528 -4672 -256 ) (2432 -4672 -256 ) 
4 406 441 (3072 -5120 -256 ) (3072 -5120 64 ) (2960 -5120 64 ) (2960 -5120 -256 ) 
4 406 407 (2960 -4672 -256 ) (2960 -5120 -256 ) (2960 -5120 64 ) (2960 -4672 64 ) 
4 407 442 (2960 -5120 64 ) (2800 -5120 64 ) (2800 -5120 -256 ) (2960 -5120 -256 ) 
4 407 408 (2800 -4672 -256 ) (2800 -5120 -256 ) (2800 -5120 64 ) (2800 -4672 64 ) 
4 408 447 (2800 -5120 64 ) (2656 -5120 64 ) (2656 -5120 -256 ) (2800 -5120 -256 ) 
4 409 410 (2528 -4720 -96 ) (2528 -4672 -96 ) (2528 -4672 -288 ) (2528 -4720 -288 ) 
4 410 412 (2432 -4672 -96 ) (2432 -4672 -288 ) (2432 -4736 -288 ) (2432 -4736 -96 ) 
4 411 416 (2432 -4968 -288 ) (2432 -5024 -288 ) (2432 -5024 -176 ) (2432 -4968 -176 ) 
4 412 413 (2416 -4736 -288 ) (2416 -4736 -96 ) (2416 -4672 -96 ) (2416 -4672 -288 ) 
4 413 419 (2048 -4672 -288 ) (2048 -4736 -288 ) (2048 -4736 96 ) (2048 -4672 96 ) 
4 414 464 (2048 -5120 240 ) (2048 -5120 80 ) (2432 -5120 80 ) (2432 -5120 240 ) 
4 414 424 (2048 -5120 80 ) (2048 -5120 240 ) (2048 -4768 240 ) (2048 -4768 80 ) 
4 414 415 (2048 -5120 80 ) (2048 -4768 80 ) (2432 -4768 80 ) (2432 -5120 80 ) 
4 415 467 (2048 -5120 80 ) (2048 -5120 -64 ) (2432 -5120 -64 ) (2432 -5120 80 ) 
4 415 426 (2048 -5120 -64 ) (2048 -5120 80 ) (2048 -4768 80 ) (2048 -4768 -64 ) 
4 415 416 (2048 -4768 -64 ) (2432 -4768 -64 ) (2432 -5120 -64 ) (2048 -5120 -64 ) 
4 416 468 (2048 -5120 -64 ) (2048 -5120 -288 ) (2432 -5120 -288 ) (2432 -5120 -64 ) 
4 416 428 (2048 -4768 -288 ) (2048 -5120 -288 ) (2048 -5120 -64 ) (2048 -4768 -64 ) 
4 417 421 (1472 -4096 -288 ) (1472 -4176 -288 ) (1472 -4176 96 ) (1472 -4096 96 ) 
4 417 418 (1472 -4176 96 ) (1472 -4176 -288 ) (2048 -4176 -288 ) (2048 -4176 96 ) 
4 418 422 (1472 -4176 -288 ) (1472 -4496 -288 ) (1472 -4496 96 ) (1472 -4176 96 ) 
4 418 419 (1472 -4496 96 ) (1472 -4496 -288 ) (2048 -4496 -288 ) (2048 -4496 96 ) 
4 419 420 (1792 -4736 -288 ) (2048 -4736 -288 ) (2048 -4736 -96 ) (1792 -4736 -96 ) 
4 420 423 (1792 -4752 -288 ) (2048 -4752 -288 ) (2048 -4752 -128 ) (1792 -4752 -128 ) 
4 421 430 (1408 -4096 96 ) (1408 -4096 -288 ) (1408 -4176 -288 ) (1408 -4176 96 ) 
4 421 422 (1472 -4176 -288 ) (1472 -4176 96 ) (1408 -4176 96 ) (1408 -4176 -288 ) 
4 422 431 (1408 -4176 -288 ) (1408 -4496 -288 ) (1408 -4496 96 ) (1408 -4176 96 ) 
4 423 428 (1792 -4768 -288 ) (2048 -4768 -288 ) (2048 -4768 -128 ) (1792 -4768 -128 ) 
4 424 476 (2048 -5120 80 ) (2048 -5120 240 ) (1792 -5120 240 ) (1792 -5120 80 ) 
4 424 426 (2048 -5120 80 ) (1792 -5120 80 ) (1792 -4768 80 ) (2048 -4768 80 ) 
4 424 425 (1792 -4768 80 ) (1792 -5120 80 ) (1792 -5120 240 ) (1792 -4768 240 ) 
4 425 477 (1792 -5120 240 ) (1408 -5120 240 ) (1408 -5120 80 ) (1792 -5120 80 ) 
4 425 427 (1792 -5120 80 ) (1408 -5120 80 ) (1408 -4768 80 ) (1792 -4768 80 ) 
4 426 482 (2048 -5120 -64 ) (2048 -5120 80 ) (1792 -5120 80 ) (1792 -5120 -64 ) 
4 426 428 (1792 -4768 -64 ) (2048 -4768 -64 ) (2048 -5120 -64 ) (1792 -5120 -64 ) 
4 426 427 (1792 -4768 -64 ) (1792 -5120 -64 ) (1792 -5120 80 ) (1792 -4768 80 ) 
4 427 483 (1792 -5120 80 ) (1408 -5120 80 ) (1408 -5120 -64 ) (1792 -5120 -64 ) 
4 427 429 (1408 -5120 -64 ) (1408 -4768 -64 ) (1792 -4768 -64 ) (1792 -5120 -64 ) 
4 428 484 (2048 -5120 -288 ) (2048 -5120 -64 ) (1792 -5120 -64 ) (1792 -5120 -288 ) 
4 428 429 (1792 -5120 -64 ) (1792 -4768 -64 ) (1792 -4768 -288 ) (1792 -5120 -288 ) 
4 429 485 (1792 -5120 -64 ) (1408 -5120 -64 ) (1408 -5120 -288 ) (1792 -5120 -288 ) 
4 430 431 (1408 -4176 -288 ) (1408 -4176 96 ) (1104 -4176 96 ) (1104 -4176 -288 ) 
4 431 432 (1104 -4176 -288 ) (1104 -4496 -288 ) (1104 -4496 0 ) (1104 -4176 0 ) 
4 432 434 (1088 -4176 -288 ) (1088 -4496 -288 ) (1088 -4496 0 ) (1088 -4176 0 ) 
4 433 561 (1024 -4096 0 ) (1024 -4096 -288 ) (1024 -4176 -288 ) (1024 -4176 0 ) 
4 433 434 (1024 -4176 -288 ) (1088 -4176 -288 ) (1088 -4176 0 ) (1024 -4176 0 ) 
4 434 562 (1024 -4176 -288 ) (1024 -4656 -288 ) (1024 -4656 0 ) (1024 -4176 0 ) 
4 434 435 (1088 -4656 -256 ) (1088 -4656 -80 ) (1024 -4656 -80 ) (1024 -4656 -256 ) 
4 435 563 (1024 -4656 -80 ) (1024 -4656 -256 ) (1024 -4672 -256 ) (1024 -4672 -80 ) 
4 435 437 (1024 -4672 -80 ) (1024 -4672 -256 ) (1040 -4672 -256 ) (1040 -4672 -80 ) 
4 435 436 (1040 -4672 -256 ) (1088 -4672 -256 ) (1088 -4672 -80 ) (1040 -4672 -80 ) 
4 436 501 (1040 -5120 -256 ) (1184 -5120 -256 ) (1184 -5120 64 ) (1040 -5120 64 ) 
4 436 437 (1040 -4672 -256 ) (1040 -5120 -256 ) (1040 -5120 64 ) (1040 -4672 64 ) 
4 437 564 (1024 -5120 -256 ) (1024 -5120 64 ) (1024 -4672 64 ) (1024 -4672 -256 ) 
4 437 502 (1024 -5120 64 ) (1024 -5120 -256 ) (1040 -5120 -256 ) (1040 -5120 64 ) 
4 438 441 (3072 -5120 64 ) (3072 -5120 -256 ) (3072 -5248 -256 ) (3072 -5248 64 ) 
4 438 439 (3072 -5248 -256 ) (3136 -5248 -256 ) (3136 -5248 64 ) (3072 -5248 64 ) 
4 439 443 (3072 -5248 -256 ) (3072 -5504 -256 ) (3072 -5504 64 ) (3072 -5248 64 ) 
4 439 440 (3072 -5504 -256 ) (3136 -5504 -256 ) (3136 -5504 64 ) (3072 -5504 64 ) 
4 440 445 (3072 -5504 -256 ) (3072 -5568 -256 ) (3072 -5568 64 ) (3072 -5504 64 ) 
4 441 443 (2960 -5248 -256 ) (3072 -5248 -256 ) (3072 -5248 64 ) (2960 -5248 64 ) 
4 441 442 (2960 -5120 -256 ) (2960 -5248 -256 ) (2960 -5248 64 ) (2960 -5120 64 ) 
4 442 447 (2800 -5120 -256 ) (2800 -5248 -256 ) (2800 -5248 64 ) (2800 -5120 64 ) 
4 442 444 (2800 -5248 64 ) (2800 -5248 -256 ) (2960 -5248 -256 ) (2960 -5248 64 ) 
4 443 445 (2960 -5504 -256 ) (3072 -5504 -256 ) (3072 -5504 64 ) (2960 -5504 64 ) 
4 443 444 (2960 -5248 64 ) (2960 -5248 -256 ) (2960 -5504 -256 ) (2960 -5504 64 ) 
4 444 448 (2800 -5248 -256 ) (2800 -5504 -256 ) (2800 -5504 64 ) (2800 -5248 64 ) 
4 444 446 (2800 -5504 64 ) (2800 -5504 -256 ) (2960 -5504 -256 ) (2960 -5504 64 ) 
4 445 446 (2960 -5504 64 ) (2960 -5504 -256 ) (2960 -5568 -256 ) (2960 -5568 64 ) 
4 446 457 (2800 -5568 -36.400078 ) (2800 -5568 -256 ) (2960 -5568 -256 ) (2960 -5568 -36.400085 ) 
4 446 454 (2800 -5568 -32 ) (2800 -5568 -36.400078 ) (2960 -5568 -36.400085 ) (2960 -5568 -32 ) 
4 446 449 (2800 -5504 -256 ) (2800 -5568 -256 ) (2800 -5568 64 ) (2800 -5504 64 ) 
4 447 448 (2656 -5248 64 ) (2656 -5248 -256 ) (2800 -5248 -256 ) (2800 -5248 64 ) 
4 448 450 (2656 -5248 -112 ) (2656 -5248 -256 ) (2656 -5504 -256 ) (2656 -5504 -112 ) 
4 448 449 (2656 -5504 64 ) (2656 -5504 -256 ) (2800 -5504 -256 ) (2800 -5504 64 ) 
4 450 452 (2624 -5504 -256 ) (2624 -5504 -144 ) (2624 -5248 -144 ) (2624 -5248 -256 ) 
4 450 451 (2624 -5504 -144 ) (2624 -5504 -112 ) (2624 -5248 -112 ) (2624 -5248 -144 ) 
4 451 452 (2624 -5504 -144 ) (2496 -5504 -144 ) (2496 -5248 -144 ) (2624 -5248 -144 ) 
4 452 462 (2448 -5504 -288 ) (2448 -5504 -144 ) (2448 -5248 -144 ) (2448 -5248 -288 ) 
3 453 460 (2656 -5936 64.799881 ) (2656 -6026.182129 89.600021 ) (2656 -5936 89.600014 ) 
3 453 455 (2656 -6026.182617 89.600006 ) (2656 -5936 64.799850 ) (2738.667725 -5936 64.799744 ) 
4 454 457 (2800 -5568 -36.400482 ) (2960 -5568 -36.400818 ) (2960 -5584.002930 -32 ) (2800 -5584.001465 -32 ) 
5 455 460 (2656 -6096 56 ) (2656 -6096 89.600021 ) (2656 -6026.182129 89.600021 ) (2656 -5936 64.799881 ) (2656 -5936 56 ) 
4 455 459 (2768 -6096 56 ) (2656 -6096 56 ) (2656 -5936 56 ) (2768 -5936 56 ) 
4 456 458 (2800 -5936 -150.399963 ) (2800 -5936 -160 ) (2960 -5936 -160 ) (2960 -5936 -150.399963 ) 
4 456 457 (2800 -5903.997559 -160 ) (2800 -5936 -150.399368 ) (2960 -5936 -150.399368 ) (2960 -5903.998047 -160 ) 
4 457 458 (2800 -5936 56 ) (2800 -5936 -150.399963 ) (2960 -5936 -150.399963 ) (2960 -5936 56 ) 
4 458 459 (2800 -6096 -160 ) (2800 -6096 56 ) (2800 -5936 56 ) (2800 -5936 -160 ) 
4 459 460 (2656 -5936 -126.400047 ) (2656 -6096 -126.400040 ) (2656 -6096 56 ) (2656 -5936 56 ) 
4 460 461 (2448 -5936 -64 ) (2448 -6096 -64 ) (2448 -6096 152 ) (2448 -5936 152 ) 
4 461 474 (2432 -5936 152 ) (2432 -5936 -64 ) (2432 -6096 -64 ) (2432 -6096 152 ) 
4 462 471 (2432 -5504 -144 ) (2432 -5248 -144 ) (2432 -5248 -288 ) (2432 -5504 -288 ) 
4 463 519 (2432 -6144 240 ) (2432 -6144 320 ) (2048 -6144 320 ) (2048 -6144 240 ) 
4 463 475 (2048 -5824 240 ) (2048 -6144 240 ) (2048 -6144 320 ) (2048 -5824 320 ) 
4 463 474 (2048 -6144 240 ) (2048 -5824 240 ) (2432 -5824 240 ) (2432 -6144 240 ) 
4 464 476 (2048 -5120 240 ) (2048 -5120 80 ) (2048 -5248 80 ) (2048 -5248 240 ) 
4 464 467 (2048 -5248 80 ) (2048 -5120 80 ) (2432 -5120 80 ) (2432 -5248 80 ) 
4 464 465 (2048 -5248 80 ) (2432 -5248 80 ) (2432 -5248 240 ) (2048 -5248 240 ) 
4 465 478 (2048 -5248 80 ) (2048 -5504 80 ) (2048 -5504 240 ) (2048 -5248 240 ) 
4 465 469 (2048 -5504 80 ) (2048 -5248 80 ) (2432 -5248 80 ) (2432 -5504 80 ) 
4 465 466 (2048 -5504 80 ) (2432 -5504 80 ) (2432 -5504 240 ) (2048 -5504 240 ) 
4 466 480 (2048 -5504 80 ) (2048 -5760 80 ) (2048 -5760 240 ) (2048 -5504 240 ) 
4 466 473 (2080 -5760 128 ) (2048 -5760 128 ) (2048 -5760 80 ) (2080 -5760 80 ) 
4 466 470 (2432 -5760 80 ) (2048 -5760 80 ) (2048 -5504 80 ) (2432 -5504 80 ) 
4 467 482 (2048 -5120 80 ) (2048 -5120 -64 ) (2048 -5248 -64 ) (2048 -5248 80 ) 
4 467 469 (2432 -5248 -64 ) (2432 -5248 80 ) (2048 -5248 80 ) (2048 -5248 -64 ) 
4 467 468 (2432 -5248 -64 ) (2048 -5248 -64 ) (2048 -5120 -64 ) (2432 -5120 -64 ) 
4 468 484 (2048 -5120 -64 ) (2048 -5120 -288 ) (2048 -5248 -288 ) (2048 -5248 -64 ) 
4 468 471 (2048 -5248 -288 ) (2432 -5248 -288 ) (2432 -5248 -64 ) (2048 -5248 -64 ) 
4 469 486 (2048 -5504 80 ) (2048 -5248 80 ) (2048 -5248 -64 ) (2048 -5504 -64 ) 
4 469 471 (2048 -5504 -64 ) (2048 -5248 -64 ) (2432 -5248 -64 ) (2432 -5504 -64 ) 
4 469 470 (2048 -5504 -64 ) (2432 -5504 -64 ) (2432 -5504 80 ) (2048 -5504 80 ) 
4 470 487 (2048 -5760 -64 ) (2048 -5760 80 ) (2048 -5504 80 ) (2048 -5504 -64 ) 
4 470 473 (2080 -5760 80 ) (2048 -5760 80 ) (2048 -5760 -64 ) (2080 -5760 -64 ) 
4 470 472 (2432 -5760 -64 ) (2048 -5760 -64 ) (2048 -5504 -64 ) (2432 -5504 -64 ) 
4 471 490 (2048 -5248 -288 ) (2048 -5504 -288 ) (2048 -5504 -64 ) (2048 -5248 -64 ) 
4 471 472 (2048 -5504 -288 ) (2432 -5504 -288 ) (2432 -5504 -64 ) (2048 -5504 -64 ) 
4 472 491 (2048 -5504 -288 ) (2048 -5760 -288 ) (2048 -5760 -64 ) (2048 -5504 -64 ) 
4 473 494 (2048 -5760 128 ) (2048 -5760 -64 ) (2048 -5824 -64 ) (2048 -5824 128 ) 
4 473 474 (2048 -5824 -64 ) (2080 -5824 -64 ) (2080 -5824 128 ) (2048 -5824 128 ) 
4 474 519 (2432 -6144 -64 ) (2432 -6144 240 ) (2048 -6144 240 ) (2048 -6144 -64 ) 
4 474 495 (2048 -6144 -64 ) (2048 -6144 240 ) (2048 -5824 240 ) (2048 -5824 -64 ) 
4 475 525 (2048 -6144 240 ) (2048 -6144 320 ) (1408 -6144 320 ) (1408 -6144 240 ) 
4 475 495 (2048 -6144 240 ) (1408 -6144 240 ) (1408 -5824 240 ) (2048 -5824 240 ) 
4 476 482 (1792 -5120 80 ) (2048 -5120 80 ) (2048 -5248 80 ) (1792 -5248 80 ) 
4 476 478 (1792 -5248 80 ) (2048 -5248 80 ) (2048 -5248 240 ) (1792 -5248 240 ) 
4 476 477 (1792 -5120 80 ) (1792 -5248 80 ) (1792 -5248 240 ) (1792 -5120 240 ) 
4 477 483 (1408 -5248 80 ) (1408 -5120 80 ) (1792 -5120 80 ) (1792 -5248 80 ) 
4 477 479 (1408 -5248 80 ) (1792 -5248 80 ) (1792 -5248 240 ) (1408 -5248 240 ) 
4 478 486 (1792 -5248 80 ) (2048 -5248 80 ) (2048 -5504 80 ) (1792 -5504 80 ) 
4 478 480 (1792 -5504 80 ) (2048 -5504 80 ) (2048 -5504 240 ) (1792 -5504 240 ) 
4 478 479 (1792 -5248 240 ) (1792 -5248 80 ) (1792 -5504 80 ) (1792 -5504 240 ) 
4 479 488 (1408 -5504 80 ) (1408 -5248 80 ) (1792 -5248 80 ) (1792 -5504 80 ) 
4 479 481 (1408 -5504 80 ) (1792 -5504 80 ) (1792 -5504 240 ) (1408 -5504 240 ) 
4 480 494 (2048 -5760 80 ) (2048 -5760 128 ) (1792 -5760 128 ) (1792 -5760 80 ) 
4 480 487 (2048 -5760 80 ) (1792 -5760 80 ) (1792 -5504 80 ) (2048 -5504 80 ) 
4 480 481 (1792 -5504 240 ) (1792 -5504 80 ) (1792 -5760 80 ) (1792 -5760 240 ) 
4 481 494 (1760 -5760 80 ) (1792 -5760 80 ) (1792 -5760 128 ) (1760 -5760 128 ) 
4 481 489 (1792 -5760 80 ) (1408 -5760 80 ) (1408 -5504 80 ) (1792 -5504 80 ) 
4 482 486 (2048 -5248 -64 ) (2048 -5248 80 ) (1792 -5248 80 ) (1792 -5248 -64 ) 
4 482 484 (2048 -5248 -64 ) (1792 -5248 -64 ) (1792 -5120 -64 ) (2048 -5120 -64 ) 
4 482 483 (1792 -5120 -64 ) (1792 -5248 -64 ) (1792 -5248 80 ) (1792 -5120 80 ) 
4 483 488 (1792 -5248 80 ) (1408 -5248 80 ) (1408 -5248 -64 ) (1792 -5248 -64 ) 
4 483 485 (1792 -5248 -64 ) (1408 -5248 -64 ) (1408 -5120 -64 ) (1792 -5120 -64 ) 
4 484 490 (1792 -5248 -288 ) (2048 -5248 -288 ) (2048 -5248 -64 ) (1792 -5248 -64 ) 
4 484 485 (1792 -5120 -288 ) (1792 -5248 -288 ) (1792 -5248 -64 ) (1792 -5120 -64 ) 
4 485 492 (1408 -5248 -288 ) (1792 -5248 -288 ) (1792 -5248 -64 ) (1408 -5248 -64 ) 
4 486 490 (1792 -5504 -64 ) (1792 -5248 -64 ) (2048 -5248 -64 ) (2048 -5504 -64 ) 
4 486 488 (1792 -5248 80 ) (1792 -5248 -64 ) (1792 -5504 -64 ) (1792 -5504 80 ) 
4 486 487 (1792 -5504 80 ) (1792 -5504 -64 ) (2048 -5504 -64 ) (2048 -5504 80 ) 
4 487 494 (2048 -5760 -64 ) (2048 -5760 80 ) (1792 -5760 80 ) (1792 -5760 -64 ) 
4 487 491 (2048 -5760 -64 ) (1792 -5760 -64 ) (1792 -5504 -64 ) (2048 -5504 -64 ) 
4 487 489 (1792 -5504 -64 ) (1792 -5760 -64 ) (1792 -5760 80 ) (1792 -5504 80 ) 
4 488 492 (1408 -5504 -64 ) (1408 -5248 -64 ) (1792 -5248 -64 ) (1792 -5504 -64 ) 
4 488 489 (1408 -5504 -64 ) (1792 -5504 -64 ) (1792 -5504 80 ) (1408 -5504 80 ) 
4 489 494 (1792 -5760 80 ) (1760 -5760 80 ) (1760 -5760 -64 ) (1792 -5760 -64 ) 
4 489 493 (1792 -5760 -64 ) (1408 -5760 -64 ) (1408 -5504 -64 ) (1792 -5504 -64 ) 
4 490 492 (1792 -5504 -64 ) (1792 -5248 -64 ) (1792 -5248 -288 ) (1792 -5504 -288 ) 
4 490 491 (1792 -5504 -64 ) (1792 -5504 -288 ) (2048 -5504 -288 ) (2048 -5504 -64 ) 
4 491 493 (1792 -5760 -288 ) (1792 -5760 -64 ) (1792 -5504 -64 ) (1792 -5504 -288 ) 
4 492 497 (1408 -5248 -288 ) (1408 -5504 -288 ) (1408 -5504 -144 ) (1408 -5248 -144 ) 
4 492 493 (1408 -5504 -288 ) (1792 -5504 -288 ) (1792 -5504 -64 ) (1408 -5504 -64 ) 
4 494 495 (2048 -5824 -64 ) (2048 -5824 128 ) (1760 -5824 128 ) (1760 -5824 -64 ) 
4 495 525 (2048 -6144 -64 ) (2048 -6144 240 ) (1408 -6144 240 ) (1408 -6144 -64 ) 
4 495 496 (1408 -5936 152 ) (1408 -5936 -64 ) (1408 -6096 -64 ) (1408 -6096 152 ) 
4 496 507 (1392 -5936 -64 ) (1392 -6096 -64 ) (1392 -6096 152 ) (1392 -5936 152 ) 
4 497 499 (1392 -5248 -288 ) (1392 -5504 -288 ) (1392 -5504 -144 ) (1392 -5248 -144 ) 
4 498 500 (1216 -5504 -144 ) (1216 -5504 -112 ) (1216 -5248 -112 ) (1216 -5248 -144 ) 
4 498 499 (1344 -5504 -144 ) (1216 -5504 -144 ) (1216 -5248 -144 ) (1344 -5248 -144 ) 
4 499 500 (1216 -5504 -256 ) (1216 -5504 -144 ) (1216 -5248 -144 ) (1216 -5248 -256 ) 
4 500 503 (1184 -5248 -112 ) (1184 -5248 -256 ) (1184 -5504 -256 ) (1184 -5504 -112 ) 
4 501 503 (1040 -5248 -256 ) (1184 -5248 -256 ) (1184 -5248 64 ) (1040 -5248 64 ) 
4 501 502 (1040 -5120 -256 ) (1040 -5248 -256 ) (1040 -5248 64 ) (1040 -5120 64 ) 
4 502 572 (1024 -5248 64 ) (1024 -5120 64 ) (1024 -5120 -256 ) (1024 -5248 -256 ) 
4 502 504 (1024 -5248 -256 ) (1040 -5248 -256 ) (1040 -5248 64 ) (1024 -5248 64 ) 
4 503 505 (1040 -5504 -256 ) (1184 -5504 -256 ) (1184 -5504 64 ) (1040 -5504 64 ) 
4 503 504 (1040 -5248 64 ) (1040 -5248 -256 ) (1040 -5504 -256 ) (1040 -5504 64 ) 
4 504 574 (1024 -5504 64 ) (1024 -5248 64 ) (1024 -5248 -256 ) (1024 -5504 -256 ) 
4 504 506 (1024 -5504 -256 ) (1040 -5504 -256 ) (1040 -5504 64 ) (1024 -5504 64 ) 
4 505 506 (1040 -5504 64 ) (1040 -5504 -256 ) (1040 -5568 -256 ) (1040 -5568 64 ) 
4 506 576 (1024 -5568 -256 ) (1024 -5568 64 ) (1024 -5504 64 ) (1024 -5504 -256 ) 
4 506 514 (1024 -5568 -32 ) (1024 -5568 -256 ) (1040 -5568 -256 ) (1040 -5568 -32 ) 
4 507 510 (1184 -5936 -126.400017 ) (1184 -6096 -126.400024 ) (1184 -6096 -32 ) (1184 -5936 -32 ) 
4 507 509 (1184 -6096 -32 ) (1184 -6096 89.599976 ) (1184 -5936 89.599976 ) (1184 -5936 -32 ) 
4 508 512 (1040 -5936 46.400021 ) (1040 -6096 46.400017 ) (1040 -6096 56 ) (1040 -5936 56 ) 
4 508 509 (1040 -6096 46.400028 ) (1040 -5936 46.400028 ) (1072 -5936 56 ) (1072 -6096 56 ) 
4 509 512 (1040 -5936 -32 ) (1040 -6096 -32 ) (1040 -6096 46.400017 ) (1040 -5936 46.400021 ) 
4 509 510 (1040 -6096 -32 ) (1040 -5936 -32 ) (1184 -5936 -32 ) (1184 -6096 -32 ) 
4 510 515 (1040 -6096 -160 ) (1040 -6096 -32 ) (1040 -5936 -32 ) (1040 -5936 -160 ) 
4 511 578 (1024 -5936 56 ) (1024 -5904 56 ) (1024 -5584 -32 ) (1024 -5936 -32 ) 
4 511 514 (1040 -5584 -32 ) (1040 -5936 -32 ) (1024 -5936 -32 ) (1024 -5584 -32 ) 
4 511 512 (1024 -5936 -32 ) (1040 -5936 -32 ) (1040 -5936 56 ) (1024 -5936 56 ) 
4 512 579 (1024 -6096 -32 ) (1024 -6096 56 ) (1024 -5936 56 ) (1024 -5936 -32 ) 
4 512 515 (1040 -5936 -32 ) (1040 -6096 -32 ) (1024 -6096 -32 ) (1024 -5936 -32 ) 
3 513 580 (1024 -5936 -160 ) (1024 -5936 -150.399979 ) (1024 -5904 -160 ) 
4 513 515 (1040 -5936 -160 ) (1040 -5936 -150.399979 ) (1024 -5936 -150.399963 ) (1024 -5936 -160 ) 
4 513 514 (1024 -5936 -150.399399 ) (1040 -5936 -150.399399 ) (1040 -5903.998047 -160 ) (1024 -5903.998047 -160 ) 
5 514 581 (1024 -5936 -32 ) (1024 -5568 -32 ) (1024 -5568 -256 ) (1024 -5584 -256 ) (1024 -5936 -150.399979 ) 
4 514 515 (1040 -5936 -150.399979 ) (1040 -5936 -32 ) (1024 -5936 -32 ) (1024 -5936 -150.399963 ) 
4 515 582 (1024 -6096 -160 ) (1024 -6096 -32 ) (1024 -5936 -32 ) (1024 -5936 -160 ) 
4 516 520 (2816 -6400 128 ) (2448 -6400 128 ) (2448 -6400 -64 ) (2816 -6400 -64 ) 
4 516 517 (2448 -6156 -64 ) (2448 -6212 -64 ) (2448 -6212 128 ) (2448 -6156 128 ) 
4 517 518 (2440 -6156 48 ) (2440 -6156 -64 ) (2440 -6212 -64 ) (2440 -6212 48 ) 
4 518 519 (2432 -6156 48 ) (2432 -6156 -64 ) (2432 -6212 -64 ) (2432 -6212 48 ) 
4 519 525 (2048 -6400 -64 ) (2048 -6400 320 ) (2048 -6144 320 ) (2048 -6144 -64 ) 
4 519 522 (2048 -6400 80 ) (2048 -6400 -32 ) (2144 -6400 -32 ) (2144 -6400 80 ) 
4 519 521 (2204 -6400 80 ) (2204 -6400 -32 ) (2368 -6400 -32 ) (2368 -6400 80 ) 
4 520 523 (2448 -6416 -64 ) (2816 -6416 -64 ) (2816 -6416 128 ) (2448 -6416 128 ) 
4 521 523 (2368 -6416 -32 ) (2368 -6416 80 ) (2204 -6416 80 ) (2204 -6416 -32 ) 
4 522 526 (2048 -6400 80 ) (2048 -6400 -32 ) (2048 -6416 -32 ) (2048 -6416 80 ) 
4 522 523 (2144 -6416 -32 ) (2144 -6416 80 ) (2048 -6416 80 ) (2048 -6416 -32 ) 
4 523 527 (2048 -6720 128 ) (2048 -6416 128 ) (2048 -6416 -64 ) (2048 -6720 -64 ) 
4 523 524 (2048 -6720 -64 ) (2432 -6720 -64 ) (2432 -6720 128 ) (2048 -6720 128 ) 
4 524 527 (2048 -6976 128 ) (2048 -6720 128 ) (2048 -6720 -64 ) (2048 -6976 -64 ) 
4 525 526 (2048 -6400 -32 ) (2048 -6400 80 ) (1980 -6400 80 ) (1980 -6400 -32 ) 
4 526 527 (2048 -6416 -32 ) (2048 -6416 80 ) (1980 -6416 80 ) (1980 -6416 -32 ) 
4 528 540 (1024 -3072 192 ) (1024 -3072 400 ) (192 -3072 400 ) (192 -3072 192 ) 
4 528 531 (192 -3072 192 ) (192 -3072 400 ) (192 -2048 400 ) (192 -2048 192 ) 
4 528 529 (192 -3072 192 ) (192 -2048 192 ) (1024 -2048 192 ) (1024 -3072 192 ) 
4 529 541 (1024 -3072 -96 ) (1024 -3072 192 ) (192 -3072 192 ) (192 -3072 -96 ) 
4 529 532 (192 -3072 -96 ) (192 -3072 192 ) (192 -2048 192 ) (192 -2048 -96 ) 
4 529 530 (192 -3072 -96 ) (192 -2048 -96 ) (1024 -2048 -96 ) (1024 -3072 -96 ) 
4 530 542 (1024 -3072 -320 ) (1024 -3072 -96 ) (192 -3072 -96 ) (192 -3072 -320 ) 
4 530 533 (192 -3072 -320 ) (192 -3072 -96 ) (192 -2048 -96 ) (192 -2048 -320 ) 
4 531 552 (192 -3072 192 ) (192 -3072 400 ) (0 -3072 400 ) (0 -3072 192 ) 
4 531 534 (0 -2048 400 ) (0 -2048 192 ) (0 -3072 192 ) (0 -3072 400 ) 
4 531 532 (0 -3072 192 ) (0 -2048 192 ) (192 -2048 192 ) (192 -3072 192 ) 
4 532 553 (192 -3072 -96 ) (192 -3072 192 ) (0 -3072 192 ) (0 -3072 -96 ) 
4 532 536 (0 -2048 192 ) (0 -2048 -96 ) (0 -3072 -96 ) (0 -3072 192 ) 
4 532 533 (0 -3072 -96 ) (0 -2048 -96 ) (192 -2048 -96 ) (192 -3072 -96 ) 
4 533 554 (192 -3072 -320 ) (192 -3072 -96 ) (0 -3072 -96 ) (0 -3072 -320 ) 
4 533 538 (0 -2048 -96 ) (0 -2048 -320 ) (0 -3072 -320 ) (0 -3072 -96 ) 
4 534 555 (0 -3072 192 ) (0 -3072 400 ) (-640 -3072 400 ) (-640 -3072 192 ) 
4 534 536 (0 -3072 192 ) (-640 -3072 192 ) (-640 -2048 192 ) (0 -2048 192 ) 
4 534 535 (-640 -2048 192 ) (-640 -3072 192 ) (-640 -3072 400 ) (-640 -2048 400 ) 
4 535 566 (-1024 -2048 400 ) (-1024 -2048 192 ) (-1024 -3072 192 ) (-1024 -3072 400 ) 
4 535 556 (-640 -3072 400 ) (-1024 -3072 400 ) (-1024 -3072 192 ) (-640 -3072 192 ) 
4 535 537 (-640 -3072 192 ) (-1024 -3072 192 ) (-1024 -2048 192 ) (-640 -2048 192 ) 
4 536 557 (0 -3072 -96 ) (0 -3072 192 ) (-640 -3072 192 ) (-640 -3072 -96 ) 
4 536 538 (-640 -2048 -96 ) (0 -2048 -96 ) (0 -3072 -96 ) (-640 -3072 -96 ) 
4 536 537 (-640 -2048 -96 ) (-640 -3072 -96 ) (-640 -3072 192 ) (-640 -2048 192 ) 
4 537 567 (-1024 -2048 192 ) (-1024 -2048 -96 ) (-1024 -3072 -96 ) (-1024 -3072 192 ) 
4 537 559 (-640 -3072 192 ) (-1024 -3072 192 ) (-1024 -3072 -96 ) (-640 -3072 -96 ) 
4 537 539 (-1024 -2048 -96 ) (-640 -2048 -96 ) (-640 -3072 -96 ) (-1024 -3072 -96 ) 
4 538 558 (0 -3072 -320 ) (0 -3072 -96 ) (-640 -3072 -96 ) (-640 -3072 -320 ) 
4 538 539 (-640 -2048 -320 ) (-640 -3072 -320 ) (-640 -3072 -96 ) (-640 -2048 -96 ) 
4 539 568 (-1024 -2048 -96 ) (-1024 -2048 -320 ) (-1024 -3072 -320 ) (-1024 -3072 -96 ) 
4 539 560 (-640 -3072 -96 ) (-1024 -3072 -96 ) (-1024 -3072 -320 ) (-640 -3072 -320 ) 
4 540 552 (192 -3072 400 ) (192 -3072 192 ) (192 -3712 192 ) (192 -3712 400 ) 
4 540 546 (192 -3712 400 ) (192 -3712 192 ) (816 -3712 192 ) (816 -3712 400 ) 
4 540 543 (816 -3712 192 ) (1024 -3712 192 ) (1024 -3712 400 ) (816 -3712 400 ) 
4 540 541 (1024 -3712 192 ) (192 -3712 192 ) (192 -3072 192 ) (1024 -3072 192 ) 
4 541 553 (192 -3072 192 ) (192 -3072 -96 ) (192 -3712 -96 ) (192 -3712 192 ) 
4 541 547 (192 -3712 192 ) (192 -3712 -96 ) (816 -3712 -96 ) (816 -3712 192 ) 
4 541 544 (1024 -3712 96 ) (1024 -3712 192 ) (816 -3712 192 ) (816 -3712 96 ) 
4 541 542 (1024 -3712 -96 ) (192 -3712 -96 ) (192 -3072 -96 ) (1024 -3072 -96 ) 
4 542 554 (192 -3072 -96 ) (192 -3072 -320 ) (192 -3712 -320 ) (192 -3712 -96 ) 
4 542 551 (192 -3712 -96 ) (192 -3712 -320 ) (816 -3712 -320 ) (816 -3712 -96 ) 
4 542 549 (1024 -3712 -288 ) (1024 -3712 -128 ) (832 -3712 -128 ) (832 -3712 -288 ) 
4 543 546 (816 -3712 400 ) (816 -3712 192 ) (816 -3728 192 ) (816 -3728 400 ) 
4 543 544 (1024 -3728 192 ) (816 -3728 192 ) (816 -3712 192 ) (1024 -3712 192 ) 
4 544 547 (816 -3712 192 ) (816 -3712 96 ) (816 -3728 96 ) (816 -3728 192 ) 
4 545 561 (1024 -4096 -96 ) (1024 -4096 0 ) (832 -4096 0 ) (832 -4096 -96 ) 
4 545 548 (1024 -4096 -96 ) (832 -4096 -96 ) (832 -3840 -96 ) (1024 -3840 -96 ) 
4 546 552 (192 -3712 400 ) (192 -3712 192 ) (192 -3728 192 ) (192 -3728 400 ) 
4 546 547 (816 -3728 192 ) (192 -3728 192 ) (192 -3712 192 ) (816 -3712 192 ) 
4 547 553 (192 -3712 192 ) (192 -3712 -96 ) (192 -3728 -96 ) (192 -3728 192 ) 
4 547 551 (192 -3728 -96 ) (192 -3712 -96 ) (816 -3712 -96 ) (816 -3728 -96 ) 
4 548 561 (1024 -4096 -128 ) (1024 -4096 -96 ) (832 -4096 -96 ) (832 -4096 -128 ) 
4 548 550 (832 -4096 -128 ) (832 -3840 -128 ) (1024 -3840 -128 ) (1024 -4096 -128 ) 
4 549 550 (832 -3728 -288 ) (1024 -3728 -288 ) (1024 -3728 -128 ) (832 -3728 -128 ) 
4 550 561 (1024 -4096 -288 ) (1024 -4096 -128 ) (832 -4096 -128 ) (832 -4096 -288 ) 
4 551 554 (192 -3728 -96 ) (192 -3712 -96 ) (192 -3712 -320 ) (192 -3728 -320 ) 
4 552 555 (0 -3072 400 ) (0 -3072 192 ) (0 -3728 192 ) (0 -3728 400 ) 
4 552 553 (192 -3728 192 ) (0 -3728 192 ) (0 -3072 192 ) (192 -3072 192 ) 
4 553 557 (0 -3072 192 ) (0 -3072 -96 ) (0 -3728 -96 ) (0 -3728 192 ) 
4 553 554 (192 -3728 -96 ) (0 -3728 -96 ) (0 -3072 -96 ) (192 -3072 -96 ) 
4 554 558 (0 -3072 -96 ) (0 -3072 -320 ) (0 -3728 -320 ) (0 -3728 -96 ) 
4 555 557 (0 -3728 192 ) (-640 -3728 192 ) (-640 -3072 192 ) (0 -3072 192 ) 
4 555 556 (-640 -3072 192 ) (-640 -3728 192 ) (-640 -3728 400 ) (-640 -3072 400 ) 
4 556 569 (-1024 -3728 192 ) (-1024 -3728 400 ) (-1024 -3072 400 ) (-1024 -3072 192 ) 
4 556 559 (-640 -3728 192 ) (-1024 -3728 192 ) (-1024 -3072 192 ) (-640 -3072 192 ) 
4 557 559 (-640 -3728 -96 ) (-640 -3728 192 ) (-640 -3072 192 ) (-640 -3072 -96 ) 
4 557 558 (0 -3728 -96 ) (-640 -3728 -96 ) (-640 -3072 -96 ) (0 -3072 -96 ) 
4 558 560 (-640 -3072 -320 ) (-640 -3728 -320 ) (-640 -3728 -96 ) (-640 -3072 -96 ) 
4 559 570 (-1024 -3728 -96 ) (-1024 -3728 192 ) (-1024 -3072 192 ) (-1024 -3072 -96 ) 
4 559 560 (-640 -3072 -96 ) (-640 -3728 -96 ) (-1024 -3728 -96 ) (-1024 -3072 -96 ) 
4 560 571 (-1024 -3728 -320 ) (-1024 -3728 -96 ) (-1024 -3072 -96 ) (-1024 -3072 -320 ) 
4 561 562 (832 -4176 0 ) (832 -4176 -288 ) (1024 -4176 -288 ) (1024 -4176 0 ) 
4 562 563 (1024 -4656 -256 ) (1024 -4656 -80 ) (832 -4656 -80 ) (832 -4656 -256 ) 
4 563 565 (880 -4672 -80 ) (832 -4672 -80 ) (832 -4672 -256 ) (880 -4672 -256 ) 
4 563 564 (1024 -4672 -256 ) (1024 -4672 -80 ) (880 -4672 -80 ) (880 -4672 -256 ) 
4 564 572 (1024 -5120 -256 ) (1024 -5120 64 ) (880 -5120 64 ) (880 -5120 -256 ) 
4 564 565 (880 -4672 -256 ) (880 -5120 -256 ) (880 -5120 64 ) (880 -4672 64 ) 
4 565 573 (880 -5120 64 ) (704 -5120 64 ) (704 -5120 -256 ) (880 -5120 -256 ) 
4 566 569 (-1024 -3072 192 ) (-1024 -3072 400 ) (-1248 -3072 400 ) (-1248 -3072 192 ) 
4 566 567 (-1248 -3072 192 ) (-1248 -2048 192 ) (-1024 -2048 192 ) (-1024 -3072 192 ) 
4 567 570 (-1024 -3072 -96 ) (-1024 -3072 192 ) (-1248 -3072 192 ) (-1248 -3072 -96 ) 
4 567 568 (-1248 -3072 -96 ) (-1248 -2048 -96 ) (-1024 -2048 -96 ) (-1024 -3072 -96 ) 
4 568 571 (-1024 -3072 -320 ) (-1024 -3072 -96 ) (-1248 -3072 -96 ) (-1248 -3072 -320 ) 
4 569 570 (-1024 -3728 192 ) (-1248 -3728 192 ) (-1248 -3072 192 ) (-1024 -3072 192 ) 
4 570 571 (-1024 -3728 -96 ) (-1248 -3728 -96 ) (-1248 -3072 -96 ) (-1024 -3072 -96 ) 
4 572 574 (880 -5248 -256 ) (1024 -5248 -256 ) (1024 -5248 64 ) (880 -5248 64 ) 
4 572 573 (880 -5120 -256 ) (880 -5248 -256 ) (880 -5248 64 ) (880 -5120 64 ) 
4 573 575 (704 -5248 64 ) (704 -5248 -256 ) (880 -5248 -256 ) (880 -5248 64 ) 
4 574 576 (880 -5504 -256 ) (1024 -5504 -256 ) (1024 -5504 64 ) (880 -5504 64 ) 
4 574 575 (880 -5248 64 ) (880 -5248 -256 ) (880 -5504 -256 ) (880 -5504 64 ) 
4 575 577 (704 -5504 64 ) (704 -5504 -256 ) (880 -5504 -256 ) (880 -5504 64 ) 
4 576 581 (1024 -5568 -256 ) (1024 -5568 -32 ) (880 -5568 -32 ) (880 -5568 -256 ) 
4 576 577 (880 -5504 64 ) (880 -5504 -256 ) (880 -5568 -256 ) (880 -5568 64 ) 
4 578 581 (880 -5936 -32 ) (880 -5584 -32 ) (1024 -5584 -32 ) (1024 -5936 -32 ) 
4 578 579 (880 -5936 -32 ) (1024 -5936 -32 ) (1024 -5936 56 ) (880 -5936 56 ) 
4 579 582 (1024 -6096 -32 ) (880 -6096 -32 ) (880 -5936 -32 ) (1024 -5936 -32 ) 
4 580 582 (1024 -5936 -160 ) (1024 -5936 -150.399979 ) (880 -5936 -150.399963 ) (880 -5936 -160 ) 
4 580 581 (880 -5903.998047 -160 ) (880 -5936 -150.399399 ) (1024 -5936 -150.399399 ) (1024 -5903.998047 -160 ) 
4 581 582 (1024 -5936 -150.399979 ) (1024 -5936 -32 ) (880 -5936 -32 ) (880 -5936 -150.399963 ) 
