PRT1
20
31
4 0 2 (5696 5120 320 ) (5696 5120 1536 ) (5120 5120 1536 ) (5120 5120 320 ) 
4 0 1 (5120 5120 320 ) (5120 5120 1536 ) (5120 5312 1536 ) (5120 5312 320 ) 
4 1 4 (4096 5120 320 ) (4096 5120 1536 ) (4096 5312 1536 ) (4096 5312 320 ) 
4 1 3 (5120 5120 320 ) (5120 5120 1536 ) (4096 5120 1536 ) (4096 5120 320 ) 
4 2 8 (5696 4096 320 ) (5696 4096 1536 ) (5120 4096 1536 ) (5120 4096 320 ) 
4 2 3 (5120 5120 1536 ) (5120 5120 320 ) (5120 4096 320 ) (5120 4096 1536 ) 
4 3 9 (5120 4096 320 ) (5120 4096 1536 ) (4096 4096 1536 ) (4096 4096 320 ) 
4 3 5 (4096 4096 320 ) (4096 4096 1536 ) (4096 5120 1536 ) (4096 5120 320 ) 
4 4 6 (3072 5120 320 ) (3072 5120 1536 ) (3072 5312 1536 ) (3072 5312 320 ) 
4 4 5 (4096 5120 320 ) (4096 5120 1536 ) (3072 5120 1536 ) (3072 5120 320 ) 
4 5 14 (4096 4096 320 ) (4096 4096 1536 ) (3072 4096 1536 ) (3072 4096 320 ) 
4 5 7 (3072 4096 320 ) (3072 4096 1536 ) (3072 5120 1536 ) (3072 5120 320 ) 
4 6 7 (3072 5120 320 ) (3072 5120 1536 ) (2176 5120 1536 ) (2176 5120 320 ) 
4 7 16 (3072 4096 320 ) (3072 4096 1536 ) (2176 4096 1536 ) (2176 4096 320 ) 
4 8 10 (5696 3072 320 ) (5696 3072 1536 ) (5120 3072 1536 ) (5120 3072 320 ) 
4 8 9 (5120 4096 1536 ) (5120 4096 320 ) (5120 3072 320 ) (5120 3072 1536 ) 
4 9 14 (4096 4096 1536 ) (4096 4096 320 ) (4096 3072 320 ) (4096 3072 1536 ) 
4 9 11 (5120 3072 320 ) (5120 3072 1536 ) (4096 3072 1536 ) (4096 3072 320 ) 
4 10 12 (5696 2048 320 ) (5696 2048 1536 ) (5120 2048 1536 ) (5120 2048 320 ) 
4 10 11 (5120 3072 1536 ) (5120 3072 320 ) (5120 2048 320 ) (5120 2048 1536 ) 
4 11 15 (4096 2048 320 ) (4096 2048 1536 ) (4096 3072 1536 ) (4096 3072 320 ) 
4 11 13 (5120 2048 320 ) (5120 2048 1536 ) (4096 2048 1536 ) (4096 2048 320 ) 
4 12 13 (5120 2048 1536 ) (5120 2048 320 ) (5120 1760 320 ) (5120 1760 1536 ) 
4 13 18 (4096 1760 320 ) (4096 1760 1536 ) (4096 2048 1536 ) (4096 2048 320 ) 
4 14 16 (3072 4096 1536 ) (3072 4096 320 ) (3072 3072 320 ) (3072 3072 1536 ) 
4 14 15 (4096 3072 320 ) (4096 3072 1536 ) (3072 3072 1536 ) (3072 3072 320 ) 
4 15 18 (4096 2048 320 ) (4096 2048 1536 ) (3072 2048 1536 ) (3072 2048 320 ) 
4 15 17 (3072 2048 320 ) (3072 2048 1536 ) (3072 3072 1536 ) (3072 3072 320 ) 
4 16 17 (3072 3072 320 ) (3072 3072 1536 ) (2176 3072 1536 ) (2176 3072 320 ) 
4 17 19 (3072 2048 320 ) (3072 2048 1536 ) (2176 2048 1536 ) (2176 2048 320 ) 
4 18 19 (3072 2048 1536 ) (3072 2048 320 ) (3072 1760 320 ) (3072 1760 1536 ) 
