PRT1
99
261
4 0 9 (2152 0 -80 ) (2152 0 -96 ) (2408 0 -96 ) (2408 0 -80 ) 
4 0 8 (2408 0 -8 ) (2152 0 -8 ) (2152 0 -80 ) (2408 0 -80 ) 
4 0 12 (2152 0 -96 ) (2152 0 -296 ) (2408 0 -296 ) (2408 0 -96 ) 
4 0 1 (2152 0 -296 ) (2152 0 -8 ) (2152 400 -8 ) (2152 400 -296 ) 
4 1 9 (2152 0 -96 ) (2152 0 -80 ) (2048 0 -80 ) (2048 0 -96 ) 
4 1 8 (2152 0 -80 ) (2152 0 -8 ) (2048 0 -8 ) (2048 0 -80 ) 
4 1 12 (2152 0 -296 ) (2152 0 -96 ) (2048 0 -96 ) (2048 0 -296 ) 
4 1 2 (2048 0 -296 ) (2048 0 -8 ) (2048 400 -8 ) (2048 400 -296 ) 
4 2 15 (2048 0 -96 ) (2048 0 -80 ) (1896 0 -80 ) (1896 0 -96 ) 
4 2 13 (2048 0 -80 ) (2048 0 -8 ) (1896 0 -8 ) (1896 0 -80 ) 
4 2 17 (2048 0 -296 ) (2048 0 -96 ) (1896 0 -96 ) (1896 0 -296 ) 
4 2 4 (1896 0 -296 ) (1896 0 -8 ) (1896 400 -8 ) (1896 400 -296 ) 
4 3 6 (1400 656 -8 ) (1400 656 -296 ) (1408 656 -296 ) (1408 656 -8 ) 
4 3 4 (1880.666748 656 -296 ) (1896 656 -296 ) (1896 656 -8 ) (1880.666748 656 -8 ) 
4 3 5 (1408 656 -296 ) (1416 656 -296 ) (1416 656 -8 ) (1408 656 -8 ) 
4 4 15 (1896 0 -96 ) (1896 0 -80 ) (1880.666748 0 -80 ) (1880.666748 0 -96 ) 
4 4 13 (1896 0 -80 ) (1896 0 -8 ) (1880.666748 0 -8 ) (1880.666748 0 -80 ) 
4 4 17 (1896 0 -296 ) (1896 0 -96 ) (1880.666748 0 -96 ) (1880.666748 0 -296 ) 
4 5 23 (1416 0 -8 ) (1408 0 -8 ) (1408 0 -296 ) (1416 0 -296 ) 
4 5 6 (1408 656 -8 ) (1408 656 -296 ) (1408 416 -296 ) (1408 416 -8 ) 
4 7 40 (1024 0 -320 ) (1024 0 736 ) (1024 416 736 ) (1024 416 -320 ) 
4 7 38 (1384 0 -288 ) (1024 0 -288 ) (1024 0 -320 ) (1384 0 -320 ) 
4 7 33 (1392 0 -288 ) (1392 0 -96 ) (1364.860107 0 -96 ) (1364.860107 0 -288 ) 
4 7 36 (1364.860107 0 -96 ) (1024 0 -96 ) (1024 0 -288 ) (1364.860107 0 -288 ) 
4 7 32 (1392 0 -96 ) (1392 0 736 ) (1024 0 736 ) (1024 0 -96 ) 
4 8 31 (2048 -416 -80 ) (2048 -768 -80 ) (2048 -768 -8 ) (2048 -416 -8 ) 
4 8 13 (2048 0 -8 ) (2048 0 -80 ) (2048 -416 -80 ) (2048 -416 -8 ) 
5 8 11 (2408 -768 -80 ) (2048 -768 -80 ) (2048 -266.935181 -80 ) (2174.574707 -152.902863 -80 ) (2408 -386.161560 -80 ) 
3 8 10 (2048 -245.412781 -80 ) (2048 -26.418213 -80 ) (2163.247803 -141.583939 -80 ) 
4 8 9 (2048 -26.418213 -80 ) (2048 0 -80 ) (2408 0 -80 ) (2408 -386.161560 -80 ) 
4 9 15 (2048 0 -80 ) (2048 0 -96 ) (2048 -26.418177 -96 ) (2048 -26.418213 -80 ) 
4 9 11 (2174.569336 -152.898682 -96 ) (2408 -386.164063 -96 ) (2408 -386.163116 -80 ) (2174.573975 -152.903564 -80 ) 
4 9 10 (2048 -26.418793 -96 ) (2163.247803 -141.585083 -96 ) (2163.247070 -141.584717 -80 ) (2048 -26.419861 -80 ) 
4 9 12 (2048 -26.418213 -96 ) (2048 0 -96 ) (2408 0 -96 ) (2408 -386.161560 -96 ) 
4 10 15 (2048 -26.418177 -96 ) (2048 -245.413757 -96 ) (2048 -245.412781 -80 ) (2048 -26.418213 -80 ) 
3 10 12 (2048 -245.413757 -96 ) (2048 -26.418213 -96 ) (2163.248535 -141.584473 -96 ) 
4 11 31 (2048 -416 -96 ) (2048 -768 -96 ) (2048 -768 -80 ) (2048 -416 -80 ) 
4 11 16 (2048 -266.926117 -96 ) (2048 -416 -96 ) (2048 -416 -80 ) (2048 -266.935181 -80 ) 
5 11 12 (2408 -768 -96 ) (2048 -768 -96 ) (2048 -266.926117 -96 ) (2174.570068 -152.898056 -96 ) (2408 -386.161560 -96 ) 
4 12 31 (2048 -416 -296 ) (2048 -768 -296 ) (2048 -768 -96 ) (2048 -416 -96 ) 
4 12 17 (2048 0 -96 ) (2048 0 -296 ) (2048 -416 -296 ) (2048 -416 -96 ) 
4 13 31 (2048 -416 -80 ) (2048 -416 -8 ) (1880.666748 -416 -8 ) (1880.666748 -416 -80 ) 
4 13 19 (1880.666748 -416 -80 ) (1880.666748 -416 -8 ) (1880.666748 -320 -8 ) (1880.666748 -320 -80 ) 
4 13 18 (1880.666748 -320 -8 ) (1880.666748 -96 -8 ) (1880.666748 -96 -80 ) (1880.666748 -320 -80 ) 
4 13 16 (2048 -416 -80 ) (1988.153564 -416 -80 ) (1938.122681 -365.924652 -80 ) (2048 -266.935120 -80 ) 
5 13 15 (1926.806396 -354.598236 -80 ) (1880.666748 -308.417511 -80 ) (1880.666748 0 -80 ) (2048 0 -80 ) (2048 -245.412888 -80 ) 
3 13 14 (1988.153564 -416 -80 ) (1880.666748 -416 -80 ) (1880.666748 -308.417511 -80 ) 
4 14 31 (1988.153564 -416 -80 ) (1880.666748 -416 -80 ) (1880.666748 -416 -96 ) (1988.153564 -416 -96 ) 
4 14 19 (1880.666748 -416 -96 ) (1880.666748 -416 -80 ) (1880.666748 -320 -80 ) (1880.666748 -320 -96 ) 
4 14 18 (1880.666748 -320 -80 ) (1880.666748 -308.417511 -80 ) (1880.666748 -308.417511 -96 ) (1880.666748 -320 -96 ) 
4 14 16 (1988.152344 -416 -96 ) (1938.116577 -365.921173 -96 ) (1938.122437 -365.924896 -80 ) (1988.153076 -416 -80 ) 
4 14 15 (1926.805298 -354.600189 -96 ) (1880.666748 -308.421875 -96 ) (1880.666748 -308.417969 -80 ) (1926.806152 -354.598480 -80 ) 
3 14 17 (1988.153564 -416 -96 ) (1880.666748 -416 -96 ) (1880.666748 -308.417511 -96 ) 
4 15 18 (1880.666748 -308.417511 -80 ) (1880.666748 -96 -80 ) (1880.666748 -96 -96 ) (1880.666748 -308.417511 -96 ) 
5 15 17 (1926.806885 -354.598755 -96 ) (1880.666748 -308.417511 -96 ) (1880.666748 0 -96 ) (2048 0 -96 ) (2048 -245.413879 -96 ) 
4 16 31 (2048 -416 -96 ) (2048 -416 -80 ) (1988.153564 -416 -80 ) (1988.153564 -416 -96 ) 
4 16 17 (2048 -416 -96 ) (1988.153564 -416 -96 ) (1938.117920 -365.919891 -96 ) (2048 -266.926086 -96 ) 
4 17 31 (1880.666748 -416 -296 ) (2048 -416 -296 ) (2048 -416 -96 ) (1880.666748 -416 -96 ) 
4 17 19 (1880.666748 -320 -296 ) (1880.666748 -416 -296 ) (1880.666748 -416 -96 ) (1880.666748 -320 -96 ) 
4 17 18 (1880.666748 -96 -296 ) (1880.666748 -320 -296 ) (1880.666748 -320 -96 ) (1880.666748 -96 -96 ) 
4 18 29 (1556.860107 -96 -296 ) (1556.860107 -148.057068 -296 ) (1556.860107 -148.057068 -8 ) (1556.860107 -96 -8 ) 
4 18 28 (1556.860107 -148.057068 -296 ) (1556.860107 -320 -296 ) (1556.860107 -320 -288 ) (1556.860107 -148.057068 -288 ) 
4 18 24 (1556.860107 -320 -288 ) (1556.860107 -320 -8 ) (1556.860107 -148.057068 -8 ) (1556.860107 -148.057068 -288 ) 
4 18 20 (1572.860107 -320 -8 ) (1556.860107 -320 -8 ) (1556.860107 -320 -96 ) (1572.860107 -320 -96 ) 
4 18 21 (1556.860107 -320 -288 ) (1556.860107 -320 -296 ) (1572.860107 -320 -296 ) (1572.860107 -320 -288 ) 
4 18 19 (1880.666748 -320 -296 ) (1880.666748 -320 -8 ) (1572.860107 -320 -8 ) (1572.860107 -320 -296 ) 
4 19 31 (1572.860107 -416 -296 ) (1880.666748 -416 -296 ) (1880.666748 -416 -8 ) (1572.860107 -416 -8 ) 
4 19 20 (1572.860107 -320 -8 ) (1572.860107 -320 -96 ) (1572.860107 -336 -96 ) (1572.860107 -336 -8 ) 
4 19 21 (1572.860107 -320 -288 ) (1572.860107 -320 -296 ) (1572.860107 -336 -296 ) (1572.860107 -336 -288 ) 
4 19 22 (1572.860107 -336 -296 ) (1572.860107 -416 -296 ) (1572.860107 -416 -8 ) (1572.860107 -336 -8 ) 
4 20 25 (1556.860107 -336 -96 ) (1556.860107 -336 -8 ) (1556.860107 -320 -8 ) (1556.860107 -320 -96 ) 
4 20 22 (1572.860107 -336 -96 ) (1572.860107 -336 -8 ) (1556.860107 -336 -8 ) (1556.860107 -336 -96 ) 
4 21 28 (1556.860107 -320 -296 ) (1556.860107 -336 -296 ) (1556.860107 -336 -288 ) (1556.860107 -320 -288 ) 
4 21 22 (1572.860107 -336 -296 ) (1572.860107 -336 -288 ) (1556.860107 -336 -288 ) (1556.860107 -336 -296 ) 
4 22 31 (1556.860107 -416 -296 ) (1572.860107 -416 -296 ) (1572.860107 -416 -8 ) (1556.860107 -416 -8 ) 
4 22 28 (1556.860107 -336 -296 ) (1556.860107 -416 -296 ) (1556.860107 -416 -288 ) (1556.860107 -336 -288 ) 
4 22 27 (1556.860107 -416 -288 ) (1556.860107 -416 -8 ) (1556.860107 -336 -8 ) (1556.860107 -336 -288 ) 
4 23 30 (1408 -32 -296 ) (1416 -32 -296 ) (1416 -32 -8 ) (1408 -32 -8 ) 
4 24 33 (1392 -32 -96 ) (1392 -32 -288 ) (1392 -320 -288 ) (1392 -320 -96 ) 
4 24 32 (1392 -32 -8 ) (1392 -32 -96 ) (1392 -320 -96 ) (1392 -320 -8 ) 
4 24 29 (1488.998901 -96 -8 ) (1556.860107 -148.057922 -8 ) (1556.860107 -148.057907 -288 ) (1488.998901 -96 -288 ) 
4 24 30 (1405.570313 -32 -288 ) (1405.570313 -32 -8 ) (1416 -40 -8 ) (1416 -40 -288 ) 
5 24 28 (1400 -32 -288 ) (1405.566406 -32 -288 ) (1556.860107 -148.060898 -288 ) (1556.860107 -320 -288 ) (1400 -320 -288 ) 
4 24 25 (1556.860107 -320 -96 ) (1556.860107 -320 -8 ) (1392 -320 -8 ) (1392 -320 -96 ) 
4 24 26 (1392 -320 -288 ) (1556.860107 -320 -288 ) (1556.860107 -320 -112 ) (1392 -320 -112 ) 
4 25 32 (1392 -336 -96 ) (1392 -336 -8 ) (1392 -320 -8 ) (1392 -320 -96 ) 
4 25 27 (1556.860107 -336 -96 ) (1556.860107 -336 -8 ) (1392 -336 -8 ) (1392 -336 -96 ) 
4 26 34 (1392 -320 -288 ) (1392 -336 -288 ) (1392 -336 -112 ) (1392 -320 -112 ) 
4 26 28 (1556.860107 -320 -288 ) (1556.860107 -336 -288 ) (1400 -336 -288 ) (1400 -320 -288 ) 
4 26 27 (1392 -336 -288 ) (1556.860107 -336 -288 ) (1556.860107 -336 -112 ) (1392 -336 -112 ) 
4 27 35 (1392 -336 -288 ) (1392 -416 -288 ) (1392 -416 -96 ) (1392 -336 -96 ) 
4 27 32 (1392 -416 -96 ) (1392 -416 -8 ) (1392 -336 -8 ) (1392 -336 -96 ) 
4 27 31 (1408 -416 -288 ) (1556.860107 -416 -288 ) (1556.860107 -416 -8 ) (1408 -416 -8 ) 
4 27 28 (1556.860107 -336 -288 ) (1556.860107 -416 -288 ) (1400 -416 -288 ) (1400 -336 -288 ) 
4 28 31 (1408 -416 -296 ) (1556.860107 -416 -296 ) (1556.860107 -416 -288 ) (1408 -416 -288 ) 
4 28 29 (1488.998901 -96 -288 ) (1556.860107 -148.057907 -288 ) (1556.860107 -148.057907 -296 ) (1488.998901 -96 -296 ) 
4 28 30 (1405.570313 -32 -296 ) (1405.570313 -32 -288 ) (1416 -40 -288 ) (1416 -40 -296 ) 
4 32 75 (1024 -1024 -96 ) (1024 -1024 16 ) (1024 0 16 ) (1024 0 -96 ) 
4 32 71 (1024 -1024 16 ) (1024 -1024 32 ) (1024 -912 32 ) (1024 -912 16 ) 
4 32 70 (1024 -1024 32 ) (1024 -1024 736 ) (1024 -912 736 ) (1024 -912 32 ) 
4 32 66 (1024 -912 736 ) (1024 0 736 ) (1024 0 16 ) (1024 -912 16 ) 
4 32 39 (1024 -1024 736 ) (1024 -1024 -96 ) (1392 -1024 -96 ) (1392 -1024 736 ) 
4 32 33 (1364.860107 0 -96 ) (1392 0 -96 ) (1392 -320 -96 ) (1364.860107 -320 -96 ) 
4 32 35 (1392 -336 -96 ) (1392 -1024 -96 ) (1364.860107 -1024 -96 ) (1364.860107 -336 -96 ) 
4 32 36 (1024 0 -96 ) (1364.860107 0 -96 ) (1364.860107 -1024 -96 ) (1024 -1024 -96 ) 
4 33 38 (1364.860107 0 -288 ) (1384 0 -288 ) (1384 -320 -288 ) (1364.860107 -320 -288 ) 
4 33 34 (1364.860107 -320 -112 ) (1364.860107 -320 -288 ) (1392 -320 -288 ) (1392 -320 -112 ) 
4 33 36 (1364.860107 0 -288 ) (1364.860107 -320 -288 ) (1364.860107 -320 -96 ) (1364.860107 0 -96 ) 
4 34 38 (1384 -336 -288 ) (1364.860107 -336 -288 ) (1364.860107 -320 -288 ) (1384 -320 -288 ) 
4 34 36 (1364.860107 -320 -288 ) (1364.860107 -336 -288 ) (1364.860107 -336 -112 ) (1364.860107 -320 -112 ) 
4 34 35 (1364.860107 -336 -112 ) (1364.860107 -336 -288 ) (1392 -336 -288 ) (1392 -336 -112 ) 
4 35 39 (1364.860107 -1024 -288 ) (1392 -1024 -288 ) (1392 -1024 -96 ) (1364.860107 -1024 -96 ) 
4 35 37 (1392 -432 -288 ) (1392 -1024 -288 ) (1384 -1024 -288 ) (1384 -432 -288 ) 
4 35 38 (1384 -1024 -288 ) (1364.860107 -1024 -288 ) (1364.860107 -336 -288 ) (1384 -336 -288 ) 
4 35 36 (1364.860107 -336 -288 ) (1364.860107 -1024 -288 ) (1364.860107 -1024 -96 ) (1364.860107 -336 -96 ) 
4 36 75 (1024 -1024 -288 ) (1024 -1024 -96 ) (1024 0 -96 ) (1024 0 -288 ) 
4 36 39 (1024 -1024 -96 ) (1024 -1024 -288 ) (1364.860107 -1024 -288 ) (1364.860107 -1024 -96 ) 
4 36 38 (1024 -1024 -288 ) (1024 0 -288 ) (1364.860107 0 -288 ) (1364.860107 -1024 -288 ) 
4 37 39 (1384 -1024 -320 ) (1392 -1024 -320 ) (1392 -1024 -288 ) (1384 -1024 -288 ) 
4 37 38 (1384 -432 -320 ) (1384 -1024 -320 ) (1384 -1024 -288 ) (1384 -432 -288 ) 
4 38 75 (1024 -1024 -320 ) (1024 -1024 -288 ) (1024 0 -288 ) (1024 0 -320 ) 
4 38 39 (1024 -1024 -288 ) (1024 -1024 -320 ) (1384 -1024 -320 ) (1384 -1024 -288 ) 
4 39 94 (1024 -1776 -320 ) (1024 -1776 16 ) (1024 -1024 16 ) (1024 -1024 -320 ) 
4 39 90 (1024 -1776 16 ) (1024 -1776 736 ) (1024 -1136 736 ) (1024 -1136 16 ) 
4 39 86 (1024 -1136 736 ) (1024 -1024 736 ) (1024 -1024 16 ) (1024 -1136 16 ) 
4 40 75 (1024 0 -320 ) (1024 0 16 ) (0 0 16 ) (0 0 -320 ) 
4 40 67 (840 0 736 ) (648 0 736 ) (648 0 16 ) (840 0 16 ) 
4 40 66 (1024 0 16 ) (1024 0 736 ) (840 0 736 ) (840 0 16 ) 
4 40 69 (648 0 736 ) (0 0 736 ) (0 0 16 ) (648 0 16 ) 
4 40 41 (0 0 -320 ) (0 0 736 ) (0 416 736 ) (0 416 -320 ) 
4 41 79 (-768 0 224 ) (-768 0 -320 ) (-24 0 -320 ) (-24 0 224 ) 
4 41 77 (-24 0 736 ) (-664 0 736 ) (-664 0 224 ) (-24 0 224 ) 
4 41 78 (-664 0 736 ) (-768 0 736 ) (-768 0 224 ) (-664 0 224 ) 
4 41 76 (0 0 -320 ) (0 0 736 ) (-24 0 736 ) (-24 0 -320 ) 
3 42 80 (736 -1024 1560 ) (608 -1024 1504 ) (864 -1024 1504 ) 
4 42 43 (856 -1024 1504 ) (616 -1024 1504 ) (616 -576 1504 ) (856 -576 1504 ) 
4 43 81 (856 -1024 1504 ) (616 -1024 1504 ) (616 -1024 1432 ) (856 -1024 1432 ) 
4 43 44 (616 -576 1432 ) (856 -576 1432 ) (856 -1024 1432 ) (616 -1024 1432 ) 
4 44 82 (960 -1024 1432 ) (560 -1024 1432 ) (560 -1024 1360 ) (960 -1024 1360 ) 
4 44 55 (960 -768 1360 ) (960 -1024 1360 ) (560 -1024 1360 ) (560 -768 1360 ) 
4 44 50 (960 -704 1360 ) (960 -768 1360 ) (560 -768 1360 ) (560 -704 1360 ) 
4 44 49 (960 -672 1360 ) (960 -704 1360 ) (560 -704 1360 ) (560 -672 1360 ) 
4 44 46 (960 -608 1360 ) (960 -672 1360 ) (560 -672 1360 ) (560 -608 1360 ) 
4 44 45 (560 -576 1360 ) (960 -576 1360 ) (960 -608 1360 ) (560 -608 1360 ) 
4 45 62 (560 -576 1264 ) (960 -576 1264 ) (960 -608 1264 ) (560 -608 1264 ) 
4 45 46 (560 -608 1264 ) (960 -608 1264 ) (960 -608 1360 ) (560 -608 1360 ) 
4 46 62 (560 -608 1264 ) (960 -608 1264 ) (960 -672 1264 ) (560 -672 1264 ) 
4 46 49 (560 -672 1264 ) (960 -672 1264 ) (960 -672 1360 ) (560 -672 1360 ) 
4 46 47 (552 -608 1360 ) (552 -608 1264 ) (552 -672 1264 ) (552 -672 1360 ) 
4 47 48 (550 -608 1360 ) (550 -608 1264 ) (550 -672 1264 ) (550 -672 1360 ) 
4 49 62 (560 -672 1264 ) (960 -672 1264 ) (960 -704 1264 ) (560 -704 1264 ) 
4 49 50 (560 -704 1264 ) (960 -704 1264 ) (960 -704 1360 ) (560 -704 1360 ) 
4 50 62 (560 -704 1264 ) (960 -704 1264 ) (960 -768 1264 ) (560 -768 1264 ) 
4 50 55 (560 -768 1264 ) (960 -768 1264 ) (960 -768 1360 ) (560 -768 1360 ) 
4 50 51 (555 -704 1358.004272 ) (555 -704 1264 ) (555 -768 1264 ) (555 -768 1354.652100 ) 
4 51 52 (553 -704 1358.004517 ) (553 -704 1264 ) (553 -768 1264 ) (553 -768 1354.652344 ) 
4 52 53 (552 -704 1360 ) (552 -704 1264 ) (552 -768 1264 ) (552 -768 1360 ) 
4 53 54 (550 -704 1360 ) (550 -704 1264 ) (550 -768 1264 ) (550 -768 1360 ) 
4 55 82 (960 -1024 1360 ) (560 -1024 1360 ) (560 -1024 1264 ) (960 -1024 1264 ) 
4 55 62 (960 -1024 1264 ) (560 -1024 1264 ) (560 -768 1264 ) (960 -768 1264 ) 
4 55 59 (560 -896 1264 ) (560 -960 1264 ) (560 -960 1360 ) (560 -896 1360 ) 
4 55 56 (560 -800 1264 ) (560 -864 1264 ) (560 -864 1360 ) (560 -800 1360 ) 
4 56 57 (552 -800 1360 ) (552 -800 1264 ) (552 -864 1264 ) (552 -864 1360 ) 
4 57 58 (550 -800 1360 ) (550 -800 1264 ) (550 -864 1264 ) (550 -864 1360 ) 
4 59 60 (552 -896 1360 ) (552 -896 1264 ) (552 -960 1264 ) (552 -960 1360 ) 
4 60 61 (550 -896 1360 ) (550 -896 1264 ) (550 -960 1264 ) (550 -960 1360 ) 
4 62 82 (960 -1024 1264 ) (560 -1024 1264 ) (560 -1024 1184 ) (960 -1024 1184 ) 
4 62 63 (864 -1024 1184 ) (608 -1024 1184 ) (608 -864 1184 ) (864 -864 1184 ) 
4 63 83 (864 -1024 1184 ) (608 -1024 1184 ) (608 -1024 1168 ) (864 -1024 1168 ) 
4 63 64 (864 -1024 1168 ) (608 -1024 1168 ) (608 -864 1168 ) (864 -864 1168 ) 
4 64 84 (904 -1024 1168 ) (496.217987 -1024 1168 ) (496.217987 -1024 744 ) (904 -1024 744 ) 
4 64 65 (897 -1024 744 ) (496.217987 -1024 744 ) (496.217987 -760 744 ) (897 -760 744 ) 
4 65 85 (897 -1024 744 ) (496.217987 -1024 744 ) (496.217987 -1024 736 ) (897 -1024 736 ) 
4 65 70 (897 -1024 736 ) (496.217987 -1024 736 ) (496.217987 -912 736 ) (897 -912 736 ) 
4 65 68 (840 -896 736 ) (840 -912 736 ) (648 -912 736 ) (648 -896 736 ) 
4 65 67 (648 -760 736 ) (840 -760 736 ) (840 -896 736 ) (648 -896 736 ) 
4 65 66 (840 -760 736 ) (897 -760 736 ) (897 -912 736 ) (840 -912 736 ) 
4 65 69 (496.217987 -912 736 ) (496.217987 -760 736 ) (648 -760 736 ) (648 -912 736 ) 
4 66 75 (840 0 16 ) (1024 0 16 ) (1024 -912 16 ) (840 -912 16 ) 
4 66 71 (856 -912 16 ) (1024 -912 16 ) (1024 -912 32 ) (856 -912 32 ) 
4 66 70 (1024 -912 32 ) (1024 -912 736 ) (840 -912 736 ) (840 -912 32 ) 
4 66 68 (840 -912 32 ) (840 -912 736 ) (840 -896 736 ) (840 -896 32 ) 
4 66 67 (840 0 16 ) (840 -896 16 ) (840 -896 736 ) (840 0 736 ) 
4 67 75 (648 0 16 ) (840 0 16 ) (840 -896 16 ) (648 -896 16 ) 
4 67 68 (648 -896 736 ) (648 -896 32 ) (840 -896 32 ) (840 -896 736 ) 
4 67 69 (648 0 16 ) (648 -896 16 ) (648 -896 736 ) (648 0 736 ) 
4 68 70 (840 -912 32 ) (840 -912 736 ) (648 -912 736 ) (648 -912 32 ) 
4 68 69 (648 -912 32 ) (648 -912 736 ) (648 -896 736 ) (648 -896 32 ) 
4 69 76 (0 -912 736 ) (0 0 736 ) (0 0 16 ) (0 -912 16 ) 
4 69 75 (0 -912 16 ) (0 0 16 ) (648 0 16 ) (648 -912 16 ) 
4 69 74 (0 -912 16 ) (632 -912 16 ) (632 -912 32 ) (0 -912 32 ) 
4 69 70 (648 -912 32 ) (648 -912 736 ) (0 -912 736 ) (0 -912 32 ) 
4 70 87 (648 -1024 736 ) (632 -1024 736 ) (632 -1024 32 ) (648 -1024 32 ) 
4 70 86 (1024 -1024 32 ) (1024 -1024 736 ) (648 -1024 736 ) (648 -1024 32 ) 
4 70 89 (632 -1024 736 ) (0 -1024 736 ) (0 -1024 32 ) (632 -1024 32 ) 
4 70 76 (0 -1024 32 ) (0 -1024 736 ) (0 -912 736 ) (0 -912 32 ) 
4 70 74 (0 -1024 32 ) (0 -912 32 ) (632 -912 32 ) (632 -1024 32 ) 
4 70 72 (856 -952 32 ) (856 -1024 32 ) (840 -1024 32 ) (840 -952 32 ) 
4 70 71 (856 -912 32 ) (1024 -912 32 ) (1024 -1024 32 ) (856 -1024 32 ) 
4 70 73 (648 -912 32 ) (840 -912 32 ) (840 -1024 32 ) (648 -1024 32 ) 
4 71 86 (1024 -1024 16 ) (1024 -1024 32 ) (856 -1024 32 ) (856 -1024 16 ) 
4 71 75 (856 -912 16 ) (1024 -912 16 ) (1024 -1024 16 ) (856 -1024 16 ) 
4 71 72 (856 -1024 32 ) (856 -952 32 ) (856 -952 16 ) (856 -1024 16 ) 
4 72 86 (856 -1024 32 ) (840 -1024 32 ) (840 -1024 16 ) (856 -1024 16 ) 
4 72 75 (856 -952 16 ) (856 -1024 16 ) (840 -1024 16 ) (840 -952 16 ) 
4 72 73 (840 -1024 32 ) (840 -952 32 ) (840 -952 16 ) (840 -1024 16 ) 
4 73 86 (840 -1024 32 ) (648 -1024 32 ) (648 -1024 16 ) (840 -1024 16 ) 
4 73 75 (648 -912 16 ) (840 -912 16 ) (840 -1024 16 ) (648 -1024 16 ) 
4 74 89 (632 -1024 32 ) (0 -1024 32 ) (0 -1024 16 ) (632 -1024 16 ) 
4 74 76 (0 -1024 16 ) (0 -1024 32 ) (0 -912 32 ) (0 -912 16 ) 
4 74 75 (0 -1024 16 ) (0 -912 16 ) (632 -912 16 ) (632 -1024 16 ) 
4 75 94 (1024 -1024 -320 ) (1024 -1024 16 ) (0 -1024 16 ) (0 -1024 -320 ) 
4 75 76 (0 -1024 -320 ) (0 -1024 16 ) (0 0 16 ) (0 0 -320 ) 
4 76 95 (0 -1024 -320 ) (0 -1024 736 ) (-24 -1024 736 ) (-24 -1024 -320 ) 
4 76 79 (-24 0 -320 ) (-24 -882 -320 ) (-24 -882 224 ) (-24 0 224 ) 
4 76 77 (-24 -639.529053 736 ) (-24 0 736 ) (-24 0 224 ) (-24 -639.528992 224 ) 
4 77 79 (-664 0 224 ) (-24 0 224 ) (-24 -639.528992 224 ) (-664 -444.705933 224 ) 
4 77 78 (-664 0 224 ) (-664 -444.705994 224 ) (-664 -444.705933 736 ) (-664 0 736 ) 
4 78 97 (-664 -1024 736 ) (-768 -1024 736 ) (-768 -1024 224 ) (-664 -1024 224 ) 
4 78 79 (-768 -882 224 ) (-768 0 224 ) (-664 0 224 ) (-664 -882 224 ) 
4 80 81 (616 -1024 1504 ) (856 -1024 1504 ) (856 -1184 1504 ) (616 -1184 1504 ) 
4 81 82 (616 -1024 1432 ) (856 -1024 1432 ) (856 -1184 1432 ) (616 -1184 1432 ) 
4 82 83 (608 -1024 1184 ) (864 -1024 1184 ) (864 -1120 1184 ) (608 -1120 1184 ) 
4 83 84 (608 -1024 1168 ) (864 -1024 1168 ) (864 -1120 1168 ) (608 -1120 1168 ) 
4 84 85 (496.217987 -1024 744 ) (897 -1024 744 ) (897 -1152 744 ) (496.217987 -1152 744 ) 
4 85 90 (872 -1136 736 ) (897 -1136 736 ) (897 -1168 736 ) (872 -1168 736 ) 
4 85 93 (496.217987 -1168 736 ) (496.217987 -1136 736 ) (616 -1136 736 ) (616 -1168 736 ) 
4 85 87 (632 -1024 736 ) (648 -1024 736 ) (648 -1104 736 ) (632 -1104 736 ) 
4 85 88 (648 -1104 736 ) (648 -1136 736 ) (632 -1136 736 ) (632 -1104 736 ) 
4 85 86 (648 -1024 736 ) (897 -1024 736 ) (897 -1136 736 ) (648 -1136 736 ) 
4 85 89 (496.217987 -1136 736 ) (496.217987 -1024 736 ) (632 -1024 736 ) (632 -1136 736 ) 
4 86 94 (648 -1024 16 ) (1024 -1024 16 ) (1024 -1136 16 ) (648 -1136 16 ) 
4 86 91 (648 -1136 16 ) (872 -1136 16 ) (872 -1136 480 ) (648 -1136 480 ) 
4 86 90 (872 -1136 16 ) (1024 -1136 16 ) (1024 -1136 736 ) (872 -1136 736 ) 
4 86 87 (648 -1104 32 ) (648 -1104 736 ) (648 -1024 736 ) (648 -1024 32 ) 
4 86 88 (648 -1104 16 ) (648 -1136 16 ) (648 -1136 736 ) (648 -1104 736 ) 
4 87 88 (632 -1104 736 ) (632 -1104 32 ) (648 -1104 32 ) (648 -1104 736 ) 
4 87 89 (632 -1104 32 ) (632 -1104 736 ) (632 -1024 736 ) (632 -1024 32 ) 
4 88 94 (648 -1104 16 ) (648 -1136 16 ) (632 -1136 16 ) (632 -1104 16 ) 
4 88 91 (632 -1136 16 ) (648 -1136 16 ) (648 -1136 480 ) (632 -1136 480 ) 
4 88 89 (632 -1104 16 ) (632 -1136 16 ) (632 -1136 736 ) (632 -1104 736 ) 
4 89 95 (0 -1024 736 ) (0 -1024 16 ) (0 -1136 16 ) (0 -1136 736 ) 
4 89 94 (0 -1136 16 ) (0 -1024 16 ) (632 -1024 16 ) (632 -1136 16 ) 
4 89 91 (616 -1136 16 ) (632 -1136 16 ) (632 -1136 480 ) (616 -1136 480 ) 
4 89 93 (0 -1136 16 ) (616 -1136 16 ) (616 -1136 736 ) (0 -1136 736 ) 
4 90 94 (1024 -1776 16 ) (872 -1776 16 ) (872 -1136 16 ) (1024 -1136 16 ) 
4 90 91 (872 -1136 480 ) (872 -1136 16 ) (872 -1200 16 ) (872 -1200 480 ) 
4 90 92 (872 -1200 16 ) (872 -1776 16 ) (872 -1776 736 ) (872 -1200 736 ) 
4 91 94 (616 -1200 16 ) (616 -1136 16 ) (872 -1136 16 ) (872 -1200 16 ) 
4 91 92 (616 -1200 480 ) (616 -1200 16 ) (872 -1200 16 ) (872 -1200 480 ) 
4 91 93 (616 -1136 480 ) (616 -1136 16 ) (616 -1200 16 ) (616 -1200 480 ) 
4 92 94 (872 -1776 16 ) (616 -1776 16 ) (616 -1200 16 ) (872 -1200 16 ) 
4 92 93 (616 -1200 16 ) (616 -1776 16 ) (616 -1776 736 ) (616 -1200 736 ) 
4 93 95 (0 -1136 16 ) (0 -1776 16 ) (0 -1776 736 ) (0 -1136 736 ) 
4 93 94 (616 -1776 16 ) (0 -1776 16 ) (0 -1136 16 ) (616 -1136 16 ) 
4 94 95 (0 -1024 16 ) (0 -1024 -320 ) (0 -1776 -320 ) (0 -1776 16 ) 
4 95 98 (-24 -1104 -320 ) (-24 -1776 -320 ) (-24 -1776 224 ) (-24 -1104 224 ) 
4 95 96 (-24 -1776 224 ) (-24 -1776 736 ) (-24 -1735.410034 736 ) (-24 -1735.410034 224 ) 
4 96 98 (-24 -1735.410034 224 ) (-24 -1776 224 ) (-664 -1776 224 ) (-664 -1735.410034 224 ) 
4 96 97 (-664 -1735.410034 224 ) (-664 -1776 224 ) (-664 -1776 736 ) (-664 -1735.410034 736 ) 
4 97 98 (-768 -1776 224 ) (-768 -1104 224 ) (-664 -1104 224 ) (-664 -1776 224 ) 
